0.1 2.08453e-17 -0.015872 -9.6506e-20
0.2 2.22741e-17 -0.0319915 -1.03121e-19
0.3 -8.42642e-18 -0.0483704 3.90112e-20
0.4 6.92276e-17 -0.0650216 -3.20498e-19
0.5 9.83802e-17 -0.0819595 -4.55464e-19
0.6 1.67659e-17 -0.099208 -7.76199e-20
0.7 2.22597e-16 -0.116893 -1.03054e-18
0.8 1.8018e-16 -0.135168 -8.34168e-19
0.9 1.91067e-16 -0.153898 -8.8457e-19
1 1.47102e-16 -0.173045 -6.81026e-19
0.005 9.10289e-07 -0.173045 -3.16073e-09
0.01 4.55492e-06 -0.173045 -1.58157e-08
0.015 1.18544e-05 -0.173045 -4.11612e-08
0.02 2.28222e-05 -0.173045 -7.92437e-08
0.025 3.74713e-05 -0.173045 -1.30109e-07
0.03 5.58143e-05 -0.173045 -1.93799e-07
0.035 7.78633e-05 -0.173045 -2.70358e-07
0.04 0.00010363 -0.173045 -3.59825e-07
0.045 0.000133125 -0.173046 -4.62239e-07
0.05 0.00016636 -0.173046 -5.77638e-07
0.055 0.000203345 -0.173046 -7.06057e-07
0.06 0.000244089 -0.173046 -8.4753e-07
0.065 0.000288602 -0.173046 -1.00209e-06
0.07 0.000336893 -0.173046 -1.16976e-06
0.075 0.000388969 -0.173046 -1.35058e-06
0.08 0.00044484 -0.173046 -1.54458e-06
0.085 0.000504513 -0.173047 -1.75178e-06
0.09 0.000567998 -0.173047 -1.97221e-06
0.095 0.000635299 -0.173047 -2.20589e-06
0.1 0.000706422 -0.173047 -2.45285e-06
0.105 0.000781371 -0.173047 -2.71308e-06
0.11 0.000860152 -0.173048 -2.98663e-06
0.115 0.00094277 -0.173048 -3.2735e-06
0.12 0.00102923 -0.173048 -3.57371e-06
0.125 0.00111954 -0.173049 -3.88727e-06
0.13 0.0012137 -0.173049 -4.21421e-06
0.135 0.00131171 -0.173049 -4.55454e-06
0.14 0.00141358 -0.173049 -4.90825e-06
0.145 0.00151931 -0.17305 -5.27536e-06
0.15 0.0016289 -0.17305 -5.65588e-06
0.155 0.00174235 -0.17305 -6.0498e-06
0.16 0.00185967 -0.173051 -6.45714e-06
0.165 0.00198085 -0.173051 -6.8779e-06
0.17 0.00210589 -0.173052 -7.31206e-06
0.175 0.00223479 -0.173052 -7.75964e-06
0.18 0.00236756 -0.173052 -8.22063e-06
0.185 0.00250418 -0.173053 -8.69502e-06
0.19 0.00264467 -0.173053 -9.18282e-06
0.195 0.00278902 -0.173054 -9.684e-06
0.2 0.00293721 -0.173054 -1.01986e-05
0.205 0.00308926 -0.173055 -1.07265e-05
0.21 0.00324515 -0.173055 -1.12678e-05
0.215 0.00340487 -0.173055 -1.18224e-05
0.22 0.00356843 -0.173056 -1.23903e-05
0.225 0.00373583 -0.173057 -1.29715e-05
0.23 0.00390706 -0.173057 -1.3566e-05
0.235 0.00408211 -0.173058 -1.41738e-05
0.24 0.00426095 -0.173058 -1.47948e-05
0.245 0.00444359 -0.173059 -1.5429e-05
0.25 0.00463003 -0.173059 -1.60763e-05
0.255 0.00482027 -0.17306 -1.67368e-05
0.26 0.00501429 -0.17306 -1.74105e-05
0.265 0.00521208 -0.173061 -1.80973e-05
0.27 0.00541365 -0.173062 -1.87971e-05
0.275 0.00561897 -0.173062 -1.951e-05
0.28 0.00582803 -0.173063 -2.02359e-05
0.285 0.00604083 -0.173064 -2.09748e-05
0.29 0.00625735 -0.173064 -2.17266e-05
0.295 0.00647759 -0.173065 -2.24913e-05
0.3 0.00670156 -0.173066 -2.32689e-05
0.305 0.00692923 -0.173066 -2.40594e-05
0.31 0.00716059 -0.173067 -2.48627e-05
0.315 0.00739562 -0.173068 -2.56788e-05
0.32 0.00763431 -0.173068 -2.65076e-05
0.325 0.00787664 -0.173069 -2.73489e-05
0.33 0.00812259 -0.17307 -2.82029e-05
0.335 0.00837216 -0.173071 -2.90694e-05
0.34 0.00862533 -0.173071 -2.99485e-05
0.345 0.00888208 -0.173072 -3.08399e-05
0.35 0.00914239 -0.173073 -3.17437e-05
0.355 0.00940624 -0.173074 -3.26598e-05
0.36 0.00967365 -0.173075 -3.35883e-05
0.365 0.0099446 -0.173075 -3.45291e-05
0.37 0.0102191 -0.173076 -3.5482e-05
0.375 0.010497 -0.173077 -3.6447e-05
0.38 0.0107784 -0.173078 -3.7424e-05
0.385 0.0110632 -0.173079 -3.84129e-05
0.39 0.0113514 -0.17308 -3.94137e-05
0.395 0.0116431 -0.173081 -4.04264e-05
0.4 0.0119382 -0.173082 -4.14508e-05
0.405 0.0122366 -0.173083 -4.24871e-05
0.41 0.0125384 -0.173083 -4.3535e-05
0.415 0.0128436 -0.173084 -4.45946e-05
0.42 0.0131521 -0.173085 -4.56656e-05
0.425 0.0134639 -0.173086 -4.67482e-05
0.43 0.0137789 -0.173087 -4.7842e-05
0.435 0.0140972 -0.173088 -4.89472e-05
0.44 0.0144187 -0.173089 -5.00634e-05
0.445 0.0147435 -0.17309 -5.11908e-05
0.45 0.0150714 -0.173091 -5.23293e-05
0.455 0.0154024 -0.173092 -5.34787e-05
0.46 0.0157366 -0.173093 -5.4639e-05
0.465 0.0160739 -0.173094 -5.58101e-05
0.47 0.0164143 -0.173095 -5.69918e-05
0.475 0.0167577 -0.173096 -5.81842e-05
0.48 0.0171042 -0.173097 -5.93871e-05
0.485 0.0174536 -0.173099 -6.06004e-05
0.49 0.0178061 -0.1731 -6.18241e-05
0.495 0.0181615 -0.173101 -6.3058e-05
0.5 0.0185198 -0.173102 -6.43022e-05
0.505 0.0188811 -0.173103 -6.55564e-05
0.51 0.0192452 -0.173104 -6.68205e-05
0.515 0.0196121 -0.173105 -6.80946e-05
0.52 0.0199819 -0.173106 -6.93784e-05
0.525 0.0203545 -0.173107 -7.06721e-05
0.53 0.0207299 -0.173109 -7.19753e-05
0.535 0.021108 -0.17311 -7.3288e-05
0.54 0.0214887 -0.173111 -7.461e-05
0.545 0.0218722 -0.173112 -7.59413e-05
0.55 0.0222583 -0.173113 -7.72817e-05
0.555 0.0226469 -0.173114 -7.8631e-05
0.56 0.0230381 -0.173116 -7.99893e-05
0.565 0.0234319 -0.173117 -8.13563e-05
0.57 0.0238281 -0.173118 -8.27319e-05
0.575 0.0242267 -0.173119 -8.41158e-05
0.58 0.0246276 -0.173121 -8.55078e-05
0.585 0.0250308 -0.173122 -8.69076e-05
0.59 0.0254363 -0.173123 -8.83152e-05
0.595 0.0258441 -0.173124 -8.9731e-05
0.6 0.0262542 -0.173126 -9.11549e-05
0.605 0.0266667 -0.173127 -9.2587e-05
0.61 0.0270814 -0.173128 -9.40268e-05
0.615 0.0274983 -0.173129 -9.54742e-05
0.62 0.0279174 -0.173131 -9.69293e-05
0.625 0.0283387 -0.173132 -9.8392e-05
0.63 0.0287622 -0.173133 -9.98623e-05
0.635 0.0291879 -0.173135 -0.00010134
0.64 0.0296155 -0.173136 -0.000102825
0.645 0.0300452 -0.173137 -0.000104316
0.65 0.0304769 -0.173139 -0.000105815
0.655 0.0309105 -0.17314 -0.000107321
0.66 0.031346 -0.173141 -0.000108832
0.665 0.0317832 -0.173143 -0.00011035
0.67 0.0322222 -0.173144 -0.000111874
0.675 0.0326628 -0.173145 -0.000113404
0.68 0.0331052 -0.173147 -0.00011494
0.685 0.0335494 -0.173148 -0.000116482
0.69 0.0339952 -0.173149 -0.00011803
0.695 0.0344426 -0.173151 -0.000119583
0.7 0.0348916 -0.173152 -0.000121142
0.705 0.0353421 -0.173154 -0.000122706
0.71 0.0357941 -0.173155 -0.000124275
0.715 0.0362476 -0.173156 -0.000125849
0.72 0.0367026 -0.173158 -0.000127429
0.725 0.0371589 -0.173159 -0.000129013
0.73 0.0376166 -0.173161 -0.000130602
0.735 0.0380755 -0.173162 -0.000132195
0.74 0.0385356 -0.173163 -0.000133793
0.745 0.0389969 -0.173165 -0.000135394
0.75 0.0394592 -0.173166 -0.000136999
0.755 0.0399224 -0.173168 -0.000138607
0.76 0.0403867 -0.173169 -0.000140219
0.765 0.0408519 -0.173171 -0.000141834
0.77 0.041318 -0.173172 -0.000143452
0.775 0.041785 -0.173173 -0.000145073
0.78 0.042253 -0.173175 -0.000146698
0.785 0.0427219 -0.173176 -0.000148325
0.79 0.0431917 -0.173178 -0.000149956
0.795 0.0436623 -0.173179 -0.00015159
0.8 0.0441335 -0.173181 -0.000153226
0.805 0.0446055 -0.173182 -0.000154864
0.81 0.045078 -0.173184 -0.000156505
0.815 0.0455511 -0.173185 -0.000158147
0.82 0.0460247 -0.173187 -0.000159791
0.825 0.0464987 -0.173188 -0.000161437
0.83 0.0469731 -0.173189 -0.000163083
0.835 0.0474479 -0.173191 -0.000164732
0.84 0.0479231 -0.173192 -0.000166381
0.845 0.0483986 -0.173194 -0.000168032
0.85 0.0488744 -0.173195 -0.000169684
0.855 0.0493504 -0.173197 -0.000171336
0.86 0.0498268 -0.173198 -0.00017299
0.865 0.0503034 -0.1732 -0.000174645
0.87 0.0507802 -0.173201 -0.0001763
0.875 0.051257 -0.173203 -0.000177955
0.88 0.0517338 -0.173204 -0.00017961
0.885 0.0522106 -0.173206 -0.000181265
0.89 0.0526874 -0.173207 -0.00018292
0.895 0.0531641 -0.173209 -0.000184575
0.9 0.0536409 -0.17321 -0.00018623
0.905 0.0541175 -0.173212 -0.000187885
0.91 0.054594 -0.173213 -0.000189539
0.915 0.0550702 -0.173215 -0.000191192
0.92 0.0555462 -0.173216 -0.000192844
0.925 0.0560217 -0.173217 -0.000194495
0.93 0.0564968 -0.173219 -0.000196144
0.935 0.0569716 -0.17322 -0.000197792
0.94 0.057446 -0.173222 -0.000199439
0.945 0.0579199 -0.173223 -0.000201084
0.95 0.0583932 -0.173225 -0.000202727
0.955 0.0588658 -0.173226 -0.000204368
0.96 0.0593379 -0.173228 -0.000206006
0.965 0.0598093 -0.173229 -0.000207643
0.97 0.0602801 -0.173231 -0.000209277
0.975 0.06075 -0.173232 -0.000210908
0.98 0.061219 -0.173234 -0.000212536
0.985 0.061687 -0.173235 -0.000214161
0.99 0.0621538 -0.173236 -0.000215781
0.995 0.0626196 -0.173238 -0.000217398
1 0.0630843 -0.173239 -0.000219011
1.005 0.063548 -0.173241 -0.000220621
1.01 0.0640108 -0.173242 -0.000222227
1.015 0.0644725 -0.173244 -0.00022383
1.02 0.0649331 -0.173245 -0.000225428
1.025 0.0653925 -0.173247 -0.000227023
1.03 0.0658507 -0.173248 -0.000228614
1.035 0.0663077 -0.173249 -0.0002302
1.04 0.0667634 -0.173251 -0.000231782
1.045 0.0672176 -0.173252 -0.000233359
1.05 0.0676703 -0.173254 -0.00023493
1.055 0.0681212 -0.173255 -0.000236495
1.06 0.0685703 -0.173256 -0.000238054
1.065 0.0690177 -0.173258 -0.000239607
1.07 0.0694634 -0.173259 -0.000241154
1.075 0.0699073 -0.173261 -0.000242695
1.08 0.0703491 -0.173262 -0.000244228
1.085 0.070789 -0.173263 -0.000245755
1.09 0.0712268 -0.173265 -0.000247275
1.095 0.0716627 -0.173266 -0.000248788
1.1 0.0720964 -0.173267 -0.000250293
1.105 0.0725281 -0.173269 -0.000251792
1.11 0.0729578 -0.17327 -0.000253283
1.115 0.0733854 -0.173271 -0.000254768
1.12 0.0738108 -0.173273 -0.000256244
1.125 0.0742338 -0.173274 -0.000257712
1.13 0.0746544 -0.173275 -0.000259172
1.135 0.0750728 -0.173277 -0.000260624
1.14 0.0754891 -0.173278 -0.000262069
1.145 0.0759031 -0.173279 -0.000263507
1.15 0.0763147 -0.173281 -0.000264935
1.155 0.0767235 -0.173282 -0.000266354
1.16 0.0771298 -0.173283 -0.000267764
1.165 0.0775334 -0.173284 -0.000269165
1.17 0.0779346 -0.173286 -0.000270558
1.175 0.0783334 -0.173287 -0.000271942
1.18 0.0787296 -0.173288 -0.000273317
1.185 0.0791232 -0.173289 -0.000274683
1.19 0.0795139 -0.173291 -0.00027604
1.195 0.0799017 -0.173292 -0.000277386
1.2 0.0802865 -0.173293 -0.000278721
1.205 0.0806682 -0.173294 -0.000280046
1.21 0.0810468 -0.173295 -0.00028136
1.215 0.0814222 -0.173297 -0.000282663
1.22 0.0817945 -0.173298 -0.000283955
1.225 0.0821637 -0.173299 -0.000285237
1.23 0.0825295 -0.1733 -0.000286506
1.235 0.082892 -0.173301 -0.000287765
1.24 0.0832515 -0.173302 -0.000289012
1.245 0.0836085 -0.173303 -0.000290252
1.25 0.083963 -0.173304 -0.000291482
1.255 0.0843144 -0.173306 -0.000292702
1.26 0.0846622 -0.173307 -0.000293909
1.265 0.0850064 -0.173308 -0.000295104
1.27 0.085347 -0.173309 -0.000296286
1.275 0.085684 -0.17331 -0.000297455
1.28 0.0860175 -0.173311 -0.000298613
1.285 0.0863474 -0.173312 -0.000299758
1.29 0.0866738 -0.173313 -0.000300891
1.295 0.0869965 -0.173314 -0.000302011
1.3 0.0873157 -0.173315 -0.000303119
1.305 0.0876314 -0.173316 -0.000304214
1.31 0.0879434 -0.173317 -0.000305297
1.315 0.0882517 -0.173318 -0.000306367
1.32 0.088556 -0.173319 -0.000307424
1.325 0.0888565 -0.17332 -0.000308466
1.33 0.0891531 -0.173321 -0.000309496
1.335 0.089446 -0.173322 -0.000310512
1.34 0.0897353 -0.173322 -0.000311517
1.345 0.090021 -0.173323 -0.000312508
1.35 0.0903026 -0.173324 -0.000313486
1.355 0.09058 -0.173325 -0.000314448
1.36 0.0908533 -0.173326 -0.000315397
1.365 0.0911224 -0.173327 -0.000316331
1.37 0.0913875 -0.173328 -0.000317251
1.375 0.0916483 -0.173328 -0.000318156
1.38 0.0919046 -0.173329 -0.000319046
1.385 0.0921565 -0.17333 -0.00031992
1.39 0.0924039 -0.173331 -0.000320779
1.395 0.0926469 -0.173332 -0.000321622
1.4 0.0928854 -0.173332 -0.00032245
1.405 0.0931195 -0.173333 -0.000323263
1.41 0.0933493 -0.173334 -0.00032406
1.415 0.0935746 -0.173335 -0.000324842
1.42 0.0937956 -0.173335 -0.000325609
1.425 0.094012 -0.173336 -0.00032636
1.43 0.0942238 -0.173337 -0.000327095
1.435 0.094431 -0.173337 -0.000327814
1.44 0.0946334 -0.173338 -0.000328517
1.445 0.0948311 -0.173338 -0.000329203
1.45 0.0950241 -0.173339 -0.000329873
1.455 0.0952125 -0.17334 -0.000330527
1.46 0.095396 -0.17334 -0.000331163
1.465 0.0955745 -0.173341 -0.000331783
1.47 0.0957483 -0.173341 -0.000332386
1.475 0.0959177 -0.173342 -0.000332974
1.48 0.0960825 -0.173342 -0.000333546
1.485 0.0962425 -0.173343 -0.000334102
1.49 0.0963975 -0.173343 -0.000334639
1.495 0.0965473 -0.173344 -0.000335159
1.5 0.0966921 -0.173344 -0.000335662
1.505 0.096832 -0.173345 -0.000336148
1.51 0.0969669 -0.173345 -0.000336616
1.515 0.0970965 -0.173346 -0.000337066
1.52 0.097221 -0.173346 -0.000337497
1.525 0.0973404 -0.173346 -0.000337912
1.53 0.0974552 -0.173347 -0.00033831
1.535 0.0975654 -0.173347 -0.000338693
1.54 0.0976706 -0.173347 -0.000339058
1.545 0.0977705 -0.173348 -0.000339404
1.55 0.0978647 -0.173348 -0.000339732
1.555 0.0979536 -0.173348 -0.00034004
1.56 0.0980373 -0.173349 -0.00034033
1.565 0.0981158 -0.173349 -0.000340603
1.57 0.0981891 -0.173349 -0.000340857
1.575 0.0982569 -0.173349 -0.000341093
1.58 0.0983191 -0.173349 -0.000341309
1.585 0.0983757 -0.17335 -0.000341505
1.59 0.0984264 -0.17335 -0.000341681
1.595 0.0984712 -0.17335 -0.000341837
1.6 0.0985106 -0.17335 -0.000341973
1.605 0.0985447 -0.17335 -0.000342091
1.61 0.0985734 -0.17335 -0.000342191
1.615 0.0985968 -0.17335 -0.000342272
1.62 0.0986145 -0.17335 -0.000342334
1.625 0.0986267 -0.17335 -0.000342376
1.63 0.0986334 -0.17335 -0.000342399
1.635 0.0986344 -0.17335 -0.000342403
1.64 0.0986295 -0.17335 -0.000342386
1.645 0.0986185 -0.17335 -0.000342348
1.65 0.0986012 -0.17335 -0.000342288
1.655 0.0985781 -0.17335 -0.000342207
1.66 0.0985494 -0.17335 -0.000342108
1.665 0.0985152 -0.17335 -0.000341989
1.67 0.0984754 -0.17335 -0.000341851
1.675 0.09843 -0.17335 -0.000341693
1.68 0.098379 -0.17335 -0.000341516
1.685 0.0983222 -0.17335 -0.000341319
1.69 0.0982592 -0.17335 -0.0003411
1.695 0.0981903 -0.17335 -0.000340861
1.7 0.0981155 -0.17335 -0.000340601
1.705 0.0980348 -0.17335 -0.000340321
1.71 0.0979484 -0.17335 -0.000340021
1.715 0.0978559 -0.17335 -0.0003397
1.72 0.097757 -0.17335 -0.000339356
1.725 0.0976515 -0.17335 -0.00033899
1.73 0.0975393 -0.17335 -0.000338601
1.735 0.0974205 -0.17335 -0.000338188
1.74 0.0972951 -0.17335 -0.000337753
1.745 0.0971636 -0.17335 -0.000337296
1.75 0.0970258 -0.17335 -0.000336817
1.755 0.0968815 -0.17335 -0.000336317
1.76 0.0967308 -0.17335 -0.000335793
1.765 0.0965737 -0.17335 -0.000335248
1.77 0.0964105 -0.17335 -0.000334681
1.775 0.0962412 -0.17335 -0.000334093
1.78 0.0960658 -0.17335 -0.000333484
1.785 0.0958842 -0.17335 -0.000332854
1.79 0.0956968 -0.17335 -0.000332203
1.795 0.0955035 -0.17335 -0.000331532
1.8 0.0953042 -0.17335 -0.00033084
1.805 0.0950989 -0.17335 -0.000330127
1.81 0.0948876 -0.17335 -0.000329393
1.815 0.09467 -0.17335 -0.000328638
1.82 0.094446 -0.17335 -0.00032786
1.825 0.0942156 -0.17335 -0.00032706
1.83 0.0939789 -0.17335 -0.000326238
1.835 0.0937361 -0.17335 -0.000325395
1.84 0.0934874 -0.17335 -0.000324531
1.845 0.0932325 -0.17335 -0.000323647
1.85 0.0929715 -0.17335 -0.00032274
1.855 0.0927042 -0.17335 -0.000321812
1.86 0.0924305 -0.17335 -0.000320862
1.865 0.0921509 -0.17335 -0.000319891
1.87 0.0918656 -0.17335 -0.0003189
1.875 0.0915745 -0.17335 -0.000317889
1.88 0.0912774 -0.17335 -0.000316858
1.885 0.0909741 -0.17335 -0.000315805
1.89 0.0906645 -0.17335 -0.00031473
1.895 0.0903487 -0.17335 -0.000313633
1.9 0.0900268 -0.17335 -0.000312515
1.905 0.089699 -0.17335 -0.000311377
1.91 0.0893653 -0.17335 -0.000310219
1.915 0.0890258 -0.17335 -0.00030904
1.92 0.0886807 -0.17335 -0.000307841
1.925 0.08833 -0.17335 -0.000306624
1.93 0.087974 -0.17335 -0.000305388
1.935 0.0876126 -0.17335 -0.000304133
1.94 0.0872456 -0.17335 -0.000302859
1.945 0.0868726 -0.17335 -0.000301563
1.95 0.0864938 -0.17335 -0.000300248
1.955 0.0861093 -0.17335 -0.000298913
1.96 0.0857194 -0.17335 -0.000297559
1.965 0.0853236 -0.17335 -0.000296185
1.97 0.0849214 -0.17335 -0.000294789
1.975 0.0845131 -0.17335 -0.000293371
1.98 0.0840987 -0.17335 -0.000291932
1.985 0.0836782 -0.17335 -0.000290472
1.99 0.0832515 -0.17335 -0.00028899
1.995 0.0828183 -0.17335 -0.000287486
2 0.0823792 -0.17335 -0.000285961
2.005 0.081935 -0.17335 -0.000284419
2.01 0.0814861 -0.17335 -0.00028286
2.015 0.0810322 -0.17335 -0.000281284
2.02 0.080573 -0.17335 -0.00027969
2.025 0.0801082 -0.17335 -0.000278076
2.03 0.0796382 -0.17335 -0.000276444
2.035 0.0791628 -0.17335 -0.000274793
2.04 0.0786821 -0.17335 -0.000273124
2.045 0.0781966 -0.17335 -0.000271438
2.05 0.0777066 -0.17335 -0.000269737
2.055 0.0772121 -0.17335 -0.00026802
2.06 0.0767128 -0.17335 -0.000266286
2.065 0.0762089 -0.17335 -0.000264537
2.07 0.0757 -0.17335 -0.00026277
2.075 0.0751861 -0.17335 -0.000260985
2.08 0.0746672 -0.17335 -0.000259184
2.085 0.0741436 -0.17335 -0.000257365
2.09 0.0736153 -0.17335 -0.000255531
2.095 0.0730829 -0.17335 -0.000253682
2.1 0.0725461 -0.17335 -0.000251819
2.105 0.0720045 -0.17335 -0.000249938
2.11 0.0714573 -0.17335 -0.000248038
2.115 0.0709048 -0.17335 -0.000246119
2.12 0.0703472 -0.17335 -0.000244183
2.125 0.0697847 -0.17335 -0.00024223
2.13 0.0692171 -0.17335 -0.000240259
2.135 0.0686436 -0.17335 -0.000238268
2.14 0.068064 -0.17335 -0.000236256
2.145 0.0674787 -0.17335 -0.000234223
2.15 0.0668883 -0.17335 -0.000232173
2.155 0.066293 -0.17335 -0.000230106
2.16 0.0656927 -0.17335 -0.000228022
2.165 0.0650874 -0.17335 -0.00022592
2.17 0.0644775 -0.17335 -0.000223803
2.175 0.0638631 -0.17335 -0.000221669
2.18 0.0632445 -0.17335 -0.000219521
2.185 0.0626215 -0.17335 -0.000217358
2.19 0.0619939 -0.17335 -0.000215179
2.195 0.0613619 -0.17335 -0.000212984
2.2 0.0607258 -0.17335 -0.000210776
2.205 0.0600862 -0.17335 -0.000208555
2.21 0.0594428 -0.173351 -0.000206321
2.215 0.0587949 -0.173351 -0.000204071
2.22 0.0581425 -0.173351 -0.000201806
2.225 0.0574867 -0.173351 -0.000199529
2.23 0.0568279 -0.173351 -0.000197242
2.235 0.0561657 -0.173351 -0.000194942
2.24 0.0554994 -0.173351 -0.000192629
2.245 0.0548288 -0.173351 -0.0001903
2.25 0.0541543 -0.173351 -0.000187958
2.255 0.0534756 -0.173351 -0.000185602
2.26 0.0527925 -0.173351 -0.00018323
2.265 0.0521051 -0.173351 -0.000180843
2.27 0.051414 -0.173351 -0.000178443
2.275 0.0507198 -0.173351 -0.000176033
2.28 0.0500221 -0.173351 -0.00017361
2.285 0.0493203 -0.173351 -0.000171173
2.29 0.0486139 -0.173351 -0.000168721
2.295 0.0479032 -0.173351 -0.000166253
2.3 0.0471888 -0.173351 -0.000163772
2.305 0.0464713 -0.173351 -0.000161281
2.31 0.0457513 -0.173351 -0.000158781
2.315 0.0450287 -0.173351 -0.000156272
2.32 0.0443032 -0.173351 -0.000153753
2.325 0.043575 -0.173351 -0.000151224
2.33 0.042844 -0.173351 -0.000148686
2.335 0.0421096 -0.173351 -0.000146136
2.34 0.0413714 -0.173351 -0.000143573
2.345 0.0406302 -0.173351 -0.000141
2.35 0.0398868 -0.173351 -0.000138418
2.355 0.0391409 -0.173351 -0.000135828
2.36 0.038392 -0.173351 -0.000133228
2.365 0.03764 -0.173351 -0.000130617
2.37 0.0368846 -0.173351 -0.000127994
2.375 0.0361258 -0.173351 -0.000125359
2.38 0.0353634 -0.173351 -0.000122712
2.385 0.0345981 -0.173351 -0.000120055
2.39 0.0338306 -0.173351 -0.00011739
2.395 0.0330609 -0.173351 -0.000114717
2.4 0.0322886 -0.173351 -0.000112035
2.405 0.0315129 -0.173351 -0.000109342
2.41 0.0307337 -0.173351 -0.000106637
2.415 0.0299513 -0.173351 -0.00010392
2.42 0.0291667 -0.173351 -0.000101196
2.425 0.0283807 -0.173351 -9.84665e-05
2.43 0.0275933 -0.173351 -9.57324e-05
2.435 0.0268037 -0.173351 -9.29908e-05
2.44 0.0260114 -0.173351 -9.024e-05
2.445 0.0252163 -0.173351 -8.74791e-05
2.45 0.0244183 -0.173352 -8.47084e-05
2.455 0.0236182 -0.173352 -8.193e-05
2.46 0.0228165 -0.173352 -7.91466e-05
2.465 0.0220134 -0.173352 -7.63579e-05
2.47 0.0212082 -0.173352 -7.35622e-05
2.475 0.0204008 -0.173352 -7.07585e-05
2.48 0.0195911 -0.173352 -6.79471e-05
2.485 0.0187792 -0.173353 -6.5128e-05
2.49 0.0179652 -0.173353 -6.23018e-05
2.495 0.0171494 -0.173353 -5.94692e-05
2.5 0.016332 -0.173353 -5.6631e-05
2.505 0.0155129 -0.173354 -5.37868e-05
2.51 0.0146918 -0.173354 -5.09361e-05
2.515 0.0138689 -0.173355 -4.80787e-05
2.52 0.0130445 -0.173355 -4.52161e-05
2.525 0.0122191 -0.173356 -4.23503e-05
2.53 0.0113933 -0.173357 -3.94832e-05
2.535 0.0105674 -0.173358 -3.66152e-05
2.54 0.00974081 -0.173359 -3.37453e-05
2.545 0.00891293 -0.17336 -3.08708e-05
2.55 0.00808295 -0.173361 -2.79889e-05
2.555 0.00725073 -0.173362 -2.50993e-05
2.56 0.00641689 -0.173363 -2.22039e-05
2.565 0.00558252 -0.173365 -1.93067e-05
2.57 0.00474828 -0.173367 -1.6409e-05
2.575 0.00391363 -0.17337 -1.35101e-05
2.58 0.00307764 -0.173372 -1.06073e-05
2.585 0.00224022 -0.173375 -7.6997e-06
2.59 0.0014021 -0.173377 -4.78963e-06
2.595 0.000563712 -0.17338 -1.87863e-06
2.6 -0.000275185 -0.173382 1.03411e-06
2.605 -0.00111481 -0.173385 3.94936e-06
2.61 -0.001955 -0.173387 6.86659e-06
2.615 -0.00279562 -0.17339 9.78529e-06
2.62 -0.00363668 -0.173393 1.27055e-05
2.625 -0.00447802 -0.173395 1.56267e-05
2.63 -0.00531918 -0.173398 1.85472e-05
2.635 -0.00615977 -0.1734 2.14657e-05
2.64 -0.007 -0.173403 2.4383e-05
2.645 -0.00784036 -0.173405 2.73008e-05
2.65 -0.00868121 -0.173408 3.02202e-05
2.655 -0.00952249 -0.173411 3.3141e-05
2.66 -0.0103636 -0.173413 3.60612e-05
2.665 -0.0112037 -0.173416 3.89781e-05
2.67 -0.0120427 -0.173418 4.18911e-05
2.675 -0.012881 -0.173421 4.48016e-05
2.68 -0.013719 -0.173423 4.77112e-05
2.685 -0.0145567 -0.173426 5.06195e-05
2.69 -0.0153939 -0.173429 5.35262e-05
2.695 -0.0162313 -0.173431 5.64333e-05
2.7 -0.0170692 -0.173434 5.93424e-05
2.705 -0.0179073 -0.173436 6.2252e-05
2.71 -0.0187446 -0.173439 6.51592e-05
2.715 -0.0195804 -0.173441 6.80608e-05
2.72 -0.0204145 -0.173444 7.09565e-05
2.725 -0.0212482 -0.173447 7.38513e-05
2.73 -0.0220833 -0.173449 7.67505e-05
2.735 -0.0229196 -0.173452 7.96537e-05
2.74 -0.0237557 -0.173454 8.25564e-05
2.745 -0.0245909 -0.173457 8.54562e-05
2.75 -0.0254258 -0.173459 8.83546e-05
2.755 -0.0262611 -0.173462 9.12546e-05
2.76 -0.0270973 -0.173465 9.41575e-05
2.765 -0.0279338 -0.173467 9.70618e-05
2.77 -0.0287697 -0.17347 9.99636e-05
2.775 -0.0296041 -0.173472 0.00010286
2.78 -0.0304367 -0.173475 0.000105751
2.785 -0.0312671 -0.173477 0.000108634
2.79 -0.0320952 -0.17348 0.000111508
2.795 -0.0329217 -0.173483 0.000114378
2.8 -0.033747 -0.173485 0.000117243
2.805 -0.0345705 -0.173488 0.000120102
2.81 -0.0353922 -0.17349 0.000122954
2.815 -0.0362128 -0.173493 0.000125803
2.82 -0.0370327 -0.173495 0.000128649
2.825 -0.037852 -0.173498 0.000131494
2.83 -0.0386701 -0.1735 0.000134333
2.835 -0.0394863 -0.173503 0.000137167
2.84 -0.0403005 -0.173505 0.000139994
2.845 -0.0411137 -0.173508 0.000142816
2.85 -0.0419262 -0.17351 0.000145637
2.855 -0.0427371 -0.173513 0.000148452
2.86 -0.0435454 -0.173515 0.000151258
2.865 -0.0443514 -0.173518 0.000154056
2.87 -0.0451554 -0.17352 0.000156847
2.875 -0.0459574 -0.173523 0.000159631
2.88 -0.0467571 -0.173525 0.000162407
2.885 -0.0475546 -0.173528 0.000165175
2.89 -0.04835 -0.17353 0.000167936
2.895 -0.0491432 -0.173533 0.00017069
2.9 -0.0499338 -0.173535 0.000173434
2.905 -0.050722 -0.173538 0.00017617
2.91 -0.0515081 -0.17354 0.000178899
2.915 -0.0522923 -0.173543 0.000181621
2.92 -0.0530747 -0.173545 0.000184337
2.925 -0.0538548 -0.173547 0.000187045
2.93 -0.0546326 -0.17355 0.000189745
2.935 -0.055408 -0.173552 0.000192437
2.94 -0.0561807 -0.173555 0.000195119
2.945 -0.0569501 -0.173557 0.00019779
2.95 -0.0577166 -0.173559 0.00020045
2.955 -0.0584811 -0.173562 0.000203104
2.96 -0.0592436 -0.173564 0.000205751
2.965 -0.0600033 -0.173566 0.000208388
2.97 -0.0607598 -0.173569 0.000211014
2.975 -0.0615133 -0.173571 0.000213629
2.98 -0.062264 -0.173574 0.000216235
2.985 -0.0630116 -0.173576 0.00021883
2.99 -0.0637556 -0.173578 0.000221413
2.995 -0.0644955 -0.17358 0.000223981
3 -0.0652308 -0.173583 0.000226533
3.005 -0.0659617 -0.173585 0.00022907
3.01 -0.0666894 -0.173587 0.000231596
3.015 -0.0674145 -0.17359 0.000234113
3.02 -0.0681362 -0.173592 0.000236618
3.025 -0.0688536 -0.173594 0.000239108
3.03 -0.0695662 -0.173596 0.000241582
3.035 -0.0702741 -0.173598 0.000244039
3.04 -0.070978 -0.173601 0.000246482
3.045 -0.0716787 -0.173603 0.000248914
3.05 -0.0723765 -0.173605 0.000251336
3.055 -0.0730713 -0.173607 0.000253747
3.06 -0.0737627 -0.173609 0.000256147
3.065 -0.0744506 -0.173612 0.000258535
3.07 -0.0751352 -0.173614 0.000260911
3.075 -0.0758165 -0.173616 0.000263276
3.08 -0.0764941 -0.173618 0.000265628
3.085 -0.0771671 -0.17362 0.000267964
3.09 -0.0778358 -0.173622 0.000270285
3.095 -0.0785005 -0.173624 0.000272592
3.1 -0.0791607 -0.173626 0.000274883
3.105 -0.0798164 -0.173628 0.000277159
3.11 -0.0804679 -0.17363 0.00027942
3.115 -0.0811157 -0.173632 0.000281669
3.12 -0.0817595 -0.173634 0.000283903
3.125 -0.0823996 -0.173636 0.000286125
3.13 -0.0830362 -0.173638 0.000288334
3.135 -0.0836692 -0.17364 0.000290531
3.14 -0.0842983 -0.173642 0.000292715
3.145 -0.0849233 -0.173644 0.000294884
3.15 -0.0855443 -0.173646 0.000297039
3.155 -0.0861609 -0.173648 0.000299179
3.16 -0.0867725 -0.17365 0.000301302
3.165 -0.0873791 -0.173652 0.000303408
3.17 -0.0879813 -0.173654 0.000305497
3.175 -0.0885799 -0.173656 0.000307575
3.18 -0.0891753 -0.173658 0.000309641
3.185 -0.0897671 -0.173659 0.000311696
3.19 -0.0903548 -0.173661 0.000313735
3.195 -0.0909379 -0.173663 0.000315759
3.2 -0.0915164 -0.173665 0.000317767
3.205 -0.0920906 -0.173667 0.00031976
3.21 -0.0926616 -0.173669 0.000321741
3.215 -0.09323 -0.17367 0.000323714
3.22 -0.0937949 -0.173672 0.000325675
3.225 -0.0943542 -0.173674 0.000327615
3.23 -0.0949067 -0.173676 0.000329533
3.235 -0.0954538 -0.173677 0.000331432
3.24 -0.095997 -0.173679 0.000333317
3.245 -0.0965361 -0.173681 0.000335188
3.25 -0.0970705 -0.173682 0.000337043
3.255 -0.0976006 -0.173684 0.000338882
3.26 -0.0981273 -0.173686 0.00034071
3.265 -0.0986497 -0.173687 0.000342524
3.27 -0.0991668 -0.173689 0.000344318
3.275 -0.0996785 -0.173691 0.000346094
3.28 -0.100185 -0.173692 0.000347853
3.285 -0.100687 -0.173694 0.000349595
3.29 -0.101184 -0.173695 0.000351319
3.295 -0.101677 -0.173697 0.000353029
3.3 -0.102166 -0.173698 0.000354725
3.305 -0.10265 -0.1737 0.000356407
3.31 -0.103131 -0.173701 0.000358074
3.315 -0.103606 -0.173703 0.000359725
3.32 -0.104077 -0.173704 0.000361359
3.325 -0.104543 -0.173706 0.000362975
3.33 -0.105003 -0.173707 0.000364572
3.335 -0.105458 -0.173709 0.000366152
3.34 -0.105908 -0.17371 0.000367715
3.345 -0.106354 -0.173712 0.00036926
3.35 -0.106794 -0.173713 0.000370788
3.355 -0.107229 -0.173714 0.000372297
3.36 -0.107658 -0.173716 0.000373788
3.365 -0.108082 -0.173717 0.000375258
3.37 -0.1085 -0.173718 0.000376707
3.375 -0.108912 -0.17372 0.000378139
3.38 -0.10932 -0.173721 0.000379554
3.385 -0.109723 -0.173722 0.000380951
3.39 -0.110121 -0.173723 0.000382332
3.395 -0.110514 -0.173725 0.000383696
3.4 -0.110901 -0.173726 0.000385042
3.405 -0.111283 -0.173727 0.000386367
3.41 -0.111658 -0.173728 0.000387669
3.415 -0.112027 -0.17373 0.000388947
3.42 -0.112389 -0.173731 0.000390205
3.425 -0.112747 -0.173732 0.000391445
3.43 -0.1131 -0.173733 0.00039267
3.435 -0.113447 -0.173734 0.000393876
3.44 -0.113789 -0.173735 0.000395063
3.445 -0.114125 -0.173736 0.00039623
3.45 -0.114457 -0.173737 0.00039738
3.455 -0.114783 -0.173738 0.000398512
3.46 -0.115104 -0.173739 0.000399626
3.465 -0.115419 -0.17374 0.00040072
3.47 -0.115728 -0.173741 0.000401791
3.475 -0.11603 -0.173742 0.00040284
3.48 -0.116328 -0.173743 0.000403873
3.485 -0.116621 -0.173744 0.000404889
3.49 -0.116909 -0.173745 0.000405889
3.495 -0.117191 -0.173746 0.00040687
3.5 -0.117468 -0.173747 0.000407831
3.505 -0.11774 -0.173748 0.000408775
3.51 -0.118008 -0.173748 0.000409702
3.515 -0.11827 -0.173749 0.000410611
3.52 -0.118527 -0.17375 0.000411503
3.525 -0.118779 -0.173751 0.000412378
3.53 -0.119025 -0.173752 0.000413234
3.535 -0.119266 -0.173752 0.00041407
3.54 -0.119501 -0.173753 0.000414885
3.545 -0.119731 -0.173754 0.000415684
3.55 -0.119957 -0.173755 0.000416466
3.555 -0.120177 -0.173755 0.00041723
3.56 -0.120391 -0.173756 0.000417975
3.565 -0.1206 -0.173757 0.000418698
3.57 -0.120803 -0.173757 0.000419404
3.575 -0.121001 -0.173758 0.000420089
3.58 -0.121192 -0.173758 0.000420752
3.585 -0.121375 -0.173759 0.000421389
3.59 -0.121552 -0.17376 0.000422001
3.595 -0.121721 -0.17376 0.000422589
3.6 -0.121884 -0.173761 0.000423155
3.605 -0.122041 -0.173761 0.0004237
3.61 -0.122193 -0.173762 0.000424226
3.615 -0.122339 -0.173762 0.000424734
3.62 -0.12248 -0.173763 0.000425223
3.625 -0.122615 -0.173763 0.000425691
3.63 -0.122743 -0.173763 0.000426136
3.635 -0.122865 -0.173764 0.000426558
3.64 -0.122981 -0.173764 0.000426959
3.645 -0.123091 -0.173764 0.000427342
3.65 -0.123196 -0.173765 0.000427708
3.655 -0.123297 -0.173765 0.000428056
3.66 -0.123391 -0.173765 0.000428384
3.665 -0.123479 -0.173766 0.000428688
3.67 -0.12356 -0.173766 0.000428969
3.675 -0.123634 -0.173766 0.000429228
3.68 -0.123703 -0.173766 0.000429465
3.685 -0.123765 -0.173767 0.000429682
3.69 -0.123822 -0.173767 0.00042988
3.695 -0.123874 -0.173767 0.00043006
3.7 -0.12392 -0.173767 0.000430221
3.705 -0.123961 -0.173767 0.000430362
3.71 -0.123996 -0.173767 0.000430482
3.715 -0.124024 -0.173767 0.000430582
3.72 -0.124048 -0.173768 0.000430663
3.725 -0.124066 -0.173768 0.000430726
3.73 -0.124078 -0.173768 0.000430769
3.735 -0.124084 -0.173768 0.00043079
3.74 -0.124084 -0.173768 0.000430788
3.745 -0.124078 -0.173768 0.000430767
3.75 -0.124066 -0.173768 0.000430727
3.755 -0.12405 -0.173768 0.000430669
3.76 -0.124028 -0.173768 0.000430592
3.765 -0.124 -0.173768 0.000430497
3.77 -0.123967 -0.173768 0.000430384
3.775 -0.123929 -0.173768 0.00043025
3.78 -0.123885 -0.173768 0.000430096
3.785 -0.123835 -0.173768 0.000429923
3.79 -0.123779 -0.173768 0.000429729
3.795 -0.123717 -0.173768 0.000429516
3.8 -0.12365 -0.173768 0.000429282
3.805 -0.123578 -0.173768 0.000429031
3.81 -0.1235 -0.173768 0.000428762
3.815 -0.123417 -0.173768 0.000428471
3.82 -0.123326 -0.173768 0.000428156
3.825 -0.123228 -0.173768 0.000427815
3.83 -0.123123 -0.173768 0.000427452
3.835 -0.123013 -0.173768 0.000427069
3.84 -0.122897 -0.173768 0.000426666
3.845 -0.122774 -0.173768 0.000426241
3.85 -0.122646 -0.173768 0.000425795
3.855 -0.122512 -0.173768 0.000425329
3.86 -0.122372 -0.173768 0.000424844
3.865 -0.122226 -0.173768 0.000424338
3.87 -0.122074 -0.173768 0.000423811
3.875 -0.121916 -0.173768 0.000423261
3.88 -0.121752 -0.173768 0.00042269
3.885 -0.121582 -0.173768 0.0004221
3.89 -0.121406 -0.173768 0.000421491
3.895 -0.121225 -0.173768 0.000420861
3.9 -0.121039 -0.173768 0.000420214
3.905 -0.120848 -0.173768 0.000419552
3.91 -0.120653 -0.173768 0.000418876
3.915 -0.120454 -0.173768 0.000418183
3.92 -0.120249 -0.173768 0.000417474
3.925 -0.12004 -0.173768 0.000416747
3.93 -0.119826 -0.173768 0.000416003
3.935 -0.119607 -0.173768 0.000415243
3.94 -0.119384 -0.173768 0.000414468
3.945 -0.119156 -0.173768 0.000413679
3.95 -0.118924 -0.173768 0.000412872
3.955 -0.118686 -0.173768 0.000412046
3.96 -0.118443 -0.173768 0.0004112
3.965 -0.118194 -0.173768 0.000410337
3.97 -0.11794 -0.173768 0.000409456
3.975 -0.117681 -0.173768 0.000408555
3.98 -0.117415 -0.173768 0.000407633
3.985 -0.117144 -0.173768 0.00040669
3.99 -0.116867 -0.173768 0.000405728
3.995 -0.116584 -0.173768 0.000404746
4 -0.116294 -0.173768 0.000403741
4.005 -0.115998 -0.173768 0.000402713
4.01 -0.115697 -0.173768 0.000401667
4.015 -0.115391 -0.173768 0.000400605
4.02 -0.115081 -0.173768 0.000399527
4.025 -0.114765 -0.173768 0.00039843
4.03 -0.114443 -0.173768 0.000397313
4.035 -0.114116 -0.173768 0.000396178
4.04 -0.113784 -0.173768 0.000395024
4.045 -0.113446 -0.173768 0.000393851
4.05 -0.113102 -0.173768 0.000392658
4.055 -0.112753 -0.173768 0.000391446
4.06 -0.1124 -0.173768 0.000390219
4.065 -0.112042 -0.173768 0.000388975
4.07 -0.111679 -0.173768 0.000387717
4.075 -0.111313 -0.173768 0.000386443
4.08 -0.110941 -0.173768 0.000385153
4.085 -0.110564 -0.173768 0.000383843
4.09 -0.110181 -0.173768 0.000382513
4.095 -0.109792 -0.173768 0.000381165
4.1 -0.109399 -0.173768 0.000379799
4.105 -0.109 -0.173768 0.000378415
4.11 -0.108597 -0.173768 0.000377016
4.115 -0.10819 -0.173768 0.000375602
4.12 -0.107779 -0.173768 0.000374175
4.125 -0.107363 -0.173768 0.00037273
4.13 -0.106943 -0.173768 0.00037127
4.135 -0.106518 -0.173768 0.000369794
4.14 -0.106089 -0.173768 0.000368307
4.145 -0.105657 -0.173768 0.000366806
4.15 -0.105222 -0.173768 0.000365294
4.155 -0.104782 -0.173768 0.000363769
4.16 -0.10434 -0.173768 0.000362232
4.165 -0.103893 -0.173768 0.000360682
4.17 -0.103444 -0.173768 0.000359121
4.175 -0.102991 -0.173768 0.00035755
4.18 -0.102536 -0.173768 0.00035597
4.185 -0.102079 -0.173768 0.000354383
4.19 -0.10162 -0.173768 0.000352787
4.195 -0.101157 -0.173768 0.000351182
4.2 -0.100691 -0.173768 0.000349564
4.205 -0.100221 -0.173768 0.00034793
4.21 -0.0997453 -0.173768 0.000346279
4.215 -0.0992663 -0.173768 0.000344616
4.22 -0.0987843 -0.173768 0.000342942
4.225 -0.0982992 -0.173768 0.000341258
4.23 -0.0978116 -0.173768 0.000339565
4.235 -0.0973221 -0.173768 0.000337865
4.24 -0.096831 -0.173768 0.00033616
4.245 -0.0963379 -0.173768 0.000334448
4.25 -0.0958416 -0.173768 0.000332725
4.255 -0.0953416 -0.173768 0.000330989
4.26 -0.0948382 -0.173768 0.00032924
4.265 -0.0943316 -0.173768 0.000327482
4.27 -0.0938219 -0.173768 0.000325712
4.275 -0.0933085 -0.173768 0.000323929
4.28 -0.092791 -0.173768 0.000322132
4.285 -0.0922698 -0.173768 0.000320322
4.29 -0.0917457 -0.173768 0.000318503
4.295 -0.0912189 -0.173768 0.000316674
4.3 -0.0906889 -0.173768 0.000314833
4.305 -0.0901553 -0.173768 0.000312981
4.31 -0.0896183 -0.173768 0.000311116
4.315 -0.089078 -0.173768 0.00030924
4.32 -0.0885344 -0.173768 0.000307352
4.325 -0.087988 -0.173768 0.000305455
4.33 -0.087439 -0.173768 0.000303549
4.335 -0.0868866 -0.173768 0.000301631
4.34 -0.0863307 -0.173768 0.000299701
4.345 -0.0857721 -0.173768 0.000297761
4.35 -0.0852109 -0.173768 0.000295813
4.355 -0.0846468 -0.173768 0.000293854
4.36 -0.0840796 -0.173768 0.000291884
4.365 -0.0835099 -0.173768 0.000289906
4.37 -0.0829384 -0.173768 0.000287922
4.375 -0.082365 -0.173768 0.000285931
4.38 -0.0817894 -0.173768 0.000283932
4.385 -0.081211 -0.173768 0.000281924
4.39 -0.0806292 -0.173768 0.000279904
4.395 -0.0800438 -0.173768 0.000277871
4.4 -0.0794551 -0.173768 0.000275827
4.405 -0.0788634 -0.173768 0.000273773
4.41 -0.0782691 -0.173768 0.000271709
4.415 -0.0776722 -0.173768 0.000269636
4.42 -0.0770729 -0.173768 0.000267556
4.425 -0.0764715 -0.173768 0.000265467
4.43 -0.0758683 -0.173768 0.000263373
4.435 -0.0752638 -0.173768 0.000261274
4.44 -0.074657 -0.173768 0.000259167
4.445 -0.0740472 -0.173768 0.00025705
4.45 -0.0734347 -0.173768 0.000254923
4.455 -0.0728209 -0.173768 0.000252792
4.46 -0.0722071 -0.173768 0.00025066
4.465 -0.0715928 -0.173768 0.000248527
4.47 -0.0709772 -0.173768 0.00024639
4.475 -0.0703602 -0.173768 0.000244248
4.48 -0.0697421 -0.173768 0.000242101
4.485 -0.069123 -0.173768 0.000239952
4.49 -0.0685032 -0.173768 0.0002378
4.495 -0.0678824 -0.173768 0.000235644
4.5 -0.0672599 -0.173768 0.000233483
4.505 -0.0666349 -0.173768 0.000231313
4.51 -0.0660072 -0.173768 0.000229133
4.515 -0.0653773 -0.173768 0.000226946
4.52 -0.0647457 -0.173768 0.000224753
4.525 -0.0641131 -0.173768 0.000222556
4.53 -0.0634794 -0.173768 0.000220356
4.535 -0.0628445 -0.173768 0.000218151
4.54 -0.0622091 -0.173768 0.000215945
4.545 -0.0615745 -0.173768 0.000213742
4.55 -0.0609403 -0.173768 0.00021154
4.555 -0.0603051 -0.173768 0.000209334
4.56 -0.0596676 -0.173768 0.00020712
4.565 -0.0590284 -0.173768 0.000204901
4.57 -0.058389 -0.173768 0.000202681
4.575 -0.0577496 -0.173768 0.000200461
4.58 -0.057109 -0.173768 0.000198236
4.585 -0.0564662 -0.173768 0.000196005
4.59 -0.0558213 -0.173768 0.000193765
4.595 -0.0551749 -0.173768 0.000191521
4.6 -0.0545275 -0.173768 0.000189273
4.605 -0.05388 -0.173768 0.000187025
4.61 -0.0532338 -0.173768 0.000184781
4.615 -0.0525894 -0.173768 0.000182543
4.62 -0.0519456 -0.173768 0.000180308
4.625 -0.0513012 -0.173768 0.000178071
4.63 -0.0506552 -0.173768 0.000175827
4.635 -0.0500078 -0.173768 0.00017358
4.64 -0.04936 -0.173768 0.00017133
4.645 -0.0487117 -0.173768 0.000169079
4.65 -0.0480613 -0.173768 0.000166821
4.655 -0.0474082 -0.173768 0.000164553
4.66 -0.0467533 -0.173768 0.000162279
4.665 -0.0460979 -0.173768 0.000160003
4.67 -0.0454419 -0.173768 0.000157726
4.675 -0.0447843 -0.173768 0.000155442
4.68 -0.0441251 -0.173768 0.000153154
4.685 -0.0434658 -0.173768 0.000150864
4.69 -0.0428074 -0.173768 0.000148578
4.695 -0.0421499 -0.173768 0.000146295
4.7 -0.0414928 -0.173768 0.000144014
4.705 -0.0408358 -0.173768 0.000141732
4.71 -0.0401781 -0.173768 0.000139449
4.715 -0.0395198 -0.173768 0.000137163
4.72 -0.0388617 -0.173768 0.000134878
4.725 -0.0382056 -0.173768 0.0001326
4.73 -0.0375534 -0.173768 0.000130335
4.735 -0.0369051 -0.173768 0.000128084
4.74 -0.0362588 -0.173768 0.00012584
4.745 -0.0356139 -0.173768 0.000123601
4.75 -0.0349708 -0.173768 0.000121368
4.755 -0.0343295 -0.173768 0.000119141
4.76 -0.0336898 -0.173768 0.00011692
4.765 -0.033052 -0.173768 0.000114705
4.77 -0.0324163 -0.173768 0.000112498
4.775 -0.0317812 -0.173768 0.000110293
4.78 -0.0311459 -0.173768 0.000108087
4.785 -0.0305111 -0.173768 0.000105883
4.79 -0.0298777 -0.173768 0.000103683
4.795 -0.0292457 -0.173768 0.000101489
4.8 -0.0286145 -0.173768 9.92971e-05
4.805 -0.0279845 -0.173768 9.71098e-05
4.81 -0.0273569 -0.173768 9.49306e-05
4.815 -0.0267314 -0.173768 9.27586e-05
4.82 -0.0261067 -0.173768 9.05896e-05
4.825 -0.0254829 -0.173768 8.84235e-05
4.83 -0.0248607 -0.173768 8.62632e-05
4.835 -0.0242405 -0.173768 8.41097e-05
4.84 -0.0236221 -0.173768 8.19625e-05
4.845 -0.0230053 -0.173768 7.98207e-05
4.85 -0.0223896 -0.173768 7.76829e-05
4.855 -0.0217751 -0.173768 7.55495e-05
4.86 -0.0211625 -0.173768 7.34221e-05
4.865 -0.0205517 -0.173768 7.13012e-05
4.87 -0.0199426 -0.173768 6.91865e-05
4.875 -0.0193357 -0.173768 6.70791e-05
4.88 -0.018731 -0.173768 6.49794e-05
4.885 -0.0181279 -0.173768 6.28853e-05
4.89 -0.0175262 -0.173768 6.07962e-05
4.895 -0.0169267 -0.173768 5.87144e-05
4.9 -0.0163293 -0.173768 5.66402e-05
4.905 -0.0157329 -0.173768 5.45694e-05
4.91 -0.0151376 -0.173768 5.25026e-05
4.915 -0.0145456 -0.173768 5.04467e-05
4.92 -0.0139579 -0.173768 4.84063e-05
4.925 -0.0133741 -0.173768 4.63792e-05
4.93 -0.0127931 -0.173768 4.43619e-05
4.935 -0.0122145 -0.173768 4.23528e-05
4.94 -0.0116377 -0.173768 4.03499e-05
4.945 -0.011062 -0.173768 3.8351e-05
4.95 -0.0104871 -0.173768 3.63548e-05
4.955 -0.0099128 -0.173768 3.43608e-05
4.96 -0.00933941 -0.173768 3.23698e-05
4.965 -0.00876769 -0.173768 3.03847e-05
4.97 -0.00819865 -0.173768 2.84089e-05
4.975 -0.00763279 -0.173768 2.64441e-05
4.98 -0.00707009 -0.173768 2.44903e-05
4.985 -0.00651071 -0.173768 2.2548e-05
4.99 -0.00595507 -0.173768 2.06187e-05
4.995 -0.00540288 -0.173768 1.87013e-05
5 -0.00485266 -0.173768 1.67908e-05
5.005 -0.00430296 -0.173768 1.48822e-05
5.01 -0.00375379 -0.173768 1.29753e-05
5.015 -0.00320648 -0.173768 1.10749e-05
5.02 -0.00266261 -0.173768 9.1865e-06
5.025 -0.00212237 -0.173768 7.31066e-06
5.03 -0.00158455 -0.173768 5.44323e-06
5.035 -0.0010483 -0.173768 3.58126e-06
5.04 -0.000513745 -0.173768 1.72517e-06
5.045 1.84586e-05 -0.173768 -1.2276e-07
5.05 0.000547896 -0.173768 -1.96108e-06
5.055 0.00107502 -0.173768 -3.79136e-06
5.06 0.00160056 -0.173768 -5.61617e-06
5.065 0.00212469 -0.173768 -7.43607e-06
5.07 0.00264674 -0.173768 -9.24873e-06
5.075 0.00316559 -0.173768 -1.10503e-05
5.08 0.00368076 -0.173768 -1.28391e-05
5.085 0.00419273 -0.173768 -1.46168e-05
5.09 0.00470161 -0.173768 -1.63837e-05
5.095 0.00520659 -0.173768 -1.81371e-05
5.1 0.00570739 -0.173768 -1.9876e-05
5.105 0.00620479 -0.173768 -2.16031e-05
5.11 0.0066993 -0.173768 -2.33201e-05
5.115 0.00719068 -0.173768 -2.50263e-05
5.12 0.00767923 -0.173768 -2.67226e-05
5.125 0.00816555 -0.173768 -2.84112e-05
5.13 0.00864878 -0.173768 -3.00891e-05
5.135 0.0091271 -0.173768 -3.175e-05
5.14 0.00959974 -0.173768 -3.33911e-05
5.145 0.0100677 -0.173768 -3.5016e-05
5.15 0.0105323 -0.173768 -3.66291e-05
5.155 0.0109937 -0.173768 -3.82312e-05
5.16 0.0114517 -0.173768 -3.98216e-05
5.165 0.0119062 -0.173768 -4.13997e-05
5.17 0.0123569 -0.173768 -4.29647e-05
5.175 0.0128039 -0.173768 -4.45167e-05
5.18 0.0132477 -0.173768 -4.60576e-05
5.185 0.0136883 -0.173768 -4.75875e-05
5.19 0.014125 -0.173768 -4.91039e-05
5.195 0.0145576 -0.173768 -5.06058e-05
5.2 0.014986 -0.173768 -5.20933e-05
5.205 0.0154103 -0.173768 -5.35667e-05
5.21 0.015831 -0.173768 -5.50275e-05
5.215 0.0162482 -0.173768 -5.64759e-05
5.22 0.016661 -0.173768 -5.79093e-05
5.225 0.0170691 -0.173768 -5.93265e-05
5.23 0.0174739 -0.173768 -6.07319e-05
5.235 0.0178765 -0.173768 -6.21299e-05
5.24 0.0182773 -0.173768 -6.35216e-05
5.245 0.0186765 -0.173768 -6.49077e-05
5.25 0.0190739 -0.173768 -6.62873e-05
5.255 0.0194675 -0.173768 -6.7654e-05
5.26 0.0198554 -0.173768 -6.90011e-05
5.265 0.0202376 -0.173768 -7.03281e-05
5.27 0.0206147 -0.173768 -7.16374e-05
5.275 0.0209871 -0.173768 -7.29304e-05
5.28 0.0213545 -0.173768 -7.42062e-05
5.285 0.0217164 -0.173768 -7.54628e-05
5.29 0.0220727 -0.173768 -7.67e-05
5.295 0.0224245 -0.173768 -7.79215e-05
5.3 0.0227729 -0.173768 -7.91313e-05
5.305 0.0231178 -0.173768 -8.03287e-05
5.31 0.0234579 -0.173768 -8.15095e-05
5.315 0.0237923 -0.173768 -8.26709e-05
5.32 0.0241212 -0.173768 -8.38127e-05
5.325 0.0244449 -0.173768 -8.49366e-05
5.33 0.0247644 -0.173768 -8.60463e-05
5.335 0.0250802 -0.173768 -8.71425e-05
5.34 0.0253914 -0.173768 -8.82231e-05
5.345 0.0256978 -0.173768 -8.9287e-05
5.35 0.0259996 -0.173768 -9.0335e-05
5.355 0.0262971 -0.173768 -9.13679e-05
5.36 0.0265905 -0.173768 -9.23867e-05
5.365 0.0268801 -0.173768 -9.33924e-05
5.37 0.027166 -0.173768 -9.43852e-05
5.375 0.0274479 -0.173768 -9.53637e-05
5.38 0.0277248 -0.173768 -9.63253e-05
5.385 0.027996 -0.173768 -9.72671e-05
5.39 0.0282613 -0.173768 -9.81881e-05
5.395 0.0285214 -0.173768 -9.90912e-05
5.4 0.0287775 -0.173768 -9.99805e-05
5.405 0.0290301 -0.173768 -0.000100858
5.41 0.0292788 -0.173768 -0.000101721
5.415 0.0295228 -0.173768 -0.000102568
5.42 0.0297609 -0.173768 -0.000103395
5.425 0.0299925 -0.173768 -0.000104199
5.43 0.0302178 -0.173768 -0.000104982
5.435 0.0304381 -0.173768 -0.000105747
5.44 0.0306539 -0.173768 -0.000106496
5.445 0.0308647 -0.173768 -0.000107228
5.45 0.0310693 -0.173768 -0.000107938
5.455 0.0312667 -0.173768 -0.000108624
5.46 0.0314572 -0.173768 -0.000109285
5.465 0.031642 -0.173768 -0.000109927
5.47 0.0318218 -0.173768 -0.000110551
5.475 0.031996 -0.173768 -0.000111156
5.48 0.0321644 -0.173768 -0.000111741
5.485 0.0323272 -0.173768 -0.000112306
5.49 0.0324853 -0.173768 -0.000112855
5.495 0.0326393 -0.173768 -0.00011339
5.5 0.0327898 -0.173768 -0.000113912
5.505 0.0329369 -0.173768 -0.000114423
5.51 0.0330802 -0.173768 -0.000114921
5.515 0.0332195 -0.173768 -0.000115404
5.52 0.0333545 -0.173768 -0.000115873
5.525 0.033485 -0.173768 -0.000116326
5.53 0.0336106 -0.173768 -0.000116762
5.535 0.0337315 -0.173768 -0.000117182
5.54 0.0338469 -0.173768 -0.000117583
5.545 0.0339558 -0.173768 -0.000117961
5.55 0.0340583 -0.173768 -0.000118317
5.555 0.0341555 -0.173768 -0.000118654
5.56 0.0342483 -0.173768 -0.000118976
5.565 0.0343363 -0.173768 -0.000119282
5.57 0.0344189 -0.173768 -0.000119569
5.575 0.0344965 -0.173768 -0.000119838
5.58 0.0345703 -0.173768 -0.000120095
5.585 0.0346413 -0.173768 -0.000120341
5.59 0.0347091 -0.173768 -0.000120576
5.595 0.034773 -0.173768 -0.000120798
5.6 0.034832 -0.173768 -0.000121003
5.605 0.0348857 -0.173768 -0.00012119
5.61 0.0349349 -0.173768 -0.00012136
5.615 0.0349797 -0.173768 -0.000121516
5.62 0.0350194 -0.173768 -0.000121654
5.625 0.0350538 -0.173768 -0.000121773
5.63 0.0350835 -0.173768 -0.000121876
5.635 0.0351088 -0.173768 -0.000121964
5.64 0.0351301 -0.173768 -0.000122038
5.645 0.0351471 -0.173768 -0.000122097
5.65 0.0351588 -0.173768 -0.000122138
5.655 0.0351635 -0.173768 -0.000122154
5.66 0.0351609 -0.173768 -0.000122145
5.665 0.0351526 -0.173768 -0.000122116
5.67 0.0351397 -0.173768 -0.000122072
5.675 0.0351226 -0.173768 -0.000122012
5.68 0.0351011 -0.173768 -0.000121938
5.685 0.035075 -0.173768 -0.000121847
5.69 0.0350443 -0.173768 -0.00012174
5.695 0.0350094 -0.173768 -0.000121619
5.7 0.0349706 -0.173768 -0.000121484
5.705 0.0349279 -0.173768 -0.000121336
5.71 0.034881 -0.173768 -0.000121173
5.715 0.0348294 -0.173768 -0.000120994
5.72 0.0347719 -0.173768 -0.000120795
5.725 0.0347068 -0.173768 -0.000120568
5.73 0.0346331 -0.173768 -0.000120312
5.735 0.0345522 -0.173768 -0.000120032
5.74 0.0344661 -0.173768 -0.000119733
5.745 0.0343756 -0.173768 -0.000119418
5.75 0.0342802 -0.173768 -0.000119087
5.755 0.0341799 -0.173768 -0.000118739
5.76 0.0340751 -0.173768 -0.000118375
5.765 0.0339661 -0.173768 -0.000117997
5.77 0.0338528 -0.173768 -0.000117603
5.775 0.0337351 -0.173768 -0.000117195
5.78 0.0336128 -0.173768 -0.00011677
5.785 0.033485 -0.173768 -0.000116326
5.79 0.0333516 -0.173768 -0.000115863
5.795 0.0332134 -0.173768 -0.000115383
5.8 0.0330706 -0.173768 -0.000114887
5.805 0.0329234 -0.173768 -0.000114376
5.81 0.0327723 -0.173768 -0.000113852
5.815 0.0326189 -0.173768 -0.000113319
5.82 0.0324633 -0.173768 -0.000112778
5.825 0.0323044 -0.173768 -0.000112227
5.83 0.032141 -0.173768 -0.000111659
5.835 0.031973 -0.173768 -0.000111076
5.84 0.031801 -0.173768 -0.000110479
5.845 0.0316251 -0.173768 -0.000109868
5.85 0.0314449 -0.173768 -0.000109242
5.855 0.0312596 -0.173768 -0.000108599
5.86 0.0310695 -0.173768 -0.000107939
5.865 0.0308751 -0.173768 -0.000107264
5.87 0.0306771 -0.173768 -0.000106577
5.875 0.0304754 -0.173768 -0.000105876
5.88 0.0302694 -0.173768 -0.000105161
5.885 0.0300594 -0.173768 -0.000104432
5.89 0.0298462 -0.173768 -0.000103691
5.895 0.0296303 -0.173768 -0.000102941
5.9 0.0294118 -0.173768 -0.000102183
5.905 0.0291903 -0.173768 -0.000101414
5.91 0.0289654 -0.173768 -0.000100633
5.915 0.0287382 -0.173768 -9.9844e-05
5.92 0.0285098 -0.173768 -9.90511e-05
5.925 0.0282798 -0.173768 -9.82524e-05
5.93 0.0280467 -0.173768 -9.74429e-05
5.935 0.0278096 -0.173768 -9.66197e-05
5.94 0.0275686 -0.173768 -9.57828e-05
5.945 0.0273237 -0.173768 -9.49326e-05
5.95 0.0270751 -0.173768 -9.40694e-05
5.955 0.0268226 -0.173768 -9.31928e-05
5.96 0.0265664 -0.173768 -9.2303e-05
5.965 0.0263069 -0.173768 -9.14021e-05
5.97 0.0260452 -0.173768 -9.04935e-05
5.975 0.0257816 -0.173768 -8.95781e-05
5.98 0.0255153 -0.173768 -8.86535e-05
5.985 0.0252455 -0.173768 -8.77165e-05
5.99 0.0249714 -0.173768 -8.67648e-05
5.995 0.0246933 -0.173768 -8.57994e-05
6 0.0244131 -0.173768 -8.48264e-05
6.005 0.0241319 -0.173768 -8.385e-05
6.01 0.023849 -0.173768 -8.28677e-05
6.015 0.0235634 -0.173768 -8.18761e-05
6.02 0.0232754 -0.173768 -8.08759e-05
6.025 0.022985 -0.173768 -7.98676e-05
6.03 0.022692 -0.173768 -7.88502e-05
6.035 0.0223962 -0.173768 -7.78232e-05
6.04 0.0220976 -0.173768 -7.67866e-05
6.045 0.0217964 -0.173768 -7.57407e-05
6.05 0.0214935 -0.173768 -7.46888e-05
6.055 0.0211902 -0.173768 -7.36358e-05
6.06 0.0208868 -0.173768 -7.25823e-05
6.065 0.0205821 -0.173768 -7.15243e-05
6.07 0.0202748 -0.173768 -7.04573e-05
6.075 0.0199644 -0.173768 -6.93796e-05
6.08 0.0196512 -0.173768 -6.82921e-05
6.085 0.0193361 -0.173768 -6.71979e-05
6.09 0.0190197 -0.173768 -6.60993e-05
6.095 0.0187022 -0.173768 -6.49968e-05
6.1 0.0183836 -0.173768 -6.38907e-05
6.105 0.0180643 -0.173768 -6.27819e-05
6.11 0.0177439 -0.173768 -6.16692e-05
6.115 0.0174225 -0.173768 -6.05533e-05
6.12 0.0171014 -0.173768 -5.94384e-05
6.125 0.0167815 -0.173768 -5.83278e-05
6.13 0.016462 -0.173768 -5.72184e-05
6.135 0.0161408 -0.173768 -5.6103e-05
6.14 0.0158167 -0.173768 -5.49777e-05
6.145 0.0154903 -0.173768 -5.38445e-05
6.15 0.0151625 -0.173768 -5.27064e-05
6.155 0.0148335 -0.173768 -5.15638e-05
6.16 0.0145033 -0.173768 -5.04175e-05
6.165 0.0141718 -0.173768 -4.92663e-05
6.17 0.0138377 -0.173768 -4.81061e-05
6.175 0.0135002 -0.173768 -4.69342e-05
6.18 0.0131601 -0.173768 -4.57535e-05
6.185 0.0128185 -0.173768 -4.45673e-05
6.19 0.0124753 -0.173768 -4.33756e-05
6.195 0.0121303 -0.173768 -4.21776e-05
6.2 0.011784 -0.173768 -4.09752e-05
6.205 0.0114371 -0.173768 -3.97706e-05
6.21 0.0110891 -0.173768 -3.85626e-05
6.215 0.0107399 -0.173768 -3.73498e-05
6.22 0.0103894 -0.173768 -3.61328e-05
6.225 0.010038 -0.173768 -3.49126e-05
6.23 0.00968554 -0.173768 -3.3689e-05
6.235 0.00933177 -0.173768 -3.24606e-05
6.24 0.00897648 -0.173768 -3.1227e-05
6.245 0.00861993 -0.173768 -2.99889e-05
6.25 0.00826245 -0.173768 -2.87477e-05
6.255 0.00790431 -0.173768 -2.75042e-05
6.26 0.00754592 -0.173768 -2.62598e-05
6.265 0.00718739 -0.173768 -2.50149e-05
6.27 0.00682822 -0.173768 -2.37677e-05
6.275 0.00646826 -0.173768 -2.25179e-05
6.28 0.00610838 -0.173768 -2.12683e-05
6.285 0.00574943 -0.173768 -2.00219e-05
6.29 0.00539111 -0.173768 -1.87778e-05
6.295 0.00503241 -0.173768 -1.75323e-05
6.3 0.00467258 -0.173768 -1.62829e-05
6.305 0.00431153 -0.173768 -1.50292e-05
6.31 0.00394949 -0.173768 -1.37721e-05
6.315 0.0035868 -0.173768 -1.25128e-05
6.32 0.00322344 -0.173768 -1.12511e-05
6.325 0.00285881 -0.173768 -9.98506e-06
6.33 0.00249213 -0.173768 -8.71186e-06
6.335 0.00212311 -0.173768 -7.43056e-06
6.34 0.00175243 -0.173768 -6.14344e-06
6.345 0.00138146 -0.173768 -4.85538e-06
6.35 0.00101136 -0.173768 -3.5703e-06
6.355 0.000641701 -0.173768 -2.28676e-06
6.36 0.000271136 -0.173768 -1.00008e-06
6.365 -9.97925e-05 -0.173768 2.87869e-07
6.37 -0.000468076 -0.173768 1.56663e-06
6.375 -0.000831426 -0.173768 2.82826e-06
6.38 -0.00119074 -0.173768 4.0759e-06
6.385 -0.00154888 -0.173768 5.31944e-06
6.39 -0.00190791 -0.173768 6.56607e-06
6.395 -0.00226807 -0.173768 7.8166e-06
6.4 -0.00262851 -0.173768 9.06813e-06
6.405 -0.00298864 -0.173768 1.03186e-05
6.41 -0.00334852 -0.173768 1.15682e-05
6.415 -0.00370823 -0.173768 1.28172e-05
6.42 -0.00406753 -0.173768 1.40647e-05
6.425 -0.00442608 -0.173768 1.53097e-05
6.43 -0.00478356 -0.173768 1.65509e-05
6.435 -0.00513986 -0.173768 1.77881e-05
6.44 -0.00549491 -0.173768 1.90209e-05
6.445 -0.00584786 -0.173768 2.02464e-05
6.45 -0.00619774 -0.173768 2.14613e-05
6.455 -0.00654485 -0.173768 2.26665e-05
6.46 -0.00689013 -0.173768 2.38654e-05
6.465 -0.00723391 -0.173768 2.50591e-05
6.47 -0.00757598 -0.173768 2.62469e-05
6.475 -0.00791628 -0.173768 2.74285e-05
6.48 -0.00825518 -0.173768 2.86052e-05
6.485 -0.0085934 -0.173768 2.97795e-05
6.49 -0.00893136 -0.173768 3.0953e-05
6.495 -0.00926843 -0.173768 3.21234e-05
6.5 -0.0096031 -0.173768 3.32855e-05
6.505 -0.00993458 -0.173768 3.44364e-05
6.51 -0.0102637 -0.173768 3.55792e-05
6.515 -0.0105913 -0.173768 3.67166e-05
6.52 -0.0109168 -0.173768 3.7847e-05
6.525 -0.0112398 -0.173768 3.89683e-05
6.53 -0.0115608 -0.173768 4.00832e-05
6.535 -0.0118815 -0.173768 4.11964e-05
6.54 -0.0122023 -0.173768 4.23105e-05
6.545 -0.0125231 -0.173768 4.34243e-05
6.55 -0.012843 -0.173768 4.45352e-05
6.555 -0.0131615 -0.173768 4.5641e-05
6.56 -0.0134787 -0.173768 4.67425e-05
6.565 -0.013795 -0.173768 4.78407e-05
6.57 -0.0141104 -0.173768 4.89358e-05
6.575 -0.0144248 -0.173768 5.00276e-05
6.58 -0.0147387 -0.173768 5.11174e-05
6.585 -0.0150526 -0.173768 5.22074e-05
6.59 -0.0153666 -0.173768 5.32977e-05
6.595 -0.0156798 -0.173768 5.43851e-05
6.6 -0.0159911 -0.173768 5.5466e-05
6.605 -0.0163005 -0.173768 5.65402e-05
6.61 -0.0166083 -0.173768 5.7609e-05
6.615 -0.0169135 -0.173768 5.8669e-05
6.62 -0.0172151 -0.173768 5.9716e-05
6.625 -0.0175137 -0.173768 6.07527e-05
6.63 -0.0178107 -0.173768 6.17841e-05
6.635 -0.0181065 -0.173768 6.2811e-05
6.64 -0.0184005 -0.173768 6.38322e-05
6.645 -0.0186933 -0.173768 6.48487e-05
6.65 -0.0189855 -0.173768 6.58631e-05
6.655 -0.0192769 -0.173768 6.68751e-05
6.66 -0.0195671 -0.173768 6.78827e-05
6.665 -0.0198552 -0.173768 6.88831e-05
6.67 -0.0201397 -0.173768 6.9871e-05
6.675 -0.020419 -0.173768 7.08407e-05
6.68 -0.020693 -0.173768 7.17921e-05
6.685 -0.0209638 -0.173768 7.27323e-05
6.69 -0.0212331 -0.173768 7.36674e-05
6.695 -0.0215011 -0.173768 7.45981e-05
6.7 -0.0217675 -0.173768 7.55228e-05
6.705 -0.022032 -0.173768 7.64414e-05
6.71 -0.0222951 -0.173768 7.73548e-05
6.715 -0.0225565 -0.173768 7.82627e-05
6.72 -0.0228159 -0.173768 7.91632e-05
6.725 -0.023073 -0.173768 8.00561e-05
6.73 -0.0233282 -0.173768 8.09419e-05
6.735 -0.0235807 -0.173768 8.1819e-05
6.74 -0.0238305 -0.173768 8.2686e-05
6.745 -0.0240784 -0.173768 8.35468e-05
6.75 -0.0243256 -0.173768 8.44053e-05
6.755 -0.0245717 -0.173768 8.52597e-05
6.76 -0.0248152 -0.173768 8.61052e-05
6.765 -0.0250555 -0.173768 8.69397e-05
6.77 -0.025293 -0.173768 8.77644e-05
6.775 -0.0255285 -0.173768 8.85818e-05
6.78 -0.0257622 -0.173768 8.93935e-05
6.785 -0.0259943 -0.173768 9.01993e-05
6.79 -0.0262242 -0.173768 9.09978e-05
6.795 -0.0264508 -0.173768 9.17845e-05
6.8 -0.0266721 -0.173768 9.2553e-05
6.805 -0.0268878 -0.173768 9.33018e-05
6.81 -0.0270993 -0.173768 9.40362e-05
6.815 -0.0273079 -0.173768 9.47605e-05
6.82 -0.0275136 -0.173768 9.54748e-05
6.825 -0.0277166 -0.173768 9.61794e-05
6.83 -0.0279173 -0.173768 9.68764e-05
6.835 -0.0281159 -0.173768 9.75661e-05
6.84 -0.0283118 -0.173768 9.82462e-05
6.845 -0.0285043 -0.173768 9.89147e-05
6.85 -0.0286936 -0.173768 9.9572e-05
6.855 -0.0288804 -0.173768 0.000100221
6.86 -0.0290652 -0.173768 0.000100862
6.865 -0.0292479 -0.173768 0.000101497
6.87 -0.0294281 -0.173768 0.000102122
6.875 -0.0296054 -0.173768 0.000102738
6.88 -0.0297793 -0.173768 0.000103342
6.885 -0.0299501 -0.173768 0.000103935
6.89 -0.0301188 -0.173768 0.000104521
6.895 -0.0302853 -0.173768 0.000105099
6.9 -0.0304485 -0.173768 0.000105665
6.905 -0.030608 -0.173768 0.000106219
6.91 -0.0307645 -0.173768 0.000106763
6.915 -0.0309182 -0.173768 0.000107296
6.92 -0.0310684 -0.173768 0.000107818
6.925 -0.0312155 -0.173768 0.000108328
6.93 -0.0313601 -0.173768 0.000108831
6.935 -0.0315021 -0.173768 0.000109324
6.94 -0.0316401 -0.173768 0.000109803
6.945 -0.0317735 -0.173768 0.000110266
6.95 -0.0319032 -0.173768 0.000110716
6.955 -0.0320307 -0.173768 0.000111159
6.96 -0.0321566 -0.173768 0.000111596
6.965 -0.0322805 -0.173768 0.000112026
6.97 -0.0324015 -0.173768 0.000112447
6.975 -0.0325189 -0.173768 0.000112854
6.98 -0.0326322 -0.173768 0.000113248
6.985 -0.032742 -0.173768 0.000113629
6.99 -0.0328495 -0.173768 0.000114002
6.995 -0.0329549 -0.173768 0.000114368
7 -0.033056 -0.173768 0.000114719
7.005 -0.0331507 -0.173768 0.000115048
7.01 -0.0332392 -0.173768 0.000115355
7.015 -0.0333233 -0.173768 0.000115647
7.02 -0.0334038 -0.173768 0.000115927
7.025 -0.03348 -0.173768 0.000116192
7.03 -0.0335512 -0.173768 0.000116439
7.035 -0.0336166 -0.173768 0.000116666
7.04 -0.0336765 -0.173768 0.000116874
7.045 -0.033732 -0.173768 0.000117066
7.05 -0.0337838 -0.173768 0.000117246
7.055 -0.0338324 -0.173768 0.000117415
7.06 -0.0338777 -0.173768 0.000117572
7.065 -0.033919 -0.173768 0.000117716
7.07 -0.0339554 -0.173768 0.000117842
7.075 -0.033986 -0.173768 0.000117948
7.08 -0.0340111 -0.173768 0.000118036
7.085 -0.0340315 -0.173768 0.000118106
7.09 -0.0340482 -0.173768 0.000118164
7.095 -0.0340614 -0.173768 0.00011821
7.1 -0.0340708 -0.173768 0.000118243
7.105 -0.0340763 -0.173768 0.000118262
7.11 -0.0340781 -0.173768 0.000118268
7.115 -0.0340765 -0.173768 0.000118263
7.12 -0.0340715 -0.173768 0.000118245
7.125 -0.0340626 -0.173768 0.000118214
7.13 -0.0340496 -0.173768 0.000118169
7.135 -0.0340324 -0.173768 0.000118109
7.14 -0.0340108 -0.173768 0.000118034
7.145 -0.033985 -0.173768 0.000117945
7.15 -0.0339565 -0.173768 0.000117846
7.155 -0.0339268 -0.173768 0.000117743
7.16 -0.0338952 -0.173768 0.000117633
7.165 -0.0338597 -0.173768 0.00011751
7.17 -0.0338198 -0.173768 0.000117371
7.175 -0.0337768 -0.173768 0.000117222
7.18 -0.0337312 -0.173768 0.000117064
7.185 -0.0336823 -0.173768 0.000116894
7.19 -0.0336294 -0.173768 0.00011671
7.195 -0.0335719 -0.173768 0.000116511
7.2 -0.0335105 -0.173768 0.000116297
7.205 -0.0334454 -0.173768 0.000116071
7.21 -0.0333759 -0.173768 0.00011583
7.215 -0.0333024 -0.173768 0.000115575
7.22 -0.033226 -0.173768 0.000115309
7.225 -0.0331477 -0.173768 0.000115038
7.23 -0.0330666 -0.173768 0.000114756
7.235 -0.0329819 -0.173768 0.000114462
7.24 -0.0328939 -0.173768 0.000114156
7.245 -0.032803 -0.173768 0.000113841
7.25 -0.0327086 -0.173768 0.000113513
7.255 -0.03261 -0.173768 0.000113171
7.26 -0.0325077 -0.173768 0.000112815
7.265 -0.0324027 -0.173768 0.000112451
7.27 -0.032295 -0.173768 0.000112077
7.275 -0.0321833 -0.173768 0.000111689
7.28 -0.0320672 -0.173768 0.000111286
7.285 -0.0319467 -0.173768 0.000110868
7.29 -0.0318223 -0.173768 0.000110436
7.295 -0.0316948 -0.173768 0.000109993
7.3 -0.0315644 -0.173768 0.00010954
7.305 -0.0314311 -0.173768 0.000109077
7.31 -0.0312947 -0.173768 0.000108604
7.315 -0.0311549 -0.173768 0.000108118
7.32 -0.0310109 -0.173768 0.000107618
7.325 -0.030862 -0.173768 0.000107101
7.33 -0.0307084 -0.173768 0.000106568
7.335 -0.0305509 -0.173768 0.000106021
7.34 -0.0303901 -0.173768 0.000105462
7.345 -0.0302256 -0.173768 0.000104891
7.35 -0.0300569 -0.173768 0.000104306
7.355 -0.0298835 -0.173768 0.000103704
7.36 -0.0297062 -0.173768 0.000103088
7.365 -0.0295261 -0.173768 0.000102462
7.37 -0.0293435 -0.173768 0.000101829
7.375 -0.0291582 -0.173768 0.000101185
7.38 -0.02897 -0.173768 0.000100532
7.385 -0.0287784 -0.173768 9.98662e-05
7.39 -0.0285833 -0.173768 9.91891e-05
7.395 -0.0283852 -0.173768 9.85011e-05
7.4 -0.0281837 -0.173768 9.78014e-05
7.405 -0.0279774 -0.173768 9.70852e-05
7.41 -0.0277657 -0.173768 9.63502e-05
7.415 -0.0275497 -0.173768 9.56001e-05
7.42 -0.0273307 -0.173768 9.48395e-05
7.425 -0.0271084 -0.173768 9.40679e-05
7.43 -0.0268821 -0.173768 9.32819e-05
7.435 -0.0266505 -0.173768 9.2478e-05
7.44 -0.0264135 -0.173768 9.1655e-05
7.445 -0.026172 -0.173768 9.08162e-05
7.45 -0.0259278 -0.173768 8.99686e-05
7.455 -0.0256826 -0.173768 8.91169e-05
7.46 -0.0254358 -0.173768 8.82601e-05
7.465 -0.0251859 -0.173768 8.73922e-05
7.47 -0.0249314 -0.173768 8.65086e-05
7.475 -0.0246722 -0.173768 8.56088e-05
7.48 -0.0244096 -0.173768 8.46968e-05
7.485 -0.0241442 -0.173768 8.37754e-05
7.49 -0.0238757 -0.173768 8.28432e-05
7.495 -0.0236036 -0.173768 8.18981e-05
7.5 -0.023328 -0.173768 8.09412e-05
7.505 -0.0230497 -0.173768 7.9975e-05
7.51 -0.0227693 -0.173768 7.90016e-05
7.515 -0.0224866 -0.173768 7.802e-05
7.52 -0.0222002 -0.173768 7.70256e-05
7.525 -0.0219096 -0.173768 7.60164e-05
7.53 -0.0216157 -0.173768 7.4996e-05
7.535 -0.0213196 -0.173768 7.39678e-05
7.54 -0.0210211 -0.173768 7.29312e-05
7.545 -0.0207191 -0.173768 7.18828e-05
7.55 -0.0204131 -0.173768 7.08203e-05
7.555 -0.0201034 -0.173768 6.97447e-05
7.56 -0.0197906 -0.173768 6.86588e-05
7.565 -0.0194752 -0.173768 6.75637e-05
7.57 -0.019157 -0.173768 6.64588e-05
7.575 -0.018836 -0.173768 6.53443e-05
7.58 -0.018512 -0.173768 6.42191e-05
7.585 -0.018184 -0.173768 6.30803e-05
7.59 -0.0178516 -0.173768 6.1926e-05
7.595 -0.0175148 -0.173768 6.07567e-05
7.6 -0.0171739 -0.173768 5.95731e-05
7.605 -0.0168295 -0.173768 5.8377e-05
7.61 -0.0164829 -0.173768 5.71735e-05
7.615 -0.0161355 -0.173768 5.59674e-05
7.62 -0.0157871 -0.173768 5.47578e-05
7.625 -0.015436 -0.173768 5.35384e-05
7.63 -0.0150805 -0.173768 5.23043e-05
7.635 -0.0147212 -0.173768 5.10568e-05
7.64 -0.0143595 -0.173768 4.98007e-05
7.645 -0.0139962 -0.173768 4.85392e-05
7.65 -0.0136309 -0.173768 4.72711e-05
7.655 -0.0132631 -0.173768 4.59938e-05
7.66 -0.0128922 -0.173768 4.47061e-05
7.665 -0.0125185 -0.173768 4.34083e-05
7.67 -0.0121421 -0.173768 4.21014e-05
7.675 -0.0117636 -0.173768 4.07871e-05
7.68 -0.0113838 -0.173768 3.94686e-05
7.685 -0.0110038 -0.173768 3.81489e-05
7.69 -0.0106232 -0.173768 3.68275e-05
7.695 -0.0102409 -0.173768 3.55002e-05
7.7 -0.00985629 -0.173768 3.41646e-05
7.705 -0.00947 -0.173768 3.28233e-05
7.71 -0.00908322 -0.173768 3.14803e-05
7.715 -0.00869517 -0.173768 3.01329e-05
7.72 -0.0083042 -0.173768 2.87754e-05
7.725 -0.00791114 -0.173768 2.74106e-05
7.73 -0.00751829 -0.173768 2.60466e-05
7.735 -0.00712543 -0.173768 2.46824e-05
7.74 -0.00673059 -0.173768 2.33115e-05
7.745 -0.00633382 -0.173768 2.19338e-05
7.75 -0.0059369 -0.173768 2.05556e-05
7.755 -0.00554024 -0.173768 1.91783e-05
7.76 -0.00514267 -0.173768 1.77978e-05
7.765 -0.00474349 -0.173768 1.64118e-05
7.77 -0.00434316 -0.173768 1.50218e-05
7.775 -0.0039424 -0.173768 1.36303e-05
7.78 -0.00354148 -0.173768 1.22382e-05
7.785 -0.00314037 -0.173768 1.08454e-05
7.79 -0.00273878 -0.173768 9.45102e-06
7.795 -0.00233634 -0.173768 8.05367e-06
7.8 -0.00193319 -0.173768 6.65384e-06
7.805 -0.00152944 -0.173768 5.25193e-06
7.81 -0.00112388 -0.173768 3.84373e-06
7.815 -0.000714701 -0.173768 2.42297e-06
7.82 -0.000301954 -0.173768 9.89821e-07
7.825 0.000112413 -0.173768 -4.48956e-07
7.83 0.00052724 -0.173768 -1.88933e-06
7.835 0.000943404 -0.173768 -3.33434e-06
7.84 0.00136216 -0.173768 -4.78834e-06
7.845 0.0017836 -0.173768 -6.25169e-06
7.85 0.00220716 -0.173768 -7.72239e-06
7.855 0.00263208 -0.173768 -9.19781e-06
7.86 0.00305758 -0.173768 -1.06752e-05
7.865 0.00348357 -0.173768 -1.21544e-05
7.87 0.00391067 -0.173768 -1.36373e-05
7.875 0.00433913 -0.173768 -1.51251e-05
7.88 0.00476834 -0.173768 -1.66154e-05
7.885 0.00519751 -0.173768 -1.81055e-05
7.89 0.00562645 -0.173768 -1.95949e-05
7.895 0.00605526 -0.173768 -2.10839e-05
7.9 0.00648387 -0.173768 -2.25721e-05
7.905 0.00691178 -0.173768 -2.40579e-05
7.91 0.00733868 -0.173768 -2.55401e-05
7.915 0.00776531 -0.173768 -2.70215e-05
7.92 0.00819309 -0.173768 -2.85069e-05
7.925 0.00862259 -0.173768 -2.99982e-05
7.93 0.00905275 -0.173768 -3.14918e-05
7.935 0.00948223 -0.173768 -3.2983e-05
7.94 0.00991077 -0.173768 -3.4471e-05
7.945 0.010339 -0.173768 -3.59579e-05
7.95 0.0107675 -0.173768 -3.74456e-05
7.955 0.0111965 -0.173768 -3.89354e-05
7.96 0.0116262 -0.173768 -4.04275e-05
7.965 0.012056 -0.173768 -4.19199e-05
7.97 0.0124852 -0.173768 -4.34099e-05
7.975 0.012913 -0.173768 -4.48956e-05
7.98 0.0133394 -0.173768 -4.63761e-05
7.985 0.0137646 -0.173768 -4.78525e-05
7.99 0.0141891 -0.173768 -4.93264e-05
7.995 0.0146135 -0.173768 -5.07999e-05
8 0.0150386 -0.173768 -5.22762e-05
8.005 0.0154651 -0.173768 -5.37569e-05
8.01 0.015892 -0.173768 -5.5239e-05
8.015 0.016318 -0.173768 -5.67184e-05
8.02 0.0167436 -0.173768 -5.81962e-05
8.025 0.0171698 -0.173768 -5.9676e-05
8.03 0.0175967 -0.173768 -6.11582e-05
8.035 0.0180235 -0.173768 -6.26403e-05
8.04 0.0184498 -0.173768 -6.41206e-05
8.045 0.0188756 -0.173768 -6.55988e-05
8.05 0.0193007 -0.173768 -6.70748e-05
8.055 0.0197248 -0.173768 -6.85474e-05
8.06 0.0201475 -0.173768 -7.00152e-05
8.065 0.0205687 -0.173768 -7.14778e-05
8.07 0.0209884 -0.173768 -7.29349e-05
8.075 0.0214066 -0.173768 -7.4387e-05
8.08 0.0218237 -0.173768 -7.58354e-05
8.085 0.0222398 -0.173768 -7.728e-05
8.09 0.0226541 -0.173768 -7.87188e-05
8.095 0.0230667 -0.173768 -8.01514e-05
8.1 0.0234786 -0.173768 -8.15815e-05
8.105 0.0238908 -0.173768 -8.30126e-05
8.11 0.0243029 -0.173768 -8.44437e-05
8.115 0.0247139 -0.173768 -8.58709e-05
8.12 0.0251224 -0.173768 -8.72893e-05
8.125 0.0255275 -0.173768 -8.86959e-05
8.13 0.0259295 -0.173768 -9.00915e-05
8.135 0.0263289 -0.173768 -9.14784e-05
8.14 0.0267261 -0.173768 -9.28578e-05
8.145 0.0271217 -0.173768 -9.42311e-05
8.15 0.0275158 -0.173768 -9.55996e-05
8.155 0.0279087 -0.173768 -9.69637e-05
8.16 0.0282998 -0.173768 -9.83217e-05
8.165 0.0286882 -0.173768 -9.96705e-05
8.17 0.0290737 -0.173768 -0.000101009
8.175 0.0294571 -0.173768 -0.00010234
8.18 0.0298401 -0.173768 -0.00010367
8.185 0.0302231 -0.173768 -0.000105
8.19 0.0306047 -0.173768 -0.000106325
8.195 0.0309838 -0.173768 -0.000107641
8.2 0.0313609 -0.173768 -0.000108951
8.205 0.0317366 -0.173768 -0.000110255
8.21 0.0321113 -0.173768 -0.000111556
8.215 0.0324856 -0.173768 -0.000112856
8.22 0.032859 -0.173768 -0.000114152
8.225 0.0332301 -0.173768 -0.000115441
8.23 0.0335978 -0.173768 -0.000116718
8.235 0.033962 -0.173768 -0.000117982
8.24 0.0343236 -0.173768 -0.000119238
8.245 0.0346832 -0.173768 -0.000120486
8.25 0.0350409 -0.173768 -0.000121728
8.255 0.0353964 -0.173768 -0.000122963
8.26 0.0357496 -0.173768 -0.000124189
8.265 0.0361004 -0.173768 -0.000125407
8.27 0.0364494 -0.173768 -0.000126619
8.275 0.0367966 -0.173768 -0.000127824
8.28 0.0371413 -0.173768 -0.000129022
8.285 0.0374829 -0.173768 -0.000130208
8.29 0.0378213 -0.173768 -0.000131383
8.295 0.0381581 -0.173768 -0.000132552
8.3 0.0384946 -0.173768 -0.000133721
8.305 0.0388302 -0.173768 -0.000134886
8.31 0.0391629 -0.173768 -0.000136041
8.315 0.0394922 -0.173768 -0.000137184
8.32 0.0398184 -0.173768 -0.000138317
8.325 0.0401419 -0.173768 -0.00013944
8.33 0.0404628 -0.173768 -0.000140554
8.335 0.0407804 -0.173768 -0.000141657
8.34 0.0410942 -0.173768 -0.000142747
8.345 0.0414043 -0.173768 -0.000143823
8.35 0.0417104 -0.173768 -0.000144886
8.355 0.0420127 -0.173768 -0.000145936
8.36 0.0423121 -0.173768 -0.000146976
8.365 0.0426092 -0.173768 -0.000148007
8.37 0.0429039 -0.173768 -0.00014903
8.375 0.0431956 -0.173768 -0.000150043
8.38 0.0434843 -0.173768 -0.000151046
8.385 0.0437705 -0.173768 -0.000152039
8.39 0.0440541 -0.173768 -0.000153024
8.395 0.0443352 -0.173768 -0.000154
8.4 0.0446142 -0.173768 -0.000154969
8.405 0.044892 -0.173768 -0.000155934
8.41 0.0451694 -0.173768 -0.000156897
8.415 0.0454456 -0.173768 -0.000157856
8.42 0.0457192 -0.173768 -0.000158806
8.425 0.0459895 -0.173768 -0.000159744
8.43 0.046256 -0.173768 -0.00016067
8.435 0.0465187 -0.173768 -0.000161582
8.44 0.0467778 -0.173768 -0.000162481
8.445 0.0470338 -0.173768 -0.000163371
8.45 0.0472874 -0.173768 -0.000164251
8.455 0.0475383 -0.173768 -0.000165122
8.46 0.0477866 -0.173768 -0.000165984
8.465 0.0480324 -0.173768 -0.000166838
8.47 0.0482758 -0.173768 -0.000167683
8.475 0.0485168 -0.173768 -0.00016852
8.48 0.0487558 -0.173768 -0.00016935
8.485 0.0489929 -0.173768 -0.000170173
8.49 0.049228 -0.173768 -0.000170989
8.495 0.0494614 -0.173768 -0.0001718
8.5 0.0496932 -0.173768 -0.000172604
8.505 0.0499225 -0.173768 -0.000173401
8.51 0.0501491 -0.173768 -0.000174187
8.515 0.0503725 -0.173768 -0.000174963
8.52 0.0505921 -0.173768 -0.000175726
8.525 0.0508077 -0.173768 -0.000176474
8.53 0.0510204 -0.173768 -0.000177213
8.535 0.0512317 -0.173768 -0.000177946
8.54 0.0514415 -0.173769 -0.000178675
8.545 0.0516484 -0.173769 -0.000179393
8.55 0.0518512 -0.173769 -0.000180097
8.555 0.0520495 -0.173769 -0.000180786
8.56 0.0522436 -0.173769 -0.00018146
8.565 0.0524348 -0.173769 -0.000182124
8.57 0.0526244 -0.173769 -0.000182782
8.575 0.0528131 -0.173769 -0.000183437
8.58 0.0530011 -0.173769 -0.00018409
8.585 0.0531879 -0.173769 -0.000184739
8.59 0.0533726 -0.173769 -0.00018538
8.595 0.0535546 -0.173769 -0.000186012
8.6 0.0537335 -0.173769 -0.000186633
8.605 0.05391 -0.173769 -0.000187246
8.61 0.0540843 -0.173769 -0.000187851
8.615 0.0542559 -0.173769 -0.000188447
8.62 0.054424 -0.173769 -0.000189031
8.625 0.054588 -0.173769 -0.0001896
8.63 0.0547476 -0.173769 -0.000190154
8.635 0.0549027 -0.173769 -0.000190693
8.64 0.0550537 -0.173769 -0.000191217
8.645 0.0552008 -0.173769 -0.000191728
8.65 0.0553438 -0.173769 -0.000192224
8.655 0.0554825 -0.173769 -0.000192706
8.66 0.0556167 -0.173769 -0.000193172
8.665 0.0557463 -0.173769 -0.000193622
8.67 0.0558713 -0.173769 -0.000194056
8.675 0.0559924 -0.173769 -0.000194476
8.68 0.0561092 -0.173769 -0.000194882
8.685 0.0562211 -0.173769 -0.000195271
8.69 0.0563277 -0.173769 -0.000195641
8.695 0.0564297 -0.173769 -0.000195995
8.7 0.056528 -0.173769 -0.000196336
8.705 0.0566229 -0.173769 -0.000196666
8.71 0.0567144 -0.173769 -0.000196983
8.715 0.056803 -0.173769 -0.000197291
8.72 0.0568884 -0.173769 -0.000197588
8.725 0.0569691 -0.173769 -0.000197868
8.73 0.0570437 -0.173769 -0.000198127
8.735 0.0571122 -0.173769 -0.000198365
8.74 0.0571759 -0.173769 -0.000198586
8.745 0.0572357 -0.173769 -0.000198794
8.75 0.0572916 -0.173769 -0.000198988
8.755 0.0573427 -0.173769 -0.000199165
8.76 0.0573885 -0.173769 -0.000199324
8.765 0.0574291 -0.173769 -0.000199465
8.77 0.057465 -0.173769 -0.00019959
8.775 0.0574971 -0.173769 -0.000199701
8.78 0.0575262 -0.173769 -0.000199802
8.785 0.057552 -0.173769 -0.000199892
8.79 0.0575737 -0.173769 -0.000199967
8.795 0.0575913 -0.173769 -0.000200028
8.8 0.0576061 -0.173769 -0.00020008
8.805 0.0576184 -0.173769 -0.000200122
8.81 0.0576277 -0.173769 -0.000200155
8.815 0.0576333 -0.173769 -0.000200174
8.82 0.0576349 -0.173769 -0.00020018
8.825 0.0576326 -0.173769 -0.000200172
8.83 0.0576258 -0.173769 -0.000200148
8.835 0.0576144 -0.173769 -0.000200109
8.84 0.0575988 -0.173769 -0.000200054
8.845 0.0575793 -0.173769 -0.000199987
8.85 0.0575563 -0.173769 -0.000199907
8.855 0.05753 -0.173769 -0.000199816
8.86 0.0575001 -0.173769 -0.000199712
8.865 0.057466 -0.173769 -0.000199593
8.87 0.0574275 -0.173769 -0.00019946
8.875 0.0573846 -0.173769 -0.000199311
8.88 0.0573368 -0.173769 -0.000199145
8.885 0.0572839 -0.173769 -0.000198961
8.89 0.0572253 -0.173769 -0.000198758
8.895 0.0571609 -0.173769 -0.000198534
8.9 0.0570922 -0.173769 -0.000198295
8.905 0.0570208 -0.173769 -0.000198047
8.91 0.056946 -0.173769 -0.000197788
8.915 0.0568663 -0.173769 -0.000197511
8.92 0.0567811 -0.173769 -0.000197215
8.925 0.0566913 -0.173769 -0.000196903
8.93 0.0565975 -0.173769 -0.000196578
8.935 0.0564997 -0.173769 -0.000196238
8.94 0.0563972 -0.173769 -0.000195882
8.945 0.0562896 -0.173769 -0.000195509
8.95 0.0561769 -0.173769 -0.000195117
8.955 0.0560596 -0.173769 -0.00019471
8.96 0.0559383 -0.173769 -0.000194289
8.965 0.0558128 -0.173769 -0.000193853
8.97 0.0556831 -0.173769 -0.000193403
8.975 0.0555495 -0.173769 -0.000192939
8.98 0.0554118 -0.173769 -0.000192461
8.985 0.0552692 -0.173769 -0.000191966
8.99 0.0551217 -0.173769 -0.000191453
8.995 0.0549708 -0.173769 -0.000190929
9 0.0548178 -0.173769 -0.000190398
9.005 0.0546627 -0.173769 -0.00018986
9.01 0.0545045 -0.173769 -0.00018931
9.015 0.0543424 -0.173769 -0.000188747
9.02 0.0541763 -0.173769 -0.000188171
9.025 0.0540064 -0.173769 -0.000187581
9.03 0.0538325 -0.173769 -0.000186977
9.035 0.053655 -0.173769 -0.000186361
9.04 0.0534735 -0.173769 -0.00018573
9.045 0.0532868 -0.173769 -0.000185082
9.05 0.0530945 -0.173769 -0.000184414
9.055 0.0528984 -0.173769 -0.000183734
9.06 0.0527003 -0.173769 -0.000183046
9.065 0.0524999 -0.173769 -0.00018235
9.07 0.0522959 -0.173769 -0.000181642
9.075 0.052088 -0.173769 -0.00018092
9.08 0.0518764 -0.173769 -0.000180185
9.085 0.0516613 -0.173769 -0.000179438
9.09 0.0514419 -0.173769 -0.000178676
9.095 0.0512171 -0.173769 -0.000177896
9.1 0.0509862 -0.173769 -0.000177094
9.105 0.0507505 -0.173769 -0.000176276
9.11 0.0505116 -0.173769 -0.000175446
9.115 0.0502694 -0.173769 -0.000174605
9.12 0.0500234 -0.173769 -0.000173751
9.125 0.0497737 -0.173769 -0.000172884
9.13 0.0495207 -0.173769 -0.000172005
9.135 0.0492641 -0.173769 -0.000171115
9.14 0.0490033 -0.173769 -0.000170209
9.145 0.0487379 -0.173769 -0.000169287
9.15 0.0484676 -0.173769 -0.000168349
9.155 0.0481929 -0.173769 -0.000167395
9.16 0.0479144 -0.173769 -0.000166428
9.165 0.0476334 -0.173769 -0.000165452
9.17 0.0473505 -0.173769 -0.00016447
9.175 0.0470656 -0.173769 -0.000163481
9.18 0.0467782 -0.173769 -0.000162483
9.185 0.0464882 -0.173769 -0.000161476
9.19 0.0461963 -0.173769 -0.000160462
9.195 0.0459031 -0.173769 -0.000159444
9.2 0.0456085 -0.173769 -0.000158421
9.205 0.0453114 -0.173769 -0.00015739
9.21 0.0450121 -0.173769 -0.00015635
9.215 0.0447113 -0.173769 -0.000155306
9.22 0.0444095 -0.173769 -0.000154258
9.225 0.0441058 -0.173769 -0.000153204
9.23 0.043799 -0.173769 -0.000152139
9.235 0.0434896 -0.173769 -0.000151064
9.24 0.043178 -0.173769 -0.000149982
9.245 0.0428644 -0.173769 -0.000148893
9.25 0.0425477 -0.173769 -0.000147794
9.255 0.0422269 -0.173769 -0.00014668
9.26 0.0419012 -0.173769 -0.000145549
9.265 0.0415722 -0.173769 -0.000144406
9.27 0.0412415 -0.173769 -0.000143258
9.275 0.0409098 -0.173769 -0.000142106
9.28 0.0405758 -0.173769 -0.000140947
9.285 0.0402391 -0.173769 -0.000139778
9.29 0.0399002 -0.173769 -0.000138601
9.295 0.0395592 -0.173769 -0.000137417
9.3 0.0392162 -0.173769 -0.000136226
9.305 0.0388716 -0.173769 -0.00013503
9.31 0.0385257 -0.173769 -0.000133828
9.315 0.0381776 -0.173769 -0.00013262
9.32 0.0378267 -0.173769 -0.000131401
9.325 0.0374731 -0.173769 -0.000130174
9.33 0.0371173 -0.173769 -0.000128938
9.335 0.0367595 -0.173769 -0.000127696
9.34 0.0364009 -0.173769 -0.000126451
9.345 0.0360422 -0.173769 -0.000125205
9.35 0.0356831 -0.173769 -0.000123958
9.355 0.0353228 -0.173769 -0.000122707
9.36 0.0349609 -0.173769 -0.000121451
9.365 0.0345975 -0.173769 -0.000120189
9.37 0.0342332 -0.173769 -0.000118924
9.375 0.0338683 -0.173769 -0.000117657
9.38 0.0335027 -0.173769 -0.000116387
9.385 0.0331362 -0.173769 -0.000115115
9.39 0.0327681 -0.173769 -0.000113837
9.395 0.0323984 -0.173769 -0.000112553
9.4 0.0320275 -0.173769 -0.000111265
9.405 0.0316549 -0.173769 -0.000109972
9.41 0.0312802 -0.173769 -0.000108671
9.415 0.0309039 -0.173769 -0.000107364
9.42 0.0305264 -0.173769 -0.000106053
9.425 0.0301476 -0.173769 -0.000104738
9.43 0.0297675 -0.173769 -0.000103418
9.435 0.0293863 -0.173769 -0.000102094
9.44 0.0290038 -0.173769 -0.000100766
9.445 0.0286197 -0.173769 -9.94327e-05
9.45 0.028234 -0.173769 -9.80933e-05
9.455 0.0278462 -0.173769 -9.67466e-05
9.46 0.0274562 -0.173769 -9.53927e-05
9.465 0.0270649 -0.173769 -9.40339e-05
9.47 0.026672 -0.173769 -9.26697e-05
9.475 0.0262767 -0.173769 -9.12971e-05
9.48 0.025879 -0.173769 -8.99161e-05
9.485 0.0254797 -0.173769 -8.85297e-05
9.49 0.0250793 -0.173769 -8.71394e-05
9.495 0.0246779 -0.173769 -8.57456e-05
9.5 0.0242756 -0.173769 -8.43488e-05
9.505 0.0238717 -0.173769 -8.29465e-05
9.51 0.0234648 -0.173769 -8.15337e-05
9.515 0.0230546 -0.173769 -8.01091e-05
9.52 0.0226422 -0.173769 -7.86772e-05
9.525 0.0222288 -0.173769 -7.72418e-05
9.53 0.0218143 -0.173769 -7.58027e-05
9.535 0.0213984 -0.173769 -7.43585e-05
9.54 0.0209813 -0.173769 -7.29103e-05
9.545 0.0205634 -0.173769 -7.14593e-05
9.55 0.0201446 -0.173769 -7.00052e-05
9.555 0.0197245 -0.173769 -6.85463e-05
9.56 0.0193024 -0.173769 -6.70806e-05
9.565 0.0188784 -0.173769 -6.56085e-05
9.57 0.0184537 -0.173769 -6.41339e-05
9.575 0.018029 -0.173769 -6.26592e-05
9.58 0.0176033 -0.173769 -6.11811e-05
9.585 0.0171757 -0.173769 -5.96965e-05
9.59 0.0167474 -0.173769 -5.82093e-05
9.595 0.0163202 -0.173769 -5.67261e-05
9.6 0.0158945 -0.173769 -5.52477e-05
9.605 0.0154693 -0.173769 -5.37713e-05
9.61 0.0150441 -0.173769 -5.22951e-05
9.615 0.0146192 -0.173769 -5.08195e-05
9.62 0.0141948 -0.173769 -4.93459e-05
9.625 0.0137711 -0.173769 -4.78749e-05
9.63 0.013348 -0.173769 -4.64057e-05
9.635 0.0129248 -0.173769 -4.49362e-05
9.64 0.012501 -0.173769 -4.34649e-05
9.645 0.0120767 -0.173769 -4.19916e-05
9.65 0.0116517 -0.173769 -4.05159e-05
9.655 0.0112258 -0.173769 -3.90371e-05
9.66 0.0107996 -0.173769 -3.75571e-05
9.665 0.010374 -0.173769 -3.60792e-05
9.67 0.00994959 -0.173769 -3.46058e-05
9.675 0.00952622 -0.173769 -3.31357e-05
9.68 0.00910284 -0.173769 -3.16657e-05
9.685 0.00867851 -0.173769 -3.01923e-05
9.69 0.00825308 -0.173769 -2.87151e-05
9.695 0.00782778 -0.173769 -2.72384e-05
9.7 0.00740463 -0.173769 -2.57691e-05
9.705 0.0069849 -0.173769 -2.43117e-05
9.71 0.00656843 -0.173769 -2.28656e-05
9.715 0.0061539 -0.173769 -2.14263e-05
9.72 0.00573944 -0.173769 -1.99872e-05
9.725 0.00532385 -0.173769 -1.85442e-05
9.73 0.00490746 -0.173769 -1.70984e-05
9.735 0.00449114 -0.173769 -1.56528e-05
9.74 0.00407487 -0.173769 -1.42074e-05
9.745 0.00365797 -0.173769 -1.27599e-05
9.75 0.0032401 -0.173769 -1.13089e-05
9.755 0.00282167 -0.173769 -9.85605e-06
9.76 0.00240389 -0.173769 -8.40539e-06
9.765 0.00198743 -0.173769 -6.95938e-06
9.77 0.00157153 -0.173769 -5.51528e-06
9.775 0.00115529 -0.173769 -4.07001e-06
9.78 0.000739243 -0.173769 -2.62538e-06
9.785 0.00032446 -0.173769 -1.18516e-06
9.79 -8.88858e-05 -0.173769 2.50065e-07
9.795 -0.000501427 -0.173769 1.6825e-06
9.8 -0.000913604 -0.173769 3.11367e-06
9.805 -0.00132541 -0.173769 4.54357e-06
9.81 -0.0017368 -0.173769 5.97199e-06
9.815 -0.00214769 -0.173769 7.39867e-06
9.82 -0.00255765 -0.173769 8.82215e-06
9.825 -0.00296597 -0.173769 1.02399e-05
9.83 -0.00337226 -0.173769 1.16507e-05
9.835 -0.00377673 -0.173769 1.30551e-05
9.84 -0.00417988 -0.173769 1.44549e-05
9.845 -0.00458199 -0.173769 1.58511e-05
9.85 -0.00498284 -0.173769 1.7243e-05
9.855 -0.00538206 -0.173769 1.86291e-05
9.86 -0.0057797 -0.173769 2.00098e-05
9.865 -0.00617595 -0.173769 2.13857e-05
9.87 -0.00657079 -0.173769 2.27567e-05
9.875 -0.00696447 -0.173769 2.41236e-05
9.88 -0.00735705 -0.173769 2.54867e-05
9.885 -0.00774787 -0.173769 2.68438e-05
9.89 -0.00813644 -0.173769 2.8193e-05
9.895 -0.0085233 -0.173769 2.95362e-05
9.9 -0.00890887 -0.173769 3.0875e-05
9.905 -0.00929224 -0.173769 3.22061e-05
9.91 -0.00967221 -0.173769 3.35255e-05
9.915 -0.0100486 -0.173769 3.48326e-05
9.92 -0.0104218 -0.173769 3.61283e-05
9.925 -0.0107918 -0.173769 3.74131e-05
9.93 -0.0111592 -0.173769 3.86887e-05
9.935 -0.0115242 -0.173769 3.99561e-05
9.94 -0.0118866 -0.173769 4.12145e-05
9.945 -0.0122465 -0.173769 4.24642e-05
9.95 -0.0126044 -0.173769 4.37065e-05
9.955 -0.0129596 -0.173769 4.49402e-05
9.96 -0.013312 -0.173769 4.61635e-05
9.965 -0.013662 -0.173769 4.7379e-05
9.97 -0.0140105 -0.173769 4.8589e-05
9.975 -0.0143568 -0.173769 4.97913e-05
9.98 -0.0146997 -0.173769 5.09822e-05
9.985 -0.0150393 -0.173769 5.21614e-05
9.99 -0.0153762 -0.173769 5.33312e-05
9.995 -0.0157107 -0.173769 5.44924e-05
10 -0.016042 -0.173769 5.56429e-05
10.005 -0.0163701 -0.173769 5.6782e-05
10.01 -0.0166956 -0.173769 5.79122e-05
10.015 -0.0170189 -0.173769 5.90347e-05
10.02 -0.0173395 -0.173769 6.01481e-05
10.025 -0.0176569 -0.173769 6.12502e-05
10.03 -0.0179706 -0.173769 6.23393e-05
10.035 -0.0182803 -0.173769 6.34146e-05
10.04 -0.0185863 -0.173769 6.44771e-05
10.045 -0.0188894 -0.173769 6.55295e-05
10.05 -0.0191901 -0.173769 6.65738e-05
10.055 -0.0194886 -0.173769 6.76101e-05
10.06 -0.0197846 -0.173769 6.8638e-05
10.065 -0.0200786 -0.173769 6.96586e-05
10.07 -0.0203707 -0.173769 7.06732e-05
10.075 -0.0206613 -0.173769 7.1682e-05
10.08 -0.0209502 -0.173769 7.26851e-05
10.085 -0.0212363 -0.173769 7.36787e-05
10.09 -0.021518 -0.173769 7.46569e-05
10.095 -0.0217949 -0.173769 7.56182e-05
10.1 -0.0220683 -0.173769 7.65673e-05
10.105 -0.0223395 -0.173769 7.75091e-05
10.11 -0.0226092 -0.173769 7.84457e-05
10.115 -0.0228774 -0.173769 7.93769e-05
10.12 -0.0231434 -0.173769 8.03004e-05
10.125 -0.0234064 -0.173769 8.12137e-05
10.13 -0.023667 -0.173769 8.21184e-05
10.135 -0.0239265 -0.173769 8.30197e-05
10.14 -0.0241854 -0.173769 8.39184e-05
10.145 -0.0244417 -0.173769 8.48084e-05
10.15 -0.0246937 -0.173769 8.56834e-05
10.155 -0.0249413 -0.173769 8.65433e-05
10.16 -0.0251855 -0.173769 8.73911e-05
10.165 -0.0254266 -0.173769 8.82283e-05
10.17 -0.0256648 -0.173769 8.90552e-05
10.175 -0.0258996 -0.173769 8.98705e-05
10.18 -0.0261306 -0.173769 9.06727e-05
10.185 -0.0263575 -0.173769 9.14604e-05
10.19 -0.0265798 -0.173769 9.22323e-05
10.195 -0.0267972 -0.173769 9.29872e-05
10.2 -0.0270099 -0.173769 9.3726e-05
10.205 -0.027219 -0.173769 9.44519e-05
10.21 -0.0274253 -0.173769 9.5168e-05
10.215 -0.027629 -0.173769 9.58754e-05
10.22 -0.0278303 -0.173769 9.65744e-05
10.225 -0.028029 -0.173769 9.72642e-05
10.23 -0.0282244 -0.173769 9.79427e-05
10.235 -0.0284158 -0.173769 9.86075e-05
10.24 -0.0286031 -0.173769 9.92577e-05
10.245 -0.0287866 -0.173769 9.98951e-05
10.25 -0.0289678 -0.173769 0.000100524
10.255 -0.0291474 -0.173769 0.000101148
10.26 -0.0293245 -0.173769 0.000101763
10.265 -0.029497 -0.173769 0.000102361
10.27 -0.0296639 -0.173769 0.000102941
10.275 -0.029827 -0.173769 0.000103507
10.28 -0.0299877 -0.173769 0.000104065
10.285 -0.0301461 -0.173769 0.000104615
10.29 -0.0303015 -0.173769 0.000105155
10.295 -0.0304536 -0.173769 0.000105683
10.3 -0.0306021 -0.173769 0.000106199
10.305 -0.0307464 -0.173769 0.0001067
10.31 -0.0308862 -0.173769 0.000107185
10.315 -0.0310226 -0.173769 0.000107659
10.32 -0.0311565 -0.173769 0.000108124
10.325 -0.0312879 -0.173769 0.00010858
10.33 -0.0314164 -0.173769 0.000109026
10.335 -0.0315419 -0.173769 0.000109462
10.34 -0.0316643 -0.173769 0.000109887
10.345 -0.0317829 -0.173769 0.000110299
10.35 -0.0318972 -0.173769 0.000110695
10.355 -0.032008 -0.173769 0.00011108
10.36 -0.0321164 -0.173769 0.000111457
10.365 -0.0322226 -0.173769 0.000111825
10.37 -0.0323258 -0.173769 0.000112184
10.375 -0.0324252 -0.173769 0.000112529
10.38 -0.0325206 -0.173769 0.00011286
10.385 -0.0326121 -0.173769 0.000113178
10.39 -0.0326997 -0.173769 0.000113482
10.395 -0.0327837 -0.173769 0.000113774
10.4 -0.0328634 -0.173769 0.00011405
10.405 -0.0329377 -0.173769 0.000114308
10.41 -0.0330062 -0.173769 0.000114546
10.415 -0.0330696 -0.173769 0.000114766
10.42 -0.033129 -0.173769 0.000114973
10.425 -0.0331849 -0.173769 0.000115167
10.43 -0.0332372 -0.173769 0.000115348
10.435 -0.0332861 -0.173769 0.000115518
10.44 -0.0333317 -0.173769 0.000115676
10.445 -0.0333735 -0.173769 0.000115822
10.45 -0.0334108 -0.173769 0.000115951
10.455 -0.033444 -0.173769 0.000116067
10.46 -0.0334737 -0.173769 0.00011617
10.465 -0.0334998 -0.173769 0.00011626
10.47 -0.0335219 -0.173769 0.000116337
10.475 -0.0335408 -0.173769 0.000116403
10.48 -0.0335574 -0.173769 0.00011646
10.485 -0.0335712 -0.173769 0.000116508
10.49 -0.0335818 -0.173769 0.000116545
10.495 -0.0335893 -0.173769 0.000116571
10.5 -0.0335939 -0.173769 0.000116587
10.505 -0.0335949 -0.173769 0.00011659
10.51 -0.0335923 -0.173769 0.000116582
10.515 -0.033586 -0.173769 0.00011656
10.52 -0.0335752 -0.173769 0.000116522
10.525 -0.0335595 -0.173769 0.000116467
10.53 -0.033539 -0.173769 0.000116396
10.535 -0.0335142 -0.173769 0.00011631
10.54 -0.033485 -0.173769 0.000116209
10.545 -0.0334516 -0.173769 0.000116093
10.55 -0.0334136 -0.173769 0.000115961
10.555 -0.0333706 -0.173769 0.000115812
10.56 -0.033323 -0.173769 0.000115646
10.565 -0.0332714 -0.173769 0.000115467
10.57 -0.0332162 -0.173769 0.000115275
10.575 -0.0331579 -0.173769 0.000115073
10.58 -0.0330964 -0.173769 0.000114859
10.585 -0.0330316 -0.173769 0.000114634
10.59 -0.0329636 -0.173769 0.000114398
10.595 -0.0328923 -0.173769 0.000114151
10.6 -0.0328168 -0.173769 0.000113889
