0.1 -1.75302e-31 200 7.99361e-14
0.2 5.55124e-31 400 -4.44089e-14
0.3 2.04519e-31 600 -8.70415e-14
0.4 3.50605e-31 800 -3.05533e-13
0.5 1.28555e-30 1000 -2.34479e-13
0.6 -5.84341e-31 1200 4.01457e-13
0.7 4.67473e-31 1400 8.02913e-13
0.8 -5.84341e-31 1600 3.90799e-13
0.9 1.16868e-31 1800 1.77636e-13
1 -1.16868e-31 2000 -1.63425e-13
0.005 -1.5395e-05 2000 0.00667246
0.01 -7.69604e-05 2000 0.0332885
0.015 -0.000200235 2000 0.0865354
0.02 -0.000385465 2000 0.166548
0.025 -0.00063287 2000 0.273422
0.03 -0.000942661 2000 0.407247
0.035 -0.00131504 2000 0.568113
0.04 -0.00175021 2000 0.756102
0.045 -0.00224835 2000 0.971297
0.05 -0.00280965 2000 1.21378
0.055 -0.00343428 2000 1.48362
0.06 -0.00412241 2000 1.78089
0.065 -0.00487418 2000 2.10565
0.07 -0.00568975 2000 2.45798
0.075 -0.00656925 2000 2.83792
0.08 -0.00751283 2000 3.24555
0.085 -0.00852064 2000 3.68092
0.09 -0.00959281 2000 4.14409
0.095 -0.0107294 2000 4.63512
0.1 -0.0119306 2000 5.15402
0.105 -0.0131964 2000 5.70083
0.11 -0.0145269 2000 6.2756
0.115 -0.0159221 2000 6.87837
0.12 -0.0173823 2000 7.50917
0.125 -0.0189075 2000 8.16803
0.13 -0.0204976 2000 8.85499
0.135 -0.0221529 2000 9.57006
0.14 -0.0238733 2000 10.3133
0.145 -0.0256589 2000 11.0846
0.15 -0.0275096 2000 11.8842
0.155 -0.0294255 2000 12.7118
0.16 -0.0314067 2000 13.5677
0.165 -0.0334532 2000 14.4518
0.17 -0.0355648 2000 15.364
0.175 -0.0377417 2000 16.3044
0.18 -0.0399837 2000 17.273
0.185 -0.042291 2000 18.2697
0.19 -0.0446634 2000 19.2946
0.195 -0.047101 2000 20.3476
0.2 -0.0496036 2000 21.4288
0.205 -0.0521712 2000 22.538
0.21 -0.0548036 2000 23.6752
0.215 -0.0575009 2000 24.8404
0.22 -0.0602628 2000 26.0335
0.225 -0.0630896 2000 27.2547
0.23 -0.0659811 2000 28.5038
0.235 -0.068937 2000 29.7808
0.24 -0.071957 2000 31.0854
0.245 -0.075041 2000 32.4177
0.25 -0.0781892 2000 33.7777
0.255 -0.0814015 2000 35.1654
0.26 -0.0846776 2000 36.5807
0.265 -0.0880175 2000 38.0236
0.27 -0.0914209 2000 39.4938
0.275 -0.0948878 2000 40.9915
0.28 -0.0984178 2000 42.5165
0.285 -0.102011 2000 44.0687
0.29 -0.105667 2000 45.648
0.295 -0.109385 2000 47.2545
0.3 -0.113167 2000 48.8882
0.305 -0.117011 2000 50.5488
0.31 -0.120917 2000 52.2363
0.315 -0.124886 2000 53.9506
0.32 -0.128916 2000 55.6916
0.325 -0.133007 2000 57.459
0.33 -0.13716 2000 59.2529
0.335 -0.141373 2000 61.0732
0.34 -0.145647 2000 62.9197
0.345 -0.149982 2000 64.7922
0.35 -0.154377 2000 66.6907
0.355 -0.158831 2000 68.6151
0.36 -0.163346 2000 70.5654
0.365 -0.16792 2000 72.5414
0.37 -0.172554 2000 74.5431
0.375 -0.177246 2000 76.5701
0.38 -0.181996 2000 78.6222
0.385 -0.186804 2000 80.6992
0.39 -0.19167 2000 82.8014
0.395 -0.196593 2000 84.9283
0.4 -0.201574 2000 87.0801
0.405 -0.206612 2000 89.2565
0.41 -0.211707 2000 91.4575
0.415 -0.216858 2000 93.6829
0.42 -0.222066 2000 95.9324
0.425 -0.227329 2000 98.206
0.43 -0.232647 2000 100.503
0.435 -0.238019 2000 102.824
0.44 -0.243446 2000 105.169
0.445 -0.248927 2000 107.536
0.45 -0.254461 2000 109.927
0.455 -0.260049 2000 112.341
0.46 -0.265689 2000 114.778
0.465 -0.271382 2000 117.237
0.47 -0.277127 2000 119.719
0.475 -0.282923 2000 122.223
0.48 -0.28877 2000 124.749
0.485 -0.294668 2000 127.297
0.49 -0.300616 2000 129.866
0.495 -0.306614 2000 132.457
0.5 -0.312662 2000 135.07
0.505 -0.318758 2000 137.704
0.51 -0.324903 2000 140.358
0.515 -0.331095 2000 143.033
0.52 -0.337336 2000 145.729
0.525 -0.343623 2000 148.445
0.53 -0.349957 2000 151.182
0.535 -0.356337 2000 153.938
0.54 -0.362763 2000 156.714
0.545 -0.369233 2000 159.509
0.55 -0.375747 2000 162.323
0.555 -0.382305 2000 165.156
0.56 -0.388907 2000 168.008
0.565 -0.39555 2000 170.878
0.57 -0.402235 2000 173.766
0.575 -0.408961 2000 176.671
0.58 -0.415725 2000 179.593
0.585 -0.422528 2000 182.532
0.59 -0.429368 2000 185.487
0.595 -0.436248 2000 188.459
0.6 -0.443167 2000 191.448
0.605 -0.450126 2000 194.455
0.61 -0.457123 2000 197.477
0.615 -0.464156 2000 200.515
0.62 -0.471226 2000 203.57
0.625 -0.478334 2000 206.64
0.63 -0.485478 2000 209.727
0.635 -0.492658 2000 212.828
0.64 -0.499872 2000 215.945
0.645 -0.50712 2000 219.076
0.65 -0.514401 2000 222.221
0.655 -0.521715 2000 225.381
0.66 -0.52906 2000 228.554
0.665 -0.536436 2000 231.74
0.67 -0.543839 2000 234.939
0.675 -0.551272 2000 238.149
0.68 -0.558733 2000 241.373
0.685 -0.566224 2000 244.609
0.69 -0.573743 2000 247.857
0.695 -0.581289 2000 251.117
0.7 -0.588861 2000 254.388
0.705 -0.596459 2000 257.67
0.71 -0.604082 2000 260.963
0.715 -0.611729 2000 264.267
0.72 -0.619401 2000 267.581
0.725 -0.627097 2000 270.906
0.73 -0.634814 2000 274.24
0.735 -0.642553 2000 277.583
0.74 -0.650312 2000 280.935
0.745 -0.65809 2000 284.295
0.75 -0.665885 2000 287.662
0.755 -0.673696 2000 291.037
0.76 -0.681523 2000 294.418
0.765 -0.689367 2000 297.807
0.77 -0.697226 2000 301.202
0.775 -0.7051 2000 304.603
0.78 -0.71299 2000 308.012
0.785 -0.720895 2000 311.427
0.79 -0.728816 2000 314.848
0.795 -0.736749 2000 318.276
0.8 -0.744694 2000 321.708
0.805 -0.75265 2000 325.145
0.81 -0.760616 2000 328.586
0.815 -0.768591 2000 332.032
0.82 -0.776575 2000 335.481
0.825 -0.784565 2000 338.932
0.83 -0.792561 2000 342.386
0.835 -0.800564 2000 345.844
0.84 -0.808574 2000 349.304
0.845 -0.81659 2000 352.767
0.85 -0.824609 2000 356.231
0.855 -0.832633 2000 359.697
0.86 -0.840662 2000 363.166
0.865 -0.848695 2000 366.636
0.87 -0.85673 2000 370.107
0.875 -0.864766 2000 373.579
0.88 -0.872802 2000 377.051
0.885 -0.880837 2000 380.522
0.89 -0.888872 2000 383.993
0.895 -0.896906 2000 387.464
0.9 -0.90494 2000 390.934
0.905 -0.912972 2000 394.404
0.91 -0.921001 2000 397.873
0.915 -0.929026 2000 401.339
0.92 -0.937046 2000 404.804
0.925 -0.945059 2000 408.265
0.93 -0.953064 2000 411.724
0.935 -0.961064 2000 415.18
0.94 -0.969057 2000 418.633
0.945 -0.977042 2000 422.082
0.95 -0.985016 2000 425.527
0.955 -0.99298 2000 428.967
0.96 -1.00093 2000 432.403
0.965 -1.00888 2000 435.834
0.97 -1.01681 2000 439.26
0.975 -1.02472 2000 442.68
0.98 -1.03262 2000 446.094
0.985 -1.04051 2000 449.499
0.99 -1.04837 2000 452.897
0.995 -1.05622 2000 456.286
1 -1.06405 2000 459.668
1.005 -1.07186 2000 463.043
1.01 -1.07965 2000 466.41
1.015 -1.08743 2000 469.77
1.02 -1.09519 2000 473.121
1.025 -1.10293 2000 476.464
1.03 -1.11064 2000 479.798
1.035 -1.11834 2000 483.123
1.04 -1.12602 2000 486.439
1.045 -1.13367 2000 489.744
1.05 -1.14129 2000 493.037
1.055 -1.14888 2000 496.318
1.06 -1.15645 2000 499.585
1.065 -1.16398 2000 502.841
1.07 -1.17149 2000 506.083
1.075 -1.17896 2000 509.312
1.08 -1.1864 2000 512.527
1.085 -1.19381 2000 515.727
1.09 -1.20119 2000 518.912
1.095 -1.20852 2000 522.082
1.1 -1.21583 2000 525.237
1.105 -1.2231 2000 528.378
1.11 -1.23033 2000 531.503
1.115 -1.23753 2000 534.614
1.12 -1.2447 2000 537.709
1.125 -1.25182 2000 540.785
1.13 -1.2589 2000 543.844
1.135 -1.26594 2000 546.888
1.14 -1.27295 2000 549.915
1.145 -1.27992 2000 552.927
1.15 -1.28685 2000 555.92
1.155 -1.29374 2000 558.894
1.16 -1.30057 2000 561.848
1.165 -1.30737 2000 564.784
1.17 -1.31412 2000 567.702
1.175 -1.32084 2000 570.602
1.18 -1.32751 2000 573.483
1.185 -1.33413 2000 576.345
1.19 -1.34071 2000 579.187
1.195 -1.34724 2000 582.007
1.2 -1.35372 2000 584.806
1.205 -1.36014 2000 587.581
1.21 -1.36651 2000 590.334
1.215 -1.37283 2000 593.064
1.22 -1.3791 2000 595.771
1.225 -1.38531 2000 598.455
1.23 -1.39147 2000 601.115
1.235 -1.39757 2000 603.751
1.24 -1.40362 2000 606.365
1.245 -1.40963 2000 608.961
1.25 -1.4156 2000 611.538
1.255 -1.42151 2000 614.093
1.26 -1.42737 2000 616.622
1.265 -1.43316 2000 619.125
1.27 -1.43889 2000 621.6
1.275 -1.44456 2000 624.051
1.28 -1.45017 2000 626.475
1.285 -1.45573 2000 628.874
1.29 -1.46122 2000 631.247
1.295 -1.46665 2000 633.593
1.3 -1.47202 2000 635.914
1.305 -1.47733 2000 638.208
1.31 -1.48259 2000 640.477
1.315 -1.48777 2000 642.718
1.32 -1.49289 2000 644.93
1.325 -1.49795 2000 647.114
1.33 -1.50294 2000 649.27
1.335 -1.50787 2000 651.399
1.34 -1.51274 2000 653.502
1.345 -1.51754 2000 655.579
1.35 -1.52228 2000 657.626
1.355 -1.52695 2000 659.642
1.36 -1.53155 2000 661.629
1.365 -1.53608 2000 663.585
1.37 -1.54054 2000 665.512
1.375 -1.54492 2000 667.407
1.38 -1.54924 2000 669.271
1.385 -1.55348 2000 671.101
1.39 -1.55764 2000 672.9
1.395 -1.56173 2000 674.666
1.4 -1.56574 2000 676.399
1.405 -1.56968 2000 678.101
1.41 -1.57354 2000 679.77
1.415 -1.57733 2000 681.408
1.42 -1.58105 2000 683.014
1.425 -1.58469 2000 684.587
1.43 -1.58826 2000 686.126
1.435 -1.59174 2000 687.632
1.44 -1.59515 2000 689.103
1.445 -1.59847 2000 690.54
1.45 -1.60172 2000 691.943
1.455 -1.60489 2000 693.312
1.46 -1.60797 2000 694.645
1.465 -1.61098 2000 695.943
1.47 -1.6139 2000 697.206
1.475 -1.61675 2000 698.436
1.48 -1.61952 2000 699.634
1.485 -1.62222 2000 700.797
1.49 -1.62482 2000 701.923
1.495 -1.62734 2000 703.012
1.5 -1.62978 2000 704.064
1.505 -1.63213 2000 705.081
1.51 -1.6344 2000 706.061
1.515 -1.63658 2000 707.003
1.52 -1.63867 2000 707.907
1.525 -1.64068 2000 708.776
1.53 -1.64262 2000 709.61
1.535 -1.64447 2000 710.41
1.54 -1.64624 2000 711.175
1.545 -1.64792 2000 711.901
1.55 -1.6495 2000 712.586
1.555 -1.651 2000 713.231
1.56 -1.65241 2000 713.839
1.565 -1.65373 2000 714.41
1.57 -1.65496 2000 714.942
1.575 -1.6561 2000 715.435
1.58 -1.65715 2000 715.887
1.585 -1.6581 2000 716.298
1.59 -1.65895 2000 716.667
1.595 -1.65971 2000 716.993
1.6 -1.66037 2000 717.279
1.605 -1.66094 2000 717.526
1.61 -1.66142 2000 717.735
1.615 -1.66182 2000 717.905
1.62 -1.66212 2000 718.034
1.625 -1.66232 2000 718.123
1.63 -1.66243 2000 718.171
1.635 -1.66245 2000 718.178
1.64 -1.66236 2000 718.138
1.645 -1.66215 2000 718.048
1.65 -1.66182 2000 717.908
1.655 -1.66139 2000 717.719
1.66 -1.66085 2000 717.486
1.665 -1.6602 2000 717.207
1.67 -1.65945 2000 716.882
1.675 -1.65859 2000 716.512
1.68 -1.65763 2000 716.097
1.685 -1.65656 2000 715.633
1.69 -1.65537 2000 715.12
1.695 -1.65407 2000 714.558
1.7 -1.65266 2000 713.948
1.705 -1.65114 2000 713.291
1.71 -1.6495 2000 712.586
1.715 -1.64776 2000 711.832
1.72 -1.64589 2000 711.025
1.725 -1.6439 2000 710.166
1.73 -1.64178 2000 709.251
1.735 -1.63954 2000 708.282
1.74 -1.63718 2000 707.261
1.745 -1.63469 2000 706.188
1.75 -1.63209 2000 705.065
1.755 -1.62937 2000 703.888
1.76 -1.62653 2000 702.659
1.765 -1.62356 2000 701.379
1.77 -1.62048 2000 700.049
1.775 -1.61729 2000 698.669
1.78 -1.61398 2000 697.238
1.785 -1.61055 2000 695.758
1.79 -1.60701 2000 694.23
1.795 -1.60337 2000 692.654
1.8 -1.59961 2000 691.03
1.805 -1.59573 2000 689.357
1.81 -1.59174 2000 687.634
1.815 -1.58764 2000 685.86
1.82 -1.58341 2000 684.034
1.825 -1.57906 2000 682.155
1.83 -1.5746 2000 680.226
1.835 -1.57002 2000 678.247
1.84 -1.56532 2000 676.219
1.845 -1.56051 2000 674.141
1.85 -1.55559 2000 672.013
1.855 -1.55054 2000 669.834
1.86 -1.54538 2000 667.603
1.865 -1.5401 2000 665.323
1.87 -1.53472 2000 662.998
1.875 -1.52922 2000 660.625
1.88 -1.52362 2000 658.202
1.885 -1.51789 2000 655.73
1.89 -1.51205 2000 653.206
1.895 -1.50609 2000 650.631
1.9 -1.50002 2000 648.007
1.905 -1.49383 2000 645.335
1.91 -1.48753 2000 642.615
1.915 -1.48113 2000 639.847
1.92 -1.47461 2000 637.033
1.925 -1.468 2000 634.175
1.93 -1.46128 2000 631.273
1.935 -1.45446 2000 628.326
1.94 -1.44753 2000 625.334
1.945 -1.44049 2000 622.294
1.95 -1.43335 2000 619.205
1.955 -1.42609 2000 616.071
1.96 -1.41873 2000 612.892
1.965 -1.41126 2000 609.665
1.97 -1.40367 2000 606.387
1.975 -1.39597 2000 603.058
1.98 -1.38815 2000 599.68
1.985 -1.38021 2000 596.252
1.99 -1.37216 2000 592.773
1.995 -1.36399 2000 589.242
2 -1.3557 2000 585.662
2.005 -1.34732 2000 582.041
2.01 -1.33884 2000 578.381
2.015 -1.33028 2000 574.681
2.02 -1.32161 2000 570.937
2.025 -1.31284 2000 567.149
2.03 -1.30397 2000 563.317
2.035 -1.295 2000 559.442
2.04 -1.28593 2000 555.523
2.045 -1.27677 2000 551.564
2.05 -1.26752 2000 547.57
2.055 -1.25819 2000 543.539
2.06 -1.24877 2000 539.469
2.065 -1.23926 2000 535.36
2.07 -1.22966 2000 531.212
2.075 -1.21996 2000 527.022
2.08 -1.21017 2000 522.792
2.085 -1.20029 2000 518.523
2.09 -1.19032 2000 514.217
2.095 -1.18027 2000 509.876
2.1 -1.17014 2000 505.501
2.105 -1.15992 2000 501.085
2.11 -1.14959 2000 496.624
2.115 -1.13917 2000 492.12
2.12 -1.12864 2000 487.574
2.125 -1.11803 2000 482.989
2.13 -1.10732 2000 478.361
2.135 -1.0965 2000 473.686
2.14 -1.08556 2000 468.961
2.145 -1.07451 2000 464.19
2.15 -1.06337 2000 459.377
2.155 -1.05214 2000 454.524
2.16 -1.04081 2000 449.63
2.165 -1.02939 2000 444.696
2.17 -1.01788 2000 439.724
2.175 -1.00629 2000 434.716
2.18 -0.994613 2000 429.673
2.185 -0.982857 2000 424.594
2.19 -0.971015 2000 419.478
2.195 -0.959088 2000 414.326
2.2 -0.947084 2000 409.14
2.205 -0.935015 2000 403.927
2.21 -0.922875 2000 398.682
2.215 -0.910648 2000 393.4
2.22 -0.898338 2000 388.082
2.225 -0.885963 2000 382.736
2.23 -0.873532 2000 377.366
2.235 -0.861036 2000 371.967
2.24 -0.848461 2000 366.535
2.245 -0.835808 2000 361.069
2.25 -0.823079 2000 355.57
2.255 -0.810273 2000 350.038
2.26 -0.797382 2000 344.469
2.265 -0.784411 2000 338.866
2.27 -0.771371 2000 333.232
2.275 -0.75827 2000 327.573
2.28 -0.745104 2000 321.885
2.285 -0.731861 2000 316.164
2.29 -0.718532 2000 310.406
2.295 -0.705121 2000 304.612
2.3 -0.691639 2000 298.788
2.305 -0.678101 2000 292.94
2.31 -0.664515 2000 287.07
2.315 -0.650878 2000 281.179
2.32 -0.637188 2000 275.265
2.325 -0.623447 2000 269.329
2.33 -0.609653 2000 263.37
2.335 -0.595794 2000 257.383
2.34 -0.581865 2000 251.366
2.345 -0.567881 2000 245.325
2.35 -0.553854 2000 239.265
2.355 -0.539781 2000 233.185
2.36 -0.525652 2000 227.082
2.365 -0.511463 2000 220.952
2.37 -0.497212 2000 214.795
2.375 -0.482894 2000 208.61
2.38 -0.468511 2000 202.397
2.385 -0.454072 2000 196.159
2.39 -0.439592 2000 189.904
2.395 -0.425071 2000 183.631
2.4 -0.410498 2000 177.335
2.405 -0.395865 2000 171.014
2.41 -0.381164 2000 164.663
2.415 -0.366403 2000 158.286
2.42 -0.351607 2000 151.894
2.425 -0.336786 2000 145.491
2.43 -0.321938 2000 139.077
2.435 -0.307053 2000 132.646
2.44 -0.292117 2000 126.195
2.445 -0.277128 2000 119.719
2.45 -0.262087 2000 113.221
2.455 -0.247005 2000 106.706
2.46 -0.231906 2000 100.183
2.465 -0.216783 2000 93.65
2.47 -0.201625 2000 87.1016
2.475 -0.186425 2000 80.5355
2.48 -0.171187 2000 73.9524
2.485 -0.155921 2000 67.3575
2.49 -0.140633 2000 60.7527
2.495 -0.125316 2000 54.136
2.5 -0.109985 2000 47.5127
2.505 -0.0946628 2000 40.8933
2.51 -0.0793142 2000 34.2628
2.515 -0.0639592 2000 27.629
2.52 -0.0486227 2000 21.0037
2.525 -0.0333143 2000 14.3901
2.53 -0.0180527 2000 7.79715
2.535 -0.00279763 2000 1.20723
2.54 0.0124453 2000 -5.37748
2.545 0.0276341 2000 -11.9391
2.55 0.0428418 2000 -18.5081
2.555 0.0579414 2000 -25.0314
2.56 0.0729163 1999.99 -31.4999
2.565 0.087599 1999.99 -37.8422
2.57 0.101882 1999.99 -44.0166
2.575 0.116091 1999.99 -50.1583
2.58 0.130322 1999.99 -56.3051
2.585 0.144565 1999.99 -62.4572
2.59 0.158809 1999.99 -68.6095
2.595 0.173046 1999.99 -74.7593
2.6 0.187282 2000 -80.9086
2.605 0.20152 2000 -87.0592
2.61 0.21576 2000 -93.2106
2.615 0.23 2000 -99.3619
2.62 0.244241 2000 -105.514
2.625 0.25848 2000 -111.665
2.63 0.272711 2000 -117.812
2.635 0.286927 2000 -123.954
2.64 0.301133 2000 -130.091
2.645 0.315338 2000 -136.227
2.65 0.329548 2000 -142.365
2.655 0.343762 2000 -148.506
2.66 0.35797 2000 -154.644
2.665 0.37216 2000 -160.774
2.67 0.386329 2000 -166.894
2.675 0.400484 2000 -173.009
2.68 0.414633 2000 -179.122
2.685 0.428774 2000 -185.231
2.69 0.442906 2000 -191.336
2.695 0.457039 2000 -197.441
2.7 0.471181 2000 -203.551
2.705 0.485324 2000 -209.66
2.71 0.499454 2000 -215.765
2.715 0.513557 2000 -221.857
2.72 0.52763 2000 -227.937
2.725 0.541698 2000 -234.014
2.73 0.555786 2000 -240.1
2.735 0.569894 2000 -246.194
2.74 0.583998 2000 -252.287
2.745 0.598088 2000 -258.374
2.75 0.61217 2000 -264.458
2.755 0.626259 2000 -270.544
2.76 0.640362 2000 -276.637
2.765 0.654471 2000 -282.732
2.77 0.668568 2000 -288.822
2.775 0.68264 2000 -294.901
2.78 0.69668 2000 -300.966
2.785 0.710683 2000 -307.015
2.79 0.724646 2000 -313.047
2.795 0.738583 2000 -319.068
2.8 0.752497 2000 -325.079
2.805 0.766382 2000 -331.077
2.81 0.780237 2000 -337.063
2.815 0.794071 2000 -343.039
2.82 0.807894 2000 -349.01
2.825 0.821705 2000 -354.977
2.83 0.835496 2000 -360.934
2.835 0.849253 2000 -366.878
2.84 0.862979 2000 -372.807
2.845 0.876686 2000 -378.729
2.85 0.890381 2000 -384.645
2.855 0.904048 2000 -390.549
2.86 0.917671 2000 -396.434
2.865 0.931254 2000 -402.302
2.87 0.944804 2000 -408.156
2.875 0.95832 2000 -413.994
2.88 0.971796 2000 -419.816
2.885 0.985234 2000 -425.621
2.89 0.998637 2000 -431.411
2.895 1.012 2000 -437.185
2.9 1.02532 2000 -442.94
2.905 1.0386 2000 -448.677
2.91 1.05185 2000 -454.399
2.915 1.06506 2000 -460.107
2.92 1.07824 2000 -465.801
2.925 1.09138 2000 -471.478
2.93 1.10449 2000 -477.139
2.935 1.11755 2000 -482.782
2.94 1.13057 2000 -488.404
2.945 1.14353 2000 -494.003
2.95 1.15644 2000 -499.581
2.955 1.16931 2000 -505.143
2.96 1.18216 2000 -510.692
2.965 1.19495 2000 -516.219
2.97 1.20769 2000 -521.723
2.975 1.22038 2000 -527.205
2.98 1.23302 2000 -532.666
2.985 1.24561 2000 -538.105
2.99 1.25814 2000 -543.518
2.995 1.2706 2000 -548.9
3 1.28298 2000 -554.249
3.005 1.29529 2000 -559.565
3.01 1.30754 2000 -564.859
3.015 1.31975 2000 -570.133
3.02 1.3319 2000 -575.382
3.025 1.34398 2000 -580.6
3.03 1.35598 2000 -585.783
3.035 1.3679 2000 -590.931
3.04 1.37975 2000 -596.05
3.045 1.39154 2000 -601.146
3.05 1.40329 2000 -606.22
3.055 1.41498 2000 -611.273
3.06 1.42662 2000 -616.301
3.065 1.4382 2000 -621.303
3.07 1.44972 2000 -626.28
3.075 1.46119 2000 -631.235
3.08 1.47259 2000 -636.161
3.085 1.48392 2000 -641.055
3.09 1.49518 2000 -645.917
3.095 1.50636 2000 -650.749
3.1 1.51747 2000 -655.549
3.105 1.52851 2000 -660.315
3.11 1.53947 2000 -665.052
3.115 1.55037 2000 -669.761
3.12 1.56121 2000 -674.441
3.125 1.57198 2000 -679.094
3.13 1.58269 2000 -683.721
3.135 1.59334 2000 -688.322
3.14 1.60392 2000 -692.895
3.145 1.61444 2000 -697.438
3.15 1.62489 2000 -701.951
3.155 1.63526 2000 -706.433
3.16 1.64555 2000 -710.878
3.165 1.65576 2000 -715.286
3.17 1.66589 2000 -719.663
3.175 1.67595 2000 -724.013
3.18 1.68597 2000 -728.339
3.185 1.69593 2000 -732.64
3.19 1.70581 2000 -736.91
3.195 1.71562 2000 -741.148
3.2 1.72535 2000 -745.352
3.205 1.73501 2000 -749.524
3.21 1.74461 2000 -753.672
3.215 1.75417 2000 -757.803
3.22 1.76367 2000 -761.907
3.225 1.77308 2000 -765.97
3.23 1.78237 2000 -769.985
3.235 1.79157 2000 -773.96
3.24 1.80071 2000 -777.906
3.245 1.80977 2000 -781.822
3.25 1.81876 2000 -785.704
3.255 1.82767 2000 -789.555
3.26 1.83653 2000 -793.381
3.265 1.84532 2000 -797.177
3.27 1.85401 2000 -800.932
3.275 1.86261 2000 -804.649
3.28 1.87114 2000 -808.331
3.285 1.87958 2000 -811.977
3.29 1.88793 2000 -815.586
3.295 1.89621 2000 -819.164
3.3 1.90443 2000 -822.714
3.305 1.91258 2000 -826.235
3.31 1.92065 2000 -829.722
3.315 1.92865 2000 -833.177
3.32 1.93657 2000 -836.597
3.325 1.94439 2000 -839.979
3.33 1.95213 2000 -843.321
3.335 1.95978 2000 -846.626
3.34 1.96735 2000 -849.897
3.345 1.97484 2000 -853.131
3.35 1.98224 2000 -856.327
3.355 1.98955 2000 -859.486
3.36 1.99677 2000 -862.604
3.365 2.00389 2000 -865.68
3.37 2.01091 2000 -868.713
3.375 2.01784 2000 -871.708
3.38 2.0247 2000 -874.668
3.385 2.03147 2000 -877.593
3.39 2.03815 2000 -880.482
3.395 2.04476 2000 -883.336
3.4 2.05127 2000 -886.151
3.405 2.05769 2000 -888.923
3.41 2.064 2000 -891.647
3.415 2.07019 2000 -894.321
3.42 2.07628 2000 -896.952
3.425 2.08229 2000 -899.548
3.43 2.08822 2000 -902.11
3.435 2.09406 2000 -904.633
3.44 2.0998 2000 -907.115
3.445 2.10546 2000 -909.557
3.45 2.11102 2000 -911.962
3.455 2.11651 2000 -914.331
3.46 2.1219 2000 -916.662
3.465 2.1272 2000 -918.949
3.47 2.13238 2000 -921.189
3.475 2.13746 2000 -923.385
3.48 2.14246 2000 -925.544
3.485 2.14739 2000 -927.671
3.49 2.15223 2000 -929.762
3.495 2.15697 2000 -931.813
3.5 2.16163 2000 -933.824
3.505 2.1662 2000 -935.799
3.51 2.17069 2000 -937.737
3.515 2.17509 2000 -939.639
3.52 2.17941 2000 -941.504
3.525 2.18364 2000 -943.334
3.53 2.18779 2000 -945.125
3.535 2.19183 2000 -946.872
3.54 2.19578 2000 -948.577
3.545 2.19965 2000 -950.247
3.55 2.20344 2000 -951.884
3.555 2.20714 2000 -953.483
3.56 2.21074 2000 -955.039
3.565 2.21424 2000 -956.553
3.57 2.21766 2000 -958.028
3.575 2.22098 2000 -959.462
3.58 2.22418 2000 -960.847
3.585 2.22727 2000 -962.179
3.59 2.23023 2000 -963.46
3.595 2.23308 2000 -964.69
3.6 2.23582 2000 -965.873
3.605 2.23845 2000 -967.013
3.61 2.241 2000 -968.113
3.615 2.24346 2000 -969.176
3.62 2.24583 2000 -970.199
3.625 2.24809 2000 -971.177
3.63 2.25025 2000 -972.107
3.635 2.25229 2000 -972.99
3.64 2.25423 2000 -973.829
3.645 2.25609 2000 -974.629
3.65 2.25786 2000 -975.394
3.655 2.25954 2000 -976.123
3.66 2.26113 2000 -976.807
3.665 2.2626 2000 -977.443
3.67 2.26396 2000 -978.032
3.675 2.26522 2000 -978.573
3.68 2.26636 2000 -979.069
3.685 2.26741 2000 -979.523
3.69 2.26837 2000 -979.937
3.695 2.26924 2000 -980.313
3.7 2.27002 2000 -980.649
3.705 2.2707 2000 -980.944
3.71 2.27128 2000 -981.195
3.715 2.27177 2000 -981.404
3.72 2.27216 2000 -981.574
3.725 2.27247 2000 -981.706
3.73 2.27267 2000 -981.795
3.735 2.27277 2000 -981.839
3.74 2.27277 2000 -981.836
3.745 2.27265 2000 -981.786
3.75 2.27244 2000 -981.692
3.755 2.27212 2000 -981.556
3.76 2.2717 2000 -981.375
3.765 2.27119 2000 -981.152
3.77 2.27057 2000 -980.885
3.775 2.26984 2000 -980.572
3.78 2.26901 2000 -980.211
3.785 2.26806 2000 -979.803
3.79 2.26701 2000 -979.349
3.795 2.26585 2000 -978.848
3.8 2.26458 2000 -978.3
3.805 2.26322 2000 -977.71
3.81 2.26175 2000 -977.077
3.815 2.26017 2000 -976.395
3.82 2.25846 2000 -975.654
3.825 2.25661 2000 -974.854
3.83 2.25464 2000 -974.003
3.835 2.25255 2000 -973.103
3.84 2.25036 2000 -972.156
3.845 2.24805 2000 -971.159
3.85 2.24563 2000 -970.112
3.855 2.2431 2000 -969.018
3.86 2.24046 2000 -967.879
3.865 2.23771 2000 -966.69
3.87 2.23484 2000 -965.453
3.875 2.23186 2000 -964.163
3.88 2.22876 2000 -962.822
3.885 2.22555 2000 -961.437
3.89 2.22224 2000 -960.006
3.895 2.21882 2000 -958.528
3.9 2.2153 2000 -957.008
3.905 2.2117 2000 -955.454
3.91 2.20803 2000 -953.867
3.915 2.20426 2000 -952.241
3.92 2.2004 2000 -950.574
3.925 2.19645 2000 -948.868
3.93 2.19241 2000 -947.123
3.935 2.18828 2000 -945.338
3.94 2.18407 2000 -943.518
3.945 2.17978 2000 -941.664
3.95 2.1754 2000 -939.771
3.955 2.17091 2000 -937.832
3.96 2.16631 2000 -935.846
3.965 2.16162 2000 -933.818
3.97 2.15683 2000 -931.749
3.975 2.15193 2000 -929.635
3.98 2.14692 2000 -927.47
3.985 2.1418 2000 -925.257
3.99 2.13657 2000 -922.998
3.995 2.13123 2000 -920.692
4 2.12577 2000 -918.332
4.005 2.12018 2000 -915.919
4.01 2.1145 2000 -913.462
4.015 2.10873 2000 -910.97
4.02 2.10287 2000 -908.439
4.025 2.09691 2000 -905.864
4.03 2.09084 2000 -903.241
4.035 2.08466 2000 -900.575
4.04 2.0784 2000 -897.867
4.045 2.07202 2000 -895.112
4.05 2.06553 2000 -892.31
4.055 2.05895 2000 -889.467
4.06 2.05228 2000 -886.585
4.065 2.04552 2000 -883.665
4.07 2.03868 2000 -880.71
4.075 2.03176 2000 -877.72
4.08 2.02475 2000 -874.69
4.085 2.01763 2000 -871.614
4.09 2.0104 2000 -868.491
4.095 2.00307 2000 -865.326
4.1 1.99565 2000 -862.12
4.105 1.98813 2000 -858.871
4.11 1.98052 2000 -855.585
4.115 1.97284 2000 -852.267
4.12 1.96508 2000 -848.915
4.125 1.95723 2000 -845.524
4.13 1.94929 2000 -842.095
4.135 1.94128 2000 -838.631
4.14 1.93319 2000 -835.138
4.145 1.92504 2000 -831.616
4.15 1.91682 2000 -828.064
4.155 1.90853 2000 -824.484
4.16 1.90017 2000 -820.875
4.165 1.89175 2000 -817.237
4.17 1.88327 2000 -813.572
4.175 1.87473 2000 -809.883
4.18 1.86614 2000 -806.174
4.185 1.85752 2000 -802.447
4.19 1.84884 2000 -798.701
4.195 1.84012 2000 -794.933
4.2 1.83133 2000 -791.134
4.205 1.82245 2000 -787.296
4.21 1.81347 2000 -783.421
4.215 1.80444 2000 -779.516
4.22 1.79534 2000 -775.586
4.225 1.78619 2000 -771.632
4.23 1.77698 2000 -767.657
4.235 1.76775 2000 -763.666
4.24 1.75848 2000 -759.663
4.245 1.74917 2000 -755.643
4.25 1.73981 2000 -751.597
4.255 1.73037 2000 -747.521
4.26 1.72087 2000 -743.417
4.265 1.71131 2000 -739.287
4.27 1.7017 2000 -735.132
4.275 1.69201 2000 -730.947
4.28 1.68224 2000 -726.728
4.285 1.6724 2000 -722.478
4.29 1.66251 2000 -718.206
4.295 1.65257 2000 -713.912
4.3 1.64257 2000 -709.591
4.305 1.6325 2000 -705.241
4.31 1.62237 2000 -700.863
4.315 1.61217 2000 -696.459
4.32 1.60191 2000 -692.027
4.325 1.5916 2000 -687.572
4.33 1.58124 2000 -683.097
4.335 1.57082 2000 -678.594
4.34 1.56033 2000 -674.062
4.345 1.54979 2000 -669.508
4.35 1.5392 2000 -664.933
4.355 1.52855 2000 -660.334
4.36 1.51785 2000 -655.71
4.365 1.5071 2000 -651.066
4.37 1.49631 2000 -646.407
4.375 1.48549 2000 -641.733
4.38 1.47463 2000 -637.04
4.385 1.46371 2000 -632.325
4.39 1.45274 2000 -627.582
4.395 1.44169 2000 -622.81
4.4 1.43058 2000 -618.01
4.405 1.41941 2000 -613.187
4.41 1.4082 2000 -608.342
4.415 1.39693 2000 -603.476
4.42 1.38563 2000 -598.59
4.425 1.37428 2000 -593.687
4.43 1.36289 2000 -588.77
4.435 1.35148 2000 -583.842
4.44 1.34003 2000 -578.895
4.445 1.32853 2000 -573.924
4.45 1.31697 2000 -568.93
4.455 1.30539 2000 -563.927
4.46 1.2938 2000 -558.923
4.465 1.28221 2000 -553.915
4.47 1.27059 2000 -548.897
4.475 1.25895 2000 -543.867
4.48 1.24729 2000 -538.828
4.485 1.2356 2000 -533.781
4.49 1.22391 2000 -528.728
4.495 1.21219 2000 -523.667
4.5 1.20044 2000 -518.592
4.505 1.18865 2000 -513.497
4.51 1.17681 2000 -508.38
4.515 1.16492 2000 -503.245
4.52 1.153 2000 -498.096
4.525 1.14106 2000 -492.938
4.53 1.1291 2000 -487.772
4.535 1.11712 2000 -482.596
4.54 1.10513 2000 -477.417
4.545 1.09316 2000 -472.243
4.55 1.08119 2000 -467.074
4.555 1.0692 2000 -461.895
4.56 1.05717 2000 -456.698
4.565 1.04511 2000 -451.487
4.57 1.03304 2000 -446.275
4.575 1.02098 2000 -441.062
4.58 1.00889 2000 -435.84
4.585 0.996759 2000 -430.6
4.59 0.984588 2000 -425.342
4.595 0.972389 2000 -420.072
4.6 0.960172 2000 -414.794
4.605 0.947954 2000 -409.516
4.61 0.93576 2000 -404.248
4.615 0.923598 2000 -398.995
4.62 0.911451 2000 -393.747
4.625 0.89929 2000 -388.493
4.63 0.887099 2000 -383.227
4.635 0.874882 2000 -377.949
4.64 0.862658 2000 -372.668
4.645 0.850423 2000 -367.383
4.65 0.83815 2000 -362.081
4.655 0.825825 2000 -356.756
4.66 0.813466 2000 -351.417
4.665 0.801098 2000 -346.074
4.67 0.788719 2000 -340.727
4.675 0.77631 2000 -335.366
4.68 0.76387 2000 -329.992
4.685 0.751428 2000 -324.617
4.69 0.739004 2000 -319.25
4.695 0.726596 2000 -313.89
4.7 0.714197 2000 -308.533
4.705 0.701797 2000 -303.176
4.71 0.689387 2000 -297.815
4.715 0.676964 2000 -292.449
4.72 0.664545 2000 -287.084
4.725 0.652164 2000 -281.735
4.73 0.639856 2000 -276.418
4.735 0.627621 2000 -271.132
4.74 0.615426 2000 -265.864
4.745 0.603257 2000 -260.607
4.75 0.59112 2000 -255.364
4.755 0.579018 2000 -250.136
4.76 0.566946 2000 -244.921
4.765 0.554911 2000 -239.722
4.77 0.542913 2000 -234.539
4.775 0.53093 2000 -229.362
4.78 0.518941 2000 -224.183
4.785 0.50696 2000 -219.007
4.79 0.495009 2000 -213.844
4.795 0.483082 2000 -208.692
4.8 0.47117 2000 -203.545
4.805 0.459282 2000 -198.41
4.81 0.447439 2000 -193.293
4.815 0.435634 2000 -188.194
4.82 0.423846 2000 -183.101
4.825 0.412074 2000 -178.016
4.83 0.400333 2000 -172.944
4.835 0.388629 2000 -167.888
4.84 0.376959 2000 -162.846
4.845 0.365319 2000 -157.818
4.85 0.3537 2000 -152.799
4.855 0.342106 2000 -147.79
4.86 0.330544 2000 -142.795
4.865 0.319017 2000 -137.815
4.87 0.307524 2000 -132.85
4.875 0.296071 2000 -127.902
4.88 0.284659 2000 -122.973
4.885 0.273278 2000 -118.056
4.89 0.261924 2000 -113.151
4.895 0.25061 2000 -108.264
4.9 0.239337 2000 -103.394
4.905 0.228082 2000 -98.5316
4.91 0.21685 2000 -93.679
4.915 0.205677 2000 -88.8523
4.92 0.194587 2000 -84.0617
4.925 0.18357 2000 -79.3022
4.93 0.172607 2000 -74.5661
4.935 0.161687 2000 -69.849
4.94 0.150802 2000 -65.1465
4.945 0.139938 2000 -60.4534
4.95 0.129089 2000 -55.7665
4.955 0.118252 2000 -51.0849
4.96 0.107432 2000 -46.4105
4.965 0.0966429 2000 -41.7497
4.97 0.0859046 2000 -37.1108
4.975 0.0752262 2000 -32.4977
4.98 0.0646077 2000 -27.9105
4.985 0.0540517 2000 -23.3503
4.99 0.0435661 2000 -18.8206
4.995 0.0331459 2000 -14.319
5 0.0227626 2000 -9.83345
5.005 0.0123893 2000 -5.35217
5.01 0.00202601 2000 -0.875236
5.015 -0.00830222 2000 3.58656
5.02 -0.0185656 2000 8.02033
5.025 -0.0287604 2000 12.4245
5.03 -0.0389096 2000 16.8089
5.035 -0.0490291 2000 21.1806
5.04 -0.0591166 2000 25.5384
5.045 -0.0691597 2000 29.877
5.05 -0.0791507 2000 34.1931
5.055 -0.0890979 2000 38.4903
5.06 -0.0990154 2000 42.7747
5.065 -0.108906 2000 47.0475
5.07 -0.118758 2000 51.3033
5.075 -0.128549 2000 55.5331
5.08 -0.138271 2000 59.7329
5.085 -0.147932 2000 63.9066
5.09 -0.157535 2000 68.0551
5.095 -0.167064 2000 72.1718
5.1 -0.176515 2000 76.2544
5.105 -0.185901 2000 80.3094
5.11 -0.195233 2000 84.3406
5.115 -0.204505 2000 88.3463
5.12 -0.213724 2000 92.329
5.125 -0.222901 2000 96.2934
5.13 -0.23202 2000 100.233
5.135 -0.241046 2000 104.132
5.14 -0.249965 2000 107.985
5.145 -0.258796 2000 111.8
5.15 -0.267562 2000 115.587
5.155 -0.276269 2000 119.348
5.16 -0.284912 2000 123.082
5.165 -0.293488 2000 126.787
5.17 -0.301993 2000 130.461
5.175 -0.310428 2000 134.105
5.18 -0.318802 2000 137.723
5.185 -0.327117 2000 141.314
5.19 -0.335357 2000 144.874
5.195 -0.343519 2000 148.4
5.2 -0.351603 2000 151.893
5.205 -0.359611 2000 155.352
5.21 -0.367549 2000 158.781
5.215 -0.375421 2000 162.182
5.22 -0.383211 2000 165.547
5.225 -0.390912 2000 168.874
5.23 -0.39855 2000 172.174
5.235 -0.406148 2000 175.456
5.24 -0.413711 2000 178.723
5.245 -0.421244 2000 181.977
5.25 -0.428741 2000 185.216
5.255 -0.436168 2000 188.425
5.26 -0.443489 2000 191.587
5.265 -0.450701 2000 194.703
5.27 -0.457816 2000 197.777
5.275 -0.464843 2000 200.812
5.28 -0.471776 2000 203.807
5.285 -0.478605 2000 206.757
5.29 -0.485329 2000 209.662
5.295 -0.491967 2000 212.53
5.3 -0.498542 2000 215.37
5.305 -0.505049 2000 218.181
5.31 -0.511466 2000 220.953
5.315 -0.517778 2000 223.68
5.32 -0.523982 2000 226.36
5.325 -0.530091 2000 228.999
5.33 -0.536121 2000 231.604
5.335 -0.542078 2000 234.178
5.34 -0.547951 2000 236.715
5.345 -0.553732 2000 239.212
5.35 -0.559428 2000 241.673
5.355 -0.565041 2000 244.098
5.36 -0.570577 2000 246.489
5.365 -0.576043 2000 248.85
5.37 -0.581438 2000 251.181
5.375 -0.586755 2000 253.478
5.38 -0.591981 2000 255.736
5.385 -0.597099 2000 257.947
5.39 -0.602104 2000 260.109
5.395 -0.607012 2000 262.229
5.4 -0.611845 2000 264.317
5.405 -0.616612 2000 266.376
5.41 -0.621305 2000 268.404
5.415 -0.625908 2000 270.392
5.42 -0.630402 2000 272.334
5.425 -0.63477 2000 274.221
5.43 -0.639023 2000 276.058
5.435 -0.64318 2000 277.854
5.44 -0.647251 2000 279.612
5.445 -0.651228 2000 281.331
5.45 -0.655088 2000 282.998
5.455 -0.658813 2000 284.607
5.46 -0.662409 2000 286.161
5.465 -0.665896 2000 287.667
5.47 -0.669287 2000 289.132
5.475 -0.672575 2000 290.553
5.48 -0.675752 2000 291.925
5.485 -0.678825 2000 293.252
5.49 -0.681808 2000 294.541
5.495 -0.684713 2000 295.796
5.5 -0.687552 2000 297.023
5.505 -0.690328 2000 298.222
5.51 -0.693033 2000 299.39
5.515 -0.69566 2000 300.525
5.52 -0.698208 2000 301.626
5.525 -0.70067 2000 302.689
5.53 -0.703041 2000 303.714
5.535 -0.705321 2000 304.699
5.54 -0.707498 2000 305.639
5.545 -0.709554 2000 306.527
5.55 -0.711488 2000 307.363
5.555 -0.713321 2000 308.155
5.56 -0.715072 2000 308.911
5.565 -0.716734 2000 309.629
5.57 -0.718292 2000 310.302
5.575 -0.719755 2000 310.934
5.58 -0.721149 2000 311.536
5.585 -0.722487 2000 312.115
5.59 -0.723768 2000 312.668
5.595 -0.724973 2000 313.188
5.6 -0.726085 2000 313.669
5.605 -0.7271 2000 314.107
5.61 -0.728028 2000 314.508
5.615 -0.728872 2000 314.873
5.62 -0.729621 2000 315.196
5.625 -0.730272 2000 315.477
5.63 -0.730832 2000 315.719
5.635 -0.731309 2000 315.926
5.64 -0.73171 2000 316.099
5.645 -0.732032 2000 316.238
5.65 -0.732253 2000 316.333
5.655 -0.732341 2000 316.371
5.66 -0.732292 2000 316.35
5.665 -0.732135 2000 316.282
5.67 -0.731892 2000 316.177
5.675 -0.731569 2000 316.038
5.68 -0.731164 2000 315.863
5.685 -0.730671 2000 315.65
5.69 -0.730092 2000 315.4
5.695 -0.729432 2000 315.115
5.7 -0.7287 2000 314.798
5.705 -0.727895 2000 314.45
5.71 -0.727009 2000 314.068
5.715 -0.726036 2000 313.648
5.72 -0.724952 2000 313.179
5.725 -0.723722 2000 312.648
5.73 -0.722331 2000 312.047
5.735 -0.720805 2000 311.388
5.74 -0.719181 2000 310.686
5.745 -0.717472 2000 309.948
5.75 -0.715672 2000 309.17
5.755 -0.71378 2000 308.353
5.76 -0.711803 2000 307.499
5.765 -0.709745 2000 306.61
5.77 -0.707607 2000 305.686
5.775 -0.705386 2000 304.727
5.78 -0.703078 2000 303.73
5.785 -0.700666 2000 302.688
5.79 -0.698149 2000 301.6
5.795 -0.69554 2000 300.473
5.8 -0.692846 2000 299.31
5.805 -0.690068 2000 298.109
5.81 -0.687217 2000 296.878
5.815 -0.684321 2000 295.627
5.82 -0.681385 2000 294.358
5.825 -0.678386 2000 293.063
5.83 -0.675303 2000 291.731
5.835 -0.672133 2000 290.361
5.84 -0.668887 2000 288.959
5.845 -0.665569 2000 287.526
5.85 -0.662168 2000 286.056
5.855 -0.658671 2000 284.546
5.86 -0.655082 2000 282.996
5.865 -0.651415 2000 281.411
5.87 -0.647679 2000 279.797
5.875 -0.643872 2000 278.153
5.88 -0.639985 2000 276.474
5.885 -0.636022 2000 274.762
5.89 -0.631998 2000 273.023
5.895 -0.627923 2000 271.263
5.9 -0.623801 2000 269.482
5.905 -0.61962 2000 267.676
5.91 -0.615376 2000 265.842
5.915 -0.611089 2000 263.991
5.92 -0.60678 2000 262.129
5.925 -0.602439 2000 260.254
5.93 -0.598039 2000 258.353
5.935 -0.593566 2000 256.42
5.94 -0.589017 2000 254.455
5.945 -0.584397 2000 252.459
5.95 -0.579705 2000 250.433
5.955 -0.574941 2000 248.374
5.96 -0.570105 2000 246.285
5.965 -0.565209 2000 244.17
5.97 -0.56027 2000 242.037
5.975 -0.555295 2000 239.888
5.98 -0.550271 2000 237.717
5.985 -0.545178 2000 235.517
5.99 -0.540005 2000 233.282
5.995 -0.534759 2000 231.016
6 -0.529471 2000 228.731
6.005 -0.524164 2000 226.439
6.01 -0.518826 2000 224.133
6.015 -0.513437 2000 221.805
6.02 -0.508 2000 219.456
6.025 -0.502521 2000 217.089
6.03 -0.496991 2000 214.7
6.035 -0.491409 2000 212.289
6.04 -0.485776 2000 209.855
6.045 -0.480092 2000 207.4
6.05 -0.474375 2000 204.93
6.055 -0.468651 2000 202.457
6.06 -0.462926 2000 199.984
6.065 -0.457176 2000 197.5
6.07 -0.451377 2000 194.995
6.075 -0.44552 2000 192.465
6.08 -0.43961 2000 189.911
6.085 -0.433663 2000 187.342
6.09 -0.427692 2000 184.763
6.095 -0.4217 2000 182.174
6.1 -0.415689 2000 179.578
6.105 -0.409663 2000 176.974
6.11 -0.403615 2000 174.362
6.115 -0.397551 2000 171.742
6.12 -0.391491 2000 169.124
6.125 -0.385455 2000 166.517
6.13 -0.379426 2000 163.912
6.135 -0.373364 2000 161.293
6.14 -0.367248 2000 158.651
6.145 -0.361089 2000 155.991
6.15 -0.354904 2000 153.318
6.155 -0.348694 2000 150.636
6.16 -0.342464 2000 147.944
6.165 -0.336207 2000 145.242
6.17 -0.329902 2000 142.518
6.175 -0.323533 2000 139.766
6.18 -0.317116 2000 136.994
6.185 -0.310669 2000 134.209
6.19 -0.304193 2000 131.411
6.195 -0.297681 2000 128.598
6.2 -0.291147 2000 125.775
6.205 -0.2846 2000 122.947
6.21 -0.278035 2000 120.111
6.215 -0.271443 2000 117.263
6.22 -0.264829 2000 114.406
6.225 -0.258198 2000 111.541
6.23 -0.251547 2000 108.668
6.235 -0.244871 2000 105.784
6.24 -0.238167 2000 102.888
6.245 -0.231438 2000 99.9813
6.25 -0.224692 2000 97.067
6.255 -0.217934 2000 94.1474
6.26 -0.211171 2000 91.2257
6.265 -0.204405 2000 88.3029
6.27 -0.197627 2000 85.3748
6.275 -0.190834 2000 82.4403
6.28 -0.184043 2000 79.5065
6.285 -0.177269 2000 76.5802
6.29 -0.170507 2000 73.6591
6.295 -0.163738 2000 70.7349
6.3 -0.156948 2000 67.8015
6.305 -0.150134 2000 64.8581
6.31 -0.143303 2000 61.9067
6.315 -0.136458 2000 58.95
6.32 -0.129601 2000 55.9878
6.325 -0.12272 2000 53.0152
6.33 -0.115801 2000 50.0259
6.335 -0.108837 2000 47.0176
6.34 -0.101842 2000 43.9956
6.345 -0.0948414 2000 40.9715
6.35 -0.0878572 2000 37.9543
6.355 -0.0808813 2000 34.9407
6.36 -0.0738884 2000 31.9198
6.365 -0.0668886 2000 28.8959
6.37 -0.0599388 2000 25.8936
6.375 -0.053082 2000 22.9314
6.38 -0.0463013 2000 20.0022
6.385 -0.0395429 2000 17.0825
6.39 -0.0327676 2000 14.1556
6.395 -0.0259712 2000 11.2196
6.4 -0.0191694 2000 8.28117
6.405 -0.0123734 2000 5.34531
6.41 -0.00558202 2000 2.41143
6.415 0.00120606 2000 -0.521017
6.42 0.00798636 2000 -3.45011
6.425 0.0147526 2000 -6.37313
6.43 0.0214985 2000 -9.28736
6.435 0.0282223 2000 -12.192
6.44 0.0349224 2000 -15.0865
6.445 0.0415829 2000 -17.9638
6.45 0.0481854 2000 -20.8161
6.455 0.0547357 2000 -23.6458
6.46 0.0612515 2000 -26.4607
6.465 0.0677389 2000 -29.2632
6.47 0.0741943 2000 -32.0519
6.475 0.080616 2000 -34.8261
6.48 0.0870113 2000 -37.5889
6.485 0.0933938 2000 -40.3461
6.49 0.0997714 2000 -43.1013
6.495 0.106132 2000 -45.8492
6.5 0.112448 2000 -48.5775
6.505 0.118703 2000 -51.2798
6.51 0.124914 2000 -53.9628
6.515 0.131096 2000 -56.6333
6.52 0.137239 2000 -59.2874
6.525 0.143333 2000 -61.92
6.53 0.149392 2000 -64.5375
6.535 0.155443 2000 -67.1513
6.54 0.161497 2000 -69.7669
6.545 0.167551 2000 -72.382
6.55 0.173588 2000 -74.9901
6.555 0.179598 2000 -77.5865
6.56 0.185585 2000 -80.1725
6.565 0.191553 2000 -82.7511
6.57 0.197505 2000 -85.3222
6.575 0.203439 2000 -87.8855
6.58 0.209361 2000 -90.4441
6.585 0.215285 2000 -93.0033
6.59 0.221211 2000 -95.5632
6.595 0.227121 2000 -98.1163
6.6 0.232995 2000 -100.654
6.605 0.238834 2000 -103.176
6.61 0.244643 2000 -105.686
6.615 0.250403 2000 -108.174
6.62 0.256093 2000 -110.632
6.625 0.261728 2000 -113.066
6.63 0.267333 2000 -115.488
6.635 0.272914 2000 -117.899
6.64 0.278464 2000 -120.297
6.645 0.283989 2000 -122.683
6.65 0.289502 2000 -125.065
6.655 0.295002 2000 -127.441
6.66 0.300478 2000 -129.807
6.665 0.305915 2000 -132.155
6.67 0.311285 2000 -134.475
6.675 0.316554 2000 -136.751
6.68 0.321725 2000 -138.985
6.685 0.326835 2000 -141.193
6.69 0.331917 2000 -143.388
6.695 0.336975 2000 -145.573
6.7 0.342001 2000 -147.744
6.705 0.346993 2000 -149.901
6.71 0.351958 2000 -152.046
6.715 0.356892 2000 -154.177
6.72 0.361786 2000 -156.291
6.725 0.366639 2000 -158.388
6.73 0.371453 2000 -160.468
6.735 0.376219 2000 -162.527
6.74 0.380932 2000 -164.563
6.745 0.38561 2000 -166.583
6.75 0.390276 2000 -168.599
6.755 0.39492 2000 -170.605
6.76 0.399514 2000 -172.59
6.765 0.40405 2000 -174.549
6.77 0.408532 2000 -176.486
6.775 0.412975 2000 -178.405
6.78 0.417386 2000 -180.311
6.785 0.421765 2000 -182.203
6.79 0.426105 2000 -184.077
6.795 0.43038 2000 -185.924
6.8 0.434557 2000 -187.729
6.805 0.438627 2000 -189.487
6.81 0.442618 2000 -191.211
6.815 0.446555 2000 -192.912
6.82 0.450437 2000 -194.589
6.825 0.454266 2000 -196.243
6.83 0.458054 2000 -197.88
6.835 0.461803 2000 -199.499
6.84 0.465499 2000 -201.096
6.845 0.469132 2000 -202.665
6.85 0.472704 2000 -204.208
6.855 0.476229 2000 -205.731
6.86 0.479717 2000 -207.238
6.865 0.483164 2000 -208.727
6.87 0.486565 2000 -210.196
6.875 0.489911 2000 -211.641
6.88 0.493193 2000 -213.059
6.885 0.496416 2000 -214.452
6.89 0.499599 2000 -215.827
6.895 0.502741 2000 -217.184
6.9 0.505821 2000 -218.514
6.905 0.508831 2000 -219.815
6.91 0.511784 2000 -221.091
6.915 0.514684 2000 -222.343
6.92 0.517519 2000 -223.568
6.925 0.520294 2000 -224.767
6.93 0.523023 2000 -225.946
6.935 0.525702 2000 -227.103
6.94 0.528307 2000 -228.229
6.945 0.530824 2000 -229.316
6.95 0.533271 2000 -230.373
6.955 0.535677 2000 -231.413
6.96 0.538054 2000 -232.439
6.965 0.540392 2000 -233.449
6.97 0.542675 2000 -234.436
6.975 0.544891 2000 -235.393
6.98 0.54703 2000 -236.317
6.985 0.549101 2000 -237.212
6.99 0.55113 2000 -238.088
6.995 0.553119 2000 -238.947
7 0.555027 2000 -239.772
7.005 0.556814 2000 -240.544
7.01 0.558485 2000 -241.265
7.015 0.560072 2000 -241.951
7.02 0.561589 2000 -242.607
7.025 0.563029 2000 -243.228
7.03 0.564372 2000 -243.809
7.035 0.565606 2000 -244.342
7.04 0.566736 2000 -244.83
7.045 0.567783 2000 -245.282
7.05 0.568762 2000 -245.705
7.055 0.569678 2000 -246.101
7.06 0.570533 2000 -246.47
7.065 0.571313 2000 -246.807
7.07 0.571999 2000 -247.104
7.075 0.572577 2000 -247.353
7.08 0.573051 2000 -247.558
7.085 0.573436 2000 -247.724
7.09 0.57375 2000 -247.86
7.095 0.573999 2000 -247.968
7.1 0.574178 2000 -248.045
7.105 0.574281 2000 -248.089
7.11 0.574315 2000 -248.104
7.115 0.574285 2000 -248.091
7.12 0.574191 2000 -248.05
7.125 0.574023 2000 -247.978
7.13 0.573776 2000 -247.871
7.135 0.573452 2000 -247.731
7.14 0.573044 2000 -247.555
7.145 0.572557 2000 -247.345
7.15 0.57202 2000 -247.113
7.155 0.57146 2000 -246.871
7.16 0.570864 2000 -246.613
7.165 0.570193 2000 -246.323
7.17 0.569441 2000 -245.999
7.175 0.568629 2000 -245.648
7.18 0.567768 2000 -245.276
7.185 0.566846 2000 -244.878
7.19 0.565847 2000 -244.446
7.195 0.564763 2000 -243.978
7.2 0.563604 2000 -243.477
7.205 0.562375 2000 -242.946
7.21 0.561064 2000 -242.38
7.215 0.559676 2000 -241.78
7.22 0.558235 2000 -241.157
7.225 0.556757 2000 -240.519
7.23 0.555227 2000 -239.858
7.235 0.553629 2000 -239.168
7.24 0.551968 2000 -238.45
7.245 0.550253 2000 -237.709
7.25 0.548471 2000 -236.94
7.255 0.54661 2000 -236.136
7.26 0.54468 2000 -235.302
7.265 0.542699 2000 -234.446
7.27 0.540665 2000 -233.567
7.275 0.538558 2000 -232.657
7.28 0.536367 2000 -231.71
7.285 0.534094 2000 -230.729
7.29 0.531746 2000 -229.714
7.295 0.529339 2000 -228.674
7.3 0.526878 2000 -227.611
7.305 0.524363 2000 -226.525
7.31 0.521789 2000 -225.413
7.315 0.519151 2000 -224.273
7.32 0.516434 2000 -223.099
7.325 0.513624 2000 -221.886
7.33 0.510725 2000 -220.633
7.335 0.507753 2000 -219.349
7.34 0.504718 2000 -218.038
7.345 0.501615 2000 -216.698
7.35 0.498431 2000 -215.322
7.355 0.495159 2000 -213.909
7.36 0.491813 2000 -212.463
7.365 0.488414 2000 -210.995
7.37 0.484969 2000 -209.506
7.375 0.481472 2000 -207.996
7.38 0.477919 2000 -206.461
7.385 0.474304 2000 -204.899
7.39 0.470623 2000 -203.309
7.395 0.466884 2000 -201.694
7.4 0.463081 2000 -200.051
7.405 0.459189 2000 -198.37
7.41 0.455194 2000 -196.644
7.415 0.451118 2000 -194.883
7.42 0.446984 2000 -193.097
7.425 0.442791 2000 -191.286
7.43 0.438518 2000 -189.44
7.435 0.434149 2000 -187.553
7.44 0.429677 2000 -185.62
7.445 0.425118 2000 -183.651
7.45 0.420511 2000 -181.661
7.455 0.415883 2000 -179.661
7.46 0.411226 2000 -177.65
7.465 0.406509 2000 -175.612
7.47 0.401707 2000 -173.537
7.475 0.396817 2000 -171.425
7.48 0.39186 2000 -169.283
7.485 0.386852 2000 -167.12
7.49 0.381786 2000 -164.932
7.495 0.37665 2000 -162.713
7.5 0.371449 2000 -160.466
7.505 0.366198 2000 -158.197
7.51 0.360907 2000 -155.912
7.515 0.355573 2000 -153.607
7.52 0.350168 2000 -151.273
7.525 0.344684 2000 -148.903
7.53 0.339138 2000 -146.508
7.535 0.33355 2000 -144.094
7.54 0.327916 2000 -141.66
7.545 0.322218 2000 -139.198
7.55 0.316444 2000 -136.704
7.555 0.310598 2000 -134.178
7.56 0.304696 2000 -131.629
7.565 0.298745 2000 -129.058
7.57 0.29274 2000 -126.464
7.575 0.286682 2000 -123.847
7.58 0.280567 2000 -121.205
7.585 0.274378 2000 -118.531
7.59 0.268104 2000 -115.821
7.595 0.26175 2000 -113.076
7.6 0.255317 2000 -110.297
7.605 0.248816 2000 -107.489
7.61 0.242275 2000 -104.663
7.615 0.235721 2000 -101.831
7.62 0.229147 2000 -98.9914
7.625 0.222519 2000 -96.1284
7.63 0.215812 2000 -93.2309
7.635 0.209032 2000 -90.3018
7.64 0.202206 2000 -87.3528
7.645 0.195349 2000 -84.3909
7.65 0.188457 2000 -81.4135
7.655 0.181516 2000 -78.4147
7.66 0.174517 2000 -75.3915
7.665 0.167464 2000 -72.3444
7.67 0.160361 2000 -69.276
7.675 0.153218 2000 -66.1902
7.68 0.146052 2000 -63.0944
7.685 0.13888 2000 -59.9961
7.69 0.131698 2000 -56.8936
7.695 0.124485 2000 -53.7773
7.7 0.117226 2000 -50.6415
7.705 0.109936 2000 -47.4925
7.71 0.102637 2000 -44.3393
7.715 0.0953144 2000 -41.1758
7.72 0.0879364 2000 -37.9885
7.725 0.080519 2000 -34.7842
7.73 0.0731056 2000 -31.5816
7.735 0.0656919 2000 -28.3789
7.74 0.0582409 2000 -25.1601
7.745 0.0507535 2000 -21.9255
7.75 0.0432632 2000 -18.6897
7.755 0.0357778 2000 -15.456
7.76 0.0282752 2000 -12.2149
7.765 0.0207424 2000 -8.96071
7.77 0.0131879 2000 -5.69715
7.775 0.0056251 2000 -2.43004
7.78 -0.0019407 2000 0.838382
7.785 -0.00951011 2000 4.10837
7.79 -0.0170884 2000 7.38219
7.795 -0.0246828 2000 10.663
7.8 -0.0322906 2000 13.9496
7.805 -0.0399098 2000 17.241
7.81 -0.0475631 2000 20.5473
7.815 -0.0552847 2000 23.883
7.82 -0.0630737 2000 27.2478
7.825 -0.0708932 2000 30.6258
7.83 -0.0787214 2000 34.0076
7.835 -0.0865748 2000 37.4003
7.84 -0.094477 2000 40.8141
7.845 -0.10243 2000 44.2498
7.85 -0.110423 2000 47.7028
7.855 -0.118442 2000 51.1668
7.86 -0.126471 2000 54.6356
7.865 -0.13451 2000 58.1084
7.87 -0.14257 2000 61.5902
7.875 -0.150655 2000 65.0831
7.88 -0.158755 2000 68.5821
7.885 -0.166854 2000 72.0809
7.89 -0.174948 2000 75.5776
7.895 -0.18304 2000 79.0735
7.9 -0.191129 2000 82.5676
7.905 -0.199204 2000 86.056
7.91 -0.20726 2000 89.5362
7.915 -0.215311 2000 93.0142
7.92 -0.223383 2000 96.5016
7.925 -0.231488 2000 100.003
7.93 -0.239606 2000 103.51
7.935 -0.247711 2000 107.011
7.94 -0.255798 2000 110.505
7.945 -0.263879 2000 113.996
7.95 -0.271964 2000 117.488
7.955 -0.280061 2000 120.986
7.96 -0.28817 2000 124.489
7.965 -0.296281 2000 127.993
7.97 -0.304379 2000 131.492
7.975 -0.312453 2000 134.98
7.98 -0.3205 2000 138.456
7.985 -0.328523 2000 141.922
7.99 -0.336534 2000 145.383
7.995 -0.344542 2000 148.842
8 -0.352566 2000 152.308
8.005 -0.360613 2000 155.785
8.01 -0.368668 2000 159.265
8.015 -0.376708 2000 162.738
8.02 -0.38474 2000 166.208
8.025 -0.392782 2000 169.682
8.03 -0.400838 2000 173.162
8.035 -0.408893 2000 176.642
8.04 -0.416938 2000 180.117
8.045 -0.424972 2000 183.588
8.05 -0.432994 2000 187.053
8.055 -0.440997 2000 190.511
8.06 -0.448974 2000 193.957
8.065 -0.456923 2000 197.391
8.07 -0.464843 2000 200.812
8.075 -0.472735 2000 204.221
8.08 -0.480606 2000 207.622
8.085 -0.488457 2000 211.014
8.09 -0.496277 2000 214.392
8.095 -0.504063 2000 217.755
8.1 -0.511836 2000 221.113
8.105 -0.519613 2000 224.473
8.11 -0.527391 2000 227.833
8.115 -0.535147 2000 231.184
8.12 -0.542856 2000 234.514
8.125 -0.550501 2000 237.816
8.13 -0.558086 2000 241.093
8.135 -0.565623 2000 244.349
8.14 -0.57312 2000 247.588
8.145 -0.580584 2000 250.812
8.15 -0.588022 2000 254.025
8.155 -0.595435 2000 257.228
8.16 -0.602815 2000 260.416
8.165 -0.610146 2000 263.583
8.17 -0.617421 2000 266.726
8.175 -0.624656 2000 269.851
8.18 -0.631884 2000 272.974
8.185 -0.639112 2000 276.096
8.19 -0.646312 2000 279.207
8.195 -0.653466 2000 282.298
8.2 -0.660583 2000 285.372
8.205 -0.667672 2000 288.434
8.21 -0.674744 2000 291.489
8.215 -0.681807 2000 294.54
8.22 -0.688853 2000 297.585
8.225 -0.695856 2000 300.61
8.23 -0.702794 2000 303.607
8.235 -0.709667 2000 306.576
8.24 -0.716491 2000 309.524
8.245 -0.723276 2000 312.455
8.25 -0.730026 2000 315.371
8.255 -0.736736 2000 318.27
8.26 -0.7434 2000 321.149
8.265 -0.75002 2000 324.009
8.27 -0.756605 2000 326.853
8.275 -0.763157 2000 329.684
8.28 -0.769663 2000 332.494
8.285 -0.776108 2000 335.279
8.29 -0.782493 2000 338.037
8.295 -0.788848 2000 340.782
8.3 -0.795199 2000 343.526
8.305 -0.801531 2000 346.261
8.31 -0.807809 2000 348.974
8.315 -0.814023 2000 351.658
8.32 -0.820178 2000 354.317
8.325 -0.826283 2000 356.954
8.33 -0.832338 2000 359.57
8.335 -0.838332 2000 362.159
8.34 -0.844254 2000 364.718
8.345 -0.850104 2000 367.245
8.35 -0.855881 2000 369.741
8.355 -0.861586 2000 372.205
8.36 -0.867234 2000 374.645
8.365 -0.872841 2000 377.067
8.37 -0.8784 2000 379.469
8.375 -0.883903 2000 381.846
8.38 -0.889351 2000 384.2
8.385 -0.89475 2000 386.532
8.39 -0.900102 2000 388.844
8.395 -0.905406 2000 391.135
8.4 -0.910668 2000 393.409
8.405 -0.915911 2000 395.674
8.41 -0.921145 2000 397.935
8.415 -0.926355 2000 400.185
8.42 -0.931518 2000 402.416
8.425 -0.936617 2000 404.618
8.43 -0.941646 2000 406.791
8.435 -0.946602 2000 408.932
8.44 -0.95149 2000 411.044
8.445 -0.956321 2000 413.131
8.45 -0.961105 2000 415.197
8.455 -0.96584 2000 417.243
8.46 -0.970524 2000 419.266
8.465 -0.975161 2000 421.27
8.47 -0.979753 2000 423.253
8.475 -0.984301 2000 425.218
8.48 -0.98881 2000 427.166
8.485 -0.993282 2000 429.098
8.49 -0.997719 2000 431.014
8.495 -1.00212 2000 432.917
8.5 -1.0065 2000 434.806
8.505 -1.01082 2000 436.675
8.51 -1.0151 2000 438.522
8.515 -1.01931 2000 440.343
8.52 -1.02346 2000 442.133
8.525 -1.02752 2000 443.89
8.53 -1.03154 2000 445.624
8.535 -1.03552 2000 447.346
8.54 -1.03948 2000 449.055
8.545 -1.04338 2000 450.742
8.55 -1.04721 2000 452.395
8.555 -1.05095 2000 454.011
8.56 -1.05461 2000 455.593
8.565 -1.05822 2000 457.152
8.57 -1.0618 2000 458.697
8.575 -1.06536 2000 460.235
8.58 -1.06891 2000 461.767
8.585 -1.07243 2000 463.29
8.59 -1.07591 2000 464.795
8.595 -1.07935 2000 466.278
8.6 -1.08272 2000 467.737
8.605 -1.08605 2000 469.175
8.61 -1.08934 2000 470.596
8.615 -1.09258 2000 471.994
8.62 -1.09575 2000 473.364
8.625 -1.09885 2000 474.701
8.63 -1.10186 2000 476.002
8.635 -1.10478 2000 477.266
8.64 -1.10763 2000 478.497
8.645 -1.11041 2000 479.696
8.65 -1.1131 2000 480.861
8.655 -1.11572 2000 481.991
8.66 -1.11825 2000 483.085
8.665 -1.1207 2000 484.141
8.67 -1.12306 2000 485.16
8.675 -1.12534 2000 486.147
8.68 -1.12754 2000 487.099
8.685 -1.12966 2000 488.011
8.69 -1.13167 2000 488.88
8.695 -1.13359 2000 489.711
8.7 -1.13545 2000 490.513
8.705 -1.13723 2000 491.285
8.71 -1.13896 2000 492.031
8.715 -1.14063 2000 492.753
8.72 -1.14224 2000 493.449
8.725 -1.14377 2000 494.107
8.73 -1.14517 2000 494.715
8.735 -1.14647 2000 495.274
8.74 -1.14767 2000 495.793
8.745 -1.1488 2000 496.28
8.75 -1.14985 2000 496.736
8.755 -1.15082 2000 497.152
8.76 -1.15168 2000 497.526
8.765 -1.15245 2000 497.856
8.77 -1.15312 2000 498.149
8.775 -1.15373 2000 498.411
8.78 -1.15428 2000 498.648
8.785 -1.15476 2000 498.858
8.79 -1.15517 2000 499.035
8.795 -1.15551 2000 499.179
8.8 -1.15578 2000 499.299
8.805 -1.15602 2000 499.399
8.81 -1.15619 2000 499.475
8.815 -1.1563 2000 499.52
8.82 -1.15633 2000 499.534
8.825 -1.15628 2000 499.515
8.83 -1.15616 2000 499.46
8.835 -1.15594 2000 499.367
8.84 -1.15565 2000 499.239
8.845 -1.15528 2000 499.08
8.85 -1.15485 2000 498.893
8.855 -1.15435 2000 498.679
8.86 -1.15378 2000 498.435
8.865 -1.15314 2000 498.157
8.87 -1.15241 2000 497.843
8.875 -1.1516 2000 497.493
8.88 -1.1507 2000 497.104
8.885 -1.1497 2000 496.673
8.89 -1.1486 2000 496.195
8.895 -1.14738 2000 495.669
8.9 -1.14609 2000 495.11
8.905 -1.14474 2000 494.527
8.91 -1.14333 2000 493.918
8.915 -1.14182 2000 493.268
8.92 -1.14022 2000 492.573
8.925 -1.13852 2000 491.841
8.93 -1.13675 2000 491.077
8.935 -1.13491 2000 490.279
8.94 -1.13297 2000 489.444
8.945 -1.13094 2000 488.567
8.95 -1.12881 2000 487.647
8.955 -1.1266 2000 486.691
8.96 -1.12431 2000 485.703
8.965 -1.12194 2000 484.68
8.97 -1.1195 2000 483.622
8.975 -1.11697 2000 482.533
8.98 -1.11438 2000 481.411
8.985 -1.11169 2000 480.248
8.99 -1.1089 2000 479.046
8.995 -1.10605 2000 477.815
9 -1.10317 2000 476.568
9.005 -1.10024 2000 475.304
9.01 -1.09725 2000 474.014
9.015 -1.0942 2000 472.692
9.02 -1.09106 2000 471.339
9.025 -1.08785 2000 469.953
9.03 -1.08457 2000 468.536
9.035 -1.08122 2000 467.089
9.04 -1.0778 2000 465.609
9.045 -1.07427 2000 464.087
9.05 -1.07065 2000 462.519
9.055 -1.06695 2000 460.921
9.06 -1.06321 2000 459.306
9.065 -1.05943 2000 457.672
9.07 -1.05558 2000 456.009
9.075 -1.05165 2000 454.314
9.08 -1.04766 2000 452.589
9.085 -1.0436 2000 450.835
9.09 -1.03946 2000 449.047
9.095 -1.03522 2000 447.214
9.1 -1.03086 2000 445.332
9.105 -1.02641 2000 443.41
9.11 -1.0219 2000 441.463
9.115 -1.01733 2000 439.488
9.12 -1.01269 2000 437.483
9.125 -1.00798 2000 435.447
9.13 -1.00321 2000 433.385
9.135 -0.998363 2000 431.293
9.14 -0.993442 2000 429.167
9.145 -0.988432 2000 427.003
9.15 -0.983333 2000 424.8
9.155 -0.978148 2000 422.56
9.16 -0.972892 2000 420.29
9.165 -0.967591 2000 417.999
9.17 -0.962252 2000 415.693
9.175 -0.956875 2000 413.37
9.18 -0.951451 2000 411.027
9.185 -0.945979 2000 408.663
9.19 -0.94047 2000 406.283
9.195 -0.934938 2000 403.893
9.2 -0.929378 2000 401.491
9.205 -0.923773 2000 399.07
9.21 -0.918123 2000 396.629
9.215 -0.912447 2000 394.177
9.22 -0.906753 2000 391.717
9.225 -0.90102 2000 389.241
9.23 -0.895232 2000 386.74
9.235 -0.889392 2000 384.217
9.24 -0.883513 2000 381.678
9.245 -0.877594 2000 379.121
9.25 -0.871619 2000 376.539
9.255 -0.865563 2000 373.923
9.26 -0.859419 2000 371.269
9.265 -0.853209 2000 368.586
9.27 -0.84697 2000 365.891
9.275 -0.840709 2000 363.186
9.28 -0.834406 2000 360.463
9.285 -0.828053 2000 357.719
9.29 -0.821657 2000 354.956
9.295 -0.815223 2000 352.176
9.3 -0.80875 2000 349.38
9.305 -0.802247 2000 346.571
9.31 -0.795718 2000 343.75
9.315 -0.78915 2000 340.913
9.32 -0.782528 2000 338.052
9.325 -0.775856 2000 335.17
9.33 -0.769141 2000 332.269
9.335 -0.76239 2000 329.353
9.34 -0.755622 2000 326.429
9.345 -0.748853 2000 323.505
9.35 -0.742077 2000 320.577
9.355 -0.735278 2000 317.64
9.36 -0.728448 2000 314.69
9.365 -0.72159 2000 311.727
9.37 -0.714715 2000 308.757
9.375 -0.707829 2000 305.782
9.38 -0.700931 2000 302.802
9.385 -0.694014 2000 299.814
9.39 -0.687067 2000 296.813
9.395 -0.680092 2000 293.8
9.4 -0.673092 2000 290.776
9.405 -0.666061 2000 287.739
9.41 -0.65899 2000 284.684
9.415 -0.651888 2000 281.616
9.42 -0.644765 2000 278.538
9.425 -0.637617 2000 275.45
9.43 -0.630444 2000 272.352
9.435 -0.62325 2000 269.244
9.44 -0.616032 2000 266.126
9.445 -0.608784 2000 262.995
9.45 -0.601505 2000 259.85
9.455 -0.594186 2000 256.688
9.46 -0.586828 2000 253.51
9.465 -0.579443 2000 250.319
9.47 -0.572029 2000 247.116
9.475 -0.564569 2000 243.894
9.48 -0.557063 2000 240.651
9.485 -0.549528 2000 237.396
9.49 -0.541972 2000 234.132
9.495 -0.534397 2000 230.86
9.5 -0.526806 2000 227.58
9.505 -0.519185 2000 224.288
9.51 -0.511506 2000 220.971
9.515 -0.503764 2000 217.626
9.52 -0.495981 2000 214.264
9.525 -0.48818 2000 210.894
9.53 -0.480359 2000 207.515
9.535 -0.47251 2000 204.124
9.54 -0.464639 2000 200.724
9.545 -0.456753 2000 197.317
9.55 -0.448851 2000 193.903
9.555 -0.440922 2000 190.478
9.56 -0.432956 2000 187.037
9.565 -0.424955 2000 183.581
9.57 -0.416941 2000 180.118
9.575 -0.408926 2000 176.656
9.58 -0.400893 2000 173.186
9.585 -0.392824 2000 169.7
9.59 -0.384742 2000 166.208
9.595 -0.376681 2000 162.726
9.6 -0.368646 2000 159.255
9.605 -0.360622 2000 155.789
9.61 -0.352599 2000 152.323
9.615 -0.34458 2000 148.858
9.62 -0.336571 2000 145.399
9.625 -0.328576 2000 141.945
9.63 -0.320591 2000 138.495
9.635 -0.312605 2000 135.045
9.64 -0.304608 2000 131.591
9.645 -0.296601 2000 128.132
9.65 -0.288581 2000 124.667
9.655 -0.280544 2000 121.195
9.66 -0.272501 2000 117.72
9.665 -0.264469 2000 114.25
9.67 -0.25646 2000 110.791
9.675 -0.248471 2000 107.339
9.68 -0.240482 2000 103.888
9.685 -0.232474 2000 100.429
9.69 -0.224446 2000 96.9606
9.695 -0.21642 2000 93.4934
9.7 -0.208435 2000 90.0437
9.705 -0.200514 2000 86.622
9.71 -0.192655 2000 83.2269
9.715 -0.184832 2000 79.8475
9.72 -0.177011 2000 76.4687
9.725 -0.169168 2000 73.0807
9.73 -0.161311 2000 69.6862
9.735 -0.153454 2000 66.2922
9.74 -0.145599 2000 62.8987
9.745 -0.137732 2000 59.5
9.75 -0.129846 2000 56.0934
9.755 -0.12195 2000 52.6823
9.76 -0.114066 2000 49.2764
9.765 -0.106207 2000 45.8814
9.77 -0.0983585 2000 42.4909
9.775 -0.0905037 2000 39.0976
9.78 -0.0826524 2000 35.7058
9.785 -0.074825 2000 32.3244
9.79 -0.0670248 2000 28.9547
9.795 -0.0592397 2000 25.5916
9.8 -0.0514616 2000 22.2314
9.805 -0.0436903 2000 18.8742
9.81 -0.035927 2000 15.5205
9.815 -0.0281732 2000 12.1708
9.82 -0.0204369 2000 8.82875
9.825 -0.0127315 2000 5.49999
9.83 -0.00506439 2000 2.18782
9.835 0.00256845 2000 -1.10957
9.84 0.0101763 2000 -4.39615
9.845 0.0177644 2000 -7.67423
9.85 0.0253289 2000 -10.9421
9.855 0.0328624 2000 -14.1966
9.86 0.0403664 2000 -17.4383
9.865 0.0478439 2000 -20.6686
9.87 0.0552949 2000 -23.8874
9.875 0.062724 2000 -27.0968
9.88 0.0701325 2000 -30.2972
9.885 0.0775076 2000 -33.4833
9.89 0.0848403 2000 -36.651
9.895 0.0921408 2000 -39.8048
9.9 0.0994169 2000 -42.9481
9.905 0.106651 2000 -46.0734
9.91 0.113822 2000 -49.171
9.915 0.120925 2000 -52.2398
9.92 0.127967 2000 -55.2819
9.925 0.13495 2000 -58.2986
9.93 0.141883 2000 -61.2935
9.935 0.148771 2000 -64.2692
9.94 0.15561 2000 -67.2236
9.945 0.162402 2000 -70.1576
9.95 0.169154 2000 -73.0746
9.955 0.175859 2000 -75.9709
9.96 0.182507 2000 -78.8432
9.965 0.189113 2000 -81.697
9.97 0.19569 2000 -84.5379
9.975 0.202224 2000 -87.3607
9.98 0.208696 2000 -90.1568
9.985 0.215105 2000 -92.9252
9.99 0.221462 2000 -95.6717
9.995 0.227773 2000 -98.3981
10 0.234026 2000 -101.099
10.005 0.240217 2000 -103.774
10.01 0.246359 2000 -106.427
10.015 0.25246 2000 -109.063
10.02 0.258511 2000 -111.677
10.025 0.264501 2000 -114.264
10.03 0.27042 2000 -116.821
10.035 0.276264 2000 -119.346
10.04 0.282039 2000 -121.841
10.045 0.287758 2000 -124.312
10.05 0.293434 2000 -126.763
10.055 0.299066 2000 -129.196
10.06 0.304652 2000 -131.61
10.065 0.3102 2000 -134.006
10.07 0.315713 2000 -136.388
10.075 0.321196 2000 -138.757
10.08 0.326648 2000 -141.112
10.085 0.332048 2000 -143.445
10.09 0.337364 2000 -145.741
10.095 0.342589 2000 -147.998
10.1 0.347747 2000 -150.227
10.105 0.352866 2000 -152.438
10.11 0.357956 2000 -154.637
10.115 0.363017 2000 -156.823
10.12 0.368036 2000 -158.991
10.125 0.372999 2000 -161.136
10.13 0.377916 2000 -163.26
10.135 0.382814 2000 -165.376
10.14 0.387699 2000 -167.486
10.145 0.392536 2000 -169.575
10.15 0.397291 2000 -171.63
10.155 0.401965 2000 -173.649
10.16 0.406572 2000 -175.639
10.165 0.411123 2000 -177.605
10.17 0.415616 2000 -179.546
10.175 0.420048 2000 -181.461
10.18 0.424407 2000 -183.344
10.185 0.428688 2000 -185.193
10.19 0.432884 2000 -187.006
10.195 0.436986 2000 -188.778
10.2 0.441002 2000 -190.513
10.205 0.444947 2000 -192.217
10.21 0.448839 2000 -193.898
10.215 0.452683 2000 -195.559
10.22 0.456482 2000 -197.2
10.225 0.460231 2000 -198.82
10.23 0.463919 2000 -200.413
10.235 0.467532 2000 -201.974
10.24 0.471066 2000 -203.5
10.245 0.47453 2000 -204.997
10.25 0.477948 2000 -206.473
10.255 0.481337 2000 -207.938
10.26 0.48468 2000 -209.382
10.265 0.487934 2000 -210.787
10.27 0.491085 2000 -212.149
10.275 0.494161 2000 -213.478
10.28 0.497194 2000 -214.788
10.285 0.500184 2000 -216.079
10.29 0.503117 2000 -217.347
10.295 0.505987 2000 -218.586
10.3 0.508789 2000 -219.797
10.305 0.511511 2000 -220.973
10.31 0.51415 2000 -222.113
10.315 0.516723 2000 -223.224
10.32 0.51925 2000 -224.316
10.325 0.521731 2000 -225.388
10.33 0.524156 2000 -226.435
10.335 0.526524 2000 -227.458
10.34 0.528834 2000 -228.456
10.345 0.531072 2000 -229.423
10.35 0.533228 2000 -230.354
10.355 0.535319 2000 -231.258
10.36 0.537366 2000 -232.142
10.365 0.539369 2000 -233.007
10.37 0.541316 2000 -233.849
10.375 0.543193 2000 -234.659
10.38 0.544993 2000 -235.437
10.385 0.546719 2000 -236.182
10.39 0.548373 2000 -236.897
10.395 0.549958 2000 -237.582
10.4 0.551462 2000 -238.232
10.405 0.552863 2000 -238.837
10.41 0.554156 2000 -239.395
10.415 0.555353 2000 -239.913
10.42 0.556475 2000 -240.397
10.425 0.557529 2000 -240.853
10.43 0.558516 2000 -241.279
10.435 0.559438 2000 -241.677
10.44 0.560298 2000 -242.049
10.445 0.561088 2000 -242.39
10.45 0.561792 2000 -242.694
10.455 0.562419 2000 -242.965
10.46 0.56298 2000 -243.207
10.465 0.563472 2000 -243.42
10.47 0.563889 2000 -243.6
10.475 0.564245 2000 -243.754
10.48 0.564558 2000 -243.889
10.485 0.564818 2000 -244.001
10.49 0.565018 2000 -244.088
10.495 0.565161 2000 -244.15
10.5 0.565247 2000 -244.187
10.505 0.565266 2000 -244.195
10.51 0.565218 2000 -244.174
10.515 0.565098 2000 -244.122
10.52 0.564894 2000 -244.034
10.525 0.564597 2000 -243.906
10.53 0.564212 2000 -243.739
10.535 0.563743 2000 -243.537
10.54 0.563192 2000 -243.299
10.545 0.562561 2000 -243.026
10.55 0.561844 2000 -242.717
10.555 0.561034 2000 -242.367
10.56 0.560135 2000 -241.978
10.565 0.559161 2000 -241.557
10.57 0.55812 2000 -241.108
10.575 0.557019 2000 -240.632
10.58 0.555859 2000 -240.131
10.585 0.554635 2000 -239.602
10.59 0.553352 2000 -239.048
10.595 0.552008 2000 -238.467
10.6 0.550582 2000 -237.851
