0.1 1.33717e-17 -0.0159195 -6.19061e-20
0.2 1.15529e-17 -0.0320868 -5.34857e-20
0.3 4.5407e-17 -0.0485138 -2.10218e-19
0.4 4.39907e-17 -0.0652135 -2.03661e-19
0.5 7.21084e-17 -0.0822001 -3.33835e-19
0.6 -1.00736e-17 -0.0994927 4.66371e-20
0.7 1.03678e-16 -0.11717 -4.79991e-19
0.8 -3.47773e-17 -0.135432 1.61006e-19
0.9 1.2738e-16 -0.154204 -5.89723e-19
1 -2.41751e-17 -0.173402 1.11922e-19
0.005 9.10289e-07 -0.173402 -3.16073e-09
0.01 4.55492e-06 -0.173402 -1.58157e-08
0.015 1.18544e-05 -0.173402 -4.11612e-08
0.02 2.28222e-05 -0.173402 -7.92438e-08
0.025 3.74714e-05 -0.173402 -1.30109e-07
0.03 5.58144e-05 -0.173402 -1.938e-07
0.035 7.78634e-05 -0.173403 -2.70359e-07
0.04 0.00010363 -0.173403 -3.59826e-07
0.045 0.000133125 -0.173403 -4.6224e-07
0.05 0.00016636 -0.173403 -5.77639e-07
0.055 0.000203345 -0.173403 -7.06059e-07
0.06 0.00024409 -0.173403 -8.47533e-07
0.065 0.000288604 -0.173403 -1.00209e-06
0.07 0.000336895 -0.173403 -1.16977e-06
0.075 0.000388971 -0.173403 -1.35059e-06
0.08 0.000444843 -0.173404 -1.54459e-06
0.085 0.000504517 -0.173404 -1.75179e-06
0.09 0.000568002 -0.173404 -1.97222e-06
0.095 0.000635304 -0.173404 -2.20591e-06
0.1 0.000706428 -0.173404 -2.45287e-06
0.105 0.000781379 -0.173405 -2.71311e-06
0.11 0.000860161 -0.173405 -2.98666e-06
0.115 0.000942781 -0.173405 -3.27353e-06
0.12 0.00102924 -0.173405 -3.57375e-06
0.125 0.00111955 -0.173406 -3.88732e-06
0.13 0.00121372 -0.173406 -4.21427e-06
0.135 0.00131173 -0.173406 -4.5546e-06
0.14 0.00141361 -0.173407 -4.90833e-06
0.145 0.00151934 -0.173407 -5.27545e-06
0.15 0.00162893 -0.173407 -5.65598e-06
0.155 0.00174239 -0.173408 -6.04992e-06
0.16 0.00185971 -0.173408 -6.45727e-06
0.165 0.00198089 -0.173408 -6.87804e-06
0.17 0.00210593 -0.173409 -7.31223e-06
0.175 0.00223484 -0.173409 -7.75982e-06
0.18 0.00236762 -0.17341 -8.22083e-06
0.185 0.00250425 -0.17341 -8.69525e-06
0.19 0.00264474 -0.17341 -9.18307e-06
0.195 0.0027891 -0.173411 -9.68428e-06
0.2 0.0029373 -0.173411 -1.01989e-05
0.205 0.00308936 -0.173412 -1.07268e-05
0.21 0.00324525 -0.173412 -1.12681e-05
0.215 0.00340499 -0.173413 -1.18228e-05
0.22 0.00356856 -0.173413 -1.23907e-05
0.225 0.00373597 -0.173414 -1.2972e-05
0.23 0.00390721 -0.173414 -1.35666e-05
0.235 0.00408228 -0.173415 -1.41744e-05
0.24 0.00426113 -0.173415 -1.47954e-05
0.245 0.00444379 -0.173416 -1.54296e-05
0.25 0.00463024 -0.173416 -1.6077e-05
0.255 0.0048205 -0.173417 -1.67376e-05
0.26 0.00501454 -0.173418 -1.74114e-05
0.265 0.00521235 -0.173418 -1.80982e-05
0.27 0.00541393 -0.173419 -1.87981e-05
0.275 0.00561927 -0.173419 -1.95111e-05
0.28 0.00582836 -0.17342 -2.02371e-05
0.285 0.00604118 -0.173421 -2.0976e-05
0.29 0.00625772 -0.173421 -2.17279e-05
0.295 0.00647799 -0.173422 -2.24927e-05
0.3 0.00670198 -0.173423 -2.32704e-05
0.305 0.00692968 -0.173423 -2.4061e-05
0.31 0.00716107 -0.173424 -2.48644e-05
0.315 0.00739614 -0.173425 -2.56806e-05
0.32 0.00763486 -0.173426 -2.65094e-05
0.325 0.00787722 -0.173426 -2.73509e-05
0.33 0.00812321 -0.173427 -2.8205e-05
0.335 0.00837281 -0.173428 -2.90717e-05
0.34 0.00862602 -0.173429 -2.99508e-05
0.345 0.00888281 -0.173429 -3.08424e-05
0.35 0.00914316 -0.17343 -3.17464e-05
0.355 0.00940706 -0.173431 -3.26627e-05
0.36 0.00967452 -0.173432 -3.35913e-05
0.365 0.00994552 -0.173433 -3.45322e-05
0.37 0.01022 -0.173434 -3.54853e-05
0.375 0.010498 -0.173434 -3.64505e-05
0.38 0.0107795 -0.173435 -3.74277e-05
0.385 0.0110643 -0.173436 -3.84168e-05
0.39 0.0113526 -0.173437 -3.94178e-05
0.395 0.0116444 -0.173438 -4.04307e-05
0.4 0.0119395 -0.173439 -4.14553e-05
0.405 0.012238 -0.17344 -4.24918e-05
0.41 0.0125399 -0.173441 -4.35399e-05
0.415 0.0128451 -0.173442 -4.45997e-05
0.42 0.0131537 -0.173442 -4.56711e-05
0.425 0.0134655 -0.173443 -4.67539e-05
0.43 0.0137807 -0.173444 -4.7848e-05
0.435 0.014099 -0.173445 -4.89534e-05
0.44 0.0144206 -0.173446 -5.007e-05
0.445 0.0147454 -0.173447 -5.11977e-05
0.45 0.0150734 -0.173448 -5.23364e-05
0.455 0.0154046 -0.173449 -5.34862e-05
0.46 0.0157388 -0.17345 -5.46468e-05
0.465 0.0160762 -0.173451 -5.58182e-05
0.47 0.0164167 -0.173452 -5.70003e-05
0.475 0.0167602 -0.173454 -5.8193e-05
0.48 0.0171068 -0.173455 -5.93962e-05
0.485 0.0174564 -0.173456 -6.06099e-05
0.49 0.0178089 -0.173457 -6.1834e-05
0.495 0.0181645 -0.173458 -6.30684e-05
0.5 0.0185229 -0.173459 -6.43129e-05
0.505 0.0188843 -0.17346 -6.55675e-05
0.51 0.0192485 -0.173461 -6.68321e-05
0.515 0.0196156 -0.173462 -6.81066e-05
0.52 0.0199855 -0.173463 -6.93909e-05
0.525 0.0203582 -0.173465 -7.0685e-05
0.53 0.0207337 -0.173466 -7.19887e-05
0.535 0.021112 -0.173467 -7.33019e-05
0.54 0.0214929 -0.173468 -7.46244e-05
0.545 0.0218765 -0.173469 -7.59562e-05
0.55 0.0222627 -0.17347 -7.72972e-05
0.555 0.0226516 -0.173472 -7.86471e-05
0.56 0.0230429 -0.173473 -8.00059e-05
0.565 0.0234368 -0.173474 -8.13735e-05
0.57 0.0238332 -0.173475 -8.27497e-05
0.575 0.024232 -0.173476 -8.41342e-05
0.58 0.0246331 -0.173478 -8.55268e-05
0.585 0.0250365 -0.173479 -8.69272e-05
0.59 0.0254421 -0.17348 -8.83356e-05
0.595 0.0258501 -0.173481 -8.9752e-05
0.6 0.0262605 -0.173483 -9.11766e-05
0.605 0.0266731 -0.173484 -9.26093e-05
0.61 0.0270881 -0.173485 -9.40499e-05
0.615 0.0275052 -0.173487 -9.5498e-05
0.62 0.0279245 -0.173488 -9.69539e-05
0.625 0.0283461 -0.173489 -9.84174e-05
0.63 0.0287698 -0.17349 -9.98885e-05
0.635 0.0291956 -0.173492 -0.000101367
0.64 0.0296235 -0.173493 -0.000102852
0.645 0.0300534 -0.173494 -0.000104345
0.65 0.0304854 -0.173496 -0.000105845
0.655 0.0309192 -0.173497 -0.000107351
0.66 0.031355 -0.173498 -0.000108864
0.665 0.0317925 -0.1735 -0.000110382
0.67 0.0322317 -0.173501 -0.000111907
0.675 0.0326726 -0.173502 -0.000113438
0.68 0.0331153 -0.173504 -0.000114975
0.685 0.0335598 -0.173505 -0.000116518
0.69 0.0340059 -0.173507 -0.000118067
0.695 0.0344536 -0.173508 -0.000119621
0.7 0.0349028 -0.173509 -0.000121181
0.705 0.0353537 -0.173511 -0.000122746
0.71 0.035806 -0.173512 -0.000124316
0.715 0.0362598 -0.173513 -0.000125892
0.72 0.0367151 -0.173515 -0.000127472
0.725 0.0371717 -0.173516 -0.000129058
0.73 0.0376297 -0.173518 -0.000130648
0.735 0.038089 -0.173519 -0.000132242
0.74 0.0385495 -0.173521 -0.000133841
0.745 0.0390111 -0.173522 -0.000135443
0.75 0.0394738 -0.173523 -0.000137049
0.755 0.0399374 -0.173525 -0.000138659
0.76 0.040402 -0.173526 -0.000140272
0.765 0.0408676 -0.173528 -0.000141888
0.77 0.0413341 -0.173529 -0.000143508
0.775 0.0418015 -0.173531 -0.00014513
0.78 0.0422699 -0.173532 -0.000146756
0.785 0.0427392 -0.173533 -0.000148385
0.79 0.0432094 -0.173535 -0.000150018
0.795 0.0436804 -0.173536 -0.000151653
0.8 0.0441521 -0.173538 -0.00015329
0.805 0.0446245 -0.173539 -0.00015493
0.81 0.0450974 -0.173541 -0.000156572
0.815 0.045571 -0.173542 -0.000158216
0.82 0.0460451 -0.173544 -0.000159862
0.825 0.0465195 -0.173545 -0.000161509
0.83 0.0469943 -0.173547 -0.000163157
0.835 0.0474696 -0.173548 -0.000164807
0.84 0.0479453 -0.17355 -0.000166458
0.845 0.0484213 -0.173551 -0.000168111
0.85 0.0488976 -0.173552 -0.000169764
0.855 0.0493742 -0.173554 -0.000171419
0.86 0.0498511 -0.173555 -0.000173074
0.865 0.0503282 -0.173557 -0.000174731
0.87 0.0508055 -0.173558 -0.000176387
0.875 0.0512828 -0.17356 -0.000178044
0.88 0.0517602 -0.173561 -0.000179702
0.885 0.0522376 -0.173563 -0.000181359
0.89 0.0527149 -0.173564 -0.000183016
0.895 0.0531922 -0.173566 -0.000184673
0.9 0.0536695 -0.173567 -0.00018633
0.905 0.0541468 -0.173569 -0.000187986
0.91 0.0546238 -0.17357 -0.000189642
0.915 0.0551006 -0.173572 -0.000191297
0.92 0.0555772 -0.173573 -0.000192952
0.925 0.0560533 -0.173575 -0.000194605
0.93 0.0565291 -0.173576 -0.000196256
0.935 0.0570044 -0.173578 -0.000197906
0.94 0.0574795 -0.173579 -0.000199555
0.945 0.0579541 -0.173581 -0.000201203
0.95 0.058428 -0.173582 -0.000202848
0.955 0.0589013 -0.173583 -0.000204491
0.96 0.0593741 -0.173585 -0.000206132
0.965 0.0598462 -0.173586 -0.000207771
0.97 0.0603176 -0.173588 -0.000209407
0.975 0.0607882 -0.173589 -0.000211041
0.98 0.0612579 -0.173591 -0.000212671
0.985 0.0617266 -0.173592 -0.000214298
0.99 0.0621942 -0.173594 -0.000215921
0.995 0.0626607 -0.173595 -0.000217541
1 0.0631261 -0.173597 -0.000219156
1.005 0.0635906 -0.173598 -0.000220769
1.01 0.0640542 -0.173599 -0.000222378
1.015 0.0645166 -0.173601 -0.000223983
1.02 0.064978 -0.173602 -0.000225584
1.025 0.0654382 -0.173604 -0.000227182
1.03 0.0658972 -0.173605 -0.000228775
1.035 0.0663549 -0.173607 -0.000230364
1.04 0.0668114 -0.173608 -0.000231949
1.045 0.0672665 -0.173609 -0.000233528
1.05 0.06772 -0.173611 -0.000235102
1.055 0.0681717 -0.173612 -0.00023667
1.06 0.0686217 -0.173614 -0.000238232
1.065 0.06907 -0.173615 -0.000239788
1.07 0.0695165 -0.173616 -0.000241338
1.075 0.0699612 -0.173618 -0.000242882
1.08 0.0704039 -0.173619 -0.000244419
1.085 0.0708447 -0.173621 -0.000245949
1.09 0.0712835 -0.173622 -0.000247472
1.095 0.0717202 -0.173623 -0.000248988
1.1 0.0721548 -0.173625 -0.000250496
1.105 0.0725874 -0.173626 -0.000251998
1.11 0.0730181 -0.173627 -0.000253492
1.115 0.0734467 -0.173629 -0.00025498
1.12 0.073873 -0.17363 -0.00025646
1.125 0.0742969 -0.173631 -0.000257932
1.13 0.0747185 -0.173633 -0.000259395
1.135 0.0751379 -0.173634 -0.00026085
1.14 0.0755552 -0.173635 -0.000262299
1.145 0.0759702 -0.173637 -0.000263739
1.15 0.0763827 -0.173638 -0.000265171
1.155 0.0767926 -0.173639 -0.000266594
1.16 0.0771999 -0.17364 -0.000268008
1.165 0.0776046 -0.173642 -0.000269412
1.17 0.0780068 -0.173643 -0.000270808
1.175 0.0784066 -0.173644 -0.000272196
1.18 0.0788038 -0.173645 -0.000273575
1.185 0.0791985 -0.173647 -0.000274945
1.19 0.0795903 -0.173648 -0.000276305
1.195 0.0799792 -0.173649 -0.000277655
1.2 0.0803651 -0.17365 -0.000278994
1.205 0.0807479 -0.173651 -0.000280323
1.21 0.0811275 -0.173653 -0.00028164
1.215 0.0815041 -0.173654 -0.000282947
1.22 0.0818775 -0.173655 -0.000284244
1.225 0.0822478 -0.173656 -0.000285529
1.23 0.0826147 -0.173657 -0.000286802
1.235 0.0829784 -0.173658 -0.000288065
1.24 0.0833391 -0.17366 -0.000289316
1.245 0.0836973 -0.173661 -0.00029056
1.25 0.0840529 -0.173662 -0.000291794
1.255 0.0844055 -0.173663 -0.000293018
1.26 0.0847545 -0.173664 -0.000294229
1.265 0.0850999 -0.173665 -0.000295428
1.27 0.0854416 -0.173666 -0.000296614
1.275 0.0857799 -0.173667 -0.000297788
1.28 0.0861146 -0.173668 -0.00029895
1.285 0.0864458 -0.173669 -0.0003001
1.29 0.0867734 -0.17367 -0.000301237
1.295 0.0870974 -0.173671 -0.000302361
1.3 0.0874178 -0.173672 -0.000303473
1.305 0.0877347 -0.173673 -0.000304573
1.31 0.0880481 -0.173674 -0.000305661
1.315 0.0883576 -0.173675 -0.000306735
1.32 0.0886632 -0.173676 -0.000307796
1.325 0.088965 -0.173677 -0.000308843
1.33 0.0892628 -0.173678 -0.000309877
1.335 0.0895571 -0.173679 -0.000310898
1.34 0.0898477 -0.17368 -0.000311907
1.345 0.0901347 -0.173681 -0.000312903
1.35 0.0904177 -0.173682 -0.000313885
1.355 0.0906964 -0.173683 -0.000314853
1.36 0.090971 -0.173683 -0.000315806
1.365 0.0912416 -0.173684 -0.000316745
1.37 0.091508 -0.173685 -0.000317669
1.375 0.0917701 -0.173686 -0.000318579
1.38 0.0920279 -0.173687 -0.000319474
1.385 0.0922811 -0.173687 -0.000320353
1.39 0.0925299 -0.173688 -0.000321216
1.395 0.0927743 -0.173689 -0.000322064
1.4 0.0930142 -0.17369 -0.000322897
1.405 0.0932497 -0.173691 -0.000323715
1.41 0.0934809 -0.173691 -0.000324517
1.415 0.0937077 -0.173692 -0.000325304
1.42 0.0939301 -0.173693 -0.000326076
1.425 0.0941479 -0.173693 -0.000326832
1.43 0.0943612 -0.173694 -0.000327572
1.435 0.0945698 -0.173695 -0.000328296
1.44 0.0947737 -0.173695 -0.000329004
1.445 0.0949728 -0.173696 -0.000329695
1.45 0.0951673 -0.173697 -0.00033037
1.455 0.0953572 -0.173697 -0.000331029
1.46 0.0955421 -0.173698 -0.000331671
1.465 0.0957222 -0.173698 -0.000332296
1.47 0.0958975 -0.173699 -0.000332904
1.475 0.0960683 -0.173699 -0.000333497
1.48 0.0962346 -0.1737 -0.000334074
1.485 0.0963962 -0.1737 -0.000334635
1.49 0.0965526 -0.173701 -0.000335178
1.495 0.096704 -0.173701 -0.000335703
1.5 0.0968503 -0.173702 -0.000336211
1.505 0.0969918 -0.173702 -0.000336702
1.51 0.0971282 -0.173703 -0.000337175
1.515 0.0972593 -0.173703 -0.000337631
1.52 0.0973853 -0.173703 -0.000338068
1.525 0.0975063 -0.173704 -0.000338488
1.53 0.0976226 -0.173704 -0.000338892
1.535 0.0977344 -0.173705 -0.000339279
1.54 0.0978412 -0.173705 -0.00033965
1.545 0.0979426 -0.173705 -0.000340002
1.55 0.0980384 -0.173706 -0.000340335
1.555 0.0981289 -0.173706 -0.000340648
1.56 0.0982141 -0.173706 -0.000340944
1.565 0.0982942 -0.173706 -0.000341222
1.57 0.0983691 -0.173707 -0.000341482
1.575 0.0984385 -0.173707 -0.000341723
1.58 0.0985023 -0.173707 -0.000341945
1.585 0.0985604 -0.173707 -0.000342146
1.59 0.0986127 -0.173707 -0.000342328
1.595 0.0986592 -0.173707 -0.000342489
1.6 0.0987002 -0.173708 -0.000342631
1.605 0.0987358 -0.173708 -0.000342755
1.61 0.0987662 -0.173708 -0.000342861
1.615 0.0987912 -0.173708 -0.000342947
1.62 0.0988106 -0.173708 -0.000343014
1.625 0.0988244 -0.173708 -0.000343062
1.63 0.0988326 -0.173708 -0.000343091
1.635 0.0988352 -0.173708 -0.0003431
1.64 0.098832 -0.173708 -0.000343089
1.645 0.0988226 -0.173708 -0.000343056
1.65 0.0988069 -0.173708 -0.000343002
1.655 0.0987855 -0.173708 -0.000342927
1.66 0.0987584 -0.173708 -0.000342833
1.665 0.0987258 -0.173708 -0.00034272
1.67 0.0986876 -0.173708 -0.000342588
1.675 0.0986439 -0.173708 -0.000342436
1.68 0.0985946 -0.173708 -0.000342264
1.685 0.0985393 -0.173708 -0.000342073
1.69 0.098478 -0.173708 -0.00034186
1.695 0.0984107 -0.173708 -0.000341626
1.7 0.0983375 -0.173708 -0.000341372
1.705 0.0982585 -0.173708 -0.000341098
1.71 0.0981737 -0.173708 -0.000340803
1.715 0.0980828 -0.173708 -0.000340487
1.72 0.0979855 -0.173708 -0.00034015
1.725 0.0978817 -0.173708 -0.000339789
1.73 0.0977711 -0.173708 -0.000339405
1.735 0.0976539 -0.173708 -0.000338998
1.74 0.0975302 -0.173708 -0.000338569
1.745 0.0974003 -0.173708 -0.000338118
1.75 0.0972641 -0.173708 -0.000337645
1.755 0.0971214 -0.173708 -0.000337149
1.76 0.0969723 -0.173708 -0.000336631
1.765 0.0968168 -0.173708 -0.000336092
1.77 0.0966553 -0.173708 -0.000335531
1.775 0.0964876 -0.173708 -0.000334949
1.78 0.0963137 -0.173708 -0.000334345
1.785 0.0961338 -0.173708 -0.00033372
1.79 0.0959479 -0.173708 -0.000333075
1.795 0.0957562 -0.173708 -0.000332409
1.8 0.0955585 -0.173708 -0.000331723
1.805 0.0953549 -0.173708 -0.000331015
1.81 0.0951451 -0.173708 -0.000330287
1.815 0.0949291 -0.173708 -0.000329537
1.82 0.0947067 -0.173708 -0.000328765
1.825 0.0944778 -0.173708 -0.00032797
1.83 0.0942427 -0.173708 -0.000327154
1.835 0.0940015 -0.173708 -0.000326316
1.84 0.0937543 -0.173708 -0.000325458
1.845 0.093501 -0.173708 -0.000324578
1.85 0.0932415 -0.173708 -0.000323677
1.855 0.0929757 -0.173708 -0.000322755
1.86 0.0927036 -0.173708 -0.00032181
1.865 0.0924255 -0.173708 -0.000320844
1.87 0.0921417 -0.173708 -0.000319859
1.875 0.0918521 -0.173708 -0.000318853
1.88 0.0915565 -0.173708 -0.000317827
1.885 0.0912547 -0.173708 -0.000316779
1.89 0.0909466 -0.173708 -0.000315709
1.895 0.0906322 -0.173708 -0.000314617
1.9 0.0903118 -0.173708 -0.000313505
1.905 0.0899855 -0.173708 -0.000312372
1.91 0.0896533 -0.173708 -0.000311218
1.915 0.0893152 -0.173708 -0.000310045
1.92 0.0889715 -0.173708 -0.000308851
1.925 0.0886223 -0.173708 -0.000307639
1.93 0.0882678 -0.173708 -0.000306407
1.935 0.0879078 -0.173708 -0.000305158
1.94 0.0875421 -0.173708 -0.000303888
1.945 0.0871706 -0.173708 -0.000302598
1.95 0.0867931 -0.173708 -0.000301287
1.955 0.08641 -0.173708 -0.000299957
1.96 0.0860215 -0.173708 -0.000298608
1.965 0.085627 -0.173708 -0.000297238
1.97 0.0852262 -0.173708 -0.000295847
1.975 0.0848192 -0.173708 -0.000294433
1.98 0.0844061 -0.173708 -0.000292999
1.985 0.0839869 -0.173708 -0.000291543
1.99 0.0835615 -0.173708 -0.000290066
1.995 0.0831296 -0.173708 -0.000288567
2 0.0826918 -0.173708 -0.000287046
2.005 0.0822488 -0.173708 -0.000285508
2.01 0.0818012 -0.173708 -0.000283954
2.015 0.0813486 -0.173708 -0.000282383
2.02 0.0808905 -0.173708 -0.000280792
2.025 0.0804271 -0.173708 -0.000279183
2.03 0.0799582 -0.173708 -0.000277555
2.035 0.079484 -0.173708 -0.000275908
2.04 0.0790045 -0.173708 -0.000274243
2.045 0.0785201 -0.173708 -0.000272561
2.05 0.0780313 -0.173708 -0.000270864
2.055 0.0775379 -0.173708 -0.000269151
2.06 0.0770398 -0.173708 -0.000267421
2.065 0.0765369 -0.173708 -0.000265675
2.07 0.0760292 -0.173708 -0.000263912
2.075 0.0755163 -0.173708 -0.000262132
2.08 0.0749985 -0.173708 -0.000260334
2.085 0.0744759 -0.173708 -0.000258519
2.09 0.0739487 -0.173708 -0.000256688
2.095 0.0734172 -0.173708 -0.000254843
2.1 0.0728815 -0.173708 -0.000252983
2.105 0.0723408 -0.173708 -0.000251106
2.11 0.0717946 -0.173708 -0.000249209
2.115 0.071243 -0.173708 -0.000247294
2.12 0.0706863 -0.173708 -0.000245361
2.125 0.0701248 -0.173708 -0.000243411
2.13 0.069558 -0.173708 -0.000241443
2.135 0.0689855 -0.173708 -0.000239455
2.14 0.0684067 -0.173708 -0.000237446
2.145 0.0678223 -0.173708 -0.000235416
2.15 0.0672327 -0.173708 -0.000233369
2.155 0.0666382 -0.173708 -0.000231305
2.16 0.0660387 -0.173708 -0.000229223
2.165 0.0654342 -0.173708 -0.000227124
2.17 0.064825 -0.173708 -0.000225009
2.175 0.0642114 -0.173708 -0.000222878
2.18 0.0635935 -0.173708 -0.000220733
2.185 0.0629712 -0.173708 -0.000218572
2.19 0.0623443 -0.173708 -0.000216395
2.195 0.0617129 -0.173708 -0.000214203
2.2 0.0610774 -0.173708 -0.000211997
2.205 0.0604385 -0.173708 -0.000209778
2.21 0.0597957 -0.173708 -0.000207546
2.215 0.0591483 -0.173708 -0.000205298
2.22 0.0584965 -0.173708 -0.000203035
2.225 0.0578412 -0.173708 -0.00020076
2.23 0.057183 -0.173708 -0.000198474
2.235 0.0565213 -0.173708 -0.000196177
2.24 0.0558554 -0.173708 -0.000193864
2.245 0.0551853 -0.173708 -0.000191538
2.25 0.0545111 -0.173708 -0.000189197
2.255 0.0538329 -0.173708 -0.000186842
2.26 0.0531502 -0.173708 -0.000184471
2.265 0.0524631 -0.173708 -0.000182086
2.27 0.0517724 -0.173708 -0.000179687
2.275 0.0510785 -0.173708 -0.000177278
2.28 0.050381 -0.173708 -0.000174856
2.285 0.0496795 -0.173708 -0.00017242
2.29 0.0489734 -0.173708 -0.000169969
2.295 0.0482629 -0.173708 -0.000167502
2.3 0.0475487 -0.173708 -0.000165022
2.305 0.0468314 -0.173708 -0.000162531
2.31 0.0461116 -0.173708 -0.000160032
2.315 0.045389 -0.173708 -0.000157523
2.32 0.0446637 -0.173708 -0.000155004
2.325 0.0439355 -0.173708 -0.000152476
2.33 0.0432046 -0.173708 -0.000149938
2.335 0.0424702 -0.173708 -0.000147388
2.34 0.041732 -0.173708 -0.000144825
2.345 0.0409908 -0.173708 -0.000142252
2.35 0.0402474 -0.173708 -0.00013967
2.355 0.0395014 -0.173708 -0.00013708
2.36 0.0387524 -0.173708 -0.000134479
2.365 0.0380003 -0.173708 -0.000131868
2.37 0.0372448 -0.173708 -0.000129244
2.375 0.0364858 -0.173708 -0.000126609
2.38 0.0357232 -0.173709 -0.000123961
2.385 0.0349577 -0.173709 -0.000121303
2.39 0.0341899 -0.173709 -0.000118637
2.395 0.03342 -0.173709 -0.000115964
2.4 0.0326473 -0.173709 -0.000113281
2.405 0.0318713 -0.173709 -0.000110586
2.41 0.0310917 -0.173709 -0.00010788
2.415 0.0303089 -0.173709 -0.000105162
2.42 0.0295239 -0.173709 -0.000102436
2.425 0.0287375 -0.173709 -9.97053e-05
2.43 0.0279496 -0.173709 -9.69695e-05
2.435 0.0271595 -0.173709 -9.42263e-05
2.44 0.0263668 -0.173709 -9.14738e-05
2.445 0.0255711 -0.173709 -8.8711e-05
2.45 0.0247726 -0.173709 -8.59382e-05
2.455 0.0239718 -0.173709 -8.31578e-05
2.46 0.0231695 -0.173709 -8.03722e-05
2.465 0.0223657 -0.173709 -7.75813e-05
2.47 0.0215599 -0.17371 -7.47833e-05
2.475 0.0207517 -0.17371 -7.19771e-05
2.48 0.0199413 -0.17371 -6.91631e-05
2.485 0.0191286 -0.17371 -6.63414e-05
2.49 0.0183139 -0.17371 -6.35127e-05
2.495 0.0174972 -0.173711 -6.06776e-05
2.5 0.016679 -0.173711 -5.78363e-05
2.505 0.0158589 -0.173711 -5.49889e-05
2.51 0.015037 -0.173712 -5.21349e-05
2.515 0.0142131 -0.173712 -4.92743e-05
2.52 0.0133877 -0.173713 -4.64083e-05
2.525 0.0125614 -0.173713 -4.3539e-05
2.53 0.0117346 -0.173714 -4.06683e-05
2.535 0.0109075 -0.173715 -3.77968e-05
2.54 0.0100799 -0.173716 -3.49232e-05
2.545 0.00925093 -0.173717 -3.20448e-05
2.55 0.00841982 -0.173718 -2.91591e-05
2.555 0.00758643 -0.173719 -2.62655e-05
2.56 0.00675141 -0.17372 -2.33661e-05
2.565 0.00591581 -0.173722 -2.04647e-05
2.57 0.00508033 -0.173724 -1.75635e-05
2.575 0.00424442 -0.173726 -1.46609e-05
2.58 0.00340713 -0.173729 -1.17535e-05
2.585 0.00256838 -0.173731 -8.84108e-06
2.59 0.00172892 -0.173734 -5.92621e-06
2.595 0.000889149 -0.173736 -3.01036e-06
2.6 4.88488e-05 -0.173739 -9.26794e-08
2.605 -0.000792203 -0.173742 2.82758e-06
2.61 -0.00163385 -0.173744 5.74989e-06
2.615 -0.00247596 -0.173747 8.67376e-06
2.62 -0.00331852 -0.173749 1.15992e-05
2.625 -0.00416141 -0.173752 1.45258e-05
2.63 -0.00500413 -0.173754 1.74517e-05
2.635 -0.00584631 -0.173757 2.03758e-05
2.64 -0.00668816 -0.173759 2.32987e-05
2.645 -0.00753016 -0.173762 2.62221e-05
2.65 -0.00837268 -0.173765 2.91473e-05
2.655 -0.00921566 -0.173767 3.20741e-05
2.66 -0.0100585 -0.17377 3.50003e-05
2.665 -0.0109003 -0.173772 3.79232e-05
2.67 -0.0117411 -0.173775 4.08424e-05
2.675 -0.0125812 -0.173777 4.37592e-05
2.68 -0.0134211 -0.17378 4.66751e-05
2.685 -0.0142607 -0.173783 4.95899e-05
2.69 -0.0150997 -0.173785 5.25032e-05
2.695 -0.015939 -0.173788 5.54169e-05
2.7 -0.0167789 -0.17379 5.83328e-05
2.705 -0.0176189 -0.173793 6.12492e-05
2.71 -0.0184582 -0.173796 6.41633e-05
2.715 -0.019296 -0.173798 6.7072e-05
2.72 -0.0201322 -0.173801 6.99748e-05
2.725 -0.020968 -0.173803 7.28767e-05
2.73 -0.0218052 -0.173806 7.57833e-05
2.735 -0.0226436 -0.173808 7.86939e-05
2.74 -0.0234818 -0.173811 8.16041e-05
2.745 -0.0243193 -0.173814 8.45115e-05
2.75 -0.0251563 -0.173816 8.74175e-05
2.755 -0.0259939 -0.173819 9.03252e-05
2.76 -0.0268323 -0.173821 9.3236e-05
2.765 -0.0276712 -0.173824 9.61482e-05
2.77 -0.0285094 -0.173826 9.90582e-05
2.775 -0.0293461 -0.173829 0.000101963
2.78 -0.0301811 -0.173832 0.000104862
2.785 -0.0310138 -0.173834 0.000107753
2.79 -0.0318444 -0.173837 0.000110636
2.795 -0.0326733 -0.173839 0.000113514
2.8 -0.0335011 -0.173842 0.000116387
2.805 -0.0343271 -0.173844 0.000119255
2.81 -0.0351514 -0.173847 0.000122117
2.815 -0.0359745 -0.173849 0.000124974
2.82 -0.036797 -0.173852 0.000127829
2.825 -0.0376189 -0.173855 0.000130683
2.83 -0.0384396 -0.173857 0.000133532
2.835 -0.0392584 -0.17386 0.000136374
2.84 -0.0400754 -0.173862 0.00013921
2.845 -0.0408913 -0.173865 0.000142043
2.85 -0.0417065 -0.173867 0.000144873
2.855 -0.0425201 -0.17387 0.000147697
2.86 -0.0433312 -0.173872 0.000150513
2.865 -0.04414 -0.173875 0.00015332
2.87 -0.0449469 -0.173877 0.000156121
2.875 -0.0457517 -0.17388 0.000158915
2.88 -0.0465543 -0.173882 0.000161701
2.885 -0.0473547 -0.173885 0.00016448
2.89 -0.048153 -0.173887 0.000167251
2.895 -0.0489492 -0.17389 0.000170015
2.9 -0.0497428 -0.173892 0.00017277
2.905 -0.050534 -0.173895 0.000175516
2.91 -0.0513231 -0.173897 0.000178255
2.915 -0.0521104 -0.173899 0.000180989
2.92 -0.0528959 -0.173902 0.000183715
2.925 -0.0536791 -0.173904 0.000186434
2.93 -0.05446 -0.173907 0.000189145
2.935 -0.0552386 -0.173909 0.000191847
2.94 -0.0560145 -0.173912 0.00019454
2.945 -0.0567871 -0.173914 0.000197222
2.95 -0.0575568 -0.173916 0.000199894
2.955 -0.0583245 -0.173919 0.000202559
2.96 -0.0590903 -0.173921 0.000205217
2.965 -0.0598534 -0.173923 0.000207866
2.97 -0.0606131 -0.173926 0.000210503
2.975 -0.06137 -0.173928 0.00021313
2.98 -0.062124 -0.173931 0.000215748
2.985 -0.062875 -0.173933 0.000218354
2.99 -0.0636225 -0.173935 0.000220949
2.995 -0.0643658 -0.173938 0.000223529
3 -0.0651045 -0.17394 0.000226093
3.005 -0.0658389 -0.173942 0.000228642
3.01 -0.0665701 -0.173944 0.00023118
3.015 -0.0672987 -0.173947 0.000233709
3.02 -0.068024 -0.173949 0.000236227
3.025 -0.068745 -0.173951 0.000238729
3.03 -0.0694612 -0.173953 0.000241215
3.035 -0.0701727 -0.173956 0.000243685
3.04 -0.0708802 -0.173958 0.000246141
3.045 -0.0715845 -0.17396 0.000248585
3.05 -0.072286 -0.173962 0.00025102
3.055 -0.0729844 -0.173964 0.000253445
3.06 -0.0736796 -0.173967 0.000255857
3.065 -0.0743712 -0.173969 0.000258258
3.07 -0.0750595 -0.173971 0.000260647
3.075 -0.0757447 -0.173973 0.000263025
3.08 -0.076426 -0.173975 0.00026539
3.085 -0.0771029 -0.173977 0.000267739
3.09 -0.0777754 -0.173979 0.000270074
3.095 -0.0784439 -0.173981 0.000272394
3.1 -0.079108 -0.173983 0.000274699
3.105 -0.0797675 -0.173986 0.000276988
3.11 -0.080423 -0.173988 0.000279263
3.115 -0.0810747 -0.17399 0.000281525
3.12 -0.0817225 -0.173992 0.000283773
3.125 -0.0823665 -0.173994 0.000286009
3.13 -0.083007 -0.173996 0.000288232
3.135 -0.083644 -0.173998 0.000290442
3.14 -0.0842771 -0.174 0.00029264
3.145 -0.0849062 -0.174002 0.000294823
3.15 -0.0855312 -0.174004 0.000296993
3.155 -0.0861519 -0.174006 0.000299147
3.16 -0.0867676 -0.174007 0.000301284
3.165 -0.0873783 -0.174009 0.000303403
3.17 -0.0879846 -0.174011 0.000305507
3.175 -0.0885873 -0.174013 0.000307599
3.18 -0.0891868 -0.174015 0.00030968
3.185 -0.0897828 -0.174017 0.000311749
3.19 -0.0903746 -0.174019 0.000313803
3.195 -0.090962 -0.174021 0.000315841
3.2 -0.0915447 -0.174022 0.000317863
3.205 -0.0921231 -0.174024 0.000319871
3.21 -0.0926983 -0.174026 0.000321867
3.215 -0.0932709 -0.174028 0.000323855
3.22 -0.0938401 -0.17403 0.00032583
3.225 -0.0944036 -0.174031 0.000327786
3.23 -0.0949604 -0.174033 0.000329718
3.235 -0.0955119 -0.174035 0.000331632
3.24 -0.0960593 -0.174037 0.000333532
3.245 -0.0966027 -0.174038 0.000335418
3.25 -0.0971415 -0.17404 0.000337288
3.255 -0.0976759 -0.174042 0.000339142
3.26 -0.0982069 -0.174043 0.000340985
3.265 -0.0987338 -0.174045 0.000342814
3.27 -0.0992552 -0.174047 0.000344623
3.275 -0.0997712 -0.174048 0.000346414
3.28 -0.100283 -0.17405 0.000348189
3.285 -0.100789 -0.174051 0.000349946
3.29 -0.10129 -0.174053 0.000351686
3.295 -0.101787 -0.174055 0.000353411
3.3 -0.10228 -0.174056 0.000355122
3.305 -0.10277 -0.174058 0.00035682
3.31 -0.103254 -0.174059 0.000358502
3.315 -0.103734 -0.174061 0.000360168
3.32 -0.10421 -0.174062 0.000361818
3.325 -0.10468 -0.174064 0.00036345
3.33 -0.105145 -0.174065 0.000365062
3.335 -0.105604 -0.174067 0.000366658
3.34 -0.106059 -0.174068 0.000368236
3.345 -0.106509 -0.174069 0.000369798
3.35 -0.106954 -0.174071 0.000371341
3.355 -0.107393 -0.174072 0.000372866
3.36 -0.107827 -0.174074 0.000374372
3.365 -0.108255 -0.174075 0.000375857
3.37 -0.108677 -0.174076 0.000377323
3.375 -0.109095 -0.174078 0.00037877
3.38 -0.109507 -0.174079 0.000380201
3.385 -0.109914 -0.17408 0.000381614
3.39 -0.110317 -0.174081 0.000383011
3.395 -0.110714 -0.174083 0.000384391
3.4 -0.111106 -0.174084 0.000385752
3.405 -0.111493 -0.174085 0.000387093
3.41 -0.111873 -0.174086 0.000388411
3.415 -0.112245 -0.174088 0.000389705
3.42 -0.112612 -0.174089 0.000390978
3.425 -0.112975 -0.17409 0.000392235
3.43 -0.113332 -0.174091 0.000393476
3.435 -0.113684 -0.174092 0.000394698
3.44 -0.114031 -0.174093 0.0003959
3.445 -0.114372 -0.174094 0.000397083
3.45 -0.114707 -0.174095 0.000398249
3.455 -0.115038 -0.174096 0.000399397
3.46 -0.115364 -0.174097 0.000400528
3.465 -0.115684 -0.174098 0.000401637
3.47 -0.115997 -0.174099 0.000402724
3.475 -0.116304 -0.1741 0.000403789
3.48 -0.116606 -0.174101 0.000404837
3.485 -0.116904 -0.174102 0.00040587
3.49 -0.117196 -0.174103 0.000406886
3.495 -0.117483 -0.174104 0.000407882
3.5 -0.117765 -0.174105 0.000408859
3.505 -0.118042 -0.174106 0.000409819
3.51 -0.118313 -0.174107 0.000410762
3.515 -0.11858 -0.174108 0.000411687
3.52 -0.118841 -0.174108 0.000412595
3.525 -0.119098 -0.174109 0.000413485
3.53 -0.119349 -0.17411 0.000414357
3.535 -0.119595 -0.174111 0.000415209
3.54 -0.119834 -0.174112 0.00041604
3.545 -0.120069 -0.174112 0.000416854
3.55 -0.120299 -0.174113 0.000417652
3.555 -0.120524 -0.174114 0.000418432
3.56 -0.120743 -0.174114 0.000419192
3.565 -0.120956 -0.174115 0.000419932
3.57 -0.121163 -0.174116 0.000420653
3.575 -0.121366 -0.174116 0.000421354
3.58 -0.121561 -0.174117 0.000422032
3.585 -0.121749 -0.174118 0.000422684
3.59 -0.12193 -0.174118 0.000423312
3.595 -0.122104 -0.174119 0.000423916
3.6 -0.122271 -0.174119 0.000424497
3.605 -0.122433 -0.17412 0.000425057
3.61 -0.122589 -0.17412 0.000425599
3.615 -0.12274 -0.174121 0.000426123
3.62 -0.122885 -0.174121 0.000426627
3.625 -0.123024 -0.174122 0.00042711
3.63 -0.123157 -0.174122 0.00042757
3.635 -0.123283 -0.174122 0.000428007
3.64 -0.123403 -0.174123 0.000428424
3.645 -0.123517 -0.174123 0.000428821
3.65 -0.123627 -0.174124 0.000429203
3.655 -0.123732 -0.174124 0.000429566
3.66 -0.123831 -0.174124 0.000429908
3.665 -0.123923 -0.174124 0.000430227
3.67 -0.124008 -0.174125 0.000430524
3.675 -0.124087 -0.174125 0.000430797
3.68 -0.124159 -0.174125 0.000431049
3.685 -0.124226 -0.174125 0.000431281
3.69 -0.124288 -0.174126 0.000431494
3.695 -0.124344 -0.174126 0.000431688
3.7 -0.124394 -0.174126 0.000431864
3.705 -0.124439 -0.174126 0.000432019
3.71 -0.124478 -0.174126 0.000432154
3.715 -0.124511 -0.174126 0.000432268
3.72 -0.124538 -0.174126 0.000432364
3.725 -0.124561 -0.174126 0.000432441
3.73 -0.124577 -0.174127 0.000432498
3.735 -0.124587 -0.174127 0.000432533
3.74 -0.124591 -0.174127 0.000432546
3.745 -0.124589 -0.174127 0.000432539
3.75 -0.124581 -0.174127 0.000432513
3.755 -0.124568 -0.174127 0.000432468
3.76 -0.12455 -0.174127 0.000432406
3.765 -0.124527 -0.174127 0.000432324
3.77 -0.124498 -0.174127 0.000432224
3.775 -0.124464 -0.174127 0.000432104
3.78 -0.124423 -0.174127 0.000431964
3.785 -0.124377 -0.174127 0.000431804
3.79 -0.124325 -0.174127 0.000431624
3.795 -0.124268 -0.174127 0.000431424
3.8 -0.124204 -0.174127 0.000431204
3.805 -0.124136 -0.174127 0.000430966
3.81 -0.124062 -0.174127 0.000430709
3.815 -0.123982 -0.174127 0.000430432
3.82 -0.123895 -0.174127 0.000430129
3.825 -0.1238 -0.174127 0.000429801
3.83 -0.1237 -0.174127 0.000429451
3.835 -0.123593 -0.174127 0.000429081
3.84 -0.12348 -0.174127 0.00042869
3.845 -0.123362 -0.174127 0.000428278
3.85 -0.123237 -0.174127 0.000427844
3.855 -0.123106 -0.174127 0.000427391
3.86 -0.12297 -0.174127 0.000426918
3.865 -0.122828 -0.174127 0.000426424
3.87 -0.122679 -0.174127 0.000425909
3.875 -0.122524 -0.174127 0.000425371
3.88 -0.122363 -0.174127 0.000424812
3.885 -0.122197 -0.174127 0.000424234
3.89 -0.122025 -0.174127 0.000423636
3.895 -0.121847 -0.174127 0.000423018
3.9 -0.121664 -0.174127 0.000422382
3.905 -0.121476 -0.174127 0.000421732
3.91 -0.121285 -0.174127 0.000421067
3.915 -0.121088 -0.174127 0.000420385
3.92 -0.120887 -0.174127 0.000419686
3.925 -0.120681 -0.174127 0.000418971
3.93 -0.12047 -0.174127 0.000418238
3.935 -0.120254 -0.174127 0.000417488
3.94 -0.120034 -0.174127 0.000416724
3.945 -0.11981 -0.174127 0.000415945
3.95 -0.11958 -0.174127 0.000415149
3.955 -0.119345 -0.174127 0.000414333
3.96 -0.119105 -0.174127 0.000413497
3.965 -0.118859 -0.174127 0.000412644
3.97 -0.118608 -0.174127 0.000411772
3.975 -0.118351 -0.174127 0.000410881
3.98 -0.118089 -0.174127 0.000409969
3.985 -0.11782 -0.174127 0.000409036
3.99 -0.117545 -0.174127 0.000408083
3.995 -0.117265 -0.174127 0.00040711
4 -0.116978 -0.174127 0.000406114
4.005 -0.116685 -0.174127 0.000405095
4.01 -0.116386 -0.174127 0.000404058
4.015 -0.116083 -0.174127 0.000403005
4.02 -0.115775 -0.174127 0.000401936
4.025 -0.115462 -0.174127 0.000400847
4.03 -0.115142 -0.174127 0.000399739
4.035 -0.114818 -0.174127 0.000398612
4.04 -0.114488 -0.174127 0.000397466
4.045 -0.114152 -0.174127 0.000396301
4.05 -0.113811 -0.174127 0.000395115
4.055 -0.113464 -0.174127 0.000393912
4.06 -0.113113 -0.174127 0.000392692
4.065 -0.112757 -0.174127 0.000391456
4.07 -0.112396 -0.174127 0.000390204
4.075 -0.112032 -0.174127 0.000388938
4.08 -0.111662 -0.174127 0.000387655
4.085 -0.111287 -0.174127 0.000386352
4.09 -0.110906 -0.174127 0.000385028
4.095 -0.110519 -0.174127 0.000383687
4.1 -0.110128 -0.174127 0.000382327
4.105 -0.109731 -0.174127 0.00038095
4.11 -0.10933 -0.174127 0.000379557
4.115 -0.108925 -0.174127 0.00037815
4.12 -0.108515 -0.174127 0.000376728
4.125 -0.108101 -0.174127 0.000375289
4.13 -0.107682 -0.174127 0.000373834
4.135 -0.107258 -0.174127 0.000372364
4.14 -0.106831 -0.174127 0.000370882
4.145 -0.106401 -0.174127 0.000369387
4.15 -0.105967 -0.174127 0.000367879
4.155 -0.105529 -0.174127 0.000366359
4.16 -0.105088 -0.174127 0.000364826
4.165 -0.104643 -0.174127 0.000363282
4.17 -0.104194 -0.174127 0.000361725
4.175 -0.103743 -0.174127 0.000360158
4.18 -0.103289 -0.174127 0.000358582
4.185 -0.102833 -0.174127 0.000356998
4.19 -0.102375 -0.174127 0.000355407
4.195 -0.101913 -0.174127 0.000353805
4.2 -0.101449 -0.174127 0.000352191
4.205 -0.100979 -0.174127 0.00035056
4.21 -0.100504 -0.174127 0.000348912
4.215 -0.100026 -0.174127 0.000347252
4.22 -0.0995449 -0.174127 0.000345581
4.225 -0.0990606 -0.174127 0.0003439
4.23 -0.0985737 -0.174127 0.000342209
4.235 -0.0980848 -0.174127 0.000340511
4.24 -0.0975944 -0.174127 0.000338809
4.245 -0.0971018 -0.174127 0.000337098
4.25 -0.096606 -0.174127 0.000335377
4.255 -0.0961066 -0.174127 0.000333642
4.26 -0.0956035 -0.174127 0.000331896
4.265 -0.0950974 -0.174127 0.000330138
4.27 -0.0945881 -0.174127 0.00032837
4.275 -0.0940749 -0.174127 0.000326588
4.28 -0.0935576 -0.174127 0.000324792
4.285 -0.0930366 -0.174127 0.000322983
4.29 -0.0925127 -0.174127 0.000321164
4.295 -0.091986 -0.174127 0.000319335
4.3 -0.0914561 -0.174127 0.000317495
4.305 -0.0909225 -0.174127 0.000315642
4.31 -0.0903854 -0.174127 0.000313777
4.315 -0.089845 -0.174127 0.000311901
4.32 -0.0893013 -0.174127 0.000310013
4.325 -0.0887547 -0.174127 0.000308115
4.33 -0.0882054 -0.174127 0.000306208
4.335 -0.0876527 -0.174127 0.000304289
4.34 -0.0870965 -0.174127 0.000302358
4.345 -0.0865375 -0.174127 0.000300417
4.35 -0.0859759 -0.174127 0.000298467
4.355 -0.0854113 -0.174127 0.000296506
4.36 -0.0848436 -0.174127 0.000294535
4.365 -0.0842734 -0.174127 0.000292555
4.37 -0.0837012 -0.174127 0.000290568
4.375 -0.0831272 -0.174127 0.000288575
4.38 -0.0825508 -0.174127 0.000286574
4.385 -0.0819716 -0.174127 0.000284563
4.39 -0.081389 -0.174127 0.00028254
4.395 -0.0808027 -0.174127 0.000280504
4.4 -0.080213 -0.174127 0.000278457
4.405 -0.0796204 -0.174127 0.000276399
4.41 -0.079025 -0.174127 0.000274332
4.415 -0.0784271 -0.174127 0.000272255
4.42 -0.0778267 -0.174127 0.000270171
4.425 -0.0772241 -0.174127 0.000268078
4.43 -0.0766197 -0.174127 0.00026598
4.435 -0.0760139 -0.174127 0.000263876
4.44 -0.0754058 -0.174127 0.000261765
4.445 -0.0747946 -0.174127 0.000259643
4.45 -0.0741807 -0.174127 0.000257511
4.455 -0.0735655 -0.174127 0.000255375
4.46 -0.0729501 -0.174127 0.000253238
4.465 -0.0723342 -0.174127 0.0002511
4.47 -0.0717171 -0.174127 0.000248957
4.475 -0.0710984 -0.174127 0.000246808
4.48 -0.0704785 -0.174127 0.000244656
4.485 -0.0698577 -0.174127 0.000242501
4.49 -0.069236 -0.174127 0.000240342
4.495 -0.0686133 -0.174127 0.00023818
4.5 -0.067989 -0.174127 0.000236012
4.505 -0.067362 -0.174127 0.000233835
4.51 -0.0667323 -0.174127 0.000231649
4.515 -0.0661003 -0.174127 0.000229454
4.52 -0.0654666 -0.174127 0.000227254
4.525 -0.0648318 -0.174127 0.00022505
4.53 -0.0641959 -0.174127 0.000222842
4.535 -0.0635588 -0.174127 0.000220629
4.54 -0.0629211 -0.174127 0.000218415
4.545 -0.0622841 -0.174127 0.000216203
4.55 -0.0616476 -0.174127 0.000213993
4.555 -0.0610099 -0.174127 0.000211779
4.56 -0.0603699 -0.174127 0.000209557
4.565 -0.0597282 -0.174127 0.000207329
4.57 -0.0590862 -0.174127 0.0002051
4.575 -0.0584441 -0.174127 0.00020287
4.58 -0.0578008 -0.174127 0.000200636
4.585 -0.0571553 -0.174127 0.000198395
4.59 -0.0565076 -0.174127 0.000196146
4.595 -0.0558583 -0.174127 0.000193892
4.6 -0.0552081 -0.174127 0.000191634
4.605 -0.0545577 -0.174127 0.000189375
4.61 -0.0539085 -0.174127 0.000187122
4.615 -0.0532611 -0.174127 0.000184873
4.62 -0.0526143 -0.174127 0.000182628
4.625 -0.0519667 -0.174127 0.000180379
4.63 -0.0513176 -0.174127 0.000178125
4.635 -0.050667 -0.174127 0.000175866
4.64 -0.0500159 -0.174127 0.000173606
4.645 -0.0493643 -0.174127 0.000171343
4.65 -0.0487106 -0.174127 0.000169073
4.655 -0.0480541 -0.174127 0.000166794
4.66 -0.0473957 -0.174127 0.000164508
4.665 -0.0467368 -0.174127 0.00016222
4.67 -0.0460773 -0.174127 0.00015993
4.675 -0.0454162 -0.174127 0.000157634
4.68 -0.0447534 -0.174127 0.000155333
4.685 -0.0440904 -0.174127 0.000153031
4.69 -0.0434283 -0.174127 0.000150732
4.695 -0.0427671 -0.174127 0.000148436
4.7 -0.0421062 -0.174127 0.000146141
4.705 -0.0414453 -0.174127 0.000143846
4.71 -0.0407838 -0.174127 0.00014155
4.715 -0.0401216 -0.174127 0.00013925
4.72 -0.0394595 -0.174127 0.000136951
4.725 -0.0387994 -0.174127 0.000134659
4.73 -0.0381432 -0.174127 0.000132381
4.735 -0.0374907 -0.174127 0.000130115
4.74 -0.0368404 -0.174127 0.000127857
4.745 -0.0361913 -0.174127 0.000125603
4.75 -0.035544 -0.174127 0.000123356
4.755 -0.0348984 -0.174127 0.000121114
4.76 -0.0342544 -0.174127 0.000118878
4.765 -0.0336123 -0.174127 0.000116649
4.77 -0.0329722 -0.174127 0.000114426
4.775 -0.0323327 -0.174127 0.000112206
4.78 -0.031693 -0.174127 0.000109984
4.785 -0.0310536 -0.174127 0.000107764
4.79 -0.0304158 -0.174127 0.000105549
4.795 -0.0297792 -0.174127 0.000103339
4.8 -0.0291433 -0.174127 0.000101131
4.805 -0.0285087 -0.174127 9.89277e-05
4.81 -0.0278764 -0.174127 9.67323e-05
4.815 -0.0272462 -0.174127 9.45439e-05
4.82 -0.0266167 -0.174127 9.23584e-05
4.825 -0.0259881 -0.174127 9.01756e-05
4.83 -0.0253611 -0.174127 8.79986e-05
4.835 -0.024736 -0.174127 8.58282e-05
4.84 -0.0241128 -0.174127 8.3664e-05
4.845 -0.023491 -0.174127 8.1505e-05
4.85 -0.0228703 -0.174127 7.93499e-05
4.855 -0.0222509 -0.174127 7.71991e-05
4.86 -0.0216332 -0.174127 7.50543e-05
4.865 -0.0210173 -0.174127 7.29157e-05
4.87 -0.0204031 -0.174127 7.07833e-05
4.875 -0.019791 -0.174127 6.8658e-05
4.88 -0.0191811 -0.174127 6.65403e-05
4.885 -0.0185728 -0.174127 6.44281e-05
4.89 -0.0179659 -0.174127 6.23208e-05
4.895 -0.0173611 -0.174127 6.02207e-05
4.9 -0.0167584 -0.174127 5.8128e-05
4.905 -0.0161567 -0.174127 5.60387e-05
4.91 -0.0155561 -0.174127 5.39532e-05
4.915 -0.0149586 -0.174127 5.18786e-05
4.92 -0.0143655 -0.174127 4.98194e-05
4.925 -0.0137762 -0.174127 4.77732e-05
4.93 -0.0131898 -0.174127 4.5737e-05
4.935 -0.0126056 -0.174127 4.37087e-05
4.94 -0.0120232 -0.174127 4.16865e-05
4.945 -0.011442 -0.174127 3.96683e-05
4.95 -0.0108615 -0.174127 3.76525e-05
4.955 -0.0102816 -0.174127 3.5639e-05
4.96 -0.00970251 -0.174127 3.36284e-05
4.965 -0.0091251 -0.174127 3.16235e-05
4.97 -0.00855035 -0.174127 2.96278e-05
4.975 -0.00797875 -0.174127 2.76431e-05
4.98 -0.00741029 -0.174127 2.56693e-05
4.985 -0.00684512 -0.174127 2.37069e-05
4.99 -0.00628366 -0.174127 2.17574e-05
4.995 -0.00572564 -0.174127 1.98198e-05
5 -0.00516955 -0.174127 1.78889e-05
5.005 -0.00461396 -0.174127 1.59598e-05
5.01 -0.00405889 -0.174127 1.40325e-05
5.015 -0.00350564 -0.174127 1.21115e-05
5.02 -0.00295582 -0.174127 1.02024e-05
5.025 -0.0024096 -0.174127 8.30581e-06
5.03 -0.00186579 -0.174127 6.41756e-06
5.035 -0.00132352 -0.174127 4.5347e-06
5.04 -0.000782929 -0.174127 2.65764e-06
5.045 -0.000244667 -0.174127 7.88677e-07
5.05 0.000290847 -0.174127 -1.07075e-06
5.055 0.000824064 -0.174127 -2.9222e-06
5.06 0.00135572 -0.174127 -4.76824e-06
5.065 0.00188599 -0.174127 -6.60943e-06
5.07 0.00241418 -0.174127 -8.44345e-06
5.075 0.0029392 -0.174127 -1.02664e-05
5.08 0.00346056 -0.174127 -1.20767e-05
5.085 0.00397873 -0.174127 -1.38759e-05
5.09 0.00449383 -0.174127 -1.56644e-05
5.095 0.00500504 -0.174127 -1.74395e-05
5.1 0.00551208 -0.174127 -1.92e-05
5.105 0.00601576 -0.174127 -2.09489e-05
5.11 0.00651654 -0.174127 -2.26877e-05
5.115 0.0070142 -0.174127 -2.44157e-05
5.12 0.00750906 -0.174127 -2.6134e-05
5.125 0.00800169 -0.174127 -2.78445e-05
5.13 0.00849126 -0.174127 -2.95444e-05
5.135 0.00897591 -0.174127 -3.12272e-05
5.14 0.00945491 -0.174127 -3.28904e-05
5.145 0.00992924 -0.174127 -3.45374e-05
5.15 0.0104002 -0.174127 -3.61726e-05
5.155 0.010868 -0.174127 -3.77969e-05
5.16 0.0113324 -0.174127 -3.94094e-05
5.165 0.0117933 -0.174127 -4.10097e-05
5.17 0.0122504 -0.174127 -4.2597e-05
5.175 0.0127038 -0.174127 -4.41713e-05
5.18 0.013154 -0.174127 -4.57345e-05
5.185 0.0136011 -0.174127 -4.72867e-05
5.19 0.0140442 -0.174127 -4.88255e-05
5.195 0.0144832 -0.174127 -5.03497e-05
5.2 0.014918 -0.174127 -5.18596e-05
5.205 0.0153489 -0.174127 -5.33555e-05
5.21 0.015776 -0.174127 -5.48386e-05
5.215 0.0161996 -0.174127 -5.63095e-05
5.22 0.0166189 -0.174127 -5.77653e-05
5.225 0.0170335 -0.174127 -5.92049e-05
5.23 0.0174447 -0.174127 -6.06328e-05
5.235 0.0178538 -0.174127 -6.20533e-05
5.24 0.0182611 -0.174127 -6.34674e-05
5.245 0.0186668 -0.174127 -6.4876e-05
5.25 0.0190706 -0.174127 -6.62781e-05
5.255 0.0194707 -0.174127 -6.76673e-05
5.26 0.0198651 -0.174127 -6.90369e-05
5.265 0.0202537 -0.174127 -7.03863e-05
5.27 0.0206373 -0.174127 -7.17181e-05
5.275 0.0210161 -0.174127 -7.30335e-05
5.28 0.02139 -0.174127 -7.43317e-05
5.285 0.0217584 -0.174127 -7.56107e-05
5.29 0.0221211 -0.174127 -7.68704e-05
5.295 0.0224794 -0.174127 -7.81143e-05
5.3 0.0228343 -0.174127 -7.93465e-05
5.305 0.0231856 -0.174127 -8.05663e-05
5.31 0.0235321 -0.174127 -8.17694e-05
5.315 0.023873 -0.174127 -8.29532e-05
5.32 0.0242082 -0.174127 -8.41172e-05
5.325 0.0245384 -0.174127 -8.52635e-05
5.33 0.0248643 -0.174127 -8.63954e-05
5.335 0.0251865 -0.174127 -8.75138e-05
5.34 0.0255041 -0.174127 -8.86166e-05
5.345 0.0258169 -0.174127 -8.97027e-05
5.35 0.026125 -0.174127 -9.07728e-05
5.355 0.0264289 -0.174127 -9.18278e-05
5.36 0.0267286 -0.174127 -9.28686e-05
5.365 0.0270246 -0.174127 -9.38963e-05
5.37 0.0273169 -0.174127 -9.49111e-05
5.375 0.027605 -0.174127 -9.59115e-05
5.38 0.0278882 -0.174127 -9.6895e-05
5.385 0.0281658 -0.174127 -9.78586e-05
5.39 0.0284373 -0.174127 -9.88014e-05
5.395 0.0287036 -0.174127 -9.97262e-05
5.4 0.028966 -0.174127 -0.000100637
5.405 0.0292249 -0.174127 -0.000101536
5.41 0.0294798 -0.174127 -0.000102421
5.415 0.02973 -0.174127 -0.00010329
5.42 0.0299743 -0.174127 -0.000104138
5.425 0.030212 -0.174127 -0.000104963
5.43 0.0304435 -0.174127 -0.000105767
5.435 0.0306699 -0.174127 -0.000106554
5.44 0.0308918 -0.174127 -0.000107324
5.445 0.0311087 -0.174127 -0.000108077
5.45 0.0313193 -0.174127 -0.000108808
5.455 0.0315228 -0.174127 -0.000109515
5.46 0.0317193 -0.174127 -0.000110197
5.465 0.0319101 -0.174127 -0.00011086
5.47 0.0320958 -0.174127 -0.000111505
5.475 0.0322761 -0.174127 -0.000112131
5.48 0.0324504 -0.174127 -0.000112736
5.485 0.0326191 -0.174127 -0.000113322
5.49 0.0327831 -0.174127 -0.000113891
5.495 0.0329429 -0.174127 -0.000114446
5.5 0.0330993 -0.174127 -0.000114989
5.505 0.0332522 -0.174127 -0.00011552
5.51 0.0334013 -0.174127 -0.000116038
5.515 0.0335463 -0.174127 -0.000116541
5.52 0.0336871 -0.174127 -0.00011703
5.525 0.0338233 -0.174127 -0.000117503
5.53 0.0339546 -0.174127 -0.000117959
5.535 0.0340811 -0.174127 -0.000118398
5.54 0.0342021 -0.174127 -0.000118818
5.545 0.0343167 -0.174127 -0.000119216
5.55 0.0344247 -0.174127 -0.000119591
5.555 0.0345274 -0.174127 -0.000119948
5.56 0.0346257 -0.174127 -0.000120289
5.565 0.0347192 -0.174127 -0.000120614
5.57 0.0348073 -0.174127 -0.000120919
5.575 0.0348902 -0.174127 -0.000121207
5.58 0.0349695 -0.174127 -0.000121483
5.585 0.0350457 -0.174127 -0.000121747
5.59 0.0351189 -0.174127 -0.000122001
5.595 0.0351881 -0.174127 -0.000122242
5.6 0.0352523 -0.174127 -0.000122465
5.605 0.0353112 -0.174127 -0.000122669
5.61 0.0353656 -0.174127 -0.000122858
5.615 0.0354155 -0.174127 -0.000123031
5.62 0.0354603 -0.174127 -0.000123187
5.625 0.0354998 -0.174127 -0.000123324
5.63 0.0355345 -0.174127 -0.000123445
5.635 0.0355648 -0.174127 -0.00012355
5.64 0.035591 -0.174127 -0.000123641
5.645 0.035613 -0.174127 -0.000123717
5.65 0.0356295 -0.174127 -0.000123774
5.655 0.035639 -0.174127 -0.000123807
5.66 0.0356412 -0.174127 -0.000123815
5.665 0.0356376 -0.174127 -0.000123803
5.67 0.0356295 -0.174127 -0.000123774
5.675 0.0356171 -0.174127 -0.000123731
5.68 0.0356002 -0.174127 -0.000123673
5.685 0.0355787 -0.174127 -0.000123598
5.69 0.0355525 -0.174127 -0.000123507
5.695 0.0355221 -0.174127 -0.000123401
5.7 0.0354877 -0.174127 -0.000123282
5.705 0.0354495 -0.174127 -0.000123149
5.71 0.0354069 -0.174127 -0.000123002
5.715 0.0353597 -0.174127 -0.000122837
5.72 0.0353065 -0.174127 -0.000122653
5.725 0.0352456 -0.174127 -0.000122441
5.73 0.0351761 -0.174127 -0.0001222
5.735 0.0350993 -0.174127 -0.000121934
5.74 0.0350174 -0.174127 -0.000121649
5.745 0.0349309 -0.174127 -0.000121349
5.75 0.0348395 -0.174127 -0.000121031
5.755 0.0347432 -0.174127 -0.000120697
5.76 0.0346423 -0.174127 -0.000120347
5.765 0.0345372 -0.174127 -0.000119981
5.77 0.0344277 -0.174127 -0.000119601
5.775 0.0343138 -0.174127 -0.000119206
5.78 0.0341951 -0.174127 -0.000118794
5.785 0.034071 -0.174127 -0.000118363
5.79 0.0339412 -0.174127 -0.000117912
5.795 0.0338066 -0.174127 -0.000117445
5.8 0.0336673 -0.174127 -0.000116961
5.805 0.0335236 -0.174127 -0.000116462
5.81 0.0333759 -0.174127 -0.00011595
5.815 0.0332258 -0.174127 -0.000115428
5.82 0.0330736 -0.174127 -0.0001149
5.825 0.0329179 -0.174127 -0.000114359
5.83 0.0327577 -0.174127 -0.000113803
5.835 0.0325929 -0.174127 -0.000113231
5.84 0.032424 -0.174127 -0.000112644
5.845 0.0322512 -0.174127 -0.000112044
5.85 0.032074 -0.174127 -0.000111429
5.855 0.0318916 -0.174127 -0.000110796
5.86 0.0317044 -0.174127 -0.000110145
5.865 0.0315128 -0.174127 -0.00010948
5.87 0.0313177 -0.174127 -0.000108803
5.875 0.0311187 -0.174127 -0.000108112
5.88 0.0309153 -0.174127 -0.000107406
5.885 0.030708 -0.174127 -0.000106686
5.89 0.0304973 -0.174127 -0.000105954
5.895 0.0302839 -0.174127 -0.000105213
5.9 0.0300679 -0.174127 -0.000104463
5.905 0.0298487 -0.174127 -0.000103702
5.91 0.0296261 -0.174127 -0.000102929
5.915 0.0294012 -0.174127 -0.000102148
5.92 0.0291751 -0.174127 -0.000101363
5.925 0.0289472 -0.174127 -0.000100572
5.93 0.0287162 -0.174127 -9.97699e-05
5.935 0.0284812 -0.174127 -9.89538e-05
5.94 0.0282421 -0.174127 -9.81238e-05
5.945 0.0279992 -0.174127 -9.72803e-05
5.95 0.0277525 -0.174127 -9.64236e-05
5.955 0.0275018 -0.174127 -9.55533e-05
5.96 0.0272473 -0.174127 -9.46696e-05
5.965 0.0269896 -0.174127 -9.37746e-05
5.97 0.0267295 -0.174127 -9.28716e-05
5.975 0.0264675 -0.174127 -9.19617e-05
5.98 0.0262027 -0.174127 -9.10424e-05
5.985 0.0259343 -0.174127 -9.01105e-05
5.99 0.0256616 -0.174127 -8.91636e-05
5.995 0.0253849 -0.174127 -8.82028e-05
6 0.025106 -0.174127 -8.72343e-05
6.005 0.024826 -0.174127 -8.62621e-05
6.01 0.0245442 -0.174127 -8.52838e-05
6.015 0.0242598 -0.174127 -8.42961e-05
6.02 0.0239727 -0.174127 -8.32994e-05
6.025 0.0236833 -0.174127 -8.22946e-05
6.03 0.0233912 -0.174127 -8.12803e-05
6.035 0.0230963 -0.174127 -8.02562e-05
6.04 0.0227985 -0.174127 -7.92224e-05
6.045 0.022498 -0.174127 -7.8179e-05
6.05 0.0221958 -0.174127 -7.71294e-05
6.055 0.0218931 -0.174127 -7.60785e-05
6.06 0.0215903 -0.174127 -7.5027e-05
6.065 0.021286 -0.174127 -7.39706e-05
6.07 0.0209791 -0.174127 -7.2905e-05
6.075 0.0206691 -0.174127 -7.18286e-05
6.08 0.0203562 -0.174127 -7.07422e-05
6.085 0.0200413 -0.174127 -6.96487e-05
6.09 0.0197251 -0.174127 -6.85507e-05
6.095 0.0194077 -0.174127 -6.74486e-05
6.1 0.0190892 -0.174127 -6.63427e-05
6.105 0.0187698 -0.174127 -6.52339e-05
6.11 0.0184493 -0.174127 -6.41209e-05
6.115 0.0181278 -0.174127 -6.30045e-05
6.12 0.0178065 -0.174127 -6.18889e-05
6.125 0.0174864 -0.174127 -6.07774e-05
6.13 0.0171665 -0.174127 -5.96669e-05
6.135 0.0168449 -0.174127 -5.85501e-05
6.14 0.0165203 -0.174127 -5.74231e-05
6.145 0.0161935 -0.174127 -5.62882e-05
6.15 0.0158651 -0.174127 -5.5148e-05
6.155 0.0155354 -0.174127 -5.40033e-05
6.16 0.0152046 -0.174127 -5.28545e-05
6.165 0.0148723 -0.174127 -5.17007e-05
6.17 0.0145373 -0.174127 -5.05376e-05
6.175 0.0141989 -0.174127 -4.93626e-05
6.18 0.0138579 -0.174127 -4.81786e-05
6.185 0.0135153 -0.174127 -4.69889e-05
6.19 0.013171 -0.174127 -4.57934e-05
6.195 0.0128248 -0.174127 -4.45914e-05
6.2 0.0124773 -0.174127 -4.33849e-05
6.205 0.0121291 -0.174127 -4.21759e-05
6.21 0.0117799 -0.174127 -4.09633e-05
6.215 0.0114292 -0.174127 -3.97457e-05
6.22 0.0110773 -0.174127 -3.85237e-05
6.225 0.0107244 -0.174127 -3.72982e-05
6.23 0.0103704 -0.174127 -3.60691e-05
6.235 0.010015 -0.174127 -3.4835e-05
6.24 0.00965799 -0.174127 -3.35955e-05
6.245 0.00929967 -0.174127 -3.23513e-05
6.25 0.00894037 -0.174127 -3.11038e-05
6.255 0.00858035 -0.174127 -2.98537e-05
6.26 0.00822002 -0.174127 -2.86026e-05
6.265 0.00785949 -0.174127 -2.73507e-05
6.27 0.00749825 -0.174127 -2.60964e-05
6.275 0.00713616 -0.174127 -2.48391e-05
6.28 0.0067741 -0.174127 -2.3582e-05
6.285 0.00641289 -0.174127 -2.23278e-05
6.29 0.00605227 -0.174127 -2.10756e-05
6.295 0.0056912 -0.174127 -1.98219e-05
6.3 0.00532895 -0.174127 -1.85641e-05
6.305 0.0049654 -0.174127 -1.73018e-05
6.31 0.00460082 -0.174127 -1.60359e-05
6.315 0.00423552 -0.174127 -1.47675e-05
6.32 0.0038695 -0.174127 -1.34966e-05
6.325 0.00350214 -0.174127 -1.2221e-05
6.33 0.00313268 -0.174127 -1.09382e-05
6.335 0.00276082 -0.174127 -9.64699e-06
6.34 0.00238723 -0.174127 -8.3498e-06
6.345 0.0020133 -0.174127 -7.05146e-06
6.35 0.00164018 -0.174127 -5.7559e-06
6.355 0.00126745 -0.174127 -4.46168e-06
6.36 0.000893748 -0.174127 -3.16412e-06
6.365 0.000519628 -0.174127 -1.86509e-06
6.37 0.000148097 -0.174127 -5.75047e-07
6.375 -0.000218559 -0.174127 6.98062e-07
6.38 -0.00058124 -0.174127 1.95737e-06
6.385 -0.000942799 -0.174127 3.21278e-06
6.39 -0.0013053 -0.174127 4.47148e-06
6.395 -0.00166899 -0.174127 5.73427e-06
6.4 -0.00203301 -0.174127 6.99825e-06
6.405 -0.00239678 -0.174127 8.26134e-06
6.41 -0.00276037 -0.174127 9.52378e-06
6.415 -0.00312383 -0.174127 1.07858e-05
6.42 -0.00348693 -0.174127 1.20466e-05
6.425 -0.00384935 -0.174127 1.3305e-05
6.43 -0.00421074 -0.174127 1.45598e-05
6.435 -0.00457101 -0.174127 1.58107e-05
6.44 -0.00493008 -0.174127 1.70575e-05
6.445 -0.00528711 -0.174127 1.82972e-05
6.45 -0.00564111 -0.174127 1.95264e-05
6.455 -0.0059924 -0.174127 2.07461e-05
6.46 -0.00634192 -0.174127 2.19597e-05
6.465 -0.00668998 -0.174127 2.31683e-05
6.47 -0.00703639 -0.174127 2.43711e-05
6.475 -0.00738108 -0.174127 2.55679e-05
6.48 -0.00772441 -0.174127 2.676e-05
6.485 -0.00806712 -0.174127 2.795e-05
6.49 -0.00840961 -0.174127 2.91392e-05
6.495 -0.00875127 -0.174127 3.03255e-05
6.5 -0.00909058 -0.174127 3.15037e-05
6.505 -0.00942675 -0.174127 3.26709e-05
6.51 -0.00976059 -0.174127 3.38301e-05
6.515 -0.010093 -0.174127 3.49842e-05
6.52 -0.0104233 -0.174127 3.61314e-05
6.525 -0.0107512 -0.174127 3.72696e-05
6.53 -0.0110772 -0.174127 3.84015e-05
6.535 -0.0114028 -0.174127 3.95321e-05
6.54 -0.0117286 -0.174127 4.06635e-05
6.545 -0.0120545 -0.174127 4.17949e-05
6.55 -0.0123795 -0.174127 4.29235e-05
6.555 -0.0127031 -0.174127 4.40473e-05
6.56 -0.0130256 -0.174127 4.51668e-05
6.565 -0.0133471 -0.174127 4.62833e-05
6.57 -0.0136678 -0.174127 4.73967e-05
6.575 -0.0139875 -0.174127 4.8507e-05
6.58 -0.0143067 -0.174127 4.96154e-05
6.585 -0.0146261 -0.174127 5.07242e-05
6.59 -0.0149456 -0.174127 5.18335e-05
6.595 -0.0152642 -0.174127 5.294e-05
6.6 -0.0155811 -0.174127 5.40401e-05
6.605 -0.015896 -0.174127 5.51337e-05
6.61 -0.0162095 -0.174127 5.6222e-05
6.615 -0.0165204 -0.174127 5.73016e-05
6.62 -0.0168276 -0.174127 5.83684e-05
6.625 -0.0171319 -0.174127 5.94251e-05
6.63 -0.0174348 -0.174127 6.04765e-05
6.635 -0.0177363 -0.174127 6.15236e-05
6.64 -0.0180363 -0.174127 6.25651e-05
6.645 -0.0183349 -0.174127 6.36021e-05
6.65 -0.018633 -0.174127 6.46371e-05
6.655 -0.0189304 -0.174127 6.56698e-05
6.66 -0.0192266 -0.174127 6.66982e-05
6.665 -0.0195207 -0.174127 6.77195e-05
6.67 -0.0198113 -0.174127 6.87285e-05
6.675 -0.0200967 -0.174127 6.97193e-05
6.68 -0.0203768 -0.174127 7.06921e-05
6.685 -0.0206538 -0.174127 7.16537e-05
6.69 -0.0209293 -0.174127 7.26103e-05
6.695 -0.0212035 -0.174127 7.35626e-05
6.7 -0.0214761 -0.174127 7.4509e-05
6.705 -0.021747 -0.174127 7.54494e-05
6.71 -0.0220164 -0.174127 7.63848e-05
6.715 -0.0222842 -0.174127 7.73147e-05
6.72 -0.0225499 -0.174127 7.82374e-05
6.725 -0.0228135 -0.174127 7.91526e-05
6.73 -0.023075 -0.174127 8.00608e-05
6.735 -0.0233341 -0.174127 8.09602e-05
6.74 -0.0235903 -0.174127 8.18499e-05
6.745 -0.0238447 -0.174127 8.27332e-05
6.75 -0.0240985 -0.174127 8.36145e-05
6.755 -0.0243511 -0.174127 8.44917e-05
6.76 -0.0246012 -0.174127 8.536e-05
6.765 -0.0248482 -0.174127 8.62175e-05
6.77 -0.0250923 -0.174127 8.70654e-05
6.775 -0.0253344 -0.174127 8.79059e-05
6.78 -0.0255749 -0.174127 8.87408e-05
6.785 -0.0258137 -0.174127 8.95699e-05
6.79 -0.0260503 -0.174127 9.03917e-05
6.795 -0.0262837 -0.174127 9.12019e-05
6.8 -0.0265118 -0.174127 9.19939e-05
6.805 -0.0267342 -0.174127 9.27663e-05
6.81 -0.0269525 -0.174127 9.35244e-05
6.815 -0.027168 -0.174127 9.42724e-05
6.82 -0.0273805 -0.174127 9.50104e-05
6.825 -0.0275903 -0.174127 9.57389e-05
6.83 -0.0277979 -0.174127 9.64598e-05
6.835 -0.0280035 -0.174127 9.71735e-05
6.84 -0.0282063 -0.174127 9.78776e-05
6.845 -0.0284057 -0.174127 9.85701e-05
6.85 -0.028602 -0.174127 9.92515e-05
6.855 -0.0287957 -0.174127 9.99243e-05
6.86 -0.0289875 -0.174127 0.00010059
6.865 -0.0291771 -0.174127 0.000101249
6.87 -0.0293643 -0.174127 0.000101899
6.875 -0.0295487 -0.174127 0.000102539
6.88 -0.0297296 -0.174127 0.000103167
6.885 -0.0299074 -0.174127 0.000103784
6.89 -0.0300831 -0.174127 0.000104394
6.895 -0.0302567 -0.174127 0.000104997
6.9 -0.0304269 -0.174127 0.000105588
6.905 -0.0305935 -0.174127 0.000106167
6.91 -0.0307571 -0.174127 0.000106735
6.915 -0.0309178 -0.174127 0.000107293
6.92 -0.0310751 -0.174127 0.000107839
6.925 -0.0312293 -0.174127 0.000108374
6.93 -0.031381 -0.174127 0.000108901
6.935 -0.03153 -0.174127 0.000109418
6.94 -0.0316752 -0.174127 0.000109922
6.945 -0.0318157 -0.174127 0.00011041
6.95 -0.0319524 -0.174127 0.000110885
6.955 -0.032087 -0.174127 0.000111353
6.96 -0.0322201 -0.174127 0.000111815
6.965 -0.0323511 -0.174127 0.000112269
6.97 -0.0324792 -0.174127 0.000112714
6.975 -0.0326037 -0.174127 0.000113147
6.98 -0.0327242 -0.174127 0.000113565
6.985 -0.032841 -0.174127 0.00011397
6.99 -0.0329556 -0.174127 0.000114368
6.995 -0.0330681 -0.174127 0.000114759
7 -0.0331763 -0.174127 0.000115135
7.005 -0.0332781 -0.174127 0.000115488
7.01 -0.0333737 -0.174127 0.00011582
7.015 -0.0334649 -0.174127 0.000116137
7.02 -0.0335524 -0.174127 0.000116441
7.025 -0.0336357 -0.174127 0.00011673
7.03 -0.033714 -0.174127 0.000117002
7.035 -0.0337864 -0.174127 0.000117253
7.04 -0.0338533 -0.174127 0.000117485
7.045 -0.0339158 -0.174127 0.000117702
7.05 -0.0339747 -0.174127 0.000117907
7.055 -0.0340303 -0.174127 0.0001181
7.06 -0.0340826 -0.174127 0.000118281
7.065 -0.0341309 -0.174127 0.000118449
7.07 -0.0341742 -0.174127 0.0001186
7.075 -0.0342118 -0.174127 0.00011873
7.08 -0.0342438 -0.174127 0.000118841
7.085 -0.0342712 -0.174127 0.000118936
7.09 -0.0342947 -0.174127 0.000119018
7.095 -0.0343149 -0.174127 0.000119088
7.1 -0.0343312 -0.174127 0.000119145
7.105 -0.0343435 -0.174127 0.000119188
7.11 -0.0343522 -0.174127 0.000119218
7.115 -0.0343574 -0.174127 0.000119236
7.12 -0.0343592 -0.174127 0.000119242
7.125 -0.0343571 -0.174127 0.000119235
7.13 -0.0343508 -0.174127 0.000119213
7.135 -0.0343404 -0.174127 0.000119177
7.14 -0.0343255 -0.174127 0.000119125
7.145 -0.0343064 -0.174127 0.000119059
7.15 -0.0342846 -0.174127 0.000118983
7.155 -0.0342616 -0.174127 0.000118903
7.16 -0.0342366 -0.174127 0.000118816
7.165 -0.0342077 -0.174127 0.000118716
7.17 -0.0341744 -0.174127 0.0001186
7.175 -0.034138 -0.174127 0.000118474
7.18 -0.0340989 -0.174127 0.000118338
7.185 -0.0340565 -0.174127 0.000118191
7.19 -0.0340101 -0.174127 0.00011803
7.195 -0.0339591 -0.174127 0.000117853
7.2 -0.0339041 -0.174127 0.000117662
7.205 -0.0338453 -0.174127 0.000117458
7.21 -0.0337822 -0.174127 0.000117239
7.215 -0.033715 -0.174127 0.000117005
7.22 -0.033645 -0.174127 0.000116762
7.225 -0.0335729 -0.174127 0.000116512
7.23 -0.0334981 -0.174127 0.000116252
7.235 -0.0334196 -0.174127 0.000115979
7.24 -0.0333378 -0.174127 0.000115695
7.245 -0.033253 -0.174127 0.000115401
7.25 -0.0331647 -0.174127 0.000115094
7.255 -0.0330722 -0.174127 0.000114773
7.26 -0.0329759 -0.174127 0.000114439
7.265 -0.0328769 -0.174127 0.000114095
7.27 -0.0327751 -0.174127 0.000113742
7.275 -0.0326693 -0.174127 0.000113374
7.28 -0.0325591 -0.174127 0.000112992
7.285 -0.0324445 -0.174127 0.000112594
7.29 -0.032326 -0.174127 0.000112182
7.295 -0.0322042 -0.174127 0.000111759
7.3 -0.0320795 -0.174127 0.000111326
7.305 -0.0319519 -0.174127 0.000110883
7.31 -0.0318212 -0.174127 0.000110429
7.315 -0.031687 -0.174127 0.000109963
7.32 -0.0315485 -0.174127 0.000109483
7.325 -0.0314052 -0.174127 0.000108985
7.33 -0.031257 -0.174127 0.000108471
7.335 -0.031105 -0.174127 0.000107943
7.34 -0.0309495 -0.174127 0.000107403
7.345 -0.0307904 -0.174127 0.00010685
7.35 -0.030627 -0.174127 0.000106283
7.355 -0.0304589 -0.174127 0.000105699
7.36 -0.0302868 -0.174127 0.000105102
7.365 -0.0301118 -0.174127 0.000104494
7.37 -0.0299344 -0.174127 0.000103878
7.375 -0.0297542 -0.174127 0.000103252
7.38 -0.029571 -0.174127 0.000102616
7.385 -0.0293843 -0.174127 0.000101968
7.39 -0.0291942 -0.174127 0.000101308
7.395 -0.029001 -0.174127 0.000100637
7.4 -0.0288043 -0.174127 9.9954e-05
7.405 -0.0286028 -0.174127 9.92544e-05
7.41 -0.0283958 -0.174127 9.85358e-05
7.415 -0.0281845 -0.174127 9.7802e-05
7.42 -0.0279701 -0.174127 9.70574e-05
7.425 -0.0277524 -0.174127 9.63017e-05
7.43 -0.0275305 -0.174127 9.55313e-05
7.435 -0.0273035 -0.174127 9.47429e-05
7.44 -0.0270709 -0.174127 9.39352e-05
7.445 -0.0268337 -0.174127 9.31117e-05
7.45 -0.0265939 -0.174127 9.22789e-05
7.455 -0.0263528 -0.174127 9.1442e-05
7.46 -0.0261102 -0.174127 9.05998e-05
7.465 -0.0258644 -0.174127 8.97463e-05
7.47 -0.025614 -0.174127 8.88768e-05
7.475 -0.0253589 -0.174127 8.7991e-05
7.48 -0.0251002 -0.174127 8.70927e-05
7.485 -0.0248388 -0.174127 8.61849e-05
7.49 -0.0245742 -0.174127 8.52661e-05
7.495 -0.0243058 -0.174127 8.43343e-05
7.5 -0.0240339 -0.174127 8.33903e-05
7.505 -0.0237593 -0.174127 8.24369e-05
7.51 -0.0234826 -0.174127 8.1476e-05
7.515 -0.0232035 -0.174127 8.05068e-05
7.52 -0.0229206 -0.174127 7.95245e-05
7.525 -0.0226334 -0.174127 7.85273e-05
7.53 -0.0223429 -0.174127 7.75186e-05
7.535 -0.0220501 -0.174127 7.6502e-05
7.54 -0.0217548 -0.174127 7.54766e-05
7.545 -0.0214561 -0.174127 7.44394e-05
7.55 -0.0211532 -0.174127 7.33878e-05
7.555 -0.0208465 -0.174127 7.23228e-05
7.56 -0.0205367 -0.174127 7.12473e-05
7.565 -0.0202243 -0.174127 7.01625e-05
7.57 -0.019909 -0.174127 6.90676e-05
7.575 -0.0195908 -0.174127 6.79629e-05
7.58 -0.0192695 -0.174127 6.68473e-05
7.585 -0.0189442 -0.174127 6.57178e-05
7.59 -0.0186144 -0.174127 6.45726e-05
7.595 -0.0182802 -0.174127 6.34123e-05
7.6 -0.0179419 -0.174127 6.22373e-05
7.605 -0.0175998 -0.174127 6.10496e-05
7.61 -0.0172556 -0.174127 5.98544e-05
7.615 -0.0169105 -0.174127 5.86563e-05
7.62 -0.0165644 -0.174127 5.74545e-05
7.625 -0.0162154 -0.174127 5.62426e-05
7.63 -0.0158621 -0.174127 5.50158e-05
7.635 -0.0155048 -0.174127 5.37753e-05
7.64 -0.015145 -0.174127 5.25261e-05
7.645 -0.0147836 -0.174127 5.12712e-05
7.65 -0.0144202 -0.174127 5.00094e-05
7.655 -0.0140541 -0.174127 4.87383e-05
7.66 -0.013685 -0.174127 4.74565e-05
7.665 -0.0133129 -0.174127 4.61644e-05
7.67 -0.012938 -0.174127 4.48629e-05
7.675 -0.012561 -0.174127 4.35538e-05
7.68 -0.0121827 -0.174127 4.22402e-05
7.685 -0.011804 -0.174127 4.09252e-05
7.69 -0.0114247 -0.174127 3.96083e-05
7.695 -0.0110437 -0.174127 3.82852e-05
7.7 -0.0106602 -0.174127 3.69536e-05
7.705 -0.010275 -0.174127 3.56161e-05
7.71 -0.00988918 -0.174127 3.42766e-05
7.715 -0.00950207 -0.174127 3.29325e-05
7.72 -0.00911197 -0.174127 3.1578e-05
7.725 -0.00871971 -0.174127 3.02159e-05
7.73 -0.00832759 -0.174127 2.88544e-05
7.735 -0.00793539 -0.174127 2.74926e-05
7.74 -0.00754114 -0.174127 2.61237e-05
7.745 -0.00714489 -0.174127 2.47478e-05
7.75 -0.00674842 -0.174127 2.33712e-05
7.755 -0.00635213 -0.174127 2.19952e-05
7.76 -0.00595487 -0.174127 2.06158e-05
7.765 -0.00555593 -0.174127 1.92306e-05
7.77 -0.00515576 -0.174127 1.78411e-05
7.775 -0.0047551 -0.174127 1.64499e-05
7.78 -0.0043542 -0.174127 1.50579e-05
7.785 -0.00395303 -0.174127 1.3665e-05
7.79 -0.00355133 -0.174127 1.22702e-05
7.795 -0.0031487 -0.174127 1.08722e-05
7.8 -0.00274528 -0.174127 9.47142e-06
7.805 -0.0023412 -0.174127 8.06835e-06
7.81 -0.00193523 -0.174127 6.65874e-06
7.815 -0.00152558 -0.174127 5.23632e-06
7.82 -0.00111228 -0.174127 3.80127e-06
7.825 -0.000697294 -0.174127 2.36034e-06
7.83 -0.000281775 -0.174127 9.17563e-07
7.835 0.000135151 -0.174127 -5.30098e-07
7.84 0.000554739 -0.174127 -1.987e-06
7.845 0.000977089 -0.174127 -3.45349e-06
7.85 0.00140163 -0.174127 -4.92759e-06
7.855 0.0018276 -0.174127 -6.40665e-06
7.86 0.00225421 -0.174127 -7.88795e-06
7.865 0.00268139 -0.174127 -9.37121e-06
7.87 0.00310975 -0.174127 -1.08586e-05
7.875 0.00353955 -0.174127 -1.23509e-05
7.88 0.00397016 -0.174127 -1.38461e-05
7.885 0.00440081 -0.174127 -1.53414e-05
7.89 0.0048313 -0.174127 -1.68362e-05
7.895 0.00526173 -0.174127 -1.83307e-05
7.9 0.00569203 -0.174127 -1.98248e-05
7.905 0.00612169 -0.174127 -2.13167e-05
7.91 0.00655042 -0.174127 -2.28053e-05
7.915 0.00697895 -0.174127 -2.42933e-05
7.92 0.00740871 -0.174127 -2.57855e-05
7.925 0.00784025 -0.174127 -2.72839e-05
7.93 0.00827253 -0.174127 -2.87849e-05
7.935 0.00870418 -0.174127 -3.02837e-05
7.94 0.00913498 -0.174127 -3.17795e-05
7.945 0.00956552 -0.174127 -3.32744e-05
7.95 0.00999637 -0.174127 -3.47705e-05
7.955 0.0104279 -0.174127 -3.62688e-05
7.96 0.0108601 -0.174127 -3.77696e-05
7.965 0.0112926 -0.174127 -3.92711e-05
7.97 0.0117244 -0.174127 -4.07704e-05
7.975 0.012155 -0.174127 -4.22655e-05
7.98 0.0125841 -0.174127 -4.37558e-05
7.985 0.0130122 -0.174127 -4.52421e-05
7.99 0.0134397 -0.174127 -4.67263e-05
7.995 0.013867 -0.174127 -4.82103e-05
8 0.0142953 -0.174127 -4.96972e-05
8.005 0.0147249 -0.174127 -5.11889e-05
8.01 0.0151549 -0.174127 -5.26822e-05
8.015 0.0155843 -0.174127 -5.41729e-05
8.02 0.0160132 -0.174127 -5.56624e-05
8.025 0.0164428 -0.174127 -5.7154e-05
8.03 0.0168732 -0.174127 -5.86483e-05
8.035 0.0173036 -0.174127 -6.01428e-05
8.04 0.0177335 -0.174127 -6.16356e-05
8.045 0.0181629 -0.174127 -6.31266e-05
8.05 0.0185918 -0.174127 -6.46156e-05
8.055 0.0190197 -0.174127 -6.61013e-05
8.06 0.0194463 -0.174127 -6.75826e-05
8.065 0.0198715 -0.174127 -6.90589e-05
8.07 0.0202951 -0.174127 -7.053e-05
8.075 0.0207174 -0.174127 -7.19962e-05
8.08 0.0211386 -0.174127 -7.34589e-05
8.085 0.0215589 -0.174127 -7.4918e-05
8.09 0.0219775 -0.174127 -7.63716e-05
8.095 0.0223944 -0.174127 -7.78192e-05
8.1 0.0228107 -0.174127 -7.92646e-05
8.105 0.0232273 -0.174127 -8.07111e-05
8.11 0.0236439 -0.174127 -8.21578e-05
8.115 0.0240595 -0.174127 -8.36008e-05
8.12 0.0244727 -0.174127 -8.50354e-05
8.125 0.0248825 -0.174127 -8.64583e-05
8.13 0.0252891 -0.174127 -8.78704e-05
8.135 0.0256934 -0.174127 -8.92739e-05
8.14 0.0260955 -0.174127 -9.06702e-05
8.145 0.0264959 -0.174127 -9.20606e-05
8.15 0.0268951 -0.174127 -9.34465e-05
8.155 0.027293 -0.174127 -9.48281e-05
8.16 0.0276892 -0.174127 -9.62038e-05
8.165 0.0280828 -0.174127 -9.75706e-05
8.17 0.0284735 -0.174127 -9.89272e-05
8.175 0.0288622 -0.174127 -0.000100277
8.18 0.0292506 -0.174127 -0.000101625
8.185 0.0296389 -0.174127 -0.000102974
8.19 0.0300259 -0.174127 -0.000104318
8.195 0.0304106 -0.174127 -0.000105653
8.2 0.0307932 -0.174127 -0.000106982
8.205 0.0311745 -0.174127 -0.000108306
8.21 0.0315549 -0.174127 -0.000109626
8.215 0.0319349 -0.174127 -0.000110946
8.22 0.0323141 -0.174127 -0.000112262
8.225 0.032691 -0.174127 -0.000113571
8.23 0.0330645 -0.174127 -0.000114868
8.235 0.0334346 -0.174127 -0.000116153
8.24 0.0338022 -0.174127 -0.00011743
8.245 0.0341678 -0.174127 -0.000118699
8.25 0.0345316 -0.174127 -0.000119962
8.255 0.0348933 -0.174127 -0.000121218
8.26 0.0352526 -0.174127 -0.000122466
8.265 0.0356096 -0.174127 -0.000123705
8.27 0.0359649 -0.174127 -0.000124939
8.275 0.0363184 -0.174127 -0.000126166
8.28 0.0366695 -0.174127 -0.000127386
8.285 0.0370175 -0.174127 -0.000128594
8.29 0.0373623 -0.174127 -0.000129791
8.295 0.0377056 -0.174127 -0.000130983
8.3 0.0380487 -0.174127 -0.000132174
8.305 0.0383908 -0.174127 -0.000133362
8.31 0.0387302 -0.174127 -0.000134541
8.315 0.0390662 -0.174127 -0.000135707
8.32 0.039399 -0.174127 -0.000136863
8.325 0.0397293 -0.174127 -0.00013801
8.33 0.040057 -0.174127 -0.000139148
8.335 0.0403815 -0.174127 -0.000140274
8.34 0.0407022 -0.174127 -0.000141388
8.345 0.0410192 -0.174127 -0.000142488
8.35 0.0413323 -0.174127 -0.000143576
8.355 0.0416416 -0.174127 -0.00014465
8.36 0.041948 -0.174127 -0.000145714
8.365 0.0422522 -0.174127 -0.00014677
8.37 0.042554 -0.174127 -0.000147818
8.375 0.0428528 -0.174127 -0.000148855
8.38 0.0431487 -0.174127 -0.000149883
8.385 0.0434421 -0.174127 -0.000150901
8.39 0.043733 -0.174127 -0.000151912
8.395 0.0440214 -0.174127 -0.000152913
8.4 0.0443077 -0.174127 -0.000153907
8.405 0.0445929 -0.174127 -0.000154897
8.41 0.0448777 -0.174127 -0.000155886
8.415 0.0451612 -0.174127 -0.000156871
8.42 0.0454423 -0.174127 -0.000157847
8.425 0.04572 -0.174127 -0.000158811
8.43 0.0459941 -0.174127 -0.000159762
8.435 0.0462643 -0.174127 -0.000160701
8.44 0.046531 -0.174127 -0.000161627
8.445 0.0467946 -0.174127 -0.000162542
8.45 0.0470558 -0.174127 -0.000163449
8.455 0.0473143 -0.174127 -0.000164347
8.46 0.0475703 -0.174127 -0.000165235
8.465 0.0478238 -0.174127 -0.000166116
8.47 0.0480749 -0.174127 -0.000166987
8.475 0.0483237 -0.174127 -0.000167851
8.48 0.0485704 -0.174127 -0.000168708
8.485 0.0488152 -0.174127 -0.000169558
8.49 0.0490582 -0.174127 -0.000170402
8.495 0.0492995 -0.174127 -0.000171239
8.5 0.049539 -0.174127 -0.000172071
8.505 0.0497763 -0.174127 -0.000172895
8.51 0.0500107 -0.174127 -0.000173709
8.515 0.050242 -0.174127 -0.000174512
8.52 0.0504695 -0.174127 -0.000175302
8.525 0.0506931 -0.174127 -0.000176078
8.53 0.0509138 -0.174127 -0.000176845
8.535 0.051133 -0.174127 -0.000177606
8.54 0.0513507 -0.174127 -0.000178362
8.545 0.0515656 -0.174127 -0.000179108
8.55 0.0517765 -0.174127 -0.00017984
8.555 0.0519828 -0.174127 -0.000180556
8.56 0.0521849 -0.174127 -0.000181258
8.565 0.0523842 -0.174127 -0.00018195
8.57 0.0525818 -0.174127 -0.000182637
8.575 0.0527786 -0.174127 -0.00018332
8.58 0.0529747 -0.174127 -0.000184001
8.585 0.0531696 -0.174127 -0.000184677
8.59 0.0533624 -0.174127 -0.000185347
8.595 0.0535524 -0.174127 -0.000186007
8.6 0.0537395 -0.174128 -0.000186656
8.605 0.0539241 -0.174128 -0.000187297
8.61 0.0541065 -0.174128 -0.000187931
8.615 0.0542862 -0.174128 -0.000188555
8.62 0.0544624 -0.174128 -0.000189166
8.625 0.0546346 -0.174128 -0.000189764
8.63 0.0548023 -0.174128 -0.000190347
8.635 0.0549655 -0.174128 -0.000190913
8.64 0.0551247 -0.174128 -0.000191466
8.645 0.05528 -0.174128 -0.000192005
8.65 0.055431 -0.174128 -0.00019253
8.655 0.0555778 -0.174128 -0.000193039
8.66 0.0557202 -0.174128 -0.000193534
8.665 0.0558579 -0.174128 -0.000194012
8.67 0.0559911 -0.174128 -0.000194474
8.675 0.0561202 -0.174128 -0.000194923
8.68 0.0562452 -0.174128 -0.000195357
8.685 0.0563652 -0.174128 -0.000195773
8.69 0.0564799 -0.174128 -0.000196171
8.695 0.05659 -0.174128 -0.000196554
8.7 0.0566964 -0.174128 -0.000196923
8.705 0.0567993 -0.174128 -0.000197281
8.71 0.0568989 -0.174128 -0.000197626
8.715 0.0569955 -0.174128 -0.000197962
8.72 0.057089 -0.174128 -0.000198286
8.725 0.0571778 -0.174128 -0.000198595
8.73 0.0572604 -0.174128 -0.000198882
8.735 0.0573369 -0.174128 -0.000199147
8.74 0.0574086 -0.174128 -0.000199396
8.745 0.0574764 -0.174128 -0.000199632
8.75 0.0575402 -0.174128 -0.000199853
8.755 0.0575993 -0.174128 -0.000200058
8.76 0.0576531 -0.174128 -0.000200245
8.765 0.0577016 -0.174128 -0.000200413
8.77 0.0577454 -0.174128 -0.000200565
8.775 0.0577854 -0.174128 -0.000200704
8.78 0.0578224 -0.174128 -0.000200833
8.785 0.057856 -0.174128 -0.00020095
8.79 0.0578855 -0.174128 -0.000201052
8.795 0.0579109 -0.174128 -0.00020114
8.8 0.0579335 -0.174128 -0.000201219
8.805 0.0579535 -0.174128 -0.000201288
8.81 0.0579706 -0.174128 -0.000201347
8.815 0.0579838 -0.174128 -0.000201394
8.82 0.0579932 -0.174128 -0.000201426
8.825 0.0579985 -0.174128 -0.000201444
8.83 0.0579994 -0.174128 -0.000201447
8.835 0.0579956 -0.174128 -0.000201434
8.84 0.0579875 -0.174128 -0.000201406
8.845 0.0579756 -0.174128 -0.000201365
8.85 0.0579602 -0.174128 -0.000201311
8.855 0.0579414 -0.174128 -0.000201246
8.86 0.0579189 -0.174128 -0.000201168
8.865 0.0578923 -0.174128 -0.000201075
8.87 0.0578612 -0.174128 -0.000200968
8.875 0.0578256 -0.174128 -0.000200844
8.88 0.0577852 -0.174128 -0.000200704
8.885 0.0577396 -0.174128 -0.000200545
8.89 0.0576882 -0.174128 -0.000200367
8.895 0.057631 -0.174128 -0.000200169
8.9 0.0575696 -0.174128 -0.000199955
8.905 0.0575053 -0.174128 -0.000199732
8.91 0.0574377 -0.174128 -0.000199497
8.915 0.057365 -0.174128 -0.000199245
8.92 0.0572869 -0.174128 -0.000198974
8.925 0.0572041 -0.174128 -0.000198686
8.93 0.0571173 -0.174128 -0.000198385
8.935 0.0570264 -0.174128 -0.000198069
8.94 0.0569308 -0.174128 -0.000197737
8.945 0.0568301 -0.174128 -0.000197387
8.95 0.0567241 -0.174128 -0.00019702
8.955 0.0566136 -0.174128 -0.000196636
8.96 0.0564991 -0.174128 -0.000196238
8.965 0.0563803 -0.174128 -0.000195826
8.97 0.0562572 -0.174128 -0.000195398
8.975 0.0561301 -0.174128 -0.000194957
8.98 0.055999 -0.174128 -0.000194502
8.985 0.0558629 -0.174128 -0.000194029
8.99 0.0557219 -0.174128 -0.00019354
8.995 0.0555774 -0.174128 -0.000193038
9 0.0554307 -0.174128 -0.000192528
9.005 0.055282 -0.174128 -0.000192012
9.01 0.05513 -0.174128 -0.000191484
9.015 0.0549741 -0.174128 -0.000190943
9.02 0.0548142 -0.174128 -0.000190388
9.025 0.0546503 -0.174128 -0.000189819
9.03 0.0544825 -0.174128 -0.000189236
9.035 0.054311 -0.174128 -0.000188641
9.04 0.0541355 -0.174128 -0.000188031
9.045 0.0539546 -0.174128 -0.000187403
9.05 0.0537682 -0.174128 -0.000186756
9.055 0.0535779 -0.174128 -0.000186095
9.06 0.0533856 -0.174128 -0.000185427
9.065 0.0531908 -0.174128 -0.000184751
9.07 0.0529925 -0.174128 -0.000184062
9.075 0.0527901 -0.174128 -0.00018336
9.08 0.052584 -0.174128 -0.000182644
9.085 0.0523743 -0.174128 -0.000181916
9.09 0.0521604 -0.174128 -0.000181173
9.095 0.0519409 -0.174128 -0.000180411
9.1 0.0517153 -0.174128 -0.000179628
9.105 0.0514848 -0.174128 -0.000178827
9.11 0.051251 -0.174128 -0.000178016
9.115 0.051014 -0.174128 -0.000177193
9.12 0.050773 -0.174128 -0.000176356
9.125 0.0505283 -0.174128 -0.000175506
9.13 0.0502802 -0.174128 -0.000174645
9.135 0.0500284 -0.174128 -0.000173771
9.14 0.0497724 -0.174128 -0.000172882
9.145 0.0495117 -0.174128 -0.000171976
9.15 0.0492461 -0.174128 -0.000171054
9.155 0.0489759 -0.174128 -0.000170116
9.16 0.048702 -0.174128 -0.000169165
9.165 0.0484255 -0.174128 -0.000168205
9.17 0.048147 -0.174128 -0.000167238
9.175 0.0478664 -0.174128 -0.000166263
9.18 0.0475832 -0.174128 -0.00016528
9.185 0.0472975 -0.174128 -0.000164288
9.19 0.0470096 -0.174128 -0.000163289
9.195 0.0467205 -0.174128 -0.000162285
9.2 0.0464299 -0.174128 -0.000161276
9.205 0.0461368 -0.174128 -0.000160258
9.21 0.0458413 -0.174128 -0.000159232
9.215 0.0455443 -0.174128 -0.000158201
9.22 0.0452463 -0.174128 -0.000157166
9.225 0.0449461 -0.174128 -0.000156124
9.23 0.044643 -0.174128 -0.000155071
9.235 0.044337 -0.174128 -0.000154009
9.24 0.0440289 -0.174128 -0.000152939
9.245 0.0437186 -0.174128 -0.000151862
9.25 0.0434053 -0.174128 -0.000150774
9.255 0.0430876 -0.174128 -0.00014967
9.26 0.0427651 -0.174128 -0.000148551
9.265 0.0424391 -0.174128 -0.000147419
9.27 0.0421115 -0.174128 -0.000146281
9.275 0.0417827 -0.174128 -0.000145139
9.28 0.0414515 -0.174128 -0.00014399
9.285 0.0411177 -0.174128 -0.00014283
9.29 0.0407815 -0.174128 -0.000141663
9.295 0.0404431 -0.174128 -0.000140488
9.3 0.0401026 -0.174128 -0.000139306
9.305 0.0397605 -0.174128 -0.000138118
9.31 0.039417 -0.174128 -0.000136925
9.315 0.0390712 -0.174128 -0.000135725
9.32 0.0387226 -0.174128 -0.000134514
9.325 0.0383712 -0.174128 -0.000133294
9.33 0.0380174 -0.174128 -0.000132066
9.335 0.0376617 -0.174128 -0.000130831
9.34 0.037305 -0.174128 -0.000129592
9.345 0.0369482 -0.174128 -0.000128353
9.35 0.0365909 -0.174128 -0.000127112
9.355 0.0362323 -0.174128 -0.000125867
9.36 0.035872 -0.174128 -0.000124616
9.365 0.0355102 -0.174128 -0.00012336
9.37 0.0351473 -0.174128 -0.0001221
9.375 0.0347838 -0.174128 -0.000120838
9.38 0.0344196 -0.174128 -0.000119573
9.385 0.0340543 -0.174128 -0.000118305
9.39 0.0336873 -0.174128 -0.000117031
9.395 0.0333188 -0.174128 -0.000115751
9.4 0.0329489 -0.174128 -0.000114467
9.405 0.0325772 -0.174128 -0.000113176
9.41 0.0322033 -0.174128 -0.000111878
9.415 0.0318278 -0.174128 -0.000110574
9.42 0.031451 -0.174128 -0.000109265
9.425 0.0310728 -0.174128 -0.000107952
9.43 0.0306932 -0.174128 -0.000106634
9.435 0.0303124 -0.174128 -0.000105312
9.44 0.0299303 -0.174128 -0.000103985
9.445 0.0295465 -0.174128 -0.000102653
9.45 0.029161 -0.174128 -0.000101314
9.455 0.0287733 -0.174128 -9.99679e-05
9.46 0.0283834 -0.174128 -9.86141e-05
9.465 0.027992 -0.174128 -9.72551e-05
9.47 0.027599 -0.174128 -9.58906e-05
9.475 0.0272035 -0.174128 -9.45173e-05
9.48 0.0268055 -0.174128 -9.31352e-05
9.485 0.0264058 -0.174128 -9.17476e-05
9.49 0.026005 -0.174128 -9.03558e-05
9.495 0.025603 -0.174128 -8.89601e-05
9.5 0.0252002 -0.174128 -8.75613e-05
9.505 0.0247956 -0.174128 -8.61566e-05
9.51 0.024388 -0.174128 -8.47411e-05
9.515 0.0239768 -0.174128 -8.33136e-05
9.52 0.0235635 -0.174128 -8.18784e-05
9.525 0.0231491 -0.174128 -8.04396e-05
9.53 0.0227336 -0.174128 -7.89967e-05
9.535 0.0223165 -0.174128 -7.75485e-05
9.54 0.0218981 -0.174128 -7.60959e-05
9.545 0.0214789 -0.174128 -7.46403e-05
9.55 0.0210587 -0.174128 -7.31813e-05
9.555 0.0206371 -0.174128 -7.17172e-05
9.56 0.0202134 -0.174128 -7.02461e-05
9.565 0.0197878 -0.174128 -6.87683e-05
9.57 0.0193613 -0.174128 -6.72876e-05
9.575 0.0189348 -0.174128 -6.58066e-05
9.58 0.0185073 -0.174128 -6.4322e-05
9.585 0.0180777 -0.174128 -6.28305e-05
9.59 0.0176473 -0.174128 -6.13362e-05
9.595 0.017218 -0.174128 -5.98456e-05
9.6 0.0167901 -0.174128 -5.83595e-05
9.605 0.0163626 -0.174128 -5.68752e-05
9.61 0.0159351 -0.174128 -5.53908e-05
9.615 0.0155076 -0.174128 -5.39067e-05
9.62 0.0150807 -0.174128 -5.24243e-05
9.625 0.0146545 -0.174128 -5.09442e-05
9.63 0.0142286 -0.174128 -4.94657e-05
9.635 0.0138027 -0.174128 -4.79866e-05
9.64 0.0133761 -0.174128 -4.65054e-05
9.645 0.0129489 -0.174128 -4.50221e-05
9.65 0.0125209 -0.174128 -4.35359e-05
9.655 0.0120919 -0.174128 -4.20465e-05
9.66 0.0116625 -0.174128 -4.05556e-05
9.665 0.0112337 -0.174128 -3.90665e-05
9.67 0.010806 -0.174128 -3.75815e-05
9.675 0.0103792 -0.174128 -3.60998e-05
9.68 0.00995241 -0.174128 -3.46177e-05
9.685 0.00952455 -0.174128 -3.31321e-05
9.69 0.00909551 -0.174128 -3.16424e-05
9.695 0.00866653 -0.174128 -3.01528e-05
9.7 0.00823961 -0.174128 -2.86705e-05
9.705 0.00781605 -0.174128 -2.71998e-05
9.71 0.00739568 -0.174128 -2.57401e-05
9.715 0.00697716 -0.174128 -2.4287e-05
9.72 0.00655864 -0.174128 -2.28338e-05
9.725 0.00613892 -0.174128 -2.13764e-05
9.73 0.00571833 -0.174128 -1.9916e-05
9.735 0.00529773 -0.174128 -1.84556e-05
9.74 0.00487711 -0.174128 -1.69951e-05
9.745 0.00445579 -0.174128 -1.55322e-05
9.75 0.00403342 -0.174128 -1.40657e-05
9.755 0.00361043 -0.174128 -1.25969e-05
9.76 0.003188 -0.174128 -1.11302e-05
9.765 0.00276684 -0.174128 -9.66781e-06
9.77 0.00234616 -0.174128 -8.20711e-06
9.775 0.00192508 -0.174128 -6.745e-06
9.78 0.0015041 -0.174128 -5.28329e-06
9.785 0.00108433 -0.174128 -3.82575e-06
9.79 0.000665927 -0.174128 -2.37296e-06
9.795 0.000248258 -0.174128 -9.22719e-07
9.8 -0.000169114 -0.174128 5.2649e-07
9.805 -0.000586189 -0.174128 1.97467e-06
9.81 -0.00100291 -0.174128 3.4216e-06
9.815 -0.00141919 -0.174128 4.86703e-06
9.82 -0.00183461 -0.174128 6.30948e-06
9.825 -0.00224847 -0.174128 7.74647e-06
9.83 -0.00266035 -0.174128 9.17663e-06
9.835 -0.00307049 -0.174128 1.06007e-05
9.84 -0.00347937 -0.174128 1.20204e-05
9.845 -0.00388727 -0.174128 1.34367e-05
9.85 -0.00429397 -0.174128 1.48489e-05
9.855 -0.00469911 -0.174128 1.62556e-05
9.86 -0.00510274 -0.174128 1.76571e-05
9.865 -0.00550502 -0.174128 1.9054e-05
9.87 -0.00590597 -0.174128 2.04461e-05
9.875 -0.00630582 -0.174128 2.18345e-05
9.88 -0.00670463 -0.174128 2.32193e-05
9.885 -0.00710174 -0.174128 2.45981e-05
9.89 -0.00749666 -0.174128 2.59694e-05
9.895 -0.00788993 -0.174128 2.73349e-05
9.9 -0.00828197 -0.174128 2.86961e-05
9.905 -0.00867186 -0.174128 3.00499e-05
9.91 -0.00905842 -0.174128 3.13921e-05
9.915 -0.0094415 -0.174128 3.27223e-05
9.92 -0.00982136 -0.174128 3.40412e-05
9.925 -0.0101981 -0.174128 3.53495e-05
9.93 -0.0105723 -0.174128 3.66488e-05
9.935 -0.0109442 -0.174128 3.794e-05
9.94 -0.0113135 -0.174128 3.92224e-05
9.945 -0.0116804 -0.174128 4.04963e-05
9.95 -0.0120453 -0.174128 4.17631e-05
9.955 -0.0124076 -0.174128 4.30213e-05
9.96 -0.0127671 -0.174128 4.42694e-05
9.965 -0.0131243 -0.174128 4.55099e-05
9.97 -0.01348 -0.174128 4.6745e-05
9.975 -0.0138336 -0.174128 4.79726e-05
9.98 -0.0141839 -0.174128 4.9189e-05
9.985 -0.0145309 -0.174128 5.03937e-05
9.99 -0.0148752 -0.174128 5.15893e-05
9.995 -0.0152171 -0.174128 5.27765e-05
10 -0.015556 -0.174128 5.39532e-05
10.005 -0.0158916 -0.174128 5.51186e-05
10.01 -0.0162248 -0.174128 5.62752e-05
10.015 -0.0165557 -0.174128 5.74244e-05
10.02 -0.0168841 -0.174128 5.85646e-05
10.025 -0.0172092 -0.174128 5.96936e-05
10.03 -0.0175307 -0.174128 6.08098e-05
10.035 -0.0178482 -0.174128 6.19123e-05
10.04 -0.0181621 -0.174128 6.30021e-05
10.045 -0.0184731 -0.174128 6.40821e-05
10.05 -0.0187819 -0.174128 6.51541e-05
10.055 -0.0190883 -0.174128 6.62181e-05
10.06 -0.0193924 -0.174128 6.7274e-05
10.065 -0.0196944 -0.174128 6.83227e-05
10.07 -0.0199947 -0.174128 6.93655e-05
10.075 -0.0202934 -0.174128 7.04026e-05
10.08 -0.0205905 -0.174128 7.14341e-05
10.085 -0.0208849 -0.174128 7.24563e-05
10.09 -0.0211749 -0.174128 7.34632e-05
10.095 -0.0214601 -0.174128 7.44534e-05
10.1 -0.0217417 -0.174128 7.54315e-05
10.105 -0.0220213 -0.174128 7.64023e-05
10.11 -0.0222995 -0.174128 7.7368e-05
10.115 -0.0225761 -0.174128 7.83286e-05
10.12 -0.0228505 -0.174128 7.92814e-05
10.125 -0.0231221 -0.174128 8.02242e-05
10.13 -0.0233911 -0.174128 8.11586e-05
10.135 -0.0236593 -0.174128 8.20895e-05
10.14 -0.0239267 -0.174128 8.3018e-05
10.145 -0.0241916 -0.174128 8.39379e-05
10.15 -0.0244522 -0.174128 8.48429e-05
10.155 -0.0247086 -0.174128 8.57329e-05
10.16 -0.0249614 -0.174128 8.66108e-05
10.165 -0.0252112 -0.174128 8.74783e-05
10.17 -0.0254581 -0.174128 8.83354e-05
10.175 -0.0257017 -0.174128 8.91812e-05
10.18 -0.0259415 -0.174128 9.00139e-05
10.185 -0.0261771 -0.174128 9.08321e-05
10.19 -0.0264083 -0.174128 9.16347e-05
10.195 -0.0266345 -0.174128 9.24203e-05
10.2 -0.0268561 -0.174128 9.31898e-05
10.205 -0.0270741 -0.174128 9.39466e-05
10.21 -0.0272892 -0.174128 9.46935e-05
10.215 -0.0275019 -0.174128 9.54319e-05
10.22 -0.0277121 -0.174128 9.61619e-05
10.225 -0.0279197 -0.174128 9.68828e-05
10.23 -0.0281241 -0.174128 9.75924e-05
10.235 -0.0283245 -0.174128 9.82883e-05
10.24 -0.0285208 -0.174128 9.89697e-05
10.245 -0.0287133 -0.174128 9.96383e-05
10.25 -0.0289035 -0.174128 0.000100299
10.255 -0.0290921 -0.174128 0.000100954
10.26 -0.0292783 -0.174128 0.0001016
10.265 -0.0294597 -0.174128 0.00010223
10.27 -0.0296357 -0.174128 0.000102841
10.275 -0.0298078 -0.174128 0.000103439
10.28 -0.0299776 -0.174128 0.000104028
10.285 -0.0301451 -0.174128 0.00010461
10.29 -0.0303096 -0.174128 0.000105181
10.295 -0.0304708 -0.174128 0.000105741
10.3 -0.0306283 -0.174128 0.000106288
10.305 -0.0307816 -0.174128 0.00010682
10.31 -0.0309305 -0.174128 0.000107337
10.315 -0.031076 -0.174128 0.000107842
10.32 -0.031219 -0.174128 0.000108338
10.325 -0.0313595 -0.174128 0.000108826
10.33 -0.0314971 -0.174128 0.000109304
10.335 -0.0316317 -0.174128 0.000109771
10.34 -0.0317632 -0.174128 0.000110228
10.345 -0.0318908 -0.174128 0.000110671
10.35 -0.0320141 -0.174128 0.000111099
10.355 -0.032134 -0.174128 0.000111516
10.36 -0.0322515 -0.174128 0.000111924
10.365 -0.0323667 -0.174128 0.000112324
10.37 -0.0324789 -0.174128 0.000112713
10.375 -0.0325874 -0.174128 0.00011309
10.38 -0.0326918 -0.174128 0.000113453
10.385 -0.0327923 -0.174128 0.000113801
10.39 -0.032889 -0.174128 0.000114137
10.395 -0.032982 -0.174128 0.00011446
10.4 -0.0330706 -0.174128 0.000114768
10.405 -0.0331538 -0.174128 0.000115057
10.41 -0.0332313 -0.174128 0.000115326
10.415 -0.0333037 -0.174128 0.000115577
10.42 -0.033372 -0.174128 0.000115814
10.425 -0.0334368 -0.174128 0.000116039
10.43 -0.033498 -0.174128 0.000116252
10.435 -0.0335557 -0.174128 0.000116452
10.44 -0.0336101 -0.174128 0.000116641
10.445 -0.0336608 -0.174128 0.000116817
10.45 -0.0337069 -0.174128 0.000116977
10.455 -0.0337489 -0.174128 0.000117123
10.46 -0.0337874 -0.174128 0.000117257
10.465 -0.0338222 -0.174128 0.000117378
10.47 -0.033853 -0.174128 0.000117484
10.475 -0.0338806 -0.174128 0.00011758
10.48 -0.0339058 -0.174128 0.000117668
10.485 -0.0339283 -0.174128 0.000117746
10.49 -0.0339475 -0.174128 0.000117812
10.495 -0.0339636 -0.174128 0.000117869
10.5 -0.0339768 -0.174128 0.000117914
10.505 -0.0339863 -0.174128 0.000117947
10.51 -0.0339922 -0.174128 0.000117968
10.515 -0.0339944 -0.174128 0.000117975
10.52 -0.033992 -0.174128 0.000117967
10.525 -0.0339847 -0.174128 0.000117942
10.53 -0.0339726 -0.174128 0.0001179
10.535 -0.0339561 -0.174128 0.000117842
10.54 -0.0339352 -0.174128 0.00011777
10.545 -0.0339101 -0.174128 0.000117683
10.55 -0.0338803 -0.174128 0.000117579
10.555 -0.0338456 -0.174128 0.000117459
10.56 -0.0338061 -0.174128 0.000117322
10.565 -0.0337626 -0.174128 0.00011717
10.57 -0.0337155 -0.174128 0.000117007
