0.1 4.38256e-32 200 -4.08562e-14
0.2 -2.04519e-31 400 4.61853e-14
0.3 -1.75302e-31 600 1.68754e-13
0.4 -4.67473e-31 800 -1.38556e-13
0.5 -3.50605e-31 1000 -2.16716e-13
0.6 2.99475e-31 1200 1.42109e-14
0.7 -2.33737e-31 1400 -4.40536e-13
0.8 4.67473e-31 1600 -1.7053e-13
0.9 5.84341e-31 1800 -4.33431e-13
1 -7.0121e-31 2000 -5.54223e-13
0.005 -1.5359e-05 2000 0.00665683
0.01 -7.67807e-05 2000 0.0332107
0.015 -0.000199768 2000 0.0863333
0.02 -0.000384566 2000 0.166159
0.025 -0.000631393 2000 0.272784
0.03 -0.000940461 2000 0.406297
0.035 -0.00131197 2000 0.566787
0.04 -0.00174613 2000 0.754339
0.045 -0.00224311 2000 0.969032
0.05 -0.0028031 2000 1.21095
0.055 -0.00342628 2000 1.48016
0.06 -0.0041128 2000 1.77673
0.065 -0.00486282 2000 2.10074
0.07 -0.0056765 2000 2.45225
0.075 -0.00655395 2000 2.83131
0.08 -0.00749534 2000 3.23799
0.085 -0.00850081 2000 3.67235
0.09 -0.00957048 2000 4.13445
0.095 -0.0107045 2000 4.62433
0.1 -0.0119028 2000 5.14203
0.105 -0.0131657 2000 5.68758
0.11 -0.0144931 2000 6.26102
0.115 -0.0158852 2000 6.86239
0.12 -0.017342 2000 7.49173
0.125 -0.0188636 2000 8.14907
0.13 -0.0204501 2000 8.83444
0.135 -0.0221015 2000 9.54786
0.14 -0.023818 2000 10.2894
0.145 -0.0255994 2000 11.0589
0.15 -0.0274459 2000 11.8566
0.155 -0.0293574 2000 12.6824
0.16 -0.031334 2000 13.5363
0.165 -0.0333758 2000 14.4183
0.17 -0.0354826 2000 15.3285
0.175 -0.0376544 2000 16.2667
0.18 -0.0398914 2000 17.2331
0.185 -0.0421934 2000 18.2275
0.19 -0.0445604 2000 19.2501
0.195 -0.0469924 2000 20.3007
0.2 -0.0494893 2000 21.3794
0.205 -0.052051 2000 22.4861
0.21 -0.0546775 2000 23.6207
0.215 -0.0573686 2000 24.7832
0.22 -0.0601243 2000 25.9737
0.225 -0.0629446 2000 27.1921
0.23 -0.0658296 2000 28.4384
0.235 -0.0687788 2000 29.7125
0.24 -0.071792 2000 31.0142
0.245 -0.0748691 2000 32.3434
0.25 -0.0780102 2000 33.7004
0.255 -0.0812153 2000 35.085
0.26 -0.0844841 2000 36.4971
0.265 -0.0878164 2000 37.9367
0.27 -0.0912123 2000 39.4037
0.275 -0.0946714 2000 40.8981
0.28 -0.0981936 2000 42.4196
0.285 -0.101779 2000 43.9684
0.29 -0.105426 2000 45.5442
0.295 -0.109137 2000 47.1471
0.3 -0.11291 2000 48.7771
0.305 -0.116746 2000 50.4341
0.31 -0.120643 2000 52.1179
0.315 -0.124603 2000 53.8284
0.32 -0.128624 2000 55.5656
0.325 -0.132706 2000 57.3292
0.33 -0.13685 2000 59.1191
0.335 -0.141054 2000 60.9354
0.34 -0.145319 2000 62.7778
0.345 -0.149644 2000 64.6463
0.35 -0.154029 2000 66.5407
0.355 -0.158474 2000 68.4609
0.36 -0.162979 2000 70.407
0.365 -0.167543 2000 72.3788
0.37 -0.172167 2000 74.3762
0.375 -0.176849 2000 76.3988
0.38 -0.181589 2000 78.4464
0.385 -0.186387 2000 80.5191
0.39 -0.191242 2000 82.6167
0.395 -0.196155 2000 84.7392
0.4 -0.201126 2000 86.8863
0.405 -0.206153 2000 89.0581
0.41 -0.211237 2000 91.2545
0.415 -0.216378 2000 93.4751
0.42 -0.221574 2000 95.72
0.425 -0.226826 2000 97.9888
0.43 -0.232133 2000 100.281
0.435 -0.237494 2000 102.597
0.44 -0.242909 2000 104.937
0.445 -0.248379 2000 107.3
0.45 -0.253902 2000 109.686
0.455 -0.259478 2000 112.095
0.46 -0.265107 2000 114.526
0.465 -0.270788 2000 116.981
0.47 -0.276521 2000 119.457
0.475 -0.282306 2000 121.956
0.48 -0.288141 2000 124.477
0.485 -0.294027 2000 127.02
0.49 -0.299963 2000 129.584
0.495 -0.305949 2000 132.17
0.5 -0.311984 2000 134.777
0.505 -0.318068 2000 137.406
0.51 -0.324201 2000 140.055
0.515 -0.330381 2000 142.725
0.52 -0.336609 2000 145.415
0.525 -0.342884 2000 148.126
0.53 -0.349206 2000 150.857
0.535 -0.355573 2000 153.608
0.54 -0.361986 2000 156.378
0.545 -0.368444 2000 159.168
0.55 -0.374946 2000 161.977
0.555 -0.381491 2000 164.804
0.56 -0.38808 2000 167.65
0.565 -0.39471 2000 170.515
0.57 -0.401383 2000 173.397
0.575 -0.408095 2000 176.297
0.58 -0.414847 2000 179.214
0.585 -0.421637 2000 182.147
0.59 -0.428465 2000 185.097
0.595 -0.435332 2000 188.063
0.6 -0.442238 2000 191.047
0.605 -0.449184 2000 194.048
0.61 -0.456168 2000 197.065
0.615 -0.463188 2000 200.097
0.62 -0.470246 2000 203.146
0.625 -0.47734 2000 206.211
0.63 -0.484472 2000 209.292
0.635 -0.491638 2000 212.388
0.64 -0.49884 2000 215.499
0.645 -0.506075 2000 218.624
0.65 -0.513343 2000 221.764
0.655 -0.520645 2000 224.919
0.66 -0.527977 2000 228.086
0.665 -0.535339 2000 231.267
0.67 -0.54273 2000 234.46
0.675 -0.55015 2000 237.665
0.68 -0.557599 2000 240.883
0.685 -0.565077 2000 244.113
0.69 -0.572584 2000 247.356
0.695 -0.580116 2000 250.61
0.7 -0.587676 2000 253.876
0.705 -0.595261 2000 257.153
0.71 -0.602872 2000 260.441
0.715 -0.610507 2000 263.739
0.72 -0.618166 2000 267.048
0.725 -0.625849 2000 270.367
0.73 -0.633554 2000 273.696
0.735 -0.641281 2000 277.033
0.74 -0.649028 2000 280.38
0.745 -0.656794 2000 283.735
0.75 -0.664576 2000 287.097
0.755 -0.672375 2000 290.466
0.76 -0.680191 2000 293.842
0.765 -0.688023 2000 297.226
0.77 -0.69587 2000 300.616
0.775 -0.703732 2000 304.012
0.78 -0.71161 2000 307.416
0.785 -0.719504 2000 310.826
0.79 -0.727413 2000 314.242
0.795 -0.735335 2000 317.665
0.8 -0.743268 2000 321.092
0.805 -0.751213 2000 324.524
0.81 -0.759168 2000 327.961
0.815 -0.767132 2000 331.401
0.82 -0.775105 2000 334.845
0.825 -0.783084 2000 338.292
0.83 -0.791069 2000 341.742
0.835 -0.799061 2000 345.195
0.84 -0.807061 2000 348.65
0.845 -0.815066 2000 352.109
0.85 -0.823075 2000 355.569
0.855 -0.831089 2000 359.03
0.86 -0.839108 2000 362.495
0.865 -0.847131 2000 365.961
0.87 -0.855156 2000 369.427
0.875 -0.863182 2000 372.895
0.88 -0.871209 2000 376.362
0.885 -0.879235 2000 379.829
0.89 -0.88726 2000 383.296
0.895 -0.895285 2000 386.763
0.9 -0.90331 2000 390.23
0.905 -0.911334 2000 393.696
0.91 -0.919354 2000 397.161
0.915 -0.92737 2000 400.624
0.92 -0.935381 2000 404.085
0.925 -0.943386 2000 407.543
0.93 -0.951383 2000 410.998
0.935 -0.959374 2000 414.45
0.94 -0.96736 2000 417.9
0.945 -0.975337 2000 421.346
0.95 -0.983304 2000 424.787
0.955 -0.99126 2000 428.224
0.96 -0.999206 2000 431.657
0.965 -1.00714 2000 435.085
0.97 -1.01506 2000 438.508
0.975 -1.02297 2000 441.925
0.98 -1.03087 2000 445.336
0.985 -1.03875 2000 448.739
0.99 -1.04661 2000 452.134
0.995 -1.05444 2000 455.52
1 -1.06227 2000 458.899
1.005 -1.07007 2000 462.272
1.01 -1.07786 2000 465.637
1.015 -1.08563 2000 468.994
1.02 -1.09339 2000 472.343
1.025 -1.10112 2000 475.684
1.03 -1.10883 2000 479.016
1.035 -1.11653 2000 482.339
1.04 -1.1242 2000 485.653
1.045 -1.13184 2000 488.957
1.05 -1.13946 2000 492.248
1.055 -1.14705 2000 495.527
1.06 -1.15461 2000 498.793
1.065 -1.16215 2000 502.047
1.07 -1.16965 2000 505.288
1.075 -1.17712 2000 508.516
1.08 -1.18456 2000 511.729
1.085 -1.19196 2000 514.928
1.09 -1.19933 2000 518.113
1.095 -1.20667 2000 521.282
1.1 -1.21397 2000 524.437
1.105 -1.22124 2000 527.576
1.11 -1.22848 2000 530.701
1.115 -1.23568 2000 533.812
1.12 -1.24284 2000 536.906
1.125 -1.24996 2000 539.982
1.13 -1.25704 2000 543.041
1.135 -1.26408 2000 546.084
1.14 -1.27109 2000 549.112
1.145 -1.27806 2000 552.124
1.15 -1.28499 2000 555.117
1.155 -1.29188 2000 558.092
1.16 -1.29872 2000 561.047
1.165 -1.30552 2000 563.983
1.17 -1.31227 2000 566.901
1.175 -1.31899 2000 569.802
1.18 -1.32566 2000 572.684
1.185 -1.33229 2000 575.548
1.19 -1.33887 2000 578.39
1.195 -1.3454 2000 581.212
1.2 -1.35188 2000 584.012
1.205 -1.35831 2000 586.789
1.21 -1.36468 2000 589.543
1.215 -1.37101 2000 592.275
1.22 -1.37728 2000 594.984
1.225 -1.38349 2000 597.67
1.23 -1.38966 2000 600.332
1.235 -1.39576 2000 602.97
1.24 -1.40182 2000 605.586
1.245 -1.40783 2000 608.185
1.25 -1.41381 2000 610.764
1.255 -1.41973 2000 613.322
1.26 -1.42559 2000 615.854
1.265 -1.43139 2000 618.359
1.27 -1.43712 2000 620.838
1.275 -1.4428 2000 623.291
1.28 -1.44842 2000 625.719
1.285 -1.45398 2000 628.121
1.29 -1.45948 2000 630.497
1.295 -1.46492 2000 632.847
1.3 -1.4703 2000 635.171
1.305 -1.47562 2000 637.47
1.31 -1.48088 2000 639.742
1.315 -1.48608 2000 641.987
1.32 -1.49121 2000 644.204
1.325 -1.49628 2000 646.392
1.33 -1.50128 2000 648.552
1.335 -1.50622 2000 650.686
1.34 -1.5111 2000 652.794
1.345 -1.51591 2000 654.875
1.35 -1.52066 2000 656.927
1.355 -1.52534 2000 658.949
1.36 -1.52995 2000 660.94
1.365 -1.5345 2000 662.902
1.37 -1.53897 2000 664.834
1.375 -1.54337 2000 666.735
1.38 -1.54769 2000 668.604
1.385 -1.55195 2000 670.44
1.39 -1.55612 2000 672.245
1.395 -1.56022 2000 674.017
1.4 -1.56425 2000 675.756
1.405 -1.5682 2000 677.464
1.41 -1.57208 2000 679.14
1.415 -1.57589 2000 680.785
1.42 -1.57962 2000 682.397
1.425 -1.58328 2000 683.977
1.43 -1.58686 2000 685.523
1.435 -1.59036 2000 687.035
1.44 -1.59378 2000 688.514
1.445 -1.59712 2000 689.958
1.45 -1.60039 2000 691.368
1.455 -1.60357 2000 692.744
1.46 -1.60668 2000 694.085
1.465 -1.6097 2000 695.391
1.47 -1.61264 2000 696.662
1.475 -1.61551 2000 697.9
1.48 -1.6183 2000 699.106
1.485 -1.62101 2000 700.278
1.49 -1.62364 2000 701.412
1.495 -1.62618 2000 702.509
1.5 -1.62863 2000 703.57
1.505 -1.63101 2000 704.596
1.51 -1.6333 2000 705.585
1.515 -1.6355 2000 706.536
1.52 -1.63761 2000 707.449
1.525 -1.63964 2000 708.326
1.53 -1.6416 2000 709.169
1.535 -1.64347 2000 709.979
1.54 -1.64526 2000 710.754
1.545 -1.64696 2000 711.489
1.55 -1.64857 2000 712.184
1.555 -1.65009 2000 712.839
1.56 -1.65152 2000 713.457
1.565 -1.65287 2000 714.038
1.57 -1.65412 2000 714.581
1.575 -1.65529 2000 715.084
1.58 -1.65636 2000 715.547
1.585 -1.65733 2000 715.968
1.59 -1.65821 2000 716.347
1.595 -1.65899 2000 716.684
1.6 -1.65968 2000 716.981
1.605 -1.66028 2000 717.24
1.61 -1.66079 2000 717.46
1.615 -1.66121 2000 717.641
1.62 -1.66153 2000 717.781
1.625 -1.66176 2000 717.881
1.63 -1.6619 2000 717.941
1.635 -1.66194 2000 717.96
1.64 -1.66188 2000 717.934
1.645 -1.66171 2000 717.857
1.65 -1.66141 2000 717.73
1.655 -1.66101 2000 717.555
1.66 -1.6605 2000 717.335
1.665 -1.65988 2000 717.07
1.67 -1.65917 2000 716.76
1.675 -1.65834 2000 716.404
1.68 -1.65741 2000 716.003
1.685 -1.65637 2000 715.553
1.69 -1.65522 2000 715.055
1.695 -1.65395 2000 714.507
1.7 -1.65257 2000 713.912
1.705 -1.65109 2000 713.27
1.71 -1.64949 2000 712.58
1.715 -1.64778 2000 711.841
1.72 -1.64595 2000 711.05
1.725 -1.64399 2000 710.205
1.73 -1.64191 2000 709.306
1.735 -1.6397 2000 708.352
1.74 -1.63738 2000 707.346
1.745 -1.63493 2000 706.29
1.75 -1.63237 2000 705.182
1.755 -1.62968 2000 704.022
1.76 -1.62687 2000 702.809
1.765 -1.62395 2000 701.545
1.77 -1.62091 2000 700.231
1.775 -1.61775 2000 698.867
1.78 -1.61448 2000 697.453
1.785 -1.61109 2000 695.99
1.79 -1.60759 2000 694.478
1.795 -1.60398 2000 692.919
1.8 -1.60026 2000 691.311
1.805 -1.59642 2000 689.655
1.81 -1.59247 2000 687.949
1.815 -1.58841 2000 686.192
1.82 -1.58422 2000 684.383
1.825 -1.57991 2000 682.522
1.83 -1.57549 2000 680.61
1.835 -1.57094 2000 678.648
1.84 -1.56629 2000 676.638
1.845 -1.56152 2000 674.578
1.85 -1.55664 2000 672.468
1.855 -1.55163 2000 670.306
1.86 -1.54651 2000 668.093
1.865 -1.54128 2000 665.831
1.87 -1.53593 2000 663.523
1.875 -1.53048 2000 661.168
1.88 -1.52492 2000 658.764
1.885 -1.51923 2000 656.309
1.89 -1.51343 2000 653.804
1.895 -1.50752 2000 651.247
1.9 -1.50148 2000 648.641
1.905 -1.49534 2000 645.987
1.91 -1.48909 2000 643.285
1.915 -1.48272 2000 640.536
1.92 -1.47625 2000 637.741
1.925 -1.46968 2000 634.901
1.93 -1.463 2000 632.017
1.935 -1.45623 2000 629.089
1.94 -1.44934 2000 626.116
1.945 -1.44235 2000 623.094
1.95 -1.43524 2000 620.024
1.955 -1.42803 2000 616.909
1.96 -1.42071 2000 613.749
1.965 -1.41329 2000 610.54
1.97 -1.40574 2000 607.281
1.975 -1.39808 2000 603.97
1.98 -1.3903 2000 600.611
1.985 -1.38241 2000 597.202
1.99 -1.3744 2000 593.742
1.995 -1.36627 2000 590.23
2 -1.35803 2000 586.669
2.005 -1.34969 2000 583.066
2.01 -1.34126 2000 579.426
2.015 -1.33274 2000 575.745
2.02 -1.32412 2000 572.02
2.025 -1.31539 2000 568.25
2.03 -1.30657 2000 564.437
2.035 -1.29764 2000 560.581
2.04 -1.28861 2000 556.681
2.045 -1.27949 2000 552.741
2.05 -1.27029 2000 548.766
2.055 -1.261 2000 544.753
2.06 -1.25163 2000 540.702
2.065 -1.24216 2000 536.612
2.07 -1.2326 2000 532.483
2.075 -1.22294 2000 528.312
2.08 -1.2132 2000 524.101
2.085 -1.20336 2000 519.851
2.09 -1.19343 2000 515.563
2.095 -1.18343 2000 511.241
2.1 -1.17334 2000 506.884
2.105 -1.16316 2000 502.486
2.11 -1.15288 2000 498.044
2.115 -1.1425 2000 493.558
2.12 -1.13202 2000 489.031
2.125 -1.12144 2000 484.464
2.13 -1.11077 2000 479.855
2.135 -1.1 2000 475.198
2.14 -1.0891 2000 470.491
2.145 -1.0781 2000 465.738
2.15 -1.067 2000 460.943
2.155 -1.05581 2000 456.109
2.16 -1.04452 2000 451.233
2.165 -1.03314 2000 446.317
2.17 -1.02167 2000 441.363
2.175 -1.01012 2000 436.373
2.18 -0.998489 2000 431.347
2.185 -0.986774 2000 426.286
2.19 -0.974973 2000 421.188
2.195 -0.963087 2000 416.053
2.2 -0.951124 2000 410.886
2.205 -0.939095 2000 405.689
2.21 -0.926995 2000 400.462
2.215 -0.914809 2000 395.197
2.22 -0.902538 2000 389.897
2.225 -0.890202 2000 384.567
2.23 -0.877811 2000 379.214
2.235 -0.865354 2000 373.833
2.24 -0.852818 2000 368.418
2.245 -0.840203 2000 362.968
2.25 -0.827513 2000 357.486
2.255 -0.814745 2000 351.97
2.26 -0.801893 2000 346.418
2.265 -0.788959 2000 340.83
2.27 -0.775956 2000 335.213
2.275 -0.762892 2000 329.569
2.28 -0.749763 2000 323.898
2.285 -0.736557 2000 318.193
2.29 -0.723265 2000 312.45
2.295 -0.70989 2000 306.672
2.3 -0.696444 2000 300.864
2.305 -0.682941 2000 295.031
2.31 -0.66939 2000 289.177
2.315 -0.655789 2000 283.301
2.32 -0.642133 2000 277.402
2.325 -0.628426 2000 271.48
2.33 -0.614667 2000 265.536
2.335 -0.600841 2000 259.563
2.34 -0.586945 2000 253.56
2.345 -0.572994 2000 247.533
2.35 -0.559 2000 241.488
2.355 -0.544959 2000 235.422
2.36 -0.530861 2000 229.332
2.365 -0.516704 2000 223.216
2.37 -0.502484 2000 217.073
2.375 -0.488197 2000 210.901
2.38 -0.473844 2000 204.701
2.385 -0.459436 2000 198.476
2.39 -0.444986 2000 192.234
2.395 -0.430494 2000 185.973
2.4 -0.41595 2000 179.691
2.405 -0.401345 2000 173.381
2.41 -0.386673 2000 167.043
2.415 -0.37194 2000 160.678
2.42 -0.357169 2000 154.297
2.425 -0.342374 2000 147.905
2.43 -0.327552 2000 141.502
2.435 -0.312692 2000 135.083
2.44 -0.297782 2000 128.642
2.445 -0.282818 2000 122.177
2.45 -0.267801 2000 115.69
2.455 -0.252744 2000 109.185
2.46 -0.237663 2000 102.67
2.465 -0.222562 2000 96.1469
2.47 -0.207425 2000 89.608
2.475 -0.192248 2000 83.0514
2.48 -0.17703 2000 76.4774
2.485 -0.161776 2000 69.8874
2.49 -0.146502 2000 63.2902
2.495 -0.131197 2000 56.68
2.5 -0.115883 2000 50.0637
2.505 -0.100566 2000 43.4453
2.51 -0.0852348 2000 36.8221
2.515 -0.0698749 2000 30.1864
2.52 -0.0545512 2000 23.5657
2.525 -0.0392312 2000 16.9472
2.53 -0.023977 1999.99 10.3568
2.535 -0.00873392 1999.99 3.77178
2.54 0.00650873 2000 -2.81286
2.545 0.0217068 2000 -9.37861
2.55 0.0369121 2000 -15.9473
2.555 0.0520525 1999.99 -22.4878
2.56 0.0671125 1999.99 -28.9931
2.565 0.0819316 1999.99 -35.3935
2.57 0.0963236 1999.99 -41.611
2.575 0.110538 1999.99 -47.7526
2.58 0.124761 1999.99 -53.8973
2.585 0.138997 1999.99 -60.0474
2.59 0.153234 1999.99 -66.1977
2.595 0.167465 2000 -72.3455
2.6 0.181695 2000 -78.4928
2.605 0.195928 2000 -84.6415
2.61 0.210163 2000 -90.7909
2.615 0.224398 2000 -96.9403
2.62 0.238633 2000 -103.09
2.625 0.252867 2000 -109.239
2.63 0.267094 2000 -115.385
2.635 0.281306 2000 -121.525
2.64 0.295508 2000 -127.66
2.645 0.309708 2000 -133.795
2.65 0.323914 2000 -139.931
2.655 0.338125 2000 -146.07
2.66 0.35233 2000 -152.207
2.665 0.366517 2000 -158.336
2.67 0.380684 2000 -164.456
2.675 0.394837 2000 -170.57
2.68 0.408984 2000 -176.681
2.685 0.423124 2000 -182.79
2.69 0.437256 2000 -188.895
2.695 0.451388 2000 -195
2.7 0.46553 2000 -201.109
2.705 0.479674 2000 -207.219
2.71 0.493805 2000 -213.324
2.715 0.507909 2000 -219.417
2.72 0.521984 2000 -225.497
2.725 0.536053 2000 -231.575
2.73 0.550145 2000 -237.663
2.735 0.564255 2000 -243.759
2.74 0.578363 2000 -249.853
2.745 0.592457 2000 -255.942
2.75 0.606543 2000 -262.027
2.755 0.620637 2000 -268.116
2.76 0.634745 2000 -274.21
2.765 0.64886 2000 -280.308
2.77 0.662963 2000 -286.4
2.775 0.677042 2000 -292.482
2.78 0.691089 2000 -298.551
2.785 0.705099 2000 -304.603
2.79 0.719071 2000 -310.639
2.795 0.733016 2000 -316.663
2.8 0.74694 2000 -322.678
2.805 0.760835 2000 -328.681
2.81 0.774699 2000 -334.67
2.815 0.788544 2000 -340.651
2.82 0.802378 2000 -346.628
2.825 0.816201 2000 -352.599
2.83 0.830004 2000 -358.562
2.835 0.843774 2000 -364.511
2.84 0.857513 2000 -370.446
2.845 0.871233 2000 -376.373
2.85 0.884942 2000 -382.295
2.855 0.898624 2000 -388.206
2.86 0.912262 2000 -394.097
2.865 0.92586 2000 -399.972
2.87 0.939427 2000 -405.833
2.875 0.952959 2000 -411.679
2.88 0.966452 2000 -417.507
2.885 0.979908 2000 -423.321
2.89 0.993329 2000 -429.118
2.895 1.00671 2000 -434.9
2.9 1.02005 2000 -440.664
2.905 1.03335 2000 -446.409
2.91 1.04662 2000 -452.139
2.915 1.05985 2000 -457.856
2.92 1.07305 2000 -463.559
2.925 1.08622 2000 -469.246
2.93 1.09934 2000 -474.916
2.935 1.11243 2000 -480.569
2.94 1.12547 2000 -486.201
2.945 1.13845 2000 -491.81
2.95 1.15138 2000 -497.398
2.955 1.16429 2000 -502.972
2.96 1.17715 2000 -508.531
2.965 1.18997 2000 -514.069
2.97 1.20274 2000 -519.584
2.975 1.21546 2000 -525.078
2.98 1.22813 2000 -530.551
2.985 1.24074 2000 -536.001
2.99 1.2533 2000 -541.426
2.995 1.26579 2000 -546.821
3 1.2782 2000 -552.182
3.005 1.29054 2000 -557.512
3.01 1.30282 2000 -562.818
3.015 1.31506 2000 -568.105
3.02 1.32724 2000 -573.368
3.025 1.33935 2000 -578.6
3.03 1.35138 2000 -583.797
3.035 1.36333 2000 -588.959
3.04 1.37521 2000 -594.093
3.045 1.38704 2000 -599.203
3.05 1.39882 2000 -604.292
3.055 1.41055 2000 -609.36
3.06 1.42223 2000 -614.403
3.065 1.43384 2000 -619.42
3.07 1.4454 2000 -624.413
3.075 1.45691 2000 -629.383
3.08 1.46835 2000 -634.326
3.085 1.47971 2000 -639.236
3.09 1.491 2000 -644.114
3.095 1.50223 2000 -648.963
3.1 1.51338 2000 -653.78
3.105 1.52445 2000 -658.563
3.11 1.53546 2000 -663.317
3.115 1.5464 2000 -668.043
3.12 1.55727 2000 -672.741
3.125 1.56808 2000 -677.412
3.13 1.57884 2000 -682.057
3.135 1.58953 2000 -686.676
3.14 1.60016 2000 -691.267
3.145 1.61071 2000 -695.829
3.15 1.62121 2000 -700.361
3.155 1.63162 2000 -704.862
3.16 1.64196 2000 -709.326
3.165 1.65221 2000 -713.754
3.17 1.66238 2000 -718.15
3.175 1.6725 2000 -722.52
3.18 1.68256 2000 -726.866
3.185 1.69256 2000 -731.187
3.19 1.70249 2000 -735.478
3.195 1.71235 2000 -739.736
3.2 1.72213 2000 -743.96
3.205 1.73184 2000 -748.153
3.21 1.74149 2000 -752.323
3.215 1.7511 2000 -756.474
3.22 1.76065 2000 -760.6
3.225 1.7701 2000 -764.684
3.23 1.77944 2000 -768.72
3.235 1.7887 2000 -772.717
3.24 1.79788 2000 -776.685
3.245 1.807 2000 -780.624
3.25 1.81604 2000 -784.528
3.255 1.825 2000 -788.402
3.26 1.83391 2000 -792.25
3.265 1.84275 2000 -796.068
3.27 1.8515 2000 -799.847
3.275 1.86015 2000 -803.587
3.28 1.86873 2000 -807.292
3.285 1.87723 2000 -810.962
3.29 1.88563 2000 -814.594
3.295 1.89397 2000 -818.195
3.3 1.90224 2000 -821.77
3.305 1.91045 2000 -825.314
3.31 1.91858 2000 -828.826
3.315 1.92663 2000 -832.305
3.32 1.9346 2000 -835.749
3.325 1.94249 2000 -839.155
3.33 1.95028 2000 -842.522
3.335 1.95799 2000 -845.853
3.34 1.96562 2000 -849.148
3.345 1.97317 2000 -852.408
3.35 1.98062 2000 -855.629
3.355 1.98799 2000 -858.813
3.36 1.99527 2000 -861.957
3.365 2.00245 2000 -865.058
3.37 2.00953 2000 -868.117
3.375 2.01652 2000 -871.138
3.38 2.02344 2000 -874.124
3.385 2.03027 2000 -877.075
3.39 2.03701 2000 -879.99
3.395 2.04368 2000 -882.87
3.4 2.05026 2000 -885.712
3.405 2.05674 2000 -888.511
3.41 2.0631 2000 -891.261
3.415 2.06936 2000 -893.962
3.42 2.07551 2000 -896.62
3.425 2.08158 2000 -899.243
3.43 2.08757 2000 -901.832
3.435 2.09348 2000 -904.383
3.44 2.09929 2000 -906.892
3.445 2.105 2000 -909.362
3.45 2.11063 2000 -911.794
3.455 2.11618 2000 -914.19
3.46 2.12164 2000 -916.549
3.465 2.127 2000 -918.865
3.47 2.13225 2000 -921.133
3.475 2.1374 2000 -923.356
3.48 2.14246 2000 -925.543
3.485 2.14745 2000 -927.698
3.49 2.15235 2000 -929.817
3.495 2.15717 2000 -931.897
3.5 2.16189 2000 -933.936
3.505 2.16653 2000 -935.94
3.51 2.17108 2000 -937.907
3.515 2.17555 2000 -939.837
3.52 2.17993 2000 -941.731
3.525 2.18423 2000 -943.589
3.53 2.18845 2000 -945.409
3.535 2.19256 2000 -947.185
3.54 2.19657 2000 -948.919
3.545 2.20051 2000 -950.618
3.55 2.20436 2000 -952.284
3.555 2.20813 2000 -953.911
3.56 2.2118 2000 -955.497
3.565 2.21537 2000 -957.04
3.57 2.21885 2000 -958.544
3.575 2.22224 2000 -960.007
3.58 2.22551 2000 -961.421
3.585 2.22866 2000 -962.783
3.59 2.2317 2000 -964.093
3.595 2.23461 2000 -965.353
3.6 2.23742 2000 -966.565
3.605 2.24013 2000 -967.734
3.61 2.24274 2000 -968.864
3.615 2.24527 2000 -969.957
3.62 2.24771 2000 -971.009
3.625 2.25004 2000 -972.017
3.63 2.25226 2000 -972.977
3.635 2.25437 2000 -973.889
3.64 2.25638 2000 -974.757
3.645 2.2583 2000 -975.587
3.65 2.26014 2000 -976.383
3.655 2.2619 2000 -977.141
3.66 2.26355 2000 -977.855
3.665 2.26509 2000 -978.52
3.67 2.26652 2000 -979.138
3.675 2.26785 2000 -979.71
3.68 2.26906 2000 -980.235
3.685 2.27018 2000 -980.719
3.69 2.27121 2000 -981.163
3.695 2.27215 2000 -981.568
3.7 2.273 2000 -981.934
3.705 2.27375 2000 -982.258
3.71 2.2744 2000 -982.539
3.715 2.27495 2000 -982.778
3.72 2.27541 2000 -982.978
3.725 2.27578 2000 -983.139
3.73 2.27606 2000 -983.258
3.735 2.27623 2000 -983.33
3.74 2.27629 2000 -983.357
3.745 2.27625 2000 -983.34
3.75 2.27611 2000 -983.28
3.755 2.27587 2000 -983.176
3.76 2.27553 2000 -983.029
3.765 2.27509 2000 -982.838
3.77 2.27455 2000 -982.604
3.775 2.2739 2000 -982.324
3.78 2.27314 2000 -981.995
3.785 2.27227 2000 -981.62
3.79 2.27129 2000 -981.199
3.795 2.27021 2000 -980.729
3.8 2.26901 2000 -980.214
3.805 2.26772 2000 -979.656
3.81 2.26633 2000 -979.056
3.815 2.26483 2000 -978.406
3.82 2.26319 2000 -977.697
3.825 2.26141 2000 -976.929
3.83 2.25951 2000 -976.109
3.835 2.2575 2000 -975.242
3.84 2.25539 2000 -974.326
3.845 2.25315 2000 -973.36
3.85 2.2508 2000 -972.345
3.855 2.24834 2000 -971.283
3.86 2.24577 2000 -970.175
3.865 2.2431 2000 -969.018
3.87 2.2403 2000 -967.811
3.875 2.23739 2000 -966.552
3.88 2.23436 2000 -965.243
3.885 2.23122 2000 -963.888
3.89 2.22798 2000 -962.488
3.895 2.22463 2000 -961.041
3.9 2.22118 2000 -959.551
3.905 2.21766 2000 -958.028
3.91 2.21405 2000 -956.47
3.915 2.21036 2000 -954.874
3.92 2.20657 2000 -953.237
3.925 2.20269 2000 -951.561
3.93 2.19871 2000 -949.844
3.935 2.19465 2000 -948.089
3.94 2.19051 2000 -946.298
3.945 2.18628 2000 -944.473
3.95 2.18197 2000 -942.609
3.955 2.17754 2000 -940.699
3.96 2.17301 2000 -938.741
3.965 2.16838 2000 -936.741
3.97 2.16366 2000 -934.701
3.975 2.15883 2000 -932.614
3.98 2.15388 2000 -930.477
3.985 2.14882 2000 -928.291
3.99 2.14366 2000 -926.06
3.995 2.13838 2000 -923.78
4 2.13298 2000 -921.448
4.005 2.12746 2000 -919.062
4.01 2.12183 2000 -916.632
4.015 2.11613 2000 -914.166
4.02 2.11033 2000 -911.661
4.025 2.10443 2000 -909.112
4.03 2.09842 2000 -906.515
4.035 2.0923 2000 -903.875
4.04 2.08609 2000 -901.192
4.045 2.07977 2000 -898.463
4.05 2.07335 2000 -895.686
4.055 2.06682 2000 -892.867
4.06 2.06021 2000 -890.01
4.065 2.05351 2000 -887.115
4.07 2.04672 2000 -884.183
4.075 2.03985 2000 -881.217
4.08 2.0329 2000 -878.211
4.085 2.02583 2000 -875.159
4.09 2.01866 2000 -872.059
4.095 2.01138 2000 -868.917
4.1 2.00401 2000 -865.733
4.105 1.99654 2000 -862.507
4.11 1.98899 2000 -859.244
4.115 1.98136 2000 -855.948
4.12 1.97365 2000 -852.618
4.125 1.96585 2000 -849.248
4.13 1.95796 2000 -845.84
4.135 1.94999 2000 -842.397
4.14 1.94196 2000 -838.925
4.145 1.93385 2000 -835.423
4.15 1.92567 2000 -831.892
4.155 1.91743 2000 -828.331
4.16 1.90912 2000 -824.742
4.165 1.90075 2000 -821.123
4.17 1.89231 2000 -817.477
4.175 1.88381 2000 -813.806
4.18 1.87527 2000 -810.116
4.185 1.86668 2000 -806.407
4.19 1.85805 2000 -802.678
4.195 1.84937 2000 -798.928
4.2 1.84062 2000 -795.147
4.205 1.83177 2000 -791.326
4.21 1.82284 2000 -787.467
4.215 1.81384 2000 -783.578
4.22 1.80478 2000 -779.664
4.225 1.79566 2000 -775.726
4.23 1.78649 2000 -771.766
4.235 1.77729 2000 -767.79
4.24 1.76806 2000 -763.802
4.245 1.75879 2000 -759.796
4.25 1.74945 2000 -755.763
4.255 1.74005 2000 -751.701
4.26 1.73058 2000 -747.61
4.265 1.72105 2000 -743.494
4.27 1.71146 2000 -739.352
4.275 1.7018 2000 -735.178
4.28 1.69206 2000 -730.971
4.285 1.68225 2000 -726.734
4.29 1.67239 2000 -722.473
4.295 1.66248 2000 -718.19
4.3 1.6525 2000 -713.88
4.305 1.64245 2000 -709.54
4.31 1.63234 2000 -705.173
4.315 1.62217 2000 -700.778
4.32 1.61193 2000 -696.355
4.325 1.60164 2000 -691.91
4.33 1.5913 2000 -687.443
4.335 1.5809 2000 -682.948
4.34 1.57043 2000 -678.424
4.345 1.5599 2000 -673.878
4.35 1.54933 2000 -669.311
4.355 1.5387 2000 -664.719
4.36 1.52801 2000 -660.102
4.365 1.51728 2000 -655.464
4.37 1.50651 2000 -650.811
4.375 1.4957 2000 -646.142
4.38 1.48485 2000 -641.455
4.385 1.47395 2000 -636.744
4.39 1.46298 2000 -632.006
4.395 1.45194 2000 -627.238
4.4 1.44084 2000 -622.443
4.405 1.42968 2000 -617.623
4.41 1.41847 2000 -612.781
4.415 1.40722 2000 -607.918
4.42 1.39591 2000 -603.035
4.425 1.38457 2000 -598.134
4.43 1.37319 2000 -593.219
4.435 1.36179 2000 -588.291
4.44 1.35034 2000 -583.346
4.445 1.33883 2000 -578.376
4.45 1.32727 2000 -573.382
4.455 1.31569 2000 -568.379
4.46 1.30411 2000 -563.374
4.465 1.29251 2000 -558.366
4.47 1.28089 2000 -553.346
4.475 1.26925 2000 -548.315
4.48 1.25758 2000 -543.274
4.485 1.24589 2000 -538.225
4.49 1.23419 2000 -533.169
4.495 1.22246 2000 -528.105
4.5 1.21071 2000 -523.027
4.505 1.19891 2000 -517.928
4.51 1.18705 2000 -512.807
4.515 1.17515 2000 -507.667
4.52 1.16322 2000 -502.513
4.525 1.15127 2000 -497.35
4.53 1.1393 2000 -492.179
4.535 1.12731 2000 -486.997
4.54 1.1153 2000 -481.811
4.545 1.10331 2000 -476.63
4.55 1.09133 2000 -471.454
4.555 1.07932 2000 -466.267
4.56 1.06727 2000 -461.062
4.565 1.05519 2000 -455.843
4.57 1.04311 2000 -450.622
4.575 1.03102 2000 -445.4
4.58 1.01891 2000 -440.169
4.585 1.00676 2000 -434.919
4.59 0.994563 2000 -429.651
4.595 0.98234 2000 -424.371
4.6 0.970097 2000 -419.082
4.605 0.957853 2000 -413.793
4.61 0.945633 2000 -408.513
4.615 0.933443 2000 -403.248
4.62 0.921267 2000 -397.987
4.625 0.909077 2000 -392.721
4.63 0.896855 2000 -387.441
4.635 0.884607 2000 -382.15
4.64 0.872351 2000 -376.856
4.645 0.860083 2000 -371.556
4.65 0.847777 2000 -366.239
4.655 0.835417 2000 -360.9
4.66 0.823023 2000 -355.546
4.665 0.810619 2000 -350.187
4.67 0.798203 2000 -344.824
4.675 0.785756 2000 -339.447
4.68 0.773279 2000 -334.056
4.685 0.760798 2000 -328.665
4.69 0.748333 2000 -323.28
4.695 0.735884 2000 -317.902
4.7 0.723443 2000 -312.528
4.705 0.711001 2000 -307.153
4.71 0.698547 2000 -301.772
4.715 0.686081 2000 -296.387
4.72 0.673617 2000 -291.003
4.725 0.66119 2000 -285.634
4.73 0.648835 2000 -280.297
4.735 0.636553 2000 -274.991
4.74 0.624309 2000 -269.701
4.745 0.61209 2000 -264.423
4.75 0.599903 2000 -259.158
4.755 0.58775 2000 -253.908
4.76 0.575626 2000 -248.67
4.765 0.563538 2000 -243.448
4.77 0.551487 2000 -238.242
4.775 0.539449 2000 -233.042
4.78 0.527405 2000 -227.839
4.785 0.515368 2000 -222.639
4.79 0.50336 2000 -217.451
4.795 0.491376 2000 -212.274
4.8 0.479405 2000 -207.103
4.805 0.467458 2000 -201.942
4.81 0.455555 2000 -196.8
4.815 0.443689 2000 -191.674
4.82 0.43184 2000 -186.555
4.825 0.420005 2000 -181.442
4.83 0.408202 2000 -176.343
4.835 0.396434 2000 -171.259
4.84 0.3847 2000 -166.19
4.845 0.372994 2000 -161.133
4.85 0.36131 2000 -156.086
4.855 0.349648 2000 -151.048
4.86 0.338019 2000 -146.024
4.865 0.326424 2000 -141.015
4.87 0.314862 2000 -136.021
4.875 0.303339 2000 -131.043
4.88 0.291858 2000 -126.082
4.885 0.280406 2000 -121.135
4.89 0.26898 2000 -116.199
4.895 0.257594 2000 -111.28
4.9 0.246247 2000 -106.379
4.905 0.234919 2000 -101.485
4.91 0.223612 2000 -96.6005
4.915 0.212364 2000 -91.7413
4.92 0.201199 2000 -86.918
4.925 0.190105 2000 -82.1255
4.93 0.179065 2000 -77.356
4.935 0.168068 2000 -72.6052
4.94 0.157104 2000 -67.8688
4.945 0.146161 2000 -63.1416
4.95 0.135232 2000 -58.4203
4.955 0.124315 2000 -53.704
4.96 0.113414 2000 -48.9948
4.965 0.102544 2000 -44.2988
4.97 0.0917234 2000 -39.6245
4.975 0.0809624 2000 -34.9758
4.98 0.0702607 2000 -30.3526
4.985 0.0596209 2000 -25.7562
4.99 0.0490509 2000 -21.19
4.995 0.0385456 2000 -16.6517
5 0.0280767 2000 -12.1291
5.005 0.0176173 2000 -7.61067
5.01 0.0071675 2000 -3.09636
5.015 -0.00324776 2000 1.40303
5.02 -0.0135987 2000 5.87465
5.025 -0.0238818 2000 10.3169
5.03 -0.0341196 2000 14.7397
5.035 -0.0443282 2000 19.1498
5.04 -0.0545053 2000 23.5463
5.045 -0.0646386 2000 27.9239
5.05 -0.0747201 2000 32.2791
5.055 -0.0847584 2000 36.6156
5.06 -0.0947674 2000 40.9395
5.065 -0.10475 2000 45.252
5.07 -0.114694 2000 49.5477
5.075 -0.124578 2000 53.8176
5.08 -0.134393 2000 58.0577
5.085 -0.144148 2000 62.2719
5.09 -0.153845 2000 66.461
5.095 -0.163469 2000 70.6186
5.1 -0.173015 2000 74.7423
5.105 -0.182497 2000 78.8385
5.11 -0.191924 2000 82.9112
5.115 -0.201293 2000 86.9585
5.12 -0.210609 2000 90.9829
5.125 -0.219883 2000 94.9893
5.13 -0.229099 2000 98.9707
5.135 -0.238223 2000 102.912
5.14 -0.24724 2000 106.808
5.145 -0.256169 2000 110.665
5.15 -0.265034 2000 114.495
5.155 -0.273841 2000 118.299
5.16 -0.282583 2000 122.076
5.165 -0.29126 2000 125.824
5.17 -0.299865 2000 129.542
5.175 -0.3084 2000 133.229
5.18 -0.316876 2000 136.89
5.185 -0.325291 2000 140.526
5.19 -0.333633 2000 144.13
5.195 -0.341897 2000 147.7
5.2 -0.350083 2000 151.236
5.205 -0.358193 2000 154.739
5.21 -0.366234 2000 158.213
5.215 -0.374209 2000 161.658
5.22 -0.382101 2000 165.068
5.225 -0.389907 2000 168.44
5.23 -0.397648 2000 171.784
5.235 -0.405349 2000 175.111
5.24 -0.413016 2000 178.423
5.245 -0.420653 2000 181.722
5.25 -0.428254 2000 185.006
5.255 -0.435785 2000 188.259
5.26 -0.443211 2000 191.467
5.265 -0.450527 2000 194.628
5.27 -0.457747 2000 197.747
5.275 -0.464879 2000 200.828
5.28 -0.471917 2000 203.868
5.285 -0.478851 2000 206.864
5.29 -0.48568 2000 209.814
5.295 -0.492424 2000 212.727
5.3 -0.499105 2000 215.613
5.305 -0.505718 2000 218.47
5.31 -0.512241 2000 221.288
5.315 -0.518658 2000 224.06
5.32 -0.524969 2000 226.787
5.325 -0.531184 2000 229.471
5.33 -0.53732 2000 232.122
5.335 -0.543384 2000 234.742
5.34 -0.549363 2000 237.325
5.345 -0.555251 2000 239.868
5.35 -0.561052 2000 242.374
5.355 -0.566772 2000 244.845
5.36 -0.572414 2000 247.283
5.365 -0.577986 2000 249.69
5.37 -0.583487 2000 252.067
5.375 -0.588911 2000 254.41
5.38 -0.594243 2000 256.713
5.385 -0.599468 2000 258.97
5.39 -0.604579 2000 261.178
5.395 -0.609592 2000 263.344
5.4 -0.614532 2000 265.478
5.405 -0.619404 2000 267.583
5.41 -0.624203 2000 269.656
5.415 -0.628912 2000 271.69
5.42 -0.633511 2000 273.677
5.425 -0.637985 2000 275.61
5.43 -0.642343 2000 277.492
5.435 -0.646606 2000 279.334
5.44 -0.650782 2000 281.138
5.445 -0.654865 2000 282.902
5.45 -0.65883 2000 284.614
5.455 -0.66266 2000 286.269
5.46 -0.66636 2000 287.868
5.465 -0.669952 2000 289.419
5.47 -0.673447 2000 290.929
5.475 -0.67684 2000 292.395
5.48 -0.680121 2000 293.812
5.485 -0.683298 2000 295.185
5.49 -0.686384 2000 296.518
5.495 -0.689393 2000 297.818
5.5 -0.692336 2000 299.089
5.505 -0.695214 2000 300.333
5.51 -0.698021 2000 301.545
5.515 -0.700751 2000 302.724
5.52 -0.703401 2000 303.869
5.525 -0.705964 2000 304.976
5.53 -0.708436 2000 306.044
5.535 -0.710817 2000 307.073
5.54 -0.713095 2000 308.057
5.545 -0.715251 2000 308.989
5.55 -0.717285 2000 309.867
5.555 -0.719218 2000 310.702
5.56 -0.721069 2000 311.502
5.565 -0.722829 2000 312.262
5.57 -0.724486 2000 312.978
5.575 -0.726048 2000 313.653
5.58 -0.727539 2000 314.297
5.585 -0.728975 2000 314.917
5.59 -0.730352 2000 315.512
5.595 -0.731654 2000 316.075
5.6 -0.732862 2000 316.597
5.605 -0.733972 2000 317.076
5.61 -0.734995 2000 317.518
5.615 -0.735934 2000 317.924
5.62 -0.736778 2000 318.288
5.625 -0.737522 2000 318.609
5.63 -0.738175 2000 318.892
5.635 -0.738745 2000 319.138
5.64 -0.739238 2000 319.351
5.645 -0.739652 2000 319.53
5.65 -0.739964 2000 319.664
5.655 -0.740142 2000 319.742
5.66 -0.740184 2000 319.76
5.665 -0.740116 2000 319.73
5.67 -0.739963 2000 319.664
5.675 -0.739729 2000 319.563
5.68 -0.739411 2000 319.426
5.685 -0.739007 2000 319.251
5.69 -0.738514 2000 319.038
5.695 -0.73794 2000 318.79
5.7 -0.737294 2000 318.511
5.705 -0.736574 2000 318.2
5.71 -0.735773 2000 317.854
5.715 -0.734883 2000 317.47
5.72 -0.733882 2000 317.037
5.725 -0.732735 2000 316.542
5.73 -0.731427 2000 315.976
5.735 -0.729982 2000 315.352
5.74 -0.728439 2000 314.686
5.745 -0.726811 2000 313.982
5.75 -0.725091 2000 313.239
5.755 -0.723277 2000 312.456
5.76 -0.721378 2000 311.635
5.765 -0.719399 2000 310.78
5.77 -0.717337 2000 309.89
5.775 -0.715193 2000 308.963
5.78 -0.71296 2000 307.999
5.785 -0.710623 2000 306.989
5.79 -0.70818 2000 305.934
5.795 -0.705644 2000 304.838
5.8 -0.703024 2000 303.706
5.805 -0.700317 2000 302.537
5.81 -0.697538 2000 301.336
5.815 -0.694712 2000 300.115
5.82 -0.691845 2000 298.877
5.825 -0.688915 2000 297.611
5.83 -0.685899 2000 296.308
5.835 -0.682796 2000 294.968
5.84 -0.679616 2000 293.594
5.845 -0.676364 2000 292.189
5.85 -0.673027 2000 290.748
5.855 -0.669595 2000 289.265
5.86 -0.666069 2000 287.742
5.865 -0.662463 2000 286.184
5.87 -0.658789 2000 284.597
5.875 -0.655042 2000 282.978
5.88 -0.651215 2000 281.325
5.885 -0.64731 2000 279.638
5.89 -0.643344 2000 277.925
5.895 -0.639326 2000 276.189
5.9 -0.63526 2000 274.432
5.905 -0.631134 2000 272.65
5.91 -0.626944 2000 270.84
5.915 -0.62271 2000 269.011
5.92 -0.618453 2000 267.172
5.925 -0.614163 2000 265.318
5.93 -0.609814 2000 263.44
5.935 -0.605389 2000 261.528
5.94 -0.600889 2000 259.584
5.945 -0.596316 2000 257.608
5.95 -0.59167 2000 255.602
5.955 -0.586952 2000 253.563
5.96 -0.582161 2000 251.493
5.965 -0.577308 2000 249.397
5.97 -0.572412 2000 247.282
5.975 -0.567479 2000 245.151
5.98 -0.562495 2000 242.998
5.985 -0.557442 2000 240.815
5.99 -0.552308 2000 238.597
5.995 -0.547099 2000 236.347
6 -0.541847 2000 234.078
6.005 -0.536576 2000 231.801
6.01 -0.531272 2000 229.51
6.015 -0.525917 2000 227.196
6.02 -0.520513 2000 224.862
6.025 -0.515065 2000 222.508
6.03 -0.509566 2000 220.132
6.035 -0.504013 2000 217.734
6.04 -0.498408 2000 215.312
6.045 -0.492751 2000 212.868
6.05 -0.48706 2000 210.41
6.055 -0.481362 2000 207.948
6.06 -0.475661 2000 205.486
6.065 -0.469933 2000 203.011
6.07 -0.464156 2000 200.515
6.075 -0.458319 2000 197.994
6.08 -0.452429 2000 195.449
6.085 -0.446501 2000 192.888
6.09 -0.440548 2000 190.317
6.095 -0.434572 2000 187.735
6.1 -0.428576 2000 185.145
6.105 -0.422564 2000 182.548
6.11 -0.41653 2000 179.941
6.115 -0.410476 2000 177.326
6.12 -0.404428 2000 174.713
6.125 -0.398401 2000 172.109
6.13 -0.39238 2000 169.508
6.135 -0.386325 2000 166.893
6.14 -0.380215 2000 164.253
6.145 -0.374062 2000 161.595
6.15 -0.36788 2000 158.924
6.155 -0.361673 2000 156.243
6.16 -0.355444 2000 153.552
6.165 -0.349189 2000 150.849
6.17 -0.342882 2000 148.125
6.175 -0.336512 2000 145.373
6.18 -0.330092 2000 142.6
6.185 -0.323642 2000 139.813
6.19 -0.31716 2000 137.013
6.195 -0.310643 2000 134.198
6.2 -0.304102 2000 131.372
6.205 -0.297547 2000 128.54
6.21 -0.290972 2000 125.7
6.215 -0.28437 2000 122.848
6.22 -0.277745 2000 119.986
6.225 -0.2711 2000 117.115
6.23 -0.264436 2000 114.236
6.235 -0.257745 2000 111.346
6.24 -0.251025 2000 108.443
6.245 -0.244279 2000 105.529
6.25 -0.237515 2000 102.606
6.255 -0.230737 2000 99.6784
6.26 -0.223954 2000 96.7479
6.265 -0.217166 2000 93.8158
6.27 -0.210365 2000 90.8779
6.275 -0.203549 2000 87.9331
6.28 -0.196733 2000 84.9885
6.285 -0.189933 2000 82.0509
6.29 -0.183144 2000 79.118
6.295 -0.176346 2000 76.1815
6.3 -0.169526 2000 73.2354
6.305 -0.162682 2000 70.2787
6.31 -0.155819 2000 67.3136
6.315 -0.148942 2000 64.3428
6.32 -0.142051 2000 61.3659
6.325 -0.135135 2000 58.3783
6.33 -0.128179 2000 55.3735
6.335 -0.121179 2000 52.3492
6.34 -0.114146 2000 49.3109
6.345 -0.107106 2000 46.2699
6.35 -0.100082 2000 43.2353
6.355 -0.0930647 2000 40.2039
6.36 -0.0860295 2000 37.1647
6.365 -0.0789863 2000 34.1221
6.37 -0.0719919 2000 31.1005
6.375 -0.0650892 2000 28.1185
6.38 -0.0582614 2000 25.1689
6.385 -0.0514547 2000 22.2284
6.39 -0.0446302 2000 19.2802
6.395 -0.0377835 2000 16.3225
6.4 -0.0309304 2000 13.3619
6.405 -0.024082 2000 10.4034
6.41 -0.0172373 2000 7.4465
6.415 -0.0103947 2000 4.49052
6.42 -0.00355894 2000 1.53746
6.425 0.00326387 2000 -1.40999
6.43 0.0100674 2000 -4.34911
6.435 0.0168498 2000 -7.27911
6.44 0.0236097 2000 -10.1994
6.445 0.030331 2000 -13.103
6.45 0.0369955 2000 -15.9821
6.455 0.0436089 2000 -18.839
6.46 0.0501888 2000 -21.6816
6.465 0.0567414 2000 -24.5123
6.47 0.063263 2000 -27.3296
6.475 0.069752 2000 -30.1329
6.48 0.0762156 2000 -32.9251
6.485 0.0826673 2000 -35.7123
6.49 0.0891152 2000 -38.4978
6.495 0.0955473 2000 -41.2764
6.5 0.101935 2000 -44.036
6.505 0.108264 2000 -46.7699
6.51 0.114549 2000 -49.485
6.515 0.120806 2000 -52.1881
6.52 0.127026 2000 -54.8751
6.525 0.133197 2000 -57.5411
6.53 0.139334 2000 -60.1924
6.535 0.145464 2000 -62.8404
6.54 0.151598 2000 -65.4905
6.545 0.157733 2000 -68.1406
6.55 0.163852 2000 -70.7841
6.555 0.169945 2000 -73.4162
6.56 0.176015 2000 -76.0383
6.565 0.182068 2000 -78.6534
6.57 0.188105 2000 -81.2613
6.575 0.194125 2000 -83.8618
6.58 0.200134 2000 -86.4581
6.585 0.206146 2000 -89.0552
6.59 0.212161 2000 -91.6534
6.595 0.21816 2000 -94.2451
6.6 0.224125 2000 -96.8218
6.605 0.230054 2000 -99.3834
6.61 0.235955 2000 -101.932
6.615 0.241808 2000 -104.461
6.62 0.247592 2000 -106.96
6.625 0.253321 2000 -109.435
6.63 0.259022 2000 -111.898
6.635 0.264699 2000 -114.35
6.64 0.270346 2000 -116.789
6.645 0.275969 2000 -119.218
6.65 0.28158 2000 -121.643
6.655 0.287179 2000 -124.061
6.66 0.292755 2000 -126.47
6.665 0.298293 2000 -128.862
6.67 0.303763 2000 -131.226
6.675 0.309135 2000 -133.546
6.68 0.314409 2000 -135.825
6.685 0.319623 2000 -138.077
6.69 0.32481 2000 -140.318
6.695 0.329973 2000 -142.548
6.7 0.335105 2000 -144.765
6.705 0.340203 2000 -146.968
6.71 0.345275 2000 -149.159
6.715 0.350317 2000 -151.337
6.72 0.355319 2000 -153.498
6.725 0.360281 2000 -155.642
6.73 0.365205 2000 -157.769
6.735 0.370082 2000 -159.876
6.74 0.374906 2000 -161.959
6.745 0.379695 2000 -164.028
6.75 0.384473 2000 -166.092
6.755 0.38923 2000 -168.147
6.76 0.393937 2000 -170.181
6.765 0.398587 2000 -172.189
6.77 0.403183 2000 -174.175
6.775 0.407741 2000 -176.144
6.78 0.412267 2000 -178.1
6.785 0.416763 2000 -180.042
6.79 0.421219 2000 -181.966
6.795 0.425611 2000 -183.864
6.8 0.429905 2000 -185.719
6.805 0.434093 2000 -187.528
6.81 0.438203 2000 -189.304
6.815 0.442259 2000 -191.056
6.82 0.446261 2000 -192.785
6.825 0.45021 2000 -194.491
6.83 0.454119 2000 -196.179
6.835 0.457988 2000 -197.851
6.84 0.461806 2000 -199.5
6.845 0.465561 2000 -201.122
6.85 0.469255 2000 -202.718
6.855 0.472903 2000 -204.294
6.86 0.476513 2000 -205.854
6.865 0.480084 2000 -207.396
6.87 0.483608 2000 -208.919
6.875 0.487078 2000 -210.418
6.88 0.490484 2000 -211.889
6.885 0.493832 2000 -213.335
6.89 0.49714 2000 -214.764
6.895 0.500407 2000 -216.176
6.9 0.503612 2000 -217.56
6.905 0.506748 2000 -218.915
6.91 0.509828 2000 -220.246
6.915 0.512853 2000 -221.552
6.92 0.515815 2000 -222.832
6.925 0.518717 2000 -224.086
6.93 0.521573 2000 -225.32
6.935 0.524379 2000 -226.532
6.94 0.527112 2000 -227.712
6.945 0.529756 2000 -228.855
6.95 0.532331 2000 -229.967
6.955 0.534865 2000 -231.062
6.96 0.53737 2000 -232.144
6.965 0.539836 2000 -233.209
6.97 0.542248 2000 -234.251
6.975 0.544593 2000 -235.264
6.98 0.54686 2000 -236.243
6.985 0.54906 2000 -237.194
6.99 0.551217 2000 -238.126
6.995 0.553335 2000 -239.041
7 0.555372 2000 -239.921
7.005 0.557288 2000 -240.748
7.01 0.559088 2000 -241.526
7.015 0.560805 2000 -242.268
7.02 0.562452 2000 -242.979
7.025 0.564021 2000 -243.657
7.03 0.565494 2000 -244.293
7.035 0.566858 2000 -244.883
7.04 0.568118 2000 -245.427
7.045 0.569294 2000 -245.935
7.05 0.570402 2000 -246.414
7.055 0.571449 2000 -246.866
7.06 0.572433 2000 -247.291
7.065 0.573343 2000 -247.684
7.07 0.574158 2000 -248.036
7.075 0.574866 2000 -248.342
7.08 0.575469 2000 -248.603
7.085 0.575984 2000 -248.825
7.09 0.576428 2000 -249.017
7.095 0.576806 2000 -249.18
7.1 0.577113 2000 -249.313
7.105 0.577346 2000 -249.413
7.11 0.577509 2000 -249.484
7.115 0.577607 2000 -249.526
7.12 0.577641 2000 -249.541
7.125 0.577601 2000 -249.524
7.13 0.577483 2000 -249.473
7.135 0.577287 2000 -249.388
7.14 0.577006 2000 -249.267
7.145 0.576646 2000 -249.111
7.15 0.576236 2000 -248.934
7.155 0.575804 2000 -248.747
7.16 0.575334 2000 -248.544
7.165 0.574789 2000 -248.309
7.17 0.574163 2000 -248.038
7.175 0.573476 2000 -247.742
7.18 0.57274 2000 -247.424
7.185 0.571943 2000 -247.079
7.19 0.571068 2000 -246.701
7.195 0.570108 2000 -246.287
7.2 0.569073 2000 -245.84
7.205 0.567967 2000 -245.362
7.21 0.566779 2000 -244.849
7.215 0.565513 2000 -244.302
7.22 0.564195 2000 -243.732
7.225 0.562838 2000 -243.146
7.23 0.56143 2000 -242.538
7.235 0.559952 2000 -241.899
7.24 0.558411 2000 -241.234
7.245 0.556816 2000 -240.544
7.25 0.555153 2000 -239.826
7.255 0.553411 2000 -239.074
7.26 0.551599 2000 -238.291
7.265 0.549736 2000 -237.486
7.27 0.547819 2000 -236.658
7.275 0.545828 2000 -235.798
7.28 0.543753 2000 -234.901
7.285 0.541596 2000 -233.969
7.29 0.539363 2000 -233.005
7.295 0.53707 2000 -232.014
7.3 0.534723 2000 -231
7.305 0.532321 2000 -229.963
7.31 0.52986 2000 -228.9
7.315 0.527334 2000 -227.808
7.32 0.524728 2000 -226.682
7.325 0.522029 2000 -225.516
7.33 0.51924 2000 -224.312
7.335 0.516377 2000 -223.075
7.34 0.513451 2000 -221.811
7.345 0.510456 2000 -220.517
7.35 0.507379 2000 -219.188
7.355 0.504214 2000 -217.82
7.36 0.500974 2000 -216.421
7.365 0.49768 2000 -214.998
7.37 0.49434 2000 -213.555
7.375 0.490947 2000 -212.089
7.38 0.487498 2000 -210.599
7.385 0.483984 2000 -209.081
7.39 0.480405 2000 -207.535
7.395 0.476767 2000 -205.963
7.4 0.473064 2000 -204.364
7.405 0.469271 2000 -202.725
7.41 0.465375 2000 -201.042
7.415 0.461396 2000 -199.323
7.42 0.457359 2000 -197.579
7.425 0.453262 2000 -195.809
7.43 0.449085 2000 -194.005
7.435 0.44481 2000 -192.158
7.44 0.440431 2000 -190.266
7.445 0.435966 2000 -188.337
7.45 0.431451 2000 -186.387
7.455 0.426913 2000 -184.427
7.46 0.422346 2000 -182.454
7.465 0.417719 2000 -180.455
7.47 0.413005 2000 -178.418
7.475 0.408202 2000 -176.343
7.48 0.403332 2000 -174.239
7.485 0.39841 2000 -172.113
7.49 0.393428 2000 -169.961
7.495 0.388376 2000 -167.778
7.5 0.383258 2000 -165.567
7.505 0.378088 2000 -163.334
7.51 0.372879 2000 -161.084
7.515 0.367624 2000 -158.813
7.52 0.362298 2000 -156.513
7.525 0.356891 2000 -154.177
7.53 0.351422 2000 -151.814
7.535 0.34591 2000 -149.433
7.54 0.340351 2000 -147.032
7.545 0.334727 2000 -144.602
7.55 0.329025 2000 -142.139
7.555 0.323251 2000 -139.644
7.56 0.31742 2000 -137.125
7.565 0.311538 2000 -134.585
7.57 0.305602 2000 -132.02
7.575 0.299612 2000 -129.432
7.58 0.293564 2000 -126.819
7.585 0.28744 2000 -124.174
7.59 0.281231 2000 -121.492
7.595 0.274939 2000 -118.774
7.6 0.268569 2000 -116.022
7.605 0.262129 2000 -113.24
7.61 0.255649 2000 -110.44
7.615 0.249153 2000 -107.634
7.62 0.242637 2000 -104.819
7.625 0.236066 2000 -101.981
7.63 0.229415 2000 -99.1071
7.635 0.222689 2000 -96.2016
7.64 0.215916 2000 -93.2757
7.645 0.209112 2000 -90.3363
7.65 0.202271 2000 -87.3809
7.655 0.195379 2000 -84.4037
7.66 0.188429 2000 -81.4014
7.665 0.181423 2000 -78.3749
7.67 0.174367 2000 -75.3265
7.675 0.167269 2000 -72.2602
7.68 0.160147 2000 -69.1834
7.685 0.153017 2000 -66.1035
7.69 0.145877 2000 -63.0189
7.695 0.138704 2000 -59.92
7.7 0.131484 2000 -56.801
7.705 0.124232 2000 -53.6682
7.71 0.116969 2000 -50.5308
7.715 0.109682 2000 -47.3825
7.72 0.102338 2000 -44.2099
7.725 0.094953 2000 -41.0197
7.73 0.0875711 2000 -37.8307
7.735 0.0801875 2000 -34.641
7.74 0.0727654 2000 -31.4346
7.745 0.0653056 2000 -28.212
7.75 0.0578416 2000 -24.9876
7.755 0.0503812 2000 -21.7647
7.76 0.0429022 2000 -18.5338
7.765 0.0353918 2000 -15.2893
7.77 0.0278584 2000 -12.0348
7.775 0.0203154 2000 -8.77627
7.78 0.0127681 2000 -5.51582
7.785 0.00521582 2000 -2.25323
7.79 -0.00234667 2000 1.01376
7.795 -0.00992652 2000 4.28826
7.8 -0.0175212 2000 7.56916
7.805 -0.0251284 2000 10.8555
7.81 -0.0327712 2000 14.1572
7.815 -0.0404834 2000 17.4888
7.82 -0.048264 2000 20.8501
7.825 -0.0560766 2000 24.2251
7.83 -0.0638991 2000 27.6044
7.835 -0.0717481 2000 30.9952
7.84 -0.0796473 2000 34.4076
7.845 -0.0875984 2000 37.8425
7.85 -0.0955908 2000 41.2952
7.855 -0.10361 2000 44.7595
7.86 -0.111641 2000 48.2291
7.865 -0.119684 2000 51.7033
7.87 -0.127748 2000 55.1871
7.875 -0.135839 2000 58.6826
7.88 -0.143946 2000 62.1846
7.885 -0.152053 2000 65.687
7.89 -0.160158 2000 69.1881
7.895 -0.168261 2000 72.6887
7.9 -0.176362 2000 76.1882
7.905 -0.184451 2000 79.6826
7.91 -0.192522 2000 83.1694
7.915 -0.200589 2000 86.6546
7.92 -0.20868 2000 90.1497
7.925 -0.216804 2000 93.6593
7.93 -0.224942 2000 97.1749
7.935 -0.233068 2000 100.686
7.94 -0.241178 2000 104.189
7.945 -0.249284 2000 107.691
7.95 -0.257395 2000 111.195
7.955 -0.265519 2000 114.704
7.96 -0.273656 2000 118.219
7.965 -0.281797 2000 121.736
7.97 -0.289926 2000 125.248
7.975 -0.298032 2000 128.75
7.98 -0.306112 2000 132.241
7.985 -0.314171 2000 135.722
7.99 -0.322218 2000 139.198
7.995 -0.330264 2000 142.674
8 -0.338326 2000 146.157
8.005 -0.346414 2000 149.651
8.01 -0.35451 2000 153.148
8.015 -0.362593 2000 156.64
8.02 -0.370668 2000 160.129
8.025 -0.378756 2000 163.623
8.03 -0.386858 2000 167.123
8.035 -0.394961 2000 170.623
8.04 -0.403054 2000 174.119
8.045 -0.411138 2000 177.612
8.05 -0.419211 2000 181.099
8.055 -0.427267 2000 184.579
8.06 -0.435299 2000 188.049
8.065 -0.443303 2000 191.507
8.07 -0.451279 2000 194.952
8.075 -0.459228 2000 198.387
8.08 -0.467159 2000 201.813
8.085 -0.47507 2000 205.23
8.09 -0.482952 2000 208.635
8.095 -0.4908 2000 212.026
8.1 -0.498637 2000 215.411
8.105 -0.50648 2000 218.799
8.11 -0.514323 2000 222.188
8.115 -0.522147 2000 225.568
8.12 -0.529925 2000 228.928
8.125 -0.53764 2000 232.26
8.13 -0.545296 2000 235.568
8.135 -0.552906 2000 238.855
8.14 -0.560477 2000 242.126
8.145 -0.568015 2000 245.383
8.15 -0.575529 2000 248.629
8.155 -0.58302 2000 251.865
8.16 -0.590479 2000 255.087
8.165 -0.59789 2000 258.288
8.17 -0.605245 2000 261.466
8.175 -0.612562 2000 264.627
8.18 -0.619873 2000 267.785
8.185 -0.627185 2000 270.944
8.19 -0.634471 2000 274.091
8.195 -0.641712 2000 277.219
8.2 -0.648916 2000 280.332
8.205 -0.656094 2000 283.432
8.21 -0.663255 2000 286.526
8.215 -0.670408 2000 289.616
8.22 -0.677547 2000 292.7
8.225 -0.684642 2000 295.765
8.23 -0.691674 2000 298.803
8.235 -0.698643 2000 301.814
8.24 -0.705563 2000 304.803
8.245 -0.712445 2000 307.776
8.25 -0.719294 2000 310.735
8.255 -0.726103 2000 313.676
8.26 -0.732867 2000 316.599
8.265 -0.739589 2000 319.502
8.27 -0.746276 2000 322.391
8.275 -0.752931 2000 325.266
8.28 -0.759542 2000 328.122
8.285 -0.766092 2000 330.952
8.29 -0.772583 2000 333.756
8.295 -0.779046 2000 336.548
8.3 -0.785505 2000 339.338
8.305 -0.791945 2000 342.12
8.31 -0.798334 2000 344.88
8.315 -0.804658 2000 347.612
8.32 -0.810925 2000 350.32
8.325 -0.817143 2000 353.006
8.33 -0.823311 2000 355.671
8.335 -0.82942 2000 358.309
8.34 -0.835457 2000 360.917
8.345 -0.841424 2000 363.495
8.35 -0.847318 2000 366.041
8.355 -0.853141 2000 368.557
8.36 -0.858909 2000 371.049
8.365 -0.864635 2000 373.522
8.37 -0.870315 2000 375.976
8.375 -0.87594 2000 378.406
8.38 -0.88151 2000 380.812
8.385 -0.887032 2000 383.198
8.39 -0.892508 2000 385.563
8.395 -0.897936 2000 387.908
8.4 -0.903324 2000 390.236
8.405 -0.908692 2000 392.555
8.41 -0.914053 2000 394.871
8.415 -0.91939 2000 397.177
8.42 -0.924681 2000 399.462
8.425 -0.929908 2000 401.72
8.43 -0.935066 2000 403.949
8.435 -0.940153 2000 406.146
8.44 -0.945171 2000 408.314
8.445 -0.950134 2000 410.458
8.45 -0.955049 2000 412.581
8.455 -0.959917 2000 414.684
8.46 -0.964734 2000 416.765
8.465 -0.969505 2000 418.826
8.47 -0.974231 2000 420.868
8.475 -0.978914 2000 422.891
8.48 -0.983558 2000 424.897
8.485 -0.988167 2000 426.888
8.49 -0.992739 2000 428.863
8.495 -0.997281 2000 430.825
8.5 -1.00179 2000 432.773
8.505 -1.00626 2000 434.702
8.51 -1.01067 2000 436.608
8.515 -1.01502 2000 438.489
8.52 -1.0193 2000 440.339
8.525 -1.02351 2000 442.157
8.53 -1.02767 2000 443.951
8.535 -1.03179 2000 445.734
8.54 -1.03589 2000 447.504
8.545 -1.03993 2000 449.252
8.55 -1.0439 2000 450.966
8.555 -1.04779 2000 452.644
8.56 -1.05159 2000 454.287
8.565 -1.05534 2000 455.908
8.57 -1.05906 2000 457.515
8.575 -1.06277 2000 459.115
8.58 -1.06646 2000 460.709
8.585 -1.07012 2000 462.294
8.59 -1.07375 2000 463.861
8.595 -1.07733 2000 465.407
8.6 -1.08085 2000 466.928
8.605 -1.08432 2000 468.428
8.61 -1.08776 2000 469.912
8.615 -1.09114 2000 471.373
8.62 -1.09446 2000 472.806
8.625 -1.0977 2000 474.206
8.63 -1.10086 2000 475.569
8.635 -1.10393 2000 476.896
8.64 -1.10692 2000 478.19
8.645 -1.10984 2000 479.453
8.65 -1.11269 2000 480.681
8.655 -1.11545 2000 481.875
8.66 -1.11813 2000 483.033
8.665 -1.12072 2000 484.152
8.67 -1.12323 2000 485.235
8.675 -1.12566 2000 486.285
8.68 -1.12801 2000 487.301
8.685 -1.13027 2000 488.277
8.69 -1.13243 2000 489.209
8.695 -1.1345 2000 490.104
8.7 -1.1365 2000 490.97
8.705 -1.13844 2000 491.806
8.71 -1.14031 2000 492.616
8.715 -1.14213 2000 493.402
8.72 -1.14389 2000 494.162
8.725 -1.14556 2000 494.883
8.73 -1.14712 2000 495.555
8.735 -1.14856 2000 496.177
8.74 -1.14991 2000 496.76
8.745 -1.15118 2000 497.312
8.75 -1.15239 2000 497.831
8.755 -1.1535 2000 498.311
8.76 -1.15451 2000 498.748
8.765 -1.15542 2000 499.142
8.77 -1.15625 2000 499.498
8.775 -1.157 2000 499.823
8.78 -1.15769 2000 500.124
8.785 -1.15833 2000 500.398
8.79 -1.15888 2000 500.637
8.795 -1.15936 2000 500.844
8.8 -1.15979 2000 501.027
8.805 -1.16016 2000 501.19
8.81 -1.16048 2000 501.329
8.815 -1.16073 2000 501.437
8.82 -1.16091 2000 501.513
8.825 -1.16101 2000 501.556
8.83 -1.16103 2000 501.563
8.835 -1.16095 2000 501.532
8.84 -1.1608 2000 501.467
8.845 -1.16058 2000 501.37
8.85 -1.16029 2000 501.244
8.855 -1.15993 2000 501.092
8.86 -1.15951 2000 500.909
8.865 -1.15901 2000 500.692
8.87 -1.15842 2000 500.439
8.875 -1.15775 2000 500.15
8.88 -1.15699 2000 499.821
8.885 -1.15614 2000 499.45
8.89 -1.15517 2000 499.033
8.895 -1.15409 2000 498.568
8.9 -1.15293 2000 498.068
8.905 -1.15173 2000 497.545
8.91 -1.15045 2000 496.995
8.915 -1.14908 2000 496.404
8.92 -1.14761 2000 495.769
8.925 -1.14605 2000 495.096
8.93 -1.14442 2000 494.39
8.935 -1.14271 2000 493.65
8.94 -1.14091 2000 492.873
8.945 -1.13901 2000 492.053
8.95 -1.13702 2000 491.192
8.955 -1.13494 2000 490.293
8.96 -1.13278 2000 489.361
8.965 -1.13054 2000 488.395
8.97 -1.12823 2000 487.394
8.975 -1.12584 2000 486.361
8.98 -1.12337 2000 485.295
8.985 -1.12081 2000 484.188
8.99 -1.11815 2000 483.041
8.995 -1.11543 2000 481.865
9 -1.11267 2000 480.673
9.005 -1.10987 2000 479.463
9.01 -1.10701 2000 478.227
9.015 -1.10407 2000 476.959
9.02 -1.10106 2000 475.659
9.025 -1.09798 2000 474.326
9.03 -1.09482 2000 472.961
9.035 -1.09159 2000 471.567
9.04 -1.08828 2000 470.139
9.045 -1.08488 2000 468.668
9.05 -1.08137 2000 467.152
9.055 -1.07779 2000 465.604
9.06 -1.07417 2000 464.04
9.065 -1.0705 2000 462.456
9.07 -1.06677 2000 460.843
9.075 -1.06296 2000 459.197
9.08 -1.05908 2000 457.521
9.085 -1.05513 2000 455.816
9.09 -1.0511 2000 454.076
9.095 -1.04697 2000 452.29
9.1 -1.04272 2000 450.456
9.105 -1.03838 2000 448.581
9.11 -1.03398 2000 446.68
9.115 -1.02952 2000 444.752
9.12 -1.02498 2000 442.792
9.125 -1.02038 2000 440.802
9.13 -1.0157 2000 438.784
9.135 -1.01097 2000 436.737
9.14 -1.00615 2000 434.655
9.145 -1.00124 2000 432.534
9.15 -0.996237 2000 430.374
9.155 -0.991151 2000 428.177
9.16 -0.985993 2000 425.949
9.165 -0.980788 2000 423.7
9.17 -0.975546 2000 421.436
9.175 -0.970262 2000 419.153
9.18 -0.964932 2000 416.851
9.185 -0.959552 2000 414.526
9.19 -0.954134 2000 412.186
9.195 -0.948691 2000 409.835
9.2 -0.943219 2000 407.471
9.205 -0.937702 2000 405.087
9.21 -0.932138 2000 402.684
9.215 -0.926547 2000 400.268
9.22 -0.920936 2000 397.844
9.225 -0.915286 2000 395.404
9.23 -0.909579 2000 392.938
9.235 -0.903819 2000 390.45
9.24 -0.898019 2000 387.944
9.245 -0.892177 2000 385.421
9.25 -0.886278 2000 382.872
9.255 -0.880298 2000 380.289
9.26 -0.874227 2000 377.666
9.265 -0.86809 2000 375.015
9.27 -0.861922 2000 372.35
9.275 -0.855731 2000 369.676
9.28 -0.849497 2000 366.983
9.285 -0.843211 2000 364.267
9.29 -0.836882 2000 361.533
9.295 -0.830512 2000 358.781
9.3 -0.824103 2000 356.012
9.305 -0.817662 2000 353.23
9.31 -0.811194 2000 350.436
9.315 -0.804685 2000 347.624
9.32 -0.798121 2000 344.788
9.325 -0.791507 2000 341.931
9.33 -0.784847 2000 339.054
9.335 -0.77815 2000 336.161
9.34 -0.771435 2000 333.26
9.345 -0.764717 2000 330.358
9.35 -0.757991 2000 327.452
9.355 -0.75124 2000 324.536
9.36 -0.744457 2000 321.605
9.365 -0.737645 2000 318.663
9.37 -0.730814 2000 315.712
9.375 -0.72397 2000 312.755
9.38 -0.717114 2000 309.793
9.385 -0.710237 2000 306.822
9.39 -0.703329 2000 303.838
9.395 -0.69639 2000 300.841
9.4 -0.689426 2000 297.832
9.405 -0.682429 2000 294.809
9.41 -0.675391 2000 291.769
9.415 -0.66832 2000 288.714
9.42 -0.661227 2000 285.65
9.425 -0.654107 2000 282.574
9.43 -0.646961 2000 279.487
9.435 -0.639793 2000 276.39
9.44 -0.632598 2000 273.283
9.445 -0.625374 2000 270.161
9.45 -0.618116 2000 267.026
9.455 -0.610816 2000 263.873
9.46 -0.603476 2000 260.702
9.465 -0.596108 2000 257.519
9.47 -0.58871 2000 254.323
9.475 -0.581264 2000 251.106
9.48 -0.573771 2000 247.869
9.485 -0.566247 2000 244.619
9.49 -0.558701 2000 241.359
9.495 -0.551134 2000 238.09
9.5 -0.543549 2000 234.813
9.505 -0.535934 2000 231.523
9.51 -0.528259 2000 228.208
9.515 -0.520519 2000 224.864
9.52 -0.512738 2000 221.503
9.525 -0.504936 2000 218.132
9.53 -0.497113 2000 214.753
9.535 -0.489261 2000 211.361
9.54 -0.481386 2000 207.959
9.545 -0.473493 2000 204.549
9.55 -0.465583 2000 201.132
9.555 -0.457645 2000 197.703
9.56 -0.449669 2000 194.257
9.565 -0.441656 2000 190.795
9.57 -0.433628 2000 187.327
9.575 -0.425598 2000 183.858
9.58 -0.417549 2000 180.381
9.585 -0.409462 2000 176.888
9.59 -0.40136 2000 173.388
9.595 -0.393278 2000 169.896
9.6 -0.385221 2000 166.416
9.605 -0.377173 2000 162.939
9.61 -0.369125 2000 159.462
9.615 -0.361079 2000 155.986
9.62 -0.353041 2000 152.514
9.625 -0.345016 2000 149.047
9.63 -0.337 2000 145.584
9.635 -0.328981 2000 142.12
9.64 -0.32095 2000 138.65
9.645 -0.312907 2000 135.176
9.65 -0.304849 2000 131.695
9.655 -0.296774 2000 128.206
9.66 -0.28869 2000 124.714
9.665 -0.280617 2000 121.226
9.67 -0.272565 2000 117.748
9.675 -0.264531 2000 114.278
9.68 -0.256496 2000 110.806
9.685 -0.248441 2000 107.327
9.69 -0.240364 2000 103.837
9.695 -0.232288 2000 100.348
9.7 -0.224251 2000 96.8764
9.705 -0.216277 2000 93.4316
9.71 -0.208363 2000 90.0128
9.715 -0.200484 2000 86.6091
9.72 -0.192605 2000 83.2053
9.725 -0.184703 2000 79.7918
9.73 -0.176785 2000 76.3712
9.735 -0.168867 2000 72.9506
9.74 -0.160948 2000 69.5297
9.745 -0.153017 2000 66.1032
9.75 -0.145065 2000 62.6682
9.755 -0.137102 2000 59.2281
9.76 -0.129149 2000 55.7926
9.765 -0.121221 2000 52.3674
9.77 -0.113301 2000 48.946
9.775 -0.105374 2000 45.5214
9.78 -0.0974484 2000 42.0977
9.785 -0.0895458 2000 38.6838
9.79 -0.081669 2000 35.281
9.795 -0.0738059 2000 31.8842
9.8 -0.0659485 2000 28.4898
9.805 -0.0580967 2000 25.0978
9.81 -0.0502516 2000 21.7087
9.815 -0.0424147 2000 18.3231
9.82 -0.0345939 2000 14.9446
9.825 -0.0268027 2000 11.5788
9.83 -0.0190485 2000 8.22897
9.835 -0.0113273 2000 4.8934
9.84 -0.00362981 2000 1.56808
9.845 0.00404928 2000 -1.74929
9.85 0.0117059 2000 -5.05695
9.855 0.0193329 2000 -8.35182
9.86 0.0269316 2000 -11.6345
9.865 0.0345051 2000 -14.9062
9.87 0.0420533 2000 -18.167
9.875 0.0495808 2000 -21.4189
9.88 0.0570888 2000 -24.6624
9.885 0.0645648 2000 -27.892
9.89 0.0719996 2000 -31.1038
9.895 0.0794032 2000 -34.3022
9.9 0.0867838 2000 -37.4906
9.905 0.0941238 2000 -40.6615
9.91 0.101401 2000 -43.8053
9.915 0.108613 2000 -46.9208
9.92 0.115764 2000 -50.0101
9.925 0.122858 2000 -53.0745
9.93 0.129902 2000 -56.1177
9.935 0.136903 2000 -59.1421
9.94 0.143856 2000 -62.1458
9.945 0.150763 2000 -65.1295
9.95 0.157631 2000 -68.0967
9.955 0.164453 2000 -71.0437
9.96 0.17122 2000 -73.9671
9.965 0.177946 2000 -76.8725
9.97 0.184642 2000 -79.7655
9.975 0.191298 2000 -82.6408
9.98 0.197893 2000 -85.4899
9.985 0.204425 2000 -88.3118
9.99 0.210908 2000 -91.1122
9.995 0.217345 2000 -93.8929
10 0.223724 2000 -96.649
10.005 0.230043 2000 -99.3787
10.01 0.236314 2000 -102.088
10.015 0.242545 2000 -104.779
10.02 0.248727 2000 -107.45
10.025 0.254848 2000 -110.094
10.03 0.2609 2000 -112.709
10.035 0.266877 2000 -115.291
10.04 0.272787 2000 -117.844
10.045 0.278642 2000 -120.373
10.05 0.284454 2000 -122.884
10.055 0.290223 2000 -125.376
10.06 0.295948 2000 -127.849
10.065 0.301634 2000 -130.306
10.07 0.307288 2000 -132.748
10.075 0.312911 2000 -135.178
10.08 0.318504 2000 -137.594
10.085 0.324046 2000 -139.988
10.09 0.329505 2000 -142.346
10.095 0.334874 2000 -144.665
10.1 0.340177 2000 -146.956
10.105 0.345441 2000 -149.23
10.11 0.350677 2000 -151.492
10.115 0.355885 2000 -153.742
10.12 0.361051 2000 -155.974
10.125 0.366162 2000 -158.182
10.13 0.371228 2000 -160.371
10.135 0.376276 2000 -162.551
10.14 0.38131 2000 -164.726
10.145 0.386297 2000 -166.881
10.15 0.391204 2000 -169
10.155 0.39603 2000 -171.085
10.16 0.40079 2000 -173.141
10.165 0.405493 2000 -175.173
10.17 0.410141 2000 -177.181
10.175 0.414726 2000 -179.162
10.18 0.419241 2000 -181.112
10.185 0.423677 2000 -183.029
10.19 0.428029 2000 -184.908
10.195 0.432288 2000 -186.748
10.2 0.43646 2000 -188.551
10.205 0.440564 2000 -190.323
10.21 0.444613 2000 -192.073
10.215 0.448617 2000 -193.802
10.22 0.452575 2000 -195.512
10.225 0.456483 2000 -197.201
10.23 0.460331 2000 -198.863
10.235 0.464104 2000 -200.493
10.24 0.467798 2000 -202.089
10.245 0.471423 2000 -203.655
10.25 0.475003 2000 -205.201
10.255 0.478554 2000 -206.735
10.26 0.482059 2000 -208.249
10.265 0.485475 2000 -209.725
10.27 0.488789 2000 -211.157
10.275 0.492028 2000 -212.556
10.28 0.495224 2000 -213.937
10.285 0.498377 2000 -215.299
10.29 0.501475 2000 -216.637
10.295 0.504509 2000 -217.948
10.3 0.507475 2000 -219.229
10.305 0.510361 2000 -220.476
10.31 0.513165 2000 -221.687
10.315 0.515903 2000 -222.87
10.32 0.518595 2000 -224.033
10.325 0.52124 2000 -225.176
10.33 0.52383 2000 -226.295
10.335 0.526364 2000 -227.389
10.34 0.52884 2000 -228.459
10.345 0.531243 2000 -229.497
10.35 0.533564 2000 -230.5
10.355 0.535821 2000 -231.475
10.36 0.538033 2000 -232.43
10.365 0.540202 2000 -233.367
10.37 0.542315 2000 -234.28
10.375 0.544357 2000 -235.162
10.38 0.546323 2000 -236.012
10.385 0.548214 2000 -236.828
10.39 0.550034 2000 -237.615
10.395 0.551785 2000 -238.371
10.4 0.553454 2000 -239.092
10.405 0.55502 2000 -239.769
10.41 0.556478 2000 -240.399
10.415 0.557841 2000 -240.987
10.42 0.559128 2000 -241.543
10.425 0.560347 2000 -242.07
10.43 0.561499 2000 -242.567
10.435 0.562585 2000 -243.037
10.44 0.56361 2000 -243.48
10.445 0.564564 2000 -243.892
10.45 0.565433 2000 -244.267
10.455 0.566223 2000 -244.608
10.46 0.566948 2000 -244.921
10.465 0.567603 2000 -245.205
10.47 0.568183 2000 -245.455
10.475 0.568703 2000 -245.68
10.48 0.569177 2000 -245.885
10.485 0.5696 2000 -246.067
10.49 0.569961 2000 -246.223
10.495 0.570266 2000 -246.355
10.5 0.570512 2000 -246.461
10.505 0.570692 2000 -246.539
10.51 0.570804 2000 -246.587
10.515 0.570844 2000 -246.605
10.52 0.5708 2000 -246.586
10.525 0.570662 2000 -246.526
10.53 0.570435 2000 -246.428
10.535 0.570124 2000 -246.294
10.54 0.569731 2000 -246.124
10.545 0.569257 2000 -245.919
10.55 0.568697 2000 -245.677
10.555 0.568043 2000 -245.395
10.56 0.5673 2000 -245.074
10.565 0.566481 2000 -244.72
10.57 0.565594 2000 -244.337
