0.1 -1.11351e-17 -0.0164972 5.15514e-20
0.2 -3.659e-17 -0.0332507 1.69398e-19
0.3 -7.79015e-17 -0.0502727 3.60655e-19
0.4 -9.54384e-17 -0.0675767 4.41844e-19
0.5 -8.75471e-17 -0.085177 4.0531e-19
0.6 -1.28871e-16 -0.10309 5.96623e-19
0.7 -2.4124e-16 -0.121349 1.11685e-18
0.8 -1.57673e-16 -0.140099 7.29966e-19
0.9 -2.04992e-16 -0.159489 9.49037e-19
1 -7.35181e-17 -0.179387 3.40362e-19
0.005 9.10293e-07 -0.179387 -3.16074e-09
0.01 4.55495e-06 -0.179387 -1.58158e-08
0.015 1.18546e-05 -0.179387 -4.11617e-08
0.02 2.28226e-05 -0.179387 -7.92451e-08
0.025 3.74722e-05 -0.179387 -1.30111e-07
0.03 5.58159e-05 -0.179387 -1.93805e-07
0.035 7.78661e-05 -0.179387 -2.70368e-07
0.04 0.000103634 -0.179387 -3.59841e-07
0.045 0.000133132 -0.179387 -4.62263e-07
0.05 0.00016637 -0.179387 -5.77673e-07
0.055 0.000203359 -0.179388 -7.06107e-07
0.06 0.000244109 -0.179388 -8.476e-07
0.065 0.000288629 -0.179388 -1.00218e-06
0.07 0.000336928 -0.179388 -1.16989e-06
0.075 0.000389015 -0.179388 -1.35074e-06
0.08 0.000444898 -0.179388 -1.54478e-06
0.085 0.000504586 -0.179389 -1.75203e-06
0.09 0.000568088 -0.179389 -1.97252e-06
0.095 0.000635409 -0.179389 -2.20628e-06
0.1 0.000706555 -0.179389 -2.45331e-06
0.105 0.000781531 -0.179389 -2.71364e-06
0.11 0.000860343 -0.17939 -2.98729e-06
0.115 0.000942996 -0.17939 -3.27428e-06
0.12 0.0010295 -0.17939 -3.57463e-06
0.125 0.00111985 -0.17939 -3.88835e-06
0.13 0.00121406 -0.179391 -4.21546e-06
0.135 0.00131213 -0.179391 -4.55597e-06
0.14 0.00141406 -0.179391 -4.9099e-06
0.145 0.00151986 -0.179392 -5.27725e-06
0.15 0.00162952 -0.179392 -5.65803e-06
0.155 0.00174305 -0.179392 -6.05224e-06
0.16 0.00186046 -0.179393 -6.45989e-06
0.165 0.00198174 -0.179393 -6.88099e-06
0.17 0.00210689 -0.179393 -7.31553e-06
0.175 0.00223591 -0.179394 -7.76352e-06
0.18 0.0023688 -0.179394 -8.22495e-06
0.185 0.00250557 -0.179395 -8.69982e-06
0.19 0.0026462 -0.179395 -9.18814e-06
0.195 0.00279071 -0.179395 -9.68988e-06
0.2 0.00293908 -0.179396 -1.0205e-05
0.205 0.00309131 -0.179396 -1.07336e-05
0.21 0.0032474 -0.179397 -1.12756e-05
0.215 0.00340734 -0.179397 -1.18309e-05
0.22 0.00357112 -0.179398 -1.23996e-05
0.225 0.00373877 -0.179398 -1.29817e-05
0.23 0.00391026 -0.179399 -1.35771e-05
0.235 0.00408558 -0.179399 -1.41859e-05
0.24 0.00426472 -0.1794 -1.48079e-05
0.245 0.00444767 -0.1794 -1.54431e-05
0.25 0.00463445 -0.179401 -1.60916e-05
0.255 0.00482504 -0.179402 -1.67534e-05
0.26 0.00501943 -0.179402 -1.74284e-05
0.265 0.00521762 -0.179403 -1.81165e-05
0.27 0.00541959 -0.179403 -1.88178e-05
0.275 0.00562535 -0.179404 -1.95322e-05
0.28 0.00583488 -0.179405 -2.02597e-05
0.285 0.00604816 -0.179405 -2.10002e-05
0.29 0.00626519 -0.179406 -2.17538e-05
0.295 0.00648598 -0.179407 -2.25204e-05
0.3 0.00671051 -0.179407 -2.33e-05
0.305 0.00693877 -0.179408 -2.40925e-05
0.31 0.00717075 -0.179409 -2.4898e-05
0.315 0.00740644 -0.179409 -2.57163e-05
0.32 0.00764581 -0.17941 -2.65475e-05
0.325 0.00788885 -0.179411 -2.73913e-05
0.33 0.00813555 -0.179411 -2.82479e-05
0.335 0.0083859 -0.179412 -2.91171e-05
0.34 0.00863988 -0.179413 -2.9999e-05
0.345 0.00889748 -0.179414 -3.08934e-05
0.35 0.00915867 -0.179415 -3.18002e-05
0.355 0.00942345 -0.179415 -3.27196e-05
0.36 0.00969182 -0.179416 -3.36514e-05
0.365 0.00996377 -0.179417 -3.45956e-05
0.37 0.0102393 -0.179418 -3.55522e-05
0.375 0.0105183 -0.179419 -3.65209e-05
0.38 0.0108008 -0.17942 -3.75018e-05
0.385 0.0110868 -0.17942 -3.84947e-05
0.39 0.0113762 -0.179421 -3.94998e-05
0.395 0.0116692 -0.179422 -4.05168e-05
0.4 0.0119655 -0.179423 -4.15458e-05
0.405 0.0122653 -0.179424 -4.25867e-05
0.41 0.0125685 -0.179425 -4.36395e-05
0.415 0.0128752 -0.179426 -4.47041e-05
0.42 0.0131852 -0.179427 -4.57804e-05
0.425 0.0134985 -0.179428 -4.68683e-05
0.43 0.0138152 -0.179429 -4.79677e-05
0.435 0.0141351 -0.17943 -4.90786e-05
0.44 0.0144583 -0.179431 -5.02009e-05
0.445 0.0147848 -0.179432 -5.13344e-05
0.45 0.0151145 -0.179433 -5.24792e-05
0.455 0.0154475 -0.179434 -5.36352e-05
0.46 0.0157836 -0.179435 -5.48023e-05
0.465 0.0161229 -0.179436 -5.59803e-05
0.47 0.0164654 -0.179437 -5.71693e-05
0.475 0.0168109 -0.179438 -5.83691e-05
0.48 0.0171596 -0.179439 -5.95796e-05
0.485 0.0175113 -0.17944 -6.08008e-05
0.49 0.0178661 -0.179441 -6.20326e-05
0.495 0.0182239 -0.179442 -6.32749e-05
0.5 0.0185847 -0.179443 -6.45276e-05
0.505 0.0189485 -0.179444 -6.57906e-05
0.51 0.0193152 -0.179445 -6.70638e-05
0.515 0.0196849 -0.179446 -6.83472e-05
0.52 0.0200574 -0.179447 -6.96407e-05
0.525 0.0204329 -0.179449 -7.09442e-05
0.53 0.0208112 -0.17945 -7.22576e-05
0.535 0.0211923 -0.179451 -7.35806e-05
0.54 0.0215761 -0.179452 -7.49133e-05
0.545 0.0219627 -0.179453 -7.62556e-05
0.55 0.022352 -0.179454 -7.76072e-05
0.555 0.022744 -0.179456 -7.89682e-05
0.56 0.0231386 -0.179457 -8.03382e-05
0.565 0.0235359 -0.179458 -8.17174e-05
0.57 0.0239357 -0.179459 -8.31054e-05
0.575 0.0243379 -0.17946 -8.45021e-05
0.58 0.0247426 -0.179462 -8.59071e-05
0.585 0.0251497 -0.179463 -8.73202e-05
0.59 0.0255591 -0.179464 -8.87416e-05
0.595 0.0259709 -0.179465 -9.01714e-05
0.6 0.0263852 -0.179467 -9.16097e-05
0.605 0.0268019 -0.179468 -9.30564e-05
0.61 0.0272209 -0.179469 -9.45112e-05
0.615 0.0276423 -0.17947 -9.5974e-05
0.62 0.0280659 -0.179472 -9.74448e-05
0.625 0.0284919 -0.179473 -9.89236e-05
0.63 0.0289201 -0.179474 -0.00010041
0.635 0.0293505 -0.179476 -0.000101905
0.64 0.0297831 -0.179477 -0.000103407
0.645 0.0302179 -0.179478 -0.000104916
0.65 0.0306547 -0.17948 -0.000106433
0.655 0.0310936 -0.179481 -0.000107956
0.66 0.0315344 -0.179482 -0.000109487
0.665 0.0319772 -0.179484 -0.000111024
0.67 0.0324217 -0.179485 -0.000112567
0.675 0.0328681 -0.179486 -0.000114117
0.68 0.0333163 -0.179488 -0.000115673
0.685 0.0337664 -0.179489 -0.000117236
0.69 0.0342183 -0.17949 -0.000118804
0.695 0.0346719 -0.179492 -0.000120379
0.7 0.0351272 -0.179493 -0.00012196
0.705 0.0355841 -0.179494 -0.000123546
0.71 0.0360427 -0.179496 -0.000125138
0.715 0.0365029 -0.179497 -0.000126736
0.72 0.0369646 -0.179499 -0.000128339
0.725 0.0374279 -0.1795 -0.000129947
0.73 0.0378926 -0.179501 -0.00013156
0.735 0.0383587 -0.179503 -0.000133178
0.74 0.0388262 -0.179504 -0.000134801
0.745 0.0392949 -0.179506 -0.000136429
0.75 0.0397647 -0.179507 -0.00013806
0.755 0.0402357 -0.179509 -0.000139695
0.76 0.0407078 -0.17951 -0.000141334
0.765 0.041181 -0.179511 -0.000142976
0.77 0.0416552 -0.179513 -0.000144623
0.775 0.0421305 -0.179514 -0.000146273
0.78 0.0426069 -0.179516 -0.000147926
0.785 0.0430843 -0.179517 -0.000149584
0.79 0.0435628 -0.179519 -0.000151245
0.795 0.0440422 -0.17952 -0.000152909
0.8 0.0445225 -0.179522 -0.000154577
0.805 0.0450035 -0.179523 -0.000156247
0.81 0.0454854 -0.179525 -0.000157919
0.815 0.0459679 -0.179526 -0.000159594
0.82 0.0464511 -0.179527 -0.000161272
0.825 0.0469348 -0.179529 -0.000162951
0.83 0.047419 -0.17953 -0.000164632
0.835 0.0479038 -0.179532 -0.000166315
0.84 0.0483892 -0.179533 -0.000168
0.845 0.0488751 -0.179535 -0.000169686
0.85 0.0493613 -0.179536 -0.000171375
0.855 0.049848 -0.179538 -0.000173064
0.86 0.0503352 -0.179539 -0.000174755
0.865 0.0508228 -0.179541 -0.000176448
0.87 0.0513106 -0.179542 -0.000178141
0.875 0.0517987 -0.179544 -0.000179836
0.88 0.052287 -0.179545 -0.000181531
0.885 0.0527754 -0.179547 -0.000183226
0.89 0.0532639 -0.179548 -0.000184922
0.895 0.0537526 -0.17955 -0.000186619
0.9 0.0542415 -0.179551 -0.000188316
0.905 0.0547304 -0.179553 -0.000190013
0.91 0.0552193 -0.179554 -0.00019171
0.915 0.0557081 -0.179556 -0.000193407
0.92 0.0561968 -0.179557 -0.000195103
0.925 0.0566853 -0.179559 -0.000196799
0.93 0.0571735 -0.17956 -0.000198494
0.935 0.0576615 -0.179562 -0.000200188
0.94 0.0581494 -0.179563 -0.000201881
0.945 0.0586369 -0.179565 -0.000203574
0.95 0.059124 -0.179566 -0.000205264
0.955 0.0596106 -0.179568 -0.000206954
0.96 0.0600968 -0.179569 -0.000208641
0.965 0.0605826 -0.179571 -0.000210328
0.97 0.0610678 -0.179572 -0.000212012
0.975 0.0615524 -0.179574 -0.000213694
0.98 0.0620363 -0.179575 -0.000215374
0.985 0.0625193 -0.179576 -0.00021705
0.99 0.0630013 -0.179578 -0.000218724
0.995 0.0634824 -0.179579 -0.000220394
1 0.0639627 -0.179581 -0.000222061
1.005 0.0644422 -0.179582 -0.000223726
1.01 0.0649209 -0.179584 -0.000225387
1.015 0.0653987 -0.179585 -0.000227046
1.02 0.0658756 -0.179587 -0.000228701
1.025 0.0663515 -0.179588 -0.000230353
1.03 0.0668263 -0.17959 -0.000232001
1.035 0.0673002 -0.179591 -0.000233646
1.04 0.0677729 -0.179593 -0.000235287
1.045 0.0682443 -0.179594 -0.000236923
1.05 0.0687144 -0.179595 -0.000238555
1.055 0.0691828 -0.179597 -0.000240181
1.06 0.0696497 -0.179598 -0.000241802
1.065 0.0701151 -0.1796 -0.000243417
1.07 0.070579 -0.179601 -0.000245027
1.075 0.0710411 -0.179603 -0.000246631
1.08 0.0715014 -0.179604 -0.000248229
1.085 0.07196 -0.179605 -0.000249821
1.09 0.0724168 -0.179607 -0.000251407
1.095 0.0728716 -0.179608 -0.000252986
1.1 0.0733246 -0.17961 -0.000254558
1.105 0.0737757 -0.179611 -0.000256124
1.11 0.0742251 -0.179612 -0.000257683
1.115 0.0746726 -0.179614 -0.000259237
1.12 0.075118 -0.179615 -0.000260783
1.125 0.0755611 -0.179616 -0.000262321
1.13 0.0760021 -0.179618 -0.000263851
1.135 0.076441 -0.179619 -0.000265375
1.14 0.0768781 -0.17962 -0.000266892
1.145 0.0773131 -0.179622 -0.000268402
1.15 0.0777458 -0.179623 -0.000269904
1.155 0.0781759 -0.179624 -0.000271397
1.16 0.0786037 -0.179626 -0.000272882
1.165 0.0790291 -0.179627 -0.000274358
1.17 0.0794521 -0.179628 -0.000275827
1.175 0.0798729 -0.17963 -0.000277287
1.18 0.0802914 -0.179631 -0.00027874
1.185 0.0807074 -0.179632 -0.000280184
1.19 0.0811208 -0.179634 -0.000281619
1.195 0.0815314 -0.179635 -0.000283044
1.2 0.0819392 -0.179636 -0.000284459
1.205 0.0823441 -0.179637 -0.000285865
1.21 0.082746 -0.179638 -0.00028726
1.215 0.083145 -0.17964 -0.000288644
1.22 0.083541 -0.179641 -0.000290019
1.225 0.0839341 -0.179642 -0.000291383
1.23 0.084324 -0.179643 -0.000292737
1.235 0.0847108 -0.179645 -0.000294079
1.24 0.0850948 -0.179646 -0.000295412
1.245 0.0854764 -0.179647 -0.000296737
1.25 0.0858557 -0.179648 -0.000298053
1.255 0.0862321 -0.179649 -0.00029936
1.26 0.0866052 -0.17965 -0.000300655
1.265 0.0869747 -0.179652 -0.000301937
1.27 0.0873408 -0.179653 -0.000303208
1.275 0.0877035 -0.179654 -0.000304467
1.28 0.0880629 -0.179655 -0.000305714
1.285 0.0884189 -0.179656 -0.00030695
1.29 0.0887716 -0.179657 -0.000308174
1.295 0.0891207 -0.179658 -0.000309386
1.3 0.0894665 -0.179659 -0.000310586
1.305 0.0898089 -0.17966 -0.000311774
1.31 0.0901479 -0.179661 -0.000312951
1.315 0.0904833 -0.179662 -0.000314115
1.32 0.0908149 -0.179663 -0.000315266
1.325 0.0911428 -0.179664 -0.000316404
1.33 0.091467 -0.179665 -0.000317529
1.335 0.0917876 -0.179666 -0.000318642
1.34 0.0921049 -0.179667 -0.000319743
1.345 0.0924187 -0.179668 -0.000320832
1.35 0.0927286 -0.179669 -0.000321908
1.355 0.0930344 -0.17967 -0.00032297
1.36 0.0933363 -0.179671 -0.000324017
1.365 0.0936342 -0.179672 -0.000325051
1.37 0.0939282 -0.179673 -0.000326072
1.375 0.094218 -0.179674 -0.000327078
1.38 0.0945036 -0.179675 -0.000328069
1.385 0.0947849 -0.179676 -0.000329045
1.39 0.0950618 -0.179676 -0.000330006
1.395 0.0953345 -0.179677 -0.000330953
1.4 0.0956028 -0.179678 -0.000331884
1.405 0.0958669 -0.179679 -0.0003328
1.41 0.0961268 -0.17968 -0.000333702
1.415 0.0963824 -0.17968 -0.00033459
1.42 0.0966338 -0.179681 -0.000335462
1.425 0.0968807 -0.179682 -0.000336319
1.43 0.0971232 -0.179683 -0.000337161
1.435 0.0973613 -0.179684 -0.000337987
1.44 0.0975947 -0.179684 -0.000338797
1.445 0.0978234 -0.179685 -0.000339591
1.45 0.0980477 -0.179686 -0.00034037
1.455 0.0982675 -0.179686 -0.000341132
1.46 0.0984825 -0.179687 -0.000341878
1.465 0.0986927 -0.179688 -0.000342608
1.47 0.0988982 -0.179688 -0.000343321
1.475 0.0990995 -0.179689 -0.00034402
1.48 0.0992963 -0.179689 -0.000344703
1.485 0.0994885 -0.17969 -0.00034537
1.49 0.0996757 -0.179691 -0.00034602
1.495 0.0998579 -0.179691 -0.000346652
1.5 0.100035 -0.179692 -0.000347267
1.505 0.100208 -0.179692 -0.000347866
1.51 0.100375 -0.179693 -0.000348448
1.515 0.100538 -0.179693 -0.000349012
1.52 0.100695 -0.179694 -0.000349558
1.525 0.100848 -0.179694 -0.000350087
1.53 0.100995 -0.179695 -0.0003506
1.535 0.101139 -0.179695 -0.000351098
1.54 0.101277 -0.179696 -0.000351579
1.545 0.101411 -0.179696 -0.000352042
1.55 0.101539 -0.179696 -0.000352485
1.555 0.101661 -0.179697 -0.00035291
1.56 0.101778 -0.179697 -0.000353318
1.565 0.101891 -0.179697 -0.000353707
1.57 0.101998 -0.179698 -0.000354079
1.575 0.1021 -0.179698 -0.000354432
1.58 0.102196 -0.179698 -0.000354767
1.585 0.102287 -0.179699 -0.000355081
1.59 0.102371 -0.179699 -0.000355376
1.595 0.102451 -0.179699 -0.000355651
1.6 0.102524 -0.179699 -0.000355906
1.605 0.102593 -0.1797 -0.000356144
1.61 0.102656 -0.1797 -0.000356363
1.615 0.102714 -0.1797 -0.000356564
1.62 0.102766 -0.1797 -0.000356746
1.625 0.102813 -0.1797 -0.000356908
1.63 0.102854 -0.1797 -0.000357052
1.635 0.10289 -0.179701 -0.000357176
1.64 0.10292 -0.179701 -0.00035728
1.645 0.102944 -0.179701 -0.000357362
1.65 0.102961 -0.179701 -0.000357423
1.655 0.102973 -0.179701 -0.000357464
1.66 0.10298 -0.179701 -0.000357486
1.665 0.10298 -0.179701 -0.000357489
1.67 0.102975 -0.179701 -0.000357472
1.675 0.102965 -0.179701 -0.000357436
1.68 0.102949 -0.179701 -0.000357381
1.685 0.102927 -0.179701 -0.000357305
1.69 0.1029 -0.179701 -0.000357209
1.695 0.102866 -0.179701 -0.000357091
1.7 0.102826 -0.179701 -0.000356953
1.705 0.102781 -0.179701 -0.000356795
1.71 0.102729 -0.179701 -0.000356617
1.715 0.102672 -0.179701 -0.000356418
1.72 0.102608 -0.179701 -0.000356196
1.725 0.102538 -0.179701 -0.000355952
1.73 0.102461 -0.179701 -0.000355684
1.735 0.102377 -0.179701 -0.000355393
1.74 0.102287 -0.179701 -0.00035508
1.745 0.10219 -0.179701 -0.000354745
1.75 0.102087 -0.179701 -0.000354388
1.755 0.101978 -0.179701 -0.000354008
1.76 0.101862 -0.179701 -0.000353606
1.765 0.10174 -0.179701 -0.000353182
1.77 0.101612 -0.179701 -0.000352736
1.775 0.101477 -0.179701 -0.000352269
1.78 0.101336 -0.179701 -0.000351781
1.785 0.10119 -0.179701 -0.000351271
1.79 0.101037 -0.179701 -0.00035074
1.795 0.100878 -0.179701 -0.000350189
1.8 0.100713 -0.179701 -0.000349617
1.805 0.100542 -0.179701 -0.000349024
1.81 0.100365 -0.179701 -0.00034841
1.815 0.100182 -0.179701 -0.000347773
1.82 0.0999924 -0.179701 -0.000347114
1.825 0.0997961 -0.179701 -0.000346433
1.83 0.0995934 -0.179701 -0.000345729
1.835 0.0993846 -0.179701 -0.000345004
1.84 0.0991697 -0.179701 -0.000344258
1.845 0.0989486 -0.179701 -0.00034349
1.85 0.0987212 -0.179701 -0.0003427
1.855 0.0984874 -0.179701 -0.000341889
1.86 0.0982472 -0.179701 -0.000341054
1.865 0.0980008 -0.179701 -0.000340199
1.87 0.0977487 -0.179701 -0.000339324
1.875 0.0974906 -0.179701 -0.000338428
1.88 0.0972264 -0.179701 -0.00033751
1.885 0.0969559 -0.179701 -0.000336571
1.89 0.096679 -0.179701 -0.000335609
1.895 0.0963956 -0.179701 -0.000334625
1.9 0.096106 -0.179701 -0.00033362
1.905 0.0958104 -0.179701 -0.000332594
1.91 0.0955088 -0.179701 -0.000331546
1.915 0.0952012 -0.179701 -0.000330478
1.92 0.0948877 -0.179701 -0.00032939
1.925 0.0945686 -0.179701 -0.000328282
1.93 0.094244 -0.179701 -0.000327155
1.935 0.0939138 -0.179701 -0.000326008
1.94 0.0935778 -0.179701 -0.000324841
1.945 0.0932356 -0.179701 -0.000323653
1.95 0.0928873 -0.179701 -0.000322444
1.955 0.0925333 -0.179701 -0.000321215
1.96 0.0921736 -0.179701 -0.000319966
1.965 0.0918078 -0.179701 -0.000318696
1.97 0.0914355 -0.179701 -0.000317403
1.975 0.0910567 -0.179701 -0.000316088
1.98 0.0906717 -0.179701 -0.000314751
1.985 0.0902804 -0.179701 -0.000313392
1.99 0.0898826 -0.179701 -0.000312011
1.995 0.0894781 -0.179701 -0.000310606
2 0.0890674 -0.179701 -0.00030918
2.005 0.0886514 -0.179701 -0.000307736
2.01 0.0882305 -0.179701 -0.000306274
2.015 0.0878044 -0.179701 -0.000304795
2.02 0.0873726 -0.179701 -0.000303295
2.025 0.0869351 -0.179701 -0.000301776
2.03 0.086492 -0.179701 -0.000300238
2.035 0.0860433 -0.179701 -0.00029868
2.04 0.085589 -0.179701 -0.000297102
2.045 0.0851296 -0.179701 -0.000295507
2.05 0.0846655 -0.179701 -0.000293896
2.055 0.0841965 -0.179701 -0.000292267
2.06 0.0837225 -0.179701 -0.000290622
2.065 0.0832436 -0.179701 -0.000288959
2.07 0.0827594 -0.179701 -0.000287277
2.075 0.0822699 -0.179701 -0.000285578
2.08 0.0817751 -0.179701 -0.00028386
2.085 0.0812752 -0.179701 -0.000282124
2.09 0.0807704 -0.179701 -0.000280371
2.095 0.080261 -0.179701 -0.000278603
2.1 0.0797471 -0.179701 -0.000276818
2.105 0.0792279 -0.179701 -0.000275015
2.11 0.0787029 -0.179701 -0.000273192
2.115 0.0781721 -0.179701 -0.000271349
2.12 0.077636 -0.179701 -0.000269488
2.125 0.0770946 -0.179701 -0.000267608
2.13 0.0765477 -0.179701 -0.000265709
2.135 0.0759947 -0.179701 -0.000263789
2.14 0.0754351 -0.179701 -0.000261846
2.145 0.0748695 -0.179701 -0.000259882
2.15 0.0742984 -0.179701 -0.000257899
2.155 0.0737221 -0.179701 -0.000255898
2.16 0.0731403 -0.179701 -0.000253878
2.165 0.0725533 -0.179701 -0.000251839
2.17 0.0719611 -0.179701 -0.000249783
2.175 0.0713642 -0.179701 -0.000247711
2.18 0.0707626 -0.179701 -0.000245622
2.185 0.0701562 -0.179701 -0.000243516
2.19 0.0695448 -0.179701 -0.000241394
2.195 0.0689286 -0.179701 -0.000239254
2.2 0.0683079 -0.179701 -0.000237099
2.205 0.0676833 -0.179701 -0.00023493
2.21 0.0670544 -0.179701 -0.000232746
2.215 0.0664207 -0.179701 -0.000230546
2.22 0.065782 -0.179701 -0.000228328
2.225 0.0651394 -0.179701 -0.000226097
2.23 0.0644935 -0.179701 -0.000223854
2.235 0.0638437 -0.179701 -0.000221598
2.24 0.0631893 -0.179701 -0.000219326
2.245 0.0625303 -0.179701 -0.000217037
2.25 0.0618668 -0.179701 -0.000214734
2.255 0.0611987 -0.179701 -0.000212414
2.26 0.0605258 -0.179701 -0.000210077
2.265 0.0598481 -0.179701 -0.000207724
2.27 0.0591662 -0.179701 -0.000205357
2.275 0.0584807 -0.179701 -0.000202977
2.28 0.0577913 -0.179701 -0.000200583
2.285 0.0570973 -0.179701 -0.000198173
2.29 0.0563983 -0.179701 -0.000195746
2.295 0.0556944 -0.179701 -0.000193302
2.3 0.0549863 -0.179701 -0.000190843
2.305 0.0542747 -0.179701 -0.000188372
2.31 0.05356 -0.179701 -0.000185891
2.315 0.0528422 -0.179701 -0.000183398
2.32 0.0521211 -0.179701 -0.000180894
2.325 0.0513967 -0.179701 -0.000178379
2.33 0.050669 -0.179701 -0.000175853
2.335 0.0499374 -0.179701 -0.000173312
2.34 0.0492015 -0.179701 -0.000170757
2.345 0.0484621 -0.179701 -0.00016819
2.35 0.0477199 -0.179701 -0.000165613
2.355 0.0469747 -0.179701 -0.000163025
2.36 0.046226 -0.179701 -0.000160426
2.365 0.0454736 -0.179701 -0.000157813
2.37 0.0447174 -0.179701 -0.000155187
2.375 0.0439571 -0.179701 -0.000152547
2.38 0.0431928 -0.179701 -0.000149893
2.385 0.042425 -0.179701 -0.000147227
2.39 0.0416544 -0.179701 -0.000144552
2.395 0.0408811 -0.179701 -0.000141867
2.4 0.0401045 -0.179701 -0.00013917
2.405 0.0393241 -0.179701 -0.000136461
2.41 0.0385396 -0.179701 -0.000133737
2.415 0.0377513 -0.179701 -0.000130999
2.42 0.0369603 -0.179701 -0.000128253
2.425 0.0361673 -0.179701 -0.000125499
2.43 0.0353723 -0.179701 -0.000122739
2.435 0.0345745 -0.179701 -0.000119969
2.44 0.0337736 -0.179701 -0.000117188
2.445 0.0329691 -0.179702 -0.000114395
2.45 0.0321612 -0.179702 -0.000111589
2.455 0.0313505 -0.179702 -0.000108775
2.46 0.0305378 -0.179702 -0.000105953
2.465 0.029723 -0.179702 -0.000103123
2.47 0.0289055 -0.179702 -0.000100285
2.475 0.0280852 -0.179702 -9.74368e-05
2.48 0.027262 -0.179702 -9.45786e-05
2.485 0.0264361 -0.179702 -9.17107e-05
2.49 0.0256074 -0.179702 -8.88335e-05
2.495 0.0247764 -0.179702 -8.59479e-05
2.5 0.0239431 -0.179702 -8.30545e-05
2.505 0.0231074 -0.179702 -8.01531e-05
2.51 0.0222693 -0.179703 -7.7243e-05
2.515 0.0214287 -0.179703 -7.43242e-05
2.52 0.0205859 -0.179703 -7.1398e-05
2.525 0.0197416 -0.179703 -6.84665e-05
2.53 0.0188963 -0.179703 -6.55316e-05
2.535 0.0180501 -0.179703 -6.25938e-05
2.54 0.0172028 -0.179704 -5.9652e-05
2.545 0.0163536 -0.179704 -5.67034e-05
2.55 0.0155016 -0.179705 -5.37454e-05
2.555 0.0146468 -0.179705 -5.07777e-05
2.56 0.0137897 -0.179706 -4.78022e-05
2.565 0.0129315 -0.179706 -4.4823e-05
2.57 0.0120728 -0.179707 -4.18421e-05
2.575 0.0112132 -0.179708 -3.88577e-05
2.58 0.0103516 -0.179709 -3.58667e-05
2.585 0.00948804 -0.17971 -3.28687e-05
2.59 0.0086232 -0.179711 -2.98664e-05
2.595 0.00775751 -0.179712 -2.68612e-05
2.6 0.00689075 -0.179713 -2.38523e-05
2.605 0.0060227 -0.179715 -2.0839e-05
2.61 0.00515352 -0.179717 -1.78216e-05
2.615 0.00428333 -0.179719 -1.48008e-05
2.62 0.00341214 -0.179722 -1.17765e-05
2.625 0.00254006 -0.179725 -8.74911e-06
2.63 0.0016676 -0.179727 -5.72042e-06
2.635 0.000795125 -0.17973 -2.69166e-06
2.64 -7.75808e-05 -0.179733 3.37898e-07
2.645 -0.000950998 -0.179735 3.36995e-06
2.65 -0.00182548 -0.179738 6.40573e-06
2.655 -0.00270099 -0.17974 9.44508e-06
2.66 -0.00357687 -0.179743 1.24858e-05
2.665 -0.0044524 -0.179746 1.55253e-05
2.67 -0.00532739 -0.179748 1.85629e-05
2.675 -0.00620226 -0.179751 2.16002e-05
2.68 -0.00707746 -0.179753 2.46386e-05
2.685 -0.00795288 -0.179756 2.76778e-05
2.69 -0.00882841 -0.179759 3.07175e-05
2.695 -0.00970465 -0.179761 3.37596e-05
2.7 -0.0105821 -0.179764 3.68058e-05
2.705 -0.0114602 -0.179767 3.98546e-05
2.71 -0.0123383 -0.179769 4.29029e-05
2.715 -0.0132153 -0.179772 4.59478e-05
2.72 -0.0140912 -0.179775 4.89888e-05
2.725 -0.0149674 -0.179777 5.20309e-05
2.73 -0.0158455 -0.17978 5.50795e-05
2.735 -0.0167254 -0.179783 5.81342e-05
2.74 -0.0176057 -0.179785 6.11903e-05
2.745 -0.0184857 -0.179788 6.42457e-05
2.75 -0.0193659 -0.179791 6.73016e-05
2.755 -0.0202472 -0.179793 7.03611e-05
2.76 -0.0211299 -0.179796 7.34256e-05
2.765 -0.0220136 -0.179799 7.64935e-05
2.77 -0.0228971 -0.179801 7.95611e-05
2.775 -0.0237798 -0.179804 8.26256e-05
2.78 -0.0246613 -0.179807 8.56857e-05
2.785 -0.0255411 -0.179809 8.87402e-05
2.79 -0.0264192 -0.179812 9.17887e-05
2.795 -0.0272963 -0.179815 9.48338e-05
2.8 -0.0281727 -0.179817 9.78765e-05
2.805 -0.029048 -0.17982 0.000100915
2.81 -0.0299221 -0.179823 0.00010395
2.815 -0.0307956 -0.179825 0.000106982
2.82 -0.031669 -0.179828 0.000110014
2.825 -0.0325423 -0.179831 0.000113046
2.83 -0.033415 -0.179833 0.000116076
2.835 -0.0342864 -0.179836 0.000119101
2.84 -0.0351564 -0.179839 0.000122121
2.845 -0.0360259 -0.179841 0.00012514
2.85 -0.0368953 -0.179844 0.000128158
2.855 -0.0377637 -0.179846 0.000131173
2.86 -0.03863 -0.179849 0.00013418
2.865 -0.0394945 -0.179852 0.000137181
2.87 -0.0403578 -0.179854 0.000140178
2.875 -0.0412195 -0.179857 0.000143169
2.88 -0.0420794 -0.17986 0.000146155
2.885 -0.0429377 -0.179862 0.000149134
2.89 -0.0437945 -0.179865 0.000152109
2.895 -0.0446496 -0.179867 0.000155077
2.9 -0.0455028 -0.17987 0.000158039
2.905 -0.046354 -0.179873 0.000160993
2.91 -0.0472036 -0.179875 0.000163943
2.915 -0.048052 -0.179878 0.000166888
2.92 -0.048899 -0.17988 0.000169828
2.925 -0.0497443 -0.179883 0.000172763
2.93 -0.0505879 -0.179886 0.000175691
2.935 -0.0514296 -0.179888 0.000178613
2.94 -0.0522691 -0.179891 0.000181527
2.945 -0.0531058 -0.179893 0.000184431
2.95 -0.0539401 -0.179896 0.000187328
2.955 -0.054773 -0.179898 0.000190219
2.96 -0.0556045 -0.179901 0.000193105
2.965 -0.0564336 -0.179903 0.000195983
2.97 -0.05726 -0.179906 0.000198852
2.975 -0.058084 -0.179909 0.000201712
2.98 -0.0589056 -0.179911 0.000204564
2.985 -0.0597247 -0.179914 0.000207408
2.99 -0.0605408 -0.179916 0.00021024
2.995 -0.0613532 -0.179919 0.00021306
3 -0.0621615 -0.179921 0.000215866
3.005 -0.0629659 -0.179923 0.000218658
3.01 -0.0637676 -0.179926 0.000221441
3.015 -0.0645672 -0.179928 0.000224217
3.02 -0.0653638 -0.179931 0.000226982
3.025 -0.0661568 -0.179933 0.000229734
3.03 -0.0669453 -0.179936 0.000232471
3.035 -0.0677297 -0.179938 0.000235194
3.04 -0.0685105 -0.17994 0.000237904
3.045 -0.0692885 -0.179943 0.000240605
3.05 -0.0700641 -0.179945 0.000243297
3.055 -0.0708373 -0.179948 0.000245981
3.06 -0.0716075 -0.17995 0.000248654
3.065 -0.0723746 -0.179952 0.000251317
3.07 -0.0731389 -0.179955 0.00025397
3.075 -0.0739004 -0.179957 0.000256613
3.08 -0.0746585 -0.179959 0.000259244
3.085 -0.0754126 -0.179962 0.000261862
3.09 -0.0761628 -0.179964 0.000264466
3.095 -0.0769094 -0.179966 0.000267057
3.1 -0.077652 -0.179969 0.000269634
3.105 -0.0783904 -0.179971 0.000272197
3.11 -0.0791251 -0.179973 0.000274748
3.115 -0.0798565 -0.179975 0.000277286
3.12 -0.0805844 -0.179978 0.000279813
3.125 -0.081309 -0.17998 0.000282328
3.13 -0.0820304 -0.179982 0.000284832
3.135 -0.0827487 -0.179984 0.000287324
3.14 -0.0834634 -0.179986 0.000289805
3.145 -0.0841745 -0.179989 0.000292273
3.15 -0.084882 -0.179991 0.000294729
3.155 -0.0855854 -0.179993 0.00029717
3.16 -0.0862843 -0.179995 0.000299596
3.165 -0.0869785 -0.179997 0.000302005
3.17 -0.0876686 -0.179999 0.000304401
3.175 -0.0883555 -0.180002 0.000306785
3.18 -0.0890396 -0.180004 0.000309159
3.185 -0.0897206 -0.180006 0.000311523
3.19 -0.0903976 -0.180008 0.000313872
3.195 -0.0910705 -0.18001 0.000316208
3.2 -0.0917392 -0.180012 0.000318529
3.205 -0.0924038 -0.180014 0.000320835
3.21 -0.0930655 -0.180016 0.000323132
3.215 -0.0937251 -0.180018 0.000325421
3.22 -0.0943815 -0.18002 0.000327699
3.225 -0.0950325 -0.180022 0.000329959
3.23 -0.0956771 -0.180024 0.000332196
3.235 -0.0963166 -0.180026 0.000334416
3.24 -0.0969525 -0.180028 0.000336622
3.245 -0.0975846 -0.18003 0.000338816
3.25 -0.0982123 -0.180032 0.000340995
3.255 -0.0988359 -0.180034 0.000343159
3.26 -0.0994565 -0.180036 0.000345313
3.265 -0.100073 -0.180038 0.000347453
3.27 -0.100685 -0.18004 0.000349575
3.275 -0.101291 -0.180042 0.000351679
3.28 -0.101893 -0.180043 0.000353768
3.285 -0.10249 -0.180045 0.000355841
3.29 -0.103082 -0.180047 0.000357897
3.295 -0.103671 -0.180049 0.000359938
3.3 -0.104255 -0.180051 0.000361967
3.305 -0.104836 -0.180053 0.000363984
3.31 -0.105413 -0.180054 0.000365985
3.315 -0.105985 -0.180056 0.000367971
3.32 -0.106553 -0.180058 0.000369941
3.325 -0.107116 -0.18006 0.000371894
3.33 -0.107673 -0.180061 0.000373829
3.335 -0.108226 -0.180063 0.000375747
3.34 -0.108774 -0.180065 0.000377649
3.345 -0.109317 -0.180066 0.000379534
3.35 -0.109855 -0.180068 0.000381402
3.355 -0.110388 -0.18007 0.000383252
3.36 -0.110916 -0.180071 0.000385084
3.365 -0.111438 -0.180073 0.000386896
3.37 -0.111955 -0.180075 0.000388688
3.375 -0.112466 -0.180076 0.000390463
3.38 -0.112973 -0.180078 0.000392221
3.385 -0.113475 -0.180079 0.000393963
3.39 -0.113972 -0.180081 0.000395689
3.395 -0.114464 -0.180082 0.000397397
3.4 -0.114952 -0.180084 0.000399088
3.405 -0.115433 -0.180085 0.000400759
3.41 -0.115908 -0.180087 0.000402407
3.415 -0.116376 -0.180088 0.000404032
3.42 -0.116838 -0.18009 0.000405637
3.425 -0.117296 -0.180091 0.000407225
3.43 -0.117749 -0.180093 0.000408797
3.435 -0.118197 -0.180094 0.000410351
3.44 -0.118639 -0.180095 0.000411885
3.445 -0.119076 -0.180097 0.000413401
3.45 -0.119507 -0.180098 0.000414899
3.455 -0.119934 -0.180099 0.00041638
3.46 -0.120356 -0.180101 0.000417843
3.465 -0.120772 -0.180102 0.000419286
3.47 -0.121181 -0.180103 0.000420706
3.475 -0.121584 -0.180105 0.000422104
3.48 -0.121982 -0.180106 0.000423486
3.485 -0.122375 -0.180107 0.000424852
3.49 -0.122764 -0.180108 0.000426201
3.495 -0.123147 -0.180109 0.00042753
3.5 -0.123525 -0.180111 0.000428841
3.505 -0.123898 -0.180112 0.000430134
3.51 -0.124265 -0.180113 0.00043141
3.515 -0.124628 -0.180114 0.000432669
3.52 -0.124986 -0.180115 0.000433909
3.525 -0.125338 -0.180116 0.000435133
3.53 -0.125685 -0.180117 0.000436337
3.535 -0.126026 -0.180118 0.000437521
3.54 -0.126362 -0.180119 0.000438685
3.545 -0.126692 -0.180121 0.000439831
3.55 -0.127018 -0.180122 0.000440961
3.555 -0.127338 -0.180123 0.000442073
3.56 -0.127652 -0.180124 0.000443164
3.565 -0.127961 -0.180124 0.000444235
3.57 -0.128264 -0.180125 0.000445286
3.575 -0.128561 -0.180126 0.000446318
3.58 -0.128852 -0.180127 0.000447326
3.585 -0.129135 -0.180128 0.000448308
3.59 -0.129411 -0.180129 0.000449265
3.595 -0.129679 -0.18013 0.000450197
3.6 -0.129941 -0.180131 0.000451107
3.605 -0.130197 -0.180131 0.000451995
3.61 -0.130448 -0.180132 0.000452864
3.615 -0.130693 -0.180133 0.000453714
3.62 -0.130932 -0.180134 0.000454544
3.625 -0.131165 -0.180134 0.000455353
3.63 -0.131391 -0.180135 0.000456138
3.635 -0.131611 -0.180136 0.0004569
3.64 -0.131824 -0.180137 0.000457639
3.645 -0.132032 -0.180137 0.00045836
3.65 -0.132234 -0.180138 0.000459064
3.655 -0.132432 -0.180138 0.000459748
3.66 -0.132623 -0.180139 0.000460411
3.665 -0.132807 -0.18014 0.000461051
3.67 -0.132984 -0.18014 0.000461666
3.675 -0.133155 -0.180141 0.000462258
3.68 -0.133319 -0.180141 0.000462828
3.685 -0.133477 -0.180142 0.000463376
3.69 -0.133629 -0.180142 0.000463905
3.695 -0.133776 -0.180143 0.000464414
3.7 -0.133917 -0.180143 0.000464903
3.705 -0.134052 -0.180144 0.000465371
3.71 -0.134181 -0.180144 0.000465818
3.715 -0.134303 -0.180144 0.000466243
3.72 -0.13442 -0.180145 0.000466649
3.725 -0.134531 -0.180145 0.000467035
3.73 -0.134637 -0.180145 0.0004674
3.735 -0.134735 -0.180146 0.000467741
3.74 -0.134827 -0.180146 0.00046806
3.745 -0.134912 -0.180146 0.000468357
3.75 -0.134992 -0.180146 0.000468634
3.755 -0.135067 -0.180147 0.000468892
3.76 -0.135135 -0.180147 0.00046913
3.765 -0.135198 -0.180147 0.000469349
3.77 -0.135255 -0.180147 0.000469547
3.775 -0.135306 -0.180147 0.000469724
3.78 -0.135351 -0.180148 0.00046988
3.785 -0.13539 -0.180148 0.000470014
3.79 -0.135423 -0.180148 0.000470127
3.795 -0.135449 -0.180148 0.000470219
3.8 -0.135469 -0.180148 0.000470289
3.805 -0.135484 -0.180148 0.00047034
3.81 -0.135493 -0.180148 0.000470371
3.815 -0.135495 -0.180148 0.000470379
3.82 -0.13549 -0.180148 0.000470361
3.825 -0.135477 -0.180148 0.000470316
3.83 -0.135457 -0.180148 0.000470247
3.835 -0.135431 -0.180148 0.000470156
3.84 -0.135398 -0.180148 0.000470044
3.845 -0.135359 -0.180148 0.000469907
3.85 -0.135314 -0.180148 0.000469749
3.855 -0.135262 -0.180148 0.000469568
3.86 -0.135203 -0.180148 0.000469366
3.865 -0.135139 -0.180148 0.000469142
3.87 -0.135067 -0.180148 0.000468894
3.875 -0.134989 -0.180148 0.000468623
3.88 -0.134904 -0.180148 0.000468328
3.885 -0.134813 -0.180148 0.000468011
3.89 -0.134716 -0.180148 0.000467674
3.895 -0.134613 -0.180148 0.000467315
3.9 -0.134503 -0.180148 0.000466935
3.905 -0.134389 -0.180148 0.000466539
3.91 -0.13427 -0.180148 0.000466127
3.915 -0.134146 -0.180148 0.000465696
3.92 -0.134017 -0.180148 0.000465246
3.925 -0.133882 -0.180148 0.000464776
3.93 -0.133741 -0.180148 0.000464288
3.935 -0.133595 -0.180148 0.000463781
3.94 -0.133444 -0.180148 0.000463256
3.945 -0.133288 -0.180148 0.000462715
3.95 -0.133127 -0.180148 0.000462155
3.955 -0.132959 -0.180148 0.000461573
3.96 -0.132785 -0.180148 0.000460969
3.965 -0.132605 -0.180148 0.000460345
3.97 -0.13242 -0.180148 0.0004597
3.975 -0.132228 -0.180148 0.000459034
3.98 -0.132029 -0.180148 0.000458344
3.985 -0.131824 -0.180148 0.000457631
3.99 -0.131612 -0.180148 0.000456896
3.995 -0.131394 -0.180148 0.000456138
4 -0.131168 -0.180148 0.000455355
4.005 -0.130935 -0.180148 0.000454547
4.01 -0.130697 -0.180148 0.000453718
4.015 -0.130453 -0.180148 0.00045287
4.02 -0.130203 -0.180148 0.000452004
4.025 -0.129947 -0.180148 0.000451116
4.03 -0.129685 -0.180148 0.000450206
4.035 -0.129417 -0.180148 0.000449274
4.04 -0.129143 -0.180148 0.000448322
4.045 -0.128862 -0.180148 0.000447347
4.05 -0.128574 -0.180148 0.000446349
4.055 -0.128281 -0.180148 0.000445331
4.06 -0.127983 -0.180148 0.000444294
4.065 -0.127678 -0.180148 0.000443237
4.07 -0.127369 -0.180148 0.000442163
4.075 -0.127054 -0.180148 0.000441071
4.08 -0.126734 -0.180148 0.000439959
4.085 -0.126408 -0.180148 0.000438825
4.09 -0.126074 -0.180148 0.000437668
4.095 -0.125735 -0.180148 0.00043649
4.1 -0.12539 -0.180148 0.000435291
4.105 -0.125039 -0.180148 0.000434072
4.11 -0.124682 -0.180148 0.000432833
4.115 -0.12432 -0.180148 0.000431578
4.12 -0.123954 -0.180148 0.000430305
4.125 -0.123582 -0.180148 0.000429013
4.13 -0.123204 -0.180148 0.000427701
4.135 -0.122821 -0.180148 0.000426372
4.14 -0.122434 -0.180148 0.000425027
4.145 -0.122042 -0.180148 0.000423666
4.15 -0.121646 -0.180148 0.00042229
4.155 -0.121245 -0.180148 0.000420899
4.16 -0.12084 -0.180148 0.000419492
4.165 -0.12043 -0.180148 0.000418069
4.17 -0.120016 -0.180148 0.000416632
4.175 -0.119598 -0.180148 0.000415181
4.18 -0.119177 -0.180148 0.000413719
4.185 -0.118753 -0.180148 0.000412245
4.19 -0.118325 -0.180148 0.000410761
4.195 -0.117894 -0.180148 0.000409263
4.2 -0.117458 -0.180148 0.00040775
4.205 -0.117016 -0.180148 0.000406216
4.21 -0.116569 -0.180148 0.000404663
4.215 -0.116117 -0.180148 0.000403094
4.22 -0.115661 -0.180148 0.000401511
4.225 -0.115201 -0.180148 0.000399914
4.23 -0.114738 -0.180148 0.000398305
4.235 -0.114271 -0.180148 0.000396686
4.24 -0.113803 -0.180148 0.000395058
4.245 -0.113331 -0.180148 0.000393419
4.25 -0.112855 -0.180148 0.000391767
4.255 -0.112374 -0.180148 0.000390097
4.26 -0.111889 -0.180148 0.000388413
4.265 -0.1114 -0.180148 0.000386714
4.27 -0.110906 -0.180148 0.000385001
4.275 -0.110408 -0.180148 0.000383271
4.28 -0.109905 -0.180148 0.000381523
4.285 -0.109397 -0.180148 0.000379759
4.29 -0.108885 -0.180148 0.000377982
4.295 -0.108369 -0.180148 0.000376192
4.3 -0.107849 -0.180148 0.000374387
4.305 -0.107325 -0.180148 0.000372565
4.31 -0.106796 -0.180148 0.000370729
4.315 -0.106263 -0.180148 0.000368877
4.32 -0.105725 -0.180148 0.000367011
4.325 -0.105184 -0.180148 0.000365131
4.33 -0.104639 -0.180148 0.000363238
4.335 -0.104089 -0.180148 0.00036133
4.34 -0.103535 -0.180148 0.000359406
4.345 -0.102977 -0.180148 0.000357469
4.35 -0.102416 -0.180148 0.00035552
4.355 -0.10185 -0.180148 0.000353557
4.36 -0.101281 -0.180148 0.000351579
4.365 -0.100708 -0.180148 0.000349589
4.37 -0.100132 -0.180148 0.000347589
4.375 -0.0995526 -0.180148 0.000345579
4.38 -0.0989704 -0.180148 0.000343557
4.385 -0.0983843 -0.180148 0.000341522
4.39 -0.0977937 -0.180148 0.000339471
4.395 -0.0971985 -0.180148 0.000337405
4.4 -0.0965989 -0.180148 0.000335323
4.405 -0.0959953 -0.180148 0.000333227
4.41 -0.0953879 -0.180148 0.000331118
4.415 -0.0947769 -0.180148 0.000328996
4.42 -0.0941624 -0.180148 0.000326863
4.425 -0.0935447 -0.180148 0.000324718
4.43 -0.0929243 -0.180148 0.000322564
4.435 -0.0923013 -0.180148 0.0003204
4.44 -0.091675 -0.180148 0.000318226
4.445 -0.0910447 -0.180148 0.000316037
4.45 -0.0904105 -0.180148 0.000313835
4.455 -0.089774 -0.180148 0.000311625
4.46 -0.0891363 -0.180148 0.000309411
4.465 -0.0884972 -0.180148 0.000307192
4.47 -0.0878556 -0.180148 0.000304964
4.475 -0.0872116 -0.180148 0.000302728
4.48 -0.0865653 -0.180148 0.000300484
4.485 -0.085917 -0.180148 0.000298233
4.49 -0.0852669 -0.180148 0.000295975
4.495 -0.0846146 -0.180148 0.000293711
4.5 -0.0839597 -0.180148 0.000291437
4.505 -0.0833012 -0.180148 0.00028915
4.51 -0.0826389 -0.180148 0.00028685
4.515 -0.0819732 -0.180148 0.000284539
4.52 -0.0813048 -0.180148 0.000282218
4.525 -0.0806343 -0.180148 0.00027989
4.53 -0.0799617 -0.180148 0.000277555
4.535 -0.0792868 -0.180148 0.000275211
4.54 -0.0786103 -0.180148 0.000272862
4.545 -0.0779335 -0.180148 0.000270512
4.55 -0.0772561 -0.180148 0.00026816
4.555 -0.0765766 -0.180148 0.000265801
4.56 -0.0758937 -0.180148 0.00026343
4.565 -0.0752081 -0.180148 0.000261049
4.57 -0.0745212 -0.180148 0.000258664
4.575 -0.0738331 -0.180148 0.000256275
4.58 -0.0731429 -0.180148 0.000253878
4.585 -0.0724494 -0.180148 0.00025147
4.59 -0.0717526 -0.180148 0.000249051
4.595 -0.0710534 -0.180148 0.000246623
4.6 -0.0703521 -0.180148 0.000244188
4.605 -0.0696496 -0.180148 0.000241749
4.61 -0.0689475 -0.180148 0.000239311
4.615 -0.0682459 -0.180148 0.000236875
4.62 -0.0675441 -0.180148 0.000234438
4.625 -0.0668405 -0.180148 0.000231995
4.63 -0.0661343 -0.180148 0.000229543
4.635 -0.0654257 -0.180148 0.000227082
4.64 -0.0647156 -0.180148 0.000224617
4.645 -0.064004 -0.180148 0.000222146
4.65 -0.0632893 -0.180148 0.000219664
4.655 -0.0625708 -0.180148 0.000217169
4.66 -0.0618494 -0.180148 0.000214665
4.665 -0.0611266 -0.180148 0.000212155
4.67 -0.0604022 -0.180148 0.00020964
4.675 -0.0596751 -0.180148 0.000207115
4.68 -0.0589455 -0.180148 0.000204582
4.685 -0.0582147 -0.180148 0.000202044
4.69 -0.0574838 -0.180148 0.000199506
4.695 -0.0567528 -0.180148 0.000196968
4.7 -0.0560212 -0.180148 0.000194428
4.705 -0.0552887 -0.180148 0.000191884
4.71 -0.0545545 -0.180148 0.000189335
4.715 -0.0538188 -0.180148 0.000186781
4.72 -0.0530822 -0.180148 0.000184223
4.725 -0.0523467 -0.180148 0.000181669
4.73 -0.0516141 -0.180148 0.000179125
4.735 -0.0508843 -0.180148 0.000176592
4.74 -0.0501558 -0.180148 0.000174062
4.745 -0.0494276 -0.180148 0.000171533
4.75 -0.0487002 -0.180148 0.000169008
4.755 -0.0479737 -0.180148 0.000166485
4.76 -0.0472478 -0.180148 0.000163965
4.765 -0.0465229 -0.180148 0.000161448
4.77 -0.0457991 -0.180148 0.000158935
4.775 -0.0450751 -0.180148 0.000156421
4.78 -0.0443499 -0.180148 0.000153903
4.785 -0.0436242 -0.180148 0.000151383
4.79 -0.0428991 -0.180148 0.000148865
4.795 -0.0421745 -0.180148 0.000146349
4.8 -0.0414497 -0.180148 0.000143832
4.805 -0.0407252 -0.180148 0.000141317
4.81 -0.0400023 -0.180148 0.000138807
4.815 -0.0392805 -0.180148 0.000136301
4.82 -0.0385587 -0.180148 0.000133794
4.825 -0.0378369 -0.180148 0.000131288
4.83 -0.0371159 -0.180148 0.000128784
4.835 -0.0363959 -0.180148 0.000126285
4.84 -0.0356769 -0.180148 0.000123788
4.845 -0.0349586 -0.180148 0.000121294
4.85 -0.0342406 -0.180148 0.000118801
4.855 -0.0335231 -0.180148 0.00011631
4.86 -0.0328064 -0.180148 0.000113821
4.865 -0.0320908 -0.180148 0.000111336
4.87 -0.0313762 -0.180148 0.000108855
4.875 -0.0306628 -0.180148 0.000106378
4.88 -0.0299509 -0.180148 0.000103906
4.885 -0.0292397 -0.180148 0.000101437
4.89 -0.0285292 -0.180148 9.89697e-05
4.895 -0.0278201 -0.180148 9.65073e-05
4.9 -0.0271123 -0.180148 9.40498e-05
4.905 -0.0264047 -0.180148 9.1593e-05
4.91 -0.0256975 -0.180148 8.91375e-05
4.915 -0.0249928 -0.180148 8.66904e-05
4.92 -0.0242917 -0.180148 8.4256e-05
4.925 -0.0235937 -0.180148 8.18324e-05
4.93 -0.0228978 -0.180148 7.94161e-05
4.935 -0.0222035 -0.180148 7.70054e-05
4.94 -0.0215103 -0.180148 7.45985e-05
4.945 -0.0208176 -0.180148 7.21931e-05
4.95 -0.0201248 -0.180148 6.97878e-05
4.955 -0.0194321 -0.180148 6.73824e-05
4.96 -0.0187395 -0.180148 6.49777e-05
4.965 -0.018048 -0.180148 6.25764e-05
4.97 -0.0173584 -0.180148 6.01821e-05
4.975 -0.0166713 -0.180148 5.77965e-05
4.98 -0.0159868 -0.180148 5.54196e-05
4.985 -0.0153049 -0.180148 5.3052e-05
4.99 -0.0146261 -0.180148 5.06951e-05
4.995 -0.0139502 -0.180148 4.8348e-05
5 -0.0132756 -0.180148 4.60056e-05
5.005 -0.0126009 -0.180148 4.36629e-05
5.01 -0.0119261 -0.180148 4.13199e-05
5.015 -0.0112526 -0.180148 3.89813e-05
5.02 -0.0105819 -0.180148 3.66525e-05
5.025 -0.00991426 -0.180148 3.43344e-05
5.03 -0.00924849 -0.180148 3.20227e-05
5.035 -0.00858372 -0.180148 2.97145e-05
5.04 -0.0079201 -0.180148 2.74102e-05
5.045 -0.00725828 -0.180148 2.51123e-05
5.05 -0.00659869 -0.180148 2.2822e-05
5.055 -0.00594089 -0.180148 2.0538e-05
5.06 -0.00528415 -0.180148 1.82577e-05
5.065 -0.00462832 -0.180148 1.59804e-05
5.07 -0.00397407 -0.180148 1.37087e-05
5.075 -0.00332253 -0.180148 1.14464e-05
5.08 -0.00267418 -0.180148 9.19523e-06
5.085 -0.00202856 -0.180148 6.9535e-06
5.09 -0.00138558 -0.180148 4.72092e-06
5.095 -0.000746036 -0.180148 2.5003e-06
5.1 -0.000110234 -0.180148 2.92666e-07
5.105 0.000522611 -0.180148 -1.90471e-06
5.11 0.00115298 -0.180148 -4.09349e-06
5.115 0.00178063 -0.180148 -6.27283e-06
5.12 0.00240586 -0.180148 -8.44378e-06
5.125 0.00302926 -0.180148 -1.06083e-05
5.13 0.00364995 -0.180148 -1.27635e-05
5.135 0.00426611 -0.180148 -1.49029e-05
5.14 0.00487695 -0.180148 -1.70239e-05
5.145 0.00548347 -0.180148 -1.91299e-05
5.15 0.00608695 -0.180148 -2.12253e-05
5.155 0.0066876 -0.180148 -2.33109e-05
5.16 0.00728518 -0.180148 -2.53859e-05
5.165 0.00787955 -0.180148 -2.74496e-05
5.17 0.00847045 -0.180148 -2.95013e-05
5.175 0.00905791 -0.180148 -3.15411e-05
5.18 0.00964246 -0.180148 -3.35708e-05
5.185 0.0102241 -0.180148 -3.55904e-05
5.19 0.0108021 -0.180148 -3.75974e-05
5.195 0.0113762 -0.180148 -3.95908e-05
5.2 0.0119464 -0.180148 -4.15707e-05
5.205 0.0125128 -0.180148 -4.35372e-05
5.21 0.0130757 -0.180148 -4.54919e-05
5.215 0.0136353 -0.180148 -4.7435e-05
5.22 0.0141908 -0.180148 -4.93637e-05
5.225 0.0147418 -0.180148 -5.12769e-05
5.23 0.0152896 -0.180148 -5.31789e-05
5.235 0.0158354 -0.180148 -5.50742e-05
5.24 0.0163796 -0.180148 -5.69636e-05
5.245 0.0169223 -0.180148 -5.8848e-05
5.25 0.0174633 -0.180148 -6.07264e-05
5.255 0.0180006 -0.180148 -6.25923e-05
5.26 0.0185325 -0.180148 -6.44391e-05
5.265 0.0190587 -0.180148 -6.6266e-05
5.27 0.0195798 -0.180148 -6.80756e-05
5.275 0.0200964 -0.180148 -6.98692e-05
5.28 0.0206081 -0.180148 -7.16458e-05
5.285 0.0211143 -0.180148 -7.34035e-05
5.29 0.0216149 -0.180148 -7.51419e-05
5.295 0.0221111 -0.180148 -7.68648e-05
5.3 0.022604 -0.180148 -7.85762e-05
5.305 0.0230933 -0.180148 -8.02751e-05
5.31 0.0235778 -0.180148 -8.19575e-05
5.315 0.0240568 -0.180148 -8.36204e-05
5.32 0.02453 -0.180148 -8.52637e-05
5.325 0.0249981 -0.180148 -8.68891e-05
5.33 0.0254621 -0.180148 -8.85e-05
5.335 0.0259221 -0.180148 -9.00974e-05
5.34 0.0263776 -0.180148 -9.16789e-05
5.345 0.0268282 -0.180148 -9.32435e-05
5.35 0.0272741 -0.180148 -9.47918e-05
5.355 0.0277156 -0.180148 -9.63248e-05
5.36 0.0281529 -0.180148 -9.78433e-05
5.365 0.0285864 -0.180148 -9.93484e-05
5.37 0.029016 -0.180148 -0.00010084
5.375 0.0294414 -0.180148 -0.000102317
5.38 0.0298617 -0.180148 -0.000103777
5.385 0.0302762 -0.180148 -0.000105216
5.39 0.0306845 -0.180148 -0.000106633
5.395 0.0310875 -0.180148 -0.000108033
5.4 0.0314863 -0.180148 -0.000109417
5.405 0.0318814 -0.180148 -0.000110789
5.41 0.0322724 -0.180148 -0.000112147
5.415 0.0326584 -0.180148 -0.000113487
5.42 0.0330384 -0.180148 -0.000114807
5.425 0.0334115 -0.180149 -0.000116102
5.43 0.0337782 -0.180149 -0.000117375
5.435 0.0341395 -0.180149 -0.00011863
5.44 0.034496 -0.180149 -0.000119868
5.445 0.0348473 -0.180149 -0.000121088
5.45 0.035192 -0.180149 -0.000122285
5.455 0.0355293 -0.180149 -0.000123456
5.46 0.0358594 -0.180149 -0.000124602
5.465 0.0361833 -0.180149 -0.000125727
5.47 0.0365019 -0.180149 -0.000126833
5.475 0.0368147 -0.180149 -0.000127919
5.48 0.0371211 -0.180149 -0.000128983
5.485 0.0374217 -0.180149 -0.000130027
5.49 0.0377171 -0.180149 -0.000131052
5.495 0.0380081 -0.180149 -0.000132062
5.5 0.0382951 -0.180149 -0.000133059
5.505 0.0385783 -0.180149 -0.000134042
5.51 0.0388573 -0.180149 -0.000135011
5.515 0.0391317 -0.180149 -0.000135964
5.52 0.0394015 -0.180149 -0.000136901
5.525 0.0396663 -0.180149 -0.00013782
5.53 0.0399258 -0.180149 -0.000138721
5.535 0.0401799 -0.180149 -0.000139604
5.54 0.0404281 -0.180149 -0.000140465
5.545 0.0406694 -0.180149 -0.000141303
5.55 0.0409037 -0.180149 -0.000142117
5.555 0.0411321 -0.180149 -0.00014291
5.56 0.0413556 -0.180149 -0.000143686
5.565 0.0415738 -0.180149 -0.000144443
5.57 0.0417859 -0.180149 -0.00014518
5.575 0.0419925 -0.180149 -0.000145897
5.58 0.0421948 -0.180149 -0.0001466
5.585 0.0423936 -0.180149 -0.00014729
5.59 0.0425886 -0.180149 -0.000147967
5.595 0.0427791 -0.180149 -0.000148629
5.6 0.0429641 -0.180149 -0.000149271
5.605 0.0431432 -0.180149 -0.000149893
5.61 0.043317 -0.180149 -0.000150496
5.615 0.0434858 -0.180149 -0.000151082
5.62 0.0436488 -0.180149 -0.000151648
5.625 0.043806 -0.180149 -0.000152194
5.63 0.0439576 -0.180149 -0.000152721
5.635 0.0441042 -0.180149 -0.000153229
5.64 0.044246 -0.180149 -0.000153722
5.645 0.044383 -0.180149 -0.000154197
5.65 0.0445138 -0.180149 -0.000154652
5.655 0.0446368 -0.180149 -0.000155079
5.66 0.0447519 -0.180149 -0.000155478
5.665 0.0448604 -0.180149 -0.000155855
5.67 0.0449636 -0.180149 -0.000156213
5.675 0.0450618 -0.180149 -0.000156554
5.68 0.0451548 -0.180149 -0.000156877
5.685 0.0452425 -0.180149 -0.000157182
5.69 0.0453247 -0.180149 -0.000157467
5.695 0.0454018 -0.180149 -0.000157735
5.7 0.0454743 -0.180149 -0.000157987
5.705 0.045542 -0.180149 -0.000158222
5.71 0.0456047 -0.180149 -0.000158439
5.715 0.0456618 -0.180149 -0.000158638
5.72 0.0457122 -0.180149 -0.000158813
5.725 0.045754 -0.180149 -0.000158958
5.73 0.0457864 -0.180149 -0.00015907
5.735 0.0458107 -0.180149 -0.000159155
5.74 0.0458289 -0.180149 -0.000159218
5.745 0.0458418 -0.180149 -0.000159263
5.75 0.0458488 -0.180149 -0.000159287
5.755 0.0458501 -0.180149 -0.000159292
5.76 0.0458459 -0.180149 -0.000159277
5.765 0.0458365 -0.180149 -0.000159244
5.77 0.0458219 -0.180149 -0.000159194
5.775 0.0458019 -0.180149 -0.000159124
5.78 0.0457763 -0.180149 -0.000159035
5.785 0.0457443 -0.180149 -0.000158924
5.79 0.0457056 -0.180149 -0.00015879
5.795 0.0456611 -0.180149 -0.000158635
5.8 0.0456112 -0.180149 -0.000158462
5.805 0.0455557 -0.180149 -0.000158269
5.81 0.0454953 -0.180149 -0.00015806
5.815 0.0454315 -0.180149 -0.000157838
5.82 0.0453646 -0.180149 -0.000157606
5.825 0.0452933 -0.180149 -0.000157358
5.83 0.0452164 -0.180149 -0.000157091
5.835 0.0451339 -0.180149 -0.000156805
5.84 0.0450462 -0.180149 -0.0001565
5.845 0.0449537 -0.180149 -0.000156179
5.85 0.0448557 -0.180149 -0.000155839
5.855 0.0447516 -0.180149 -0.000155477
5.86 0.0446414 -0.180149 -0.000155095
5.865 0.0445259 -0.180149 -0.000154694
5.87 0.0444058 -0.180149 -0.000154277
5.875 0.0442807 -0.180149 -0.000153842
5.88 0.0441503 -0.180149 -0.000153389
5.885 0.0440147 -0.180149 -0.000152919
5.89 0.0438747 -0.180149 -0.000152432
5.895 0.0437308 -0.180149 -0.000151933
5.9 0.0435833 -0.180149 -0.000151421
5.905 0.0434316 -0.180149 -0.000150894
5.91 0.0432752 -0.180149 -0.000150351
5.915 0.0431155 -0.180149 -0.000149796
5.92 0.0429534 -0.180149 -0.000149233
5.925 0.0427883 -0.180149 -0.000148661
5.93 0.0426191 -0.180149 -0.000148073
5.935 0.0424446 -0.180149 -0.000147467
5.94 0.042265 -0.180149 -0.000146843
5.945 0.0420803 -0.180149 -0.000146202
5.95 0.0418907 -0.180149 -0.000145544
5.955 0.041696 -0.180149 -0.000144868
5.96 0.0414963 -0.180149 -0.000144174
5.965 0.0412921 -0.180149 -0.000143465
5.97 0.0410844 -0.180149 -0.000142744
5.975 0.0408736 -0.180149 -0.000142012
5.98 0.0406588 -0.180149 -0.000141266
5.985 0.0404392 -0.180149 -0.000140504
5.99 0.0402141 -0.180149 -0.000139722
5.995 0.0399838 -0.180149 -0.000138922
6 0.03975 -0.180149 -0.000138111
6.005 0.039514 -0.180149 -0.000137291
6.01 0.039275 -0.180149 -0.000136461
6.015 0.039032 -0.180149 -0.000135618
6.02 0.0387852 -0.180149 -0.000134761
6.025 0.0385348 -0.180149 -0.000133891
6.03 0.0382805 -0.180149 -0.000133008
6.035 0.0380221 -0.180149 -0.000132111
6.04 0.0377596 -0.180149 -0.0001312
6.045 0.0374932 -0.180149 -0.000130274
6.05 0.0372236 -0.180149 -0.000129339
6.055 0.0369525 -0.180149 -0.000128397
6.06 0.0366799 -0.180149 -0.000127451
6.065 0.0364046 -0.180149 -0.000126495
6.07 0.0361254 -0.180149 -0.000125525
6.075 0.0358418 -0.180149 -0.000124541
6.08 0.0355541 -0.180149 -0.000123542
6.085 0.035263 -0.180149 -0.000122531
6.09 0.0349694 -0.180149 -0.000121511
6.095 0.0346733 -0.180149 -0.000120483
6.1 0.0343748 -0.180149 -0.000119447
6.105 0.0340741 -0.180149 -0.000118403
6.11 0.033771 -0.180149 -0.00011735
6.115 0.0334656 -0.180149 -0.00011629
6.12 0.0331591 -0.180149 -0.000115226
6.125 0.0328525 -0.180149 -0.000114161
6.13 0.0325449 -0.180149 -0.000113093
6.135 0.0322341 -0.180149 -0.000112014
6.14 0.0319192 -0.180149 -0.00011092
6.145 0.0316006 -0.180149 -0.000109814
6.15 0.0312792 -0.180149 -0.000108698
6.155 0.0309552 -0.180149 -0.000107573
6.16 0.0306286 -0.180149 -0.000106439
6.165 0.0302994 -0.180149 -0.000105296
6.17 0.0299661 -0.180149 -0.000104139
6.175 0.0296281 -0.180149 -0.000102965
6.18 0.0292862 -0.180149 -0.000101778
6.185 0.0289413 -0.180149 -0.00010058
6.19 0.0285934 -0.180149 -9.93726e-05
6.195 0.0282424 -0.180149 -9.81536e-05
6.2 0.0278887 -0.180149 -9.69256e-05
6.205 0.027533 -0.180149 -9.56904e-05
6.21 0.0271749 -0.180149 -9.4447e-05
6.215 0.026814 -0.180149 -9.3194e-05
6.22 0.0264506 -0.180149 -9.19321e-05
6.225 0.0260848 -0.180149 -9.06621e-05
6.23 0.0257167 -0.180149 -8.93838e-05
6.235 0.0253458 -0.180149 -8.80961e-05
6.24 0.024972 -0.180149 -8.67982e-05
6.245 0.0245956 -0.180149 -8.54911e-05
6.25 0.0242168 -0.180149 -8.41761e-05
6.255 0.0238361 -0.180149 -8.28539e-05
6.26 0.0234536 -0.180149 -8.15261e-05
6.265 0.0230697 -0.180149 -8.0193e-05
6.27 0.0226837 -0.180149 -7.88529e-05
6.275 0.0222956 -0.180149 -7.75052e-05
6.28 0.0219062 -0.180149 -7.61531e-05
6.285 0.0215163 -0.180149 -7.47994e-05
6.29 0.0211257 -0.180149 -7.34431e-05
6.295 0.0207334 -0.180149 -7.20807e-05
6.3 0.0203385 -0.180149 -7.07097e-05
6.305 0.0199411 -0.180149 -6.93296e-05
6.31 0.0195413 -0.180149 -6.79414e-05
6.315 0.0191394 -0.180149 -6.65462e-05
6.32 0.0187356 -0.180149 -6.5144e-05
6.325 0.0183291 -0.180149 -6.37326e-05
6.33 0.0179192 -0.180149 -6.23093e-05
6.335 0.0175056 -0.180149 -6.08733e-05
6.34 0.017089 -0.180149 -5.94268e-05
6.345 0.0166708 -0.180149 -5.79746e-05
6.35 0.0162521 -0.180149 -5.65207e-05
6.355 0.0158325 -0.180149 -5.50637e-05
6.36 0.0154106 -0.180149 -5.3599e-05
6.365 0.0149871 -0.180149 -5.21283e-05
6.37 0.0145648 -0.180149 -5.06621e-05
6.375 0.0141462 -0.180149 -4.92085e-05
6.38 0.0137302 -0.180149 -4.77643e-05
6.385 0.0133142 -0.180149 -4.63196e-05
6.39 0.0128959 -0.180149 -4.48672e-05
6.395 0.0124751 -0.180149 -4.34063e-05
6.4 0.0120528 -0.180149 -4.19399e-05
6.405 0.0116295 -0.180149 -4.04701e-05
6.41 0.0112051 -0.180149 -3.89966e-05
6.415 0.0107796 -0.180149 -3.75191e-05
6.42 0.0103533 -0.180149 -3.60387e-05
6.425 0.00992633 -0.180149 -3.45563e-05
6.43 0.00949921 -0.180149 -3.30732e-05
6.435 0.00907198 -0.180149 -3.15898e-05
6.44 0.00864473 -0.180149 -3.01063e-05
6.445 0.00821831 -0.180149 -2.86256e-05
6.45 0.0077937 -0.180149 -2.71513e-05
6.455 0.0073706 -0.180149 -2.56822e-05
6.46 0.00694807 -0.180149 -2.42151e-05
6.465 0.00652581 -0.180149 -2.27489e-05
6.47 0.006104 -0.180149 -2.12843e-05
6.475 0.00568274 -0.180149 -1.98216e-05
6.48 0.00526165 -0.180149 -1.83595e-05
6.485 0.00484002 -0.180149 -1.68955e-05
6.49 0.00441743 -0.180149 -1.54281e-05
6.495 0.00399452 -0.180149 -1.39597e-05
6.5 0.0035728 -0.180149 -1.24954e-05
6.505 0.00315308 -0.180149 -1.1038e-05
6.51 0.00273454 -0.180149 -9.58477e-06
6.515 0.00231634 -0.180149 -8.13268e-06
6.52 0.00189898 -0.180149 -6.68354e-06
6.525 0.00148309 -0.180149 -5.23947e-06
6.53 0.00106789 -0.180149 -3.79779e-06
6.535 0.000651985 -0.180149 -2.35368e-06
6.54 0.000234712 -0.180149 -9.04817e-07
6.545 -0.000183649 -0.180149 5.47826e-07
6.55 -0.000602278 -0.180149 2.0014e-06
6.555 -0.0010206 -0.180149 3.4539e-06
6.56 -0.00143877 -0.180149 4.90588e-06
6.565 -0.00185713 -0.180149 6.35852e-06
6.57 -0.00227568 -0.180149 7.81183e-06
6.575 -0.00269437 -0.180149 9.2656e-06
6.58 -0.00311357 -0.180149 1.07212e-05
6.585 -0.00353392 -0.180149 1.21807e-05
6.59 -0.00395544 -0.180149 1.36443e-05
6.595 -0.00437717 -0.180149 1.51087e-05
6.6 -0.00479808 -0.180149 1.65701e-05
6.605 -0.00521812 -0.180149 1.80286e-05
6.61 -0.00563764 -0.180149 1.94853e-05
6.615 -0.00605562 -0.180149 2.09366e-05
6.62 -0.0064709 -0.180149 2.23786e-05
6.625 -0.00688424 -0.180149 2.38138e-05
6.63 -0.00729705 -0.180149 2.52471e-05
6.635 -0.00770955 -0.180149 2.66794e-05
6.64 -0.00812137 -0.180149 2.81094e-05
6.645 -0.00853285 -0.180149 2.95381e-05
6.65 -0.00894468 -0.180149 3.09681e-05
6.655 -0.00935676 -0.180149 3.23989e-05
6.66 -0.00976852 -0.180149 3.38286e-05
6.665 -0.0101791 -0.180149 3.52544e-05
6.67 -0.0105871 -0.180149 3.66709e-05
6.675 -0.0109907 -0.180149 3.80724e-05
6.68 -0.01139 -0.180149 3.94588e-05
6.685 -0.0117869 -0.180149 4.0837e-05
6.69 -0.0121833 -0.180149 4.22132e-05
6.695 -0.0125793 -0.180149 4.35881e-05
6.7 -0.0129744 -0.180149 4.496e-05
6.705 -0.0133686 -0.180149 4.63287e-05
6.71 -0.0137621 -0.180149 4.76953e-05
6.715 -0.0141549 -0.180149 4.90592e-05
6.72 -0.0145464 -0.180149 5.04185e-05
6.725 -0.0149365 -0.180149 5.17732e-05
6.73 -0.0153254 -0.180149 5.31235e-05
6.735 -0.0157126 -0.180149 5.44678e-05
6.74 -0.0160977 -0.180149 5.58048e-05
6.745 -0.0164817 -0.180149 5.71382e-05
6.75 -0.0168658 -0.180149 5.8472e-05
6.755 -0.0172495 -0.180149 5.98043e-05
6.76 -0.0176314 -0.180149 6.11302e-05
6.765 -0.0180108 -0.180149 6.24477e-05
6.77 -0.0183881 -0.180149 6.37579e-05
6.775 -0.0187641 -0.180149 6.50632e-05
6.78 -0.019139 -0.180149 6.63652e-05
6.785 -0.019513 -0.180149 6.76637e-05
6.79 -0.0198855 -0.180149 6.89571e-05
6.795 -0.0202553 -0.180149 7.02411e-05
6.8 -0.0206205 -0.180149 7.15092e-05
6.805 -0.0209807 -0.180149 7.27597e-05
6.81 -0.0213373 -0.180149 7.39981e-05
6.815 -0.0216917 -0.180149 7.52284e-05
6.82 -0.0220437 -0.180149 7.64508e-05
6.825 -0.0223936 -0.180149 7.76656e-05
6.83 -0.0227418 -0.180149 7.88748e-05
6.835 -0.0230885 -0.180149 8.00786e-05
6.84 -0.023433 -0.180149 8.12747e-05
6.845 -0.0237747 -0.180149 8.24611e-05
6.85 -0.0241137 -0.180149 8.36381e-05
6.855 -0.0244506 -0.180149 8.48082e-05
6.86 -0.0247861 -0.180149 8.59731e-05
6.865 -0.02512 -0.180149 8.71324e-05
6.87 -0.0254519 -0.180149 8.82848e-05
6.875 -0.0257813 -0.180149 8.94287e-05
6.88 -0.0261078 -0.180149 9.05623e-05
6.885 -0.0264317 -0.180149 9.16868e-05
6.89 -0.0267538 -0.180149 9.28052e-05
6.895 -0.0270742 -0.180149 9.39176e-05
6.9 -0.0273916 -0.180149 9.50199e-05
6.905 -0.0277058 -0.180149 9.61108e-05
6.91 -0.0280173 -0.180149 9.71926e-05
6.915 -0.0283264 -0.180149 9.82656e-05
6.92 -0.0286324 -0.180149 9.93281e-05
6.925 -0.0289355 -0.180149 0.000100381
6.93 -0.0292365 -0.180149 0.000101426
6.935 -0.0295352 -0.180149 0.000102463
6.94 -0.0298303 -0.180149 0.000103487
6.945 -0.030121 -0.180149 0.000104497
6.95 -0.0304082 -0.180149 0.000105494
6.955 -0.0306935 -0.180149 0.000106485
6.96 -0.0309776 -0.180149 0.000107471
6.965 -0.0312598 -0.180149 0.000108451
6.97 -0.0315393 -0.180149 0.000109422
6.975 -0.0318155 -0.180149 0.000110381
6.98 -0.0320877 -0.180149 0.000111326
6.985 -0.0323566 -0.180149 0.000112259
6.99 -0.0326234 -0.180149 0.000113186
6.995 -0.0328882 -0.180149 0.000114105
7 -0.0331489 -0.180149 0.00011501
7.005 -0.0334033 -0.180149 0.000115894
7.01 -0.0336516 -0.180149 0.000116756
7.015 -0.0338956 -0.180149 0.000117603
7.02 -0.034136 -0.180149 0.000118438
7.025 -0.0343724 -0.180149 0.000119259
7.03 -0.0346037 -0.180149 0.000120062
7.035 -0.0348292 -0.180149 0.000120845
7.04 -0.0350493 -0.180149 0.000121609
7.045 -0.035265 -0.180149 0.000122358
7.05 -0.035477 -0.180149 0.000123094
7.055 -0.0356858 -0.180149 0.000123819
7.06 -0.0358913 -0.180149 0.000124533
7.065 -0.0360928 -0.180149 0.000125232
7.07 -0.0362892 -0.180149 0.000125914
7.075 -0.0364799 -0.180149 0.000126576
7.08 -0.0366649 -0.180149 0.000127219
7.085 -0.0368452 -0.180149 0.000127845
7.09 -0.0370216 -0.180149 0.000128457
7.095 -0.0371944 -0.180149 0.000129057
7.1 -0.0373634 -0.180149 0.000129644
7.105 -0.0375282 -0.180149 0.000130216
7.11 -0.0376892 -0.180149 0.000130775
7.115 -0.0378466 -0.180149 0.000131322
7.12 -0.0380004 -0.180149 0.000131856
7.125 -0.0381501 -0.180149 0.000132376
7.13 -0.0382955 -0.180149 0.000132881
7.135 -0.0384365 -0.180149 0.00013337
7.14 -0.0385728 -0.180149 0.000133844
7.145 -0.0387047 -0.180149 0.000134301
7.15 -0.0388336 -0.180149 0.000134749
7.155 -0.0389611 -0.180149 0.000135192
7.16 -0.0390863 -0.180149 0.000135627
7.165 -0.0392073 -0.180149 0.000136047
7.17 -0.0393236 -0.180149 0.00013645
7.175 -0.0394364 -0.180149 0.000136842
7.18 -0.0395463 -0.180149 0.000137224
7.185 -0.0396526 -0.180149 0.000137593
7.19 -0.0397544 -0.180149 0.000137946
7.195 -0.0398513 -0.180149 0.000138283
7.2 -0.0399438 -0.180149 0.000138604
7.205 -0.0400322 -0.180149 0.000138911
7.21 -0.0401159 -0.180149 0.000139201
7.215 -0.0401949 -0.180149 0.000139476
7.22 -0.0402708 -0.180149 0.000139739
7.225 -0.0403442 -0.180149 0.000139994
7.23 -0.0404143 -0.180149 0.000140238
7.235 -0.0404804 -0.180149 0.000140467
7.24 -0.0405426 -0.180149 0.000140683
7.245 -0.0406014 -0.180149 0.000140887
7.25 -0.0406561 -0.180149 0.000141077
7.255 -0.0407061 -0.180149 0.000141251
7.26 -0.0407518 -0.180149 0.00014141
7.265 -0.0407943 -0.180149 0.000141557
7.27 -0.0408334 -0.180149 0.000141693
7.275 -0.040868 -0.180149 0.000141813
7.28 -0.0408975 -0.180149 0.000141915
7.285 -0.0409221 -0.180149 0.000142001
7.29 -0.040942 -0.180149 0.00014207
7.295 -0.0409581 -0.180149 0.000142126
7.3 -0.0409708 -0.180149 0.00014217
7.305 -0.0409798 -0.180149 0.000142201
7.31 -0.0409851 -0.180149 0.00014222
7.315 -0.0409863 -0.180149 0.000142224
7.32 -0.0409825 -0.180149 0.00014221
7.325 -0.0409731 -0.180149 0.000142178
7.33 -0.0409582 -0.180149 0.000142126
7.335 -0.0409387 -0.180149 0.000142058
7.34 -0.0409151 -0.180149 0.000141976
7.345 -0.0408871 -0.180149 0.000141879
7.35 -0.040854 -0.180149 0.000141764
7.355 -0.0408155 -0.180149 0.000141631
7.36 -0.0407722 -0.180149 0.00014148
7.365 -0.0407253 -0.180149 0.000141317
7.37 -0.040675 -0.180149 0.000141143
7.375 -0.0406213 -0.180149 0.000140956
7.38 -0.0405636 -0.180149 0.000140756
7.385 -0.0405017 -0.180149 0.000140541
7.39 -0.0404356 -0.180149 0.000140311
7.395 -0.0403654 -0.180149 0.000140068
7.4 -0.0402909 -0.180149 0.000139809
7.405 -0.0402107 -0.180149 0.000139531
7.41 -0.0401242 -0.180149 0.00013923
7.415 -0.0400324 -0.180149 0.000138912
7.42 -0.0399367 -0.180149 0.000138579
7.425 -0.0398367 -0.180149 0.000138232
7.43 -0.0397316 -0.180149 0.000137867
7.435 -0.0396204 -0.180149 0.000137481
7.44 -0.0395027 -0.180149 0.000137072
7.445 -0.0393795 -0.180149 0.000136644
7.45 -0.0392526 -0.180149 0.000136204
7.455 -0.0391236 -0.180149 0.000135756
7.46 -0.038992 -0.180149 0.000135299
7.465 -0.0388562 -0.180149 0.000134827
7.47 -0.0387147 -0.180149 0.000134336
7.475 -0.0385675 -0.180149 0.000133825
7.48 -0.0384158 -0.180149 0.000133298
7.485 -0.0382602 -0.180149 0.000132758
7.49 -0.0381004 -0.180149 0.000132203
7.495 -0.0379358 -0.180149 0.000131632
7.5 -0.0377666 -0.180149 0.000131044
7.505 -0.0375936 -0.180149 0.000130443
7.51 -0.0374173 -0.180149 0.000129831
7.515 -0.0372376 -0.180149 0.000129207
7.52 -0.037053 -0.180149 0.000128566
7.525 -0.036863 -0.180149 0.000127907
7.53 -0.0366685 -0.180149 0.000127231
7.535 -0.0364706 -0.180149 0.000126544
7.54 -0.036269 -0.180149 0.000125844
7.545 -0.0360629 -0.180149 0.000125129
7.55 -0.0358515 -0.180149 0.000124394
7.555 -0.035635 -0.180149 0.000123643
7.56 -0.0354143 -0.180149 0.000122877
7.565 -0.0351898 -0.180149 0.000122097
7.57 -0.0349611 -0.180149 0.000121303
7.575 -0.0347284 -0.180149 0.000120495
7.58 -0.0344913 -0.180149 0.000119672
7.585 -0.0342491 -0.180149 0.000118831
7.59 -0.034001 -0.180149 0.000117969
7.595 -0.0337474 -0.180149 0.000117089
7.6 -0.0334883 -0.180149 0.000116189
7.605 -0.0332243 -0.180149 0.000115272
7.61 -0.0329568 -0.180149 0.000114344
7.615 -0.0326873 -0.180149 0.000113408
7.62 -0.0324153 -0.180149 0.000112463
7.625 -0.0321392 -0.180149 0.000111505
7.63 -0.0318575 -0.180149 0.000110527
7.635 -0.0315706 -0.180149 0.00010953
7.64 -0.0312798 -0.180149 0.000108521
7.645 -0.0309861 -0.180149 0.000107501
7.65 -0.0306891 -0.180149 0.00010647
7.655 -0.0303881 -0.180149 0.000105424
7.66 -0.0300826 -0.180149 0.000104364
7.665 -0.0297728 -0.180149 0.000103288
7.67 -0.029459 -0.180149 0.000102198
7.675 -0.0291416 -0.180149 0.000101096
7.68 -0.0288216 -0.180149 9.99852e-05
7.685 -0.0284998 -0.180149 9.88678e-05
7.69 -0.0281761 -0.180149 9.77437e-05
7.695 -0.0278492 -0.180149 9.66087e-05
7.7 -0.0275185 -0.180149 9.54604e-05
7.705 -0.0271846 -0.180149 9.43012e-05
7.71 -0.0268488 -0.180149 9.31353e-05
7.715 -0.0265103 -0.180149 9.19598e-05
7.72 -0.0261674 -0.180149 9.07691e-05
7.725 -0.0258209 -0.180149 8.95659e-05
7.73 -0.0254731 -0.180149 8.83583e-05
7.735 -0.0251238 -0.180149 8.71455e-05
7.74 -0.024771 -0.180149 8.59206e-05
7.745 -0.0244148 -0.180149 8.46838e-05
7.75 -0.0240569 -0.180149 8.34412e-05
7.755 -0.0236978 -0.180149 8.21942e-05
7.76 -0.0233362 -0.180149 8.09388e-05
7.765 -0.0229716 -0.180149 7.96725e-05
7.77 -0.0226042 -0.180149 7.8397e-05
7.775 -0.0222349 -0.180149 7.71146e-05
7.78 -0.0218639 -0.180149 7.58263e-05
7.785 -0.0214911 -0.180149 7.4532e-05
7.79 -0.0211163 -0.180149 7.32308e-05
7.795 -0.0207392 -0.180149 7.19212e-05
7.8 -0.0203597 -0.180149 7.06037e-05
7.805 -0.0199782 -0.180149 6.92788e-05
7.81 -0.0195932 -0.180149 6.79421e-05
7.815 -0.0192031 -0.180149 6.65875e-05
7.82 -0.0188078 -0.180149 6.52151e-05
7.825 -0.0184094 -0.180149 6.38316e-05
7.83 -0.0180089 -0.180149 6.24411e-05
7.835 -0.0176055 -0.180149 6.10405e-05
7.84 -0.017198 -0.180149 5.96254e-05
7.845 -0.0167862 -0.180149 5.81956e-05
7.85 -0.0163707 -0.180149 5.67529e-05
7.855 -0.0159523 -0.180149 5.53e-05
7.86 -0.0155317 -0.180149 5.38396e-05
7.865 -0.015109 -0.180149 5.2372e-05
7.87 -0.0146836 -0.180149 5.0895e-05
7.875 -0.0142553 -0.180149 4.94078e-05
7.88 -0.0138247 -0.180149 4.79125e-05
7.885 -0.0133925 -0.180149 4.64118e-05
7.89 -0.0129589 -0.180149 4.49065e-05
7.895 -0.0125239 -0.180149 4.3396e-05
7.9 -0.0120875 -0.180149 4.18807e-05
7.905 -0.0116502 -0.180149 4.03623e-05
7.91 -0.0112123 -0.180149 3.88419e-05
7.915 -0.0107731 -0.180149 3.73168e-05
7.92 -0.0103312 -0.180149 3.57823e-05
7.925 -0.00988592 -0.180149 3.42363e-05
7.93 -0.0094384 -0.180149 3.26824e-05
7.935 -0.00898998 -0.180149 3.11254e-05
7.94 -0.0085409 -0.180149 2.95661e-05
7.945 -0.00809055 -0.180149 2.80023e-05
7.95 -0.00763837 -0.180149 2.64323e-05
7.955 -0.007184 -0.180149 2.48546e-05
7.96 -0.00672738 -0.180149 2.32691e-05
7.965 -0.00626907 -0.180149 2.16778e-05
7.97 -0.00580986 -0.180149 2.00833e-05
7.975 -0.00535034 -0.180149 1.84877e-05
7.98 -0.0048907 -0.180149 1.68917e-05
7.985 -0.00443067 -0.180149 1.52944e-05
7.99 -0.00396976 -0.180149 1.3694e-05
7.995 -0.00350739 -0.180149 1.20886e-05
8 -0.00304266 -0.180149 1.04749e-05
8.005 -0.00257504 -0.180149 8.85128e-06
8.01 -0.00210548 -0.180149 7.22086e-06
8.015 -0.00163513 -0.180149 5.5877e-06
8.02 -0.00116366 -0.180149 3.95064e-06
8.025 -0.000690045 -0.180149 2.30614e-06
8.03 -0.000214176 -0.180149 6.53821e-07
8.035 0.00026323 -0.180149 -1.00384e-06
8.04 0.00074165 -0.180149 -2.66502e-06
8.045 0.00122104 -0.180149 -4.32957e-06
8.05 0.00170134 -0.180149 -5.99729e-06
8.055 0.0021822 -0.180149 -7.66694e-06
8.06 0.00266325 -0.180149 -9.33723e-06
8.065 0.00314432 -0.180149 -1.10076e-05
8.07 0.00362536 -0.180149 -1.26779e-05
8.075 0.00410648 -0.180149 -1.43485e-05
8.08 0.00458804 -0.180149 -1.60205e-05
8.085 0.00507006 -0.180149 -1.76942e-05
8.09 0.00555192 -0.180149 -1.93673e-05
8.095 0.00603351 -0.180149 -2.10395e-05
8.1 0.0065159 -0.180149 -2.27145e-05
8.105 0.00700007 -0.180149 -2.43956e-05
8.11 0.00748573 -0.180149 -2.60819e-05
8.115 0.00797176 -0.180149 -2.77696e-05
8.12 0.00845678 -0.180149 -2.94537e-05
8.125 0.00893987 -0.180149 -3.1131e-05
8.13 0.00942126 -0.180149 -3.28026e-05
8.135 0.00990161 -0.180149 -3.44705e-05
8.14 0.0103813 -0.180149 -3.6136e-05
8.145 0.0108607 -0.180149 -3.78005e-05
8.15 0.0113401 -0.180149 -3.94653e-05
8.155 0.0118198 -0.180149 -4.11307e-05
8.16 0.0122991 -0.180149 -4.27949e-05
8.165 0.0127772 -0.180149 -4.44551e-05
8.17 0.0132538 -0.180149 -4.61098e-05
8.175 0.0137297 -0.180149 -4.77623e-05
8.18 0.0142066 -0.180149 -4.94184e-05
8.185 0.0146849 -0.180149 -5.10792e-05
8.19 0.0151632 -0.180149 -5.274e-05
8.195 0.0156405 -0.180149 -5.43972e-05
8.2 0.0161171 -0.180149 -5.60521e-05
8.205 0.0165937 -0.180149 -5.77069e-05
8.21 0.0170707 -0.180149 -5.93631e-05
8.215 0.0175486 -0.180149 -6.10225e-05
8.22 0.018027 -0.180149 -6.26837e-05
8.225 0.0185044 -0.180149 -6.43414e-05
8.23 0.0189798 -0.180149 -6.59918e-05
8.235 0.019453 -0.180149 -6.76351e-05
8.24 0.019925 -0.180149 -6.92738e-05
8.245 0.0203962 -0.180149 -7.091e-05
8.25 0.0208669 -0.180149 -7.25443e-05
8.255 0.0213367 -0.180149 -7.41757e-05
8.26 0.0218054 -0.180149 -7.58031e-05
8.265 0.0222731 -0.180149 -7.74269e-05
8.27 0.0227401 -0.180149 -7.90487e-05
8.275 0.0232067 -0.180149 -8.06688e-05
8.28 0.0236721 -0.180149 -8.22848e-05
8.285 0.0241356 -0.180149 -8.38939e-05
8.29 0.0245971 -0.180149 -8.54963e-05
8.295 0.0250582 -0.180149 -8.70974e-05
8.3 0.0255203 -0.180149 -8.8702e-05
8.305 0.0259826 -0.180149 -9.03071e-05
8.31 0.0264433 -0.180149 -9.19067e-05
8.315 0.0269017 -0.180149 -9.34985e-05
8.32 0.0273582 -0.180149 -9.50836e-05
8.325 0.0278132 -0.180149 -9.66634e-05
8.33 0.0282667 -0.180149 -9.82382e-05
8.335 0.0287181 -0.180149 -9.98056e-05
8.34 0.0291669 -0.180149 -0.000101364
8.345 0.0296129 -0.180149 -0.000102913
8.35 0.0300562 -0.180149 -0.000104452
8.355 0.0304968 -0.180149 -0.000105982
8.36 0.0309355 -0.180149 -0.000107505
8.365 0.0313731 -0.180149 -0.000109024
8.37 0.0318093 -0.180149 -0.000110539
8.375 0.0322435 -0.180149 -0.000112046
8.38 0.0326758 -0.180149 -0.000113548
8.385 0.0331066 -0.180149 -0.000115043
8.39 0.0335359 -0.180149 -0.000116534
8.395 0.0339637 -0.180149 -0.000118019
8.4 0.0343903 -0.180149 -0.000119501
8.405 0.0348168 -0.180149 -0.000120981
8.41 0.0352438 -0.180149 -0.000122464
8.415 0.0356706 -0.180149 -0.000123946
8.42 0.0360957 -0.180149 -0.000125422
8.425 0.0365184 -0.180149 -0.00012689
8.43 0.0369384 -0.180149 -0.000128348
8.435 0.0373554 -0.180149 -0.000129796
8.44 0.0377697 -0.180149 -0.000131235
8.445 0.0381818 -0.180149 -0.000132666
8.45 0.0385923 -0.180149 -0.000134091
8.455 0.0390011 -0.180149 -0.00013551
8.46 0.0394081 -0.180149 -0.000136924
8.465 0.0398134 -0.180149 -0.000138331
8.47 0.0402171 -0.180149 -0.000139733
8.475 0.0406193 -0.180149 -0.000141129
8.48 0.0410203 -0.180149 -0.000142521
8.485 0.0414201 -0.180149 -0.00014391
8.49 0.0418187 -0.180149 -0.000145294
8.495 0.0422164 -0.180149 -0.000146675
8.5 0.0426132 -0.180149 -0.000148052
8.505 0.0430083 -0.180149 -0.000149424
8.51 0.0434013 -0.180149 -0.000150789
8.515 0.0437919 -0.180149 -0.000152145
8.52 0.0441793 -0.180149 -0.00015349
8.525 0.0445635 -0.180149 -0.000154824
8.53 0.0449454 -0.180149 -0.00015615
8.535 0.0453265 -0.180149 -0.000157474
8.54 0.0457067 -0.180149 -0.000158794
8.545 0.0460847 -0.180149 -0.000160106
8.55 0.0464593 -0.180149 -0.000161407
8.555 0.0468298 -0.180149 -0.000162693
8.56 0.0471968 -0.180149 -0.000163968
8.565 0.0475615 -0.180149 -0.000165234
8.57 0.047925 -0.180149 -0.000166496
8.575 0.0482883 -0.180149 -0.000167757
8.58 0.0486513 -0.180149 -0.000169018
8.585 0.0490136 -0.180149 -0.000170276
8.59 0.0493744 -0.180149 -0.000171529
8.595 0.0497328 -0.180149 -0.000172773
8.6 0.0500887 -0.180149 -0.000174009
8.605 0.0504426 -0.180149 -0.000175238
8.61 0.0507948 -0.180149 -0.000176461
8.615 0.0511446 -0.180149 -0.000177675
8.62 0.0514914 -0.180149 -0.000178879
8.625 0.0518345 -0.180149 -0.000180071
8.63 0.0521735 -0.180149 -0.000181248
8.635 0.0525083 -0.180149 -0.00018241
8.64 0.0528395 -0.180149 -0.00018356
8.645 0.0531671 -0.180149 -0.000184698
8.65 0.0534908 -0.180149 -0.000185822
8.655 0.0538105 -0.180149 -0.000186932
8.66 0.0541261 -0.180149 -0.000188028
8.665 0.0544373 -0.180149 -0.000189108
8.67 0.0547442 -0.180149 -0.000190174
8.675 0.0550473 -0.180149 -0.000191226
8.68 0.0553465 -0.180149 -0.000192265
8.685 0.0556409 -0.180149 -0.000193287
8.69 0.0559302 -0.180149 -0.000194292
8.695 0.0562151 -0.180149 -0.000195281
8.7 0.0564965 -0.180149 -0.000196258
8.705 0.0567745 -0.180149 -0.000197223
8.71 0.0570493 -0.180149 -0.000198178
8.715 0.0573213 -0.180149 -0.000199122
8.72 0.0575903 -0.180149 -0.000200056
8.725 0.0578546 -0.180149 -0.000200974
8.73 0.0581129 -0.180149 -0.000201871
8.735 0.0583651 -0.180149 -0.000202746
8.74 0.0586126 -0.180149 -0.000203606
8.745 0.0588562 -0.180149 -0.000204451
8.75 0.0590958 -0.180149 -0.000205284
8.755 0.0593307 -0.180149 -0.000206099
8.76 0.0595603 -0.180149 -0.000206896
8.765 0.0597846 -0.180149 -0.000207675
8.77 0.0600041 -0.180149 -0.000208437
8.775 0.0602198 -0.180149 -0.000209186
8.78 0.0604324 -0.180149 -0.000209924
8.785 0.0606416 -0.180149 -0.000210651
8.79 0.0608464 -0.180149 -0.000211362
8.795 0.0610472 -0.180149 -0.000212059
8.8 0.0612449 -0.180149 -0.000212746
8.805 0.06144 -0.180149 -0.000213423
8.81 0.061632 -0.180149 -0.000214089
8.815 0.0618199 -0.18015 -0.000214742
8.82 0.0620037 -0.18015 -0.00021538
8.825 0.0621834 -0.18015 -0.000216004
8.83 0.0623583 -0.18015 -0.000216611
8.835 0.0625283 -0.18015 -0.000217202
8.84 0.0626939 -0.18015 -0.000217777
8.845 0.0628553 -0.18015 -0.000218337
8.85 0.0630129 -0.18015 -0.000218884
8.855 0.0631668 -0.18015 -0.000219419
8.86 0.0633168 -0.18015 -0.000219939
8.865 0.0634622 -0.18015 -0.000220444
8.87 0.0636029 -0.18015 -0.000220933
8.875 0.0637387 -0.18015 -0.000221404
8.88 0.0638693 -0.18015 -0.000221858
8.885 0.0639944 -0.18015 -0.000222292
8.89 0.0641132 -0.18015 -0.000222705
8.895 0.0642259 -0.18015 -0.000223096
8.9 0.0643338 -0.18015 -0.000223471
8.905 0.0644385 -0.18015 -0.000223834
8.91 0.0645393 -0.18015 -0.000224184
8.915 0.0646347 -0.18015 -0.000224516
8.92 0.0647241 -0.18015 -0.000224826
8.925 0.0648084 -0.18015 -0.000225119
8.93 0.0648881 -0.18015 -0.000225395
8.935 0.0649631 -0.18015 -0.000225656
8.94 0.065033 -0.18015 -0.000225898
8.945 0.0650971 -0.18015 -0.000226121
8.95 0.0651554 -0.18015 -0.000226324
8.955 0.0652086 -0.18015 -0.000226508
8.96 0.0652571 -0.18015 -0.000226677
8.965 0.0653008 -0.18015 -0.000226828
8.97 0.0653395 -0.18015 -0.000226963
8.975 0.0653737 -0.18015 -0.000227082
8.98 0.0654031 -0.18015 -0.000227184
8.985 0.0654269 -0.18015 -0.000227266
8.99 0.065445 -0.18015 -0.000227329
8.995 0.0654589 -0.18015 -0.000227377
9 0.06547 -0.18015 -0.000227416
9.005 0.0654782 -0.18015 -0.000227444
9.01 0.0654825 -0.18015 -0.000227459
9.015 0.0654821 -0.18015 -0.000227458
9.02 0.0654769 -0.18015 -0.00022744
9.025 0.0654669 -0.18015 -0.000227405
9.03 0.0654522 -0.18015 -0.000227354
9.035 0.0654331 -0.18015 -0.000227288
9.04 0.065409 -0.18015 -0.000227204
9.045 0.0653787 -0.18015 -0.000227099
9.05 0.0653421 -0.18015 -0.000226972
9.055 0.0653007 -0.18015 -0.000226828
9.06 0.0652564 -0.18015 -0.000226674
9.065 0.0652087 -0.18015 -0.000226509
9.07 0.0651566 -0.18015 -0.000226328
9.075 0.0650994 -0.18015 -0.000226129
9.08 0.0650377 -0.18015 -0.000225915
9.085 0.0649715 -0.18015 -0.000225685
9.09 0.0648999 -0.18015 -0.000225436
9.095 0.0648219 -0.18015 -0.000225165
9.1 0.0647367 -0.18015 -0.00022487
9.105 0.0646457 -0.18015 -0.000224554
9.11 0.0645504 -0.18015 -0.000224223
9.115 0.0644507 -0.18015 -0.000223877
9.12 0.0643462 -0.18015 -0.000223514
9.125 0.0642368 -0.18015 -0.000223134
9.13 0.0641229 -0.18015 -0.000222738
9.135 0.0640044 -0.18015 -0.000222327
9.14 0.0638804 -0.18015 -0.000221897
9.145 0.0637507 -0.18015 -0.000221446
9.15 0.063615 -0.18015 -0.000220975
9.155 0.0634736 -0.18015 -0.000220484
9.16 0.0633273 -0.18015 -0.000219976
9.165 0.0631772 -0.18015 -0.000219455
9.17 0.0630241 -0.18015 -0.000218923
9.175 0.0628676 -0.18015 -0.00021838
9.18 0.0627074 -0.18015 -0.000217823
9.185 0.0625434 -0.18015 -0.000217254
9.19 0.0623761 -0.18015 -0.000216673
9.195 0.0622063 -0.18015 -0.000216084
9.2 0.0620338 -0.18015 -0.000215485
9.205 0.0618576 -0.18015 -0.000214873
9.21 0.0616777 -0.18015 -0.000214248
9.215 0.061495 -0.18015 -0.000213614
9.22 0.0613101 -0.18015 -0.000212972
9.225 0.0611217 -0.18015 -0.000212318
9.23 0.0609291 -0.18015 -0.000211649
9.235 0.0607323 -0.18015 -0.000210966
9.24 0.0605321 -0.18015 -0.00021027
9.245 0.0603284 -0.18015 -0.000209563
9.25 0.0601203 -0.18015 -0.00020884
9.255 0.0599065 -0.18015 -0.000208098
9.26 0.0596865 -0.18015 -0.000207334
9.265 0.0594617 -0.18015 -0.000206554
9.27 0.0592339 -0.18015 -0.000205763
9.275 0.0590034 -0.18015 -0.000204963
9.28 0.0587693 -0.18015 -0.00020415
9.285 0.0585311 -0.18015 -0.000203322
9.29 0.0582891 -0.18015 -0.000202482
9.295 0.0580435 -0.18015 -0.000201629
9.3 0.0577944 -0.18015 -0.000200764
9.305 0.0575422 -0.18015 -0.000199889
9.31 0.0572871 -0.18015 -0.000199003
9.315 0.0570283 -0.18015 -0.000198105
9.32 0.0567653 -0.18015 -0.000197191
9.325 0.056498 -0.18015 -0.000196263
9.33 0.0562268 -0.18015 -0.000195322
9.335 0.0559522 -0.18015 -0.000194368
9.34 0.0556751 -0.18015 -0.000193406
9.345 0.0553964 -0.18015 -0.000192438
9.35 0.0551157 -0.18015 -0.000191464
9.355 0.0548322 -0.18015 -0.000190479
9.36 0.0545455 -0.18015 -0.000189483
9.365 0.0542557 -0.18015 -0.000188477
9.37 0.0539633 -0.18015 -0.000187462
9.375 0.0536687 -0.18015 -0.000186439
9.38 0.0533718 -0.18015 -0.000185408
9.385 0.0530724 -0.18015 -0.000184369
9.39 0.0527697 -0.18015 -0.000183317
9.395 0.0524638 -0.18015 -0.000182255
9.4 0.0521549 -0.18015 -0.000181183
9.405 0.0518428 -0.18015 -0.000180099
9.41 0.0515268 -0.18015 -0.000179002
9.415 0.0512075 -0.18015 -0.000177893
9.42 0.0508854 -0.18015 -0.000176775
9.425 0.0505603 -0.18015 -0.000175646
9.43 0.0502322 -0.18015 -0.000174507
9.435 0.0499013 -0.18015 -0.000173358
9.44 0.0495674 -0.18015 -0.000172198
9.445 0.0492302 -0.18015 -0.000171028
9.45 0.0488896 -0.18015 -0.000169845
9.455 0.0485452 -0.18015 -0.000168649
9.46 0.0481969 -0.18015 -0.00016744
9.465 0.0478456 -0.18015 -0.00016622
9.47 0.0474909 -0.18015 -0.000164988
9.475 0.0471321 -0.18015 -0.000163743
9.48 0.0467691 -0.18015 -0.000162482
9.485 0.0464028 -0.18015 -0.00016121
9.49 0.0460336 -0.18015 -0.000159928
9.495 0.0456617 -0.18015 -0.000158637
9.5 0.0452871 -0.18015 -0.000157336
9.505 0.0449092 -0.18015 -0.000156024
9.51 0.0445265 -0.18015 -0.000154695
9.515 0.0441386 -0.18015 -0.000153348
9.52 0.0437468 -0.18015 -0.000151988
9.525 0.0433523 -0.18015 -0.000150618
9.53 0.0429548 -0.18015 -0.000149238
9.535 0.0425542 -0.18015 -0.000147847
9.54 0.0421506 -0.18015 -0.000146446
9.545 0.0417444 -0.18015 -0.000145035
9.55 0.0413356 -0.18015 -0.000143616
9.555 0.0409235 -0.18015 -0.000142185
9.56 0.0405077 -0.18015 -0.000140741
9.565 0.0400883 -0.18015 -0.000139285
9.57 0.0396663 -0.18015 -0.00013782
9.575 0.0392425 -0.18015 -0.000136348
9.58 0.038816 -0.18015 -0.000134867
9.585 0.0383857 -0.18015 -0.000133373
9.59 0.0379529 -0.18015 -0.000131871
9.595 0.0375195 -0.18015 -0.000130365
9.6 0.0370856 -0.18015 -0.000128859
9.605 0.0366505 -0.18015 -0.000127348
9.61 0.0362137 -0.18015 -0.000125831
9.615 0.0357752 -0.18015 -0.000124309
9.62 0.0353355 -0.18015 -0.000122782
9.625 0.0348947 -0.18015 -0.000121252
9.63 0.0344527 -0.18015 -0.000119717
9.635 0.0340087 -0.18015 -0.000118175
9.64 0.0335624 -0.18015 -0.000116626
9.645 0.0331138 -0.18015 -0.000115068
9.65 0.0326626 -0.18015 -0.000113501
9.655 0.0322088 -0.18015 -0.000111926
9.66 0.0317528 -0.18015 -0.000110342
9.665 0.0312957 -0.18015 -0.000108755
9.67 0.0308379 -0.18015 -0.000107166
9.675 0.0303794 -0.18015 -0.000105574
9.68 0.0299191 -0.18015 -0.000103975
9.685 0.0294561 -0.18015 -0.000102367
9.69 0.0289901 -0.18015 -0.00010075
9.695 0.0285225 -0.18015 -9.91259e-05
9.7 0.0280552 -0.18015 -9.75035e-05
9.705 0.0275896 -0.18015 -9.58869e-05
9.71 0.0271255 -0.18015 -9.42753e-05
9.715 0.0266615 -0.18015 -9.26643e-05
9.72 0.0261959 -0.18015 -9.10474e-05
9.725 0.0257273 -0.18015 -8.94204e-05
9.73 0.0252562 -0.18015 -8.77845e-05
9.735 0.0247833 -0.18015 -8.61427e-05
9.74 0.0243088 -0.18015 -8.4495e-05
9.745 0.0238319 -0.18015 -8.2839e-05
9.75 0.0233522 -0.18015 -8.11735e-05
9.755 0.0228702 -0.18015 -7.95001e-05
9.76 0.0223872 -0.18015 -7.78228e-05
9.765 0.0219037 -0.18015 -7.61441e-05
9.77 0.0214191 -0.18015 -7.44612e-05
9.775 0.0209323 -0.18015 -7.27712e-05
9.78 0.0204441 -0.18015 -7.10759e-05
9.785 0.0199554 -0.18015 -6.9379e-05
9.79 0.0194664 -0.18015 -6.76811e-05
9.795 0.0189765 -0.18015 -6.59801e-05
9.8 0.0184853 -0.18015 -6.42744e-05
9.805 0.0179927 -0.18015 -6.25641e-05
9.81 0.0174988 -0.18015 -6.08494e-05
9.815 0.0170038 -0.18015 -5.91305e-05
9.82 0.016508 -0.18015 -5.74091e-05
9.825 0.0160122 -0.18015 -5.56875e-05
9.83 0.0155168 -0.18015 -5.39672e-05
9.835 0.0150215 -0.18015 -5.22474e-05
9.84 0.0145258 -0.18015 -5.05265e-05
9.845 0.0140296 -0.18015 -4.88034e-05
9.85 0.013533 -0.18015 -4.7079e-05
9.855 0.0130364 -0.18015 -4.53547e-05
9.86 0.0125397 -0.18015 -4.36301e-05
9.865 0.0120428 -0.18015 -4.19048e-05
9.87 0.0115457 -0.18015 -4.01787e-05
9.875 0.0110481 -0.18015 -3.84511e-05
9.88 0.0105501 -0.18015 -3.67218e-05
9.885 0.0100522 -0.18015 -3.49931e-05
9.89 0.00955502 -0.18015 -3.32667e-05
9.895 0.00905796 -0.18015 -3.15407e-05
9.9 0.00856062 -0.18015 -2.98139e-05
9.905 0.00806393 -0.18015 -2.80892e-05
9.91 0.00756908 -0.18015 -2.6371e-05
9.915 0.00707624 -0.18015 -2.46598e-05
9.92 0.00658514 -0.18015 -2.29546e-05
9.925 0.00609565 -0.18015 -2.12549e-05
9.93 0.0056073 -0.18015 -1.95593e-05
9.935 0.00511982 -0.18015 -1.78666e-05
9.94 0.00463346 -0.18015 -1.61779e-05
9.945 0.00414811 -0.18015 -1.44927e-05
9.95 0.00366339 -0.18015 -1.28096e-05
9.955 0.00317974 -0.18015 -1.11302e-05
9.96 0.00269758 -0.18015 -9.4561e-06
9.965 0.00221625 -0.18015 -7.7848e-06
9.97 0.00173507 -0.18015 -6.11405e-06
9.975 0.00125469 -0.18015 -4.44604e-06
9.98 0.000776177 -0.18015 -2.78455e-06
9.985 0.000299659 -0.18015 -1.12998e-06
9.99 -0.000175565 -0.18015 5.20108e-07
9.995 -0.000649694 -0.18015 2.16639e-06
10 -0.00112211 -0.18015 3.8067e-06
10.005 -0.00159259 -0.18015 5.44032e-06
10.01 -0.00206183 -0.18015 7.06963e-06
10.015 -0.00253022 -0.18015 8.69599e-06
10.02 -0.00299729 -0.18015 1.03178e-05
10.025 -0.00346241 -0.18015 1.19328e-05
10.03 -0.00392508 -0.18015 1.35393e-05
10.035 -0.00438506 -0.18015 1.51364e-05
10.04 -0.00484264 -0.18015 1.67252e-05
10.045 -0.00529857 -0.18015 1.83083e-05
10.05 -0.00575342 -0.18015 1.98877e-05
10.055 -0.00620719 -0.18015 2.14633e-05
10.06 -0.00665976 -0.18015 2.30347e-05
10.065 -0.00711147 -0.18015 2.46031e-05
10.07 -0.00756262 -0.18015 2.61696e-05
10.075 -0.0080133 -0.18015 2.77345e-05
10.08 -0.00846348 -0.18015 2.92976e-05
10.085 -0.00891211 -0.18015 3.08553e-05
10.09 -0.00935743 -0.18015 3.24016e-05
10.095 -0.00979903 -0.18015 3.39349e-05
10.1 -0.0102383 -0.18015 3.546e-05
10.105 -0.0106764 -0.18015 3.69815e-05
10.11 -0.0111142 -0.18015 3.85016e-05
10.115 -0.0115516 -0.18015 4.00201e-05
10.12 -0.0119877 -0.18015 4.15346e-05
10.125 -0.012422 -0.18015 4.30425e-05
10.13 -0.0128549 -0.18015 4.45454e-05
10.135 -0.0132877 -0.18015 4.60484e-05
10.14 -0.0137209 -0.18015 4.75524e-05
10.145 -0.0141525 -0.18015 4.9051e-05
10.15 -0.0145808 -0.18015 5.05382e-05
10.155 -0.0150057 -0.18015 5.20135e-05
10.16 -0.015428 -0.18015 5.348e-05
10.165 -0.0158483 -0.18015 5.49393e-05
10.17 -0.0162665 -0.18015 5.63913e-05
10.175 -0.0166822 -0.18015 5.78349e-05
10.18 -0.0170951 -0.18015 5.92685e-05
10.185 -0.0175047 -0.18015 6.06906e-05
10.19 -0.0179106 -0.18015 6.21e-05
10.195 -0.0183124 -0.18015 6.34953e-05
10.2 -0.0187104 -0.18015 6.48773e-05
10.205 -0.0191056 -0.18015 6.62493e-05
10.21 -0.0194987 -0.18015 6.76142e-05
10.215 -0.0198901 -0.18015 6.89732e-05
10.22 -0.0202798 -0.18015 7.03264e-05
10.225 -0.0206676 -0.18015 7.1673e-05
10.23 -0.0210529 -0.18015 7.30109e-05
10.235 -0.021435 -0.18015 7.43376e-05
10.24 -0.0218136 -0.18015 7.56521e-05
10.245 -0.0221892 -0.18015 7.69562e-05
10.25 -0.022563 -0.18015 7.82542e-05
10.255 -0.0229359 -0.18015 7.95492e-05
10.26 -0.0233071 -0.18015 8.08378e-05
10.265 -0.0236741 -0.18015 8.21122e-05
10.27 -0.0240363 -0.18015 8.33697e-05
10.275 -0.0243951 -0.18015 8.46157e-05
10.28 -0.0247522 -0.18015 8.58555e-05
10.285 -0.0251075 -0.18015 8.70894e-05
10.29 -0.0254604 -0.18015 8.83148e-05
10.295 -0.0258105 -0.18015 8.95304e-05
10.3 -0.0261575 -0.18015 9.07352e-05
10.305 -0.0265007 -0.18015 9.1927e-05
10.31 -0.0268401 -0.18015 9.31051e-05
10.315 -0.0271763 -0.18015 9.42728e-05
10.32 -0.0275106 -0.18015 9.54334e-05
10.325 -0.0278428 -0.18015 9.65871e-05
10.33 -0.0281725 -0.18015 9.77318e-05
10.335 -0.0284996 -0.18015 9.88675e-05
10.34 -0.028824 -0.18015 9.99939e-05
10.345 -0.0291449 -0.18015 0.000101108
10.35 -0.0294618 -0.18015 0.000102208
10.355 -0.0297756 -0.18015 0.000103298
10.36 -0.0300873 -0.18015 0.00010438
10.365 -0.030397 -0.18015 0.000105456
10.37 -0.030704 -0.18015 0.000106522
10.375 -0.0310076 -0.18015 0.000107576
10.38 -0.0313073 -0.18015 0.000108616
10.385 -0.0316032 -0.18015 0.000109644
10.39 -0.0318957 -0.18015 0.000110659
10.395 -0.0321846 -0.18015 0.000111663
10.4 -0.0324693 -0.18015 0.000112651
10.405 -0.0327488 -0.18015 0.000113622
10.41 -0.0330227 -0.18015 0.000114573
10.415 -0.0332916 -0.18015 0.000115506
10.42 -0.0335566 -0.18015 0.000116426
10.425 -0.0338181 -0.18015 0.000117334
10.43 -0.0340761 -0.18015 0.00011823
10.435 -0.0343307 -0.18015 0.000119114
10.44 -0.0345821 -0.18015 0.000119987
10.445 -0.0348297 -0.18015 0.000120847
10.45 -0.0350728 -0.18015 0.000121691
10.455 -0.0353117 -0.18015 0.000122521
10.46 -0.0355471 -0.18015 0.000123338
10.465 -0.0357788 -0.18015 0.000124142
10.47 -0.0360064 -0.18015 0.000124933
10.475 -0.0362308 -0.18015 0.000125712
10.48 -0.0364527 -0.18015 0.000126482
10.485 -0.0366717 -0.18015 0.000127243
10.49 -0.0368873 -0.18015 0.000127991
10.495 -0.0370997 -0.18015 0.000128729
10.5 -0.037309 -0.18015 0.000129456
10.505 -0.0375145 -0.18015 0.000130169
10.51 -0.0377162 -0.18015 0.000130869
10.515 -0.0379139 -0.18015 0.000131556
10.52 -0.0381068 -0.18015 0.000132226
10.525 -0.0382945 -0.18015 0.000132878
10.53 -0.0384773 -0.18015 0.000133512
10.535 -0.0386553 -0.18015 0.00013413
10.54 -0.0388287 -0.18015 0.000134732
10.545 -0.0389974 -0.18015 0.000135318
10.55 -0.0391613 -0.18015 0.000135887
10.555 -0.0393198 -0.18015 0.000136438
10.56 -0.0394733 -0.18015 0.00013697
10.565 -0.0396223 -0.18015 0.000137488
10.57 -0.0397673 -0.18015 0.000137991
10.575 -0.0399087 -0.18015 0.000138483
10.58 -0.0400465 -0.18015 0.000138961
10.585 -0.0401805 -0.18015 0.000139426
10.59 -0.0403108 -0.18015 0.000139879
10.595 -0.0404374 -0.18015 0.000140318
10.6 -0.040559 -0.18015 0.000140741
10.605 -0.0406746 -0.18015 0.000141142
10.61 -0.0407847 -0.18015 0.000141524
10.615 -0.0408906 -0.18015 0.000141892
10.62 -0.0409927 -0.18015 0.000142246
10.625 -0.0410906 -0.18015 0.000142586
10.63 -0.0411838 -0.18015 0.00014291
10.635 -0.0412726 -0.18015 0.000143218
10.64 -0.041357 -0.18015 0.000143511
10.645 -0.0414373 -0.18015 0.00014379
10.65 -0.0415135 -0.18015 0.000144055
10.655 -0.0415859 -0.18015 0.000144306
10.66 -0.0416542 -0.18015 0.000144543
10.665 -0.0417182 -0.18015 0.000144765
10.67 -0.041778 -0.18015 0.000144973
10.675 -0.0418342 -0.18015 0.000145168
10.68 -0.0418866 -0.18015 0.00014535
10.685 -0.0419353 -0.18015 0.000145519
10.69 -0.0419805 -0.18015 0.000145676
10.695 -0.0420222 -0.18015 0.000145821
10.7 -0.0420597 -0.18015 0.000145951
10.705 -0.0420924 -0.18015 0.000146065
10.71 -0.0421208 -0.18015 0.000146163
10.715 -0.0421456 -0.18015 0.000146249
10.72 -0.0421684 -0.18015 0.000146329
10.725 -0.0421912 -0.18015 0.000146408
10.73 -0.0422139 -0.18015 0.000146486
10.735 -0.0422335 -0.18015 0.000146555
10.74 -0.0422481 -0.18015 0.000146605
10.745 -0.0422581 -0.18015 0.00014664
10.75 -0.0422647 -0.18015 0.000146663
10.755 -0.0422685 -0.18015 0.000146676
10.76 -0.0422694 -0.18015 0.000146679
10.765 -0.0422678 -0.18015 0.000146674
10.77 -0.042264 -0.18015 0.00014666
10.775 -0.0422576 -0.18015 0.000146638
10.78 -0.0422485 -0.18015 0.000146607
10.785 -0.0422363 -0.18015 0.000146564
10.79 -0.0422214 -0.18015 0.000146513
10.795 -0.0422036 -0.18015 0.000146451
10.8 -0.0421815 -0.18015 0.000146374
10.805 -0.0421547 -0.18015 0.000146281
10.81 -0.0421248 -0.18015 0.000146177
10.815 -0.0420929 -0.18015 0.000146067
10.82 -0.0420584 -0.18015 0.000145947
10.825 -0.0420204 -0.18015 0.000145815
10.83 -0.0419796 -0.18015 0.000145673
10.835 -0.041937 -0.18015 0.000145525
10.84 -0.0418918 -0.18015 0.000145368
10.845 -0.041843 -0.18015 0.000145199
10.85 -0.0417906 -0.18015 0.000145017
10.855 -0.0417348 -0.18015 0.000144823
10.86 -0.0416757 -0.18015 0.000144618
10.865 -0.0416139 -0.18015 0.000144403
10.87 -0.0415494 -0.18015 0.000144179
10.875 -0.0414821 -0.18015 0.000143946
10.88 -0.0414113 -0.18015 0.0001437
10.885 -0.0413364 -0.18015 0.00014344
10.89 -0.0412576 -0.18015 0.000143166
10.895 -0.0411758 -0.18015 0.000142882
10.9 -0.0410912 -0.18015 0.000142588
10.905 -0.0410035 -0.18015 0.000142284
10.91 -0.0409126 -0.18015 0.000141968
10.915 -0.0408187 -0.18015 0.000141642
10.92 -0.0407211 -0.18015 0.000141303
10.925 -0.0406185 -0.18015 0.000140947
10.93 -0.0405101 -0.18015 0.000140571
10.935 -0.0403962 -0.18015 0.000140175
10.94 -0.0402779 -0.18015 0.000139764
10.945 -0.0401565 -0.18015 0.000139343
10.95 -0.0400323 -0.18015 0.000138912
10.955 -0.0399049 -0.18015 0.000138469
10.96 -0.0397733 -0.18015 0.000138012
10.965 -0.0396367 -0.18015 0.000137538
10.97 -0.0394959 -0.18015 0.000137049
10.975 -0.039352 -0.18015 0.000136549
10.98 -0.0392054 -0.18015 0.00013604
10.985 -0.0390561 -0.18015 0.000135522
10.99 -0.0389039 -0.18015 0.000134993
10.995 -0.0387479 -0.18015 0.000134452
11 -0.0385859 -0.18015 0.000133889
11.005 -0.0384165 -0.18015 0.000133301
11.01 -0.038241 -0.18015 0.000132692
11.015 -0.038062 -0.18015 0.00013207
11.02 -0.0378806 -0.18015 0.00013144
11.025 -0.0376963 -0.18015 0.0001308
11.03 -0.0375088 -0.18015 0.000130149
11.035 -0.037318 -0.18015 0.000129487
11.04 -0.0371244 -0.18015 0.000128815
11.045 -0.0369288 -0.18015 0.000128136
11.05 -0.0367315 -0.18015 0.000127451
11.055 -0.0365316 -0.18015 0.000126756
11.06 -0.0363286 -0.18015 0.000126052
11.065 -0.0361225 -0.18015 0.000125336
11.07 -0.0359128 -0.18015 0.000124608
11.075 -0.035699 -0.18015 0.000123865
11.08 -0.0354812 -0.18015 0.000123109
