0.1 -2.04519e-31 200 4.44089e-14
0.2 9.9338e-31 400 3.01981e-14
0.3 -1.86989e-30 600 -5.11591e-13
0.4 -1.16868e-30 800 -1.74083e-13
0.5 -2.33737e-30 1000 -6.11067e-13
0.6 -7.0121e-31 1200 -2.30926e-13
0.7 -7.0121e-31 1400 -5.82645e-13
0.8 2.80484e-30 1600 2.4869e-13
0.9 -1.75302e-30 1800 -1.63425e-13
1 -2.33737e-31 2000 5.47118e-13
0.005 -1.46456e-05 2000 0.00634727
0.01 -7.32161e-05 2000 0.0316683
0.015 -0.000190495 2000 0.0823256
0.02 -0.000366717 2000 0.158448
0.025 -0.000602092 2000 0.260125
0.03 -0.000896823 2000 0.387445
0.035 -0.00125111 2000 0.540492
0.04 -0.00166513 2000 0.719347
0.045 -0.00213908 2000 0.92409
0.05 -0.00267312 2000 1.15479
0.055 -0.00326743 2000 1.41153
0.06 -0.00392216 2000 1.69438
0.065 -0.00463747 2000 2.00339
0.07 -0.00541349 2000 2.33863
0.075 -0.00625037 2000 2.70016
0.08 -0.00714824 2000 3.08804
0.085 -0.00810725 2000 3.50234
0.09 -0.00912753 2000 3.9431
0.095 -0.0102092 2000 4.41037
0.1 -0.0113523 2000 4.90419
0.105 -0.0125569 2000 5.42458
0.11 -0.0138232 2000 5.9716
0.115 -0.0151511 2000 6.54528
0.12 -0.0165409 2000 7.14567
0.125 -0.0179925 2000 7.77278
0.13 -0.0195062 2000 8.42666
0.135 -0.0210818 2000 9.10733
0.14 -0.0227195 2000 9.81481
0.145 -0.0244192 2000 10.5491
0.15 -0.0261811 2000 11.3103
0.155 -0.0280052 2000 12.0982
0.16 -0.0298915 2000 12.9131
0.165 -0.0318399 2000 13.7548
0.17 -0.0338505 2000 14.6234
0.175 -0.0359234 2000 15.5189
0.18 -0.0380584 2000 16.4412
0.185 -0.0402557 2000 17.3905
0.19 -0.0425151 2000 18.3665
0.195 -0.0448366 2000 19.3694
0.2 -0.0472203 2000 20.3992
0.205 -0.0496659 2000 21.4557
0.21 -0.0521735 2000 22.539
0.215 -0.054743 2000 23.649
0.22 -0.0573742 2000 24.7857
0.225 -0.0600674 2000 25.9491
0.23 -0.0628224 2000 27.1393
0.235 -0.065639 2000 28.356
0.24 -0.0685168 2000 29.5992
0.245 -0.0714558 2000 30.8689
0.25 -0.0744561 2000 32.1651
0.255 -0.0775178 2000 33.4877
0.26 -0.0806406 2000 34.8367
0.265 -0.0838243 2000 36.2121
0.27 -0.0870688 2000 37.6137
0.275 -0.0903741 2000 39.0416
0.28 -0.0937398 2000 40.4956
0.285 -0.0971659 2000 41.9757
0.29 -0.100652 2000 43.4817
0.295 -0.104199 2000 45.0138
0.3 -0.107805 2000 46.5719
0.305 -0.111472 2000 48.1559
0.31 -0.115198 2000 49.7656
0.315 -0.118984 2000 51.4011
0.32 -0.122829 2000 53.0621
0.325 -0.126733 2000 54.7485
0.33 -0.130695 2000 56.4603
0.335 -0.134716 2000 58.1974
0.34 -0.138796 2000 59.9597
0.345 -0.142933 2000 61.7471
0.35 -0.147128 2000 63.5594
0.355 -0.151381 2000 65.3966
0.36 -0.155691 2000 67.2586
0.365 -0.160059 2000 69.1455
0.37 -0.164484 2000 71.0571
0.375 -0.168965 2000 72.9929
0.38 -0.173502 2000 74.953
0.385 -0.178095 2000 76.9371
0.39 -0.182744 2000 78.9454
0.395 -0.187448 2000 80.9776
0.4 -0.192208 2000 83.0338
0.405 -0.197022 2000 85.1137
0.41 -0.201892 2000 87.2173
0.415 -0.206816 2000 89.3445
0.42 -0.211794 2000 91.4951
0.425 -0.216826 2000 93.6689
0.43 -0.221911 2000 95.8656
0.435 -0.227049 2000 98.0852
0.44 -0.232239 2000 100.327
0.445 -0.237482 2000 102.592
0.45 -0.242777 2000 104.88
0.455 -0.248123 2000 107.189
0.46 -0.253521 2000 109.521
0.465 -0.258969 2000 111.875
0.47 -0.264467 2000 114.25
0.475 -0.270016 2000 116.647
0.48 -0.275614 2000 119.065
0.485 -0.281262 2000 121.505
0.49 -0.286958 2000 123.966
0.495 -0.292703 2000 126.448
0.5 -0.298496 2000 128.95
0.505 -0.304337 2000 131.473
0.51 -0.310224 2000 134.017
0.515 -0.316159 2000 136.581
0.52 -0.32214 2000 139.165
0.525 -0.328168 2000 141.768
0.53 -0.334241 2000 144.392
0.535 -0.340358 2000 147.035
0.54 -0.346521 2000 149.697
0.545 -0.352727 2000 152.378
0.55 -0.358977 2000 155.078
0.555 -0.365269 2000 157.796
0.56 -0.371604 2000 160.533
0.565 -0.377981 2000 163.288
0.57 -0.384398 2000 166.06
0.575 -0.390855 2000 168.85
0.58 -0.397351 2000 171.656
0.585 -0.403885 2000 174.478
0.59 -0.410456 2000 177.317
0.595 -0.417066 2000 180.173
0.6 -0.423716 2000 183.045
0.605 -0.430404 2000 185.935
0.61 -0.43713 2000 188.84
0.615 -0.443892 2000 191.761
0.62 -0.450691 2000 194.699
0.625 -0.457527 2000 197.652
0.63 -0.4644 2000 200.621
0.635 -0.471308 2000 203.605
0.64 -0.478251 2000 206.604
0.645 -0.485227 2000 209.618
0.65 -0.492237 2000 212.647
0.655 -0.49928 2000 215.689
0.66 -0.506355 2000 218.745
0.665 -0.513459 2000 221.815
0.67 -0.520593 2000 224.896
0.675 -0.527756 2000 227.991
0.68 -0.534948 2000 231.098
0.685 -0.542171 2000 234.218
0.69 -0.549421 2000 237.35
0.695 -0.556699 2000 240.494
0.7 -0.564004 2000 243.65
0.705 -0.571336 2000 246.817
0.71 -0.578693 2000 249.996
0.715 -0.586076 2000 253.185
0.72 -0.593484 2000 256.385
0.725 -0.600917 2000 259.596
0.73 -0.608372 2000 262.817
0.735 -0.61585 2000 266.047
0.74 -0.62335 2000 269.287
0.745 -0.630869 2000 272.535
0.75 -0.638406 2000 275.792
0.755 -0.645961 2000 279.055
0.76 -0.653534 2000 282.327
0.765 -0.661125 2000 285.606
0.77 -0.668733 2000 288.893
0.775 -0.676356 2000 292.186
0.78 -0.683997 2000 295.487
0.785 -0.691655 2000 298.795
0.79 -0.69933 2000 302.111
0.795 -0.70702 2000 305.433
0.8 -0.714723 2000 308.76
0.805 -0.722438 2000 312.093
0.81 -0.730166 2000 315.432
0.815 -0.737905 2000 318.775
0.82 -0.745654 2000 322.122
0.825 -0.753411 2000 325.474
0.83 -0.761177 2000 328.828
0.835 -0.768951 2000 332.187
0.84 -0.776735 2000 335.55
0.845 -0.784527 2000 338.916
0.85 -0.792325 2000 342.284
0.855 -0.800129 2000 345.656
0.86 -0.807941 2000 349.031
0.865 -0.815759 2000 352.408
0.87 -0.823582 2000 355.788
0.875 -0.831409 2000 359.169
0.88 -0.839238 2000 362.551
0.885 -0.847068 2000 365.934
0.89 -0.854901 2000 369.317
0.895 -0.862736 2000 372.702
0.9 -0.870574 2000 376.088
0.905 -0.878412 2000 379.474
0.91 -0.88625 2000 382.86
0.915 -0.894087 2000 386.246
0.92 -0.901922 2000 389.63
0.925 -0.909753 2000 393.013
0.93 -0.917579 2000 396.394
0.935 -0.925403 2000 399.774
0.94 -0.933223 2000 403.153
0.945 -0.941039 2000 406.529
0.95 -0.948846 2000 409.902
0.955 -0.956646 2000 413.271
0.96 -0.96444 2000 416.638
0.965 -0.972226 2000 420.002
0.97 -0.980004 2000 423.362
0.975 -0.987771 2000 426.717
0.98 -0.995526 2000 430.067
0.985 -1.00327 2000 433.412
0.99 -1.01099 2000 436.749
0.995 -1.0187 2000 440.08
1 -1.0264 2000 443.405
1.005 -1.03409 2000 446.725
1.01 -1.04176 2000 450.04
1.015 -1.04942 2000 453.347
1.02 -1.05706 2000 456.649
1.025 -1.06468 2000 459.943
1.03 -1.07229 2000 463.231
1.035 -1.07989 2000 466.511
1.04 -1.08746 2000 469.783
1.045 -1.09502 2000 473.047
1.05 -1.10255 2000 476.3
1.055 -1.11005 2000 479.543
1.06 -1.11753 2000 482.775
1.065 -1.12499 2000 485.996
1.07 -1.13242 2000 489.207
1.075 -1.13983 2000 492.406
1.08 -1.1472 2000 495.592
1.085 -1.15455 2000 498.766
1.09 -1.16187 2000 501.927
1.095 -1.16916 2000 505.075
1.1 -1.17641 2000 508.21
1.105 -1.18364 2000 511.332
1.11 -1.19084 2000 514.442
1.115 -1.19801 2000 517.539
1.12 -1.20514 2000 520.621
1.125 -1.21224 2000 523.688
1.13 -1.2193 2000 526.74
1.135 -1.22634 2000 529.777
1.14 -1.23334 2000 532.802
1.145 -1.24031 2000 535.812
1.15 -1.24724 2000 538.806
1.155 -1.25413 2000 541.782
1.16 -1.26098 2000 544.742
1.165 -1.26779 2000 547.686
1.17 -1.27457 2000 550.613
1.175 -1.28131 2000 553.524
1.18 -1.28801 2000 556.42
1.185 -1.29467 2000 559.298
1.19 -1.30129 2000 562.158
1.195 -1.30787 2000 564.999
1.2 -1.3144 2000 567.821
1.205 -1.32088 2000 570.622
1.21 -1.32732 2000 573.402
1.215 -1.33371 2000 576.163
1.22 -1.34005 2000 578.903
1.225 -1.34635 2000 581.622
1.23 -1.35259 2000 584.319
1.235 -1.35878 2000 586.995
1.24 -1.36493 2000 589.651
1.245 -1.37104 2000 592.291
1.25 -1.37712 2000 594.915
1.255 -1.38315 2000 597.519
1.26 -1.38912 2000 600.099
1.265 -1.39504 2000 602.655
1.27 -1.4009 2000 605.188
1.275 -1.4067 2000 607.697
1.28 -1.41246 2000 610.182
1.285 -1.41816 2000 612.645
1.29 -1.42381 2000 615.084
1.295 -1.4294 2000 617.499
1.3 -1.43493 2000 619.891
1.305 -1.44041 2000 622.259
1.31 -1.44584 2000 624.603
1.315 -1.45121 2000 626.923
1.32 -1.45652 2000 629.216
1.325 -1.46177 2000 631.484
1.33 -1.46696 2000 633.726
1.335 -1.47209 2000 635.944
1.34 -1.47717 2000 638.138
1.345 -1.48219 2000 640.308
1.35 -1.48716 2000 642.451
1.355 -1.49205 2000 644.566
1.36 -1.49688 2000 646.654
1.365 -1.50165 2000 648.714
1.37 -1.50636 2000 650.747
1.375 -1.511 2000 652.751
1.38 -1.51557 2000 654.726
1.385 -1.52007 2000 656.671
1.39 -1.5245 2000 658.586
1.395 -1.52887 2000 660.472
1.4 -1.53316 2000 662.327
1.405 -1.53739 2000 664.153
1.41 -1.54155 2000 665.95
1.415 -1.54564 2000 667.718
1.42 -1.54967 2000 669.456
1.425 -1.55362 2000 671.163
1.43 -1.5575 2000 672.84
1.435 -1.56131 2000 674.486
1.44 -1.56505 2000 676.1
1.445 -1.56871 2000 677.682
1.45 -1.5723 2000 679.232
1.455 -1.57581 2000 680.752
1.46 -1.57926 2000 682.238
1.465 -1.58262 2000 683.691
1.47 -1.58591 2000 685.113
1.475 -1.58913 2000 686.504
1.48 -1.59228 2000 687.865
1.485 -1.59536 2000 689.194
1.49 -1.59835 2000 690.488
1.495 -1.60127 2000 691.747
1.5 -1.6041 2000 692.973
1.505 -1.60687 2000 694.166
1.51 -1.60955 2000 695.325
1.515 -1.61215 2000 696.448
1.52 -1.61467 2000 697.535
1.525 -1.61711 2000 698.59
1.53 -1.61947 2000 699.612
1.535 -1.62177 2000 700.604
1.54 -1.62399 2000 701.562
1.545 -1.62612 2000 702.483
1.55 -1.62816 2000 703.366
1.555 -1.63012 2000 704.213
1.56 -1.632 2000 705.025
1.565 -1.6338 2000 705.801
1.57 -1.63551 2000 706.542
1.575 -1.63714 2000 707.245
1.58 -1.63868 2000 707.911
1.585 -1.64013 2000 708.538
1.59 -1.64149 2000 709.124
1.595 -1.64276 2000 709.672
1.6 -1.64394 2000 710.181
1.605 -1.64503 2000 710.654
1.61 -1.64604 2000 711.091
1.615 -1.64697 2000 711.491
1.62 -1.64781 2000 711.853
1.625 -1.64856 2000 712.177
1.63 -1.64922 2000 712.463
1.635 -1.64979 2000 712.71
1.64 -1.65027 2000 712.917
1.645 -1.65065 2000 713.081
1.65 -1.65093 2000 713.203
1.655 -1.65112 2000 713.284
1.66 -1.65122 2000 713.328
1.665 -1.65123 2000 713.333
1.67 -1.65115 2000 713.296
1.675 -1.65096 2000 713.216
1.68 -1.65068 2000 713.093
1.685 -1.65029 2000 712.924
1.69 -1.64979 2000 712.709
1.695 -1.64918 2000 712.447
1.7 -1.64847 2000 712.14
1.705 -1.64766 2000 711.788
1.71 -1.64674 2000 711.39
1.715 -1.64571 2000 710.946
1.72 -1.64457 2000 710.453
1.725 -1.64331 2000 709.908
1.73 -1.64192 2000 709.311
1.735 -1.64042 2000 708.663
1.74 -1.63881 2000 707.964
1.745 -1.63708 2000 707.218
1.75 -1.63524 2000 706.422
1.755 -1.63328 2000 705.576
1.76 -1.6312 2000 704.68
1.765 -1.62902 2000 703.735
1.77 -1.62672 2000 702.742
1.775 -1.62431 2000 701.701
1.78 -1.62179 2000 700.612
1.785 -1.61916 2000 699.476
1.79 -1.61642 2000 698.293
1.795 -1.61358 2000 697.065
1.8 -1.61063 2000 695.79
1.805 -1.60757 2000 694.468
1.81 -1.6044 2000 693.099
1.815 -1.60111 2000 691.68
1.82 -1.59771 2000 690.212
1.825 -1.5942 2000 688.692
1.83 -1.59057 2000 687.124
1.835 -1.58683 2000 685.509
1.84 -1.58298 2000 683.845
1.845 -1.57902 2000 682.135
1.85 -1.57494 2000 680.375
1.855 -1.57075 2000 678.566
1.86 -1.56645 2000 676.706
1.865 -1.56204 2000 674.8
1.87 -1.55752 2000 672.849
1.875 -1.5529 2000 670.852
1.88 -1.54817 2000 668.808
1.885 -1.54332 2000 666.714
1.89 -1.53836 2000 664.571
1.895 -1.53328 2000 662.378
1.9 -1.5281 2000 660.138
1.905 -1.5228 2000 657.85
1.91 -1.5174 2000 655.516
1.915 -1.51189 2000 653.136
1.92 -1.50627 2000 650.71
1.925 -1.50056 2000 648.241
1.93 -1.49474 2000 645.729
1.935 -1.48883 2000 643.173
1.94 -1.48281 2000 640.573
1.945 -1.47668 2000 637.925
1.95 -1.47044 2000 635.23
1.955 -1.4641 2000 632.491
1.96 -1.45766 2000 629.707
1.965 -1.4511 2000 626.876
1.97 -1.44443 2000 623.995
1.975 -1.43765 2000 621.064
1.98 -1.43075 2000 618.085
1.985 -1.42374 2000 615.056
1.99 -1.41662 2000 611.978
1.995 -1.40937 2000 608.848
2 -1.40201 2000 605.67
2.005 -1.39456 2000 602.451
2.01 -1.38702 2000 599.194
2.015 -1.37939 2000 595.896
2.02 -1.37165 2000 592.555
2.025 -1.36382 2000 589.169
2.03 -1.35588 2000 585.741
2.035 -1.34784 2000 582.268
2.04 -1.33971 2000 578.753
2.045 -1.33148 2000 575.198
2.05 -1.32316 2000 571.606
2.055 -1.31476 2000 567.977
2.06 -1.30627 2000 564.309
2.065 -1.29769 2000 560.603
2.07 -1.28902 2000 556.856
2.075 -1.28025 2000 553.068
2.08 -1.27139 2000 549.239
2.085 -1.26243 2000 545.371
2.09 -1.25339 2000 541.464
2.095 -1.24427 2000 537.523
2.1 -1.23506 2000 533.546
2.105 -1.22576 2000 529.528
2.11 -1.21636 2000 525.465
2.115 -1.20685 2000 521.358
2.12 -1.19724 2000 517.209
2.125 -1.18755 2000 513.02
2.13 -1.17775 2000 508.788
2.135 -1.16784 2000 504.509
2.14 -1.15782 2000 500.178
2.145 -1.14769 2000 495.802
2.15 -1.13746 2000 491.382
2.155 -1.12713 2000 486.922
2.16 -1.11671 2000 482.421
2.165 -1.1062 2000 477.878
2.17 -1.09559 2000 473.295
2.175 -1.0849 2000 468.676
2.18 -1.07412 2000 464.021
2.185 -1.06326 2000 459.328
2.19 -1.05231 2000 454.598
2.195 -1.04127 2000 449.829
2.2 -1.03015 2000 445.026
2.205 -1.01897 2000 440.193
2.21 -1.0077 2000 435.327
2.215 -0.996349 2000 430.423
2.22 -0.984909 2000 425.481
2.225 -0.9734 2000 420.509
2.23 -0.96183 2000 415.511
2.235 -0.950191 2000 410.482
2.24 -0.938469 2000 405.419
2.245 -0.926664 2000 400.319
2.25 -0.914779 2000 395.185
2.255 -0.902813 2000 390.015
2.26 -0.890759 2000 384.808
2.265 -0.878619 2000 379.564
2.27 -0.866406 2000 374.287
2.275 -0.854127 2000 368.983
2.28 -0.841777 2000 363.648
2.285 -0.829346 2000 358.278
2.29 -0.816825 2000 352.869
2.295 -0.804217 2000 347.422
2.3 -0.791533 2000 341.942
2.305 -0.778787 2000 336.436
2.31 -0.765986 2000 330.906
2.315 -0.753128 2000 325.351
2.32 -0.740211 2000 319.771
2.325 -0.727236 2000 314.166
2.33 -0.714202 2000 308.535
2.335 -0.701097 2000 302.874
2.34 -0.687915 2000 297.179
2.345 -0.674671 2000 291.458
2.35 -0.661377 2000 285.715
2.355 -0.648029 2000 279.948
2.36 -0.634618 2000 274.155
2.365 -0.621141 2000 268.333
2.37 -0.607596 2000 262.482
2.375 -0.593979 2000 256.599
2.38 -0.58029 2000 250.685
2.385 -0.566538 2000 244.745
2.39 -0.552737 2000 238.783
2.395 -0.538887 2000 232.799
2.4 -0.524979 2000 226.791
2.405 -0.511002 2000 220.753
2.41 -0.496951 2000 214.683
2.415 -0.482833 2000 208.584
2.42 -0.468666 2000 202.464
2.425 -0.454463 2000 196.328
2.43 -0.440225 2000 190.177
2.435 -0.425937 2000 184.005
2.44 -0.411593 2000 177.808
2.445 -0.397185 2000 171.584
2.45 -0.382719 2000 165.334
2.455 -0.368205 2000 159.065
2.46 -0.353654 2000 152.779
2.465 -0.339069 2000 146.478
2.47 -0.324438 2000 140.157
2.475 -0.309755 2000 133.814
2.48 -0.295022 2000 127.45
2.485 -0.28024 2000 121.064
2.49 -0.265411 2000 114.657
2.495 -0.250547 2000 108.236
2.5 -0.235646 2000 101.799
2.505 -0.220705 2000 95.3441
2.51 -0.205721 2000 88.871
2.515 -0.190694 2000 82.3794
2.52 -0.175637 2000 75.8744
2.525 -0.160569 2000 69.3648
2.53 -0.145485 2000 62.8488
2.535 -0.1304 2000 56.3319
2.54 -0.115318 2000 49.8158
2.545 -0.100218 2000 43.2928
2.55 -0.0850761 2000 36.7515
2.555 -0.0699324 2000 30.2088
2.56 -0.0547652 2000 23.6564
2.565 -0.0396333 2000 17.1199
2.57 -0.0245405 2000 10.6001
2.575 -0.00944637 2000 4.07943
2.58 0.00564466 2000 -2.44021
2.585 0.0207229 2000 -8.95407
2.59 0.0357839 2000 -15.4604
2.595 0.0507584 2000 -21.9296
2.6 0.0655998 1999.99 -28.3413
2.605 0.0802161 1999.99 -34.656
2.61 0.09449 1999.99 -40.8229
2.615 0.1086 1999.99 -46.9195
2.62 0.122713 1999.99 -53.0156
2.625 0.136828 1999.99 -59.1127
2.63 0.150938 1999.99 -65.2077
2.635 0.165038 1999.99 -71.2982
2.64 0.179131 2000 -77.386
2.645 0.193226 2000 -83.4748
2.65 0.20733 2000 -89.5673
2.655 0.221442 2000 -95.6635
2.66 0.235553 2000 -101.759
2.665 0.249652 2000 -107.85
2.67 0.263737 2000 -113.935
2.675 0.277815 2000 -120.016
2.68 0.291893 2000 -126.098
2.685 0.305971 2000 -132.18
2.69 0.320048 2000 -138.261
2.695 0.334132 2000 -144.345
2.7 0.348233 2000 -150.437
2.705 0.362343 2000 -156.532
2.71 0.376449 2000 -162.626
2.715 0.390537 2000 -168.712
2.72 0.404605 2000 -174.789
2.725 0.418677 2000 -180.868
2.73 0.432777 2000 -186.96
2.735 0.446904 2000 -193.063
2.74 0.461037 2000 -199.168
2.745 0.475165 2000 -205.271
2.75 0.489294 2000 -211.375
2.755 0.50344 2000 -217.486
2.76 0.517607 2000 -223.606
2.765 0.53179 2000 -229.733
2.77 0.54597 2000 -235.859
2.775 0.560135 2000 -241.978
2.78 0.57428 2000 -248.089
2.785 0.588397 2000 -254.188
2.79 0.602487 2000 -260.274
2.795 0.61656 2000 -266.354
2.8 0.630621 2000 -272.429
2.805 0.644664 2000 -278.495
2.81 0.658686 2000 -284.553
2.815 0.672699 2000 -290.606
2.82 0.68671 2000 -296.659
2.825 0.700718 2000 -302.711
2.83 0.714716 2000 -308.758
2.835 0.728693 2000 -314.796
2.84 0.742647 2000 -320.824
2.845 0.756593 2000 -326.849
2.85 0.770537 2000 -332.872
2.855 0.784463 2000 -338.888
2.86 0.798356 2000 -344.89
2.865 0.812219 2000 -350.879
2.87 0.826062 2000 -356.859
2.875 0.839879 2000 -362.828
2.88 0.853668 2000 -368.785
2.885 0.86743 2000 -374.73
2.89 0.881167 2000 -380.665
2.895 0.894877 2000 -386.587
2.9 0.908555 2000 -392.496
2.905 0.922201 2000 -398.391
2.91 0.935822 2000 -404.275
2.915 0.949422 2000 -410.151
2.92 0.963 2000 -416.016
2.925 0.97655 2000 -421.87
2.93 0.990071 2000 -427.711
2.935 1.00356 2000 -433.539
2.94 1.01702 2000 -439.352
2.945 1.03043 2000 -445.145
2.95 1.0438 2000 -450.922
2.955 1.05715 2000 -456.689
2.96 1.07047 2000 -462.445
2.965 1.08376 2000 -468.185
2.97 1.097 2000 -473.906
2.975 1.11021 2000 -479.61
2.98 1.12337 2000 -485.298
2.985 1.1365 2000 -490.967
2.99 1.14957 2000 -496.616
2.995 1.16259 2000 -502.24
3 1.17554 2000 -507.834
3.005 1.18843 2000 -513.401
3.01 1.20127 2000 -518.95
3.015 1.21408 2000 -524.483
3.02 1.22684 2000 -529.997
3.025 1.23955 2000 -535.484
3.03 1.25218 2000 -540.941
3.035 1.26474 2000 -546.369
3.04 1.27725 2000 -551.772
3.045 1.28971 2000 -557.155
3.05 1.30213 2000 -562.522
3.055 1.31452 2000 -567.871
3.06 1.32685 2000 -573.2
3.065 1.33914 2000 -578.508
3.07 1.35138 2000 -583.795
3.075 1.36357 2000 -589.064
3.08 1.37571 2000 -594.309
3.085 1.38779 2000 -599.525
3.09 1.3998 2000 -604.715
3.095 1.41176 2000 -609.879
3.1 1.42365 2000 -615.016
3.105 1.43547 2000 -620.124
3.11 1.44723 2000 -625.206
3.115 1.45894 2000 -630.264
3.12 1.4706 2000 -635.299
3.125 1.4822 2000 -640.31
3.13 1.49375 2000 -645.299
3.135 1.50525 2000 -650.267
3.14 1.51669 2000 -655.21
3.145 1.52807 2000 -660.127
3.15 1.5394 2000 -665.019
3.155 1.55066 2000 -669.884
3.16 1.56184 2000 -674.716
3.165 1.57295 2000 -679.517
3.17 1.584 2000 -684.289
3.175 1.595 2000 -689.038
3.18 1.60594 2000 -693.768
3.185 1.61684 2000 -698.476
3.19 1.62768 2000 -703.157
3.195 1.63845 2000 -707.809
3.2 1.64915 2000 -712.432
3.205 1.65978 2000 -717.026
3.21 1.67037 2000 -721.601
3.215 1.68093 2000 -726.161
3.22 1.69143 2000 -730.698
3.225 1.70185 2000 -735.198
3.23 1.71216 2000 -739.654
3.235 1.72239 2000 -744.074
3.24 1.73257 2000 -748.469
3.245 1.74268 2000 -752.838
3.25 1.75272 2000 -757.177
3.255 1.7627 2000 -761.487
3.26 1.77263 2000 -765.776
3.265 1.78249 2000 -770.037
3.27 1.79228 2000 -774.263
3.275 1.80198 2000 -778.454
3.28 1.8116 2000 -782.613
3.285 1.82116 2000 -786.74
3.29 1.83063 2000 -790.833
3.295 1.84004 2000 -794.898
3.3 1.84939 2000 -798.938
3.305 1.85869 2000 -802.952
3.31 1.86791 2000 -806.937
3.315 1.87706 2000 -810.891
3.32 1.88614 2000 -814.813
3.325 1.89514 2000 -818.702
3.33 1.90406 2000 -822.553
3.335 1.9129 2000 -826.371
3.34 1.92166 2000 -830.158
3.345 1.93035 2000 -833.911
3.35 1.93896 2000 -837.629
3.355 1.94748 2000 -841.312
3.36 1.95592 2000 -844.958
3.365 1.96427 2000 -848.565
3.37 1.97253 2000 -852.132
3.375 1.98071 2000 -855.665
3.38 1.98881 2000 -859.165
3.385 1.99683 2000 -862.632
3.39 2.00478 2000 -866.066
3.395 2.01266 2000 -869.467
3.4 2.02045 2000 -872.833
3.405 2.02814 2000 -876.159
3.41 2.03574 2000 -879.439
3.415 2.04322 2000 -882.672
3.42 2.05062 2000 -885.866
3.425 2.05793 2000 -889.026
3.43 2.06517 2000 -892.155
3.435 2.07233 2000 -895.248
3.44 2.0794 2000 -898.301
3.445 2.08638 2000 -901.317
3.45 2.09328 2000 -904.298
3.455 2.1001 2000 -907.245
3.46 2.10684 2000 -910.157
3.465 2.11349 2000 -913.028
3.47 2.12003 2000 -915.853
3.475 2.12647 2000 -918.636
3.48 2.13283 2000 -921.385
3.485 2.13913 2000 -924.103
3.49 2.14534 2000 -926.787
3.495 2.15146 2000 -929.433
3.5 2.1575 2000 -932.041
3.505 2.16346 2000 -934.614
3.51 2.16933 2000 -937.153
3.515 2.17513 2000 -939.656
3.52 2.18084 2000 -942.124
3.525 2.18648 2000 -944.559
3.53 2.19203 2000 -946.955
3.535 2.19748 2000 -949.31
3.54 2.20284 2000 -951.625
3.545 2.20812 2000 -953.906
3.55 2.21332 2000 -956.155
3.555 2.21844 2000 -958.366
3.56 2.22347 2000 -960.537
3.565 2.2284 2000 -962.667
3.57 2.23324 2000 -964.759
3.575 2.23799 2000 -966.811
3.58 2.24263 2000 -968.816
3.585 2.24715 2000 -970.769
3.59 2.25156 2000 -972.673
3.595 2.25585 2000 -974.529
3.6 2.26004 2000 -976.337
3.605 2.26413 2000 -978.104
3.61 2.26813 2000 -979.833
3.615 2.27205 2000 -981.524
3.62 2.27587 2000 -983.176
3.625 2.27959 2000 -984.784
3.63 2.28321 2000 -986.346
3.635 2.28671 2000 -987.861
3.64 2.29012 2000 -989.332
3.645 2.29344 2000 -990.766
3.65 2.29668 2000 -992.165
3.655 2.29983 2000 -993.527
3.66 2.30288 2000 -994.846
3.665 2.30583 2000 -996.117
3.67 2.30866 2000 -997.341
3.675 2.31139 2000 -998.519
3.68 2.31401 2000 -999.652
3.685 2.31653 2000 -1000.74
3.69 2.31897 2000 -1001.79
3.695 2.32131 2000 -1002.81
3.7 2.32356 2000 -1003.78
3.705 2.32572 2000 -1004.71
3.71 2.32778 2000 -1005.6
3.715 2.32973 2000 -1006.45
3.72 2.3316 2000 -1007.25
3.725 2.33338 2000 -1008.02
3.73 2.33506 2000 -1008.75
3.735 2.33663 2000 -1009.43
3.74 2.3381 2000 -1010.06
3.745 2.33947 2000 -1010.65
3.75 2.34074 2000 -1011.2
3.755 2.34193 2000 -1011.71
3.76 2.34303 2000 -1012.19
3.765 2.34403 2000 -1012.62
3.77 2.34494 2000 -1013.02
3.775 2.34576 2000 -1013.37
3.78 2.34648 2000 -1013.68
3.785 2.3471 2000 -1013.95
3.79 2.34762 2000 -1014.17
3.795 2.34804 2000 -1014.35
3.8 2.34836 2000 -1014.49
3.805 2.34859 2000 -1014.59
3.81 2.34874 2000 -1014.65
3.815 2.34877 2000 -1014.67
3.82 2.34868 2000 -1014.63
3.825 2.34845 2000 -1014.53
3.83 2.34809 2000 -1014.38
3.835 2.34763 2000 -1014.17
3.84 2.34704 2000 -1013.92
3.845 2.34634 2000 -1013.62
3.85 2.34552 2000 -1013.27
3.855 2.34459 2000 -1012.86
3.86 2.34355 2000 -1012.41
3.865 2.34239 2000 -1011.91
3.87 2.34112 2000 -1011.36
3.875 2.33971 2000 -1010.76
3.88 2.33819 2000 -1010.1
3.885 2.33656 2000 -1009.39
3.89 2.33482 2000 -1008.64
3.895 2.33297 2000 -1007.84
3.9 2.33101 2000 -1007
3.905 2.32897 2000 -1006.11
3.91 2.32684 2000 -1005.19
3.915 2.32462 2000 -1004.23
3.92 2.32229 2000 -1003.23
3.925 2.31987 2000 -1002.18
3.93 2.31735 2000 -1001.1
3.935 2.31474 2000 -999.966
3.94 2.31203 2000 -998.797
3.945 2.30924 2000 -997.591
3.95 2.30635 2000 -996.343
3.955 2.30335 2000 -995.046
3.96 2.30023 2000 -993.699
3.965 2.29701 2000 -992.307
3.97 2.29368 2000 -990.871
3.975 2.29025 2000 -989.387
3.98 2.28669 2000 -987.849
3.985 2.28301 2000 -986.26
3.99 2.27922 2000 -984.622
3.995 2.27531 2000 -982.933
4 2.27127 2000 -981.188
4.005 2.2671 2000 -979.387
4.01 2.26282 2000 -977.539
4.015 2.25845 2000 -975.65
4.02 2.25398 2000 -973.72
4.025 2.2494 2000 -971.741
4.03 2.2447 2000 -969.712
4.035 2.2399 2000 -967.636
4.04 2.23498 2000 -965.513
4.045 2.22995 2000 -963.34
4.05 2.22481 2000 -961.117
4.055 2.21955 2000 -958.847
4.06 2.2142 2000 -956.536
4.065 2.20875 2000 -954.181
4.07 2.20321 2000 -951.787
4.075 2.19758 2000 -949.353
4.08 2.19184 2000 -946.876
4.085 2.18599 2000 -944.348
4.09 2.18002 2000 -941.769
4.095 2.17394 2000 -939.144
4.1 2.16776 2000 -936.472
4.105 2.16147 2000 -933.754
4.11 2.15508 2000 -930.994
4.115 2.1486 2000 -928.197
4.12 2.14204 2000 -925.361
4.125 2.13537 2000 -922.481
4.13 2.1286 2000 -919.557
4.135 2.12175 2000 -916.595
4.14 2.11481 2000 -913.597
4.145 2.10779 2000 -910.565
4.15 2.10069 2000 -907.498
4.155 2.09351 2000 -904.396
4.16 2.08625 2000 -901.261
4.165 2.07891 2000 -898.091
4.17 2.0715 2000 -894.888
4.175 2.06401 2000 -891.654
4.18 2.05647 2000 -888.395
4.185 2.04887 2000 -885.111
4.19 2.04121 2000 -881.802
4.195 2.03348 2000 -878.465
4.2 2.02568 2000 -875.092
4.205 2.01776 2000 -871.674
4.21 2.00975 2000 -868.212
4.215 2.00166 2000 -864.716
4.22 1.99349 2000 -861.188
4.225 1.98525 2000 -857.629
4.23 1.97695 2000 -854.043
4.235 1.9686 2000 -850.434
4.24 1.9602 2000 -846.807
4.245 1.95175 2000 -843.155
4.25 1.94322 2000 -839.471
4.255 1.93461 2000 -835.751
4.26 1.92592 2000 -831.997
4.265 1.91715 2000 -828.211
4.27 1.90832 2000 -824.392
4.275 1.89939 2000 -820.537
4.28 1.89038 2000 -816.642
4.285 1.88128 2000 -812.711
4.29 1.87211 2000 -808.75
4.295 1.86287 2000 -804.76
4.3 1.85356 2000 -800.737
4.305 1.84416 2000 -796.678
4.31 1.83469 2000 -792.586
4.315 1.82514 2000 -788.459
4.32 1.81551 2000 -784.299
4.325 1.80581 2000 -780.109
4.33 1.79604 2000 -775.891
4.335 1.7862 2000 -771.639
4.34 1.77628 2000 -767.351
4.345 1.76628 2000 -763.034
4.35 1.75623 2000 -758.69
4.355 1.7461 2000 -754.315
4.36 1.7359 2000 -749.907
4.365 1.72563 2000 -745.472
4.37 1.71531 2000 -741.015
4.375 1.70494 2000 -736.535
4.38 1.69451 2000 -732.029
4.385 1.68401 2000 -727.493
4.39 1.67343 2000 -722.924
4.395 1.66277 2000 -718.318
4.4 1.65203 2000 -713.677
4.405 1.64122 2000 -709.006
4.41 1.63034 2000 -704.306
4.415 1.61939 2000 -699.578
4.42 1.60839 2000 -694.823
4.425 1.59732 2000 -690.043
4.43 1.58621 2000 -685.242
4.435 1.57505 2000 -680.421
4.44 1.56383 2000 -675.575
4.445 1.55254 2000 -670.697
4.45 1.54118 2000 -665.789
4.455 1.52978 2000 -660.864
4.46 1.51836 2000 -655.929
4.465 1.50691 2000 -650.983
4.47 1.49541 2000 -646.019
4.475 1.48388 2000 -641.035
4.48 1.4723 2000 -636.034
4.485 1.46069 2000 -631.017
4.49 1.44904 2000 -625.986
4.495 1.43736 2000 -620.939
4.5 1.42563 2000 -615.871
4.505 1.41383 2000 -610.775
4.51 1.40197 2000 -605.65
4.515 1.39004 2000 -600.498
4.52 1.37807 2000 -595.326
4.525 1.36606 2000 -590.138
4.53 1.35401 2000 -584.933
4.535 1.34192 2000 -579.71
4.54 1.3298 2000 -574.475
4.545 1.31768 2000 -569.238
4.55 1.30555 2000 -563.996
4.555 1.29337 2000 -558.737
4.56 1.28114 2000 -553.453
4.565 1.26886 2000 -548.147
4.57 1.25655 2000 -542.832
4.575 1.24423 2000 -537.507
4.58 1.23187 2000 -532.166
4.585 1.21944 2000 -526.799
4.59 1.20696 2000 -521.408
4.595 1.19444 2000 -515.997
4.6 1.18187 2000 -510.57
4.605 1.16929 2000 -505.134
4.61 1.15671 2000 -499.701
4.615 1.14415 2000 -494.272
4.62 1.13158 2000 -488.841
4.625 1.11897 2000 -483.396
4.63 1.10632 2000 -477.931
4.635 1.09363 2000 -472.448
4.64 1.08091 2000 -466.953
4.645 1.06816 2000 -461.446
4.65 1.05536 2000 -455.915
4.655 1.04249 2000 -450.355
4.66 1.02957 2000 -444.773
4.665 1.01662 2000 -439.18
4.67 1.00364 2000 -433.574
4.675 0.990619 2000 -427.948
4.68 0.977549 2000 -422.301
4.685 0.964458 2000 -416.646
4.69 0.951366 2000 -410.99
4.695 0.938272 2000 -405.333
4.7 0.925167 2000 -399.672
4.705 0.912045 2000 -394.003
4.71 0.898894 2000 -388.322
4.715 0.885715 2000 -382.629
4.72 0.872521 2000 -376.929
4.725 0.859345 2000 -371.237
4.73 0.846222 2000 -365.568
4.735 0.833151 2000 -359.921
4.74 0.8201 2000 -354.283
4.745 0.807056 2000 -348.648
4.75 0.794026 2000 -343.019
4.755 0.781012 2000 -337.397
4.76 0.768009 2000 -331.78
4.765 0.755025 2000 -326.171
4.77 0.74206 2000 -320.57
4.775 0.729091 2000 -314.967
4.78 0.7161 2000 -309.355
4.785 0.703101 2000 -303.74
4.79 0.690113 2000 -298.129
4.795 0.677132 2000 -292.521
4.8 0.664149 2000 -286.912
4.805 0.651172 2000 -281.306
4.81 0.638222 2000 -275.712
4.815 0.625293 2000 -270.126
4.82 0.612363 2000 -264.541
4.825 0.599433 2000 -258.955
4.83 0.586517 2000 -253.376
4.835 0.573621 2000 -247.804
4.84 0.560742 2000 -242.241
4.845 0.547875 2000 -236.682
4.85 0.535014 2000 -231.126
4.855 0.522161 2000 -225.573
4.86 0.509323 2000 -220.028
4.865 0.496505 2000 -214.49
4.87 0.483703 2000 -208.96
4.875 0.470925 2000 -203.439
4.88 0.458172 2000 -197.93
4.885 0.445433 2000 -192.427
4.89 0.432706 2000 -186.929
4.895 0.420003 2000 -181.441
4.9 0.407324 2000 -175.964
4.905 0.39465 2000 -170.489
4.91 0.381982 2000 -165.016
4.915 0.369358 2000 -159.563
4.92 0.356799 2000 -154.137
4.925 0.344296 2000 -148.736
4.93 0.331831 2000 -143.351
4.935 0.319394 2000 -137.978
4.94 0.306977 2000 -132.614
4.945 0.294568 2000 -127.253
4.95 0.282159 2000 -121.893
4.955 0.26975 2000 -116.532
4.96 0.257344 2000 -111.173
4.965 0.244956 2000 -105.821
4.97 0.232604 2000 -100.485
4.975 0.220297 2000 -95.1682
4.98 0.208035 2000 -89.871
4.985 0.19582 2000 -84.5944
4.99 0.183661 2000 -79.3417
4.995 0.171553 2000 -74.1109
5 0.159469 2000 -68.8905
5.005 0.147383 2000 -63.6693
5.01 0.135295 2000 -58.4476
5.015 0.123231 2000 -53.2357
5.02 0.111217 2000 -48.0458
5.025 0.099258 2000 -42.8795
5.03 0.0873321 2000 -37.7275
5.035 0.0754243 2000 -32.5833
5.04 0.0635368 2000 -27.4479
5.045 0.0516817 2000 -22.3265
5.05 0.0398666 2000 -17.2224
5.055 0.0280836 2000 -12.1321
5.06 0.0163195 2000 -7.05
5.065 0.00457156 2000 -1.97491
5.07 -0.00714794 2000 3.08791
5.075 -0.0188189 2000 8.12979
5.08 -0.0304327 2000 13.1469
5.085 -0.0419976 2000 18.143
5.09 -0.053515 2000 23.1185
5.095 -0.0649708 2000 28.0674
5.1 -0.0763596 2000 32.9874
5.105 -0.0876954 2000 37.8844
5.11 -0.0989869 2000 42.7623
5.115 -0.11023 2000 47.6192
5.12 -0.121429 2000 52.4573
5.125 -0.132595 2000 57.2812
5.13 -0.143713 2000 62.0842
5.135 -0.15475 2000 66.852
5.14 -0.165692 2000 71.5788
5.145 -0.176556 2000 76.2721
5.15 -0.187365 2000 80.9418
5.155 -0.198124 2000 85.5897
5.16 -0.208828 2000 90.2138
5.165 -0.219475 2000 94.8131
5.17 -0.230059 2000 99.3855
5.175 -0.240582 2000 103.931
5.18 -0.251052 2000 108.455
5.185 -0.261471 2000 112.955
5.19 -0.271824 2000 117.428
5.195 -0.282107 2000 121.87
5.2 -0.292321 2000 126.283
5.205 -0.302466 2000 130.665
5.21 -0.312549 2000 135.021
5.215 -0.322573 2000 139.352
5.22 -0.332523 2000 143.65
5.225 -0.342392 2000 147.914
5.23 -0.352204 2000 152.152
5.235 -0.361981 2000 156.376
5.24 -0.371728 2000 160.587
5.245 -0.381449 2000 164.786
5.25 -0.391139 2000 168.972
5.255 -0.400765 2000 173.13
5.26 -0.410292 2000 177.246
5.265 -0.419716 2000 181.317
5.27 -0.429051 2000 185.35
5.275 -0.438304 2000 189.347
5.28 -0.447469 2000 193.307
5.285 -0.456536 2000 197.223
5.29 -0.465504 2000 201.098
5.295 -0.474391 2000 204.937
5.3 -0.48322 2000 208.751
5.305 -0.491984 2000 212.537
5.31 -0.500662 2000 216.286
5.315 -0.509241 2000 219.992
5.32 -0.517718 2000 223.654
5.325 -0.526103 2000 227.276
5.33 -0.534413 2000 230.866
5.335 -0.542653 2000 234.426
5.34 -0.550811 2000 237.95
5.345 -0.558882 2000 241.437
5.35 -0.566869 2000 244.888
5.355 -0.574777 2000 248.304
5.36 -0.58261 2000 251.688
5.365 -0.590374 2000 255.042
5.37 -0.598069 2000 258.366
5.375 -0.605688 2000 261.657
5.38 -0.613217 2000 264.91
5.385 -0.62064 2000 268.117
5.39 -0.627954 2000 271.276
5.395 -0.635172 2000 274.394
5.4 -0.642315 2000 277.48
5.405 -0.649392 2000 280.537
5.41 -0.656395 2000 283.563
5.415 -0.663309 2000 286.549
5.42 -0.670114 2000 289.489
5.425 -0.676797 2000 292.376
5.43 -0.683364 2000 295.213
5.435 -0.689836 2000 298.009
5.44 -0.696222 2000 300.768
5.445 -0.702513 2000 303.486
5.45 -0.708688 2000 306.153
5.455 -0.714728 2000 308.763
5.46 -0.72064 2000 311.316
5.465 -0.726443 2000 313.823
5.47 -0.732148 2000 316.288
5.475 -0.73775 2000 318.708
5.48 -0.743239 2000 321.079
5.485 -0.748622 2000 323.405
5.49 -0.753913 2000 325.69
5.495 -0.759124 2000 327.941
5.5 -0.764264 2000 330.162
5.505 -0.769336 2000 332.353
5.51 -0.774332 2000 334.512
5.515 -0.779247 2000 336.635
5.52 -0.784079 2000 338.722
5.525 -0.78882 2000 340.77
5.53 -0.793466 2000 342.777
5.535 -0.798018 2000 344.744
5.54 -0.802462 2000 346.664
5.545 -0.806783 2000 348.53
5.55 -0.810978 2000 350.342
5.555 -0.815068 2000 352.109
5.56 -0.81907 2000 353.838
5.565 -0.822978 2000 355.526
5.57 -0.826777 2000 357.168
5.575 -0.830476 2000 358.766
5.58 -0.834098 2000 360.33
5.585 -0.837657 2000 361.868
5.59 -0.84115 2000 363.377
5.595 -0.844561 2000 364.851
5.6 -0.847872 2000 366.281
5.605 -0.85108 2000 367.666
5.61 -0.854193 2000 369.011
5.615 -0.857215 2000 370.317
5.62 -0.860134 2000 371.578
5.625 -0.862948 2000 372.794
5.63 -0.865664 2000 373.967
5.635 -0.868288 2000 375.101
5.64 -0.870828 2000 376.198
5.645 -0.873279 2000 377.257
5.65 -0.875622 2000 378.269
5.655 -0.877825 2000 379.22
5.66 -0.879885 2000 380.11
5.665 -0.881828 2000 380.95
5.67 -0.883676 2000 381.748
5.675 -0.885435 2000 382.508
5.68 -0.8871 2000 383.227
5.685 -0.888669 2000 383.905
5.69 -0.890141 2000 384.541
5.695 -0.891522 2000 385.137
5.7 -0.89282 2000 385.698
5.705 -0.894033 2000 386.222
5.71 -0.895155 2000 386.707
5.715 -0.896178 2000 387.149
5.72 -0.89708 2000 387.539
5.725 -0.897828 2000 387.862
5.73 -0.898408 2000 388.112
5.735 -0.898844 2000 388.301
5.74 -0.89917 2000 388.442
5.745 -0.8994 2000 388.541
5.75 -0.899527 2000 388.596
5.755 -0.899549 2000 388.605
5.76 -0.899474 2000 388.573
5.765 -0.899305 2000 388.5
5.77 -0.899043 2000 388.387
5.775 -0.898686 2000 388.232
5.78 -0.898227 2000 388.034
5.785 -0.897654 2000 387.786
5.79 -0.896962 2000 387.487
5.795 -0.896164 2000 387.143
5.8 -0.895269 2000 386.756
5.805 -0.894275 2000 386.327
5.81 -0.893194 2000 385.86
5.815 -0.892051 2000 385.366
5.82 -0.890852 2000 384.848
5.825 -0.889574 2000 384.296
5.83 -0.888197 2000 383.701
5.835 -0.886719 2000 383.063
5.84 -0.885149 2000 382.385
5.845 -0.883492 2000 381.669
5.85 -0.881737 2000 380.91
5.855 -0.879871 2000 380.104
5.86 -0.877898 2000 379.252
5.865 -0.87583 2000 378.358
5.87 -0.873677 2000 377.429
5.875 -0.871437 2000 376.461
5.88 -0.8691 2000 375.451
5.885 -0.866671 2000 374.402
5.89 -0.864163 2000 373.318
5.895 -0.861587 2000 372.206
5.9 -0.858945 2000 371.064
5.905 -0.856226 2000 369.89
5.91 -0.853426 2000 368.68
5.915 -0.850564 2000 367.444
5.92 -0.84766 2000 366.189
5.925 -0.844704 2000 364.912
5.93 -0.841672 2000 363.602
5.935 -0.838547 2000 362.252
5.94 -0.835329 2000 360.862
5.945 -0.832022 2000 359.433
5.95 -0.828625 2000 357.966
5.955 -0.825137 2000 356.459
5.96 -0.821559 2000 354.914
5.965 -0.817902 2000 353.334
5.97 -0.814182 2000 351.727
5.975 -0.810405 2000 350.095
5.98 -0.806558 2000 348.433
5.985 -0.802624 2000 346.734
5.99 -0.798592 2000 344.992
5.995 -0.794467 2000 343.21
6 -0.790279 2000 341.4
6.005 -0.786051 2000 339.574
6.01 -0.781769 2000 337.724
6.015 -0.777417 2000 335.844
6.02 -0.772996 2000 333.934
6.025 -0.768511 2000 331.997
6.03 -0.763956 2000 330.029
6.035 -0.759327 2000 328.029
6.04 -0.754625 2000 325.998
6.045 -0.749852 2000 323.936
6.05 -0.745024 2000 321.85
6.055 -0.740167 2000 319.752
6.06 -0.735284 2000 317.643
6.065 -0.730353 2000 315.512
6.07 -0.725352 2000 313.352
6.075 -0.720272 2000 311.157
6.08 -0.715117 2000 308.931
6.085 -0.709904 2000 306.678
6.09 -0.704644 2000 304.406
6.095 -0.699339 2000 302.115
6.1 -0.693992 2000 299.805
6.105 -0.688607 2000 297.478
6.11 -0.683177 2000 295.133
6.115 -0.677706 2000 292.769
6.12 -0.672216 2000 290.397
6.125 -0.666724 2000 288.025
6.13 -0.661214 2000 285.644
6.135 -0.655647 2000 283.24
6.14 -0.650005 2000 280.802
6.145 -0.644299 2000 278.337
6.15 -0.638541 2000 275.85
6.155 -0.632737 2000 273.342
6.16 -0.626888 2000 270.816
6.165 -0.62099 2000 268.268
6.17 -0.61502 2000 265.689
6.175 -0.608966 2000 263.073
6.18 -0.602841 2000 260.427
6.185 -0.596663 2000 257.758
6.19 -0.590432 2000 255.067
6.195 -0.584143 2000 252.35
6.2 -0.577808 2000 249.613
6.205 -0.571435 2000 246.86
6.21 -0.565021 2000 244.089
6.215 -0.558557 2000 241.297
6.22 -0.552047 2000 238.484
6.225 -0.545495 2000 235.654
6.23 -0.5389 2000 232.805
6.235 -0.532257 2000 229.935
6.24 -0.525561 2000 227.043
6.245 -0.518818 2000 224.13
6.25 -0.512034 2000 221.199
6.255 -0.505213 2000 218.252
6.26 -0.498363 2000 215.293
6.265 -0.491486 2000 212.322
6.27 -0.484572 2000 209.335
6.275 -0.477619 2000 206.332
6.28 -0.470644 2000 203.318
6.285 -0.46366 2000 200.301
6.29 -0.456663 2000 197.279
6.295 -0.449635 2000 194.242
6.3 -0.442562 2000 191.187
6.305 -0.435442 2000 188.111
6.31 -0.428281 2000 185.017
6.315 -0.421083 2000 181.908
6.32 -0.413849 2000 178.783
6.325 -0.406568 2000 175.637
6.33 -0.399225 2000 172.465
6.335 -0.391817 2000 169.265
6.34 -0.384354 2000 166.041
6.345 -0.376863 2000 162.805
6.35 -0.369362 2000 159.564
6.355 -0.361846 2000 156.317
6.36 -0.354289 2000 153.053
6.365 -0.346702 2000 149.775
6.37 -0.339138 2000 146.508
6.375 -0.331639 2000 143.268
6.38 -0.324188 2000 140.049
6.385 -0.316735 2000 136.83
6.39 -0.309242 2000 133.593
6.395 -0.301706 2000 130.337
6.4 -0.294141 2000 127.069
6.405 -0.286558 2000 123.793
6.41 -0.278956 2000 120.509
6.415 -0.271334 2000 117.216
6.42 -0.263697 2000 113.917
6.425 -0.256049 2000 110.613
6.43 -0.248398 2000 107.308
6.435 -0.240745 2000 104.002
6.44 -0.233092 2000 100.696
6.445 -0.225453 2000 97.3959
6.45 -0.217847 2000 94.1101
6.455 -0.210269 2000 90.836
6.46 -0.2027 2000 87.5663
6.465 -0.195136 2000 84.2987
6.47 -0.18758 2000 81.0346
6.475 -0.180034 2000 77.7747
6.48 -0.172491 2000 74.5162
6.485 -0.164939 2000 71.2534
6.49 -0.157369 2000 67.9833
6.495 -0.149793 2000 64.7106
6.5 -0.142239 2000 61.4472
6.505 -0.13472 2000 58.1992
6.51 -0.127223 2000 54.9604
6.515 -0.119732 2000 51.7242
6.52 -0.112256 2000 48.4946
6.525 -0.104806 2000 45.2762
6.53 -0.0973686 2000 42.0632
6.535 -0.0899185 2000 38.8448
6.54 -0.0824439 2000 35.6158
6.545 -0.0749499 2000 32.3783
6.55 -0.067451 2000 29.1388
6.555 -0.0599576 2000 25.9017
6.56 -0.052467 2000 22.6657
6.565 -0.0449729 2000 19.4283
6.57 -0.0374754 2000 16.1894
6.575 -0.0299756 2000 12.9494
6.58 -0.0224664 2000 9.70549
6.585 -0.0149366 2000 6.45263
6.59 -0.00738607 2000 3.19078
6.595 0.000168386 2000 -0.0727429
6.6 0.00770802 2000 -3.32986
6.605 0.0152323 2000 -6.58035
6.61 0.022747 2000 -9.82672
6.615 0.0302343 2000 -13.0612
6.62 0.0376732 2000 -16.2748
6.625 0.0450774 2000 -19.4734
6.63 0.052472 2000 -22.6679
6.635 0.059861 2000 -25.86
6.64 0.067238 2000 -29.0468
6.645 0.0746088 2000 -32.231
6.65 0.0819858 2000 -35.4179
6.655 0.0893675 2000 -38.6067
6.66 0.0967432 2000 -41.7931
6.665 0.104099 2000 -44.9707
6.67 0.111407 2000 -48.1276
6.675 0.118636 2000 -51.2509
6.68 0.125789 2000 -54.3407
6.685 0.132899 2000 -57.4124
6.69 0.139999 2000 -60.4795
6.695 0.147092 2000 -63.5437
6.7 0.154169 2000 -66.6011
6.705 0.16123 2000 -69.6515
6.71 0.16828 2000 -72.6971
6.715 0.175316 2000 -75.7367
6.72 0.182329 2000 -78.7663
6.725 0.189318 2000 -81.7853
6.73 0.196284 2000 -84.7947
6.735 0.203219 2000 -87.7906
6.74 0.210117 2000 -90.7704
6.745 0.216995 2000 -93.742
6.75 0.223877 2000 -96.7147
6.755 0.23075 2000 -99.6839
6.76 0.23759 2000 -102.639
6.765 0.244387 2000 -105.575
6.77 0.251146 2000 -108.495
6.775 0.25788 2000 -111.404
6.78 0.264597 2000 -114.306
6.785 0.271296 2000 -117.2
6.79 0.277969 2000 -120.082
6.795 0.284593 2000 -122.944
6.8 0.291134 2000 -125.77
6.805 0.297586 2000 -128.557
6.81 0.303974 2000 -131.317
6.815 0.310322 2000 -134.059
6.82 0.316628 2000 -136.783
6.825 0.322895 2000 -139.491
6.83 0.329133 2000 -142.185
6.835 0.335343 2000 -144.868
6.84 0.341514 2000 -147.534
6.845 0.347634 2000 -150.178
6.85 0.353707 2000 -152.801
6.855 0.359743 2000 -155.409
6.86 0.365753 2000 -158.005
6.865 0.371733 2000 -160.589
6.87 0.377678 2000 -163.157
6.875 0.38358 2000 -165.706
6.88 0.389428 2000 -168.233
6.885 0.395229 2000 -170.739
6.89 0.400999 2000 -173.232
6.895 0.406738 2000 -175.711
6.9 0.412424 2000 -178.167
6.905 0.418052 2000 -180.599
6.91 0.423633 2000 -183.009
6.915 0.429169 2000 -185.401
6.92 0.43465 2000 -187.769
6.925 0.44008 2000 -190.115
6.93 0.445472 2000 -192.444
6.935 0.450823 2000 -194.755
6.94 0.456108 2000 -197.039
6.945 0.461315 2000 -199.288
6.95 0.466461 2000 -201.511
6.955 0.471572 2000 -203.719
6.96 0.47666 2000 -205.917
6.965 0.481714 2000 -208.101
6.97 0.486722 2000 -210.264
6.975 0.491669 2000 -212.401
6.98 0.496546 2000 -214.508
6.985 0.501362 2000 -216.588
6.99 0.50614 2000 -218.653
6.995 0.510884 2000 -220.702
7 0.515554 2000 -222.719
7.005 0.520111 2000 -224.688
7.01 0.524559 2000 -226.61
7.015 0.52893 2000 -228.498
7.02 0.533236 2000 -230.358
7.025 0.53747 2000 -232.187
7.03 0.541613 2000 -233.977
7.035 0.545654 2000 -235.722
7.04 0.549596 2000 -237.425
7.045 0.553459 2000 -239.094
7.05 0.557258 2000 -240.736
7.055 0.560998 2000 -242.351
7.06 0.564678 2000 -243.941
7.065 0.568288 2000 -245.5
7.07 0.571807 2000 -247.02
7.075 0.575222 2000 -248.496
7.08 0.578536 2000 -249.928
7.085 0.581766 2000 -251.323
7.09 0.584926 2000 -252.688
7.095 0.588022 2000 -254.025
7.1 0.591048 2000 -255.333
7.105 0.594 2000 -256.608
7.11 0.596884 2000 -257.854
7.115 0.599704 2000 -259.072
7.12 0.602459 2000 -260.262
7.125 0.605141 2000 -261.421
7.13 0.607745 2000 -262.546
7.135 0.610271 2000 -263.637
7.14 0.612713 2000 -264.692
7.145 0.615075 2000 -265.712
7.15 0.617384 2000 -266.71
7.155 0.619668 2000 -267.696
7.16 0.621911 2000 -268.665
7.165 0.624078 2000 -269.602
7.17 0.626162 2000 -270.502
7.175 0.628183 2000 -271.375
7.18 0.63015 2000 -272.225
7.185 0.632054 2000 -273.048
7.19 0.633878 2000 -273.835
7.195 0.635614 2000 -274.585
7.2 0.637272 2000 -275.301
7.205 0.638854 2000 -275.985
7.21 0.640353 2000 -276.632
7.215 0.64177 2000 -277.244
7.22 0.643128 2000 -277.831
7.225 0.644443 2000 -278.399
7.23 0.6457 2000 -278.942
7.235 0.646882 2000 -279.453
7.24 0.647997 2000 -279.935
7.245 0.64905 2000 -280.39
7.25 0.650031 2000 -280.813
7.255 0.650926 2000 -281.2
7.26 0.651745 2000 -281.554
7.265 0.652506 2000 -281.883
7.27 0.653206 2000 -282.185
7.275 0.653825 2000 -282.453
7.28 0.654354 2000 -282.681
7.285 0.654794 2000 -282.871
7.29 0.655152 2000 -283.026
7.295 0.655441 2000 -283.15
7.3 0.655667 2000 -283.248
7.305 0.655829 2000 -283.318
7.31 0.655924 2000 -283.359
7.315 0.655944 2000 -283.368
7.32 0.655877 2000 -283.339
7.325 0.655709 2000 -283.266
7.33 0.655442 2000 -283.151
7.335 0.655093 2000 -283
7.34 0.65467 2000 -282.817
7.345 0.654168 2000 -282.601
7.35 0.653576 2000 -282.345
7.355 0.652885 2000 -282.046
7.36 0.65211 2000 -281.711
7.365 0.651269 2000 -281.348
7.37 0.65037 2000 -280.96
7.375 0.649406 2000 -280.543
7.38 0.648373 2000 -280.097
7.385 0.647265 2000 -279.619
7.39 0.64608 2000 -279.107
7.395 0.644823 2000 -278.563
7.4 0.643488 2000 -277.987
7.405 0.642053 2000 -277.367
7.41 0.640503 2000 -276.697
7.415 0.638859 2000 -275.987
7.42 0.637143 2000 -275.246
7.425 0.635353 2000 -274.472
7.43 0.633471 2000 -273.659
7.435 0.631479 2000 -272.799
7.44 0.62937 2000 -271.888
7.445 0.627162 2000 -270.934
7.45 0.62489 2000 -269.952
7.455 0.622578 2000 -268.954
7.46 0.620221 2000 -267.935
7.465 0.617788 2000 -266.884
7.47 0.615254 2000 -265.79
7.475 0.612618 2000 -264.651
7.48 0.609899 2000 -263.476
7.485 0.607112 2000 -262.273
7.49 0.60425 2000 -261.036
7.495 0.601301 2000 -259.762
7.5 0.59827 2000 -258.453
7.505 0.595171 2000 -257.114
7.51 0.592015 2000 -255.75
7.515 0.588795 2000 -254.359
7.52 0.585488 2000 -252.931
7.525 0.582084 2000 -251.46
7.53 0.578601 2000 -249.955
7.535 0.575056 2000 -248.424
7.54 0.571445 2000 -246.864
7.545 0.567753 2000 -245.269
7.55 0.563965 2000 -243.633
7.555 0.560087 2000 -241.958
7.56 0.556135 2000 -240.25
7.565 0.552112 2000 -238.512
7.57 0.548016 2000 -236.743
7.575 0.543848 2000 -234.942
7.58 0.539602 2000 -233.108
7.585 0.535262 2000 -231.233
7.59 0.530819 2000 -229.314
7.595 0.526275 2000 -227.351
7.6 0.521634 2000 -225.346
7.605 0.516905 2000 -223.303
7.61 0.512113 2000 -221.233
7.615 0.507285 2000 -219.147
7.62 0.502414 2000 -217.043
7.625 0.497468 2000 -214.906
7.63 0.492422 2000 -212.726
7.635 0.487282 2000 -210.506
7.64 0.482074 2000 -208.256
7.645 0.476813 2000 -205.983
7.65 0.471492 2000 -203.685
7.655 0.4661 2000 -201.355
7.66 0.460628 2000 -198.991
7.665 0.455079 2000 -196.594
7.67 0.449458 2000 -194.166
7.675 0.443772 2000 -191.71
7.68 0.43804 2000 -189.233
7.685 0.432276 2000 -186.743
7.69 0.426476 2000 -184.238
7.695 0.420621 2000 -181.708
7.7 0.414697 2000 -179.149
7.705 0.408717 2000 -176.566
7.71 0.402702 2000 -173.967
7.715 0.396638 2000 -171.347
7.72 0.390495 2000 -168.694
7.725 0.384288 2000 -166.012
7.73 0.378058 2000 -163.321
7.735 0.371801 2000 -160.618
7.74 0.365482 2000 -157.888
7.745 0.359101 2000 -155.132
7.75 0.35269 2000 -152.362
7.755 0.346257 2000 -149.583
7.76 0.339781 2000 -146.785
7.765 0.333248 2000 -143.963
7.77 0.326668 2000 -141.121
7.775 0.320052 2000 -138.263
7.78 0.313406 2000 -135.391
7.785 0.306729 2000 -132.507
7.79 0.300016 2000 -129.607
7.795 0.29326 2000 -126.688
7.8 0.286463 2000 -123.752
7.805 0.279628 2000 -120.799
7.81 0.272732 2000 -117.82
7.815 0.265744 2000 -114.801
7.82 0.258664 2000 -111.743
7.825 0.251526 2000 -108.659
7.83 0.244353 2000 -105.56
7.835 0.237127 2000 -102.439
7.84 0.229827 2000 -99.2853
7.845 0.22245 2000 -96.0986
7.85 0.215008 2000 -92.8833
7.855 0.207512 2000 -89.6453
7.86 0.199978 2000 -86.3906
7.865 0.192407 2000 -83.1198
7.87 0.184787 2000 -79.8282
7.875 0.177115 2000 -76.5137
7.88 0.169401 2000 -73.1812
7.885 0.161659 2000 -69.8367
7.89 0.153893 2000 -66.4817
7.895 0.1461 2000 -63.1154
7.9 0.138283 2000 -59.7383
7.905 0.13045 2000 -56.3543
7.91 0.122606 2000 -52.9658
7.915 0.114739 2000 -49.5671
7.92 0.106822 2000 -46.1471
7.925 0.0988462 2000 -42.7016
7.93 0.0908299 2000 -39.2385
7.935 0.0827974 2000 -35.7685
7.94 0.074753 2000 -32.2933
7.945 0.0666859 2000 -28.8083
7.95 0.058586 2000 -25.3092
7.955 0.0504469 2000 -21.7931
7.96 0.0422676 2000 -18.2596
7.965 0.0340579 2000 -14.713
7.97 0.025832 2000 -11.1594
7.975 0.0176006 2000 -7.60347
7.98 0.00936718 2000 -4.04662
7.985 0.0011267 2000 -0.486733
7.99 -0.00712956 2000 3.07997
7.995 -0.0154119 2000 6.65794
8 -0.0237367 2000 10.2542
8.005 -0.032113 2000 13.8728
8.01 -0.0405242 2000 17.5065
8.015 -0.0489496 2000 21.1462
8.02 -0.057395 2000 24.7947
8.025 -0.0658788 2000 28.4597
8.03 -0.0744031 2000 32.1421
8.035 -0.0829548 2000 35.8365
8.04 -0.0915247 2000 39.5387
8.045 -0.100112 2000 43.2484
8.05 -0.108716 2000 46.9651
8.055 -0.117329 2000 50.6862
8.06 -0.125946 2000 54.4087
8.065 -0.134564 2000 58.1314
8.07 -0.14318 2000 61.8539
8.075 -0.151799 2000 65.577
8.08 -0.160425 2000 69.3035
8.085 -0.169059 2000 73.0336
8.09 -0.177691 2000 76.7624
8.095 -0.186317 2000 80.4891
8.1 -0.194958 2000 84.222
8.105 -0.203631 2000 87.9687
8.11 -0.212331 2000 91.7269
8.115 -0.221037 2000 95.488
8.12 -0.229725 2000 99.2413
8.125 -0.238379 2000 102.98
8.13 -0.247002 2000 106.705
8.135 -0.255606 2000 110.422
8.14 -0.264199 2000 114.134
8.145 -0.272786 2000 117.843
8.15 -0.281375 2000 121.554
8.155 -0.289966 2000 125.265
8.16 -0.298552 2000 128.974
8.165 -0.307117 2000 132.674
8.17 -0.315653 2000 136.362
8.175 -0.324178 2000 140.045
8.18 -0.332722 2000 143.736
8.185 -0.34129 2000 147.437
8.19 -0.349858 2000 151.139
8.195 -0.358407 2000 154.832
8.2 -0.366944 2000 158.52
8.205 -0.375481 2000 162.208
8.21 -0.384026 2000 165.899
8.215 -0.392587 2000 169.597
8.22 -0.401156 2000 173.3
8.225 -0.409708 2000 176.994
8.23 -0.418223 2000 180.672
8.235 -0.4267 2000 184.335
8.24 -0.435154 2000 187.987
8.245 -0.443595 2000 191.633
8.25 -0.452026 2000 195.275
8.255 -0.460443 2000 198.911
8.26 -0.468839 2000 202.538
8.265 -0.477215 2000 206.157
8.27 -0.485582 2000 209.772
8.275 -0.49394 2000 213.382
8.28 -0.502277 2000 216.984
8.285 -0.510578 2000 220.57
8.29 -0.518845 2000 224.141
8.295 -0.527105 2000 227.709
8.3 -0.535383 2000 231.285
8.305 -0.543664 2000 234.863
8.31 -0.551916 2000 238.428
8.315 -0.560128 2000 241.975
8.32 -0.568305 2000 245.508
8.325 -0.576455 2000 249.029
8.33 -0.584579 2000 252.538
8.335 -0.592665 2000 256.031
8.34 -0.600704 2000 259.504
8.345 -0.608694 2000 262.956
8.35 -0.616635 2000 266.386
8.355 -0.624527 2000 269.796
8.36 -0.632386 2000 273.191
8.365 -0.640224 2000 276.577
8.37 -0.648037 2000 279.952
8.375 -0.655815 2000 283.312
8.38 -0.663559 2000 286.658
8.385 -0.671276 2000 289.991
8.39 -0.678966 2000 293.313
8.395 -0.686629 2000 296.624
8.4 -0.69427 2000 299.925
8.405 -0.70191 2000 303.225
8.41 -0.709559 2000 306.53
8.415 -0.717204 2000 309.832
8.42 -0.724819 2000 313.122
8.425 -0.732392 2000 316.393
8.43 -0.739914 2000 319.643
8.435 -0.747384 2000 322.87
8.44 -0.754805 2000 326.076
8.445 -0.762188 2000 329.265
8.45 -0.769541 2000 332.442
8.455 -0.776864 2000 335.605
8.46 -0.784154 2000 338.755
8.465 -0.791414 2000 341.891
8.47 -0.798646 2000 345.015
8.475 -0.805851 2000 348.128
8.48 -0.813033 2000 351.23
8.485 -0.820194 2000 354.324
8.49 -0.827335 2000 357.409
8.495 -0.83446 2000 360.487
8.5 -0.841566 2000 363.557
8.505 -0.848644 2000 366.614
8.51 -0.855684 2000 369.655
8.515 -0.86268 2000 372.678
8.52 -0.86962 2000 375.676
8.525 -0.876501 2000 378.649
8.53 -0.883343 2000 381.604
8.535 -0.89017 2000 384.553
8.54 -0.89698 2000 387.496
8.545 -0.903751 2000 390.42
8.55 -0.910459 2000 393.318
8.555 -0.917095 2000 396.185
8.56 -0.923668 2000 399.025
8.565 -0.930199 2000 401.846
8.57 -0.93671 2000 404.659
8.575 -0.943216 2000 407.469
8.58 -0.949718 2000 410.278
8.585 -0.956207 2000 413.081
8.59 -0.962668 2000 415.872
8.595 -0.969088 2000 418.646
8.6 -0.975462 2000 421.4
8.605 -0.9818 2000 424.137
8.61 -0.988107 2000 426.862
8.615 -0.994373 2000 429.569
8.62 -1.00058 2000 432.252
8.625 -1.00673 2000 434.906
8.63 -1.0128 2000 437.529
8.635 -1.0188 2000 440.12
8.64 -1.02473 2000 442.682
8.645 -1.03059 2000 445.217
8.65 -1.03639 2000 447.721
8.655 -1.04212 2000 450.195
8.66 -1.04777 2000 452.637
8.665 -1.05334 2000 455.044
8.67 -1.05884 2000 457.419
8.675 -1.06427 2000 459.764
8.68 -1.06963 2000 462.079
8.685 -1.0749 2000 464.356
8.69 -1.08008 2000 466.594
8.695 -1.08518 2000 468.799
8.7 -1.09022 2000 470.976
8.705 -1.0952 2000 473.126
8.71 -1.10012 2000 475.252
8.715 -1.10499 2000 477.356
8.72 -1.10981 2000 479.436
8.725 -1.11454 2000 481.48
8.73 -1.11916 2000 483.478
8.735 -1.12368 2000 485.429
8.74 -1.12811 2000 487.343
8.745 -1.13247 2000 489.227
8.75 -1.13676 2000 491.08
8.755 -1.14096 2000 492.897
8.76 -1.14507 2000 494.672
8.765 -1.14909 2000 496.406
8.77 -1.15302 2000 498.104
8.775 -1.15688 2000 499.772
8.78 -1.16068 2000 501.416
8.785 -1.16443 2000 503.033
8.79 -1.1681 2000 504.617
8.795 -1.17169 2000 506.17
8.8 -1.17523 2000 507.699
8.805 -1.17872 2000 509.207
8.81 -1.18216 2000 510.691
8.815 -1.18552 2000 512.144
8.82 -1.18881 2000 513.566
8.825 -1.19203 2000 514.955
8.83 -1.19516 2000 516.307
8.835 -1.1982 2000 517.622
8.84 -1.20116 2000 518.902
8.845 -1.20405 2000 520.15
8.85 -1.20687 2000 521.369
8.855 -1.20963 2000 522.559
8.86 -1.21231 2000 523.718
8.865 -1.21491 2000 524.843
8.87 -1.21743 2000 525.93
8.875 -1.21986 2000 526.98
8.88 -1.2222 2000 527.99
8.885 -1.22444 2000 528.957
8.89 -1.22657 2000 529.877
8.895 -1.22858 2000 530.747
8.9 -1.23051 2000 531.582
8.905 -1.23239 2000 532.392
8.91 -1.23419 2000 533.171
8.915 -1.2359 2000 533.908
8.92 -1.2375 2000 534.6
8.925 -1.23901 2000 535.251
8.93 -1.24043 2000 535.867
8.935 -1.24178 2000 536.448
8.94 -1.24303 2000 536.988
8.945 -1.24417 2000 537.483
8.95 -1.24522 2000 537.934
8.955 -1.24617 2000 538.345
8.96 -1.24704 2000 538.721
8.965 -1.24782 2000 539.058
8.97 -1.24851 2000 539.358
8.975 -1.24912 2000 539.622
8.98 -1.24965 2000 539.849
8.985 -1.25008 2000 540.033
8.99 -1.2504 2000 540.173
8.995 -1.25065 2000 540.281
9 -1.25085 2000 540.366
9.005 -1.25099 2000 540.43
9.01 -1.25107 2000 540.463
9.015 -1.25106 2000 540.46
9.02 -1.25097 2000 540.42
9.025 -1.25079 2000 540.342
9.03 -1.25053 2000 540.229
9.035 -1.25019 2000 540.08
9.04 -1.24975 2000 539.894
9.045 -1.24921 2000 539.66
9.05 -1.24856 2000 539.376
9.055 -1.24781 2000 539.056
9.06 -1.24702 2000 538.713
9.065 -1.24617 2000 538.345
9.07 -1.24523 2000 537.941
9.075 -1.24421 2000 537.499
9.08 -1.2431 2000 537.021
9.085 -1.24192 2000 536.508
9.09 -1.24064 2000 535.955
9.095 -1.23924 2000 535.351
9.1 -1.23771 2000 534.692
9.105 -1.23608 2000 533.987
9.11 -1.23437 2000 533.25
9.115 -1.23259 2000 532.479
9.12 -1.23072 2000 531.669
9.125 -1.22876 2000 530.823
9.13 -1.22672 2000 529.942
9.135 -1.22459 2000 529.024
9.14 -1.22237 2000 528.065
9.145 -1.22005 2000 527.061
9.15 -1.21762 2000 526.012
9.155 -1.21509 2000 524.917
9.16 -1.21246 2000 523.785
9.165 -1.20978 2000 522.624
9.17 -1.20703 2000 521.439
9.175 -1.20423 2000 520.228
9.18 -1.20136 2000 518.988
9.185 -1.19842 2000 517.719
9.19 -1.19543 2000 516.424
9.195 -1.19239 2000 515.111
9.2 -1.1893 2000 513.776
9.205 -1.18614 2000 512.412
9.21 -1.18292 2000 511.02
9.215 -1.17964 2000 509.606
9.22 -1.17633 2000 508.175
9.225 -1.17296 2000 506.718
9.23 -1.16951 2000 505.227
9.235 -1.16598 2000 503.704
9.24 -1.1624 2000 502.155
9.245 -1.15875 2000 500.578
9.25 -1.15502 2000 498.968
9.255 -1.15119 2000 497.314
9.26 -1.14725 2000 495.612
9.265 -1.14322 2000 493.872
9.27 -1.13914 2000 492.109
9.275 -1.13501 2000 490.325
9.28 -1.13082 2000 488.514
9.285 -1.12655 2000 486.67
9.29 -1.12222 2000 484.797
9.295 -1.11782 2000 482.897
9.3 -1.11335 2000 480.969
9.305 -1.10884 2000 479.018
9.31 -1.10427 2000 477.044
9.315 -1.09963 2000 475.041
9.32 -1.09492 2000 473.006
9.325 -1.09013 2000 470.937
9.33 -1.08528 2000 468.839
9.335 -1.08036 2000 466.714
9.34 -1.07539 2000 464.57
9.345 -1.0704 2000 462.413
9.35 -1.06537 2000 460.241
9.355 -1.06029 2000 458.047
9.36 -1.05516 2000 455.828
9.365 -1.04997 2000 453.585
9.37 -1.04473 2000 451.323
9.375 -1.03945 2000 449.043
9.38 -1.03413 2000 446.746
9.385 -1.02877 2000 444.428
9.39 -1.02335 2000 442.086
9.395 -1.01787 2000 439.719
9.4 -1.01234 2000 437.329
9.405 -1.00674 2000 434.913
9.41 -1.00108 2000 432.468
9.415 -0.995365 2000 429.998
9.42 -0.989595 2000 427.505
9.425 -0.983772 2000 424.989
9.43 -0.977894 2000 422.45
9.435 -0.971966 2000 419.89
9.44 -0.965985 2000 417.305
9.445 -0.959945 2000 414.696
9.45 -0.953844 2000 412.061
9.455 -0.947674 2000 409.395
9.46 -0.941437 2000 406.701
9.465 -0.935142 2000 403.981
9.47 -0.928789 2000 401.237
9.475 -0.922362 2000 398.46
9.48 -0.915859 2000 395.651
9.485 -0.909298 2000 392.817
9.49 -0.902685 2000 389.96
9.495 -0.896022 2000 387.082
9.5 -0.889312 2000 384.183
9.505 -0.882543 2000 381.259
9.51 -0.875687 2000 378.297
9.515 -0.868739 2000 375.295
9.52 -0.861721 2000 372.264
9.525 -0.854654 2000 369.211
9.53 -0.847535 2000 366.135
9.535 -0.840359 2000 363.035
9.54 -0.833129 2000 359.912
9.545 -0.825853 2000 356.769
9.55 -0.818529 2000 353.605
9.555 -0.811148 2000 350.416
9.56 -0.8037 2000 347.199
9.565 -0.796187 2000 343.953
9.57 -0.788628 2000 340.687
9.575 -0.781037 2000 337.408
9.58 -0.773396 2000 334.107
9.585 -0.765689 2000 330.778
9.59 -0.757936 2000 327.429
9.595 -0.750172 2000 324.074
9.6 -0.7424 2000 320.717
9.605 -0.734607 2000 317.35
9.61 -0.726781 2000 313.97
9.615 -0.718927 2000 310.576
9.62 -0.71105 2000 307.174
9.625 -0.703155 2000 303.763
9.63 -0.695236 2000 300.342
9.635 -0.687284 2000 296.907
9.64 -0.67929 2000 293.453
9.645 -0.671253 2000 289.981
9.65 -0.663172 2000 286.49
9.655 -0.655042 2000 282.978
9.66 -0.646874 2000 279.45
9.665 -0.638685 2000 275.912
9.67 -0.630486 2000 272.37
9.675 -0.622273 2000 268.822
9.68 -0.614027 2000 265.26
9.685 -0.605732 2000 261.676
9.69 -0.597386 2000 258.071
9.695 -0.58901 2000 254.452
9.7 -0.58064 2000 250.836
9.705 -0.572299 2000 247.233
9.71 -0.563986 2000 243.642
9.715 -0.555675 2000 240.051
9.72 -0.547333 2000 236.448
9.725 -0.53894 2000 232.822
9.73 -0.5305 2000 229.176
9.735 -0.52203 2000 225.517
9.74 -0.51353 2000 221.845
9.745 -0.504987 2000 218.154
9.75 -0.496395 2000 214.442
9.755 -0.487761 2000 210.713
9.76 -0.479108 2000 206.975
9.765 -0.470448 2000 203.233
9.77 -0.461766 2000 199.483
9.775 -0.453048 2000 195.717
9.78 -0.444302 2000 191.938
9.785 -0.435547 2000 188.156
9.79 -0.426788 2000 184.372
9.795 -0.418013 2000 180.581
9.8 -0.409213 2000 176.78
9.805 -0.40039 2000 172.968
9.81 -0.391544 2000 169.147
9.815 -0.382676 2000 165.316
9.82 -0.373796 2000 161.48
9.825 -0.364914 2000 157.643
9.83 -0.356039 2000 153.809
9.835 -0.347167 2000 149.976
9.84 -0.338289 2000 146.141
9.845 -0.3294 2000 142.301
9.85 -0.320504 2000 138.458
9.855 -0.311608 2000 134.615
9.86 -0.302711 2000 130.771
9.865 -0.29381 2000 126.926
9.87 -0.284905 2000 123.079
9.875 -0.275993 2000 119.229
9.88 -0.267071 2000 115.375
9.885 -0.258153 2000 111.522
9.89 -0.249247 2000 107.675
9.895 -0.240343 2000 103.828
9.9 -0.231434 2000 99.9794
9.905 -0.222537 2000 96.1359
9.91 -0.213673 2000 92.3066
9.915 -0.204844 2000 88.4927
9.92 -0.196047 2000 84.6924
9.925 -0.187279 2000 80.9045
9.93 -0.178531 2000 77.1255
9.935 -0.169799 2000 73.3532
9.94 -0.161087 2000 69.5895
9.945 -0.152393 2000 65.8337
9.95 -0.14371 2000 62.0828
9.955 -0.135047 2000 58.3401
9.96 -0.12641 2000 54.609
9.965 -0.117788 2000 50.8842
9.97 -0.109168 2000 47.1607
9.975 -0.100563 2000 43.4433
9.98 -0.0919917 2000 39.7404
9.985 -0.0834559 2000 36.0529
9.99 -0.0749432 2000 32.3755
9.995 -0.0664502 2000 28.7065
10 -0.0579879 2000 25.0508
10.005 -0.0495603 2000 21.41
10.01 -0.0411548 2000 17.7789
10.015 -0.0327645 2000 14.1543
10.02 -0.0243979 2000 10.5399
10.025 -0.0160663 2000 6.94062
10.03 -0.00777841 2000 3.36027
10.035 0.000461194 2000 -0.199236
10.04 0.00865777 2000 -3.74016
10.045 0.0168248 2000 -7.2683
10.05 0.0249726 2000 -10.7881
10.055 0.0331009 2000 -14.2996
10.06 0.0412078 2000 -17.8017
10.065 0.0492992 2000 -21.2972
10.07 0.0573805 2000 -24.7884
10.075 0.0654535 2000 -28.2759
10.08 0.0735176 2000 -31.7596
10.085 0.0815538 2000 -35.2313
10.09 0.0895308 2000 -38.6773
10.095 0.0974413 2000 -42.0946
10.1 0.105309 2000 -45.4935
10.105 0.113158 2000 -48.8844
10.11 0.121 2000 -52.2721
10.115 0.128834 2000 -55.6564
10.12 0.136647 2000 -59.0316
10.125 0.144426 2000 -62.3922
10.13 0.15218 2000 -65.7417
10.135 0.159934 2000 -69.0913
10.14 0.167692 2000 -72.4432
10.145 0.175424 2000 -75.7832
10.15 0.183096 2000 -79.0975
10.155 0.190707 2000 -82.3856
10.16 0.198273 2000 -85.6539
10.165 0.205801 2000 -88.9061
10.17 0.213292 2000 -92.142
10.175 0.220739 2000 -95.3595
10.18 0.228135 2000 -98.5544
10.185 0.235472 2000 -101.724
10.19 0.242743 2000 -104.865
10.195 0.249941 2000 -107.974
10.2 0.257071 2000 -111.054
10.205 0.264149 2000 -114.112
10.21 0.27119 2000 -117.154
10.215 0.278201 2000 -120.183
10.22 0.285182 2000 -123.199
10.225 0.292129 2000 -126.2
10.23 0.299031 2000 -129.182
10.235 0.305876 2000 -132.138
10.24 0.312657 2000 -135.068
10.245 0.319385 2000 -137.974
10.25 0.326081 2000 -140.867
10.255 0.332762 2000 -143.753
10.26 0.339409 2000 -146.625
10.265 0.345984 2000 -149.465
10.27 0.352472 2000 -152.268
10.275 0.358899 2000 -155.045
10.28 0.365296 2000 -157.808
10.285 0.371661 2000 -160.558
10.29 0.377983 2000 -163.289
10.295 0.384254 2000 -165.998
10.3 0.390469 2000 -168.683
10.305 0.396618 2000 -171.339
10.31 0.402696 2000 -173.965
10.315 0.40872 2000 -176.567
10.32 0.414707 2000 -179.154
10.325 0.420659 2000 -181.725
10.33 0.426565 2000 -184.276
10.335 0.432424 2000 -186.807
10.34 0.438234 2000 -189.317
10.345 0.443982 2000 -191.8
10.35 0.449659 2000 -194.253
10.355 0.45528 2000 -196.681
10.36 0.460863 2000 -199.093
10.365 0.466411 2000 -201.49
10.37 0.471911 2000 -203.865
10.375 0.477348 2000 -206.214
10.38 0.482717 2000 -208.534
10.385 0.488019 2000 -210.824
10.39 0.493257 2000 -213.087
10.395 0.498432 2000 -215.323
10.4 0.503533 2000 -217.526
10.405 0.508539 2000 -219.689
10.41 0.513445 2000 -221.808
10.415 0.518262 2000 -223.889
10.42 0.523009 2000 -225.94
10.425 0.527693 2000 -227.963
10.43 0.532314 2000 -229.96
10.435 0.536875 2000 -231.93
10.44 0.541378 2000 -233.875
10.445 0.545813 2000 -235.791
10.45 0.550168 2000 -237.673
10.455 0.554448 2000 -239.521
10.46 0.558665 2000 -241.343
10.465 0.562815 2000 -243.136
10.47 0.566893 2000 -244.898
10.475 0.570912 2000 -246.634
10.48 0.574886 2000 -248.351
10.485 0.578809 2000 -250.045
10.49 0.582671 2000 -251.714
10.495 0.586477 2000 -253.358
10.5 0.590225 2000 -254.977
10.505 0.593906 2000 -256.567
10.51 0.597519 2000 -258.128
10.515 0.60106 2000 -259.658
10.52 0.604516 2000 -261.151
10.525 0.607879 2000 -262.604
10.53 0.611153 2000 -264.018
10.535 0.614342 2000 -265.396
10.54 0.617448 2000 -266.737
10.545 0.62047 2000 -268.043
10.55 0.623406 2000 -269.311
10.555 0.626245 2000 -270.538
10.56 0.628994 2000 -271.725
10.565 0.631663 2000 -272.878
10.57 0.634261 2000 -274.001
10.575 0.636794 2000 -275.095
10.58 0.639263 2000 -276.162
10.585 0.641663 2000 -277.198
10.59 0.643996 2000 -278.206
10.595 0.646264 2000 -279.186
10.6 0.648443 2000 -280.127
10.605 0.650513 2000 -281.022
10.61 0.652485 2000 -281.874
10.615 0.654383 2000 -282.693
10.62 0.656212 2000 -283.484
10.625 0.657964 2000 -284.241
10.63 0.659634 2000 -284.962
10.635 0.661224 2000 -285.649
10.64 0.662738 2000 -286.303
10.645 0.664175 2000 -286.924
10.65 0.665541 2000 -287.514
10.655 0.666837 2000 -288.073
10.66 0.66806 2000 -288.602
10.665 0.669207 2000 -289.097
10.67 0.670279 2000 -289.561
10.675 0.671284 2000 -289.995
10.68 0.672224 2000 -290.401
10.685 0.673096 2000 -290.778
10.69 0.673906 2000 -291.127
10.695 0.674653 2000 -291.45
10.7 0.675324 2000 -291.74
10.705 0.675911 2000 -291.993
10.71 0.676419 2000 -292.213
10.715 0.676863 2000 -292.405
10.72 0.677271 2000 -292.581
10.725 0.67768 2000 -292.758
10.73 0.678086 2000 -292.933
10.735 0.678438 2000 -293.085
10.74 0.678699 2000 -293.198
10.745 0.678878 2000 -293.275
10.75 0.678997 2000 -293.327
10.755 0.679064 2000 -293.356
10.76 0.679081 2000 -293.363
10.765 0.679053 2000 -293.351
10.77 0.678983 2000 -293.321
10.775 0.67887 2000 -293.272
10.78 0.678705 2000 -293.201
10.785 0.678487 2000 -293.107
10.79 0.678222 2000 -292.992
10.795 0.677902 2000 -292.854
10.8 0.677505 2000 -292.682
10.805 0.677026 2000 -292.475
10.81 0.67649 2000 -292.244
10.815 0.67592 2000 -291.997
10.82 0.675302 2000 -291.73
10.825 0.67462 2000 -291.436
10.83 0.67389 2000 -291.121
10.835 0.673126 2000 -290.79
10.84 0.672316 2000 -290.441
10.845 0.671443 2000 -290.063
10.85 0.670504 2000 -289.658
10.855 0.669504 2000 -289.226
10.86 0.668446 2000 -288.769
10.865 0.667338 2000 -288.29
10.87 0.666184 2000 -287.792
10.875 0.664978 2000 -287.271
10.88 0.66371 2000 -286.723
10.885 0.662368 2000 -286.143
10.89 0.660957 2000 -285.533
10.895 0.659491 2000 -284.9
10.9 0.657976 2000 -284.246
10.905 0.656405 2000 -283.567
10.91 0.654777 2000 -282.864
10.915 0.653095 2000 -282.137
10.92 0.651347 2000 -281.382
10.925 0.649509 2000 -280.588
10.93 0.647566 2000 -279.749
10.935 0.645526 2000 -278.867
10.94 0.643407 2000 -277.952
10.945 0.641232 2000 -277.012
10.95 0.639008 2000 -276.051
10.955 0.636726 2000 -275.066
10.96 0.634367 2000 -274.047
10.965 0.631921 2000 -272.99
10.97 0.6294 2000 -271.901
10.975 0.626821 2000 -270.787
10.98 0.624195 2000 -269.652
10.985 0.62152 2000 -268.497
10.99 0.618794 2000 -267.319
10.995 0.616 2000 -266.112
11 0.613099 2000 -264.859
11.005 0.610064 2000 -263.548
11.01 0.60692 2000 -262.189
11.015 0.603714 2000 -260.804
11.02 0.600464 2000 -259.401
11.025 0.597163 2000 -257.974
11.03 0.593805 2000 -256.524
11.035 0.590387 2000 -255.047
11.04 0.586918 2000 -253.549
11.045 0.583416 2000 -252.036
11.05 0.579881 2000 -250.509
11.055 0.5763 2000 -248.962
11.06 0.572664 2000 -247.391
11.065 0.568972 2000 -245.796
11.07 0.565216 2000 -244.173
11.075 0.561386 2000 -242.519
11.08 0.557485 2000 -240.833
