0.1 8.76512e-32 200 5.41789e-14
0.2 2.92171e-31 400 1.35003e-13
0.3 1.16868e-31 600 -3.73035e-14
0.4 8.18078e-31 800 3.83693e-13
0.5 3.50605e-31 1000 4.29878e-13
0.6 -1.63616e-30 1200 -5.71987e-13
0.7 0 1400 -9.05942e-13
0.8 2.29354e-30 1600 -4.26326e-14
0.9 -1.05181e-30 1800 1.49214e-13
1 -9.34946e-31 2000 -7.24754e-13
0.005 -1.47884e-05 2000 0.00640936
0.01 -7.39294e-05 2000 0.0319771
0.015 -0.00019235 2000 0.0831276
0.02 -0.000370288 2000 0.15999
0.025 -0.000607954 2000 0.262657
0.03 -0.000905553 2000 0.391216
0.035 -0.00126328 2000 0.545752
0.04 -0.00168133 2000 0.726347
0.045 -0.00215989 2000 0.933081
0.05 -0.00269912 2000 1.16603
0.055 -0.00329921 2000 1.42526
0.06 -0.0039603 2000 1.71085
0.065 -0.00468255 2000 2.02287
0.07 -0.00546611 2000 2.36136
0.075 -0.00631111 2000 2.7264
0.08 -0.00721769 2000 3.11804
0.085 -0.00818599 2000 3.53635
0.09 -0.00921616 2000 3.98138
0.095 -0.0103083 2000 4.45318
0.1 -0.0114624 2000 4.95177
0.105 -0.0126787 2000 5.47721
0.11 -0.0139572 2000 6.02951
0.115 -0.015298 2000 6.60874
0.12 -0.0167012 2000 7.21491
0.125 -0.0181668 2000 7.84808
0.13 -0.019695 2000 8.50826
0.135 -0.0212858 2000 9.19548
0.14 -0.0229393 2000 9.90977
0.145 -0.0246554 2000 10.6511
0.15 -0.0264342 2000 11.4196
0.155 -0.0282758 2000 12.2152
0.16 -0.0301801 2000 13.0378
0.165 -0.0321473 2000 13.8876
0.17 -0.0341772 2000 14.7645
0.175 -0.0362698 2000 15.6686
0.18 -0.0384253 2000 16.5997
0.185 -0.0406435 2000 17.558
0.19 -0.0429245 2000 18.5434
0.195 -0.0452681 2000 19.5558
0.2 -0.0476744 2000 20.5954
0.205 -0.0501434 2000 21.6619
0.21 -0.0526748 2000 22.7555
0.215 -0.0552686 2000 23.876
0.22 -0.0579248 2000 25.0235
0.225 -0.0606434 2000 26.198
0.23 -0.0634244 2000 27.3994
0.235 -0.0662676 2000 28.6276
0.24 -0.0691725 2000 29.8825
0.245 -0.0721392 2000 31.1641
0.25 -0.0751677 2000 32.4725
0.255 -0.0782582 2000 33.8075
0.26 -0.0814102 2000 35.1692
0.265 -0.0846237 2000 36.5575
0.27 -0.0878986 2000 37.9722
0.275 -0.0912347 2000 39.4134
0.28 -0.0946318 2000 40.8809
0.285 -0.0980897 2000 42.3748
0.29 -0.101608 2000 43.8948
0.295 -0.105188 2000 45.4411
0.3 -0.108828 2000 47.0136
0.305 -0.112528 2000 48.6122
0.31 -0.116289 2000 50.2368
0.315 -0.12011 2000 51.8873
0.32 -0.12399 2000 53.5636
0.325 -0.127929 2000 55.2655
0.33 -0.131928 2000 56.993
0.335 -0.135986 2000 58.746
0.34 -0.140103 2000 60.5244
0.345 -0.144278 2000 62.3281
0.35 -0.148511 2000 64.1568
0.355 -0.152802 2000 66.0107
0.36 -0.157152 2000 67.8896
0.365 -0.161559 2000 69.7936
0.37 -0.166024 2000 71.7223
0.375 -0.170545 2000 73.6756
0.38 -0.175123 2000 75.6533
0.385 -0.179757 2000 77.6552
0.39 -0.184448 2000 79.6814
0.395 -0.189194 2000 81.7318
0.4 -0.193996 2000 83.8062
0.405 -0.198853 2000 85.9046
0.41 -0.203766 2000 88.0269
0.415 -0.208733 2000 90.1729
0.42 -0.213755 2000 92.3424
0.425 -0.218832 2000 94.5353
0.43 -0.223961 2000 96.7513
0.435 -0.229144 2000 98.9903
0.44 -0.23438 2000 101.252
0.445 -0.239668 2000 103.537
0.45 -0.245009 2000 105.844
0.455 -0.250401 2000 108.173
0.46 -0.255845 2000 110.525
0.465 -0.26134 2000 112.899
0.47 -0.266886 2000 115.295
0.475 -0.272482 2000 117.712
0.48 -0.278128 2000 120.151
0.485 -0.283824 2000 122.612
0.49 -0.289569 2000 125.094
0.495 -0.295362 2000 127.596
0.5 -0.301204 2000 130.12
0.505 -0.307094 2000 132.664
0.51 -0.313031 2000 135.229
0.515 -0.319015 2000 137.814
0.52 -0.325046 2000 140.42
0.525 -0.331123 2000 143.045
0.53 -0.337246 2000 145.69
0.535 -0.343415 2000 148.355
0.54 -0.349627 2000 151.039
0.545 -0.355884 2000 153.742
0.55 -0.362185 2000 156.464
0.555 -0.368529 2000 159.204
0.56 -0.374915 2000 161.963
0.565 -0.381343 2000 164.74
0.57 -0.387812 2000 167.535
0.575 -0.39432 2000 170.346
0.58 -0.400868 2000 173.175
0.585 -0.407453 2000 176.02
0.59 -0.414077 2000 178.881
0.595 -0.420739 2000 181.759
0.6 -0.42744 2000 184.654
0.605 -0.43418 2000 187.566
0.61 -0.440958 2000 190.494
0.615 -0.447773 2000 193.438
0.62 -0.454624 2000 196.398
0.625 -0.461513 2000 199.374
0.63 -0.468438 2000 202.365
0.635 -0.475398 2000 205.372
0.64 -0.482394 2000 208.394
0.645 -0.489422 2000 211.431
0.65 -0.496485 2000 214.482
0.655 -0.50358 2000 217.547
0.66 -0.510707 2000 220.626
0.665 -0.517864 2000 223.717
0.67 -0.52505 2000 226.822
0.675 -0.532265 2000 229.938
0.68 -0.539509 2000 233.068
0.685 -0.546784 2000 236.211
0.69 -0.554086 2000 239.365
0.695 -0.561416 2000 242.532
0.7 -0.568773 2000 245.71
0.705 -0.576156 2000 248.9
0.71 -0.583565 2000 252.1
0.715 -0.590999 2000 255.312
0.72 -0.598459 2000 258.534
0.725 -0.605942 2000 261.767
0.73 -0.613448 2000 265.01
0.735 -0.620977 2000 268.262
0.74 -0.628527 2000 271.524
0.745 -0.636097 2000 274.794
0.75 -0.643684 2000 278.072
0.755 -0.651289 2000 281.357
0.76 -0.658911 2000 284.65
0.765 -0.666551 2000 287.95
0.77 -0.674208 2000 291.258
0.775 -0.68188 2000 294.572
0.78 -0.68957 2000 297.894
0.785 -0.697276 2000 301.223
0.79 -0.704999 2000 304.56
0.795 -0.712736 2000 307.902
0.8 -0.720486 2000 311.25
0.805 -0.728249 2000 314.604
0.81 -0.736023 2000 317.962
0.815 -0.743808 2000 321.325
0.82 -0.751603 2000 324.693
0.825 -0.759406 2000 328.064
0.83 -0.767217 2000 331.438
0.835 -0.775036 2000 334.816
0.84 -0.782865 2000 338.198
0.845 -0.7907 2000 341.583
0.85 -0.798542 2000 344.97
0.855 -0.806389 2000 348.36
0.86 -0.814244 2000 351.753
0.865 -0.822105 2000 355.149
0.87 -0.829969 2000 358.547
0.875 -0.837837 2000 361.946
0.88 -0.845707 2000 365.345
0.885 -0.853578 2000 368.746
0.89 -0.861451 2000 372.147
0.895 -0.869325 2000 375.549
0.9 -0.877202 2000 378.951
0.905 -0.885079 2000 382.354
0.91 -0.892955 2000 385.756
0.915 -0.900829 2000 389.158
0.92 -0.9087 2000 392.558
0.925 -0.916567 2000 395.957
0.93 -0.92443 2000 399.354
0.935 -0.932288 2000 402.749
0.94 -0.940143 2000 406.142
0.945 -0.947993 2000 409.533
0.95 -0.955834 2000 412.92
0.955 -0.963667 2000 416.304
0.96 -0.971492 2000 419.685
0.965 -0.97931 2000 423.062
0.97 -0.987118 2000 426.435
0.975 -0.994916 2000 429.804
0.98 -1.0027 2000 433.167
0.985 -1.01047 2000 436.523
0.99 -1.01823 2000 439.873
0.995 -1.02596 2000 443.216
1 -1.03369 2000 446.553
1.005 -1.0414 2000 449.884
1.01 -1.0491 2000 453.209
1.015 -1.05678 2000 456.528
1.02 -1.06444 2000 459.839
1.025 -1.07209 2000 463.144
1.03 -1.07972 2000 466.441
1.035 -1.08734 2000 469.731
1.04 -1.09493 2000 473.012
1.045 -1.10251 2000 476.284
1.05 -1.11006 2000 479.546
1.055 -1.11759 2000 482.797
1.06 -1.12508 2000 486.037
1.065 -1.13256 2000 489.265
1.07 -1.14001 2000 492.483
1.075 -1.14743 2000 495.688
1.08 -1.15482 2000 498.881
1.085 -1.16218 2000 502.06
1.09 -1.16951 2000 505.227
1.095 -1.17681 2000 508.381
1.1 -1.18407 2000 511.52
1.105 -1.19131 2000 514.647
1.11 -1.19852 2000 517.76
1.115 -1.2057 2000 520.861
1.12 -1.21284 2000 523.947
1.125 -1.21994 2000 527.016
1.13 -1.22701 2000 530.07
1.135 -1.23405 2000 533.11
1.14 -1.24105 2000 536.136
1.145 -1.24803 2000 539.147
1.15 -1.25496 2000 542.142
1.155 -1.26185 2000 545.119
1.16 -1.2687 2000 548.078
1.165 -1.27551 2000 551.021
1.17 -1.28229 2000 553.948
1.175 -1.28902 2000 556.858
1.18 -1.29572 2000 559.752
1.185 -1.30238 2000 562.628
1.19 -1.30899 2000 565.486
1.195 -1.31556 2000 568.324
1.2 -1.32209 2000 571.142
1.205 -1.32856 2000 573.939
1.21 -1.33499 2000 576.715
1.215 -1.34137 2000 579.47
1.22 -1.3477 2000 582.205
1.225 -1.35398 2000 584.919
1.23 -1.36021 2000 587.61
1.235 -1.36639 2000 590.279
1.24 -1.37252 2000 592.928
1.245 -1.37861 2000 595.561
1.25 -1.38467 2000 598.177
1.255 -1.39068 2000 600.772
1.26 -1.39663 2000 603.344
1.265 -1.40253 2000 605.891
1.27 -1.40836 2000 608.413
1.275 -1.41415 2000 610.912
1.28 -1.41988 2000 613.387
1.285 -1.42555 2000 615.839
1.29 -1.43117 2000 618.266
1.295 -1.43673 2000 620.669
1.3 -1.44224 2000 623.048
1.305 -1.44769 2000 625.404
1.31 -1.45309 2000 627.735
1.315 -1.45843 2000 630.04
1.32 -1.4637 2000 632.319
1.325 -1.46892 2000 634.572
1.33 -1.47407 2000 636.799
1.335 -1.47917 2000 639.001
1.34 -1.48421 2000 641.179
1.345 -1.48919 2000 643.332
1.35 -1.49411 2000 645.457
1.355 -1.49897 2000 647.555
1.36 -1.50376 2000 649.624
1.365 -1.50848 2000 651.666
1.37 -1.51315 2000 653.679
1.375 -1.51774 2000 655.664
1.38 -1.52226 2000 657.618
1.385 -1.52672 2000 659.542
1.39 -1.5311 2000 661.436
1.395 -1.53542 2000 663.3
1.4 -1.53966 2000 665.133
1.405 -1.54383 2000 666.937
1.41 -1.54794 2000 668.71
1.415 -1.55198 2000 670.454
1.42 -1.55594 2000 672.168
1.425 -1.55984 2000 673.851
1.43 -1.56366 2000 675.503
1.435 -1.56741 2000 677.122
1.44 -1.57109 2000 678.71
1.445 -1.57469 2000 680.265
1.45 -1.57821 2000 681.789
1.455 -1.58167 2000 683.28
1.46 -1.58504 2000 684.739
1.465 -1.58834 2000 686.163
1.47 -1.59156 2000 687.555
1.475 -1.59472 2000 688.917
1.48 -1.5978 2000 690.248
1.485 -1.6008 2000 691.546
1.49 -1.60372 2000 692.809
1.495 -1.60657 2000 694.037
1.5 -1.60933 2000 695.23
1.505 -1.61202 2000 696.391
1.51 -1.61462 2000 697.516
1.515 -1.61714 2000 698.606
1.52 -1.61958 2000 699.659
1.525 -1.62194 2000 700.679
1.53 -1.62423 2000 701.667
1.535 -1.62644 2000 702.623
1.54 -1.62858 2000 703.544
1.545 -1.63062 2000 704.429
1.55 -1.63258 2000 705.276
1.555 -1.63446 2000 706.085
1.56 -1.63625 2000 706.859
1.565 -1.63796 2000 707.597
1.57 -1.63958 2000 708.299
1.575 -1.64112 2000 708.963
1.58 -1.64257 2000 709.588
1.585 -1.64392 2000 710.175
1.59 -1.64519 2000 710.721
1.595 -1.64636 2000 711.226
1.6 -1.64744 2000 711.694
1.605 -1.64844 2000 712.125
1.61 -1.64935 2000 712.519
1.615 -1.65018 2000 712.876
1.62 -1.65091 2000 713.195
1.625 -1.65156 2000 713.474
1.63 -1.65212 2000 713.715
1.635 -1.65259 2000 713.917
1.64 -1.65296 2000 714.079
1.645 -1.65323 2000 714.197
1.65 -1.65341 2000 714.273
1.655 -1.65349 2000 714.307
1.66 -1.65348 2000 714.303
1.665 -1.65337 2000 714.255
1.67 -1.65316 2000 714.164
1.675 -1.65285 2000 714.03
1.68 -1.65243 2000 713.852
1.685 -1.65192 2000 713.627
1.69 -1.65129 2000 713.356
1.695 -1.65055 2000 713.038
1.7 -1.64971 2000 712.673
1.705 -1.64876 2000 712.264
1.71 -1.64771 2000 711.809
1.715 -1.64654 2000 711.306
1.72 -1.64526 2000 710.754
1.725 -1.64386 2000 710.15
1.73 -1.64235 2000 709.493
1.735 -1.6407 2000 708.784
1.74 -1.63895 2000 708.025
1.745 -1.63708 2000 707.217
1.75 -1.63509 2000 706.359
1.755 -1.63299 2000 705.451
1.76 -1.63077 2000 704.492
1.765 -1.62843 2000 703.483
1.77 -1.62599 2000 702.427
1.775 -1.62343 2000 701.322
1.78 -1.62076 2000 700.168
1.785 -1.61798 2000 698.967
1.79 -1.61509 2000 697.719
1.795 -1.6121 2000 696.425
1.8 -1.60899 2000 695.084
1.805 -1.60578 2000 693.696
1.81 -1.60245 2000 692.26
1.815 -1.59901 2000 690.774
1.82 -1.59546 2000 689.238
1.825 -1.59178 2000 687.65
1.83 -1.58799 2000 686.014
1.835 -1.5841 2000 684.329
1.84 -1.58009 2000 682.597
1.845 -1.57596 2000 680.817
1.85 -1.57173 2000 678.987
1.855 -1.56738 2000 677.108
1.86 -1.56291 2000 675.178
1.865 -1.55834 2000 673.201
1.87 -1.55365 2000 671.179
1.875 -1.54887 2000 669.11
1.88 -1.54397 2000 666.994
1.885 -1.53895 2000 664.829
1.89 -1.53383 2000 662.613
1.895 -1.52858 2000 660.348
1.9 -1.52323 2000 658.034
1.905 -1.51776 2000 655.673
1.91 -1.51219 2000 653.266
1.915 -1.50651 2000 650.812
1.92 -1.50072 2000 648.312
1.925 -1.49484 2000 645.769
1.93 -1.48885 2000 643.182
1.935 -1.48276 2000 640.553
1.94 -1.47657 2000 637.878
1.945 -1.47027 2000 635.155
1.95 -1.46385 2000 632.385
1.955 -1.45734 2000 629.57
1.96 -1.45072 2000 626.711
1.965 -1.44399 2000 623.805
1.97 -1.43715 2000 620.848
1.975 -1.43019 2000 617.841
1.98 -1.42311 2000 614.785
1.985 -1.41593 2000 611.68
1.99 -1.40862 2000 608.525
1.995 -1.4012 2000 605.319
2 -1.39367 2000 602.064
2.005 -1.38604 2000 598.768
2.01 -1.37832 2000 595.434
2.015 -1.37051 2000 592.059
2.02 -1.36259 2000 588.641
2.025 -1.35458 2000 585.178
2.03 -1.34646 2000 581.672
2.035 -1.33825 2000 578.122
2.04 -1.32993 2000 574.529
2.045 -1.32152 2000 570.897
2.05 -1.31303 2000 567.228
2.055 -1.30445 2000 563.522
2.06 -1.29578 2000 559.777
2.065 -1.28702 2000 555.993
2.07 -1.27817 2000 552.169
2.075 -1.26922 2000 548.304
2.08 -1.26018 2000 544.398
2.085 -1.25105 2000 540.452
2.09 -1.24183 2000 536.469
2.095 -1.23252 2000 532.45
2.1 -1.22314 2000 528.396
2.105 -1.21366 2000 524.302
2.11 -1.20408 2000 520.162
2.115 -1.19439 2000 515.978
2.12 -1.18461 2000 511.753
2.125 -1.17474 2000 507.487
2.13 -1.16477 2000 503.179
2.135 -1.15468 2000 498.823
2.14 -1.14448 2000 494.416
2.145 -1.13417 2000 489.963
2.15 -1.12377 2000 485.468
2.155 -1.11327 2000 480.931
2.16 -1.10267 2000 476.354
2.165 -1.09198 2000 471.735
2.17 -1.0812 2000 467.077
2.175 -1.07033 2000 462.383
2.18 -1.05938 2000 457.652
2.185 -1.04834 2000 452.885
2.19 -1.03722 2000 448.079
2.195 -1.02601 2000 443.236
2.2 -1.01472 2000 438.358
2.205 -1.00336 2000 433.451
2.21 -0.991924 2000 428.511
2.215 -0.980402 2000 423.534
2.22 -0.968792 2000 418.518
2.225 -0.957114 2000 413.473
2.23 -0.945376 2000 408.402
2.235 -0.933569 2000 403.302
2.24 -0.92168 2000 398.166
2.245 -0.909709 2000 392.994
2.25 -0.897659 2000 387.789
2.255 -0.885529 2000 382.548
2.26 -0.873311 2000 377.27
2.265 -0.861008 2000 371.955
2.27 -0.848632 2000 366.609
2.275 -0.836192 2000 361.235
2.28 -0.823682 2000 355.831
2.285 -0.811091 2000 350.391
2.29 -0.798411 2000 344.914
2.295 -0.785645 2000 339.399
2.3 -0.772804 2000 333.851
2.305 -0.759901 2000 328.277
2.31 -0.746945 2000 322.68
2.315 -0.733934 2000 317.059
2.32 -0.720863 2000 311.413
2.325 -0.707737 2000 305.742
2.33 -0.694552 2000 300.047
2.335 -0.681297 2000 294.321
2.34 -0.667967 2000 288.562
2.345 -0.654576 2000 282.777
2.35 -0.641136 2000 276.971
2.355 -0.627643 2000 271.142
2.36 -0.614089 2000 265.286
2.365 -0.600471 2000 259.403
2.37 -0.586785 2000 253.491
2.375 -0.573028 2000 247.548
2.38 -0.5592 2000 241.574
2.385 -0.545311 2000 235.574
2.39 -0.531374 2000 229.553
2.395 -0.517389 2000 223.512
2.4 -0.503347 2000 217.446
2.405 -0.489237 2000 211.351
2.41 -0.475055 2000 205.224
2.415 -0.460807 2000 199.069
2.42 -0.446512 2000 192.893
2.425 -0.432183 2000 186.703
2.43 -0.417819 2000 180.498
2.435 -0.403408 2000 174.272
2.44 -0.388942 2000 168.023
2.445 -0.374418 2000 161.749
2.45 -0.359834 2000 155.449
2.455 -0.345206 2000 149.129
2.46 -0.330543 2000 142.795
2.465 -0.315844 2000 136.445
2.47 -0.301101 2000 130.076
2.475 -0.286309 2000 123.686
2.48 -0.271468 2000 117.274
2.485 -0.256584 2000 110.844
2.49 -0.241661 2000 104.397
2.495 -0.226698 2000 97.9333
2.5 -0.211698 2000 91.4534
2.505 -0.19666 2000 84.9572
2.51 -0.181582 2000 78.4434
2.515 -0.166483 2000 71.92
2.52 -0.15135 2000 65.3828
2.525 -0.136203 2000 58.839
2.53 -0.121057 2000 52.2955
2.535 -0.105927 2000 45.7594
2.54 -0.0907833 2000 39.2177
2.545 -0.0756405 2000 32.6756
2.55 -0.0604821 2000 26.1272
2.555 -0.0453187 2000 19.5763
2.56 -0.0301696 2000 13.0317
2.565 -0.0150281 2000 6.49074
2.57 0.000104676 2000 -0.0464259
2.575 0.0151806 2000 -6.55924
2.58 0.030277 2000 -13.0807
2.585 0.0452893 2000 -19.566
2.59 0.0602239 1999.99 -26.0174
2.595 0.0749572 1999.99 -32.3811
2.6 0.0893728 1999.99 -38.6074
2.605 0.103477 1999.99 -44.7064
2.61 0.117587 1999.99 -50.8055
2.615 0.131717 1999.99 -56.9084
2.62 0.145851 1999.99 -63.0131
2.625 0.159987 2000 -69.1188
2.63 0.174117 2000 -75.2224
2.635 0.188237 2000 -81.3216
2.64 0.202351 2000 -87.4183
2.645 0.216467 2000 -93.5162
2.65 0.230593 2000 -99.6181
2.655 0.244727 2000 -105.724
2.66 0.258861 2000 -111.829
2.665 0.272982 2000 -117.93
2.67 0.287089 2000 -124.024
2.675 0.301189 2000 -130.114
2.68 0.315288 2000 -136.206
2.685 0.329387 2000 -142.296
2.69 0.343484 2000 -148.386
2.695 0.357588 2000 -154.478
2.7 0.371707 2000 -160.578
2.705 0.385834 2000 -166.681
2.71 0.399956 2000 -172.782
2.715 0.414059 2000 -178.874
2.72 0.42814 2000 -184.957
2.725 0.442224 2000 -191.041
2.73 0.456335 2000 -197.137
2.735 0.470471 2000 -203.244
2.74 0.484612 2000 -209.353
2.745 0.498746 2000 -215.459
2.75 0.51288 2000 -221.565
2.755 0.527028 2000 -227.677
2.76 0.541198 2000 -233.798
2.765 0.55538 2000 -239.925
2.77 0.569559 2000 -246.05
2.775 0.58372 2000 -252.168
2.78 0.59786 2000 -258.276
2.785 0.611969 2000 -264.371
2.79 0.62605 2000 -270.454
2.795 0.640111 2000 -276.528
2.8 0.654159 2000 -282.597
2.805 0.668187 2000 -288.657
2.81 0.682192 2000 -294.707
2.815 0.696185 2000 -300.752
2.82 0.710175 2000 -306.796
2.825 0.724161 2000 -312.838
2.83 0.738135 2000 -318.875
2.835 0.752085 2000 -324.901
2.84 0.766011 2000 -330.917
2.845 0.779926 2000 -336.928
2.85 0.793837 2000 -342.938
2.855 0.807729 2000 -348.939
2.86 0.821586 2000 -354.925
2.865 0.835411 2000 -360.898
2.87 0.849213 2000 -366.86
2.875 0.862988 2000 -372.811
2.88 0.876733 2000 -378.749
2.885 0.890449 2000 -384.674
2.89 0.904137 2000 -390.588
2.895 0.917797 2000 -396.488
2.9 0.931422 2000 -402.375
2.905 0.945014 2000 -408.246
2.91 0.958578 2000 -414.106
2.915 0.97212 2000 -419.956
2.92 0.985638 2000 -425.796
2.925 0.999126 2000 -431.623
2.93 1.01258 2000 -437.436
2.935 1.02601 2000 -443.235
2.94 1.03939 2000 -449.019
2.945 1.05273 2000 -454.782
2.95 1.06603 2000 -460.527
2.955 1.07931 2000 -466.261
2.96 1.09256 2000 -471.984
2.965 1.10577 2000 -477.691
2.97 1.11893 2000 -483.377
2.975 1.13205 2000 -489.045
2.98 1.14513 2000 -494.697
2.985 1.15817 2000 -500.329
2.99 1.17116 2000 -505.939
2.995 1.18408 2000 -511.524
3 1.19694 2000 -517.077
3.005 1.20973 2000 -522.604
3.01 1.22248 2000 -528.11
3.015 1.23519 2000 -533.601
3.02 1.24785 2000 -539.071
3.025 1.26045 2000 -544.513
3.03 1.27297 2000 -549.925
3.035 1.28543 2000 -555.305
3.04 1.29783 2000 -560.661
3.045 1.31018 2000 -565.996
3.05 1.32248 2000 -571.314
3.055 1.33475 2000 -576.613
3.06 1.34697 2000 -581.891
3.065 1.35914 2000 -587.147
3.07 1.37125 2000 -592.382
3.075 1.38332 2000 -597.596
3.08 1.39534 2000 -602.787
3.085 1.40729 2000 -607.948
3.09 1.41917 2000 -613.082
3.095 1.43099 2000 -618.189
3.1 1.44275 2000 -623.268
3.105 1.45444 2000 -628.317
3.11 1.46606 2000 -633.34
3.115 1.47763 2000 -638.338
3.12 1.48915 2000 -643.311
3.125 1.5006 2000 -648.26
3.13 1.51201 2000 -653.187
3.135 1.52336 2000 -658.09
3.14 1.53465 2000 -662.969
3.145 1.54588 2000 -667.821
3.15 1.55705 2000 -672.647
3.155 1.56816 2000 -677.445
3.16 1.57919 2000 -682.209
3.165 1.59014 2000 -686.941
3.17 1.60103 2000 -691.643
3.175 1.61186 2000 -696.323
3.18 1.62264 2000 -700.982
3.185 1.63337 2000 -705.618
3.19 1.64404 2000 -710.226
3.195 1.65464 2000 -714.805
3.2 1.66517 2000 -719.354
3.205 1.67563 2000 -723.874
3.21 1.68605 2000 -728.373
3.215 1.69643 2000 -732.856
3.22 1.70675 2000 -737.316
3.225 1.71699 2000 -741.739
3.23 1.72712 2000 -746.116
3.235 1.73717 2000 -750.457
3.24 1.74716 2000 -754.772
3.245 1.75708 2000 -759.06
3.25 1.76694 2000 -763.317
3.255 1.77672 2000 -767.545
3.26 1.78646 2000 -771.751
3.265 1.79613 2000 -775.929
3.27 1.80572 2000 -780.07
3.275 1.81522 2000 -784.175
3.28 1.82465 2000 -788.249
3.285 1.834 2000 -792.289
3.29 1.84327 2000 -796.295
3.295 1.85248 2000 -800.272
3.3 1.86163 2000 -804.224
3.305 1.87071 2000 -808.148
3.31 1.87973 2000 -812.043
3.315 1.88867 2000 -815.906
3.32 1.89754 2000 -819.738
3.325 1.90633 2000 -823.534
3.33 1.91503 2000 -827.294
3.335 1.92365 2000 -831.018
3.34 1.9322 2000 -834.711
3.345 1.94067 2000 -838.369
3.35 1.94906 2000 -841.992
3.355 1.95736 2000 -845.58
3.36 1.96558 2000 -849.13
3.365 1.9737 2000 -852.639
3.37 1.98173 2000 -856.109
3.375 1.98968 2000 -859.543
3.38 1.99756 2000 -862.944
3.385 2.00535 2000 -866.312
3.39 2.01307 2000 -869.647
3.395 2.02071 2000 -872.947
3.4 2.02827 2000 -876.212
3.405 2.03573 2000 -879.435
3.41 2.04309 2000 -882.613
3.415 2.05033 2000 -885.744
3.42 2.05748 2000 -888.833
3.425 2.06456 2000 -891.89
3.43 2.07156 2000 -894.914
3.435 2.07847 2000 -897.901
3.44 2.0853 2000 -900.849
3.445 2.09203 2000 -903.759
3.45 2.09869 2000 -906.633
3.455 2.10526 2000 -909.473
3.46 2.11175 2000 -912.277
3.465 2.11815 2000 -915.04
3.47 2.12444 2000 -917.756
3.475 2.13062 2000 -920.43
3.48 2.13673 2000 -923.069
3.485 2.14277 2000 -925.677
3.49 2.14873 2000 -928.25
3.495 2.1546 2000 -930.785
3.5 2.16038 2000 -933.282
3.505 2.16607 2000 -935.744
3.51 2.17169 2000 -938.17
3.515 2.17722 2000 -940.561
3.52 2.18268 2000 -942.917
3.525 2.18805 2000 -945.238
3.53 2.19334 2000 -947.521
3.535 2.19852 2000 -949.762
3.54 2.20362 2000 -951.963
3.545 2.20863 2000 -954.129
3.55 2.21357 2000 -956.262
3.555 2.21842 2000 -958.359
3.56 2.22318 2000 -960.414
3.565 2.22784 2000 -962.428
3.57 2.23242 2000 -964.403
3.575 2.2369 2000 -966.339
3.58 2.24127 2000 -968.227
3.585 2.24552 2000 -970.063
3.59 2.24965 2000 -971.849
3.595 2.25367 2000 -973.586
3.6 2.25758 2000 -975.276
3.605 2.2614 2000 -976.924
3.61 2.26513 2000 -978.534
3.615 2.26876 2000 -980.106
3.62 2.27231 2000 -981.638
3.625 2.27576 2000 -983.127
3.63 2.27909 2000 -984.569
3.635 2.28232 2000 -985.964
3.64 2.28545 2000 -987.315
3.645 2.28849 2000 -988.628
3.65 2.29145 2000 -989.906
3.655 2.29432 2000 -991.147
3.66 2.29709 2000 -992.345
3.665 2.29976 2000 -993.495
3.67 2.30231 2000 -994.597
3.675 2.30475 2000 -995.654
3.68 2.30709 2000 -996.664
3.685 2.30934 2000 -997.633
3.69 2.31149 2000 -998.562
3.695 2.31355 2000 -999.453
3.7 2.31552 2000 -1000.3
3.705 2.31739 2000 -1001.11
3.71 2.31916 2000 -1001.88
3.715 2.32084 2000 -1002.6
3.72 2.32242 2000 -1003.29
3.725 2.32392 2000 -1003.93
3.73 2.32531 2000 -1004.53
3.735 2.3266 2000 -1005.09
3.74 2.32778 2000 -1005.6
3.745 2.32887 2000 -1006.07
3.75 2.32986 2000 -1006.5
3.755 2.33076 2000 -1006.89
3.76 2.33157 2000 -1007.24
3.765 2.33229 2000 -1007.55
3.77 2.33292 2000 -1007.82
3.775 2.33346 2000 -1008.05
3.78 2.33389 2000 -1008.24
3.785 2.33422 2000 -1008.38
3.79 2.33446 2000 -1008.49
3.795 2.3346 2000 -1008.55
3.8 2.33464 2000 -1008.56
3.805 2.33458 2000 -1008.54
3.81 2.33442 2000 -1008.47
3.815 2.33415 2000 -1008.35
3.82 2.33374 2000 -1008.18
3.825 2.33319 2000 -1007.94
3.83 2.33252 2000 -1007.65
3.835 2.33174 2000 -1007.31
3.84 2.33084 2000 -1006.92
3.845 2.32982 2000 -1006.48
3.85 2.32869 2000 -1005.99
3.855 2.32744 2000 -1005.46
3.86 2.32609 2000 -1004.87
3.865 2.32462 2000 -1004.23
3.87 2.32303 2000 -1003.55
3.875 2.32131 2000 -1002.81
3.88 2.31948 2000 -1002.01
3.885 2.31754 2000 -1001.18
3.89 2.31549 2000 -1000.29
3.895 2.31332 2000 -999.354
3.9 2.31105 2000 -998.375
3.905 2.3087 2000 -997.36
3.91 2.30627 2000 -996.308
3.915 2.30374 2000 -995.215
3.92 2.30111 2000 -994.08
3.925 2.29839 2000 -992.903
3.93 2.29556 2000 -991.683
3.935 2.29265 2000 -990.423
3.94 2.28964 2000 -989.124
3.945 2.28655 2000 -987.789
3.95 2.28336 2000 -986.412
3.955 2.28006 2000 -984.986
3.96 2.27665 2000 -983.511
3.965 2.27313 2000 -981.991
3.97 2.26951 2000 -980.428
3.975 2.26578 2000 -978.817
3.98 2.26193 2000 -977.153
3.985 2.25796 2000 -975.438
3.99 2.25388 2000 -973.674
3.995 2.24968 2000 -971.861
4 2.24535 2000 -969.992
4.005 2.24089 2000 -968.067
4.01 2.23633 2000 -966.095
4.015 2.23168 2000 -964.084
4.02 2.22693 2000 -962.032
4.025 2.22206 2000 -959.932
4.03 2.21709 2000 -957.782
4.035 2.212 2000 -955.585
4.04 2.20681 2000 -953.343
4.045 2.20151 2000 -951.051
4.05 2.19609 2000 -948.709
4.055 2.19056 2000 -946.322
4.06 2.18494 2000 -943.893
4.065 2.17922 2000 -941.423
4.07 2.17341 2000 -938.913
4.075 2.16751 2000 -936.365
4.08 2.16151 2000 -933.773
4.085 2.1554 2000 -931.132
4.09 2.14917 2000 -928.441
4.095 2.14283 2000 -925.703
4.1 2.13639 2000 -922.921
4.105 2.12984 2000 -920.092
4.11 2.1232 2000 -917.223
4.115 2.11647 2000 -914.316
4.12 2.10966 2000 -911.372
4.125 2.10274 2000 -908.386
4.13 2.09573 2000 -905.356
4.135 2.08863 2000 -902.288
4.14 2.08145 2000 -899.186
4.145 2.07419 2000 -896.05
4.15 2.06685 2000 -892.881
4.155 2.05944 2000 -889.678
4.16 2.05195 2000 -886.441
4.165 2.04438 2000 -883.172
4.17 2.03674 2000 -879.87
4.175 2.02903 2000 -876.539
4.18 2.02126 2000 -873.184
4.185 2.01344 2000 -869.805
4.19 2.00556 2000 -866.401
4.195 1.99762 2000 -862.971
4.2 1.9896 2000 -859.506
4.205 1.98147 2000 -855.997
4.21 1.97325 2000 -852.445
4.215 1.96495 2000 -848.859
4.22 1.95658 2000 -845.243
4.225 1.94814 2000 -841.598
4.23 1.93964 2000 -837.926
4.235 1.93109 2000 -834.233
4.24 1.9225 2000 -830.522
4.245 1.91386 2000 -826.788
4.25 1.90515 2000 -823.023
4.255 1.89635 2000 -819.224
4.26 1.88748 2000 -815.391
4.265 1.87853 2000 -811.527
4.27 1.86952 2000 -807.632
4.275 1.86042 2000 -803.702
4.28 1.85123 2000 -799.733
4.285 1.84196 2000 -795.729
4.29 1.83263 2000 -791.695
4.295 1.82323 2000 -787.635
4.3 1.81376 2000 -783.543
4.305 1.8042 2000 -779.416
4.31 1.79457 2000 -775.256
4.315 1.78487 2000 -771.064
4.32 1.77509 2000 -766.839
4.325 1.76524 2000 -762.585
4.33 1.75534 2000 -758.305
4.335 1.74535 2000 -753.992
4.34 1.73529 2000 -749.645
4.345 1.72516 2000 -745.269
4.35 1.71497 2000 -740.868
4.355 1.70471 2000 -736.436
4.36 1.69438 2000 -731.974
4.365 1.684 2000 -727.486
4.37 1.67356 2000 -722.976
4.375 1.66307 2000 -718.446
4.38 1.65253 2000 -713.891
4.385 1.64191 2000 -709.307
4.39 1.63123 2000 -704.691
4.395 1.62046 2000 -700.039
4.4 1.60962 2000 -695.355
4.405 1.59871 2000 -690.641
4.41 1.58773 2000 -685.899
4.415 1.57669 2000 -681.131
4.42 1.56559 2000 -676.337
4.425 1.55444 2000 -671.519
4.43 1.54324 2000 -666.682
4.435 1.532 2000 -661.826
4.44 1.52071 2000 -656.946
4.445 1.50934 2000 -652.036
4.45 1.49791 2000 -647.098
4.455 1.48644 2000 -642.144
4.46 1.47496 2000 -637.181
4.465 1.46345 2000 -632.209
4.47 1.4519 2000 -627.22
4.475 1.44031 2000 -622.212
4.48 1.42868 2000 -617.189
4.485 1.41702 2000 -612.153
4.49 1.40533 2000 -607.103
4.495 1.39361 2000 -602.038
4.5 1.38184 2000 -596.954
4.505 1.37001 2000 -591.844
4.51 1.35811 2000 -586.705
4.515 1.34616 2000 -581.542
4.52 1.33417 2000 -576.36
4.525 1.32214 2000 -571.162
4.53 1.31007 2000 -565.95
4.535 1.29797 2000 -560.721
4.54 1.28584 2000 -555.482
4.545 1.27371 2000 -550.242
4.55 1.26157 2000 -544.999
4.555 1.2494 2000 -539.741
4.56 1.23717 2000 -534.458
4.565 1.2249 2000 -529.156
4.57 1.2126 2000 -523.845
4.575 1.20029 2000 -518.526
4.58 1.18795 2000 -513.193
4.585 1.17555 2000 -507.835
4.59 1.16309 2000 -502.454
4.595 1.15059 2000 -497.055
4.6 1.13806 2000 -491.642
4.605 1.12551 2000 -486.221
4.61 1.11297 2000 -480.804
4.615 1.10045 2000 -475.394
4.62 1.08792 2000 -469.982
4.625 1.07537 2000 -464.559
4.63 1.06277 2000 -459.117
4.635 1.05013 2000 -453.658
4.64 1.03747 2000 -448.189
4.645 1.02479 2000 -442.709
4.65 1.01205 2000 -437.207
4.655 0.999252 2000 -431.677
4.66 0.986404 2000 -426.127
4.665 0.973532 2000 -420.566
4.67 0.960635 2000 -414.994
4.675 0.947694 2000 -409.404
4.68 0.93471 2000 -403.795
4.685 0.921708 2000 -398.178
4.69 0.908709 2000 -392.562
4.695 0.895711 2000 -386.947
4.7 0.882707 2000 -381.329
4.705 0.869688 2000 -375.705
4.71 0.856645 2000 -370.071
4.715 0.843576 2000 -364.425
4.72 0.830496 2000 -358.774
4.725 0.817437 2000 -353.133
4.73 0.804436 2000 -347.516
4.735 0.791491 2000 -341.924
4.74 0.778569 2000 -336.342
4.745 0.765658 2000 -330.764
4.75 0.752766 2000 -325.195
4.755 0.739892 2000 -319.633
4.76 0.727033 2000 -314.078
4.765 0.714197 2000 -308.533
4.77 0.701383 2000 -302.997
4.775 0.688569 2000 -297.462
4.78 0.675736 2000 -291.918
4.785 0.662899 2000 -286.372
4.79 0.650075 2000 -280.833
4.795 0.637263 2000 -275.298
4.8 0.624452 2000 -269.763
4.805 0.611651 2000 -264.233
4.81 0.598879 2000 -258.716
4.815 0.586133 2000 -253.209
4.82 0.573389 2000 -247.704
4.825 0.560648 2000 -242.2
4.83 0.547925 2000 -236.703
4.835 0.535224 2000 -231.217
4.84 0.522545 2000 -225.739
4.845 0.509881 2000 -220.268
4.85 0.497225 2000 -214.801
4.855 0.484581 2000 -209.339
4.86 0.471957 2000 -203.885
4.865 0.459354 2000 -198.441
4.87 0.446772 2000 -193.005
4.875 0.434216 2000 -187.581
4.88 0.421688 2000 -182.169
4.885 0.409179 2000 -176.765
4.89 0.396684 2000 -171.368
4.895 0.384217 2000 -165.982
4.9 0.371777 2000 -160.608
4.905 0.359344 2000 -155.237
4.91 0.346922 2000 -149.87
4.915 0.334545 2000 -144.524
4.92 0.322239 2000 -139.207
4.925 0.309991 2000 -133.916
4.93 0.297784 2000 -128.643
4.935 0.285609 2000 -123.383
4.94 0.273456 2000 -118.133
4.945 0.261314 2000 -112.888
4.95 0.249176 2000 -107.644
4.955 0.23704 2000 -102.401
4.96 0.22491 2000 -97.1611
4.965 0.212801 2000 -91.9298
4.97 0.20073 2000 -86.7154
4.975 0.188708 2000 -81.5217
4.98 0.176733 2000 -76.3488
4.985 0.16481 2000 -71.1979
4.99 0.152945 2000 -66.0722
4.995 0.141134 2000 -60.9697
5 0.129349 2000 -55.8788
5.005 0.117565 2000 -50.7882
5.01 0.105783 2000 -45.6982
5.015 0.0940254 2000 -40.619
5.02 0.082322 2000 -35.5631
5.025 0.0706761 2000 -30.5321
5.03 0.0590661 2000 -25.5166
5.035 0.0474766 2000 -20.5099
5.04 0.03591 2000 -15.5131
5.045 0.0243784 2000 -10.5315
5.05 0.0128893 2000 -5.56818
5.055 0.00143481 2000 -0.619837
5.06 -0.00999837 2000 4.31929
5.065 -0.021413 2000 9.25043
5.07 -0.0327969 2000 14.1683
5.075 -0.0441297 2000 19.064
5.08 -0.0554026 2000 23.9339
5.085 -0.0666239 2000 28.7815
5.09 -0.0777956 2000 33.6077
5.095 -0.088903 2000 38.4061
5.1 -0.0999409 2000 43.1744
5.105 -0.110923 2000 47.9188
5.11 -0.121859 2000 52.6431
5.115 -0.132744 2000 57.3452
5.12 -0.143583 2000 62.0277
5.125 -0.154387 2000 66.6951
5.13 -0.16514 2000 71.3406
5.135 -0.17581 2000 75.9499
5.14 -0.186382 2000 80.5169
5.145 -0.196874 2000 85.0495
5.15 -0.207309 2000 89.5576
5.155 -0.217692 2000 94.043
5.16 -0.228018 2000 98.5036
5.165 -0.238284 2000 102.939
5.17 -0.248485 2000 107.346
5.175 -0.258623 2000 111.725
5.18 -0.268708 2000 116.082
5.185 -0.278738 2000 120.415
5.19 -0.288701 2000 124.719
5.195 -0.298592 2000 128.992
5.2 -0.308411 2000 133.234
5.205 -0.31816 2000 137.445
5.21 -0.327845 2000 141.629
5.215 -0.337469 2000 145.787
5.22 -0.347017 2000 149.912
5.225 -0.356483 2000 154.001
5.23 -0.36589 2000 158.065
5.235 -0.375261 2000 162.113
5.24 -0.3846 2000 166.147
5.245 -0.393912 2000 170.17
5.25 -0.403192 2000 174.179
5.255 -0.412406 2000 178.159
5.26 -0.421519 2000 182.096
5.265 -0.430528 2000 185.988
5.27 -0.439447 2000 189.841
5.275 -0.448281 2000 193.657
5.28 -0.457025 2000 197.435
5.285 -0.465671 2000 201.17
5.29 -0.474216 2000 204.861
5.295 -0.482679 2000 208.517
5.3 -0.491081 2000 212.147
5.305 -0.499418 2000 215.749
5.31 -0.507669 2000 219.313
5.315 -0.515818 2000 222.833
5.32 -0.523864 2000 226.309
5.325 -0.531816 2000 229.744
5.33 -0.539693 2000 233.147
5.335 -0.547498 2000 236.519
5.34 -0.555221 2000 239.856
5.345 -0.562856 2000 243.154
5.35 -0.570406 2000 246.415
5.355 -0.577876 2000 249.642
5.36 -0.58527 2000 252.837
5.365 -0.592594 2000 256
5.37 -0.599848 2000 259.134
5.375 -0.607025 2000 262.235
5.38 -0.614112 2000 265.296
5.385 -0.621093 2000 268.312
5.39 -0.627963 2000 271.28
5.395 -0.634735 2000 274.206
5.4 -0.641434 2000 277.099
5.405 -0.648065 2000 279.964
5.41 -0.654622 2000 282.797
5.415 -0.66109 2000 285.591
5.42 -0.667448 2000 288.337
5.425 -0.673682 2000 291.031
5.43 -0.679801 2000 293.674
5.435 -0.685823 2000 296.276
5.44 -0.69176 2000 298.84
5.445 -0.697601 2000 301.364
5.45 -0.703325 2000 303.837
5.455 -0.708915 2000 306.251
5.46 -0.714375 2000 308.61
5.465 -0.719726 2000 310.922
5.47 -0.724979 2000 313.191
5.475 -0.730128 2000 315.415
5.48 -0.735165 2000 317.591
5.485 -0.740095 2000 319.721
5.49 -0.744933 2000 321.811
5.495 -0.749691 2000 323.867
5.5 -0.754379 2000 325.892
5.505 -0.759 2000 327.888
5.51 -0.763545 2000 329.851
5.515 -0.768009 2000 331.78
5.52 -0.77239 2000 333.673
5.525 -0.776681 2000 335.526
5.53 -0.780877 2000 337.339
5.535 -0.784979 2000 339.111
5.54 -0.788974 2000 340.837
5.545 -0.792845 2000 342.509
5.55 -0.796591 2000 344.127
5.555 -0.800232 2000 345.7
5.56 -0.803786 2000 347.236
5.565 -0.807246 2000 348.73
5.57 -0.810598 2000 350.178
5.575 -0.81385 2000 351.583
5.58 -0.817027 2000 352.956
5.585 -0.820141 2000 354.301
5.59 -0.823191 2000 355.618
5.595 -0.826159 2000 356.901
5.6 -0.829028 2000 358.14
5.605 -0.831794 2000 359.335
5.61 -0.834467 2000 360.49
5.615 -0.83705 2000 361.606
5.62 -0.839532 2000 362.678
5.625 -0.841908 2000 363.704
5.63 -0.844187 2000 364.689
5.635 -0.846377 2000 365.635
5.64 -0.848482 2000 366.544
5.645 -0.850501 2000 367.417
5.65 -0.852412 2000 368.242
5.655 -0.854184 2000 369.008
5.66 -0.855815 2000 369.712
5.665 -0.857329 2000 370.366
5.67 -0.85875 2000 370.98
5.675 -0.860082 2000 371.556
5.68 -0.861323 2000 372.092
5.685 -0.862469 2000 372.587
5.69 -0.86352 2000 373.04
5.695 -0.86448 2000 373.456
5.7 -0.86536 2000 373.835
5.705 -0.866156 2000 374.179
5.71 -0.866863 2000 374.485
5.715 -0.867473 2000 374.748
5.72 -0.867964 2000 374.96
5.725 -0.868302 2000 375.106
5.73 -0.868472 2000 375.18
5.735 -0.868499 2000 375.192
5.74 -0.868419 2000 375.157
5.745 -0.868244 2000 375.081
5.75 -0.867968 2000 374.962
5.755 -0.867589 2000 374.799
5.76 -0.867115 2000 374.594
5.765 -0.86655 2000 374.35
5.77 -0.865893 2000 374.066
5.775 -0.865142 2000 373.742
5.78 -0.864293 2000 373.375
5.785 -0.863331 2000 372.959
5.79 -0.862252 2000 372.493
5.795 -0.86107 2000 371.982
5.8 -0.859792 2000 371.43
5.805 -0.858418 2000 370.836
5.81 -0.856959 2000 370.206
5.815 -0.855441 2000 369.551
5.82 -0.85387 2000 368.872
5.825 -0.852223 2000 368.16
5.83 -0.850478 2000 367.407
5.835 -0.848635 2000 366.61
5.84 -0.846703 2000 365.776
5.845 -0.844687 2000 364.905
5.85 -0.842574 2000 363.992
5.855 -0.840354 2000 363.033
5.86 -0.838028 2000 362.028
5.865 -0.835611 2000 360.984
5.87 -0.833112 2000 359.904
5.875 -0.830528 2000 358.788
5.88 -0.82785 2000 357.631
5.885 -0.825082 2000 356.436
5.89 -0.822239 2000 355.207
5.895 -0.819331 2000 353.951
5.9 -0.816359 2000 352.667
5.905 -0.813315 2000 351.352
5.91 -0.810192 2000 350.003
5.915 -0.80701 2000 348.628
5.92 -0.80379 2000 347.237
5.925 -0.800522 2000 345.825
5.93 -0.79718 2000 344.382
5.935 -0.793749 2000 342.899
5.94 -0.790228 2000 341.378
5.945 -0.78662 2000 339.82
5.95 -0.782926 2000 338.224
5.955 -0.779145 2000 336.591
5.96 -0.775276 2000 334.919
5.965 -0.771332 2000 333.215
5.97 -0.767328 2000 331.486
5.975 -0.763271 2000 329.733
5.98 -0.759148 2000 327.952
5.985 -0.754941 2000 326.135
5.99 -0.750639 2000 324.276
5.995 -0.746247 2000 322.379
6 -0.741797 2000 320.456
6.005 -0.73731 2000 318.518
6.01 -0.732774 2000 316.558
6.015 -0.72817 2000 314.569
6.02 -0.723502 2000 312.553
6.025 -0.718773 2000 310.51
6.03 -0.713977 2000 308.438
6.035 -0.709112 2000 306.336
6.04 -0.704177 2000 304.205
6.045 -0.699176 2000 302.044
6.05 -0.694123 2000 299.861
6.055 -0.689045 2000 297.667
6.06 -0.683945 2000 295.464
6.065 -0.678802 2000 293.243
6.07 -0.673593 2000 290.992
6.075 -0.668308 2000 288.709
6.08 -0.662953 2000 286.396
6.085 -0.657543 2000 284.058
6.09 -0.65209 2000 281.703
6.095 -0.646597 2000 279.33
6.1 -0.641066 2000 276.941
6.105 -0.635501 2000 274.536
6.11 -0.629896 2000 272.115
6.115 -0.624254 2000 269.678
6.12 -0.618597 2000 267.234
6.125 -0.612943 2000 264.791
6.13 -0.607275 2000 262.343
6.135 -0.601556 2000 259.872
6.14 -0.595764 2000 257.37
6.145 -0.589913 2000 254.842
6.15 -0.584015 2000 252.294
6.155 -0.578074 2000 249.728
6.16 -0.572093 2000 247.144
6.165 -0.566067 2000 244.541
6.17 -0.559974 2000 241.909
6.175 -0.5538 2000 239.242
6.18 -0.547559 2000 236.546
6.185 -0.541271 2000 233.829
6.19 -0.534933 2000 231.091
6.195 -0.528541 2000 228.33
6.2 -0.522108 2000 225.551
6.205 -0.515642 2000 222.757
6.21 -0.509139 2000 219.948
6.215 -0.50259 2000 217.119
6.22 -0.495999 2000 214.272
6.225 -0.489372 2000 211.409
6.23 -0.482706 2000 208.529
6.235 -0.475996 2000 205.63
6.24 -0.469238 2000 202.711
6.245 -0.462437 2000 199.773
6.25 -0.455599 2000 196.819
6.255 -0.44873 2000 193.851
6.26 -0.441835 2000 190.873
6.265 -0.434919 2000 187.885
6.27 -0.42797 2000 184.883
6.275 -0.420987 2000 181.866
6.28 -0.413986 2000 178.842
6.285 -0.406981 2000 175.816
6.29 -0.399969 2000 172.786
6.295 -0.392929 2000 169.745
6.3 -0.385849 2000 166.687
6.305 -0.378727 2000 163.61
6.31 -0.371567 2000 160.517
6.315 -0.364376 2000 157.411
6.32 -0.357154 2000 154.29
6.325 -0.349888 2000 151.152
6.33 -0.342566 2000 147.988
6.335 -0.335182 2000 144.798
6.34 -0.327748 2000 141.587
6.345 -0.320289 2000 138.365
6.35 -0.312827 2000 135.141
6.355 -0.305353 2000 131.913
6.36 -0.297844 2000 128.669
6.365 -0.290309 2000 125.413
6.37 -0.282802 2000 122.171
6.375 -0.275366 2000 118.958
6.38 -0.267983 2000 115.769
6.385 -0.260603 2000 112.58
6.39 -0.253187 2000 109.377
6.395 -0.245733 2000 106.157
6.4 -0.238254 2000 102.926
6.405 -0.230762 2000 99.6891
6.41 -0.223256 2000 96.4464
6.415 -0.215734 2000 93.197
6.42 -0.208201 2000 89.9428
6.425 -0.200663 2000 86.6864
6.43 -0.193126 2000 83.4305
6.435 -0.185592 2000 80.1758
6.44 -0.178062 2000 76.923
6.445 -0.170553 2000 73.6787
6.45 -0.16308 2000 70.4506
6.455 -0.15564 2000 67.2364
6.46 -0.148215 2000 64.0287
6.465 -0.140799 2000 60.8251
6.47 -0.133396 2000 57.627
6.475 -0.126008 2000 54.4353
6.48 -0.118627 2000 51.2468
6.485 -0.111241 2000 48.0562
6.49 -0.103843 2000 44.86
6.495 -0.0964428 2000 41.6633
6.5 -0.0890692 2000 38.4779
6.505 -0.0817362 2000 35.3101
6.51 -0.0744292 2000 32.1534
6.515 -0.0671328 2000 29.0014
6.52 -0.0598563 2000 25.8579
6.525 -0.0526106 2000 22.7278
6.53 -0.0453819 2000 19.605
6.535 -0.038145 2000 16.4786
6.54 -0.0308877 2000 13.3435
6.545 -0.0236151 2000 10.2017
6.55 -0.0163421 2000 7.05977
6.555 -0.00907892 2000 3.92209
6.56 -0.00182286 2000 0.787477
6.565 0.00543234 2000 -2.34677
6.57 0.0126867 2000 -5.48067
6.575 0.0199393 2000 -8.61376
6.58 0.0271969 2000 -11.7491
6.585 0.0344712 2000 -14.8915
6.59 0.0417622 2000 -18.0413
6.595 0.0490531 2000 -21.1909
6.6 0.0563248 2000 -24.3323
6.605 0.0635769 2000 -27.4652
6.61 0.0708152 2000 -30.5922
6.615 0.0780217 2000 -33.7054
6.62 0.0851754 2000 -36.7958
6.625 0.09229 2000 -39.8693
6.63 0.0993908 2000 -42.9368
6.635 0.106482 2000 -46.0003
6.64 0.113557 2000 -49.0568
6.645 0.120622 2000 -52.1089
6.65 0.12769 2000 -55.162
6.655 0.134758 2000 -58.2155
6.66 0.141817 2000 -61.2648
6.665 0.148851 2000 -64.3037
6.67 0.155833 2000 -67.32
6.675 0.162733 2000 -70.3007
6.68 0.169551 2000 -73.2461
6.685 0.176323 2000 -76.1715
6.69 0.18308 2000 -79.0907
6.695 0.189827 2000 -82.0055
6.7 0.196555 2000 -84.9119
6.705 0.203263 2000 -87.8096
6.71 0.209956 2000 -90.701
6.715 0.216631 2000 -93.5847
6.72 0.22328 2000 -96.4569
6.725 0.2299 2000 -99.317
6.73 0.236495 2000 -102.166
6.735 0.243055 2000 -105
6.74 0.249574 2000 -107.816
6.745 0.25607 2000 -110.622
6.75 0.262566 2000 -113.428
6.755 0.26905 2000 -116.23
6.76 0.275498 2000 -119.015
6.765 0.281898 2000 -121.78
6.77 0.288258 2000 -124.528
6.775 0.29459 2000 -127.263
6.78 0.300901 2000 -129.989
6.785 0.30719 2000 -132.706
6.79 0.313451 2000 -135.411
6.795 0.319659 2000 -138.093
6.8 0.325781 2000 -140.738
6.805 0.33181 2000 -143.342
6.81 0.337772 2000 -145.917
6.815 0.343689 2000 -148.474
6.82 0.349562 2000 -151.011
6.825 0.355394 2000 -153.53
6.83 0.361193 2000 -156.035
6.835 0.366961 2000 -158.527
6.84 0.372687 2000 -161.001
6.845 0.37836 2000 -163.452
6.85 0.383982 2000 -165.88
6.855 0.389564 2000 -168.292
6.86 0.395118 2000 -170.691
6.865 0.40064 2000 -173.076
6.87 0.406123 2000 -175.445
6.875 0.41156 2000 -177.794
6.88 0.416941 2000 -180.119
6.885 0.422272 2000 -182.422
6.89 0.427571 2000 -184.71
6.895 0.432835 2000 -186.985
6.9 0.438044 2000 -189.235
6.905 0.443192 2000 -191.459
6.91 0.44829 2000 -193.661
6.915 0.453341 2000 -195.843
6.92 0.458336 2000 -198.001
6.925 0.463277 2000 -200.136
6.93 0.468177 2000 -202.252
6.935 0.473033 2000 -204.35
6.94 0.477822 2000 -206.419
6.945 0.482531 2000 -208.453
6.95 0.487175 2000 -210.46
6.955 0.491784 2000 -212.451
6.96 0.496367 2000 -214.43
6.965 0.500915 2000 -216.395
6.97 0.505414 2000 -218.339
6.975 0.50985 2000 -220.255
6.98 0.514215 2000 -222.141
6.985 0.518516 2000 -223.999
6.99 0.522779 2000 -225.841
6.995 0.527005 2000 -227.666
7 0.531155 2000 -229.459
7.005 0.53519 2000 -231.202
7.01 0.539115 2000 -232.898
7.015 0.54296 2000 -234.559
7.02 0.546739 2000 -236.191
7.025 0.550443 2000 -237.791
7.03 0.554055 2000 -239.352
7.035 0.557563 2000 -240.867
7.04 0.56097 2000 -242.339
7.045 0.564297 2000 -243.776
7.05 0.567559 2000 -245.185
7.055 0.57076 2000 -246.568
7.06 0.5739 2000 -247.925
7.065 0.576968 2000 -249.25
7.07 0.579944 2000 -250.536
7.075 0.582814 2000 -251.776
7.08 0.585583 2000 -252.972
7.085 0.588266 2000 -254.131
7.09 0.590878 2000 -255.259
7.095 0.593425 2000 -256.359
7.1 0.595901 2000 -257.429
7.105 0.598303 2000 -258.467
7.11 0.600635 2000 -259.474
7.115 0.602902 2000 -260.454
7.12 0.605105 2000 -261.405
7.125 0.607233 2000 -262.324
7.13 0.609282 2000 -263.21
7.135 0.611252 2000 -264.061
7.14 0.613138 2000 -264.876
7.145 0.614944 2000 -265.656
7.15 0.616697 2000 -266.413
7.155 0.618423 2000 -267.159
7.16 0.62011 2000 -267.887
7.165 0.621719 2000 -268.583
7.17 0.623245 2000 -269.242
7.175 0.624709 2000 -269.874
7.18 0.626119 2000 -270.483
7.185 0.627465 2000 -271.065
7.19 0.62873 2000 -271.611
7.195 0.629908 2000 -272.12
7.2 0.631008 2000 -272.595
7.205 0.632033 2000 -273.038
7.21 0.632973 2000 -273.444
7.215 0.633831 2000 -273.815
7.22 0.634632 2000 -274.161
7.225 0.63539 2000 -274.488
7.23 0.63609 2000 -274.791
7.235 0.636716 2000 -275.061
7.24 0.637274 2000 -275.302
7.245 0.637772 2000 -275.518
7.25 0.638198 2000 -275.701
7.255 0.638538 2000 -275.849
7.26 0.638803 2000 -275.963
7.265 0.639011 2000 -276.053
7.27 0.639159 2000 -276.117
7.275 0.639226 2000 -276.146
7.28 0.639204 2000 -276.136
7.285 0.639093 2000 -276.088
7.29 0.638901 2000 -276.005
7.295 0.638641 2000 -275.893
7.3 0.63832 2000 -275.754
7.305 0.637936 2000 -275.588
7.31 0.637485 2000 -275.393
7.315 0.636961 2000 -275.167
7.32 0.63635 2000 -274.903
7.325 0.635639 2000 -274.596
7.33 0.634831 2000 -274.247
7.335 0.633941 2000 -273.863
7.34 0.632979 2000 -273.447
7.345 0.63194 2000 -272.998
7.35 0.630811 2000 -272.51
7.355 0.629586 2000 -271.981
7.36 0.628276 2000 -271.415
7.365 0.626903 2000 -270.822
7.37 0.625474 2000 -270.205
7.375 0.623981 2000 -269.56
7.38 0.622422 2000 -268.886
7.385 0.620789 2000 -268.181
7.39 0.61908 2000 -267.443
7.395 0.617301 2000 -266.674
7.4 0.615447 2000 -265.873
7.405 0.613493 2000 -265.029
7.41 0.611427 2000 -264.136
7.415 0.609268 2000 -263.204
7.42 0.60704 2000 -262.241
7.425 0.604739 2000 -261.247
7.43 0.602348 2000 -260.214
7.435 0.599849 2000 -259.135
7.44 0.597236 2000 -258.006
7.445 0.594525 2000 -256.835
7.45 0.591752 2000 -255.637
7.455 0.588943 2000 -254.423
7.46 0.58609 2000 -253.191
7.465 0.583165 2000 -251.927
7.47 0.580141 2000 -250.621
7.475 0.577016 2000 -249.271
7.48 0.573812 2000 -247.887
7.485 0.570541 2000 -246.474
7.49 0.567198 2000 -245.03
7.495 0.563772 2000 -243.549
7.5 0.560266 2000 -242.035
7.505 0.556694 2000 -240.492
7.51 0.553068 2000 -238.925
7.515 0.549382 2000 -237.333
7.52 0.545611 2000 -235.704
7.525 0.541746 2000 -234.034
7.53 0.537805 2000 -232.332
7.535 0.533805 2000 -230.604
7.54 0.529742 2000 -228.849
7.545 0.525601 2000 -227.059
7.55 0.521367 2000 -225.231
7.555 0.517047 2000 -223.364
7.56 0.512654 2000 -221.466
7.565 0.508195 2000 -219.54
7.57 0.503666 2000 -217.584
7.575 0.499067 2000 -215.597
7.58 0.494394 2000 -213.578
7.585 0.489631 2000 -211.521
7.59 0.484768 2000 -209.42
7.595 0.479807 2000 -207.277
7.6 0.474752 2000 -205.093
7.605 0.469612 2000 -202.872
7.61 0.464414 2000 -200.627
7.615 0.459182 2000 -198.367
7.62 0.453912 2000 -196.09
7.625 0.448571 2000 -193.783
7.63 0.443133 2000 -191.434
7.635 0.437605 2000 -189.045
7.64 0.432012 2000 -186.629
7.645 0.42637 2000 -184.192
7.65 0.420673 2000 -181.731
7.655 0.414907 2000 -179.24
7.66 0.409067 2000 -176.717
7.665 0.403153 2000 -174.162
7.67 0.39717 2000 -171.577
7.675 0.391128 2000 -168.967
7.68 0.385042 2000 -166.338
7.685 0.37893 2000 -163.698
7.69 0.372786 2000 -161.044
7.695 0.366591 2000 -158.367
7.7 0.360331 2000 -155.663
7.705 0.35402 2000 -152.937
7.71 0.347679 2000 -150.197
7.715 0.341292 2000 -147.438
7.72 0.334831 2000 -144.647
7.725 0.32831 2000 -141.83
7.73 0.321771 2000 -139.005
7.735 0.31521 2000 -136.171
7.74 0.308591 2000 -133.311
7.745 0.301915 2000 -130.427
7.75 0.295214 2000 -127.533
7.755 0.288496 2000 -124.63
7.76 0.281738 2000 -121.711
7.765 0.274929 2000 -118.769
7.77 0.268077 2000 -115.809
7.775 0.261195 2000 -112.836
7.78 0.254287 2000 -109.852
7.785 0.247353 2000 -106.857
7.79 0.240388 2000 -103.848
7.795 0.233385 2000 -100.822
7.8 0.226346 2000 -97.7814
7.805 0.219273 2000 -94.7261
7.81 0.212145 2000 -91.6468
7.815 0.204929 2000 -88.5294
7.82 0.197625 2000 -85.3742
7.825 0.190269 2000 -82.1964
7.83 0.182882 2000 -79.0051
7.835 0.175448 2000 -75.7935
7.84 0.167944 2000 -72.5517
7.845 0.160368 2000 -69.2789
7.85 0.15273 2000 -65.9796
7.855 0.145046 2000 -62.6597
7.86 0.137327 2000 -59.3253
7.865 0.129577 2000 -55.9772
7.87 0.121783 2000 -52.6103
7.875 0.113942 2000 -49.2228
7.88 0.106064 2000 -45.8195
7.885 0.098163 2000 -42.4064
7.89 0.0902435 2000 -38.9852
7.895 0.082303 2000 -35.5549
7.9 0.0743432 2000 -32.1162
7.905 0.0663728 2000 -28.6731
7.91 0.0583975 2000 -25.2277
7.915 0.0504039 2000 -21.7745
7.92 0.0423663 2000 -18.3022
7.925 0.0342745 2000 -14.8066
7.93 0.0261474 2000 -11.2957
7.935 0.0180098 2000 -7.78022
7.94 0.00986576 2000 -4.26201
7.945 0.00170449 2000 -0.73634
7.95 -0.00648411 2000 2.80114
7.955 -0.0147067 2000 6.35328
7.96 -0.0229642 2000 9.92051
7.965 -0.0312466 2000 13.4986
7.97 -0.0395397 2000 17.0811
7.975 -0.0478326 2000 20.6637
7.98 -0.0561219 2000 24.2446
7.985 -0.0644125 2000 27.8262
7.99 -0.0727134 2000 31.4122
7.995 -0.0810349 2000 35.0071
8 -0.0893934 2000 38.618
8.005 -0.0977984 2000 42.2489
8.01 -0.106233 2000 45.8926
8.015 -0.114676 2000 49.54
8.02 -0.123133 2000 53.1936
8.025 -0.131624 2000 56.8616
8.03 -0.14015 2000 60.5446
8.035 -0.148697 2000 64.2373
8.04 -0.157258 2000 67.9353
8.045 -0.16583 2000 71.6385
8.05 -0.174413 2000 75.3464
8.055 -0.183 2000 79.0561
8.06 -0.191585 2000 82.7648
8.065 -0.200165 2000 86.4713
8.07 -0.208739 2000 90.1751
8.075 -0.217308 2000 93.877
8.08 -0.225879 2000 97.5799
8.085 -0.234454 2000 101.284
8.09 -0.243019 2000 104.984
8.095 -0.251574 2000 108.68
8.1 -0.260138 2000 112.38
8.105 -0.268729 2000 116.091
8.11 -0.27734 2000 119.811
8.115 -0.285953 2000 123.532
8.12 -0.294542 2000 127.242
8.125 -0.303091 2000 130.935
8.13 -0.311603 2000 134.612
8.135 -0.320091 2000 138.279
8.14 -0.328561 2000 141.938
8.145 -0.33702 2000 145.592
8.15 -0.345475 2000 149.245
8.155 -0.353927 2000 152.897
8.16 -0.362368 2000 156.543
8.165 -0.370783 2000 160.178
8.17 -0.379163 2000 163.798
8.175 -0.387527 2000 167.411
8.18 -0.395903 2000 171.03
8.185 -0.404299 2000 174.657
8.19 -0.412689 2000 178.282
8.195 -0.421055 2000 181.896
8.2 -0.429404 2000 185.503
8.205 -0.437747 2000 189.107
8.21 -0.446092 2000 192.712
8.215 -0.454449 2000 196.322
8.22 -0.462809 2000 199.933
8.225 -0.471146 2000 203.535
8.23 -0.47944 2000 207.118
8.235 -0.487691 2000 210.683
8.24 -0.495913 2000 214.234
8.245 -0.504117 2000 217.778
8.25 -0.512306 2000 221.316
8.255 -0.520474 2000 224.845
8.26 -0.528617 2000 228.363
8.265 -0.536736 2000 231.87
8.27 -0.544839 2000 235.37
8.275 -0.552928 2000 238.865
8.28 -0.560991 2000 242.348
8.285 -0.569014 2000 245.814
8.29 -0.576996 2000 249.262
8.295 -0.584966 2000 252.705
8.3 -0.59295 2000 256.154
8.305 -0.600932 2000 259.602
8.31 -0.608879 2000 263.036
8.315 -0.616782 2000 266.45
8.32 -0.624644 2000 269.846
8.325 -0.632475 2000 273.229
8.33 -0.640274 2000 276.599
8.335 -0.648031 2000 279.949
8.34 -0.655734 2000 283.277
8.345 -0.663384 2000 286.582
8.35 -0.67098 2000 289.863
8.355 -0.678522 2000 293.121
8.36 -0.686025 2000 296.363
8.365 -0.693504 2000 299.594
8.37 -0.700952 2000 302.811
8.375 -0.70836 2000 306.012
8.38 -0.715731 2000 309.196
8.385 -0.723068 2000 312.366
8.39 -0.730375 2000 315.522
8.395 -0.73765 2000 318.665
8.4 -0.744899 2000 321.796
8.405 -0.752142 2000 324.925
8.41 -0.75939 2000 328.057
8.415 -0.766629 2000 331.184
8.42 -0.773836 2000 334.297
8.425 -0.780994 2000 337.389
8.43 -0.788097 2000 340.458
8.435 -0.795144 2000 343.502
8.44 -0.802138 2000 346.523
8.445 -0.809088 2000 349.526
8.45 -0.816006 2000 352.514
8.455 -0.822888 2000 355.488
8.46 -0.829734 2000 358.445
8.465 -0.836545 2000 361.388
8.47 -0.843325 2000 364.316
8.475 -0.850073 2000 367.231
8.48 -0.856794 2000 370.135
8.485 -0.863491 2000 373.028
8.49 -0.870164 2000 375.911
8.495 -0.876815 2000 378.784
8.5 -0.883446 2000 381.648
8.505 -0.890043 2000 384.499
8.51 -0.896599 2000 387.331
8.515 -0.903107 2000 390.142
8.52 -0.909556 2000 392.928
8.525 -0.915942 2000 395.687
8.53 -0.922284 2000 398.427
8.535 -0.928608 2000 401.159
8.54 -0.934913 2000 403.882
8.545 -0.941175 2000 406.588
8.55 -0.947371 2000 409.264
8.555 -0.953492 2000 411.909
8.56 -0.959546 2000 414.524
8.565 -0.965554 2000 417.119
8.57 -0.97154 2000 419.705
8.575 -0.977517 2000 422.287
8.58 -0.983488 2000 424.867
8.585 -0.989443 2000 427.439
8.59 -0.995367 2000 429.998
8.595 -1.00125 2000 432.539
8.6 -1.00708 2000 435.058
8.605 -1.01287 2000 437.56
8.61 -1.01863 2000 440.048
8.615 -1.02434 2000 442.516
8.62 -1.03 2000 444.959
8.625 -1.03559 2000 447.373
8.63 -1.0411 2000 449.754
8.635 -1.04653 2000 452.101
8.64 -1.05189 2000 454.418
8.645 -1.05719 2000 456.707
8.65 -1.06242 2000 458.965
8.655 -1.06757 2000 461.19
8.66 -1.07265 2000 463.383
8.665 -1.07764 2000 465.539
8.67 -1.08255 2000 467.662
8.675 -1.0874 2000 469.755
8.68 -1.09217 2000 471.816
8.685 -1.09685 2000 473.838
8.69 -1.10143 2000 475.82
8.695 -1.10594 2000 477.766
8.7 -1.11038 2000 479.685
8.705 -1.11476 2000 481.576
8.71 -1.11908 2000 483.442
8.715 -1.12335 2000 485.285
8.72 -1.12756 2000 487.104
8.725 -1.13168 2000 488.886
8.73 -1.1357 2000 490.62
8.735 -1.1396 2000 492.307
8.74 -1.14342 2000 493.955
8.745 -1.14716 2000 495.574
8.75 -1.15083 2000 497.16
8.755 -1.15442 2000 498.709
8.76 -1.15791 2000 500.216
8.765 -1.1613 2000 501.681
8.77 -1.1646 2000 503.109
8.775 -1.16784 2000 504.507
8.78 -1.17102 2000 505.88
8.785 -1.17413 2000 507.226
8.79 -1.17717 2000 508.538
8.795 -1.18013 2000 509.818
8.8 -1.18304 2000 511.074
8.805 -1.1859 2000 512.309
8.81 -1.1887 2000 513.52
8.815 -1.19143 2000 514.699
8.82 -1.19409 2000 515.845
8.825 -1.19667 2000 516.959
8.83 -1.19916 2000 518.037
8.835 -1.20156 2000 519.076
8.84 -1.20389 2000 520.079
8.845 -1.20614 2000 521.051
8.85 -1.20832 2000 521.993
8.855 -1.21043 2000 522.906
8.86 -1.21247 2000 523.788
8.865 -1.21443 2000 524.635
8.87 -1.21631 2000 525.446
8.875 -1.2181 2000 526.218
8.88 -1.21979 2000 526.95
8.885 -1.22139 2000 527.638
8.89 -1.22287 2000 528.279
8.895 -1.22424 2000 528.871
8.9 -1.22553 2000 529.427
8.905 -1.22675 2000 529.958
8.91 -1.22791 2000 530.458
8.915 -1.22897 2000 530.917
8.92 -1.22993 2000 531.33
8.925 -1.23079 2000 531.702
8.93 -1.23157 2000 532.039
8.935 -1.23227 2000 532.341
8.94 -1.23288 2000 532.602
8.945 -1.23338 2000 532.819
8.95 -1.23378 2000 532.992
8.955 -1.23409 2000 533.125
8.96 -1.23431 2000 533.222
8.965 -1.23445 2000 533.282
8.97 -1.2345 2000 533.303
8.975 -1.23447 2000 533.29
8.98 -1.23435 2000 533.24
8.985 -1.23414 2000 533.147
8.99 -1.23382 2000 533.01
8.995 -1.23343 2000 532.842
9 -1.23299 2000 532.651
9.005 -1.2325 2000 532.44
9.01 -1.23194 2000 532.198
9.015 -1.2313 2000 531.921
9.02 -1.23057 2000 531.607
9.025 -1.22976 2000 531.256
9.03 -1.22887 2000 530.87
9.035 -1.22789 2000 530.449
9.04 -1.22683 2000 529.991
9.045 -1.22566 2000 529.486
9.05 -1.22438 2000 528.932
9.055 -1.22301 2000 528.342
9.06 -1.2216 2000 527.729
9.065 -1.22012 2000 527.093
9.07 -1.21857 2000 526.421
9.075 -1.21693 2000 525.712
9.08 -1.21521 2000 524.969
9.085 -1.2134 2000 524.191
9.09 -1.21151 2000 523.373
9.095 -1.2095 2000 522.505
9.1 -1.20737 2000 521.583
9.105 -1.20513 2000 520.616
9.11 -1.20282 2000 519.617
9.115 -1.20043 2000 518.586
9.12 -1.19796 2000 517.517
9.125 -1.1954 2000 516.412
9.13 -1.19276 2000 515.273
9.135 -1.19005 2000 514.1
9.14 -1.18723 2000 512.885
9.145 -1.18432 2000 511.627
9.15 -1.1813 2000 510.323
9.155 -1.17819 2000 508.976
9.16 -1.17498 2000 507.593
9.165 -1.17172 2000 506.181
9.17 -1.1684 2000 504.747
9.175 -1.16502 2000 503.289
9.18 -1.16158 2000 501.803
9.185 -1.15808 2000 500.289
9.19 -1.15452 2000 498.751
9.195 -1.15091 2000 497.195
9.2 -1.14727 2000 495.619
9.205 -1.14356 2000 494.016
9.21 -1.13978 2000 492.386
9.215 -1.13596 2000 490.737
9.22 -1.13211 2000 489.07
9.225 -1.12819 2000 487.38
9.23 -1.12421 2000 485.657
9.235 -1.12015 2000 483.904
9.24 -1.11603 2000 482.126
9.245 -1.11186 2000 480.322
9.25 -1.10761 2000 478.486
9.255 -1.10326 2000 476.608
9.26 -1.0988 2000 474.683
9.265 -1.09426 2000 472.722
9.27 -1.08967 2000 470.739
9.275 -1.08504 2000 468.738
9.28 -1.08035 2000 466.71
9.285 -1.07558 2000 464.652
9.29 -1.07076 2000 462.566
9.295 -1.06587 2000 460.455
9.3 -1.06092 2000 458.318
9.305 -1.05592 2000 456.159
9.31 -1.05088 2000 453.979
9.315 -1.04577 2000 451.773
9.32 -1.04059 2000 449.535
9.325 -1.03534 2000 447.267
9.33 -1.03002 2000 444.97
9.335 -1.02465 2000 442.649
9.34 -1.01924 2000 440.31
9.345 -1.0138 2000 437.961
9.35 -1.00833 2000 435.598
9.355 -1.00282 2000 433.216
9.36 -0.997247 2000 430.811
9.365 -0.991629 2000 428.384
9.37 -0.98597 2000 425.939
9.375 -0.980276 2000 423.479
9.38 -0.974546 2000 421.004
9.385 -0.968775 2000 418.511
9.39 -0.96295 2000 415.994
9.395 -0.957073 2000 413.456
9.4 -0.951149 2000 410.896
9.405 -0.945169 2000 408.313
9.41 -0.939127 2000 405.703
9.415 -0.93303 2000 403.069
9.42 -0.926887 2000 400.415
9.425 -0.920696 2000 397.741
9.43 -0.914456 2000 395.045
9.435 -0.908171 2000 392.33
9.44 -0.901837 2000 389.593
9.445 -0.89545 2000 386.834
9.45 -0.889007 2000 384.051
9.455 -0.8825 2000 381.24
9.46 -0.875931 2000 378.402
9.465 -0.86931 2000 375.542
9.47 -0.862636 2000 372.659
9.475 -0.855893 2000 369.746
9.48 -0.849079 2000 366.802
9.485 -0.842212 2000 363.836
9.49 -0.835299 2000 360.849
9.495 -0.828342 2000 357.844
9.5 -0.821343 2000 354.82
9.505 -0.814291 2000 351.774
9.51 -0.807156 2000 348.692
9.515 -0.799935 2000 345.572
9.52 -0.79265 2000 342.425
9.525 -0.78532 2000 339.258
9.53 -0.777945 2000 336.072
9.535 -0.770518 2000 332.864
9.54 -0.763043 2000 329.634
9.545 -0.755527 2000 326.388
9.55 -0.747969 2000 323.123
9.555 -0.74036 2000 319.836
9.56 -0.73269 2000 316.522
9.565 -0.72496 2000 313.183
9.57 -0.71719 2000 309.826
9.575 -0.709394 2000 306.458
9.58 -0.701554 2000 303.071
9.585 -0.693653 2000 299.658
9.59 -0.685713 2000 296.228
9.595 -0.677767 2000 292.795
9.6 -0.66982 2000 289.362
9.605 -0.661858 2000 285.923
9.61 -0.65387 2000 282.472
9.615 -0.645859 2000 279.011
9.62 -0.637831 2000 275.543
9.625 -0.629792 2000 272.07
9.63 -0.621735 2000 268.59
9.635 -0.613651 2000 265.097
9.64 -0.605531 2000 261.589
9.645 -0.597375 2000 258.066
9.65 -0.589179 2000 254.525
9.655 -0.580942 2000 250.967
9.66 -0.572673 2000 247.395
9.665 -0.564388 2000 243.816
9.67 -0.5561 2000 240.235
9.675 -0.547804 2000 236.651
9.68 -0.539482 2000 233.056
9.685 -0.531117 2000 229.443
9.69 -0.522706 2000 225.809
9.695 -0.514272 2000 222.166
9.7 -0.505851 2000 218.528
9.705 -0.497466 2000 214.905
9.71 -0.489114 2000 211.297
9.715 -0.480772 2000 207.693
9.72 -0.472405 2000 204.079
9.725 -0.463993 2000 200.445
9.73 -0.45554 2000 196.793
9.735 -0.447064 2000 193.132
9.74 -0.438563 2000 189.459
9.745 -0.430025 2000 185.771
9.75 -0.421445 2000 182.064
9.755 -0.412829 2000 178.342
9.76 -0.4042 2000 174.615
9.765 -0.395571 2000 170.886
9.77 -0.386926 2000 167.152
9.775 -0.37825 2000 163.404
9.78 -0.369553 2000 159.647
9.785 -0.360855 2000 155.889
9.79 -0.352157 2000 152.132
9.795 -0.34345 2000 148.37
9.8 -0.334725 2000 144.601
9.805 -0.325983 2000 140.825
9.81 -0.317224 2000 137.041
9.815 -0.308449 2000 133.25
9.82 -0.299668 2000 129.457
9.825 -0.290892 2000 125.666
9.83 -0.28213 2000 121.88
9.835 -0.273376 2000 118.099
9.84 -0.264623 2000 114.317
9.845 -0.255866 2000 110.534
9.85 -0.247107 2000 106.75
9.855 -0.238355 2000 102.97
9.86 -0.229609 2000 99.191
9.865 -0.220864 2000 95.4134
9.87 -0.212123 2000 91.637
9.875 -0.203379 2000 87.8598
9.88 -0.194633 2000 84.0814
9.885 -0.185896 2000 80.307
9.89 -0.177177 2000 76.5406
9.895 -0.168467 2000 72.7779
9.9 -0.159759 2000 69.0157
9.905 -0.151068 2000 65.2613
9.91 -0.142417 2000 61.5239
9.915 -0.133808 2000 57.8049
9.92 -0.125236 2000 54.1021
9.925 -0.1167 2000 50.4144
9.93 -0.108191 2000 46.7384
9.935 -0.0997031 2000 43.0717
9.94 -0.0912416 2000 39.4164
9.945 -0.0828046 2000 35.7716
9.95 -0.0743848 2000 32.1342
9.955 -0.0659902 2000 28.5078
9.96 -0.0576287 2000 24.8956
9.965 -0.0492878 2000 21.2923
9.97 -0.0409557 2000 17.6929
9.975 -0.0326437 2000 14.1021
9.98 -0.0243715 2000 10.5285
9.985 -0.016141 2000 6.97291
9.99 -0.00793967 2000 3.42994
9.995 0.000236123 2000 -0.102005
10 0.00837518 2000 -3.61808
10.005 0.0164737 2000 -7.11662
10.01 0.0245441 2000 -10.603
10.015 0.0325936 2000 -14.0804
10.02 0.0406137 2000 -17.5451
10.025 0.0485928 2000 -20.9921
10.03 0.0565223 2000 -24.4176
10.035 0.0643976 2000 -27.8198
10.04 0.0722241 2000 -31.2008
10.045 0.0800152 2000 -34.5666
10.05 0.0877817 2000 -37.9217
10.055 0.0955231 2000 -41.266
10.06 0.103238 2000 -44.5987
10.065 0.110931 2000 -47.9223
10.07 0.11861 2000 -51.2394
10.075 0.126274 2000 -54.5505
10.08 0.133925 2000 -57.8556
10.085 0.141542 2000 -61.1463
10.09 0.149095 2000 -64.409
10.095 0.156575 2000 -67.6404
10.1 0.164007 2000 -70.8511
10.105 0.171416 2000 -74.0516
10.11 0.178812 2000 -77.2468
10.115 0.186196 2000 -80.4365
10.12 0.193553 2000 -83.6148
10.125 0.200871 2000 -86.7763
10.13 0.208159 2000 -89.9248
10.135 0.215442 2000 -93.0711
10.14 0.222726 2000 -96.2178
10.145 0.229978 2000 -99.3506
10.15 0.237165 2000 -102.455
10.155 0.244286 2000 -105.532
10.16 0.251357 2000 -108.586
10.165 0.258385 2000 -111.622
10.17 0.265371 2000 -114.64
10.175 0.27231 2000 -117.638
10.18 0.279192 2000 -120.611
10.185 0.286009 2000 -123.556
10.19 0.292756 2000 -126.471
10.195 0.299426 2000 -129.352
10.2 0.306022 2000 -132.202
10.205 0.312562 2000 -135.027
10.21 0.319062 2000 -137.835
10.215 0.325526 2000 -140.627
10.22 0.331956 2000 -143.405
10.225 0.338348 2000 -146.167
10.23 0.344691 2000 -148.907
10.235 0.350972 2000 -151.62
10.24 0.357186 2000 -154.304
10.245 0.363341 2000 -156.963
10.25 0.369462 2000 -159.607
10.255 0.375563 2000 -162.243
10.26 0.381627 2000 -164.863
10.265 0.387614 2000 -167.449
10.27 0.39351 2000 -169.996
10.275 0.399342 2000 -172.516
10.28 0.405139 2000 -175.02
10.285 0.410901 2000 -177.509
10.29 0.416617 2000 -179.979
10.295 0.422278 2000 -182.424
10.3 0.427879 2000 -184.844
10.305 0.433411 2000 -187.233
10.31 0.438868 2000 -189.591
10.315 0.444267 2000 -191.923
10.32 0.449627 2000 -194.239
10.325 0.454948 2000 -196.537
10.33 0.460219 2000 -198.815
10.335 0.465441 2000 -201.071
10.34 0.470612 2000 -203.304
10.345 0.475716 2000 -205.509
10.35 0.480747 2000 -207.682
10.355 0.485718 2000 -209.83
10.36 0.490649 2000 -211.961
10.365 0.495542 2000 -214.074
10.37 0.500384 2000 -216.166
10.375 0.505161 2000 -218.229
10.38 0.509866 2000 -220.262
10.385 0.514502 2000 -222.265
10.39 0.519071 2000 -224.239
10.395 0.523575 2000 -226.184
10.4 0.528001 2000 -228.097
10.405 0.532331 2000 -229.967
10.41 0.536557 2000 -231.793
10.415 0.540692 2000 -233.579
10.42 0.544754 2000 -235.334
10.425 0.548751 2000 -237.061
10.43 0.552684 2000 -238.759
10.435 0.556553 2000 -240.431
10.44 0.560363 2000 -242.077
10.445 0.564103 2000 -243.692
10.45 0.567761 2000 -245.273
10.455 0.571341 2000 -246.819
10.46 0.574857 2000 -248.338
10.465 0.578304 2000 -249.828
10.47 0.581677 2000 -251.285
10.475 0.58499 2000 -252.716
10.48 0.588257 2000 -254.127
10.485 0.591471 2000 -255.515
10.49 0.594623 2000 -256.877
10.495 0.597717 2000 -258.214
10.5 0.600752 2000 -259.525
10.505 0.603719 2000 -260.806
10.51 0.606616 2000 -262.058
10.515 0.60944 2000 -263.278
10.52 0.612179 2000 -264.461
10.525 0.614822 2000 -265.603
10.53 0.617376 2000 -266.706
10.535 0.619843 2000 -267.772
10.54 0.622226 2000 -268.802
10.545 0.624525 2000 -269.795
10.55 0.626736 2000 -270.75
10.555 0.62885 2000 -271.663
10.56 0.630873 2000 -272.537
10.565 0.632815 2000 -273.376
10.57 0.634685 2000 -274.184
10.575 0.636491 2000 -274.964
10.58 0.638232 2000 -275.716
10.585 0.639903 2000 -276.438
10.59 0.641508 2000 -277.132
10.595 0.643047 2000 -277.796
10.6 0.644498 2000 -278.423
10.605 0.645838 2000 -279.002
10.61 0.64708 2000 -279.539
10.615 0.648248 2000 -280.043
10.62 0.649348 2000 -280.518
10.625 0.650371 2000 -280.96
10.63 0.651311 2000 -281.367
10.635 0.652173 2000 -281.739
10.64 0.652957 2000 -282.078
10.645 0.653666 2000 -282.384
10.65 0.654304 2000 -282.659
10.655 0.654873 2000 -282.905
10.66 0.65537 2000 -283.12
10.665 0.655791 2000 -283.302
10.67 0.656138 2000 -283.451
10.675 0.656419 2000 -283.573
10.68 0.656635 2000 -283.666
10.685 0.656785 2000 -283.731
10.69 0.656873 2000 -283.769
10.695 0.6569 2000 -283.781
10.7 0.656852 2000 -283.76
10.705 0.656721 2000 -283.703
10.71 0.656513 2000 -283.613
10.715 0.656241 2000 -283.496
10.72 0.655936 2000 -283.364
10.725 0.655633 2000 -283.233
10.73 0.65533 2000 -283.102
10.735 0.654974 2000 -282.949
10.74 0.654529 2000 -282.756
10.745 0.654003 2000 -282.529
10.75 0.65342 2000 -282.277
10.755 0.652786 2000 -282.004
10.76 0.652104 2000 -281.709
10.765 0.65138 2000 -281.396
10.77 0.650616 2000 -281.066
10.775 0.649811 2000 -280.718
10.78 0.648957 2000 -280.349
10.785 0.648052 2000 -279.958
10.79 0.647101 2000 -279.548
10.795 0.646099 2000 -279.115
10.8 0.645023 2000 -278.65
10.805 0.643866 2000 -278.15
10.81 0.642655 2000 -277.627
10.815 0.641412 2000 -277.09
10.82 0.640125 2000 -276.534
10.825 0.638777 2000 -275.952
10.83 0.637383 2000 -275.35
10.835 0.635959 2000 -274.734
10.84 0.634491 2000 -274.1
10.845 0.632964 2000 -273.44
10.85 0.631373 2000 -272.753
10.855 0.629724 2000 -272.041
10.86 0.628021 2000 -271.305
10.865 0.626271 2000 -270.549
10.87 0.624478 2000 -269.775
10.875 0.622637 2000 -268.979
10.88 0.620737 2000 -268.158
10.885 0.618766 2000 -267.307
10.89 0.61673 2000 -266.427
10.895 0.614642 2000 -265.525
10.9 0.612509 2000 -264.604
10.905 0.610324 2000 -263.66
10.91 0.608085 2000 -262.693
10.915 0.605796 2000 -261.704
10.92 0.603445 2000 -260.688
10.925 0.601007 2000 -259.635
10.93 0.598469 2000 -258.538
10.935 0.595835 2000 -257.401
10.94 0.593128 2000 -256.231
10.945 0.590368 2000 -255.039
10.95 0.587563 2000 -253.827
10.955 0.584705 2000 -252.593
10.96 0.581774 2000 -251.326
10.965 0.578759 2000 -250.024
10.97 0.575673 2000 -248.691
10.975 0.572534 2000 -247.335
10.98 0.569352 2000 -245.96
10.985 0.566127 2000 -244.567
10.99 0.562854 2000 -243.153
10.995 0.559518 2000 -241.712
11 0.556079 2000 -240.226
11.005 0.55251 2000 -238.684
11.01 0.548836 2000 -237.097
11.015 0.545104 2000 -235.485
11.02 0.541334 2000 -233.856
11.025 0.537518 2000 -232.208
11.03 0.533648 2000 -230.536
11.035 0.529725 2000 -228.841
11.04 0.525755 2000 -227.126
11.045 0.521757 2000 -225.399
11.05 0.517732 2000 -223.66
11.055 0.513666 2000 -221.904
11.06 0.50955 2000 -220.126
11.065 0.505382 2000 -218.325
11.07 0.501157 2000 -216.5
11.075 0.496862 2000 -214.644
11.08 0.492501 2000 -212.76
11.085 0.488091 2000 -210.855
11.09 0.483636 2000 -208.931
11.095 0.479121 2000 -206.98
11.1 0.474543 2000 -205.002
11.105 0.469924 2000 -203.007
11.11 0.465283 2000 -201.002
11.115 0.460603 2000 -198.981
11.12 0.455854 2000 -196.929
11.125 0.451035 2000 -194.847
11.13 0.446168 2000 -192.745
11.135 0.441258 2000 -190.624
11.14 0.436287 2000 -188.476
11.145 0.431238 2000 -186.295
11.15 0.426115 2000 -184.082
11.155 0.420936 2000 -181.844
11.16 0.415716 2000 -179.589
11.165 0.410464 2000 -177.32
11.17 0.405182 2000 -175.039
11.175 0.399878 2000 -172.747
11.18 0.394564 2000 -170.451
11.185 0.389241 2000 -168.152
11.19 0.383895 2000 -165.843
11.195 0.378514 2000 -163.518
11.2 0.373097 2000 -161.178
11.205 0.367641 2000 -158.821
11.21 0.36213 2000 -156.44
11.215 0.356554 2000 -154.032
11.22 0.350927 2000 -151.6
11.225 0.345266 2000 -149.155
11.23 0.339582 2000 -146.699
11.235 0.333869 2000 -144.231
11.24 0.32811 2000 -141.744
11.245 0.322295 2000 -139.232
11.25 0.316437 2000 -136.701
11.255 0.310552 2000 -134.158
11.26 0.304645 2000 -131.606
11.265 0.298711 2000 -129.043
11.27 0.292755 2000 -126.47
11.275 0.286775 2000 -123.887
11.28 0.280765 2000 -121.29
11.285 0.274721 2000 -118.679
11.29 0.268648 2000 -116.056
11.295 0.262552 2000 -113.423
11.3 0.25644 2000 -110.782
11.305 0.250307 2000 -108.132
11.31 0.244137 2000 -105.467
11.315 0.237921 2000 -102.782
11.32 0.231667 2000 -100.08
11.325 0.225381 2000 -97.3645
11.33 0.219065 2000 -94.636
11.335 0.212729 2000 -91.8988
11.34 0.206384 2000 -89.1578
11.345 0.200027 2000 -86.4115
11.35 0.193646 2000 -83.655
11.355 0.18724 2000 -80.8877
11.36 0.180823 2000 -78.1154
11.365 0.17441 2000 -75.3452
11.37 0.168009 2000 -72.5797
11.375 0.161611 2000 -69.8158
11.38 0.155206 2000 -67.0488
11.385 0.148795 2000 -64.2794
11.39 0.142389 2000 -61.512
11.395 0.135989 2000 -58.7473
11.4 0.129587 2000 -55.9817
11.405 0.123174 2000 -53.2111
11.41 0.116738 2000 -50.431
11.415 0.110274 2000 -47.6384
11.42 0.103797 2000 -44.8405
11.425 0.0973359 2000 -42.0491
11.43 0.0908899 2000 -39.2644
11.435 0.0844319 2000 -36.4746
11.44 0.0779487 2000 -33.6738
11.445 0.0714572 2000 -30.8695
11.45 0.0649726 2000 -28.0682
11.455 0.0584822 2000 -25.2643
11.46 0.0519608 2000 -22.4471
11.465 0.0454044 2000 -19.6147
11.47 0.0388355 2000 -16.7769
11.475 0.0322741 2000 -13.9424
11.48 0.0257235 2000 -11.1126
11.485 0.0191776 2000 -8.28471
11.49 0.0126176 2000 -5.45082
11.495 0.00602276 2000 -2.60183
11.5 -0.000603233 2000 0.260597
11.505 -0.00724069 2000 3.12798
11.51 -0.0138824 2000 5.99718
11.515 -0.0205302 2000 8.86905
11.52 -0.0271842 2000 11.7436
11.525 -0.0338513 2000 14.6238
11.53 -0.0405439 2000 17.515
11.535 -0.047264 2000 20.4181
11.54 -0.0540084 2000 23.3316
11.545 -0.0607807 2000 26.2573
11.55 -0.0675782 2000 29.1938
11.555 -0.0743727 2000 32.129
11.56 -0.0811261 2000 35.0465
11.565 -0.0878271 2000 37.9413
11.57 -0.0944944 2000 40.8216
11.575 -0.101143 2000 43.6936
11.58 -0.107769 2000 46.5563
11.585 -0.114372 2000 49.4088
11.59 -0.120953 2000 52.2519
11.595 -0.127507 2000 55.083
11.6 -0.134023 2000 57.8981
11.605 -0.140504 2000 60.6978
11.61 -0.146956 2000 63.485
11.615 -0.153378 2000 66.2595
11.62 -0.159766 2000 69.0188
11.625 -0.166117 2000 71.7624
11.63 -0.172435 2000 74.492
11.635 -0.178723 2000 77.2085
11.64 -0.18498 2000 79.9113
11.645 -0.191203 2000 82.5995
11.65 -0.197393 2000 85.2738
11.655 -0.203558 2000 87.9369
11.66 -0.2097 2000 90.5904
11.665 -0.215813 2000 93.2314
11.67 -0.221893 2000 95.8577
11.675 -0.22795 2000 98.4745
11.68 -0.23401 2000 101.092
11.685 -0.240087 2000 103.718
11.69 -0.246174 2000 106.347
11.695 -0.252249 2000 108.972
11.7 -0.258293 2000 111.583
11.705 -0.264295 2000 114.176
11.71 -0.27025 2000 116.748
11.715 -0.276163 2000 119.302
11.72 -0.282043 2000 121.842
11.725 -0.287891 2000 124.369
11.73 -0.293713 2000 126.884
11.735 -0.299529 2000 129.397
11.74 -0.305333 2000 131.904
11.745 -0.31109 2000 134.391
11.75 -0.316783 2000 136.85
11.755 -0.322421 2000 139.286
11.76 -0.328012 2000 141.701
11.765 -0.333566 2000 144.101
11.77 -0.339088 2000 146.486
11.775 -0.344572 2000 148.855
11.78 -0.350015 2000 151.207
11.785 -0.355424 2000 153.543
11.79 -0.360802 2000 155.867
11.795 -0.366136 2000 158.171
11.8 -0.371405 2000 160.447
11.805 -0.3766 2000 162.691
11.81 -0.38172 2000 164.903
11.815 -0.386776 2000 167.087
11.82 -0.391783 2000 169.25
11.825 -0.396746 2000 171.394
11.83 -0.401658 2000 173.516
11.835 -0.40652 2000 175.617
11.84 -0.411337 2000 177.698
11.845 -0.416106 2000 179.758
11.85 -0.420832 2000 181.8
11.855 -0.42552 2000 183.825
11.86 -0.430162 2000 185.83
11.865 -0.434755 2000 187.814
11.87 -0.439301 2000 189.778
11.875 -0.4438 2000 191.722
11.88 -0.448256 2000 193.647
11.885 -0.452671 2000 195.554
11.89 -0.457036 2000 197.439
11.895 -0.461349 2000 199.303
11.9 -0.465617 2000 201.146
11.905 -0.469838 2000 202.97
11.91 -0.473997 2000 204.767
11.915 -0.478077 2000 206.529
11.92 -0.482077 2000 208.257
11.925 -0.486016 2000 209.959
11.93 -0.489903 2000 211.638
11.935 -0.493736 2000 213.294
11.94 -0.497525 2000 214.931
11.945 -0.501288 2000 216.556
11.95 -0.505024 2000 218.171
11.955 -0.508717 2000 219.766
11.96 -0.512353 2000 221.336
11.965 -0.515925 2000 222.88
11.97 -0.519429 2000 224.393
11.975 -0.522871 2000 225.88
11.98 -0.526266 2000 227.347
11.985 -0.529612 2000 228.793
11.99 -0.532893 2000 230.21
11.995 -0.536121 2000 231.604
12 -0.53934 2000 232.995
12.005 -0.542568 2000 234.389
12.01 -0.545772 2000 235.773
12.015 -0.548917 2000 237.132
12.02 -0.552009 2000 238.468
12.025 -0.555063 2000 239.787
12.03 -0.558067 2000 241.085
12.035 -0.561 2000 242.352
12.04 -0.563864 2000 243.589
12.045 -0.566682 2000 244.807
12.05 -0.569463 2000 246.008
12.055 -0.572199 2000 247.19
12.06 -0.574877 2000 248.347
12.065 -0.577487 2000 249.475
12.07 -0.580022 2000 250.57
12.075 -0.582482 2000 251.632
12.08 -0.584875 2000 252.666
12.085 -0.587199 2000 253.67
12.09 -0.589456 2000 254.645
12.095 -0.591663 2000 255.599
12.1 -0.593834 2000 256.536
12.105 -0.595945 2000 257.448
12.11 -0.59796 2000 258.319
12.115 -0.599874 2000 259.146
12.12 -0.601713 2000 259.94
12.125 -0.603501 2000 260.713
12.13 -0.60524 2000 261.464
12.135 -0.606919 2000 262.189
12.14 -0.608542 2000 262.89
12.145 -0.610128 2000 263.575
12.15 -0.611677 2000 264.244
12.155 -0.61317 2000 264.889
12.16 -0.614595 2000 265.505
12.165 -0.615948 2000 266.089
12.17 -0.617228 2000 266.643
12.175 -0.61844 2000 267.166
12.18 -0.619585 2000 267.661
12.185 -0.620652 2000 268.122
12.19 -0.621619 2000 268.54
12.195 -0.622486 2000 268.914
12.2 -0.623282 2000 269.258
12.205 -0.624021 2000 269.577
12.21 -0.624689 2000 269.866
12.215 -0.625285 2000 270.123
12.22 -0.625829 2000 270.358
12.225 -0.626327 2000 270.573
12.23 -0.626756 2000 270.759
12.235 -0.6271 2000 270.907
12.24 -0.627373 2000 271.025
12.245 -0.627592 2000 271.12
12.25 -0.62775 2000 271.188
12.255 -0.627834 2000 271.224
12.26 -0.627847 2000 271.23
12.265 -0.627795 2000 271.208
12.27 -0.627673 2000 271.155
12.275 -0.627468 2000 271.066
12.28 -0.627181 2000 270.942
12.285 -0.62683 2000 270.791
12.29 -0.626427 2000 270.616
12.295 -0.625968 2000 270.418
12.3 -0.625457 2000 270.197
12.305 -0.624899 2000 269.956
12.31 -0.624288 2000 269.692
12.315 -0.623612 2000 269.401
12.32 -0.622874 2000 269.082
12.325 -0.622081 2000 268.739
12.33 -0.621227 2000 268.37
12.335 -0.620299 2000 267.969
12.34 -0.619292 2000 267.534
12.345 -0.618206 2000 267.065
12.35 -0.617055 2000 266.568
12.355 -0.615854 2000 266.049
12.36 -0.614599 2000 265.507
12.365 -0.613271 2000 264.933
12.37 -0.611861 2000 264.324
12.375 -0.610374 2000 263.681
12.38 -0.60881 2000 263.006
12.385 -0.607164 2000 262.295
12.39 -0.605435 2000 261.548
12.395 -0.603637 2000 260.771
12.4 -0.601793 2000 259.975
12.405 -0.59991 2000 259.161
12.41 -0.597974 2000 258.325
12.415 -0.595965 2000 257.457
12.42 -0.593877 2000 256.555
12.425 -0.591716 2000 255.621
12.43 -0.589488 2000 254.659
12.435 -0.58719 2000 253.666
12.44 -0.584812 2000 252.639
12.445 -0.582346 2000 251.574
12.45 -0.579793 2000 250.471
12.455 -0.577154 2000 249.33
12.46 -0.574417 2000 248.148
12.465 -0.571574 2000 246.92
12.47 -0.568635 2000 245.65
12.475 -0.565627 2000 244.351
12.48 -0.562564 2000 243.027
12.485 -0.559438 2000 241.677
12.49 -0.556247 2000 240.299
12.495 -0.553003 2000 238.897
12.5 -0.549715 2000 237.477
12.505 -0.546373 2000 236.033
12.51 -0.54297 2000 234.563
12.515 -0.539511 2000 233.069
12.52 -0.536003 2000 231.553
12.525 -0.532433 2000 230.011
12.53 -0.52879 2000 228.437
12.535 -0.52508 2000 226.834
12.54 -0.521315 2000 225.208
12.545 -0.517502 2000 223.561
12.55 -0.513637 2000 221.891
12.555 -0.509712 2000 220.196
12.56 -0.505728 2000 218.474
12.565 -0.501693 2000 216.731
12.57 -0.497609 2000 214.967
12.575 -0.493475 2000 213.181
12.58 -0.489293 2000 211.375
12.585 -0.485063 2000 209.547
12.59 -0.480774 2000 207.694
12.595 -0.476419 2000 205.813
12.6 -0.471998 2000 203.903
12.605 -0.467513 2000 201.965
12.61 -0.46296 2000 199.999
12.615 -0.458344 2000 198.004
12.62 -0.453678 2000 195.989
12.625 -0.448988 2000 193.963
12.63 -0.44428 2000 191.929
12.635 -0.439538 2000 189.88
12.64 -0.434747 2000 187.811
12.645 -0.429903 2000 185.718
12.65 -0.425015 2000 183.606
12.655 -0.420092 2000 181.48
12.66 -0.415129 2000 179.336
12.665 -0.410111 2000 177.168
12.67 -0.40504 2000 174.977
12.675 -0.39993 2000 172.77
12.68 -0.394784 2000 170.547
12.685 -0.389595 2000 168.305
12.69 -0.384341 2000 166.035
12.695 -0.378996 2000 163.726
12.7 -0.373566 2000 161.381
12.705 -0.368078 2000 159.01
12.71 -0.362545 2000 156.619
12.715 -0.356962 2000 154.208
12.72 -0.351327 2000 151.773
12.725 -0.345633 2000 149.313
12.73 -0.339866 2000 146.822
12.735 -0.334031 2000 144.301
12.74 -0.328147 2000 141.76
12.745 -0.322233 2000 139.205
12.75 -0.316274 2000 136.63
12.755 -0.310227 2000 134.018
12.76 -0.304075 2000 131.36
12.765 -0.297847 2000 128.67
12.77 -0.291575 2000 125.961
12.775 -0.285264 2000 123.234
12.78 -0.278912 2000 120.49
12.785 -0.272528 2000 117.732
12.79 -0.266112 2000 114.96
12.795 -0.259657 2000 112.172
12.8 -0.253162 2000 109.366
12.805 -0.246629 2000 106.544
12.81 -0.240056 2000 103.704
12.815 -0.233446 2000 100.849
12.82 -0.226801 2000 97.9781
12.825 -0.220118 2000 95.0912
12.83 -0.213382 2000 92.1809
12.835 -0.206581 2000 89.2429
12.84 -0.199733 2000 86.2849
12.845 -0.192872 2000 83.3207
12.85 -0.186007 2000 80.3548
12.855 -0.179124 2000 77.3816
12.86 -0.172212 2000 74.3954
12.865 -0.165263 2000 71.3937
12.87 -0.158275 2000 68.3747
12.875 -0.151247 2000 65.3387
12.88 -0.144187 2000 62.2888
12.885 -0.1371 2000 59.2272
12.89 -0.129981 2000 56.152
12.895 -0.122827 2000 53.0611
12.9 -0.115641 2000 49.9567
12.905 -0.108431 2000 46.8422
12.91 -0.101193 2000 43.7155
12.915 -0.0939056 2000 40.5672
12.92 -0.086542 2000 37.3862
12.925 -0.0790984 2000 34.1705
12.93 -0.071601 2000 30.9316
12.935 -0.0640829 2000 27.6838
12.94 -0.0565535 2000 24.4311
12.945 -0.0489981 2000 21.1672
12.95 -0.0414049 2000 17.8869
12.955 -0.0337848 2000 14.595
12.96 -0.0261588 2000 11.3006
12.965 -0.0185276 2000 8.00392
12.97 -0.0108786 2000 4.69956
12.975 -0.00321703 2000 1.38976
12.98 0.00444159 2000 -1.91877
12.985 0.0121013 2000 -5.22778
12.99 0.0197785 2000 -8.5443
12.995 0.0274661 2000 -11.8654
13 0.0351309 2000 -15.1766
13.005 0.0427499 2000 -18.468
13.01 0.0503317 2000 -21.7433
13.015 0.0578893 2000 -25.0082
13.02 0.0654199 2000 -28.2614
13.025 0.0729278 2000 -31.5048
13.03 0.0804322 2000 -34.7467
13.035 0.0879456 2000 -37.9925
13.04 0.0954652 2000 -41.241
13.045 0.102984 2000 -44.4889
13.05 0.110503 2000 -47.7372
13.055 0.118032 2000 -50.9898
13.06 0.125571 2000 -54.2467
13.065 0.133107 2000 -57.5024
13.07 0.140635 2000 -60.7543
13.075 0.148158 2000 -64.0041
13.08 0.155673 2000 -67.2509
13.085 0.163164 2000 -70.4867
13.09 0.170616 2000 -73.7059
13.095 0.17804 2000 -76.9133
13.1 0.185462 2000 -80.1196
13.105 0.192898 2000 -83.332
13.11 0.200346 2000 -86.5493
13.115 0.207789 2000 -89.7649
13.12 0.215219 2000 -92.9745
13.125 0.222643 2000 -96.1818
13.13 0.230076 2000 -99.393
13.135 0.237527 2000 -102.612
13.14 0.244989 2000 -105.835
13.145 0.252455 2000 -109.061
13.15 0.259921 2000 -112.286
13.155 0.267384 2000 -115.51
13.16 0.274841 2000 -118.731
13.165 0.282289 2000 -121.949
13.17 0.289729 2000 -125.163
13.175 0.297164 2000 -128.375
13.18 0.304604 2000 -131.589
13.185 0.312054 2000 -134.807
13.19 0.319511 2000 -138.029
13.195 0.326962 2000 -141.248
13.2 0.334404 2000 -144.463
13.205 0.341838 2000 -147.674
13.21 0.34926 2000 -150.88
13.215 0.356668 2000 -154.081
13.22 0.364067 2000 -157.277
13.225 0.371457 2000 -160.469
13.23 0.37883 2000 -163.655
13.235 0.386186 2000 -166.832
13.24 0.393536 2000 -170.007
13.245 0.400882 2000 -173.181
13.25 0.408223 2000 -176.352
13.255 0.415559 2000 -179.522
13.26 0.422888 2000 -182.688
13.265 0.430204 2000 -185.848
13.27 0.437498 2000 -188.999
13.275 0.444764 2000 -192.138
13.28 0.451996 2000 -195.262
13.285 0.459196 2000 -198.373
13.29 0.466373 2000 -201.473
13.295 0.473551 2000 -204.574
13.3 0.480746 2000 -207.682
13.305 0.48795 2000 -210.794
13.31 0.49514 2000 -213.901
13.315 0.502308 2000 -216.997
13.32 0.509453 2000 -220.084
13.325 0.516583 2000 -223.164
13.33 0.52371 2000 -226.243
13.335 0.530839 2000 -229.323
13.34 0.537963 2000 -232.4
13.345 0.545078 2000 -235.474
13.35 0.552187 2000 -238.545
13.355 0.559288 2000 -241.613
13.36 0.566369 2000 -244.672
13.365 0.573419 2000 -247.717
13.37 0.580434 2000 -250.747
13.375 0.58741 2000 -253.761
13.38 0.594325 2000 -256.748
13.385 0.601163 2000 -259.703
13.39 0.607946 2000 -262.633
13.395 0.614704 2000 -265.552
13.4 0.621446 2000 -268.465
13.405 0.62817 2000 -271.37
13.41 0.634875 2000 -274.266
13.415 0.641561 2000 -277.154
13.42 0.648226 2000 -280.034
13.425 0.654873 2000 -282.905
13.43 0.66149 2000 -285.764
13.435 0.668065 2000 -288.604
13.44 0.6746 2000 -291.427
13.445 0.681114 2000 -294.241
13.45 0.687613 2000 -297.049
13.455 0.694093 2000 -299.848
13.46 0.700541 2000 -302.634
13.465 0.706964 2000 -305.408
13.47 0.713378 2000 -308.179
13.475 0.719784 2000 -310.947
13.48 0.726157 2000 -313.7
13.485 0.732471 2000 -316.427
13.49 0.738726 2000 -319.13
13.495 0.744937 2000 -321.813
13.5 0.751106 2000 -324.478
13.505 0.757223 2000 -327.12
13.51 0.763281 2000 -329.737
13.515 0.769291 2000 -332.334
13.52 0.775264 2000 -334.914
13.525 0.781198 2000 -337.478
13.53 0.787084 2000 -340.02
13.535 0.792918 2000 -342.54
13.54 0.798704 2000 -345.04
13.545 0.804456 2000 -347.525
13.55 0.810178 2000 -349.997
13.555 0.815858 2000 -352.451
13.56 0.821491 2000 -354.884
13.565 0.827088 2000 -357.302
13.57 0.832646 2000 -359.703
13.575 0.838146 2000 -362.079
13.58 0.843579 2000 -364.426
13.585 0.848952 2000 -366.747
13.59 0.85427 2000 -369.045
13.595 0.85952 2000 -371.313
13.6 0.864682 2000 -373.543
13.605 0.869748 2000 -375.731
13.61 0.874733 2000 -377.885
13.615 0.87966 2000 -380.013
13.62 0.884541 2000 -382.122
13.625 0.889385 2000 -384.214
13.63 0.894207 2000 -386.297
13.635 0.899003 2000 -388.369
13.64 0.90374 2000 -390.416
13.645 0.908396 2000 -392.427
13.65 0.912986 2000 -394.41
13.655 0.917534 2000 -396.375
13.66 0.922044 2000 -398.323
13.665 0.926512 2000 -400.253
13.67 0.930929 2000 -402.161
13.675 0.935301 2000 -404.05
13.68 0.939643 2000 -405.926
13.685 0.943951 2000 -407.787
13.69 0.948215 2000 -409.629
13.695 0.952426 2000 -411.448
13.7 0.956587 2000 -413.246
13.705 0.960699 2000 -415.022
13.71 0.96475 2000 -416.772
13.715 0.968722 2000 -418.488
13.72 0.972625 2000 -420.174
13.725 0.976492 2000 -421.845
13.73 0.980332 2000 -423.504
13.735 0.984123 2000 -425.141
13.74 0.987841 2000 -426.747
13.745 0.991492 2000 -428.325
13.75 0.995087 2000 -429.878
13.755 0.998628 2000 -431.407
13.76 1.00212 2000 -432.917
13.765 1.00558 2000 -434.409
13.77 1.00898 2000 -435.879
13.775 1.01231 2000 -437.318
13.78 1.01557 2000 -438.726
13.785 1.01877 2000 -440.11
13.79 1.02193 2000 -441.473
13.795 1.02503 2000 -442.813
13.8 1.02807 2000 -444.126
13.805 1.03104 2000 -445.41
13.81 1.03397 2000 -446.675
13.815 1.03687 2000 -447.927
13.82 1.03973 2000 -449.162
13.825 1.04251 2000 -450.363
13.83 1.0452 2000 -451.526
13.835 1.04781 2000 -452.655
13.84 1.05037 2000 -453.758
13.845 1.05286 2000 -454.837
13.85 1.05529 2000 -455.886
13.855 1.05765 2000 -456.904
13.86 1.05992 2000 -457.886
13.865 1.06211 2000 -458.831
13.87 1.06422 2000 -459.745
13.875 1.06628 2000 -460.635
13.88 1.06829 2000 -461.5
13.885 1.07022 2000 -462.335
13.89 1.07207 2000 -463.135
13.895 1.07384 2000 -463.898
13.9 1.07551 2000 -464.622
13.905 1.07711 2000 -465.31
13.91 1.07863 2000 -465.967
13.915 1.08008 2000 -466.594
13.92 1.08145 2000 -467.184
13.925 1.08272 2000 -467.734
13.93 1.0839 2000 -468.246
13.935 1.08501 2000 -468.724
13.94 1.08604 2000 -469.171
13.945 1.08701 2000 -469.588
13.95 1.08791 2000 -469.977
13.955 1.08875 2000 -470.338
13.96 1.08951 2000 -470.67
13.965 1.09021 2000 -470.97
13.97 1.09082 2000 -471.233
13.975 1.09134 2000 -471.459
13.98 1.0918 2000 -471.656
13.985 1.09222 2000 -471.839
13.99 1.09263 2000 -472.017
13.995 1.09302 2000 -472.184
14 1.09334 2000 -472.324
14.005 1.09358 2000 -472.425
14.01 1.09372 2000 -472.489
14.015 1.09381 2000 -472.525
14.02 1.09384 2000 -472.538
14.025 1.09381 2000 -472.525
14.03 1.09371 2000 -472.481
14.035 1.09353 2000 -472.406
14.04 1.09329 2000 -472.302
14.045 1.09296 2000 -472.16
14.05 1.09253 2000 -471.973
14.055 1.09199 2000 -471.741
14.06 1.09136 2000 -471.469
14.065 1.09064 2000 -471.157
14.07 1.08981 2000 -470.799
14.075 1.08889 2000 -470.4
14.08 1.0879 2000 -469.974
14.085 1.08687 2000 -469.528
14.09 1.08578 2000 -469.056
14.095 1.08461 2000 -468.551
14.1 1.08336 2000 -468.013
14.105 1.08205 2000 -467.445
14.11 1.08067 2000 -466.851
14.115 1.07924 2000 -466.232
14.12 1.07775 2000 -465.587
14.125 1.07619 2000 -464.913
14.13 1.07457 2000 -464.213
14.135 1.07291 2000 -463.495
14.14 1.07121 2000 -462.762
14.145 1.06945 2000 -462.002
14.15 1.06761 2000 -461.209
14.155 1.06571 2000 -460.387
14.16 1.06375 2000 -459.54
14.165 1.06173 2000 -458.669
14.17 1.05965 2000 -457.769
14.175 1.05751 2000 -456.843
14.18 1.05531 2000 -455.894
14.185 1.05306 2000 -454.923
14.19 1.05077 2000 -453.931
14.195 1.04841 2000 -452.915
14.2 1.046 2000 -451.871
14.205 1.0435 2000 -450.794
14.21 1.04093 2000 -449.682
14.215 1.03828 2000 -448.538
14.22 1.03557 2000 -447.366
14.225 1.0328 2000 -446.169
14.23 1.02996 2000 -444.942
14.235 1.02703 2000 -443.679
14.24 1.02403 2000 -442.38
14.245 1.02095 2000 -441.051
14.25 1.01782 2000 -439.696
14.255 1.01462 2000 -438.317
14.26 1.01136 2000 -436.907
14.265 1.008 2000 -435.458
14.27 1.00457 2000 -433.974
14.275 1.00107 2000 -432.462
14.28 0.997496 2000 -430.918
14.285 0.993848 2000 -429.342
14.29 0.990145 2000 -427.743
14.295 0.986408 2000 -426.128
14.3 0.982627 2000 -424.495
14.305 0.978782 2000 -422.834
14.31 0.974863 2000 -421.141
14.315 0.970883 2000 -419.421
14.32 0.966858 2000 -417.683
14.325 0.962794 2000 -415.927
14.33 0.958676 2000 -414.148
14.335 0.954498 2000 -412.343
14.34 0.950259 2000 -410.512
14.345 0.945952 2000 -408.651
14.35 0.941575 2000 -406.76
14.355 0.937139 2000 -404.844
14.36 0.932656 2000 -402.907
14.365 0.928121 2000 -400.948
14.37 0.923533 2000 -398.966
14.375 0.918891 2000 -396.961
14.38 0.914204 2000 -394.936
14.385 0.909478 2000 -392.895
14.39 0.904718 2000 -390.838
14.395 0.899908 2000 -388.76
14.4 0.895021 2000 -386.649
14.405 0.890051 2000 -384.502
14.41 0.885018 2000 -382.328
14.415 0.879942 2000 -380.135
14.42 0.87482 2000 -377.922
14.425 0.86965 2000 -375.689
14.43 0.864439 2000 -373.438
14.435 0.859192 2000 -371.171
14.44 0.853914 2000 -368.891
14.445 0.848611 2000 -366.6
14.45 0.843287 2000 -364.3
14.455 0.837938 2000 -361.989
14.46 0.83256 2000 -359.666
14.465 0.82715 2000 -357.329
14.47 0.821694 2000 -354.972
14.475 0.816178 2000 -352.589
14.48 0.810604 2000 -350.181
14.485 0.804994 2000 -347.758
14.49 0.799365 2000 -345.326
14.495 0.793704 2000 -342.88
14.5 0.787983 2000 -340.409
14.505 0.782192 2000 -337.907
14.51 0.776352 2000 -335.384
14.515 0.770483 2000 -332.849
14.52 0.764594 2000 -330.305
14.525 0.758686 2000 -327.752
14.53 0.752758 2000 -325.191
14.535 0.746808 2000 -322.621
14.54 0.740837 2000 -320.042
14.545 0.734834 2000 -317.448
14.55 0.728781 2000 -314.833
14.555 0.72267 2000 -312.193
14.56 0.716517 2000 -309.535
14.565 0.71034 2000 -306.867
14.57 0.704139 2000 -304.188
14.575 0.697913 2000 -301.498
14.58 0.691667 2000 -298.8
14.585 0.685398 2000 -296.092
14.59 0.679081 2000 -293.363
14.595 0.672694 2000 -290.604
14.6 0.666246 2000 -287.818
14.605 0.659782 2000 -285.026
14.61 0.653333 2000 -282.24
14.615 0.64689 2000 -279.456
14.62 0.640423 2000 -276.663
14.625 0.633927 2000 -273.857
14.63 0.627417 2000 -271.044
14.635 0.620903 2000 -268.23
14.64 0.61439 2000 -265.416
14.645 0.607872 2000 -262.601
14.65 0.601352 2000 -259.784
14.655 0.594834 2000 -256.968
14.66 0.588313 2000 -254.151
14.665 0.581768 2000 -251.324
14.67 0.575184 2000 -248.48
14.675 0.568566 2000 -245.62
14.68 0.561922 2000 -242.75
14.685 0.555253 2000 -239.869
14.69 0.548562 2000 -236.979
14.695 0.541855 2000 -234.081
14.7 0.535126 2000 -231.174
14.705 0.528365 2000 -228.254
14.71 0.521582 2000 -225.324
14.715 0.514794 2000 -222.391
14.72 0.507999 2000 -219.455
14.725 0.501198 2000 -216.518
14.73 0.494401 2000 -213.581
14.735 0.487591 2000 -210.639
14.74 0.480751 2000 -207.684
14.745 0.473903 2000 -204.726
14.75 0.467085 2000 -201.781
14.755 0.460297 2000 -198.848
14.76 0.453506 2000 -195.915
14.765 0.446691 2000 -192.971
14.77 0.439867 2000 -190.022
14.775 0.43305 2000 -187.078
14.78 0.426238 2000 -184.135
14.785 0.419414 2000 -181.187
14.79 0.412581 2000 -178.235
14.795 0.405753 2000 -175.285
14.8 0.398941 2000 -172.343
14.805 0.39214 2000 -169.404
14.81 0.385334 2000 -166.464
14.815 0.378527 2000 -163.524
14.82 0.371734 2000 -160.589
14.825 0.364956 2000 -157.661
14.83 0.358173 2000 -154.731
14.835 0.351379 2000 -151.796
14.84 0.344598 2000 -148.866
14.845 0.337842 2000 -145.948
14.85 0.331087 2000 -143.029
14.855 0.324309 2000 -140.101
14.86 0.317518 2000 -137.168
14.865 0.310729 2000 -134.235
14.87 0.303935 2000 -131.3
14.875 0.297123 2000 -128.357
14.88 0.290303 2000 -125.411
14.885 0.283488 2000 -122.467
14.89 0.276684 2000 -119.527
14.895 0.269897 2000 -116.595
14.9 0.263138 2000 -113.676
14.905 0.256407 2000 -110.768
14.91 0.249697 2000 -107.869
14.915 0.242998 2000 -104.975
14.92 0.236301 2000 -102.082
14.925 0.229604 2000 -99.189
14.93 0.222923 2000 -96.3026
14.935 0.216272 2000 -93.4295
14.94 0.209649 2000 -90.5682
14.945 0.203027 2000 -87.7079
14.95 0.196387 2000 -84.8392
14.955 0.189729 2000 -81.9631
14.96 0.183067 2000 -79.085
14.965 0.176406 2000 -76.2073
14.97 0.169751 2000 -73.3323
14.975 0.16311 2000 -70.4635
14.98 0.156487 2000 -67.6023
14.985 0.149877 2000 -64.747
14.99 0.143284 2000 -61.8986
14.995 0.136713 2000 -59.06
15 0.130155 2000 -56.2268
15.005 0.123595 2000 -53.3928
15.01 0.117042 2000 -50.5623
15.015 0.110511 2000 -47.7408
15.02 0.103993 2000 -44.9251
15.025 0.0974803 2000 -42.1115
15.03 0.0909833 2000 -39.3048
15.035 0.0845181 2000 -36.5118
15.04 0.0780741 2000 -33.728
15.045 0.0716235 2000 -30.9413
15.05 0.0651638 2000 -28.1508
15.055 0.0587123 2000 -25.3637
15.06 0.0522697 2000 -22.5805
15.065 0.0458281 2000 -19.7977
15.07 0.0393962 2000 -17.0192
15.075 0.0329852 2000 -14.2496
15.08 0.0265854 2000 -11.4849
15.085 0.0201797 2000 -8.71765
15.09 0.0137724 2000 -5.94966
15.095 0.00738912 2000 -3.1921
15.1 0.00105477 2000 -0.45566
15.105 -0.00522479 2000 2.25711
15.11 -0.0114658 2000 4.9532
15.115 -0.0176895 2000 7.64188
15.12 -0.0238966 2000 10.3233
15.125 -0.0300657 2000 12.9884
15.13 -0.0361743 2000 15.6273
15.135 -0.0422158 2000 18.2372
15.14 -0.0482139 2000 20.8284
15.145 -0.0542124 2000 23.4198
15.15 -0.0602261 2000 26.0177
15.155 -0.0662273 2000 28.6102
15.16 -0.0721916 2000 31.1868
15.165 -0.078117 2000 33.7465
15.17 -0.0840038 2000 36.2896
15.175 -0.0898502 2000 38.8153
15.18 -0.0956608 2000 41.3254
15.185 -0.101447 2000 43.8252
15.19 -0.107214 2000 46.3163
15.195 -0.112942 2000 48.7909
15.2 -0.118615 2000 51.2417
15.205 -0.124234 2000 53.6692
15.21 -0.129797 2000 56.0724
15.215 -0.135293 2000 58.4466
15.22 -0.140733 2000 60.7969
15.225 -0.146152 2000 63.1377
15.23 -0.151563 2000 65.4754
15.235 -0.156951 2000 67.8028
15.24 -0.162295 2000 70.1112
15.245 -0.167589 2000 72.3983
15.25 -0.172839 2000 74.6663
15.255 -0.178059 2000 76.9215
15.26 -0.183274 2000 79.1744
15.265 -0.188488 2000 81.4267
15.27 -0.193666 2000 83.6635
15.275 -0.198775 2000 85.8708
15.28 -0.203817 2000 88.0491
15.285 -0.208803 2000 90.203
15.29 -0.213738 2000 92.3348
15.295 -0.218637 2000 94.4513
15.3 -0.223521 2000 96.561
15.305 -0.228386 2000 98.6628
15.31 -0.233217 2000 100.75
15.315 -0.238007 2000 102.819
15.32 -0.242763 2000 104.874
15.325 -0.247494 2000 106.918
15.33 -0.252205 2000 108.952
15.335 -0.256889 2000 110.976
15.34 -0.26154 2000 112.985
15.345 -0.266148 2000 114.976
15.35 -0.270702 2000 116.943
15.355 -0.275196 2000 118.885
15.36 -0.279624 2000 120.797
15.365 -0.283983 2000 122.681
15.37 -0.288281 2000 124.537
15.375 -0.292541 2000 126.378
15.38 -0.296779 2000 128.208
15.385 -0.300986 2000 130.026
15.39 -0.305142 2000 131.821
15.395 -0.309234 2000 133.589
15.4 -0.313269 2000 135.332
15.405 -0.317256 2000 137.055
15.41 -0.321199 2000 138.758
15.415 -0.325092 2000 140.44
15.42 -0.328938 2000 142.101
15.425 -0.332736 2000 143.742
15.43 -0.33649 2000 145.364
15.435 -0.340211 2000 146.971
15.44 -0.343905 2000 148.567
15.445 -0.347564 2000 150.148
15.45 -0.35117 2000 151.705
15.455 -0.354718 2000 153.238
15.46 -0.358215 2000 154.749
15.465 -0.361661 2000 156.238
15.47 -0.365056 2000 157.704
15.475 -0.368419 2000 159.157
15.48 -0.371769 2000 160.604
15.485 -0.375094 2000 162.041
15.49 -0.378363 2000 163.453
15.495 -0.381564 2000 164.836
15.5 -0.384705 2000 166.193
15.505 -0.387796 2000 167.528
15.51 -0.390856 2000 168.85
15.515 -0.393903 2000 170.166
15.52 -0.396915 2000 171.467
15.525 -0.399862 2000 172.741
15.53 -0.402741 2000 173.984
15.535 -0.405561 2000 175.202
15.54 -0.408325 2000 176.396
15.545 -0.41103 2000 177.565
15.55 -0.413677 2000 178.708
15.555 -0.416273 2000 179.83
15.56 -0.418823 2000 180.932
15.565 -0.42132 2000 182.01
15.57 -0.423752 2000 183.061
15.575 -0.426122 2000 184.085
15.58 -0.428443 2000 185.087
15.585 -0.430715 2000 186.069
15.59 -0.432928 2000 187.025
15.595 -0.435078 2000 187.954
15.6 -0.437173 2000 188.859
15.605 -0.439213 2000 189.74
15.61 -0.441198 2000 190.597
15.615 -0.443126 2000 191.43
15.62 -0.445006 2000 192.242
15.625 -0.44686 2000 193.044
15.63 -0.44869 2000 193.834
15.635 -0.450454 2000 194.596
15.64 -0.452113 2000 195.313
15.645 -0.453671 2000 195.986
15.65 -0.455162 2000 196.63
15.655 -0.4566 2000 197.251
15.66 -0.457982 2000 197.848
15.665 -0.459323 2000 198.427
15.67 -0.460642 2000 198.997
15.675 -0.461934 2000 199.556
15.68 -0.463177 2000 200.092
15.685 -0.464367 2000 200.606
15.69 -0.46552 2000 201.104
15.695 -0.466636 2000 201.587
15.7 -0.467711 2000 202.051
15.705 -0.468751 2000 202.5
15.71 -0.469769 2000 202.94
15.715 -0.470754 2000 203.366
15.72 -0.47167 2000 203.762
15.725 -0.472493 2000 204.117
15.73 -0.473231 2000 204.436
15.735 -0.473904 2000 204.727
15.74 -0.474507 2000 204.987
15.745 -0.475023 2000 205.21
15.75 -0.475448 2000 205.394
15.755 -0.475789 2000 205.541
15.76 -0.476047 2000 205.652
15.765 -0.476223 2000 205.728
15.77 -0.476323 2000 205.772
15.775 -0.476358 2000 205.787
15.78 -0.47634 2000 205.779
15.785 -0.476274 2000 205.751
15.79 -0.476155 2000 205.699
15.795 -0.475978 2000 205.622
15.8 -0.475747 2000 205.523
15.805 -0.475461 2000 205.399
15.81 -0.47511 2000 205.248
15.815 -0.474687 2000 205.065
15.82 -0.474198 2000 204.853
15.825 -0.473656 2000 204.62
15.83 -0.473061 2000 204.362
15.835 -0.472393 2000 204.074
15.84 -0.471642 2000 203.749
15.845 -0.470812 2000 203.391
15.85 -0.469907 2000 203
15.855 -0.468924 2000 202.575
15.86 -0.467866 2000 202.118
15.865 -0.466749 2000 201.636
15.87 -0.465586 2000 201.133
15.875 -0.464372 2000 200.608
15.88 -0.463105 2000 200.062
15.885 -0.461792 2000 199.494
15.89 -0.460424 2000 198.903
15.895 -0.458988 2000 198.283
15.9 -0.457478 2000 197.631
15.905 -0.455896 2000 196.947
15.91 -0.454235 2000 196.229
15.915 -0.452495 2000 195.478
