0.1 2.1344e-17 -0.0158919 -9.88147e-20
0.2 3.88419e-17 -0.0320297 -1.79824e-19
0.3 2.2412e-17 -0.048425 -1.03759e-19
0.4 8.47989e-18 -0.0650907 -3.92588e-20
0.5 4.34549e-17 -0.0820405 -2.0118e-19
0.6 5.38091e-17 -0.0992899 -2.49116e-19
0.7 2.09494e-16 -0.116862 -9.69878e-19
0.8 8.21719e-17 -0.134844 -3.80425e-19
0.9 -7.90251e-17 -0.153424 3.65857e-19
1 1.69424e-16 -0.172539 -7.84372e-19
0.005 1.29336e-06 -0.172539 -4.49084e-09
0.01 6.46793e-06 -0.172539 -2.24581e-08
0.015 1.68203e-05 -0.17254 -5.84038e-08
0.02 3.23544e-05 -0.17254 -1.12342e-07
0.025 5.30739e-05 -0.17254 -1.84284e-07
0.03 7.89817e-05 -0.17254 -2.74242e-07
0.035 0.00011008 -0.17254 -3.82224e-07
0.04 0.000146372 -0.17254 -5.08236e-07
0.045 0.000187858 -0.17254 -6.52285e-07
0.05 0.00023454 -0.17254 -8.14373e-07
0.055 0.000286417 -0.17254 -9.94502e-07
0.06 0.000343489 -0.172541 -1.19267e-06
0.065 0.000405756 -0.172541 -1.40887e-06
0.07 0.000473218 -0.172541 -1.64312e-06
0.075 0.000545873 -0.172541 -1.89539e-06
0.08 0.000623718 -0.172541 -2.16569e-06
0.085 0.000706752 -0.172542 -2.454e-06
0.09 0.00079497 -0.172542 -2.76031e-06
0.095 0.000888367 -0.172542 -3.0846e-06
0.1 0.000986939 -0.172542 -3.42686e-06
0.105 0.00109068 -0.172543 -3.78707e-06
0.11 0.00119959 -0.172543 -4.16522e-06
0.115 0.00131365 -0.172543 -4.56128e-06
0.12 0.00143287 -0.172544 -4.97524e-06
0.125 0.00155724 -0.172544 -5.40707e-06
0.13 0.00168675 -0.172545 -5.85675e-06
0.135 0.00182139 -0.172545 -6.32424e-06
0.14 0.00196115 -0.172545 -6.80951e-06
0.145 0.00210602 -0.172546 -7.31253e-06
0.15 0.00225599 -0.172546 -7.83326e-06
0.155 0.00241105 -0.172547 -8.37167e-06
0.16 0.0025712 -0.172547 -8.92771e-06
0.165 0.00273641 -0.172548 -9.50138e-06
0.17 0.0029067 -0.172548 -1.00926e-05
0.175 0.00308204 -0.172549 -1.07014e-05
0.18 0.00326242 -0.172549 -1.13277e-05
0.185 0.00344782 -0.17255 -1.19715e-05
0.19 0.00363824 -0.172551 -1.26327e-05
0.195 0.00383365 -0.172551 -1.33112e-05
0.2 0.00403404 -0.172552 -1.40069e-05
0.205 0.00423938 -0.172552 -1.47199e-05
0.21 0.00444966 -0.172553 -1.54501e-05
0.215 0.00466488 -0.172554 -1.61973e-05
0.22 0.00488501 -0.172554 -1.69617e-05
0.225 0.00511005 -0.172555 -1.7743e-05
0.23 0.00533995 -0.172556 -1.85413e-05
0.235 0.00557471 -0.172556 -1.93564e-05
0.24 0.00581433 -0.172557 -2.01883e-05
0.245 0.00605878 -0.172558 -2.10371e-05
0.25 0.00630804 -0.172559 -2.19026e-05
0.255 0.00656208 -0.172559 -2.27846e-05
0.26 0.00682089 -0.17256 -2.36832e-05
0.265 0.00708443 -0.172561 -2.45983e-05
0.27 0.00735268 -0.172562 -2.55297e-05
0.275 0.00762562 -0.172563 -2.64774e-05
0.28 0.00790325 -0.172564 -2.74413e-05
0.285 0.00818555 -0.172564 -2.84215e-05
0.29 0.00847248 -0.172565 -2.94177e-05
0.295 0.008764 -0.172566 -3.04299e-05
0.3 0.00906008 -0.172567 -3.14579e-05
0.305 0.00936072 -0.172568 -3.25017e-05
0.31 0.00966588 -0.172569 -3.35613e-05
0.315 0.00997557 -0.17257 -3.46365e-05
0.32 0.0102897 -0.172571 -3.57273e-05
0.325 0.0106083 -0.172572 -3.68336e-05
0.33 0.0109314 -0.172573 -3.79551e-05
0.335 0.0112588 -0.172574 -3.90918e-05
0.34 0.0115905 -0.172575 -4.02437e-05
0.345 0.0119266 -0.172576 -4.14106e-05
0.35 0.012267 -0.172577 -4.25925e-05
0.355 0.0126117 -0.172578 -4.37892e-05
0.36 0.0129606 -0.172579 -4.50008e-05
0.365 0.0133138 -0.17258 -4.6227e-05
0.37 0.0136712 -0.172581 -4.74678e-05
0.375 0.0140327 -0.172582 -4.87231e-05
0.38 0.0143984 -0.172583 -4.99926e-05
0.385 0.0147681 -0.172585 -5.12763e-05
0.39 0.0151419 -0.172586 -5.25741e-05
0.395 0.0155197 -0.172587 -5.38859e-05
0.4 0.0159016 -0.172588 -5.52117e-05
0.405 0.0162874 -0.172589 -5.65512e-05
0.41 0.0166771 -0.17259 -5.79044e-05
0.415 0.0170708 -0.172592 -5.92713e-05
0.42 0.0174684 -0.172593 -6.06517e-05
0.425 0.0178699 -0.172594 -6.20454e-05
0.43 0.0182751 -0.172595 -6.34522e-05
0.435 0.018684 -0.172597 -6.4872e-05
0.44 0.0190967 -0.172598 -6.63048e-05
0.445 0.0195131 -0.172599 -6.77506e-05
0.45 0.0199332 -0.1726 -6.92092e-05
0.455 0.020357 -0.172602 -7.06806e-05
0.46 0.0207844 -0.172603 -7.21645e-05
0.465 0.0212154 -0.172604 -7.36606e-05
0.47 0.0216498 -0.172606 -7.51689e-05
0.475 0.0220877 -0.172607 -7.66893e-05
0.48 0.0225291 -0.172608 -7.82216e-05
0.485 0.0229738 -0.17261 -7.97657e-05
0.49 0.0234219 -0.172611 -8.13213e-05
0.495 0.0238733 -0.172612 -8.28884e-05
0.5 0.0243279 -0.172614 -8.44669e-05
0.505 0.0247858 -0.172615 -8.60566e-05
0.51 0.0252469 -0.172617 -8.76574e-05
0.515 0.0257111 -0.172618 -8.92691e-05
0.52 0.0261785 -0.17262 -9.08916e-05
0.525 0.0266489 -0.172621 -9.25248e-05
0.53 0.0271224 -0.172622 -9.41686e-05
0.535 0.0275988 -0.172624 -9.58227e-05
0.54 0.0280782 -0.172625 -9.7487e-05
0.545 0.0285604 -0.172627 -9.91612e-05
0.55 0.0290455 -0.172628 -0.000100845
0.555 0.0295334 -0.17263 -0.000102539
0.56 0.0300241 -0.172631 -0.000104243
0.565 0.0305174 -0.172633 -0.000105955
0.57 0.0310134 -0.172634 -0.000107677
0.575 0.0315119 -0.172636 -0.000109408
0.58 0.0320131 -0.172637 -0.000111148
0.585 0.0325167 -0.172639 -0.000112896
0.59 0.0330228 -0.172641 -0.000114653
0.595 0.0335314 -0.172642 -0.000116419
0.6 0.0340425 -0.172644 -0.000118193
0.605 0.0345558 -0.172645 -0.000119975
0.61 0.0350714 -0.172647 -0.000121765
0.615 0.0355892 -0.172648 -0.000123563
0.62 0.0361092 -0.17265 -0.000125368
0.625 0.0366314 -0.172652 -0.000127181
0.63 0.0371558 -0.172653 -0.000129001
0.635 0.0376822 -0.172655 -0.000130829
0.64 0.0382106 -0.172657 -0.000132663
0.645 0.0387409 -0.172658 -0.000134504
0.65 0.039273 -0.17266 -0.000136351
0.655 0.0398068 -0.172661 -0.000138204
0.66 0.0403424 -0.172663 -0.000140064
0.665 0.0408797 -0.172665 -0.000141929
0.67 0.0414187 -0.172666 -0.0001438
0.675 0.0419595 -0.172668 -0.000145677
0.68 0.0425018 -0.17267 -0.00014756
0.685 0.0430458 -0.172671 -0.000149449
0.69 0.0435912 -0.172673 -0.000151342
0.695 0.0441382 -0.172675 -0.000153241
0.7 0.0446867 -0.172677 -0.000155145
0.705 0.0452366 -0.172678 -0.000157054
0.71 0.0457877 -0.17268 -0.000158967
0.715 0.0463401 -0.172682 -0.000160885
0.72 0.0468938 -0.172683 -0.000162807
0.725 0.0474486 -0.172685 -0.000164733
0.73 0.0480044 -0.172687 -0.000166662
0.735 0.0485611 -0.172689 -0.000168595
0.74 0.0491188 -0.17269 -0.000170531
0.745 0.0496773 -0.172692 -0.000172469
0.75 0.0502366 -0.172694 -0.000174411
0.755 0.0507966 -0.172695 -0.000176355
0.76 0.0513572 -0.172697 -0.000178301
0.765 0.0519186 -0.172699 -0.00018025
0.77 0.0524807 -0.172701 -0.000182201
0.775 0.0530432 -0.172702 -0.000184154
0.78 0.0536063 -0.172704 -0.000186108
0.785 0.0541699 -0.172706 -0.000188065
0.79 0.054734 -0.172708 -0.000190023
0.795 0.0552985 -0.172709 -0.000191982
0.8 0.0558634 -0.172711 -0.000193943
0.805 0.0564286 -0.172713 -0.000195906
0.81 0.0569942 -0.172715 -0.000197869
0.815 0.05756 -0.172716 -0.000199833
0.82 0.058126 -0.172718 -0.000201797
0.825 0.0586919 -0.17272 -0.000203762
0.83 0.0592578 -0.172722 -0.000205726
0.835 0.0598235 -0.172724 -0.00020769
0.84 0.0603892 -0.172725 -0.000209654
0.845 0.0609546 -0.172727 -0.000211616
0.85 0.0615198 -0.172729 -0.000213578
0.855 0.0620847 -0.172731 -0.000215539
0.86 0.0626493 -0.172732 -0.000217499
0.865 0.0632135 -0.172734 -0.000219457
0.87 0.0637772 -0.172736 -0.000221414
0.875 0.0643404 -0.172738 -0.000223369
0.88 0.0649028 -0.172739 -0.000225321
0.885 0.0654647 -0.172741 -0.000227271
0.89 0.0660258 -0.172743 -0.000229219
0.895 0.0665862 -0.172745 -0.000231164
0.9 0.0671459 -0.172746 -0.000233107
0.905 0.0677049 -0.172748 -0.000235047
0.91 0.0682631 -0.17275 -0.000236985
0.915 0.0688203 -0.172752 -0.000238919
0.92 0.0693764 -0.172753 -0.000240849
0.925 0.0699313 -0.172755 -0.000242776
0.93 0.0704853 -0.172757 -0.000244698
0.935 0.0710383 -0.172758 -0.000246618
0.94 0.07159 -0.17276 -0.000248533
0.945 0.0721405 -0.172762 -0.000250443
0.95 0.0726896 -0.172764 -0.000252349
0.955 0.0732373 -0.172765 -0.000254251
0.96 0.0737835 -0.172767 -0.000256147
0.965 0.0743282 -0.172769 -0.000258037
0.97 0.0748713 -0.17277 -0.000259922
0.975 0.0754127 -0.172772 -0.000261801
0.98 0.0759526 -0.172774 -0.000263675
0.985 0.0764907 -0.172775 -0.000265543
0.99 0.077027 -0.172777 -0.000267404
0.995 0.0775616 -0.172779 -0.00026926
1 0.0780944 -0.17278 -0.000271109
1.005 0.0786254 -0.172782 -0.000272952
1.01 0.0791544 -0.172784 -0.000274788
1.015 0.0796816 -0.172785 -0.000276618
1.02 0.0802067 -0.172787 -0.000278441
1.025 0.0807297 -0.172789 -0.000280256
1.03 0.0812506 -0.17279 -0.000282064
1.035 0.0817693 -0.172792 -0.000283864
1.04 0.0822858 -0.172794 -0.000285657
1.045 0.0827999 -0.172795 -0.000287442
1.05 0.0833116 -0.172797 -0.000289217
1.055 0.0838206 -0.172798 -0.000290984
1.06 0.0843272 -0.1728 -0.000292742
1.065 0.0848311 -0.172802 -0.000294491
1.07 0.0853323 -0.172803 -0.000296231
1.075 0.0858311 -0.172805 -0.000297962
1.08 0.0863272 -0.172806 -0.000299684
1.085 0.0868206 -0.172808 -0.000301397
1.09 0.0873112 -0.172809 -0.000303099
1.095 0.0877986 -0.172811 -0.000304791
1.1 0.088283 -0.172812 -0.000306472
1.105 0.0887646 -0.172814 -0.000308144
1.11 0.0892431 -0.172815 -0.000309804
1.115 0.0897185 -0.172817 -0.000311454
1.12 0.0901905 -0.172818 -0.000313092
1.125 0.0906591 -0.17282 -0.000314719
1.13 0.0911245 -0.172821 -0.000316334
1.135 0.0915864 -0.172823 -0.000317937
1.14 0.0920448 -0.172824 -0.000319528
1.145 0.0924998 -0.172826 -0.000321108
1.15 0.0929513 -0.172827 -0.000322674
1.155 0.0933991 -0.172828 -0.000324229
1.16 0.0938432 -0.17283 -0.00032577
1.165 0.0942835 -0.172831 -0.000327298
1.17 0.09472 -0.172833 -0.000328813
1.175 0.0951528 -0.172834 -0.000330315
1.18 0.0955822 -0.172835 -0.000331805
1.185 0.0960081 -0.172837 -0.000333284
1.19 0.0964304 -0.172838 -0.000334749
1.195 0.0968487 -0.172839 -0.000336201
1.2 0.0972629 -0.172841 -0.000337638
1.205 0.0976729 -0.172842 -0.000339061
1.21 0.0980789 -0.172843 -0.00034047
1.215 0.0984809 -0.172844 -0.000341865
1.22 0.0988786 -0.172846 -0.000343246
1.225 0.099272 -0.172847 -0.000344611
1.23 0.0996613 -0.172848 -0.000345962
1.235 0.100047 -0.172849 -0.000347299
1.24 0.100428 -0.17285 -0.000348621
1.245 0.100804 -0.172852 -0.000349928
1.25 0.101176 -0.172853 -0.00035122
1.255 0.101544 -0.172854 -0.000352495
1.26 0.101907 -0.172855 -0.000353755
1.265 0.102265 -0.172856 -0.000354999
1.27 0.102619 -0.172857 -0.000356227
1.275 0.102968 -0.172858 -0.000357439
1.28 0.103313 -0.17286 -0.000358635
1.285 0.103653 -0.172861 -0.000359815
1.29 0.103988 -0.172862 -0.000360978
1.295 0.104318 -0.172863 -0.000362125
1.3 0.104644 -0.172864 -0.000363255
1.305 0.104965 -0.172865 -0.000364369
1.31 0.105281 -0.172866 -0.000365467
1.315 0.105593 -0.172867 -0.000366547
1.32 0.105899 -0.172868 -0.000367611
1.325 0.106201 -0.172869 -0.000368657
1.33 0.106498 -0.17287 -0.000369688
1.335 0.10679 -0.17287 -0.000370702
1.34 0.107077 -0.172871 -0.000371698
1.345 0.107359 -0.172872 -0.000372676
1.35 0.107635 -0.172873 -0.000373635
1.355 0.107906 -0.172874 -0.000374576
1.36 0.108173 -0.172875 -0.000375501
1.365 0.108434 -0.172876 -0.000376407
1.37 0.10869 -0.172876 -0.000377296
1.375 0.10894 -0.172877 -0.000378165
1.38 0.109186 -0.172878 -0.000379016
1.385 0.109426 -0.172879 -0.00037985
1.39 0.109661 -0.17288 -0.000380666
1.395 0.109891 -0.17288 -0.000381463
1.4 0.110115 -0.172881 -0.000382243
1.405 0.110335 -0.172882 -0.000383004
1.41 0.110549 -0.172882 -0.000383747
1.415 0.110758 -0.172883 -0.000384472
1.42 0.110961 -0.172884 -0.000385178
1.425 0.111159 -0.172884 -0.000385865
1.43 0.111352 -0.172885 -0.000386533
1.435 0.111538 -0.172885 -0.000387181
1.44 0.111719 -0.172886 -0.00038781
1.445 0.111895 -0.172887 -0.000388419
1.45 0.112065 -0.172887 -0.00038901
1.455 0.11223 -0.172888 -0.00038958
1.46 0.112388 -0.172888 -0.000390129
1.465 0.112541 -0.172889 -0.000390659
1.47 0.112688 -0.172889 -0.00039117
1.475 0.112829 -0.17289 -0.000391661
1.48 0.112965 -0.17289 -0.000392131
1.485 0.113093 -0.17289 -0.000392577
1.49 0.113216 -0.172891 -0.000393001
1.495 0.113331 -0.172891 -0.000393404
1.5 0.113441 -0.172891 -0.000393786
1.505 0.113546 -0.172892 -0.000394147
1.51 0.113644 -0.172892 -0.000394488
1.515 0.113736 -0.172892 -0.000394809
1.52 0.113823 -0.172893 -0.000395108
1.525 0.113903 -0.172893 -0.000395386
1.53 0.113976 -0.172893 -0.000395641
1.535 0.114043 -0.172893 -0.000395874
1.54 0.114104 -0.172894 -0.000396086
1.545 0.11416 -0.172894 -0.000396278
1.55 0.114209 -0.172894 -0.000396448
1.555 0.114252 -0.172894 -0.000396598
1.56 0.114288 -0.172894 -0.000396725
1.565 0.114319 -0.172894 -0.00039683
1.57 0.114343 -0.172894 -0.000396913
1.575 0.11436 -0.172894 -0.000396975
1.58 0.114372 -0.172894 -0.000397015
1.585 0.114377 -0.172894 -0.000397033
1.59 0.114376 -0.172894 -0.00039703
1.595 0.114369 -0.172894 -0.000397004
1.6 0.114356 -0.172894 -0.000396959
1.605 0.114337 -0.172894 -0.000396892
1.61 0.114311 -0.172894 -0.000396802
1.615 0.114278 -0.172894 -0.00039669
1.62 0.11424 -0.172894 -0.000396556
1.625 0.114195 -0.172894 -0.0003964
1.63 0.114144 -0.172894 -0.000396223
1.635 0.114086 -0.172894 -0.000396023
1.64 0.114023 -0.172894 -0.000395802
1.645 0.113952 -0.172894 -0.000395558
1.65 0.113876 -0.172894 -0.000395291
1.655 0.113792 -0.172894 -0.000395003
1.66 0.113703 -0.172894 -0.000394692
1.665 0.113607 -0.172894 -0.000394358
1.67 0.113504 -0.172894 -0.000394002
1.675 0.113395 -0.172894 -0.000393623
1.68 0.11328 -0.172894 -0.000393223
1.685 0.113158 -0.172894 -0.000392799
1.69 0.113029 -0.172894 -0.000392353
1.695 0.112894 -0.172894 -0.000391884
1.7 0.112753 -0.172894 -0.000391392
1.705 0.112604 -0.172894 -0.000390877
1.71 0.112449 -0.172894 -0.000390338
1.715 0.112287 -0.172894 -0.000389775
1.72 0.112117 -0.172894 -0.000389186
1.725 0.11194 -0.172894 -0.000388571
1.73 0.111756 -0.172894 -0.000387931
1.735 0.111565 -0.172894 -0.000387267
1.74 0.111367 -0.172894 -0.000386581
1.745 0.111163 -0.172894 -0.000385873
1.75 0.110953 -0.172894 -0.000385142
1.755 0.110735 -0.172894 -0.000384388
1.76 0.110511 -0.172894 -0.00038361
1.765 0.11028 -0.172894 -0.000382808
1.77 0.110043 -0.172894 -0.000381983
1.775 0.109799 -0.172894 -0.000381136
1.78 0.109549 -0.172894 -0.000380267
1.785 0.109292 -0.172894 -0.000379375
1.79 0.109029 -0.172894 -0.000378462
1.795 0.108759 -0.172894 -0.000377526
1.8 0.108483 -0.172894 -0.000376568
1.805 0.108201 -0.172894 -0.000375587
1.81 0.107911 -0.172894 -0.000374582
1.815 0.107615 -0.172894 -0.000373554
1.82 0.107313 -0.172894 -0.000372503
1.825 0.107004 -0.172894 -0.000371432
1.83 0.10669 -0.172894 -0.000370342
1.835 0.10637 -0.172894 -0.000369231
1.84 0.106044 -0.172894 -0.0003681
1.845 0.105712 -0.172894 -0.000366946
1.85 0.105374 -0.172894 -0.000365771
1.855 0.105029 -0.172894 -0.000364575
1.86 0.104679 -0.172894 -0.000363357
1.865 0.104321 -0.172894 -0.000362116
1.87 0.103958 -0.172894 -0.000360855
1.875 0.103589 -0.172894 -0.000359573
1.88 0.103214 -0.172894 -0.000358271
1.885 0.102833 -0.172894 -0.000356948
1.89 0.102446 -0.172894 -0.000355605
1.895 0.102053 -0.172894 -0.000354241
1.9 0.101655 -0.172894 -0.000352857
1.905 0.10125 -0.172894 -0.000351452
1.91 0.100839 -0.172894 -0.000350025
1.915 0.100422 -0.172894 -0.000348577
1.92 0.0999988 -0.172894 -0.000347108
1.925 0.0995703 -0.172894 -0.00034562
1.93 0.099136 -0.172894 -0.000344112
1.935 0.0986956 -0.172894 -0.000342583
1.94 0.0982486 -0.172894 -0.000341031
1.945 0.0977952 -0.172894 -0.000339456
1.95 0.0973355 -0.172894 -0.00033786
1.955 0.0968693 -0.172894 -0.000336241
1.96 0.0963968 -0.172894 -0.000334601
1.965 0.0959185 -0.172894 -0.00033294
1.97 0.0954345 -0.172894 -0.000331259
1.975 0.0949446 -0.172894 -0.000329559
1.98 0.0944488 -0.172894 -0.000327837
1.985 0.093947 -0.172894 -0.000326095
1.99 0.0934393 -0.172894 -0.000324332
1.995 0.0929261 -0.172894 -0.00032255
2 0.0924078 -0.172894 -0.00032075
2.005 0.0918844 -0.172894 -0.000318933
2.01 0.0913557 -0.172894 -0.000317097
2.015 0.0908213 -0.172894 -0.000315242
2.02 0.0902815 -0.172894 -0.000313367
2.025 0.0897362 -0.172894 -0.000311474
2.03 0.0891854 -0.172894 -0.000309561
2.035 0.0886293 -0.172894 -0.000307631
2.04 0.0880683 -0.172894 -0.000305682
2.045 0.0875019 -0.172894 -0.000303716
2.05 0.0869298 -0.172894 -0.000301729
2.055 0.0863517 -0.172894 -0.000299722
2.06 0.0857683 -0.172894 -0.000297696
2.065 0.0851801 -0.172894 -0.000295654
2.07 0.0845873 -0.172894 -0.000293596
2.075 0.0839897 -0.172894 -0.000291521
2.08 0.0833871 -0.172894 -0.000289428
2.085 0.0827795 -0.172894 -0.000287319
2.09 0.0821669 -0.172894 -0.000285192
2.095 0.0815492 -0.172894 -0.000283047
2.1 0.0809262 -0.172894 -0.000280883
2.105 0.0802982 -0.172894 -0.000278703
2.11 0.0796652 -0.172894 -0.000276505
2.115 0.0790269 -0.172894 -0.000274289
2.12 0.0783831 -0.172894 -0.000272053
2.125 0.0777341 -0.172894 -0.0002698
2.13 0.0770801 -0.172894 -0.000267529
2.135 0.0764211 -0.172894 -0.000265241
2.14 0.0757573 -0.172894 -0.000262936
2.145 0.0750887 -0.172894 -0.000260615
2.15 0.074415 -0.172894 -0.000258275
2.155 0.0737359 -0.172894 -0.000255917
2.16 0.0730521 -0.172894 -0.000253543
2.165 0.072364 -0.172895 -0.000251154
2.17 0.0716717 -0.172895 -0.00024875
2.175 0.070975 -0.172895 -0.000246331
2.18 0.0702739 -0.172895 -0.000243896
2.185 0.0695685 -0.172895 -0.000241447
2.19 0.0688589 -0.172895 -0.000238983
2.195 0.0681447 -0.172895 -0.000236503
2.2 0.067426 -0.172895 -0.000234008
2.205 0.0667025 -0.172895 -0.000231496
2.21 0.0659747 -0.172895 -0.000228969
2.215 0.0652431 -0.172895 -0.000226428
2.22 0.0645079 -0.172895 -0.000223875
2.225 0.0637686 -0.172895 -0.000221309
2.23 0.0630255 -0.172895 -0.000218728
2.235 0.0622788 -0.172895 -0.000216136
2.24 0.0615285 -0.172895 -0.00021353
2.245 0.0607745 -0.172895 -0.000210912
2.25 0.0600168 -0.172895 -0.000208281
2.255 0.0592555 -0.172895 -0.000205638
2.26 0.0584906 -0.172895 -0.000202982
2.265 0.0577218 -0.172895 -0.000200313
2.27 0.0569491 -0.172895 -0.00019763
2.275 0.0561727 -0.172895 -0.000194934
2.28 0.0553927 -0.172895 -0.000192225
2.285 0.054609 -0.172895 -0.000189505
2.29 0.0538216 -0.172895 -0.00018677
2.295 0.0530304 -0.172895 -0.000184023
2.3 0.052236 -0.172895 -0.000181265
2.305 0.0514386 -0.172895 -0.000178496
2.31 0.0506383 -0.172895 -0.000175717
2.315 0.0498351 -0.172895 -0.000172928
2.32 0.0490289 -0.172895 -0.000170129
2.325 0.0482194 -0.172895 -0.000167318
2.33 0.0474061 -0.172895 -0.000164494
2.335 0.046589 -0.172895 -0.000161657
2.34 0.0457683 -0.172895 -0.000158808
2.345 0.0449444 -0.172895 -0.000155947
2.35 0.0441175 -0.172895 -0.000153076
2.355 0.0432876 -0.172895 -0.000150194
2.36 0.042455 -0.172895 -0.000147303
2.365 0.04162 -0.172895 -0.000144404
2.37 0.0407825 -0.172895 -0.000141496
2.375 0.0399425 -0.172895 -0.000138579
2.38 0.0390999 -0.172895 -0.000135653
2.385 0.0382546 -0.172895 -0.000132718
2.39 0.0374066 -0.172895 -0.000129774
2.395 0.0365556 -0.172895 -0.000126819
2.4 0.035702 -0.172895 -0.000123855
2.405 0.034846 -0.172895 -0.000120883
2.41 0.0339878 -0.172895 -0.000117903
2.415 0.0331278 -0.172895 -0.000114917
2.42 0.0322658 -0.172895 -0.000111924
2.425 0.0314018 -0.172895 -0.000108924
2.43 0.0305359 -0.172896 -0.000105918
2.435 0.0296678 -0.172896 -0.000102903
2.44 0.0287975 -0.172896 -9.98815e-05
2.445 0.0279252 -0.172896 -9.68527e-05
2.45 0.0270511 -0.172896 -9.38179e-05
2.455 0.0261754 -0.172896 -9.07772e-05
2.46 0.0252981 -0.172896 -8.77311e-05
2.465 0.0244194 -0.172896 -8.46804e-05
2.47 0.02354 -0.172896 -8.16268e-05
2.475 0.0226597 -0.172897 -7.85705e-05
2.48 0.0217783 -0.172897 -7.55102e-05
2.485 0.0208953 -0.172897 -7.24448e-05
2.49 0.0200109 -0.172897 -6.93749e-05
2.495 0.019126 -0.172898 -6.63025e-05
2.5 0.0182408 -0.172898 -6.32288e-05
2.505 0.0173545 -0.172898 -6.0152e-05
2.51 0.0164671 -0.172899 -5.70712e-05
2.515 0.0155789 -0.172899 -5.39876e-05
2.52 0.0146902 -0.1729 -5.09026e-05
2.525 0.0138012 -0.172901 -4.78163e-05
2.53 0.0129118 -0.172902 -4.47292e-05
2.535 0.0120226 -0.172903 -4.16422e-05
2.54 0.0111331 -0.172904 -3.8555e-05
2.545 0.0102426 -0.172905 -3.5464e-05
2.55 0.00935039 -0.172906 -3.23671e-05
2.555 0.00845724 -0.172907 -2.92672e-05
2.56 0.00756442 -0.172908 -2.61684e-05
2.565 0.00667217 -0.17291 -2.30717e-05
2.57 0.00577997 -0.172912 -1.99752e-05
2.575 0.00488739 -0.172915 -1.68774e-05
2.58 0.00399437 -0.172918 -1.37783e-05
2.585 0.00310101 -0.17292 -1.06779e-05
2.59 0.00220742 -0.172923 -7.57688e-06
2.595 0.00131366 -0.172926 -4.47524e-06
2.6 0.000419892 -0.172928 -1.37357e-06
2.605 -0.000473771 -0.172931 1.72776e-06
2.61 -0.00136717 -0.172934 4.82824e-06
2.615 -0.00225969 -0.172936 7.92568e-06
2.62 -0.00315072 -0.172939 1.1018e-05
2.625 -0.00404054 -0.172942 1.41063e-05
2.63 -0.00492997 -0.172944 1.71933e-05
2.635 -0.00581952 -0.172947 2.02807e-05
2.64 -0.00670924 -0.17295 2.33688e-05
2.645 -0.00759888 -0.172952 2.64568e-05
2.65 -0.00848796 -0.172955 2.95428e-05
2.655 -0.0093761 -0.172958 3.26257e-05
2.66 -0.0102633 -0.17296 3.57054e-05
2.665 -0.0111498 -0.172963 3.87827e-05
2.67 -0.0120357 -0.172966 4.18577e-05
2.675 -0.0129207 -0.172969 4.49301e-05
2.68 -0.0138046 -0.172971 4.79985e-05
2.685 -0.0146869 -0.172974 5.10615e-05
2.69 -0.0155677 -0.172977 5.41189e-05
2.695 -0.0164474 -0.172979 5.71728e-05
2.7 -0.0173264 -0.172982 6.02245e-05
2.705 -0.0182047 -0.172985 6.32736e-05
2.71 -0.0190819 -0.172987 6.63188e-05
2.715 -0.0199576 -0.17299 6.93588e-05
2.72 -0.0208314 -0.172993 7.23924e-05
2.725 -0.0217038 -0.172996 7.54212e-05
2.73 -0.0225761 -0.172998 7.84491e-05
2.735 -0.0234486 -0.173001 8.14781e-05
2.74 -0.0243201 -0.173004 8.45038e-05
2.745 -0.0251894 -0.173006 8.75217e-05
2.75 -0.0260568 -0.173009 9.05329e-05
2.755 -0.0269232 -0.173012 9.35408e-05
2.76 -0.0277888 -0.173014 9.65456e-05
2.765 -0.0286527 -0.173017 9.95448e-05
2.77 -0.0295144 -0.17302 0.000102536
2.775 -0.0303736 -0.173022 0.000105519
2.78 -0.0312302 -0.173025 0.000108493
2.785 -0.0320843 -0.173028 0.000111458
2.79 -0.0329363 -0.17303 0.000114416
2.795 -0.0337865 -0.173033 0.000117367
2.8 -0.0346342 -0.173036 0.00012031
2.805 -0.0354788 -0.173038 0.000123242
2.81 -0.0363207 -0.173041 0.000126165
2.815 -0.0371606 -0.173043 0.00012908
2.82 -0.0379982 -0.173046 0.000131988
2.825 -0.0388331 -0.173049 0.000134886
2.83 -0.039665 -0.173051 0.000137774
2.835 -0.0404943 -0.173054 0.000140653
2.84 -0.0413214 -0.173056 0.000143524
2.845 -0.0421462 -0.173059 0.000146387
2.85 -0.0429683 -0.173061 0.000149241
2.855 -0.0437876 -0.173064 0.000152085
2.86 -0.0446034 -0.173066 0.000154918
2.865 -0.0454152 -0.173069 0.000157735
2.87 -0.046223 -0.173072 0.000160539
2.875 -0.0470278 -0.173074 0.000163333
2.88 -0.0478303 -0.173077 0.000166119
2.885 -0.0486304 -0.173079 0.000168896
2.89 -0.0494272 -0.173081 0.000171662
2.895 -0.0502195 -0.173084 0.000174413
2.9 -0.0510072 -0.173086 0.000177147
2.905 -0.051791 -0.173089 0.000179868
2.91 -0.0525715 -0.173091 0.000182577
2.915 -0.053349 -0.173094 0.000185276
2.92 -0.0541233 -0.173096 0.000187964
2.925 -0.0548944 -0.173099 0.00019064
2.93 -0.0556621 -0.173101 0.000193305
2.935 -0.0564266 -0.173103 0.000195959
2.94 -0.0571877 -0.173106 0.000198601
2.945 -0.0579453 -0.173108 0.000201231
2.95 -0.0586992 -0.17311 0.000203848
2.955 -0.0594494 -0.173113 0.000206452
2.96 -0.0601964 -0.173115 0.000209044
2.965 -0.06094 -0.173117 0.000211626
2.97 -0.0616794 -0.17312 0.000214192
2.975 -0.0624138 -0.173122 0.000216741
2.98 -0.0631434 -0.173124 0.000219274
2.985 -0.0638692 -0.173127 0.000221793
2.99 -0.064592 -0.173129 0.000224302
2.995 -0.0653119 -0.173131 0.000226801
3 -0.0660283 -0.173133 0.000229287
3.005 -0.0667406 -0.173136 0.00023176
3.01 -0.0674491 -0.173138 0.000234219
3.015 -0.0681539 -0.17314 0.000236666
3.02 -0.0688549 -0.173142 0.000239099
3.025 -0.0695513 -0.173144 0.000241516
3.03 -0.0702424 -0.173146 0.000243915
3.035 -0.0709283 -0.173149 0.000246295
3.04 -0.0716095 -0.173151 0.00024866
3.045 -0.0722867 -0.173153 0.00025101
3.05 -0.0729599 -0.173155 0.000253347
3.055 -0.0736288 -0.173157 0.000255669
3.06 -0.0742935 -0.173159 0.000257976
3.065 -0.0749541 -0.173161 0.000260269
3.07 -0.0756102 -0.173163 0.000262546
3.075 -0.0762605 -0.173165 0.000264803
3.08 -0.0769043 -0.173167 0.000267038
3.085 -0.0775422 -0.173169 0.000269252
3.09 -0.0781753 -0.173171 0.000271449
3.095 -0.0788043 -0.173173 0.000273632
3.1 -0.0794287 -0.173175 0.000275799
3.105 -0.0800483 -0.173177 0.00027795
3.11 -0.0806631 -0.173179 0.000280084
3.115 -0.0812737 -0.173181 0.000282203
3.12 -0.0818799 -0.173183 0.000284307
3.125 -0.0824814 -0.173185 0.000286395
3.13 -0.083078 -0.173187 0.000288465
3.135 -0.0836703 -0.173189 0.000290521
3.14 -0.0842584 -0.17319 0.000292562
3.145 -0.0848418 -0.173192 0.000294587
3.15 -0.0854198 -0.173194 0.000296593
3.155 -0.0859921 -0.173196 0.000298579
3.16 -0.0865585 -0.173198 0.000300545
3.165 -0.0871184 -0.173199 0.000302488
3.17 -0.087672 -0.173201 0.00030441
3.175 -0.0882198 -0.173203 0.000306311
3.18 -0.0887614 -0.173205 0.000308191
3.185 -0.0892957 -0.173206 0.000310045
3.19 -0.0898229 -0.173208 0.000311875
3.195 -0.0903444 -0.17321 0.000313685
3.2 -0.0908616 -0.173211 0.00031548
3.205 -0.0913743 -0.173213 0.000317259
3.21 -0.0918815 -0.173214 0.000319019
3.215 -0.0923824 -0.173216 0.000320758
3.22 -0.0928762 -0.173218 0.000322472
3.225 -0.0933629 -0.173219 0.000324161
3.23 -0.0938437 -0.173221 0.000325829
3.235 -0.0943197 -0.173222 0.000327481
3.24 -0.0947915 -0.173224 0.000329119
3.245 -0.0952589 -0.173225 0.000330741
3.25 -0.0957215 -0.173227 0.000332346
3.255 -0.0961785 -0.173228 0.000333933
3.26 -0.0966293 -0.173229 0.000335497
3.265 -0.0970736 -0.173231 0.000337039
3.27 -0.097512 -0.173232 0.000338561
3.275 -0.097945 -0.173234 0.000340063
3.28 -0.0983725 -0.173235 0.000341547
3.285 -0.0987939 -0.173236 0.000343009
3.29 -0.0992086 -0.173238 0.000344448
3.295 -0.0996163 -0.173239 0.000345863
3.3 -0.100018 -0.17324 0.000347256
3.305 -0.100412 -0.173241 0.000348627
3.31 -0.100801 -0.173243 0.000349975
3.315 -0.101183 -0.173244 0.000351301
3.32 -0.101559 -0.173245 0.000352604
3.325 -0.101928 -0.173246 0.000353887
3.33 -0.102293 -0.173247 0.000355153
3.335 -0.102653 -0.173248 0.000356402
3.34 -0.103008 -0.17325 0.000357632
3.345 -0.103356 -0.173251 0.000358842
3.35 -0.103698 -0.173252 0.000360029
3.355 -0.104034 -0.173253 0.000361195
3.36 -0.104365 -0.173254 0.000362342
3.365 -0.10469 -0.173255 0.000363472
3.37 -0.105011 -0.173256 0.000364586
3.375 -0.105327 -0.173257 0.000365683
3.38 -0.105637 -0.173258 0.000366758
3.385 -0.105941 -0.173259 0.000367812
3.39 -0.106238 -0.17326 0.000368843
3.395 -0.106528 -0.173261 0.00036985
3.4 -0.106811 -0.173262 0.000370832
3.405 -0.107087 -0.173262 0.000371789
3.41 -0.107356 -0.173263 0.000372724
3.415 -0.10762 -0.173264 0.000373639
3.42 -0.107879 -0.173265 0.000374537
3.425 -0.108133 -0.173266 0.00037542
3.43 -0.108382 -0.173267 0.000376285
3.435 -0.108626 -0.173267 0.00037713
3.44 -0.108864 -0.173268 0.000377955
3.445 -0.109095 -0.173269 0.00037876
3.45 -0.109321 -0.17327 0.000379544
3.455 -0.109542 -0.17327 0.000380309
3.46 -0.109757 -0.173271 0.000381056
3.465 -0.109967 -0.173272 0.000381784
3.47 -0.11017 -0.173272 0.00038249
3.475 -0.110368 -0.173273 0.000383175
3.48 -0.11056 -0.173273 0.000383843
3.485 -0.110747 -0.173274 0.000384491
3.49 -0.110927 -0.173275 0.000385118
3.495 -0.111101 -0.173275 0.000385719
3.5 -0.111266 -0.173276 0.000386294
3.505 -0.111425 -0.173276 0.000386845
3.51 -0.111578 -0.173277 0.000387374
3.515 -0.111724 -0.173277 0.000387883
3.52 -0.111865 -0.173278 0.000388369
3.525 -0.111998 -0.173278 0.000388832
3.53 -0.112124 -0.173278 0.000389271
3.535 -0.112244 -0.173279 0.000389687
3.54 -0.112357 -0.173279 0.00039008
3.545 -0.112464 -0.173279 0.000390448
3.55 -0.112563 -0.17328 0.000390795
3.555 -0.112657 -0.17328 0.000391121
3.56 -0.112745 -0.17328 0.000391426
3.565 -0.112827 -0.173281 0.00039171
3.57 -0.112905 -0.173281 0.000391979
3.575 -0.112978 -0.173281 0.000392233
3.58 -0.113047 -0.173281 0.000392472
3.585 -0.11311 -0.173282 0.000392693
3.59 -0.113168 -0.173282 0.000392894
3.595 -0.113219 -0.173282 0.000393071
3.6 -0.113263 -0.173282 0.000393222
3.605 -0.113299 -0.173282 0.000393347
3.61 -0.113328 -0.173282 0.000393448
3.615 -0.11335 -0.173282 0.000393525
3.62 -0.113366 -0.173282 0.00039358
3.625 -0.113374 -0.173282 0.000393609
3.63 -0.113375 -0.173282 0.000393612
3.635 -0.113369 -0.173282 0.000393589
3.64 -0.113355 -0.173282 0.000393543
3.645 -0.113336 -0.173282 0.000393475
3.65 -0.113311 -0.173282 0.000393388
3.655 -0.113281 -0.173282 0.000393286
3.66 -0.113246 -0.173282 0.000393164
3.665 -0.113205 -0.173282 0.00039302
3.67 -0.113155 -0.173282 0.000392849
3.675 -0.113099 -0.173282 0.000392653
3.68 -0.113037 -0.173282 0.000392437
3.685 -0.112969 -0.173282 0.000392202
3.69 -0.112895 -0.173282 0.000391945
3.695 -0.112814 -0.173282 0.000391663
3.7 -0.112725 -0.173282 0.000391355
3.705 -0.11263 -0.173282 0.000391025
3.71 -0.112529 -0.173282 0.000390675
3.715 -0.112423 -0.173282 0.000390306
3.72 -0.112311 -0.173282 0.000389918
3.725 -0.112195 -0.173282 0.000389514
3.73 -0.112074 -0.173282 0.000389094
3.735 -0.111948 -0.173282 0.000388656
3.74 -0.111816 -0.173282 0.000388197
3.745 -0.111677 -0.173282 0.000387715
3.75 -0.111532 -0.173282 0.000387213
3.755 -0.111382 -0.173282 0.000386691
3.76 -0.111226 -0.173282 0.00038615
3.765 -0.111066 -0.173282 0.000385595
3.77 -0.110902 -0.173282 0.000385023
3.775 -0.110732 -0.173282 0.000384435
3.78 -0.110558 -0.173282 0.00038383
3.785 -0.110378 -0.173282 0.000383206
3.79 -0.110192 -0.173282 0.000382559
3.795 -0.11 -0.173282 0.000381891
3.8 -0.109801 -0.173282 0.000381202
3.805 -0.109597 -0.173282 0.000380492
3.81 -0.109385 -0.173282 0.000379758
3.815 -0.109168 -0.173282 0.000379004
3.82 -0.108945 -0.173282 0.00037823
3.825 -0.108716 -0.173282 0.000377434
3.83 -0.10848 -0.173282 0.000376616
3.835 -0.108239 -0.173282 0.000375778
3.84 -0.107992 -0.173282 0.00037492
3.845 -0.10774 -0.173282 0.000374045
3.85 -0.107483 -0.173282 0.000373152
3.855 -0.107221 -0.173282 0.000372244
3.86 -0.106955 -0.173282 0.000371319
3.865 -0.106684 -0.173282 0.000370377
3.87 -0.106407 -0.173282 0.000369418
3.875 -0.106126 -0.173282 0.000368442
3.88 -0.105841 -0.173282 0.00036745
3.885 -0.10555 -0.173282 0.00036644
3.89 -0.105254 -0.173282 0.000365412
3.895 -0.104952 -0.173282 0.000364366
3.9 -0.104645 -0.173282 0.000363299
3.905 -0.104331 -0.173282 0.00036221
3.91 -0.104012 -0.173282 0.000361103
3.915 -0.103689 -0.173282 0.000359979
3.92 -0.103361 -0.173282 0.00035884
3.925 -0.103028 -0.173282 0.000357685
3.93 -0.102691 -0.173282 0.000356515
3.935 -0.102351 -0.173282 0.000355333
3.94 -0.102006 -0.173282 0.000354136
3.945 -0.101658 -0.173282 0.000352926
3.95 -0.101305 -0.173282 0.000351703
3.955 -0.10095 -0.173282 0.000350468
3.96 -0.10059 -0.173282 0.000349219
3.965 -0.100226 -0.173282 0.000347957
3.97 -0.0998592 -0.173282 0.000346681
3.975 -0.0994883 -0.173282 0.000345394
3.98 -0.0991139 -0.173282 0.000344094
3.985 -0.0987357 -0.173282 0.00034278
3.99 -0.0983533 -0.173282 0.000341452
3.995 -0.0979666 -0.173282 0.00034011
4 -0.0975755 -0.173282 0.000338752
4.005 -0.0971797 -0.173282 0.000337378
4.01 -0.096779 -0.173282 0.000335986
4.015 -0.0963737 -0.173282 0.000334579
4.02 -0.0959636 -0.173282 0.000333155
4.025 -0.0955485 -0.173282 0.000331714
4.03 -0.0951287 -0.173282 0.000330256
4.035 -0.0947048 -0.173282 0.000328784
4.04 -0.094277 -0.173282 0.000327299
4.045 -0.0938448 -0.173282 0.000325798
4.05 -0.0934079 -0.173282 0.000324281
4.055 -0.0929664 -0.173282 0.000322748
4.06 -0.0925206 -0.173282 0.0003212
4.065 -0.0920718 -0.173282 0.000319642
4.07 -0.0916211 -0.173282 0.000318077
4.075 -0.0911683 -0.173282 0.000316505
4.08 -0.0907122 -0.173282 0.000314921
4.085 -0.090252 -0.173282 0.000313323
4.09 -0.0897875 -0.173282 0.00031171
4.095 -0.0893196 -0.173282 0.000310085
4.1 -0.0888491 -0.173282 0.000308452
4.105 -0.0883762 -0.173282 0.00030681
4.11 -0.0879004 -0.173282 0.000305158
4.115 -0.0874211 -0.173282 0.000303493
4.12 -0.0869389 -0.173282 0.000301819
4.125 -0.0864546 -0.173282 0.000300138
4.13 -0.0859674 -0.173282 0.000298446
4.135 -0.0854767 -0.173282 0.000296742
4.14 -0.0849821 -0.173282 0.000295025
4.145 -0.0844844 -0.173282 0.000293297
4.15 -0.0839842 -0.173282 0.00029156
4.155 -0.0834819 -0.173282 0.000289816
4.16 -0.0829777 -0.173282 0.000288065
4.165 -0.0824712 -0.173282 0.000286306
4.17 -0.081962 -0.173282 0.000284538
4.175 -0.0814507 -0.173282 0.000282763
4.18 -0.0809371 -0.173282 0.00028098
4.185 -0.0804206 -0.173282 0.000279186
4.19 -0.0799011 -0.173282 0.000277382
4.195 -0.0793783 -0.173282 0.000275567
4.2 -0.078852 -0.173282 0.00027374
4.205 -0.0783221 -0.173282 0.0002719
4.21 -0.0777887 -0.173282 0.000270048
4.215 -0.0772523 -0.173282 0.000268185
4.22 -0.0767135 -0.173282 0.000266315
4.225 -0.0761729 -0.173282 0.000264437
4.23 -0.075631 -0.173282 0.000262556
4.235 -0.0750878 -0.173282 0.00026067
4.24 -0.0745429 -0.173282 0.000258778
4.245 -0.0739962 -0.173282 0.000256879
4.25 -0.073448 -0.173282 0.000254976
4.255 -0.0728987 -0.173282 0.000253068
4.26 -0.0723479 -0.173282 0.000251156
4.265 -0.0717951 -0.173282 0.000249237
4.27 -0.0712402 -0.173282 0.00024731
4.275 -0.0706836 -0.173282 0.000245377
4.28 -0.0701256 -0.173282 0.00024344
4.285 -0.0695663 -0.173282 0.000241498
4.29 -0.0690053 -0.173282 0.00023955
4.295 -0.0684425 -0.173282 0.000237596
4.3 -0.0678781 -0.173282 0.000235636
4.305 -0.0673126 -0.173282 0.000233673
4.31 -0.0667462 -0.173282 0.000231706
4.315 -0.0661786 -0.173282 0.000229735
4.32 -0.0656093 -0.173282 0.000227758
4.325 -0.0650383 -0.173282 0.000225775
4.33 -0.0644661 -0.173282 0.000223789
4.335 -0.0638935 -0.173282 0.0002218
4.34 -0.0633207 -0.173282 0.000219812
4.345 -0.0627474 -0.173282 0.000217821
4.35 -0.0621727 -0.173282 0.000215825
4.355 -0.0615955 -0.173282 0.000213821
4.36 -0.0610159 -0.173282 0.000211809
4.365 -0.0604355 -0.173282 0.000209794
4.37 -0.0598557 -0.173282 0.00020778
4.375 -0.0592765 -0.173282 0.000205769
4.38 -0.058697 -0.173282 0.000203757
4.385 -0.0581168 -0.173282 0.000201743
4.39 -0.0575367 -0.173282 0.000199728
4.395 -0.0569571 -0.173282 0.000197716
4.4 -0.0563773 -0.173282 0.000195702
4.405 -0.0557962 -0.173282 0.000193685
4.41 -0.0552139 -0.173282 0.000191663
4.415 -0.0546313 -0.173282 0.00018964
4.42 -0.0540495 -0.173282 0.00018762
4.425 -0.0534682 -0.173282 0.000185602
4.43 -0.052886 -0.173282 0.00018358
4.435 -0.0523023 -0.173282 0.000181553
4.44 -0.0517178 -0.173282 0.000179524
4.445 -0.051134 -0.173282 0.000177497
4.45 -0.0505512 -0.173282 0.000175473
4.455 -0.0499691 -0.173282 0.000173452
4.46 -0.0493874 -0.173282 0.000171432
4.465 -0.0488057 -0.173282 0.000169412
4.47 -0.0482242 -0.173282 0.000167393
4.475 -0.0476436 -0.173282 0.000165377
4.48 -0.0470634 -0.173282 0.000163363
4.485 -0.0464824 -0.173282 0.000161345
4.49 -0.0458991 -0.173282 0.00015932
4.495 -0.0453135 -0.173282 0.000157287
4.5 -0.0447271 -0.173282 0.00015525
4.505 -0.0441407 -0.173282 0.000153215
4.51 -0.0435549 -0.173282 0.00015118
4.515 -0.0429695 -0.173282 0.000149148
4.52 -0.0423843 -0.173282 0.000147116
4.525 -0.0418001 -0.173282 0.000145087
4.53 -0.0412181 -0.173282 0.000143066
4.535 -0.0406385 -0.173282 0.000141054
4.54 -0.0400608 -0.173282 0.000139048
4.545 -0.0394844 -0.173282 0.000137047
4.55 -0.038909 -0.173282 0.000135049
4.555 -0.0383346 -0.173282 0.000133054
4.56 -0.0377611 -0.173282 0.000131063
4.565 -0.0371885 -0.173282 0.000129075
4.57 -0.0366161 -0.173282 0.000127087
4.575 -0.0360433 -0.173282 0.000125099
4.58 -0.0354706 -0.173282 0.00012311
4.585 -0.0348993 -0.173282 0.000121126
4.59 -0.0343302 -0.173282 0.00011915
4.595 -0.0337636 -0.173282 0.000117183
4.6 -0.0331993 -0.173282 0.000115224
4.605 -0.0326378 -0.173282 0.000113274
4.61 -0.0320792 -0.173282 0.000111334
4.615 -0.0315231 -0.173282 0.000109403
4.62 -0.030969 -0.173282 0.000107479
4.625 -0.0304166 -0.173282 0.000105561
4.63 -0.0298658 -0.173282 0.000103649
4.635 -0.0293162 -0.173282 0.00010174
4.64 -0.0287676 -0.173282 9.98356e-05
4.645 -0.0282205 -0.173282 9.79361e-05
4.65 -0.027676 -0.173282 9.60454e-05
4.655 -0.0271338 -0.173282 9.41626e-05
4.66 -0.0265926 -0.173282 9.22834e-05
4.665 -0.0260524 -0.173282 9.04078e-05
4.67 -0.0255141 -0.173282 8.85386e-05
4.675 -0.0249783 -0.173282 8.66784e-05
4.68 -0.0244457 -0.173282 8.48289e-05
4.685 -0.0239162 -0.173282 8.29905e-05
4.69 -0.0233896 -0.173282 8.11621e-05
4.695 -0.022866 -0.173282 7.93439e-05
4.7 -0.0223458 -0.173282 7.75375e-05
4.705 -0.0218287 -0.173282 7.57423e-05
4.71 -0.0213141 -0.173282 7.39554e-05
4.715 -0.0208011 -0.173282 7.2174e-05
4.72 -0.0202896 -0.173282 7.03979e-05
4.725 -0.0197805 -0.173282 6.86303e-05
4.73 -0.019275 -0.173282 6.68753e-05
4.735 -0.0187732 -0.173282 6.51327e-05
4.74 -0.0182736 -0.173282 6.33982e-05
4.745 -0.0177753 -0.173282 6.16679e-05
4.75 -0.0172786 -0.173282 5.99432e-05
4.755 -0.0167854 -0.173282 5.82307e-05
4.76 -0.0162967 -0.173282 5.65339e-05
4.765 -0.0158119 -0.173282 5.48507e-05
4.77 -0.0153303 -0.173282 5.31783e-05
4.775 -0.0148515 -0.173282 5.15157e-05
4.78 -0.0143752 -0.173282 4.98619e-05
4.785 -0.0139014 -0.173282 4.8217e-05
4.79 -0.013431 -0.173282 4.65834e-05
4.795 -0.0129641 -0.173282 4.49623e-05
4.8 -0.0124995 -0.173282 4.33493e-05
4.805 -0.0120364 -0.173282 4.1741e-05
4.81 -0.0115757 -0.173282 4.01414e-05
4.815 -0.011119 -0.173282 3.85559e-05
4.82 -0.0106662 -0.173282 3.69834e-05
4.825 -0.0102158 -0.173282 3.54197e-05
4.83 -0.0097676 -0.173282 3.38634e-05
4.835 -0.00932146 -0.173282 3.23143e-05
4.84 -0.00887739 -0.173282 3.07724e-05
4.845 -0.00843592 -0.173282 2.92395e-05
4.85 -0.00799775 -0.173282 2.77181e-05
4.855 -0.0075625 -0.173282 2.62068e-05
4.86 -0.00712939 -0.173282 2.47029e-05
4.865 -0.00669904 -0.173282 2.32087e-05
4.87 -0.00627277 -0.173282 2.17286e-05
4.875 -0.00585121 -0.173282 2.02648e-05
4.88 -0.00543411 -0.173282 1.88165e-05
4.885 -0.00502044 -0.173282 1.73802e-05
4.89 -0.00460917 -0.173282 1.59522e-05
4.895 -0.00420078 -0.173282 1.45342e-05
4.9 -0.00379668 -0.173282 1.3131e-05
4.905 -0.00339712 -0.173282 1.17437e-05
4.91 -0.00300118 -0.173282 1.03689e-05
4.915 -0.00260838 -0.173282 9.00496e-06
4.92 -0.00221915 -0.173282 7.65348e-06
4.925 -0.00183375 -0.173282 6.31529e-06
4.93 -0.00145151 -0.173282 4.98805e-06
4.935 -0.00107193 -0.173282 3.67007e-06
4.94 -0.000695999 -0.173282 2.36476e-06
4.945 -0.000325142 -0.173282 1.07706e-06
4.95 4.05551e-05 -0.173282 -1.92719e-07
4.955 0.000402201 -0.173282 -1.44843e-06
4.96 0.000760282 -0.173282 -2.69177e-06
4.965 0.00111391 -0.173282 -3.91964e-06
4.97 0.00146243 -0.173282 -5.12979e-06
4.975 0.00180667 -0.173282 -6.32505e-06
4.98 0.00214778 -0.173282 -7.50947e-06
4.985 0.00248579 -0.173282 -8.68311e-06
4.99 0.00281963 -0.173282 -9.84228e-06
4.995 0.00314838 -0.173282 -1.09838e-05
5 0.0034721 -0.173282 -1.21078e-05
5.005 0.00379163 -0.173282 -1.32173e-05
5.01 0.00410746 -0.173282 -1.43139e-05
5.015 0.00441888 -0.173282 -1.53952e-05
5.02 0.00472496 -0.173282 -1.6458e-05
5.025 0.0050259 -0.173282 -1.7503e-05
5.03 0.00532272 -0.173282 -1.85336e-05
5.035 0.00561591 -0.173282 -1.95516e-05
5.04 0.00590504 -0.173282 -2.05555e-05
5.045 0.00618932 -0.173282 -2.15426e-05
5.05 0.00646844 -0.173282 -2.25118e-05
5.055 0.00674269 -0.173282 -2.3464e-05
5.06 0.00701233 -0.173282 -2.44003e-05
5.065 0.00727723 -0.173282 -2.53201e-05
5.07 0.00753717 -0.173282 -2.62226e-05
5.075 0.0077921 -0.173282 -2.71078e-05
5.08 0.00804226 -0.173282 -2.79764e-05
5.085 0.00828812 -0.173282 -2.88301e-05
5.09 0.00852979 -0.173282 -2.96692e-05
5.095 0.00876686 -0.173282 -3.04924e-05
5.1 0.00899891 -0.173282 -3.12981e-05
5.105 0.0092261 -0.173282 -3.2087e-05
5.11 0.0094489 -0.173282 -3.28606e-05
5.115 0.00966707 -0.173282 -3.36181e-05
5.12 0.00987954 -0.173282 -3.43559e-05
5.125 0.0100854 -0.173282 -3.50706e-05
5.13 0.0102848 -0.173282 -3.57629e-05
5.135 0.0104791 -0.173282 -3.64377e-05
5.14 0.0106698 -0.173282 -3.70998e-05
5.145 0.0108574 -0.173282 -3.77511e-05
5.15 0.0110413 -0.173282 -3.83898e-05
5.155 0.0112209 -0.173282 -3.90135e-05
5.16 0.0113959 -0.173282 -3.96209e-05
5.165 0.0115664 -0.173282 -4.02131e-05
5.17 0.011733 -0.173282 -4.07914e-05
5.175 0.0118956 -0.173282 -4.13561e-05
5.18 0.0120538 -0.173282 -4.19055e-05
5.185 0.0122069 -0.173282 -4.2437e-05
5.19 0.0123548 -0.173282 -4.29506e-05
5.195 0.0124989 -0.173282 -4.34508e-05
5.2 0.0126408 -0.173282 -4.39437e-05
5.205 0.0127808 -0.173282 -4.44296e-05
5.21 0.0129167 -0.173282 -4.49016e-05
5.215 0.013047 -0.173282 -4.5354e-05
5.22 0.0131722 -0.173282 -4.57887e-05
5.225 0.0132933 -0.173282 -4.62092e-05
5.23 0.0134102 -0.173282 -4.6615e-05
5.235 0.0135227 -0.173282 -4.70057e-05
5.24 0.0136315 -0.173282 -4.73836e-05
5.245 0.0137369 -0.173282 -4.77496e-05
5.25 0.0138387 -0.173282 -4.81028e-05
5.255 0.0139371 -0.173282 -4.84447e-05
5.26 0.0140324 -0.173282 -4.87755e-05
5.265 0.0141233 -0.173282 -4.90912e-05
5.27 0.0142085 -0.173282 -4.93871e-05
5.275 0.0142878 -0.173282 -4.96623e-05
5.28 0.0143614 -0.173282 -4.99178e-05
5.285 0.0144296 -0.173282 -5.01546e-05
5.29 0.0144927 -0.173282 -5.03738e-05
5.295 0.0145509 -0.173282 -5.0576e-05
5.3 0.0146041 -0.173282 -5.07604e-05
5.305 0.0146518 -0.173282 -5.09261e-05
5.31 0.0146943 -0.173282 -5.10739e-05
5.315 0.0147321 -0.173282 -5.12051e-05
5.32 0.0147652 -0.173282 -5.13198e-05
5.325 0.0147931 -0.173282 -5.14169e-05
5.33 0.0148157 -0.173282 -5.14954e-05
5.335 0.0148327 -0.173282 -5.15544e-05
5.34 0.0148439 -0.173282 -5.15931e-05
5.345 0.0148497 -0.173282 -5.16134e-05
5.35 0.0148516 -0.173282 -5.162e-05
5.355 0.0148507 -0.173282 -5.16167e-05
5.36 0.0148464 -0.173282 -5.16019e-05
5.365 0.0148377 -0.173282 -5.15716e-05
5.37 0.014824 -0.173282 -5.1524e-05
5.375 0.0148055 -0.173282 -5.14598e-05
5.38 0.014782 -0.173282 -5.13782e-05
5.385 0.0147528 -0.173282 -5.1277e-05
5.39 0.014718 -0.173282 -5.11561e-05
5.395 0.0146781 -0.173282 -5.10177e-05
5.4 0.0146337 -0.173282 -5.08634e-05
5.405 0.0145847 -0.173282 -5.06933e-05
5.41 0.0145308 -0.173282 -5.05062e-05
5.415 0.0144717 -0.173282 -5.03009e-05
5.42 0.0144072 -0.173282 -5.0077e-05
5.425 0.0143375 -0.173282 -4.9835e-05
5.43 0.0142634 -0.173282 -4.95776e-05
5.435 0.014186 -0.173282 -4.93087e-05
5.44 0.0141055 -0.173282 -4.90293e-05
5.445 0.0140212 -0.173282 -4.87366e-05
5.45 0.0139324 -0.173282 -4.84282e-05
5.455 0.0138395 -0.173282 -4.81058e-05
5.46 0.0137431 -0.173282 -4.77711e-05
5.465 0.0136426 -0.173282 -4.7422e-05
5.47 0.0135373 -0.173282 -4.70565e-05
5.475 0.0134276 -0.173282 -4.66756e-05
5.48 0.0133146 -0.173282 -4.6283e-05
5.485 0.0131993 -0.173282 -4.58827e-05
5.49 0.0130819 -0.173282 -4.54751e-05
5.495 0.0129621 -0.173282 -4.50592e-05
5.5 0.0128397 -0.173282 -4.46341e-05
5.505 0.012714 -0.173282 -4.41978e-05
5.51 0.0125846 -0.173282 -4.37485e-05
5.515 0.0124516 -0.173282 -4.32865e-05
5.52 0.0123145 -0.173282 -4.28106e-05
5.525 0.0121726 -0.173282 -4.23177e-05
5.53 0.0120257 -0.173282 -4.18077e-05
5.535 0.0118746 -0.173282 -4.12831e-05
5.54 0.0117199 -0.173282 -4.0746e-05
5.545 0.011562 -0.173282 -4.01976e-05
5.55 0.0114004 -0.173282 -3.96365e-05
5.555 0.0112343 -0.173282 -3.906e-05
5.56 0.0110633 -0.173282 -3.84661e-05
5.565 0.0108873 -0.173282 -3.7855e-05
5.57 0.0107068 -0.173282 -3.72283e-05
5.575 0.0105221 -0.173282 -3.65868e-05
5.58 0.0103337 -0.173282 -3.59329e-05
5.585 0.0101429 -0.173282 -3.52704e-05
5.59 0.00994961 -0.173282 -3.45992e-05
5.595 0.00975269 -0.173282 -3.39154e-05
5.6 0.00955176 -0.173282 -3.32177e-05
5.605 0.0093477 -0.173282 -3.25092e-05
5.61 0.0091414 -0.173282 -3.17929e-05
5.615 0.00893268 -0.173282 -3.10681e-05
5.62 0.00872065 -0.173282 -3.03319e-05
5.625 0.00850453 -0.173282 -2.95815e-05
5.63 0.00828424 -0.173282 -2.88166e-05
5.635 0.00806038 -0.173282 -2.80393e-05
5.64 0.00783321 -0.173282 -2.72506e-05
5.645 0.00760226 -0.173282 -2.64486e-05
5.65 0.00736719 -0.173282 -2.56324e-05
5.655 0.00712829 -0.173282 -2.48029e-05
5.66 0.00688578 -0.173282 -2.39609e-05
5.665 0.00663968 -0.173282 -2.31064e-05
5.67 0.00639039 -0.173282 -2.22408e-05
5.675 0.00613832 -0.173282 -2.13655e-05
5.68 0.00588292 -0.173282 -2.04787e-05
5.685 0.00562336 -0.173282 -1.95775e-05
5.69 0.0053598 -0.173282 -1.86623e-05
5.695 0.0050933 -0.173282 -1.7737e-05
5.7 0.00482489 -0.173282 -1.6805e-05
5.705 0.00455521 -0.173282 -1.58686e-05
5.71 0.00428432 -0.173282 -1.4928e-05
5.715 0.00401152 -0.173282 -1.39808e-05
5.72 0.00373565 -0.173282 -1.30229e-05
5.725 0.00345572 -0.173282 -1.20509e-05
5.73 0.00317173 -0.173282 -1.10649e-05
5.735 0.00288448 -0.173282 -1.00675e-05
5.74 0.00259467 -0.173282 -9.06118e-06
5.745 0.00230234 -0.173282 -8.04615e-06
5.75 0.0020074 -0.173282 -7.02206e-06
5.755 0.00171028 -0.173282 -5.99038e-06
5.76 0.00141153 -0.173282 -4.95305e-06
5.765 0.00111138 -0.173282 -3.91087e-06
5.77 0.000809521 -0.173282 -2.86274e-06
5.775 0.000505026 -0.173282 -1.80546e-06
5.78 0.000197292 -0.173282 -7.36944e-07
5.785 -0.000113315 -0.173282 3.41554e-07
5.79 -0.000426231 -0.173282 1.42807e-06
5.795 -0.000741641 -0.173282 2.52324e-06
5.8 -0.00106001 -0.173282 3.62869e-06
5.805 -0.00138128 -0.173282 4.74422e-06
5.81 -0.00170508 -0.173282 5.86853e-06
5.815 -0.00203065 -0.173282 6.99895e-06
5.82 -0.00235652 -0.173282 8.13044e-06
5.825 -0.00268158 -0.173282 9.25914e-06
5.83 -0.00300616 -0.173282 1.03862e-05
5.835 -0.00333117 -0.173282 1.15147e-05
5.84 -0.00365712 -0.173282 1.26464e-05
5.845 -0.00398438 -0.173282 1.37827e-05
5.85 -0.00431314 -0.173282 1.49243e-05
5.855 -0.00464339 -0.173282 1.6071e-05
5.86 -0.00497524 -0.173282 1.72232e-05
5.865 -0.00530851 -0.173282 1.83804e-05
5.87 -0.00564266 -0.173282 1.95407e-05
5.875 -0.00597732 -0.173282 2.07027e-05
5.88 -0.00631252 -0.173282 2.18666e-05
5.885 -0.00664833 -0.173282 2.30326e-05
5.89 -0.00698505 -0.173282 2.42017e-05
5.895 -0.00732335 -0.173282 2.53764e-05
5.9 -0.00766322 -0.173282 2.65565e-05
5.905 -0.00800376 -0.173282 2.77389e-05
5.91 -0.00834436 -0.173282 2.89216e-05
5.915 -0.00868542 -0.173282 3.01058e-05
5.92 -0.00902801 -0.173282 3.12954e-05
5.925 -0.0093728 -0.173282 3.24925e-05
5.93 -0.00971943 -0.173282 3.36961e-05
5.935 -0.0100671 -0.173282 3.49033e-05
5.94 -0.0104154 -0.173282 3.61126e-05
5.945 -0.0107647 -0.173282 3.73255e-05
5.95 -0.0111155 -0.173282 3.85437e-05
5.955 -0.011468 -0.173282 3.97676e-05
5.96 -0.0118219 -0.173282 4.09963e-05
5.965 -0.0121767 -0.173282 4.22283e-05
5.97 -0.012532 -0.173282 4.34618e-05
5.975 -0.0128877 -0.173282 4.46971e-05
5.98 -0.0132447 -0.173282 4.59366e-05
5.985 -0.0136035 -0.173282 4.71824e-05
5.99 -0.0139641 -0.173282 4.84344e-05
5.995 -0.0143259 -0.173282 4.96907e-05
6 -0.0146882 -0.173282 5.09487e-05
6.005 -0.0150507 -0.173282 5.22073e-05
6.01 -0.0154135 -0.173282 5.34673e-05
6.015 -0.0157771 -0.173282 5.47298e-05
6.02 -0.0161415 -0.173282 5.59951e-05
6.025 -0.0165065 -0.173282 5.72624e-05
6.03 -0.0168718 -0.173282 5.85308e-05
6.035 -0.0172374 -0.173282 5.98003e-05
6.04 -0.0176038 -0.173282 6.10726e-05
6.045 -0.0179715 -0.173282 6.23493e-05
6.05 -0.0183409 -0.173282 6.36318e-05
6.055 -0.0187122 -0.173282 6.49211e-05
6.06 -0.019085 -0.173282 6.62155e-05
6.065 -0.019458 -0.173282 6.75106e-05
6.07 -0.01983 -0.173282 6.88024e-05
6.075 -0.0202009 -0.173282 7.00902e-05
6.08 -0.0205705 -0.173282 7.13734e-05
6.085 -0.0209379 -0.173282 7.26492e-05
6.09 -0.0213031 -0.173282 7.39172e-05
6.095 -0.0216668 -0.173282 7.51802e-05
6.1 -0.0220296 -0.173282 7.64399e-05
6.105 -0.0223919 -0.173282 7.76979e-05
6.11 -0.0227545 -0.173282 7.89566e-05
6.115 -0.0231172 -0.173282 8.02162e-05
6.12 -0.0234796 -0.173282 8.14744e-05
6.125 -0.0238411 -0.173282 8.27299e-05
6.13 -0.0242025 -0.173282 8.39846e-05
6.135 -0.0245642 -0.173282 8.52406e-05
6.14 -0.0249263 -0.173282 8.64976e-05
6.145 -0.0252884 -0.173282 8.77551e-05
6.15 -0.0256505 -0.173282 8.90122e-05
6.155 -0.0260118 -0.173282 9.02667e-05
6.16 -0.026372 -0.173282 9.15175e-05
6.165 -0.0267311 -0.173282 9.27644e-05
6.17 -0.0270888 -0.173282 9.40064e-05
6.175 -0.027444 -0.173282 9.52398e-05
6.18 -0.0277963 -0.173282 9.64631e-05
6.185 -0.0281472 -0.173282 9.76814e-05
6.19 -0.0284981 -0.173282 9.88997e-05
6.195 -0.0288487 -0.173282 0.000100117
6.2 -0.0291973 -0.173282 0.000101328
6.205 -0.0295432 -0.173282 0.000102529
6.21 -0.0298871 -0.173282 0.000103723
6.215 -0.03023 -0.173282 0.000104913
6.22 -0.0305717 -0.173282 0.0001061
6.225 -0.0309114 -0.173282 0.000107279
6.23 -0.0312496 -0.173282 0.000108454
6.235 -0.0315869 -0.173282 0.000109625
6.24 -0.0319232 -0.173282 0.000110792
6.245 -0.0322578 -0.173282 0.000111954
6.25 -0.0325909 -0.173282 0.000113111
6.255 -0.0329232 -0.173282 0.000114265
6.26 -0.0332547 -0.173282 0.000115416
6.265 -0.0335843 -0.173282 0.00011656
6.27 -0.0339108 -0.173282 0.000117694
6.275 -0.0342341 -0.173282 0.000118816
6.28 -0.0345553 -0.173282 0.000119932
6.285 -0.0348752 -0.173282 0.000121043
6.29 -0.0351934 -0.173282 0.000122147
6.295 -0.0355081 -0.173282 0.00012324
6.3 -0.0358181 -0.173282 0.000124316
6.305 -0.0361241 -0.173282 0.000125379
6.31 -0.0364281 -0.173282 0.000126435
6.315 -0.0367312 -0.173282 0.000127487
6.32 -0.0370332 -0.173282 0.000128535
6.325 -0.0373339 -0.173282 0.00012958
6.33 -0.0376337 -0.173282 0.000130621
6.335 -0.0379322 -0.173282 0.000131657
6.34 -0.0382286 -0.173282 0.000132686
6.345 -0.038522 -0.173282 0.000133705
6.35 -0.0388127 -0.173282 0.000134714
6.355 -0.0391019 -0.173282 0.000135718
6.36 -0.03939 -0.173282 0.000136719
6.365 -0.0396766 -0.173282 0.000137714
6.37 -0.0399614 -0.173282 0.000138703
6.375 -0.0402445 -0.173282 0.000139686
6.38 -0.0405262 -0.173282 0.000140664
6.385 -0.0408069 -0.173282 0.000141639
6.39 -0.0410867 -0.173282 0.00014261
6.395 -0.0413644 -0.173282 0.000143575
6.4 -0.0416388 -0.173282 0.000144527
6.405 -0.0419098 -0.173282 0.000145468
6.41 -0.0421777 -0.173282 0.000146398
6.415 -0.0424428 -0.173282 0.000147319
6.42 -0.0427053 -0.173282 0.00014823
6.425 -0.0429655 -0.173282 0.000149134
6.43 -0.0432234 -0.173282 0.000150029
6.435 -0.0434789 -0.173282 0.000150917
6.44 -0.0437318 -0.173282 0.000151795
6.445 -0.0439819 -0.173282 0.000152663
6.45 -0.0442295 -0.173282 0.000153523
6.455 -0.0444752 -0.173282 0.000154376
6.46 -0.0447194 -0.173282 0.000155224
6.465 -0.0449614 -0.173282 0.000156064
6.47 -0.0452004 -0.173282 0.000156894
6.475 -0.0454368 -0.173282 0.000157715
6.48 -0.0456707 -0.173282 0.000158527
6.485 -0.0459023 -0.173282 0.000159331
6.49 -0.0461312 -0.173282 0.000160126
6.495 -0.0463569 -0.173282 0.00016091
6.5 -0.0465794 -0.173282 0.000161682
6.505 -0.0467983 -0.173282 0.000162442
6.51 -0.0470133 -0.173282 0.000163189
6.515 -0.0472246 -0.173282 0.000163922
6.52 -0.0474321 -0.173282 0.000164643
6.525 -0.0476366 -0.173282 0.000165353
6.53 -0.047839 -0.173282 0.000166056
6.535 -0.04804 -0.173282 0.000166754
6.54 -0.0482393 -0.173282 0.000167446
6.545 -0.0484356 -0.173282 0.000168127
6.55 -0.0486275 -0.173282 0.000168793
6.555 -0.0488142 -0.173282 0.000169442
6.56 -0.0489961 -0.173282 0.000170073
6.565 -0.0491738 -0.173282 0.00017069
6.57 -0.0493477 -0.173282 0.000171294
6.575 -0.0495183 -0.173282 0.000171887
6.58 -0.0496863 -0.173282 0.00017247
6.585 -0.0498514 -0.173282 0.000173043
6.59 -0.0500126 -0.173282 0.000173603
6.595 -0.050169 -0.173282 0.000174146
6.6 -0.0503212 -0.173282 0.000174674
6.605 -0.0504708 -0.173282 0.000175194
6.61 -0.0506183 -0.173282 0.000175706
6.615 -0.0507631 -0.173282 0.000176209
6.62 -0.0509043 -0.173282 0.000176699
6.625 -0.051042 -0.173282 0.000177177
6.63 -0.0511765 -0.173282 0.000177644
6.635 -0.0513083 -0.173282 0.000178102
6.64 -0.0514381 -0.173282 0.000178553
6.645 -0.0515665 -0.173282 0.000178999
6.65 -0.0516929 -0.173282 0.000179437
6.655 -0.0518164 -0.173282 0.000179866
6.66 -0.0519371 -0.173282 0.000180285
6.665 -0.0520553 -0.173282 0.000180696
6.67 -0.0521709 -0.173282 0.000181097
6.675 -0.0522829 -0.173282 0.000181486
6.68 -0.0523904 -0.173282 0.000181859
6.685 -0.0524936 -0.173282 0.000182218
6.69 -0.0525936 -0.173282 0.000182565
6.695 -0.0526902 -0.173282 0.0001829
6.7 -0.0527818 -0.173282 0.000183218
6.705 -0.0528681 -0.173282 0.000183518
6.71 -0.0529507 -0.173282 0.000183805
6.715 -0.0530309 -0.173282 0.000184083
6.72 -0.0531087 -0.173282 0.000184353
6.725 -0.0531839 -0.173282 0.000184614
6.73 -0.0532565 -0.173282 0.000184867
6.735 -0.0533267 -0.173282 0.00018511
6.74 -0.0533933 -0.173282 0.000185341
6.745 -0.0534552 -0.173282 0.000185556
6.75 -0.0535124 -0.173282 0.000185755
6.755 -0.053566 -0.173282 0.000185941
6.76 -0.0536171 -0.173282 0.000186119
6.765 -0.0536652 -0.173282 0.000186286
6.77 -0.0537087 -0.173282 0.000186437
6.775 -0.0537468 -0.173282 0.000186569
6.78 -0.0537802 -0.173282 0.000186685
6.785 -0.05381 -0.173282 0.000186788
6.79 -0.0538367 -0.173282 0.000186881
6.795 -0.0538604 -0.173282 0.000186964
6.8 -0.0538804 -0.173282 0.000187033
6.805 -0.0538947 -0.173282 0.000187083
6.81 -0.0539025 -0.173282 0.00018711
6.815 -0.0539048 -0.173282 0.000187117
6.82 -0.0539033 -0.173282 0.000187112
6.825 -0.0538987 -0.173282 0.000187096
6.83 -0.0538905 -0.173282 0.000187068
6.835 -0.053878 -0.173282 0.000187024
6.84 -0.0538617 -0.173282 0.000186968
6.845 -0.0538418 -0.173282 0.000186899
6.85 -0.053818 -0.173282 0.000186816
6.855 -0.0537906 -0.173282 0.000186721
6.86 -0.0537609 -0.173282 0.000186618
6.865 -0.0537291 -0.173282 0.000186508
6.87 -0.0536937 -0.173282 0.000186385
6.875 -0.0536533 -0.173282 0.000186244
6.88 -0.0536082 -0.173282 0.000186088
6.885 -0.0535593 -0.173282 0.000185918
6.89 -0.0535077 -0.173282 0.000185739
6.895 -0.0534532 -0.173282 0.00018555
6.9 -0.0533943 -0.173282 0.000185345
6.905 -0.0533299 -0.173282 0.000185121
6.91 -0.053261 -0.173282 0.000184882
6.915 -0.0531886 -0.173282 0.000184631
6.92 -0.0531129 -0.173282 0.000184368
6.925 -0.0530332 -0.173282 0.000184091
