0.1 2.62954e-31 200 8.17124e-14 -2.62954e-31 -200 -8.17124e-14
0.2 -4.09039e-31 400 -7.99361e-14 4.09039e-31 -400 7.99361e-14
0.3 0 600 -1.54543e-13 -0 -600 1.54543e-13
0.4 7.59644e-31 800 -2.20268e-13 -7.59644e-31 -800 2.20268e-13
0.5 1.81146e-30 1000 -1.45661e-13 -1.81146e-30 -1000 1.45661e-13
0.6 6.42776e-31 1200 -1.56319e-13 -6.42776e-31 -1200 1.56319e-13
0.7 2.80484e-30 1400 -3.83693e-13 -2.80484e-30 -1400 3.83693e-13
0.8 3.50605e-31 1600 -2.27374e-13 -3.50605e-31 -1600 2.27374e-13
0.9 8.18078e-31 1800 -4.40536e-13 -8.18078e-31 -1800 4.40536e-13
1 4.67473e-31 2000 3.12639e-13 -4.67473e-31 -2000 -3.12639e-13
0.005 -2.20592e-05 2000 0.0095609 2.20592e-05 -2000 -3.13217e-05
0.01 -0.000110217 2000 0.0476727 0.000110217 -2000 -5.90081e-05
0.015 -0.000286544 2000 0.123835 0.000286544 -2000 -4.75921e-05
0.02 -0.000551136 2000 0.238129 0.000551136 -2000 -3.83769e-05
0.025 -0.000904053 2000 0.390582 0.000904053 -2000 -3.09569e-05
0.03 -0.00134535 2000 0.581215 0.00134535 -2000 -2.49953e-05
0.035 -0.00187506 2000 0.810045 0.00187506 -2000 -2.02134e-05
0.04 -0.00249322 2000 1.07709 0.00249322 -2000 -1.63867e-05
0.045 -0.00319986 2000 1.38235 0.00319986 -2000 -1.33342e-05
0.05 -0.003995 2000 1.72585 0.003995 -2000 -1.09101e-05
0.055 -0.00487863 2000 2.10758 0.00487863 -2000 -8.99683e-06
0.06 -0.00585075 2000 2.52753 0.00585075 -2000 -7.49967e-06
0.065 -0.00691136 2000 2.98571 0.00691136 -2000 -6.34227e-06
0.07 -0.00806043 2000 3.48211 0.00806043 -2000 -5.46311e-06
0.075 -0.00929797 2000 4.01673 0.00929797 -2000 -4.81258e-06
0.08 -0.0106239 2000 4.58953 0.0106239 -2000 -4.35071e-06
0.085 -0.0120382 2000 5.20051 0.0120382 -2000 -4.04524e-06
0.09 -0.0135408 2000 5.84964 0.0135408 -2000 -3.87018e-06
0.095 -0.0151316 2000 6.53687 0.0151316 -2000 -3.80455e-06
0.1 -0.0168106 2000 7.26217 0.0168106 -2000 -3.83142e-06
0.105 -0.0185776 2000 8.02551 0.0185776 -2000 -3.93712e-06
0.11 -0.0204325 2000 8.82685 0.0204325 -2000 -4.11064e-06
0.115 -0.0223753 2000 9.66615 0.0223753 -2000 -4.34309e-06
0.12 -0.024406 2000 10.5434 0.024406 -2000 -4.62727e-06
0.125 -0.0265242 2000 11.4585 0.0265242 -2000 -4.95734e-06
0.13 -0.02873 2000 12.4114 0.02873 -2000 -5.32852e-06
0.135 -0.0310232 2000 13.402 0.0310232 -2000 -5.73703e-06
0.14 -0.0334036 2000 14.4304 0.0334036 -2000 -6.17911e-06
0.145 -0.035871 2000 15.4963 0.035871 -2000 -6.65208e-06
0.15 -0.0384253 2000 16.5997 0.0384253 -2000 -7.15273e-06
0.155 -0.0410663 2000 17.7406 0.0410663 -2000 -7.6818e-06
0.16 -0.0437938 2000 18.9189 0.0437938 -2000 -8.23734e-06
0.165 -0.0466077 2000 20.1345 0.0466077 -2000 -8.81748e-06
0.17 -0.0495078 2000 21.3874 0.0495078 -2000 -9.42209e-06
0.175 -0.052494 2000 22.6774 0.052494 -2000 -1.00503e-05
0.18 -0.0555661 2000 24.0045 0.0555661 -2000 -1.07012e-05
0.185 -0.0587237 2000 25.3686 0.0587237 -2000 -1.13741e-05
0.19 -0.0619666 2000 26.7696 0.0619666 -2000 -1.20683e-05
0.195 -0.0652946 2000 28.2073 0.0652946 -2000 -1.27833e-05
0.2 -0.0687073 2000 29.6815 0.0687073 -2000 -1.35183e-05
0.205 -0.0722043 2000 31.1923 0.0722043 -2000 -1.4273e-05
0.21 -0.0757855 2000 32.7393 0.0757855 -2000 -1.50467e-05
0.215 -0.0794506 2000 34.3227 0.0794506 -2000 -1.58394e-05
0.22 -0.0831994 2000 35.9422 0.0831994 -2000 -1.66509e-05
0.225 -0.0870316 2000 37.5977 0.0870316 -2000 -1.74807e-05
0.23 -0.0909468 2000 39.289 0.0909468 -2000 -1.83282e-05
0.235 -0.0949446 2000 41.0161 0.0949446 -2000 -1.91931e-05
0.24 -0.099025 2000 42.7788 0.099025 -2000 -2.00753e-05
0.245 -0.103188 2000 44.5771 0.103188 -2000 -2.09748e-05
0.25 -0.107432 2000 46.4108 0.107432 -2000 -2.18912e-05
0.255 -0.111758 2000 48.2796 0.111758 -2000 -2.28236e-05
0.26 -0.116165 2000 50.1835 0.116165 -2000 -2.37718e-05
0.265 -0.120653 2000 52.1221 0.120653 -2000 -2.4735e-05
0.27 -0.125221 2000 54.0954 0.125221 -2000 -2.57128e-05
0.275 -0.129868 2000 56.1031 0.129868 -2000 -2.6705e-05
0.28 -0.134596 2000 58.1454 0.134596 -2000 -2.77118e-05
0.285 -0.139402 2000 60.2219 0.139402 -2000 -2.87333e-05
0.29 -0.144288 2000 62.3325 0.144288 -2000 -2.97687e-05
0.295 -0.149252 2000 64.4768 0.149252 -2000 -3.08167e-05
0.3 -0.154293 2000 66.6546 0.154293 -2000 -3.18767e-05
0.305 -0.159412 2000 68.8659 0.159412 -2000 -3.29487e-05
0.31 -0.164608 2000 71.1105 0.164608 -2000 -3.40328e-05
0.315 -0.16988 2000 73.3883 0.16988 -2000 -3.51292e-05
0.32 -0.175229 2000 75.6991 0.175229 -2000 -3.62371e-05
0.325 -0.180654 2000 78.0424 0.180654 -2000 -3.73555e-05
0.33 -0.186153 2000 80.4182 0.186153 -2000 -3.84836e-05
0.335 -0.191727 2000 82.8261 0.191727 -2000 -3.9621e-05
0.34 -0.197375 2000 85.2661 0.197375 -2000 -4.07677e-05
0.345 -0.203097 2000 87.7379 0.203097 -2000 -4.19235e-05
0.35 -0.208892 2000 90.2414 0.208892 -2000 -4.30878e-05
0.355 -0.21476 2000 92.7763 0.21476 -2000 -4.42607e-05
0.36 -0.2207 2000 95.3426 0.2207 -2000 -4.54423e-05
0.365 -0.226713 2000 97.94 0.226713 -2000 -4.66322e-05
0.37 -0.232796 2000 100.568 0.232796 -2000 -4.78294e-05
0.375 -0.238951 2000 103.227 0.238951 -2000 -4.90327e-05
0.38 -0.245175 2000 105.916 0.245175 -2000 -5.02414e-05
0.385 -0.251469 2000 108.635 0.251469 -2000 -5.14556e-05
0.39 -0.257832 2000 111.383 0.257832 -2000 -5.26756e-05
0.395 -0.264263 2000 114.162 0.264263 -2000 -5.39014e-05
0.4 -0.270763 2000 116.97 0.270763 -2000 -5.51325e-05
0.405 -0.27733 2000 119.806 0.27733 -2000 -5.63691e-05
0.41 -0.283964 2000 122.672 0.283964 -2000 -5.76121e-05
0.415 -0.290665 2000 125.567 0.290665 -2000 -5.88632e-05
0.42 -0.297432 2000 128.491 0.297432 -2000 -6.01235e-05
0.425 -0.304264 2000 131.442 0.304264 -2000 -6.13933e-05
0.43 -0.31116 2000 134.421 0.31116 -2000 -6.26737e-05
0.435 -0.318121 2000 137.428 0.318121 -2000 -6.3969e-05
0.44 -0.325144 2000 140.462 0.325144 -2000 -6.52866e-05
0.445 -0.332231 2000 143.524 0.332231 -2000 -6.66383e-05
0.45 -0.339381 2000 146.613 0.339381 -2000 -6.80347e-05
0.455 -0.346593 2000 149.728 0.346593 -2000 -6.94901e-05
0.46 -0.353867 2000 152.87 0.353867 -2000 -7.10205e-05
0.465 -0.3612 2000 156.039 0.3612 -2000 -7.26345e-05
0.47 -0.368593 2000 159.232 0.368593 -2000 -7.43466e-05
0.475 -0.376045 2000 162.452 0.376045 -2000 -7.61518e-05
0.48 -0.383555 2000 165.696 0.383555 -2000 -7.80388e-05
0.485 -0.391123 2000 168.965 0.391123 -2000 -7.9977e-05
0.49 -0.398748 2000 172.259 0.398748 -2000 -8.19265e-05
0.495 -0.406428 2000 175.577 0.406428 -2000 -8.38507e-05
0.5 -0.414164 2000 178.919 0.414164 -2000 -8.57309e-05
0.505 -0.421955 2000 182.285 0.421955 -2000 -8.75732e-05
0.51 -0.4298 2000 185.674 0.4298 -2000 -8.94066e-05
0.515 -0.437699 2000 189.086 0.437699 -2000 -9.12757e-05
0.52 -0.44565 2000 192.521 0.44565 -2000 -9.32225e-05
0.525 -0.453654 2000 195.978 0.453654 -2000 -9.52665e-05
0.53 -0.461709 2000 199.458 0.461709 -2000 -9.73913e-05
0.535 -0.469815 2000 202.96 0.469815 -2000 -9.95389e-05
0.54 -0.47797 2000 206.483 0.47797 -2000 -0.000101615
0.545 -0.486174 2000 210.027 0.486174 -2000 -0.000103513
0.55 -0.494426 2000 213.592 0.494426 -2000 -0.000105136
0.555 -0.502725 2000 217.177 0.502725 -2000 -0.000106428
0.56 -0.511072 2000 220.783 0.511072 -2000 -0.000107372
0.565 -0.519464 2000 224.408 0.519464 -2000 -0.000107996
0.57 -0.5279 2000 228.053 0.5279 -2000 -0.000108355
0.575 -0.536381 2000 231.717 0.536381 -2000 -0.000108525
0.58 -0.544904 2000 235.399 0.544904 -2000 -0.000108581
0.585 -0.55347 2000 239.099 0.55347 -2000 -0.000108588
0.59 -0.562079 2000 242.818 0.562079 -2000 -0.000108599
0.595 -0.570729 2000 246.555 0.570729 -2000 -0.000108652
0.6 -0.579421 2000 250.31 0.579421 -2000 -0.000108769
0.605 -0.588152 2000 254.082 0.588152 -2000 -0.000108958
0.61 -0.596921 2000 257.87 0.596921 -2000 -0.000109216
0.615 -0.605727 2000 261.674 0.605727 -2000 -0.000109542
0.62 -0.61457 2000 265.494 0.61457 -2000 -0.000109936
0.625 -0.623451 2000 269.331 0.623451 -2000 -0.000110385
0.63 -0.632368 2000 273.183 0.632368 -2000 -0.000110896
0.635 -0.641319 2000 277.05 0.641319 -2000 -0.00011145
0.64 -0.650304 2000 280.931 0.650304 -2000 -0.000112039
0.645 -0.659321 2000 284.827 0.659321 -2000 -0.000112656
0.65 -0.668369 2000 288.735 0.668369 -2000 -0.000113291
0.655 -0.677446 2000 292.657 0.677446 -2000 -0.00011394
0.66 -0.686552 2000 296.591 0.686552 -2000 -0.000114595
0.665 -0.695688 2000 300.537 0.695688 -2000 -0.000115257
0.67 -0.704853 2000 304.497 0.704853 -2000 -0.000115923
0.675 -0.714046 2000 308.468 0.714046 -2000 -0.000116583
0.68 -0.723268 2000 312.452 0.723268 -2000 -0.000117232
0.685 -0.732515 2000 316.447 0.732515 -2000 -0.000117866
0.69 -0.741788 2000 320.453 0.741788 -2000 -0.000118484
0.695 -0.751088 2000 324.47 0.751088 -2000 -0.00011909
0.7 -0.760412 2000 328.498 0.760412 -2000 -0.000119684
0.705 -0.769759 2000 332.536 0.769759 -2000 -0.000120264
0.71 -0.779128 2000 336.583 0.779128 -2000 -0.000120829
0.715 -0.788518 2000 340.64 0.788518 -2000 -0.000121381
0.72 -0.797929 2000 344.706 0.797929 -2000 -0.000121928
0.725 -0.80736 2000 348.779 0.80736 -2000 -0.000122471
0.73 -0.816807 2000 352.861 0.816807 -2000 -0.000123002
0.735 -0.82627 2000 356.949 0.82627 -2000 -0.00012352
0.74 -0.835748 2000 361.043 0.835748 -2000 -0.000124027
0.745 -0.84524 2000 365.144 0.84524 -2000 -0.000124524
0.75 -0.854745 2000 369.25 0.854745 -2000 -0.000125008
0.755 -0.864262 2000 373.362 0.864262 -2000 -0.000125473
0.76 -0.873791 2000 377.478 0.873791 -2000 -0.00012592
0.765 -0.883332 2000 381.599 0.883332 -2000 -0.000126353
0.77 -0.892883 2000 385.726 0.892883 -2000 -0.000126769
0.775 -0.902443 2000 389.855 0.902443 -2000 -0.000127162
0.78 -0.912011 2000 393.989 0.912011 -2000 -0.000127529
0.785 -0.921588 2000 398.126 0.921588 -2000 -0.000127873
0.79 -0.931173 2000 402.267 0.931173 -2000 -0.000128198
0.795 -0.940766 2000 406.411 0.940766 -2000 -0.000128502
0.8 -0.950364 2000 410.557 0.950364 -2000 -0.000128784
0.805 -0.959968 2000 414.706 0.959968 -2000 -0.000129033
0.81 -0.969578 2000 418.858 0.969578 -2000 -0.00012925
0.815 -0.979191 2000 423.011 0.979191 -2000 -0.000129438
0.82 -0.988806 2000 427.164 0.988806 -2000 -0.000129595
0.825 -0.998421 2000 431.318 0.998421 -2000 -0.000129722
0.83 -1.00803 2000 435.471 1.00803 -2000 -0.000129817
0.835 -1.01765 2000 439.623 1.01765 -2000 -0.000129877
0.84 -1.02726 2000 443.775 1.02726 -2000 -0.00012991
0.845 -1.03686 2000 447.924 1.03686 -2000 -0.000129915
0.85 -1.04646 2000 452.072 1.04646 -2000 -0.000129893
0.855 -1.05606 2000 456.217 1.05606 -2000 -0.000129847
0.86 -1.06565 2000 460.36 1.06565 -2000 -0.00012978
0.865 -1.07523 2000 464.5 1.07523 -2000 -0.000129688
0.87 -1.08481 2000 468.637 1.08481 -2000 -0.000129569
0.875 -1.09437 2000 472.769 1.09437 -2000 -0.000129421
0.88 -1.10393 2000 476.896 1.10393 -2000 -0.000129241
0.885 -1.11347 2000 481.018 1.11347 -2000 -0.000129033
0.89 -1.123 2000 485.136 1.123 -2000 -0.000128801
0.895 -1.13252 2000 489.247 1.13252 -2000 -0.000128547
0.9 -1.14202 2000 493.354 1.14202 -2000 -0.000128275
0.905 -1.15152 2000 497.455 1.15152 -2000 -0.000127993
0.91 -1.16099 2000 501.55 1.16099 -2000 -0.000127699
0.915 -1.17046 2000 505.638 1.17046 -2000 -0.00012738
0.92 -1.1799 2000 509.717 1.1799 -2000 -0.000127028
0.925 -1.18932 2000 513.788 1.18932 -2000 -0.000126654
0.93 -1.19873 2000 517.852 1.19873 -2000 -0.00012626
0.935 -1.20812 2000 521.908 1.20812 -2000 -0.000125858
0.94 -1.21749 2000 525.955 1.21749 -2000 -0.000125431
0.945 -1.22684 2000 529.993 1.22684 -2000 -0.000124975
0.95 -1.23616 2000 534.021 1.23616 -2000 -0.000124489
0.955 -1.24546 2000 538.038 1.24546 -2000 -0.000123978
0.96 -1.25473 2000 542.045 1.25473 -2000 -0.000123437
0.965 -1.26398 2000 546.039 1.26398 -2000 -0.000122867
0.97 -1.2732 2000 550.022 1.2732 -2000 -0.000122267
0.975 -1.28239 2000 553.994 1.28239 -2000 -0.000121646
0.98 -1.29156 2000 557.953 1.29156 -2000 -0.000121004
0.985 -1.30069 2000 561.899 1.30069 -2000 -0.000120339
0.99 -1.3098 2000 565.832 1.3098 -2000 -0.00011965
0.995 -1.31887 2000 569.753 1.31887 -2000 -0.000118946
1 -1.32792 2000 573.66 1.32792 -2000 -0.000118226
1.005 -1.33693 2000 577.554 1.33693 -2000 -0.000117489
1.01 -1.34591 2000 581.433 1.34591 -2000 -0.000116735
1.015 -1.35486 2000 585.299 1.35486 -2000 -0.000115968
1.02 -1.36377 2000 589.149 1.36377 -2000 -0.000115183
1.025 -1.37265 2000 592.984 1.37265 -2000 -0.000114377
1.03 -1.38149 2000 596.803 1.38149 -2000 -0.000113549
1.035 -1.39029 2000 600.607 1.39029 -2000 -0.000112701
1.04 -1.39906 2000 604.393 1.39906 -2000 -0.000111837
1.045 -1.40778 2000 608.163 1.40778 -2000 -0.000110953
1.05 -1.41647 2000 611.914 1.41647 -2000 -0.00011004
1.055 -1.42511 2000 615.646 1.42511 -2000 -0.000109099
1.06 -1.4337 2000 619.36 1.4337 -2000 -0.000108133
1.065 -1.44225 2000 623.054 1.44225 -2000 -0.000107146
1.07 -1.45076 2000 626.729 1.45076 -2000 -0.000106142
1.075 -1.45922 2000 630.385 1.45922 -2000 -0.000105127
1.08 -1.46764 2000 634.022 1.46764 -2000 -0.000104107
1.085 -1.47602 2000 637.639 1.47602 -2000 -0.000103075
1.09 -1.48434 2000 641.235 1.48434 -2000 -0.000102022
1.095 -1.49261 2000 644.808 1.49261 -2000 -0.000100941
1.1 -1.50083 2000 648.359 1.50083 -2000 -9.98349e-05
1.105 -1.509 2000 651.888 1.509 -2000 -9.87182e-05
1.11 -1.51712 2000 655.396 1.51712 -2000 -9.75951e-05
1.115 -1.52519 2000 658.88 1.52519 -2000 -9.64537e-05
1.12 -1.53319 2000 662.34 1.53319 -2000 -9.52859e-05
1.125 -1.54114 2000 665.775 1.54114 -2000 -9.40976e-05
1.13 -1.54904 2000 669.185 1.54904 -2000 -9.2894e-05
1.135 -1.55688 2000 672.57 1.55688 -2000 -9.16747e-05
1.14 -1.56465 2000 675.93 1.56465 -2000 -9.04421e-05
1.145 -1.57237 2000 679.265 1.57237 -2000 -8.91997e-05
1.15 -1.58003 2000 682.574 1.58003 -2000 -8.79472e-05
1.155 -1.58763 2000 685.855 1.58763 -2000 -8.66828e-05
1.16 -1.59516 2000 689.11 1.59516 -2000 -8.54043e-05
1.165 -1.60263 2000 692.337 1.60263 -2000 -8.4109e-05
1.17 -1.61003 2000 695.535 1.61003 -2000 -8.28003e-05
1.175 -1.61738 2000 698.707 1.61738 -2000 -8.14913e-05
1.18 -1.62466 2000 701.853 1.62466 -2000 -8.01969e-05
1.185 -1.63188 2000 704.974 1.63188 -2000 -7.89211e-05
1.19 -1.63905 2000 708.068 1.63905 -2000 -7.76536e-05
1.195 -1.64614 2000 711.133 1.64614 -2000 -7.63772e-05
1.2 -1.65317 2000 714.168 1.65317 -2000 -7.50802e-05
1.205 -1.66012 2000 717.172 1.66012 -2000 -7.37661e-05
1.21 -1.66701 2000 720.147 1.66701 -2000 -7.24466e-05
1.215 -1.67382 2000 723.092 1.67382 -2000 -7.11251e-05
1.22 -1.68057 2000 726.006 1.68057 -2000 -6.97968e-05
1.225 -1.68724 2000 728.889 1.68724 -2000 -6.8461e-05
1.23 -1.69385 2000 731.741 1.69385 -2000 -6.71271e-05
1.235 -1.70038 2000 734.563 1.70038 -2000 -6.58012e-05
1.24 -1.70684 2000 737.354 1.70684 -2000 -6.44792e-05
1.245 -1.71323 2000 740.113 1.71323 -2000 -6.31562e-05
1.25 -1.71954 2000 742.84 1.71954 -2000 -6.18287e-05
1.255 -1.72577 2000 745.532 1.72577 -2000 -6.04931e-05
1.26 -1.73192 2000 748.191 1.73192 -2000 -5.91524e-05
1.265 -1.738 2000 750.817 1.738 -2000 -5.78152e-05
1.27 -1.744 2000 753.409 1.744 -2000 -5.64837e-05
1.275 -1.74992 2000 755.968 1.74992 -2000 -5.51535e-05
1.28 -1.75577 2000 758.492 1.75577 -2000 -5.38258e-05
1.285 -1.76153 2000 760.982 1.76153 -2000 -5.2506e-05
1.29 -1.76722 2000 763.437 1.76722 -2000 -5.11943e-05
1.295 -1.77282 2000 765.858 1.77282 -2000 -4.98878e-05
1.3 -1.77834 2000 768.243 1.77834 -2000 -4.85874e-05
1.305 -1.78378 2000 770.594 1.78378 -2000 -4.72989e-05
1.31 -1.78915 2000 772.911 1.78915 -2000 -4.60254e-05
1.315 -1.79442 2000 775.192 1.79442 -2000 -4.47603e-05
1.32 -1.79962 2000 777.435 1.79962 -2000 -4.34982e-05
1.325 -1.80473 2000 779.644 1.80473 -2000 -4.22471e-05
1.33 -1.80977 2000 781.819 1.80977 -2000 -4.10189e-05
1.335 -1.81472 2000 783.959 1.81472 -2000 -3.9812e-05
1.34 -1.81959 2000 786.062 1.81959 -2000 -3.86123e-05
1.345 -1.82436 2000 788.125 1.82436 -2000 -3.7408e-05
1.35 -1.82905 2000 790.149 1.82905 -2000 -3.62013e-05
1.355 -1.83365 2000 792.136 1.83365 -2000 -3.5005e-05
1.36 -1.83816 2000 794.087 1.83816 -2000 -3.38297e-05
1.365 -1.84259 2000 796 1.84259 -2000 -3.26749e-05
1.37 -1.84693 2000 797.875 1.84693 -2000 -3.15328e-05
1.375 -1.85118 2000 799.71 1.85118 -2000 -3.03967e-05
1.38 -1.85534 2000 801.506 1.85534 -2000 -2.92698e-05
1.385 -1.85941 2000 803.264 1.85941 -2000 -2.81634e-05
1.39 -1.86339 2000 804.986 1.86339 -2000 -2.70838e-05
1.395 -1.86729 2000 806.67 1.86729 -2000 -2.60257e-05
1.4 -1.8711 2000 808.315 1.8711 -2000 -2.49842e-05
1.405 -1.87482 2000 809.921 1.87482 -2000 -2.39596e-05
1.41 -1.87845 2000 811.488 1.87845 -2000 -2.29537e-05
1.415 -1.88198 2000 813.017 1.88198 -2000 -2.19674e-05
1.42 -1.88544 2000 814.508 1.88544 -2000 -2.10019e-05
1.425 -1.88879 2000 815.959 1.88879 -2000 -2.00542e-05
1.43 -1.89205 2000 817.367 1.89205 -2000 -1.91168e-05
1.435 -1.89522 2000 818.734 1.89522 -2000 -1.81888e-05
1.44 -1.89829 2000 820.061 1.89829 -2000 -1.72797e-05
1.445 -1.90127 2000 821.348 1.90127 -2000 -1.63943e-05
1.45 -1.90415 2000 822.593 1.90415 -2000 -1.55288e-05
1.455 -1.90694 2000 823.796 1.90694 -2000 -1.46784e-05
1.46 -1.90962 2000 824.956 1.90962 -2000 -1.38428e-05
1.465 -1.91221 2000 826.074 1.91221 -2000 -1.30282e-05
1.47 -1.9147 2000 827.152 1.9147 -2000 -1.22402e-05
1.475 -1.9171 2000 828.188 1.9171 -2000 -1.14759e-05
1.48 -1.91939 2000 829.178 1.91939 -2000 -1.07269e-05
1.485 -1.92158 2000 830.121 1.92158 -2000 -9.98887e-06
1.49 -1.92365 2000 831.016 1.92365 -2000 -9.26371e-06
1.495 -1.92561 2000 831.864 1.92561 -2000 -8.55789e-06
1.5 -1.92748 2000 832.67 1.92748 -2000 -7.88011e-06
1.505 -1.92924 2000 833.433 1.92924 -2000 -7.23457e-06
1.51 -1.93091 2000 834.153 1.93091 -2000 -6.61982e-06
1.515 -1.93247 2000 834.829 1.93247 -2000 -6.03422e-06
1.52 -1.93394 2000 835.461 1.93394 -2000 -5.47629e-06
1.525 -1.93529 2000 836.046 1.93529 -2000 -4.9431e-06
1.53 -1.93654 2000 836.584 1.93654 -2000 -4.43414e-06
1.535 -1.93768 2000 837.076 1.93768 -2000 -3.95209e-06
1.54 -1.93871 2000 837.524 1.93871 -2000 -3.49981e-06
1.545 -1.93965 2000 837.928 1.93965 -2000 -3.07848e-06
1.55 -1.94048 2000 838.288 1.94048 -2000 -2.68801e-06
1.555 -1.94121 2000 838.603 1.94121 -2000 -2.32733e-06
1.56 -1.94183 2000 838.871 1.94183 -2000 -1.99536e-06
1.565 -1.94235 2000 839.093 1.94235 -2000 -1.69221e-06
1.57 -1.94275 2000 839.269 1.94275 -2000 -1.41852e-06
1.575 -1.94305 2000 839.399 1.94305 -2000 -1.17524e-06
1.58 -1.94325 2000 839.483 1.94325 -2000 -9.62455e-07
1.585 -1.94334 2000 839.522 1.94334 -2000 -7.80674e-07
1.59 -1.94332 2000 839.514 1.94332 -2000 -1.3253e-05
1.595 -1.94318 2000 839.454 1.94318 -2000 -2.61981e-05
1.6 -1.94293 2000 839.345 1.94293 -2000 -2.1126e-05
1.605 -1.94256 2000 839.187 1.94256 -2000 -1.70471e-05
1.61 -1.94207 2000 838.975 1.94207 -2000 -1.37382e-05
1.615 -1.94146 2000 838.709 1.94146 -2000 -1.10716e-05
1.62 -1.94072 2000 838.392 1.94072 -2000 -8.92258e-06
1.625 -1.93987 2000 838.023 1.93987 -2000 -7.19069e-06
1.63 -1.93889 2000 837.602 1.93889 -2000 -5.79496e-06
1.635 -1.9378 2000 837.13 1.9378 -2000 -4.67014e-06
1.64 -1.93659 2000 836.605 1.93659 -2000 -3.76366e-06
1.645 -1.93525 2000 836.028 1.93525 -2000 -3.03312e-06
1.65 -1.93379 2000 835.396 1.93379 -2000 -2.44438e-06
1.655 -1.9322 2000 834.712 1.9322 -2000 -1.96992e-06
1.66 -1.9305 2000 833.976 1.9305 -2000 -1.58756e-06
1.665 -1.92867 2000 833.186 1.92867 -2000 -1.27941e-06
1.67 -1.92672 2000 832.342 1.92672 -2000 -1.03107e-06
1.675 -1.92464 2000 831.446 1.92464 -2000 -8.30935e-07
1.68 -1.92245 2000 830.497 1.92245 -2000 -6.69648e-07
1.685 -1.92013 2000 829.494 1.92013 -2000 -5.39668e-07
1.69 -1.91768 2000 828.438 1.91768 -2000 -4.34916e-07
1.695 -1.91511 2000 827.326 1.91511 -2000 -3.50496e-07
1.7 -1.91241 2000 826.16 1.91241 -2000 -2.82463e-07
1.705 -1.90958 2000 824.94 1.90958 -2000 -2.27635e-07
1.71 -1.90663 2000 823.664 1.90663 -2000 -1.83448e-07
1.715 -1.90354 2000 822.33 1.90354 -2000 -1.47839e-07
1.72 -1.90032 2000 820.936 1.90032 -2000 -1.19141e-07
1.725 -1.89694 2000 819.48 1.89694 -2000 -9.60138e-08
1.73 -1.89343 2000 817.963 1.89343 -2000 -7.73751e-08
1.735 -1.88979 2000 816.39 1.88979 -2000 -6.2354e-08
1.74 -1.88603 2000 814.765 1.88603 -2000 -5.0249e-08
1.745 -1.88215 2000 813.088 1.88215 -2000 -4.04925e-08
1.75 -1.87814 2000 811.357 1.87814 -2000 -3.26303e-08
1.755 -1.87401 2000 809.571 1.87401 -2000 -2.62936e-08
1.76 -1.86974 2000 807.728 1.86974 -2000 -2.1187e-08
1.765 -1.86535 2000 805.829 1.86535 -2000 -1.70701e-08
1.77 -1.86082 2000 803.876 1.86082 -2000 -1.37204e-08
1.775 -1.85618 2000 801.87 1.85618 -2000 -1.09488e-08
1.78 -1.85141 2000 799.811 1.85141 -2000 -8.63633e-09
1.785 -1.84653 2000 797.7 1.84653 -2000 -6.80403e-09
1.79 -1.84152 2000 795.535 1.84152 -2000 -5.45445e-09
1.795 -1.83639 2000 793.319 1.83639 -2000 -4.35973e-09
1.8 -1.83113 2000 791.049 1.83113 -2000 -3.50173e-09
1.805 -1.82575 2000 788.726 1.82575 -2000 -2.83041e-09
1.81 -1.82025 2000 786.346 1.82025 -2000 -2.26429e-09
1.815 -1.81461 2000 783.911 1.81461 -2000 -1.80888e-09
1.82 -1.80885 2000 781.422 1.80885 -2000 -1.46208e-09
1.825 -1.80298 2000 778.885 1.80298 -2000 -1.17452e-09
1.83 -1.797 2000 776.303 1.797 -2000 -9.3669e-10
1.835 -1.79091 2000 773.673 1.79091 -2000 -7.5316e-10
1.84 -1.7847 2000 770.992 1.7847 -2000 -5.98878e-10
1.845 -1.77838 2000 768.261 1.77838 -2000 -4.71111e-10
1.85 -1.77194 2000 765.478 1.77194 -2000 -3.67506e-10
1.855 -1.76538 2000 762.645 1.76538 -2000 -3.03906e-10
1.86 -1.7587 2000 759.759 1.7587 -2000 -2.49102e-10
1.865 -1.7519 2000 756.821 1.7519 -2000 -1.9927e-10
1.87 -1.74498 2000 753.833 1.74498 -2000 -1.57391e-10
1.875 -1.73796 2000 750.797 1.73796 -2000 -1.23626e-10
1.88 -1.73082 2000 747.713 1.73082 -2000 -9.65341e-11
1.885 -1.72356 2000 744.58 1.72356 -2000 -7.4473e-11
1.89 -1.7162 2000 741.399 1.7162 -2000 -5.81039e-11
1.895 -1.70872 2000 738.169 1.70872 -2000 -1.3631e-12
1.9 -1.70113 2000 734.89 1.70113 -2000 4.16216e-11
1.905 -1.69343 2000 731.562 1.69343 -2000 4.54895e-11
1.91 -1.68561 2000 728.183 1.68561 -2000 4.80255e-11
1.915 -1.67767 2000 724.752 1.67767 -2000 1.76503e-11
1.92 -1.66961 2000 721.273 1.66961 -2000 2.47152e-12
1.925 -1.66146 2000 717.749 1.66146 -2000 6.6752e-11
1.93 -1.65319 2000 714.178 1.65319 -2000 1.14695e-10
1.935 -1.6448 2000 710.555 1.6448 -2000 2.93763e-11
1.94 -1.6363 2000 706.88 1.6363 -2000 -2.78024e-11
1.945 -1.62766 2000 703.151 1.62766 -2000 7.99347e-11
1.95 -1.61891 2000 699.37 1.61891 -2000 1.57325e-10
1.955 -1.61004 2000 695.536 1.61004 -2000 3.57697e-11
1.96 -1.60104 2000 691.65 1.60104 -2000 -4.95406e-11
1.965 -1.59194 2000 687.717 1.59194 -2000 8.87312e-11
1.97 -1.58272 2000 683.736 1.58272 -2000 1.9076e-10
1.975 -1.5734 2000 679.708 1.5734 -2000 4.10853e-11
1.98 -1.56396 2000 675.63 1.56396 -2000 -6.25199e-11
1.985 -1.55441 2000 671.503 1.55441 -2000 9.71127e-11
1.99 -1.54474 2000 667.328 1.54474 -2000 -1.00804e-10
1.995 -1.53497 2000 663.107 1.53497 -2000 3.56465e-10
2 -1.5251 2000 658.845 1.5251 -2000 5.5903e-10
2.005 -1.51514 2000 654.54 1.51514 -2000 2.80674e-11
2.01 -1.50507 2000 650.192 1.50507 -2000 -3.51266e-10
2.015 -1.4949 2000 645.798 1.4949 -2000 5.94196e-10
2.02 -1.48463 2000 641.358 1.48463 -2000 1.27272e-09
2.025 -1.47425 2000 636.874 1.47425 -2000 8.3359e-10
2.03 -1.46376 2000 632.344 1.46376 -2000 3.73817e-10
2.035 -1.45317 2000 627.771 1.45317 -2000 1.44709e-11
2.04 -1.44249 2000 623.156 1.44249 -2000 -3.01719e-10
2.045 -1.43171 2000 618.499 1.43171 -2000 -2.32526e-10
2.05 -1.42082 2000 613.793 1.42082 -2000 -1.62796e-10
2.055 -1.40981 2000 609.039 1.40981 -2000 -1.19394e-10
2.06 -1.39871 2000 604.242 1.39871 -2000 -1.69385e-10
2.065 -1.38751 2000 599.404 1.38751 -2000 -2.04867e-10
2.07 -1.37622 2000 594.529 1.37622 -2000 -2.23423e-10
2.075 -1.36485 2000 589.614 1.36485 -2000 -2.31896e-10
2.08 -1.35338 2000 584.659 1.35338 -2000 -1.62765e-10
2.085 -1.34181 2000 579.662 1.34181 -2000 -1.11978e-10
2.09 -1.33015 2000 574.624 1.33015 -2000 -7.92233e-11
2.095 -1.31839 2000 569.543 1.31839 -2000 -5.70964e-11
2.1 -1.30653 2000 564.42 1.30653 -2000 -4.11252e-11
2.105 -1.29457 2000 559.255 1.29457 -2000 -2.85818e-11
2.11 -1.28252 2000 554.049 1.28252 -2000 -1.87434e-11
2.115 -1.27037 2000 548.8 1.27037 -2000 -9.5521e-12
2.12 -1.25812 2000 543.506 1.25812 -2000 5.5737e-13
2.125 -1.24576 2000 538.169 1.24576 -2000 1.10453e-11
2.13 -1.23331 2000 532.789 1.23331 -2000 3.12615e-06
2.135 -1.22076 2000 527.37 1.22076 -2000 3.75828e-05
2.14 -1.20813 2000 521.912 1.20813 -2000 2.70493e-05
2.145 -1.1954 2000 516.413 1.1954 -2000 -1.0981e-05
2.15 -1.18258 2000 510.872 1.18258 -2000 -1.99906e-05
2.155 -1.16965 2000 505.288 1.16965 -2000 -9.87043e-07
2.16 -1.15663 2000 499.664 1.15663 -2000 -4.24659e-06
2.165 -1.14353 2000 494.006 1.14353 -2000 -1.83715e-05
2.17 -1.13035 2000 488.313 1.13035 -2000 -1.98571e-05
2.175 -1.11709 2000 482.583 1.11709 -2000 -1.60009e-05
2.18 -1.10374 2000 476.818 1.10374 -2000 -1.28931e-05
2.185 -1.09032 2000 471.017 1.09032 -2000 -1.03883e-05
2.19 -1.07681 2000 465.181 1.07681 -2000 -8.36964e-06
2.195 -1.06321 2000 459.308 1.06321 -2000 -6.74257e-06
2.2 -1.04953 2000 453.397 1.04953 -2000 -5.43105e-06
2.205 -1.03576 2000 447.448 1.03576 -2000 -4.37377e-06
2.21 -1.0219 2000 441.463 1.0219 -2000 -3.52128e-06
2.215 -1.00798 2000 435.447 1.00798 -2000 -2.83371e-06
2.22 -0.993981 2000 429.4 0.993981 -2000 -2.2789e-06
2.225 -0.979909 2000 423.321 0.979909 -2000 -1.83089e-06
2.23 -0.965763 2000 417.21 0.965763 -2000 -1.46869e-06
2.235 -0.951548 2000 411.069 0.951548 -2000 -1.17534e-06
2.24 -0.937266 2000 404.899 0.937266 -2000 -9.37076e-07
2.245 -0.922913 2000 398.698 0.922913 -2000 -7.42697e-07
2.25 -0.908489 2000 392.467 0.908489 -2000 -5.83045e-07
2.255 -0.893996 2000 386.206 0.893996 -2000 -4.50577e-07
2.26 -0.879435 2000 379.916 0.879435 -2000 -3.39012e-07
2.265 -0.864801 2000 373.594 0.864801 -2000 -2.43012e-07
2.27 -0.850092 2000 367.24 0.850092 -2000 -1.57949e-07
2.275 -0.835311 2000 360.854 0.835311 -2000 -7.9706e-08
2.28 -0.820463 2000 354.44 0.820463 -2000 -4.50601e-09
2.285 -0.805546 2000 347.996 0.805546 -2000 7.13169e-08
2.29 -0.790555 2000 341.52 0.790555 -2000 1.51516e-07
2.295 -0.775495 2000 335.014 0.775495 -2000 2.40015e-07
2.3 -0.760373 2000 328.481 0.760373 -2000 3.40984e-07
2.305 -0.745193 2000 321.923 0.745193 -2000 4.59117e-07
2.31 -0.729959 2000 315.342 0.729959 -2000 5.99647e-07
2.315 -0.714669 2000 308.737 0.714669 -2000 7.69179e-07
2.32 -0.699322 2000 302.107 0.699322 -2000 9.75176e-07
2.325 -0.683911 2000 295.449 0.683911 -2000 1.22713e-06
2.33 -0.668429 2000 288.761 0.668429 -2000 2.04767e-06
2.335 -0.652876 2000 282.042 0.652876 -2000 0.000150884
2.34 -0.637256 2000 275.295 0.637256 -2000 2.87387e-05
2.345 -0.621575 2000 268.52 0.621575 -2000 -5.00915e-05
2.35 -0.605835 2000 261.721 0.605835 -2000 -3.90748e-05
2.355 -0.590039 2000 254.897 0.590039 -2000 -2.9902e-05
2.36 -0.574193 2000 248.051 0.574193 -2000 -2.21518e-05
2.365 -0.5583 2000 241.185 0.5583 -2000 -1.54725e-05
2.37 -0.54236 2000 234.3 0.54236 -2000 -9.56486e-06
2.375 -0.526373 2000 227.393 0.526373 -2000 -4.16869e-06
2.38 -0.510336 2000 220.465 0.510336 -2000 9.48627e-07
2.385 -0.494247 2000 213.515 0.494247 -2000 6.00065e-06
2.39 -0.478107 2000 206.542 0.478107 -2000 1.119e-05
2.395 -0.461911 2000 199.546 0.461911 -2000 1.67183e-05
2.4 -0.445664 2000 192.527 0.445664 -2000 2.27882e-05
2.405 -0.429372 2000 185.489 0.429372 -2000 2.9605e-05
2.41 -0.413041 2000 178.434 0.413041 -2000 8.0226e-05
2.415 -0.396678 2000 171.365 0.396678 -2000 -7.48665e-05
2.42 -0.380279 2000 164.281 0.380279 -2000 -0.000499256
2.425 -0.363847 2000 157.182 0.363847 -2000 -0.000211185
2.43 -0.347378 2000 150.067 0.347378 -2000 -0.000123726
2.435 -0.330868 2000 142.935 0.330868 -2000 -6.62907e-05
2.44 -0.314318 2000 135.785 0.314318 -2000 -1.37426e-05
2.445 -0.29773 2000 128.619 0.29773 -2000 3.59064e-05
2.45 -0.28111 2000 121.439 0.28111 -2000 8.43677e-05
2.455 -0.264467 2000 114.249 0.264467 -2000 0.000673302
2.46 -0.247801 2000 107.049 0.247801 -2000 0.000686685
2.465 -0.231112 2000 99.8396 0.231112 -2000 0.000643525
2.47 -0.214408 2000 92.6238 0.214408 -2000 0.000623171
2.475 -0.197693 2000 85.4026 0.197693 -2000 0.0006229
2.48 -0.180959 2000 78.1733 0.180959 -2000 0.000820724
2.485 -0.164217 2000 70.9423 0.164217 -2000 -0.000594655
2.49 -0.147454 2000 63.7022 0.147454 -2000 -0.00221012
2.495 -0.130702 2000 56.4643 0.130702 -2000 -0.00122702
2.5 -0.113966 2000 49.2333 0.113966 -2000 0.000188768
2.505 -0.0972466 2000 42.0099 0.0972466 -2000 0.000591442
2.51 -0.0805099 2000 34.7795 0.0805099 -2000 0.000767869
2.515 -0.0638076 2000 27.5629 0.0638076 -2000 0.00195227
2.52 -0.0471329 2000 20.3591 0.0471329 -2000 0.00230127
2.525 -0.0305077 2000 13.1763 0.0305077 -2000 0.00303619
2.53 -0.013914 2000 6.00786 0.013914 -2000 0.0030105
2.535 0.00266886 2000 -1.15579 -0.00266886 -2000 0.00284525
2.54 0.0192337 2000 -8.31199 -0.0192337 -2000 0.00304214
2.545 0.0357291 2000 -15.4382 -0.0357291 -2000 0.00317199
2.55 0.0522442 2000 -22.5725 -0.0522442 -2000 0.00298638
2.555 0.0686201 1999.99 -29.6474 -0.0686201 -1999.99 0.00347087
2.56 0.0848671 1999.99 -36.666 -0.0848671 -1999.99 0.00340578
2.565 0.100829 1999.99 -43.5608 -0.100829 -1999.99 0.00259687
2.57 0.116341 1999.99 -50.2626 -0.116341 -1999.99 0.0033468
2.575 0.131717 1999.99 -56.9056 -0.131717 -1999.99 0.00383037
2.58 0.147086 1999.99 -63.5446 -0.147086 -1999.99 0.00337632
2.585 0.162448 1999.99 -70.1803 -0.162448 -1999.99 0.00293281
2.59 0.177799 1999.99 -76.8118 -0.177799 -1999.99 0.00249912
2.595 0.193141 2000 -83.4389 -0.193141 -2000 0.00207469
2.6 0.20847 2000 -90.0607 -0.20847 -2000 0.00166186
2.605 0.223786 2000 -96.6766 -0.223786 -2000 0.00126496
2.61 0.239086 2000 -103.286 -0.239086 -2000 0.000889326
2.615 0.25436 2000 -109.884 -0.25436 -2000 0.000540634
2.62 0.269599 2000 -116.467 -0.269599 -2000 0.000224206
2.625 0.284809 2000 -123.038 -0.284809 -2000 -5.59569e-05
2.63 0.300004 2000 -129.602 -0.300004 -2000 -0.000297669
2.635 0.315194 2000 -136.163 -0.315194 -2000 -0.000500217
2.64 0.33038 2000 -142.724 -0.33038 -2000 -0.000663925
2.645 0.345559 2000 -149.281 -0.345559 -2000 -0.000790221
2.65 0.360723 2000 -155.831 -0.360723 -2000 -0.000881543
2.655 0.375865 2000 -162.373 -0.375865 -2000 -0.000941102
2.66 0.390988 2000 -168.906 -0.390988 -2000 -0.000972692
2.665 0.406094 2000 -175.432 -0.406094 -2000 -0.000980018
2.67 0.421186 2000 -181.951 -0.421186 -2000 -0.000966386
2.675 0.436261 2000 -188.464 -0.436261 -2000 -0.000935157
2.68 0.451314 2000 -194.967 -0.451314 -2000 -0.000889977
2.685 0.466337 2000 -201.457 -0.466337 -2000 -0.000834447
2.69 0.48133 2000 -207.934 -0.48133 -2000 -0.000771853
2.695 0.496304 2000 -214.403 -0.496304 -2000 -0.000705038
2.7 0.511266 2000 -220.866 -0.511266 -2000 -0.000636272
2.705 0.526212 2000 -227.323 -0.526212 -2000 -0.000567252
2.71 0.541139 2000 -233.771 -0.541139 -2000 -0.000499259
2.715 0.556038 2000 -240.208 -0.556038 -2000 -0.000433289
2.72 0.570904 2000 -246.63 -0.570904 -2000 -0.000370096
2.725 0.585746 2000 -253.042 -0.585746 -2000 -0.000310239
2.73 0.600582 2000 -259.451 -0.600582 -2000 -0.000254078
2.735 0.615423 2000 -265.862 -0.615423 -2000 -0.000201764
2.74 0.630246 2000 -272.266 -0.630246 -2000 -0.00015333
2.745 0.64503 2000 -278.653 -0.64503 -2000 -0.000108779
2.75 0.659781 2000 -285.025 -0.659781 -2000 -6.80464e-05
2.755 0.674514 2000 -291.39 -0.674514 -2000 -3.095e-05
2.76 0.689232 2000 -297.748 -0.689232 -2000 2.72268e-06
2.765 0.703921 2000 -304.094 -0.703921 -2000 3.31467e-05
2.77 0.718572 2000 -310.423 -0.718572 -2000 6.04886e-05
2.775 0.73318 2000 -316.734 -0.73318 -2000 8.49459e-05
2.78 0.747742 2000 -323.025 -0.747742 -2000 0.000106729
2.785 0.762261 2000 -329.297 -0.762261 -2000 0.000126062
2.79 0.776746 2000 -335.554 -0.776746 -2000 0.000143202
2.795 0.791198 2000 -341.798 -0.791198 -2000 0.000158389
2.8 0.805606 2000 -348.022 -0.805606 -2000 0.000171769
2.805 0.819961 2000 -354.224 -0.819961 -2000 0.000183453
2.81 0.834271 2000 -360.405 -0.834271 -2000 0.000193621
2.815 0.848545 2000 -366.572 -0.848545 -2000 0.000202502
2.82 0.862781 2000 -372.721 -0.862781 -2000 0.000210247
2.825 0.876969 2000 -378.851 -0.876969 -2000 0.000216928
2.83 0.891106 2000 -384.958 -0.891106 -2000 0.000222621
2.835 0.905199 2000 -391.046 -0.905199 -2000 0.000227459
2.84 0.919253 2000 -397.118 -0.919253 -2000 0.000231584
2.845 0.933268 2000 -403.172 -0.933268 -2000 0.000235075
2.85 0.947237 2000 -409.206 -0.947237 -2000 0.000237977
2.855 0.961156 2000 -415.22 -0.961156 -2000 0.000240334
2.86 0.975018 2000 -421.208 -0.975018 -2000 0.000242168
2.865 0.988809 2000 -427.166 -0.988809 -2000 0.000243426
2.87 1.00253 2000 -433.094 -1.00253 -2000 0.0002442
2.875 1.0162 2000 -439.001 -1.0162 -2000 0.000244637
2.88 1.02984 2000 -444.89 -1.02984 -2000 0.000244882
2.885 1.04343 2000 -450.761 -1.04343 -2000 0.00024497
2.89 1.05696 2000 -456.608 -1.05696 -2000 0.00024484
2.895 1.07042 2000 -462.423 -1.07042 -2000 0.000244399
2.9 1.0838 2000 -468.203 -1.0838 -2000 0.000243614
2.905 1.09711 2000 -473.953 -1.09711 -2000 0.000242572
2.91 1.11037 2000 -479.68 -1.11037 -2000 0.000241423
2.915 1.12357 2000 -485.385 -1.12357 -2000 0.000240223
2.92 1.13672 2000 -491.065 -1.13672 -2000 0.000238965
2.925 1.14982 2000 -496.722 -1.14982 -2000 0.000237642
2.93 1.16286 2000 -502.354 -1.16286 -2000 0.000236255
2.935 1.17584 2000 -507.962 -1.17584 -2000 0.00023481
2.94 1.18876 2000 -513.546 -1.18876 -2000 0.000233313
2.945 1.20163 2000 -519.103 -1.20163 -2000 0.000231759
2.95 1.21443 2000 -524.634 -1.21443 -2000 0.00023013
2.955 1.22717 2000 -530.136 -1.22717 -2000 0.000228427
2.96 1.23985 2000 -535.615 -1.23985 -2000 0.000226696
2.965 1.25247 2000 -541.069 -1.25247 -2000 0.000224968
2.97 1.26503 2000 -546.492 -1.26503 -2000 0.000223178
2.975 1.2775 2000 -551.878 -1.2775 -2000 0.000221238
2.98 1.28988 2000 -557.229 -1.28988 -2000 0.000219165
2.985 1.3022 2000 -562.552 -1.3022 -2000 0.000217051
2.99 1.31447 2000 -567.853 -1.31447 -2000 0.000215025
2.995 1.32669 2000 -573.132 -1.32669 -2000 0.000213088
3 1.33885 2000 -578.385 -1.33885 -2000 0.000211179
3.005 1.35095 2000 -583.609 -1.35095 -2000 0.000209237
3.01 1.36297 2000 -588.804 -1.36297 -2000 0.000207255
3.015 1.37493 2000 -593.972 -1.37493 -2000 0.000205262
3.02 1.38683 2000 -599.111 -1.38683 -2000 0.000203267
3.025 1.39865 2000 -604.217 -1.39865 -2000 0.000201214
3.03 1.41038 2000 -609.285 -1.41038 -2000 0.000199039
3.035 1.42202 2000 -614.313 -1.42202 -2000 0.000196733
3.04 1.43358 2000 -619.307 -1.43358 -2000 0.000194367
3.045 1.44507 2000 -624.272 -1.44507 -2000 0.000192027
3.05 1.4565 2000 -629.207 -1.4565 -2000 0.00018974
3.055 1.46785 2000 -634.111 -1.46785 -2000 0.000187474
3.06 1.47913 2000 -638.983 -1.47913 -2000 0.000185214
3.065 1.49034 2000 -643.826 -1.49034 -2000 0.000182977
3.07 1.50147 2000 -648.635 -1.50147 -2000 0.000180746
3.075 1.5125 2000 -653.401 -1.5125 -2000 0.000178424
3.08 1.52343 2000 -658.12 -1.52343 -2000 0.00017593
3.085 1.53425 2000 -662.796 -1.53425 -2000 0.000173308
3.09 1.54499 2000 -667.436 -1.54499 -2000 0.000170687
3.095 1.55566 2000 -672.046 -1.55566 -2000 0.000168161
3.1 1.56625 2000 -676.622 -1.56625 -2000 0.000165712
3.105 1.57677 2000 -681.163 -1.57677 -2000 0.000163284
3.11 1.5872 2000 -685.669 -1.5872 -2000 0.00016087
3.115 1.59755 2000 -690.143 -1.59755 -2000 0.000158508
3.12 1.60784 2000 -694.586 -1.60784 -2000 0.000156209
3.125 1.61804 2000 -698.993 -1.61804 -2000 0.000153934
3.13 1.62816 2000 -703.365 -1.62816 -2000 0.000151649
3.135 1.63821 2000 -707.705 -1.63821 -2000 0.000149393
3.14 1.64818 2000 -712.015 -1.64818 -2000 0.000147201
3.145 1.65808 2000 -716.289 -1.65808 -2000 0.000145031
3.15 1.66788 2000 -720.524 -1.66788 -2000 0.000142818
3.155 1.67759 2000 -724.718 -1.67759 -2000 0.000140544
3.16 1.68719 2000 -728.867 -1.68719 -2000 0.000138202
3.165 1.69669 2000 -732.969 -1.69669 -2000 0.000135769
3.17 1.70608 2000 -737.025 -1.70608 -2000 0.000133256
3.175 1.71537 2000 -741.039 -1.71537 -2000 0.000130724
3.18 1.72455 2000 -745.007 -1.72455 -2000 0.000128184
3.185 1.73361 2000 -748.921 -1.73361 -2000 0.000125565
3.19 1.74255 2000 -752.783 -1.74255 -2000 0.000122852
3.195 1.7514 2000 -756.603 -1.7514 -2000 0.00012016
3.2 1.76017 2000 -760.392 -1.76017 -2000 0.00011761
3.205 1.76886 2000 -764.147 -1.76886 -2000 0.000115207
3.21 1.77746 2000 -767.863 -1.77746 -2000 0.000112872
3.215 1.78595 2000 -771.532 -1.78595 -2000 0.000110522
3.22 1.79433 2000 -775.149 -1.79433 -2000 0.000108104
3.225 1.80258 2000 -778.714 -1.80258 -2000 0.000105614
3.23 1.81073 2000 -782.236 -1.81073 -2000 0.000103125
3.235 1.8188 2000 -785.722 -1.8188 -2000 0.000100734
3.24 1.8268 2000 -789.177 -1.8268 -2000 9.84876e-05
3.245 1.83472 2000 -792.601 -1.83472 -2000 9.63671e-05
3.25 1.84257 2000 -795.989 -1.84257 -2000 9.43245e-05
3.255 1.85031 2000 -799.336 -1.85031 -2000 9.23046e-05
3.26 1.85796 2000 -802.637 -1.85796 -2000 9.02534e-05
3.265 1.86549 2000 -805.891 -1.86549 -2000 8.81564e-05
3.27 1.87292 2000 -809.102 -1.87292 -2000 8.60484e-05
3.275 1.88026 2000 -812.273 -1.88026 -2000 8.39699e-05
3.28 1.88751 2000 -815.403 -1.88751 -2000 8.1932e-05
3.285 1.89465 2000 -818.489 -1.89465 -2000 7.99099e-05
3.29 1.90168 2000 -821.526 -1.90168 -2000 7.78584e-05
3.295 1.90859 2000 -824.511 -1.90859 -2000 7.57603e-05
3.3 1.91539 2000 -827.449 -1.91539 -2000 7.36503e-05
3.305 1.92209 2000 -830.342 -1.92209 -2000 7.15617e-05
3.31 1.92867 2000 -833.187 -1.92867 -2000 6.94936e-05
3.315 1.93515 2000 -835.985 -1.93515 -2000 6.74387e-05
3.32 1.94151 2000 -838.734 -1.94151 -2000 6.53967e-05
3.325 1.94778 2000 -841.441 -1.94778 -2000 6.3393e-05
3.33 1.95396 2000 -844.111 -1.95396 -2000 6.14772e-05
3.335 1.96006 2000 -846.746 -1.96006 -2000 5.9666e-05
3.34 1.96607 2000 -849.342 -1.96607 -2000 5.79235e-05
3.345 1.97198 2000 -851.894 -1.97198 -2000 5.62007e-05
3.35 1.97777 2000 -854.398 -1.97777 -2000 5.44733e-05
3.355 1.98347 2000 -856.858 -1.98347 -2000 5.27508e-05
3.36 1.98907 2000 -859.278 -1.98907 -2000 5.10657e-05
3.365 1.99459 2000 -861.662 -1.99459 -2000 4.94512e-05
3.37 2.00003 2000 -864.013 -2.00003 -2000 4.79171e-05
3.375 2.00538 2000 -866.325 -2.00538 -2000 4.64346e-05
3.38 2.01063 2000 -868.593 -2.01063 -2000 4.49608e-05
3.385 2.01578 2000 -870.816 -2.01578 -2000 4.34798e-05
3.39 2.02082 2000 -872.992 -2.02082 -2000 4.19928e-05
3.395 2.02573 2000 -875.117 -2.02573 -2000 4.04847e-05
3.4 2.03053 2000 -877.188 -2.03053 -2000 3.89438e-05
3.405 2.0352 2000 -879.207 -2.0352 -2000 3.73881e-05
3.41 2.03977 2000 -881.179 -2.03977 -2000 3.58473e-05
3.415 2.04423 2000 -883.108 -2.04423 -2000 3.43532e-05
3.42 2.04862 2000 -885.003 -2.04862 -2000 3.2943e-05
3.425 2.05293 2000 -886.866 -2.05293 -2000 3.16283e-05
3.43 2.05715 2000 -888.69 -2.05715 -2000 3.03776e-05
3.435 2.06128 2000 -890.472 -2.06128 -2000 2.91547e-05
3.44 2.06531 2000 -892.213 -2.06531 -2000 2.7953e-05
3.445 2.06924 2000 -893.91 -2.06924 -2000 2.67736e-05
3.45 2.07306 2000 -895.564 -2.07306 -2000 2.56091e-05
3.455 2.0768 2000 -897.177 -2.0768 -2000 2.44697e-05
3.46 2.08045 2000 -898.754 -2.08045 -2000 2.33778e-05
3.465 2.084 2000 -900.29 -2.084 -2000 2.23223e-05
3.47 2.08745 2000 -901.778 -2.08745 -2000 2.12721e-05
3.475 2.09079 2000 -903.223 -2.09079 -2000 2.02301e-05
3.48 2.09405 2000 -904.631 -2.09405 -2000 1.9225e-05
3.485 2.09722 2000 -905.999 -2.09722 -2000 1.82619e-05
3.49 2.10028 2000 -907.32 -2.10028 -2000 1.73123e-05
3.495 2.10321 2000 -908.587 -2.10321 -2000 1.63509e-05
3.5 2.10602 2000 -909.8 -2.10602 -2000 1.53786e-05
3.505 2.10871 2000 -910.963 -2.10871 -2000 1.44131e-05
3.51 2.1113 2000 -912.08 -2.1113 -2000 1.34754e-05
3.515 2.11378 2000 -913.152 -2.11378 -2000 1.25769e-05
3.52 2.11615 2000 -914.178 -2.11615 -2000 1.17127e-05
3.525 2.11841 2000 -915.153 -2.11841 -2000 1.08711e-05
3.53 2.12055 2000 -916.079 -2.12055 -2000 1.00512e-05
3.535 2.12258 2000 -916.957 -2.12258 -2000 9.26188e-06
3.54 2.1245 2000 -917.785 -2.1245 -2000 8.50384e-06
3.545 2.1263 2000 -918.562 -2.1263 -2000 7.77231e-06
3.55 2.12799 2000 -919.293 -2.12799 -2000 7.07422e-06
3.555 2.12959 2000 -919.981 -2.12959 -2000 6.4191e-06
3.56 2.13107 2000 -920.624 -2.13107 -2000 5.80434e-06
3.565 2.13246 2000 -921.224 -2.13246 -2000 5.22766e-06
3.57 2.13377 2000 -921.79 -2.13377 -2000 4.69756e-06
3.575 2.13501 2000 -922.326 -2.13501 -2000 4.21978e-06
3.58 2.13618 2000 -922.83 -2.13618 -2000 3.78703e-06
3.585 2.13726 2000 -923.296 -2.13726 -2000 3.38694e-06
3.59 2.13824 2000 -923.719 -2.13824 -2000 3.01057e-06
3.595 2.1391 2000 -924.093 -2.1391 -2000 2.65077e-06
3.6 2.13984 2000 -924.411 -2.13984 -2000 2.30429e-06
3.605 2.14045 2000 -924.675 -2.14045 -2000 1.97527e-06
3.61 2.14094 2000 -924.888 -2.14094 -2000 1.67036e-06
3.615 2.14132 2000 -925.052 -2.14132 -2000 1.39491e-06
3.62 2.14159 2000 -925.167 -2.14159 -2000 1.15075e-06
3.625 2.14173 2000 -925.228 -2.14173 -2000 9.3786e-07
3.63 2.14174 2000 -925.233 -2.14174 -2000 7.57303e-07
3.635 2.14162 2000 -925.18 -2.14162 -2000 6.0937e-05
3.64 2.14137 2000 -925.07 -2.14137 -2000 9.69535e-05
3.645 2.14099 2000 -924.91 -2.14099 -2000 7.81346e-05
3.65 2.14052 2000 -924.705 -2.14052 -2000 6.29684e-05
3.655 2.13996 2000 -924.461 -2.13996 -2000 5.07461e-05
3.66 2.13929 2000 -924.175 -2.13929 -2000 4.08962e-05
3.665 2.1385 2000 -923.832 -2.1385 -2000 3.29581e-05
3.67 2.13756 2000 -923.426 -2.13756 -2000 2.65609e-05
3.675 2.13649 2000 -922.962 -2.13649 -2000 2.14053e-05
3.68 2.1353 2000 -922.451 -2.1353 -2000 1.72505e-05
3.685 2.13402 2000 -921.895 -2.13402 -2000 1.39021e-05
3.69 2.13261 2000 -921.287 -2.13261 -2000 1.12037e-05
3.695 2.13106 2000 -920.618 -2.13106 -2000 9.02903e-06
3.7 2.12937 2000 -919.889 -2.12937 -2000 7.27648e-06
3.705 2.12756 2000 -919.107 -2.12756 -2000 5.86409e-06
3.71 2.12565 2000 -918.279 -2.12565 -2000 4.72586e-06
3.715 2.12362 2000 -917.405 -2.12362 -2000 3.80856e-06
3.72 2.1215 2000 -916.486 -2.1215 -2000 3.06931e-06
3.725 2.11928 2000 -915.528 -2.11928 -2000 2.47355e-06
3.73 2.11698 2000 -914.534 -2.11698 -2000 1.99343e-06
3.735 2.11458 2000 -913.497 -2.11458 -2000 1.6065e-06
3.74 2.11206 2000 -912.409 -2.11206 -2000 1.29467e-06
3.745 2.10942 2000 -911.268 -2.10942 -2000 1.04337e-06
3.75 2.10666 2000 -910.079 -2.10666 -2000 8.40851e-07
3.755 2.1038 2000 -908.841 -2.1038 -2000 6.7764e-07
3.76 2.10084 2000 -907.562 -2.10084 -2000 5.46109e-07
3.765 2.09779 2000 -906.245 -2.09779 -2000 4.40109e-07
3.77 2.09466 2000 -904.892 -2.09466 -2000 3.54682e-07
3.775 2.09143 2000 -903.5 -2.09143 -2000 2.85837e-07
3.78 2.08812 2000 -902.067 -2.08812 -2000 2.30355e-07
3.785 2.08469 2000 -900.587 -2.08469 -2000 1.85642e-07
3.79 2.08115 2000 -899.056 -2.08115 -2000 1.49609e-07
3.795 2.07749 2000 -897.474 -2.07749 -2000 1.20569e-07
3.8 2.07371 2000 -895.842 -2.07371 -2000 9.71661e-08
3.805 2.06981 2000 -894.159 -2.06981 -2000 7.83058e-08
3.81 2.06579 2000 -892.422 -2.06579 -2000 6.31071e-08
3.815 2.06166 2000 -890.635 -2.06166 -2000 5.08578e-08
3.82 2.05741 2000 -888.802 -2.05741 -2000 4.09856e-08
3.825 2.05305 2000 -886.918 -2.05305 -2000 3.303e-08
3.83 2.04857 2000 -884.98 -2.04857 -2000 2.66186e-08
3.835 2.04397 2000 -882.994 -2.04397 -2000 2.14557e-08
3.84 2.03927 2000 -880.963 -2.03927 -2000 1.72866e-08
3.845 2.03447 2000 -878.889 -2.03447 -2000 1.3856e-08
3.85 2.02957 2000 -876.775 -2.02957 -2000 1.10194e-08
3.855 2.02459 2000 -874.624 -2.02459 -2000 8.74724e-09
3.86 2.01952 2000 -872.434 -2.01952 -2000 7.01545e-09
3.865 2.01436 2000 -870.203 -2.01436 -2000 5.6711e-09
3.87 2.0091 2000 -867.93 -2.0091 -2000 4.56307e-09
3.875 2.00375 2000 -865.62 -2.00375 -2000 3.68372e-09
3.88 1.99831 2000 -863.269 -1.99831 -2000 2.98178e-09
3.885 1.99277 2000 -860.877 -1.99277 -2000 2.39661e-09
3.89 1.98714 2000 -858.442 -1.98714 -2000 1.91299e-09
3.895 1.9814 2000 -855.965 -1.9814 -2000 1.54045e-09
3.9 1.97555 2000 -853.438 -1.97555 -2000 1.24225e-09
3.905 1.96958 2000 -850.859 -1.96958 -2000 9.98094e-10
3.91 1.96351 2000 -848.235 -1.96351 -2000 8.08059e-10
3.915 1.95735 2000 -845.575 -1.95735 -2000 6.4708e-10
3.92 1.95111 2000 -842.877 -1.95111 -2000 5.14731e-10
3.925 1.94477 2000 -840.141 -1.94477 -2000 4.11055e-10
3.93 1.93836 2000 -837.37 -1.93836 -2000 3.44717e-10
3.935 1.93187 2000 -834.569 -1.93187 -2000 2.86932e-10
3.94 1.92531 2000 -831.736 -1.92531 -2000 2.35686e-10
3.945 1.91868 2000 -828.868 -1.91868 -2000 1.92758e-10
3.95 1.91197 2000 -825.971 -1.91197 -2000 1.5813e-10
3.955 1.9052 2000 -823.047 -1.9052 -2000 1.31351e-10
3.96 1.89836 2000 -820.089 -1.89836 -2000 1.09583e-10
3.965 1.89143 2000 -817.099 -1.89143 -2000 9.22247e-11
3.97 1.88444 2000 -814.078 -1.88444 -2000 4.75464e-11
3.975 1.87738 2000 -811.029 -1.87738 -2000 9.63134e-12
3.98 1.87025 2000 -807.95 -1.87025 -2000 -1.22436e-11
3.985 1.86305 2000 -804.839 -1.86305 -2000 -2.59738e-11
3.99 1.85577 2000 -801.694 -1.85577 -2000 3.38608e-11
3.995 1.84841 2000 -798.514 -1.84841 -2000 7.10663e-11
4 1.84097 2000 -795.298 -1.84097 -2000 -2.59034e-11
4.005 1.83343 2000 -792.042 -1.83343 -2000 -9.5169e-11
4.01 1.8258 2000 -788.747 -1.8258 -2000 3.02545e-11
4.015 1.81809 2000 -785.414 -1.81809 -2000 1.16052e-10
4.02 1.81028 2000 -782.042 -1.81028 -2000 -3.1484e-11
4.025 1.80238 2000 -778.627 -1.80238 -2000 -1.38515e-10
4.03 1.79439 2000 -775.175 -1.79439 -2000 3.02945e-11
4.035 1.78632 2000 -771.689 -1.78632 -2000 1.47878e-10
4.04 1.77817 2000 -768.171 -1.77817 -2000 -3.24633e-11
4.045 1.76994 2000 -764.616 -1.76994 -2000 -1.66793e-10
4.05 1.76163 2000 -761.023 -1.76163 -2000 3.07074e-11
4.055 1.75322 2000 -757.392 -1.75322 -2000 4.23619e-11
4.06 1.74474 2000 -753.726 -1.74474 -2000 7.48426e-11
4.065 1.73619 2000 -750.035 -1.73619 -2000 9.59368e-11
4.07 1.72761 2000 -746.328 -1.72761 -2000 -1.57996e-10
4.075 1.71899 2000 -742.604 -1.71899 -2000 -3.34744e-10
4.08 1.71031 2000 -738.854 -1.71031 -2000 5.07363e-11
4.085 1.70155 2000 -735.069 -1.70155 -2000 3.2961e-10
4.09 1.69271 2000 -731.249 -1.69271 -2000 -2.62808e-10
4.095 1.6838 2000 -727.401 -1.6838 -2000 -6.90709e-10
4.1 1.67484 2000 -723.531 -1.67484 -2000 4.86241e-10
4.105 1.66584 2000 -719.643 -1.66584 -2000 1.32698e-09
4.11 1.65678 2000 -715.729 -1.65678 -2000 7.15702e-10
4.115 1.64766 2000 -711.787 -1.64766 -2000 2.37875e-10
4.12 1.63848 2000 -707.822 -1.63848 -2000 -5.05017e-11
4.125 1.62926 2000 -703.839 -1.62926 -2000 -2.24263e-10
4.13 1.61998 2000 -699.833 -1.61998 -2000 -3.25207e-10
4.135 1.61064 2000 -695.796 -1.61064 -2000 -3.83499e-10
4.14 1.60122 2000 -691.729 -1.60122 -2000 -4.15141e-10
4.145 1.59175 2000 -687.636 -1.59175 -2000 -2.78724e-10
4.15 1.58223 2000 -683.522 -1.58223 -2000 -1.81039e-10
4.155 1.57267 2000 -679.392 -1.57267 -2000 -1.20974e-10
4.16 1.56307 2000 -675.245 -1.56307 -2000 -8.36365e-11
4.165 1.55342 2000 -671.079 -1.55342 -2000 -7.2807e-07
4.17 1.54373 2000 -666.892 -1.54373 -2000 -1.04156e-06
4.175 1.534 2000 -662.687 -1.534 -2000 -2.524e-06
4.18 1.52422 2000 -658.463 -1.52422 -2000 -3.03783e-06
4.185 1.51439 2000 -654.215 -1.51439 -2000 -2.44821e-06
4.19 1.5045 2000 -649.943 -1.5045 -2000 -1.97304e-06
4.195 1.49455 2000 -645.644 -1.49455 -2000 -9.73413e-08
4.2 1.48453 2000 -641.315 -1.48453 -2000 7.69374e-07
4.205 1.47444 2000 -636.957 -1.47444 -2000 6.20017e-07
4.21 1.46428 2000 -632.571 -1.46428 -2000 4.99652e-07
4.215 1.45407 2000 -628.159 -1.45407 -2000 4.02646e-07
4.22 1.44382 2000 -623.728 -1.44382 -2000 3.2447e-07
4.225 1.43352 2000 -619.282 -1.43352 -2000 1.10632e-06
4.23 1.42321 2000 -614.825 -1.42321 -2000 1.54088e-06
4.235 1.41287 2000 -610.358 -1.41287 -2000 1.24177e-06
4.24 1.40249 2000 -605.877 -1.40249 -2000 1.00072e-06
4.245 1.39209 2000 -601.381 -1.39209 -2000 8.06461e-07
4.25 1.38165 2000 -596.873 -1.38165 -2000 6.49906e-07
4.255 1.37119 2000 -592.355 -1.37119 -2000 5.2374e-07
4.26 1.36071 2000 -587.825 -1.36071 -2000 4.22062e-07
4.265 1.35018 2000 -583.279 -1.35018 -2000 3.40119e-07
4.27 1.33962 2000 -578.716 -1.33962 -2000 2.74081e-07
4.275 1.32902 2000 -574.138 -1.32902 -2000 2.20862e-07
4.28 1.3184 2000 -569.549 -1.3184 -2000 1.77972e-07
4.285 1.30775 2000 -564.949 -1.30775 -2000 1.43407e-07
4.29 1.29707 2000 -560.336 -1.29707 -2000 1.15552e-07
4.295 1.28636 2000 -555.708 -1.28636 -2000 9.3103e-08
4.3 1.27562 2000 -551.066 -1.27562 -2000 7.50114e-08
4.305 1.26485 2000 -546.415 -1.26485 -2000 6.04303e-08
4.31 1.25407 2000 -541.757 -1.25407 -2000 4.86807e-08
4.315 1.24326 2000 -537.089 -1.24326 -2000 3.92105e-08
4.32 1.23242 2000 -532.408 -1.23242 -2000 3.15785e-08
4.325 1.22155 2000 -527.711 -1.22155 -2000 2.54288e-08
4.33 1.21066 2000 -523.005 -1.21066 -2000 2.04716e-08
4.335 1.19976 2000 -518.296 -1.19976 -2000 1.64768e-08
4.34 1.18886 2000 -513.585 -1.18886 -2000 1.32584e-08
4.345 1.17794 2000 -508.871 -1.17794 -2000 1.0665e-08
4.35 1.167 2000 -504.144 -1.167 -2000 8.57376e-09
4.355 1.15601 2000 -499.398 -1.15601 -2000 6.88879e-09
4.36 1.14498 2000 -494.631 -1.14498 -2000 5.5314e-09
4.365 1.13393 2000 -489.858 -1.13393 -2000 4.43578e-09
4.37 1.12289 2000 -485.089 -1.12289 -2000 3.10563e-09
4.375 1.11187 2000 -480.326 -1.11187 -2000 3.76875e-09
4.38 1.10083 2000 -475.56 -1.10083 -2000 1.81217e-09
4.385 1.08979 2000 -470.789 -1.08979 -2000 1.71872e-09
4.39 1.07875 2000 -466.018 -1.07875 -2000 1.77789e-09
4.395 1.06771 2000 -461.251 -1.06771 -2000 6.81528e-10
4.4 1.05667 2000 -456.483 -1.05667 -2000 4.68918e-10
4.405 1.04561 2000 -451.705 -1.04561 -2000 9.01128e-10
4.41 1.03453 2000 -446.916 -1.03453 -2000 1.20111e-09
4.415 1.02344 2000 -442.124 -1.02344 -2000 1.86107e-10
4.42 1.01236 2000 -437.339 -1.01236 -2000 -5.40102e-10
4.425 1.00129 2000 -432.559 -1.00129 -2000 -9.72522e-10
4.43 0.990211 2000 -427.771 -0.990211 -2000 -5.75786e-10
4.435 0.979098 2000 -422.97 -0.979098 -2000 -2.7134e-10
4.44 0.967971 2000 -418.164 -0.967971 -2000 8.49835e-11
4.445 0.956856 2000 -413.362 -0.956856 -2000 3.14496e-10
4.45 0.945762 2000 -408.569 -0.945762 -2000 4.88097e-10
4.455 0.934682 2000 -403.783 -0.934682 -2000 4.66915e-10
4.46 0.923608 2000 -398.998 -0.923608 -2000 4.37453e-10
4.465 0.912533 2000 -394.214 -0.912533 -2000 4.44556e-10
4.47 0.901464 2000 -389.432 -0.901464 -2000 4.47112e-10
4.475 0.89041 2000 -384.657 -0.89041 -2000 4.43429e-10
4.48 0.879366 2000 -379.886 -0.879366 -2000 4.80863e-10
4.485 0.868304 2000 -375.107 -0.868304 -2000 5.02546e-10
4.49 0.857199 2000 -370.31 -0.857199 -2000 5.10138e-10
4.495 0.846053 2000 -365.495 -0.846053 -2000 5.09265e-10
4.5 0.834888 2000 -360.672 -0.834888 -2000 4.37578e-10
4.505 0.823726 2000 -355.85 -0.823726 -2000 3.8389e-10
4.51 0.812574 2000 -351.032 -0.812574 -2000 2.18927e-10
4.515 0.801429 2000 -346.217 -0.801429 -2000 1.03949e-10
4.52 0.790289 2000 -341.405 -0.790289 -2000 5.50959e-11
4.525 0.779168 2000 -336.601 -0.779168 -2000 2.62709e-11
4.53 0.768087 2000 -331.814 -0.768087 -2000 7.91861e-12
4.535 0.757054 2000 -327.047 -0.757054 -2000 -3.92382e-12
4.54 0.746057 2000 -322.297 -0.746057 -2000 -1.22253e-11
4.545 0.735084 2000 -317.556 -0.735084 -2000 -1.76827e-11
4.55 0.72413 2000 -312.824 -0.72413 -2000 -2.25376e-11
4.555 0.713194 2000 -308.1 -0.713194 -2000 -8.43747e-11
4.56 0.702277 2000 -303.384 -0.702277 -2000 -1.28898e-10
4.565 0.691377 2000 -298.675 -0.691377 -2000 -9.54129e-11
4.57 0.68048 2000 -293.967 -0.68048 -2000 -6.97879e-11
4.575 0.669576 2000 -289.257 -0.669576 -2000 -5.52266e-11
4.58 0.658673 2000 -284.547 -0.658673 -2000 -4.80959e-11
4.585 0.647796 2000 -279.848 -0.647796 -2000 -4.48372e-11
4.59 0.636963 2000 -275.168 -0.636963 -2000 -4.43155e-11
4.595 0.626176 2000 -270.508 -0.626176 -2000 -2.42855e-10
4.6 0.615434 2000 -265.868 -0.615434 -2000 -3.80925e-10
4.605 0.604745 2000 -261.25 -0.604745 -2000 -4.61547e-10
4.61 0.59411 2000 -256.655 -0.59411 -2000 -5.09661e-10
4.615 0.583523 2000 -252.082 -0.583523 -2000 -5.36412e-10
4.62 0.572976 2000 -247.526 -0.572976 -2000 -5.50435e-10
4.625 0.56246 2000 -242.983 -0.56246 -2000 -5.56968e-10
4.63 0.551973 2000 -238.452 -0.551973 -2000 -5.59262e-10
4.635 0.541511 2000 -233.933 -0.541511 -2000 -5.589e-10
4.64 0.531067 2000 -229.421 -0.531067 -2000 -5.58727e-10
4.645 0.520653 2000 -224.922 -0.520653 -2000 -5.58043e-10
4.65 0.510287 2000 -220.444 -0.510287 -2000 -5.55258e-10
4.655 0.499964 2000 -215.984 -0.499964 -2000 -5.53906e-10
4.66 0.489661 2000 -211.534 -0.489661 -2000 -4.03775e-10
4.665 0.479378 2000 -207.091 -0.479378 -2000 -3.02017e-10
4.67 0.46913 2000 -202.664 -0.46913 -2000 -2.42947e-10
4.675 0.458931 2000 -198.258 -0.458931 -2000 -2.11391e-10
4.68 0.44879 2000 -193.877 -0.44879 -2000 -1.96499e-10
4.685 0.438711 2000 -189.523 -0.438711 -2000 -1.92103e-10
4.69 0.428687 2000 -185.193 -0.428687 -2000 -1.94349e-10
4.695 0.418718 2000 -180.886 -0.418718 -2000 -2.02135e-10
4.7 0.408814 2000 -176.608 -0.408814 -2000 -2.12869e-10
4.705 0.398972 2000 -172.356 -0.398972 -2000 -2.2576e-10
4.71 0.389174 2000 -168.123 -0.389174 -2000 -2.39956e-10
4.715 0.379408 2000 -163.904 -0.379408 -2000 -2.57953e-10
4.72 0.36967 2000 -159.698 -0.36967 -2000 -2.77179e-10
4.725 0.359979 2000 -155.511 -0.359979 -2000 -4.46244e-10
4.73 0.350357 2000 -151.354 -0.350357 -2000 -4.44528e-10
4.735 0.340803 2000 -147.227 -0.340803 -2000 -4.40478e-10
4.74 0.331293 2000 -143.119 -0.331293 -2000 -4.48571e-10
4.745 0.321806 2000 -139.02 -0.321806 -2000 -5.74885e-10
4.75 0.31235 2000 -134.935 -0.31235 -2000 -6.74067e-10
4.755 0.302961 2000 -130.879 -0.302961 -2000 -7.46155e-10
4.76 0.293658 2000 -126.86 -0.293658 -2000 -8.73329e-10
4.765 0.28443 2000 -122.874 -0.28443 -2000 -9.69229e-10
4.77 0.275261 2000 -118.913 -0.275261 -2000 -1.21388e-09
4.775 0.266145 2000 -114.975 -0.266145 -2000 -1.39216e-09
4.78 0.257078 2000 -111.058 -0.257078 -2000 -1.50943e-09
4.785 0.248059 2000 -107.162 -0.248059 -2000 -1.59383e-09
4.79 0.239103 2000 -103.293 -0.239103 -2000 -1.59512e-09
4.795 0.230215 2000 -99.453 -0.230215 -2000 -1.38551e-09
4.8 0.221372 2000 -95.6325 -0.221372 -2000 -1.25644e-09
4.805 0.212554 2000 -91.8233 -0.212554 -2000 -1.20287e-09
4.81 0.203784 2000 -88.0346 -0.203784 -2000 -1.19523e-09
4.815 0.195091 2000 -84.2792 -0.195091 -2000 -1.21593e-09
4.82 0.186469 2000 -80.5547 -0.186469 -2000 -1.31377e-09
4.825 0.177896 2000 -76.8512 -0.177896 -2000 -1.59876e-09
4.83 0.169363 2000 -73.165 -0.169363 -2000 -1.81798e-09
4.835 0.16087 2000 -69.4959 -0.16087 -2000 -1.98131e-09
4.84 0.152416 2000 -65.8439 -0.152416 -2000 -2.11169e-09
4.845 0.144012 2000 -62.2132 -0.144012 -2000 -2.55749e-09
4.85 0.135671 2000 -58.6097 -0.135671 -2000 -2.0161e-09
4.855 0.127385 2000 -55.0302 -0.127385 -2000 -1.79767e-09
4.86 0.11914 2000 -51.4684 -0.11914 -2000 -1.98599e-09
4.865 0.110947 2000 -47.9291 -0.110947 -2000 -2.23767e-09
4.87 0.102832 2000 -44.4235 -0.102832 -2000 -2.43904e-09
4.875 0.0948069 2000 -40.9566 -0.0948069 -2000 -2.70918e-09
4.88 0.0868666 2000 -37.5264 -0.0868666 -2000 -2.92237e-09
4.885 0.0789915 2000 -34.1243 -0.0789915 -2000 -3.30199e-09
4.89 0.0711622 2000 -30.7421 -0.0711622 -2000 -3.9967e-09
4.895 0.0633877 2000 -27.3835 -0.0633877 -2000 -4.49796e-09
4.9 0.0556948 2000 -24.0601 -0.0556948 -2000 -4.90129e-09
4.905 0.0480884 2000 -20.7742 -0.0480884 -2000 -4.95081e-09
4.91 0.0405509 2000 -17.518 -0.0405509 -2000 -5.01187e-09
4.915 0.033073 2000 -14.2875 -0.033073 -2000 -5.0951e-09
4.92 0.0256632 2000 -11.0865 -0.0256632 -2000 -5.35254e-09
4.925 0.0183264 2000 -7.91701 -0.0183264 -2000 -5.67226e-09
4.93 0.0110496 2000 -4.77341 -0.0110496 -2000 -5.08657e-09
4.935 0.00382355 2000 -1.65177 -0.00382355 -2000 -4.78828e-09
4.94 -0.00333304 2000 1.43987 0.00333304 -2000 -5.29736e-09
4.945 -0.0103931 2000 4.4898 0.0103931 -2000 -5.71506e-09
4.95 -0.0173549 2000 7.4973 0.0173549 -2000 -6.01093e-09
4.955 -0.0242395 2000 10.4715 0.0242395 -2000 -6.24057e-09
4.96 -0.0310563 2000 13.4163 0.0310563 -2000 -6.49344e-09
4.965 -0.0377883 2000 16.3246 0.0377883 -2000 -7.01037e-09
4.97 -0.0444232 2000 19.1908 0.0444232 -2000 -7.39379e-09
4.975 -0.0509764 2000 22.0218 0.0509764 -2000 -7.79752e-09
4.98 -0.0574702 2000 24.8271 0.0574702 -2000 -8.10442e-09
4.985 -0.0639048 2000 27.6069 0.0639048 -2000 -8.35322e-09
4.99 -0.0702602 2000 30.3524 0.0702602 -2000 -8.9006e-09
4.995 -0.0765187 2000 33.0561 0.0765187 -2000 -9.26482e-09
5 -0.0826814 2000 35.7184 0.0826814 -2000 -9.19885e-09
5.005 -0.0887643 2000 38.3462 0.0887643 -2000 -9.16716e-09
5.01 -0.0947766 2000 40.9435 0.0947766 -2000 -9.19289e-09
5.015 -0.100705 2000 43.5046 0.100705 -2000 -9.28009e-09
5.02 -0.106532 2000 46.0218 0.106532 -2000 -9.58706e-09
5.025 -0.112261 2000 48.4968 0.112261 -2000 -9.81749e-09
5.03 -0.117912 2000 50.9378 0.117912 -2000 -1.00403e-08
5.035 -0.123493 2000 53.349 0.123493 -2000 -1.01101e-08
5.04 -0.128997 2000 55.7268 0.128997 -2000 -1.00326e-08
5.045 -0.134409 2000 58.0648 0.134409 -2000 -1.01439e-08
5.05 -0.139723 2000 60.3602 0.139723 -2000 -1.06292e-08
5.055 -0.144944 2000 62.6157 0.144944 -2000 -1.09038e-08
5.06 -0.150077 2000 64.8332 0.150077 -2000 -1.12411e-08
5.065 -0.15512 2000 67.0117 0.15512 -2000 -1.12098e-08
5.07 -0.160068 2000 69.1495 0.160068 -2000 -1.1167e-08
5.075 -0.164921 2000 71.246 0.164921 -2000 -1.11386e-08
5.08 -0.169684 2000 73.3033 0.169684 -2000 -1.11163e-08
5.085 -0.174364 2000 75.3253 0.174364 -2000 -1.11054e-08
5.09 -0.178965 2000 77.3128 0.178965 -2000 -1.10987e-08
5.095 -0.183478 2000 79.2624 0.183478 -2000 -1.10892e-08
5.1 -0.187895 2000 81.1708 0.187895 -2000 -1.10686e-08
5.105 -0.19222 2000 83.0392 0.19222 -2000 -1.10371e-08
5.11 -0.196462 2000 84.8715 0.196462 -2000 -1.10002e-08
5.115 -0.200615 2000 86.6658 0.200615 -2000 -1.09597e-08
5.12 -0.20466 2000 88.4131 0.20466 -2000 -1.08991e-08
5.125 -0.208579 2000 90.1059 0.208579 -2000 -1.08049e-08
5.13 -0.212374 2000 91.7458 0.212374 -2000 -1.06798e-08
5.135 -0.216074 2000 93.3439 0.216074 -2000 -1.05488e-08
5.14 -0.219704 2000 94.9122 0.219704 -2000 -1.01677e-08
5.145 -0.223275 2000 96.4547 0.223275 -2000 -9.84257e-09
5.15 -0.226777 2000 97.9676 0.226777 -2000 -9.68921e-09
5.155 -0.230196 2000 99.4447 0.230196 -2000 -9.4979e-09
5.16 -0.233526 2000 100.883 0.233526 -2000 -9.4772e-09
5.165 -0.236773 2000 102.286 0.236773 -2000 -9.53796e-09
5.17 -0.239944 2000 103.656 0.239944 -2000 -9.48161e-09
5.175 -0.24304 2000 104.993 0.24304 -2000 -8.89344e-09
5.18 -0.246052 2000 106.294 0.246052 -2000 -8.80056e-09
5.185 -0.248966 2000 107.553 0.248966 -2000 -8.71853e-09
5.19 -0.251782 2000 108.77 0.251782 -2000 -8.59601e-09
5.195 -0.254525 2000 109.955 0.254525 -2000 -8.39449e-09
5.2 -0.257227 2000 111.122 0.257227 -2000 -7.88329e-09
5.205 -0.259891 2000 112.273 0.259891 -2000 -7.52616e-09
5.21 -0.262478 2000 113.391 0.262478 -2000 -7.27344e-09
5.215 -0.264959 2000 114.462 0.264959 -2000 -7.05459e-09
5.22 -0.267342 2000 115.492 0.267342 -2000 -6.84743e-09
5.225 -0.269648 2000 116.488 0.269648 -2000 -6.90768e-09
5.23 -0.271873 2000 117.449 0.271873 -2000 -6.5383e-09
5.235 -0.274015 2000 118.374 0.274015 -2000 -6.21677e-09
5.24 -0.276087 2000 119.269 0.276087 -2000 -5.79743e-09
5.245 -0.278093 2000 120.136 0.278093 -2000 -5.52871e-09
5.25 -0.28003 2000 120.973 0.28003 -2000 -5.32262e-09
5.255 -0.281904 2000 121.783 0.281904 -2000 -5.15109e-09
5.26 -0.283718 2000 122.566 0.283718 -2000 -5.06343e-09
5.265 -0.285449 2000 123.314 0.285449 -2000 -5.04167e-09
5.27 -0.287071 2000 124.015 0.287071 -2000 -4.51231e-09
5.275 -0.28858 2000 124.667 0.28858 -2000 -3.90566e-09
5.28 -0.289981 2000 125.272 0.289981 -2000 -3.38746e-09
5.285 -0.291279 2000 125.833 0.291279 -2000 -3.51555e-09
5.29 -0.292481 2000 126.352 0.292481 -2000 -3.58086e-09
5.295 -0.29359 2000 126.831 0.29359 -2000 -3.56107e-09
5.3 -0.294601 2000 127.267 0.294601 -2000 -3.13754e-09
5.305 -0.295509 2000 127.66 0.295509 -2000 -2.72745e-09
5.31 -0.296319 2000 128.01 0.296319 -2000 -1.8374e-09
5.315 -0.297038 2000 128.321 0.297038 -2000 -1.27655e-09
5.32 -0.297667 2000 128.592 0.297667 -2000 -1.37749e-09
5.325 -0.2982 2000 128.822 0.2982 -2000 -1.36764e-09
5.33 -0.29863 2000 129.008 0.29863 -2000 -1.00026e-09
5.335 -0.298953 2000 129.148 0.298953 -2000 -7.23083e-10
5.34 -0.299166 2000 129.24 0.299166 -2000 -5.08689e-10
5.345 -0.299277 2000 129.288 0.299277 -2000 -3.36317e-10
5.35 -0.299313 2000 129.303 0.299313 -2000 -1.59616e-10
5.355 -0.299295 2000 129.295 0.299295 -2000 -1.04339e-09
5.36 -0.299214 2000 129.261 0.299214 -2000 -1.53908e-09
5.365 -0.299048 2000 129.189 0.299048 -2000 -1.23294e-09
5.37 -0.298787 2000 129.076 0.298787 -2000 -9.94141e-10
5.375 -0.298435 2000 128.924 0.298435 -2000 -8.01606e-10
5.38 -0.297988 2000 128.731 0.297988 -2000 -6.45743e-10
5.385 -0.297433 2000 128.491 0.297433 -2000 -5.21452e-10
5.39 -0.29677 2000 128.205 0.29677 -2000 -4.18978e-10
5.395 -0.296011 2000 127.877 0.296011 -2000 -3.37129e-10
5.4 -0.295165 2000 127.511 0.295165 -2000 1.84947e-10
5.405 -0.294233 2000 127.109 0.294233 -2000 -9.47255e-10
5.41 -0.293207 2000 126.665 0.293207 -2000 3.00598e-10
5.415 -0.292081 2000 126.179 0.292081 -2000 4.68791e-11
5.42 -0.290854 2000 125.649 0.290854 -2000 -2.2304e-10
5.425 -0.289527 2000 125.076 0.289527 -2000 -4.45088e-10
5.43 -0.288116 2000 124.466 0.288116 -2000 2.42236e-10
5.435 -0.286641 2000 123.829 0.286641 -2000 3.8595e-10
5.44 -0.285109 2000 123.167 0.285109 -2000 4.37393e-10
5.445 -0.283505 2000 122.474 0.283505 -2000 4.63954e-10
5.45 -0.281814 2000 121.744 0.281814 -2000 4.76106e-10
5.455 -0.280046 2000 120.98 0.280046 -2000 4.81034e-10
5.46 -0.278211 2000 120.187 0.278211 -2000 1.34643e-10
5.465 -0.276297 2000 119.36 0.276297 -2000 -9.64938e-11
5.47 -0.274293 2000 118.495 0.274293 -2000 -6.15174e-10
5.475 -0.272205 2000 117.592 0.272205 -2000 -9.57187e-10
5.48 -0.270053 2000 116.663 0.270053 -2000 -6.90211e-10
5.485 -0.267858 2000 115.714 0.267858 -2000 -4.79094e-10
5.49 -0.265623 2000 114.749 0.265623 -2000 -3.48519e-10
5.495 -0.263343 2000 113.764 0.263343 -2000 -3.16521e-11
5.5 -0.261012 2000 112.757 0.261012 -2000 1.82021e-10
5.505 -0.25862 2000 111.724 0.25862 -2000 -3.68177e-10
5.51 -0.256156 2000 110.659 0.256156 -2000 -3.1216e-11
5.515 -0.253623 2000 109.565 0.253623 -2000 2.40865e-10
5.52 -0.251014 2000 108.438 0.251014 -2000 -7.26507e-10
5.525 -0.248312 2000 107.271 0.248312 -2000 -2.17296e-10
5.53 -0.245516 2000 106.063 0.245516 -2000 2.06891e-10
5.535 -0.242639 2000 104.82 0.242639 -2000 -2.91696e-10
5.54 -0.239695 2000 103.548 0.239695 -2000 -6.60353e-10
5.545 -0.236688 2000 102.249 0.236688 -2000 -8.76818e-10
5.55 -0.233612 2000 100.92 0.233612 -2000 -3.18612e-10
5.555 -0.230451 2000 99.5548 0.230451 -2000 8.48741e-11
5.56 -0.227195 2000 98.1481 0.227195 -2000 3.26768e-10
5.565 -0.223845 2000 96.7008 0.223845 -2000 4.69365e-10
5.57 -0.220408 2000 95.2165 0.220408 -2000 5.51338e-10
5.575 -0.216891 2000 93.697 0.216891 -2000 5.94418e-10
5.58 -0.213306 2000 92.1483 0.213306 -2000 6.16829e-10
5.585 -0.209674 2000 90.579 0.209674 -2000 4.96972e-10
5.59 -0.205994 2000 88.9893 0.205994 -2000 4.10832e-10
5.595 -0.202245 2000 87.3698 0.202245 -2000 3.54558e-10
5.6 -0.19842 2000 85.7173 0.19842 -2000 3.18706e-10
5.605 -0.194535 2000 84.0392 0.194535 -2000 2.94198e-10
5.61 -0.190608 2000 82.3425 0.190608 -2000 2.76796e-10
5.615 -0.186634 2000 80.626 0.186634 -2000 1.38648e-10
5.62 -0.182598 2000 78.8823 0.182598 -2000 4.28173e-11
5.625 -0.178484 2000 77.1049 0.178484 -2000 -1.44167e-11
5.63 -0.17429 2000 75.2932 0.17429 -2000 -4.90149e-11
5.635 -0.170028 2000 73.4522 0.170028 -2000 -7.00962e-11
5.64 -0.165704 2000 71.584 0.165704 -2000 -8.12356e-11
5.645 -0.161307 2000 69.6846 0.161307 -2000 -8.77758e-11
5.65 -0.156832 2000 67.7514 0.156832 -2000 -9.06298e-11
5.655 -0.152284 2000 65.7866 0.152284 -2000 -9.17871e-11
5.66 -0.147667 2000 63.7923 0.147667 -2000 -9.25146e-11
5.665 -0.142982 2000 61.7683 0.142982 -2000 -9.16383e-11
5.67 -0.138236 2000 59.7181 0.138236 -2000 -9.03647e-11
5.675 -0.133438 2000 57.6451 0.133438 -2000 -8.95147e-11
5.68 -0.128576 2000 55.5447 0.128576 -2000 -8.79384e-11
5.685 -0.123634 2000 53.4101 0.123634 -2000 -8.57735e-11
5.69 -0.118617 2000 51.2426 0.118617 -2000 -8.44266e-11
5.695 -0.113544 2000 49.0509 0.113544 -2000 -8.25805e-11
5.7 -0.108434 2000 46.8434 0.108434 -2000 -8.1453e-11
5.705 -0.1033 2000 44.6256 0.1033 -2000 -7.93094e-11
5.71 -0.098143 2000 42.3978 0.098143 -2000 -7.89117e-11
5.715 -0.0929498 2000 40.1543 0.0929498 -2000 -7.70493e-11
5.72 -0.0876979 2000 37.8855 0.0876979 -2000 -7.42657e-11
5.725 -0.0823689 2000 35.5834 0.0823689 -2000 -7.35278e-11
5.73 -0.0769626 2000 33.2478 0.0769626 -2000 -7.14057e-11
5.735 -0.0714942 2000 30.8855 0.0714942 -2000 -6.96827e-11
5.74 -0.0659771 2000 28.5021 0.0659771 -2000 -6.93009e-11
5.745 -0.060412 2000 26.098 0.060412 -2000 -6.65513e-11
5.75 -0.0547972 2000 23.6724 0.0547972 -2000 -6.59752e-11
5.755 -0.0491409 2000 21.2289 0.0491409 -2000 -6.40577e-11
5.76 -0.0434535 2000 18.7719 0.0434535 -2000 -6.37609e-11
5.765 -0.0377396 2000 16.3035 0.0377396 -2000 -6.25444e-11
5.77 -0.031993 2000 13.821 0.031993 -2000 -6.18417e-11
5.775 -0.0261963 2000 11.3168 0.0261963 -2000 -6.00746e-11
5.78 -0.0203379 2000 8.78599 0.0203379 -2000 -5.79443e-11
5.785 -0.0144249 2000 6.23155 0.0144249 -2000 -5.68993e-11
5.79 -0.0084679 2000 3.65813 0.0084679 -2000 -5.60053e-11
5.795 -0.00246341 2000 1.06419 0.00246341 -2000 -5.50916e-11
5.8 0.0035974 2000 -1.55408 -0.0035974 -2000 -5.4768e-11
5.805 0.00971352 2000 -4.19624 -0.00971352 -2000 -5.31235e-11
5.81 0.0158777 2000 -6.85918 -0.0158777 -2000 -5.17428e-11
5.815 0.0220755 2000 -9.5366 -0.0220755 -2000 -5.00842e-11
5.82 0.0282791 2000 -12.2166 -0.0282791 -2000 -4.8e-11
5.825 0.0344674 2000 -14.8899 -0.0344674 -2000 -4.83361e-11
5.83 0.0406465 2000 -17.5593 -0.0406465 -2000 -4.74512e-11
5.835 0.0468337 2000 -20.2322 -0.0468337 -2000 -4.78104e-11
5.84 0.0530388 2000 -22.9128 -0.0530388 -2000 -4.54807e-11
5.845 0.0592689 2000 -25.6042 -0.0592689 -2000 -4.42008e-11
5.85 0.0655275 2000 -28.3079 -0.0655275 -2000 -4.36115e-11
5.855 0.0718146 2000 -31.0239 -0.0718146 -2000 -4.25915e-11
5.86 0.0781319 2000 -33.753 -0.0781319 -2000 -4.2278e-11
5.865 0.0844765 2000 -36.4938 -0.0844765 -2000 -4.11247e-11
5.87 0.0908376 2000 -39.2419 -0.0908376 -2000 -4.00967e-11
5.875 0.0972085 2000 -41.9941 -0.0972085 -2000 -3.94831e-11
5.88 0.10359 2000 -44.7509 -0.10359 -2000 -3.97366e-11
5.885 0.109983 2000 -47.5125 -0.109983 -2000 -3.79015e-11
5.89 0.116393 2000 -50.2817 -0.116393 -2000 -3.66885e-11
5.895 0.122833 2000 -53.0639 -0.122833 -2000 -3.63965e-11
5.9 0.129303 2000 -55.859 -0.129303 -2000 -3.54666e-11
5.905 0.135786 2000 -58.6596 -0.135786 -2000 -3.48269e-11
5.91 0.14227 2000 -61.4607 -0.14227 -2000 -3.43999e-11
5.915 0.148763 2000 -64.2656 -0.148763 -2000 -3.33997e-11
5.92 0.155285 2000 -67.0831 -0.155285 -2000 -3.32147e-11
5.925 0.161849 2000 -69.9186 -0.161849 -2000 -3.24761e-11
5.93 0.168448 2000 -72.7693 -0.168448 -2000 -3.22056e-11
5.935 0.175066 2000 -75.6285 -0.175066 -2000 -3.11894e-11
5.94 0.181696 2000 -78.4928 -0.181696 -2000 -3.01736e-11
5.945 0.188346 2000 -81.3655 -0.188346 -2000 -2.9016e-11
5.95 0.195025 2000 -84.2508 -0.195025 -2000 -2.80268e-11
5.955 0.201736 2000 -87.1498 -0.201736 -2000 -2.82502e-11
5.96 0.208472 2000 -90.06 -0.208472 -2000 -2.77134e-11
5.965 0.215227 2000 -92.978 -0.215227 -2000 -2.71984e-11
5.97 0.22199 2000 -95.8996 -0.22199 -2000 -2.70821e-11
5.975 0.228762 2000 -98.8253 -0.228762 -2000 -2.67865e-11
5.98 0.235558 2000 -101.761 -0.235558 -2000 -2.4623e-11
5.985 0.242389 2000 -104.712 -0.242389 -2000 -2.39463e-11
5.99 0.249253 2000 -107.677 -0.249253 -2000 -2.46306e-11
5.995 0.256141 2000 -110.653 -0.256141 -2000 -2.40665e-11
6 0.263038 2000 -113.632 -0.263038 -2000 -2.41222e-11
6.005 0.269938 2000 -116.613 -0.269938 -2000 -2.27588e-11
6.01 0.276846 2000 -119.598 -0.276846 -2000 -2.24588e-11
6.015 0.283768 2000 -122.588 -0.283768 -2000 -2.22316e-11
6.02 0.290705 2000 -125.585 -0.290705 -2000 -2.22478e-11
6.025 0.297654 2000 -128.587 -0.297654 -2000 -2.05713e-11
6.03 0.304608 2000 -131.591 -0.304608 -2000 -2.13974e-11
6.035 0.311568 2000 -134.597 -0.311568 -2000 -2.14249e-11
6.04 0.318544 2000 -137.611 -0.318544 -2000 -1.99851e-11
6.045 0.325544 2000 -140.635 -0.325544 -2000 -1.92418e-11
6.05 0.332575 2000 -143.673 -0.332575 -2000 -1.89023e-11
6.055 0.339644 2000 -146.726 -0.339644 -2000 -1.8294e-11
6.06 0.346741 2000 -149.792 -0.346741 -2000 -1.89413e-11
6.065 0.353841 2000 -152.859 -0.353841 -2000 -1.78041e-11
6.07 0.360924 2000 -155.919 -0.360924 -2000 -1.76807e-11
6.075 0.367985 2000 -158.969 -0.367985 -2000 -1.78691e-11
6.08 0.37502 2000 -162.009 -0.37502 -2000 -1.71543e-11
6.085 0.382015 2000 -165.03 -0.382015 -2000 -1.66082e-11
6.09 0.388967 2000 -168.034 -0.388967 -2000 -1.57291e-11
6.095 0.395891 2000 -171.025 -0.395891 -2000 -1.50538e-11
6.1 0.402798 2000 -174.009 -0.402798 -2000 -1.45547e-11
6.105 0.409695 2000 -176.988 -0.409695 -2000 -1.38764e-11
6.11 0.416596 2000 -179.97 -0.416596 -2000 -1.45605e-11
6.115 0.423502 2000 -182.953 -0.423502 -2000 -1.46974e-11
6.12 0.4304 2000 -185.933 -0.4304 -2000 -1.47709e-11
6.125 0.437284 2000 -188.907 -0.437284 -2000 -1.41538e-11
6.13 0.444163 2000 -191.879 -0.444163 -2000 -1.33305e-11
6.135 0.451049 2000 -194.853 -0.451049 -2000 -1.33354e-11
6.14 0.457941 2000 -197.831 -0.457941 -2000 -1.38917e-11
6.145 0.464836 2000 -200.809 -0.464836 -2000 -1.36843e-11
6.15 0.471728 2000 -203.786 -0.471728 -2000 -1.21885e-11
6.155 0.478606 2000 -206.758 -0.478606 -2000 -1.21091e-11
6.16 0.485463 2000 -209.72 -0.485463 -2000 -1.12014e-11
6.165 0.4923 2000 -212.674 -0.4923 -2000 -1.17251e-11
6.17 0.49911 2000 -215.615 -0.49911 -2000 -1.25652e-11
6.175 0.505872 2000 -218.537 -0.505872 -2000 -1.16838e-11
6.18 0.512579 2000 -221.434 -0.512579 -2000 -1.12298e-11
6.185 0.519258 2000 -224.319 -0.519258 -2000 -1.12997e-11
6.19 0.525938 2000 -227.205 -0.525938 -2000 -1.18485e-11
6.195 0.532612 2000 -230.088 -0.532612 -2000 -1.04858e-11
6.2 0.53925 2000 -232.956 -0.53925 -2000 -1.033e-11
6.205 0.545834 2000 -235.8 -0.545834 -2000 -9.905e-12
6.21 0.552381 2000 -238.628 -0.552381 -2000 -9.96532e-12
6.215 0.558909 2000 -241.449 -0.558909 -2000 -9.81515e-12
6.22 0.565413 2000 -244.259 -0.565413 -2000 -1.10616e-11
6.225 0.571881 2000 -247.053 -0.571881 -2000 -1.00893e-11
6.23 0.578318 2000 -249.834 -0.578318 -2000 -1.0342e-11
6.235 0.58474 2000 -252.608 -0.58474 -2000 5.41052e-11
6.24 0.591142 2000 -255.373 -0.591142 -2000 9.84435e-11
6.245 0.597512 2000 -258.125 -0.597512 -2000 1.24058e-10
6.25 0.603854 2000 -260.865 -0.603854 -2000 1.38352e-10
6.255 0.61018 2000 -263.598 -0.61018 -2000 1.45398e-10
6.26 0.616491 2000 -266.324 -0.616491 -2000 1.49832e-10
6.265 0.622765 2000 -269.034 -0.622765 -2000 1.50156e-10
6.27 0.62898 2000 -271.719 -0.62898 -2000 1.49222e-10
6.275 0.635135 2000 -274.378 -0.635135 -2000 1.47554e-10
6.28 0.64125 2000 -277.02 -0.64125 -2000 1.45755e-10
6.285 0.64734 2000 -279.651 -0.64734 -2000 1.42961e-10
6.29 0.653397 2000 -282.267 -0.653397 -2000 1.40842e-10
6.295 0.659388 2000 -284.856 -0.659388 -2000 1.3708e-10
6.3 0.66529 2000 -287.405 -0.66529 -2000 1.34857e-10
6.305 0.671115 2000 -289.922 -0.671115 -2000 1.32794e-10
6.31 0.676902 2000 -292.422 -0.676902 -2000 1.29893e-10
6.315 0.682672 2000 -294.914 -0.682672 -2000 1.27838e-10
6.32 0.688421 2000 -297.398 -0.688421 -2000 1.25085e-10
6.325 0.694147 2000 -299.872 -0.694147 -2000 1.22084e-10
6.33 0.699854 2000 -302.337 -0.699854 -2000 1.20593e-10
6.335 0.705536 2000 -304.792 -0.705536 -2000 -8.1673e-11
6.34 0.711178 2000 -307.229 -0.711178 -2000 -2.21002e-10
6.345 0.716764 2000 -309.642 -0.716764 -2000 -3.03499e-10
6.35 0.722298 2000 -312.033 -0.722298 -2000 -3.50837e-10
6.355 0.727803 2000 -314.411 -0.727803 -2000 -3.15755e-10
6.36 0.733289 2000 -316.781 -0.733289 -2000 -2.87106e-10
6.365 0.738745 2000 -319.138 -0.738745 -2000 -2.66721e-10
6.37 0.744165 2000 -321.479 -0.744165 -2000 -2.52775e-10
6.375 0.749556 2000 -323.808 -0.749556 -2000 -2.42902e-10
6.38 0.754919 2000 -326.125 -0.754919 -2000 -1.28729e-10
6.385 0.760263 2000 -328.434 -0.760263 -2000 -4.93365e-11
6.39 0.765589 2000 -330.734 -0.765589 -2000 -7.88916e-13
6.395 0.770876 2000 -333.018 -0.770876 -2000 2.7804e-11
6.4 0.776099 2000 -335.275 -0.776099 -2000 4.4742e-11
6.405 0.781258 2000 -337.503 -0.781258 -2000 5.51987e-11
6.41 0.786358 2000 -339.707 -0.786358 -2000 5.95058e-11
6.415 0.791405 2000 -341.887 -0.791405 -2000 1.34935e-10
6.42 0.796402 2000 -344.046 -0.796402 -2000 1.85367e-10
6.425 0.801355 2000 -346.185 -0.801355 -2000 3.88185e-10
6.43 0.806265 2000 -348.306 -0.806265 -2000 3.71202e-10
6.435 0.81113 2000 -350.408 -0.81113 -2000 3.44218e-10
6.44 0.815944 2000 -352.488 -0.815944 -2000 3.24463e-10
6.445 0.820704 2000 -354.544 -0.820704 -2000 3.10845e-10
6.45 0.825418 2000 -356.581 -0.825418 -2000 3.00327e-10
6.455 0.830096 2000 -358.602 -0.830096 -2000 2.90496e-10
6.46 0.834745 2000 -360.61 -0.834745 -2000 2.8321e-10
6.465 0.839352 2000 -362.6 -0.839352 -2000 2.75913e-10
6.47 0.843902 2000 -364.566 -0.843902 -2000 1.63022e-10
6.475 0.848401 2000 -366.509 -0.848401 -2000 8.43872e-11
6.48 0.852855 2000 -368.434 -0.852855 -2000 3.56478e-11
6.485 0.857264 2000 -370.338 -0.857264 -2000 6.5905e-12
6.49 0.86162 2000 -372.22 -0.86162 -2000 -1.06882e-11
6.495 0.865919 2000 -374.077 -0.865919 -2000 -2.04438e-11
6.5 0.870153 2000 -375.906 -0.870153 -2000 1.06975e-10
6.505 0.87432 2000 -377.706 -0.87432 -2000 1.95726e-10
6.51 0.878415 2000 -379.475 -0.878415 -2000 2.46564e-10
6.515 0.882436 2000 -381.212 -0.882436 -2000 2.75427e-10
6.52 0.886387 2000 -382.919 -0.886387 -2000 2.27695e-10
6.525 0.89028 2000 -384.601 -0.89028 -2000 1.28624e-10
6.53 0.894133 2000 -386.266 -0.894133 -2000 6.12064e-11
6.535 0.897959 2000 -387.918 -0.897959 -2000 -1.62843e-10
6.54 0.901753 2000 -389.557 -0.901753 -2000 -2.87817e-10
6.545 0.90549 2000 -391.172 -0.90549 -2000 -3.58485e-10
6.55 0.909143 2000 -392.75 -0.909143 -2000 -3.89435e-10
6.555 0.912698 2000 -394.285 -0.912698 -2000 -4.02569e-10
6.56 0.916161 2000 -395.781 -0.916161 -2000 -4.05045e-10
6.565 0.919544 2000 -397.243 -0.919544 -2000 -4.00824e-10
6.57 0.922855 2000 -398.673 -0.922855 -2000 -3.95521e-10
6.575 0.926103 2000 -400.076 -0.926103 -2000 -3.90323e-10
6.58 0.929299 2000 -401.457 -0.929299 -2000 -3.22916e-10
6.585 0.932443 2000 -402.816 -0.932443 -2000 -2.75486e-10
6.59 0.935513 2000 -404.141 -0.935513 -2000 -1.84893e-10
6.595 0.938489 2000 -405.427 -0.938489 -2000 -1.247e-10
6.6 0.941386 2000 -406.679 -0.941386 -2000 -8.66318e-11
6.605 0.944234 2000 -407.909 -0.944234 -2000 -6.41911e-11
6.61 0.947043 2000 -409.123 -0.947043 -2000 -4.91456e-11
6.615 0.949799 2000 -410.313 -0.949799 -2000 1.53656e-10
6.62 0.952487 2000 -411.474 -0.952487 -2000 2.92296e-10
6.625 0.955108 2000 -412.607 -0.955108 -2000 3.73038e-10
6.63 0.957669 2000 -413.713 -0.957669 -2000 4.18417e-10
6.635 0.960178 2000 -414.797 -0.960178 -2000 4.41951e-10
6.64 0.96265 2000 -415.865 -0.96265 -2000 4.53445e-10
6.645 0.965094 2000 -416.921 -0.965094 -2000 4.55855e-10
6.65 0.967499 2000 -417.96 -0.967499 -2000 4.55652e-10
6.655 0.969851 2000 -418.976 -0.969851 -2000 4.5058e-10
6.66 0.972149 2000 -419.968 -0.972149 -2000 3.85567e-10
6.665 0.974399 2000 -420.94 -0.974399 -2000 7.98323e-11
6.67 0.976599 2000 -421.891 -0.976599 -2000 -1.30937e-10
6.675 0.978732 2000 -422.812 -0.978732 -2000 -2.55303e-10
6.68 0.980778 2000 -423.696 -0.980778 -2000 -3.26907e-10
6.685 0.982743 2000 -424.545 -0.982743 -2000 -3.67911e-10
6.69 0.984647 2000 -425.368 -0.984647 -2000 -3.88928e-10
6.695 0.986486 2000 -426.162 -0.986486 -2000 -3.99674e-10
6.7 0.988229 2000 -426.915 -0.988229 -2000 -4.03109e-10
6.705 0.989872 2000 -427.625 -0.989872 -2000 -4.0176e-10
6.71 0.991445 2000 -428.304 -0.991445 -2000 -3.98402e-10
6.715 0.992972 2000 -428.964 -0.992972 -2000 -4.62962e-11
6.72 0.994453 2000 -429.604 -0.994453 -2000 1.95915e-10
6.725 0.995883 2000 -430.222 -0.995883 -2000 3.39731e-10
6.73 0.997267 2000 -430.819 -0.997267 -2000 4.24672e-10
6.735 0.998602 2000 -431.396 -0.998602 -2000 4.733e-10
6.74 0.99987 2000 -431.944 -0.99987 -2000 4.41464e-10
6.745 1.00105 2000 -432.453 -1.00105 -2000 4.14488e-10
6.75 1.00214 2000 -432.923 -1.00214 -2000 3.95481e-10
6.755 1.00316 2000 -433.364 -1.00316 -2000 3.2014e-10
6.76 1.00413 2000 -433.785 -1.00413 -2000 -2.56581e-10
6.765 1.00505 2000 -434.18 -1.00505 -2000 -6.52139e-10
6.77 1.00587 2000 -434.538 -1.00587 -2000 -8.83786e-10
6.775 1.0066 2000 -434.851 -1.0066 -2000 -1.01707e-09
6.78 1.00724 2000 -435.126 -1.00724 -2000 -6.22298e-10
6.785 1.0078 2000 -435.371 -1.0078 -2000 -3.36019e-10
6.79 1.00831 2000 -435.591 -1.00831 -2000 -1.61499e-10
6.795 1.00876 2000 -435.786 -1.00876 -2000 -5.56006e-11
6.8 1.00914 2000 -435.95 -1.00914 -2000 7.23162e-12
6.805 1.00942 2000 -436.068 -1.00942 -2000 4.65311e-11
6.81 1.00956 2000 -436.132 -1.00956 -2000 6.89987e-11
6.815 1.00961 2000 -436.15 -1.00961 -2000 8.15356e-11
6.82 1.00958 2000 -436.138 -1.00958 -2000 8.90224e-11
6.825 1.00949 2000 -436.101 -1.00949 -2000 9.238e-11
6.83 1.00933 2000 -436.033 -1.00933 -2000 9.42944e-11
6.835 1.0091 2000 -435.93 -1.0091 -2000 9.42148e-11
6.84 1.00879 2000 -435.796 -1.00879 -2000 9.32794e-11
6.845 1.00841 2000 -435.633 -1.00841 -2000 9.24176e-11
6.85 1.00795 2000 -435.437 -1.00795 -2000 9.09955e-11
6.855 1.00743 2000 -435.211 -1.00743 -2000 8.91086e-11
6.86 1.00687 2000 -434.967 -1.00687 -2000 8.72826e-11
6.865 1.00626 2000 -434.706 -1.00626 -2000 8.51193e-11
6.87 1.00559 2000 -434.415 -1.00559 -2000 8.37603e-11
6.875 1.00482 2000 -434.083 -1.00482 -2000 4.35047e-11
6.88 1.00396 2000 -433.711 -1.00396 -2000 1.44822e-11
6.885 1.00303 2000 -433.309 -1.00303 -2000 -2.62373e-12
6.89 1.00205 2000 -432.885 -1.00205 -2000 -1.19495e-11
6.895 1.00101 2000 -432.437 -1.00101 -2000 -1.78955e-11
6.9 0.999888 2000 -431.952 -0.999888 -2000 -2.21855e-11
6.905 0.998664 2000 -431.423 -0.998664 -2000 -2.38963e-11
6.91 0.997351 2000 -430.856 -0.997351 -2000 -2.51807e-11
6.915 0.995974 2000 -430.261 -0.995974 -2000 -2.58114e-11
6.92 0.994533 2000 -429.638 -0.994533 -2000 -2.60882e-11
6.925 0.993015 2000 -428.983 -0.993015 -2000 -2.51003e-11
