0.1 -2.92171e-31 200 3.10862e-14
0.2 7.0121e-31 400 -9.23706e-14
0.3 5.84341e-32 600 -2.18492e-13
0.4 4.09039e-31 800 -2.02505e-13
0.5 -6.71993e-31 1000 -7.4607e-14
0.6 -3.50605e-31 1200 -2.55795e-13
0.7 4.67473e-31 1400 -2.77112e-13
0.8 8.18078e-31 1600 3.41061e-13
0.9 -5.25907e-31 1800 -1.7053e-13
1 1.16868e-31 2000 -3.19744e-13
0.005 -2.2017e-05 2000 0.00954214
0.01 -0.000110001 2000 0.0475791
0.015 -0.000285982 2000 0.123592
0.02 -0.000550057 2000 0.237663
0.025 -0.000902283 2000 0.389817
0.03 -0.00134271 2000 0.580077
0.035 -0.00187139 2000 0.808459
0.04 -0.00248834 2000 1.07498
0.045 -0.0031936 2000 1.37965
0.05 -0.00398718 2000 1.72247
0.055 -0.00486909 2000 2.10346
0.06 -0.00583931 2000 2.52259
0.065 -0.00689784 2000 2.97987
0.07 -0.00804468 2000 3.47531
0.075 -0.00927979 2000 4.00888
0.08 -0.0106032 2000 4.58057
0.085 -0.0120147 2000 5.19035
0.09 -0.0135144 2000 5.83821
0.095 -0.0151021 2000 6.52411
0.1 -0.0167778 2000 7.248
0.105 -0.0185413 2000 8.00985
0.11 -0.0203926 2000 8.80963
0.115 -0.0223317 2000 9.6473
0.12 -0.0243584 2000 10.5228
0.125 -0.0264725 2000 11.4361
0.13 -0.0286741 2000 12.3872
0.135 -0.0309628 2000 13.3759
0.14 -0.0333386 2000 14.4023
0.145 -0.0358012 2000 15.4661
0.15 -0.0383505 2000 16.5674
0.155 -0.0409864 2000 17.7061
0.16 -0.0437086 2000 18.8821
0.165 -0.0465171 2000 20.0954
0.17 -0.0494116 2000 21.3458
0.175 -0.0523921 2000 22.6334
0.18 -0.0554582 2000 23.958
0.185 -0.0586097 2000 25.3194
0.19 -0.0618464 2000 26.7177
0.195 -0.065168 2000 28.1526
0.2 -0.0685741 2000 29.624
0.205 -0.0720645 2000 31.1319
0.21 -0.0756388 2000 32.676
0.215 -0.0792969 2000 34.2563
0.22 -0.0830386 2000 35.8727
0.225 -0.0868634 2000 37.525
0.23 -0.0907711 2000 39.2131
0.235 -0.0947613 2000 40.9369
0.24 -0.098834 2000 42.6963
0.245 -0.102989 2000 44.4912
0.25 -0.107225 2000 46.3213
0.255 -0.111543 2000 48.1866
0.26 -0.115942 2000 50.0869
0.265 -0.120421 2000 52.0219
0.27 -0.12498 2000 53.9914
0.275 -0.129619 2000 55.9954
0.28 -0.134337 2000 58.0337
0.285 -0.139135 2000 60.1063
0.29 -0.144011 2000 62.2129
0.295 -0.148966 2000 64.3532
0.3 -0.153998 2000 66.527
0.305 -0.159107 2000 68.7342
0.31 -0.164293 2000 70.9746
0.315 -0.169556 2000 73.2481
0.32 -0.174895 2000 75.5545
0.325 -0.180309 2000 77.8935
0.33 -0.185798 2000 80.2649
0.335 -0.191362 2000 82.6684
0.34 -0.197 2000 85.1038
0.345 -0.202711 2000 87.5711
0.35 -0.208495 2000 90.0699
0.355 -0.214352 2000 92.6002
0.36 -0.220282 2000 95.1618
0.365 -0.226283 2000 97.7544
0.37 -0.232356 2000 100.378
0.375 -0.238499 2000 103.031
0.38 -0.244712 2000 105.715
0.385 -0.250994 2000 108.429
0.39 -0.257345 2000 111.173
0.395 -0.263765 2000 113.947
0.4 -0.270253 2000 116.749
0.405 -0.276808 2000 119.581
0.41 -0.28343 2000 122.442
0.415 -0.290119 2000 125.331
0.42 -0.296874 2000 128.25
0.425 -0.303694 2000 131.196
0.43 -0.310578 2000 134.17
0.435 -0.317526 2000 137.171
0.44 -0.324537 2000 140.2
0.445 -0.331611 2000 143.256
0.45 -0.338749 2000 146.339
0.455 -0.345948 2000 149.45
0.46 -0.353209 2000 152.586
0.465 -0.36053 2000 155.749
0.47 -0.36791 2000 158.937
0.475 -0.375348 2000 162.151
0.48 -0.382846 2000 165.389
0.485 -0.3904 2000 168.653
0.49 -0.398012 2000 171.941
0.495 -0.405679 2000 175.253
0.5 -0.413402 2000 178.59
0.505 -0.42118 2000 181.95
0.51 -0.429011 2000 185.333
0.515 -0.436896 2000 188.739
0.52 -0.444834 2000 192.168
0.525 -0.452824 2000 195.62
0.53 -0.460866 2000 199.094
0.535 -0.468958 2000 202.59
0.54 -0.4771 2000 206.107
0.545 -0.48529 2000 209.645
0.55 -0.493528 2000 213.204
0.555 -0.501814 2000 216.784
0.56 -0.510147 2000 220.384
0.565 -0.518526 2000 224.003
0.57 -0.526948 2000 227.642
0.575 -0.535415 2000 231.299
0.58 -0.543925 2000 234.976
0.585 -0.552477 2000 238.67
0.59 -0.561072 2000 242.383
0.595 -0.569709 2000 246.114
0.6 -0.578387 2000 249.863
0.605 -0.587104 2000 253.629
0.61 -0.595859 2000 257.411
0.615 -0.604651 2000 261.21
0.62 -0.613481 2000 265.024
0.625 -0.622348 2000 268.854
0.63 -0.631252 2000 272.701
0.635 -0.640189 2000 276.562
0.64 -0.64916 2000 280.437
0.645 -0.658164 2000 284.327
0.65 -0.667198 2000 288.23
0.655 -0.676261 2000 292.145
0.66 -0.685354 2000 296.073
0.665 -0.694476 2000 300.014
0.67 -0.703628 2000 303.967
0.675 -0.712808 2000 307.933
0.68 -0.722016 2000 311.911
0.685 -0.73125 2000 315.9
0.69 -0.74051 2000 319.9
0.695 -0.749796 2000 323.912
0.7 -0.759107 2000 327.934
0.705 -0.768441 2000 331.967
0.71 -0.777796 2000 336.008
0.715 -0.787174 2000 340.059
0.72 -0.796572 2000 344.119
0.725 -0.805989 2000 348.188
0.73 -0.815424 2000 352.263
0.735 -0.824874 2000 356.346
0.74 -0.834339 2000 360.435
0.745 -0.843819 2000 364.53
0.75 -0.853312 2000 368.631
0.755 -0.862817 2000 372.737
0.76 -0.872333 2000 376.848
0.765 -0.881861 2000 380.964
0.77 -0.8914 2000 385.085
0.775 -0.900948 2000 389.21
0.78 -0.910505 2000 393.338
0.785 -0.92007 2000 397.47
0.79 -0.929643 2000 401.606
0.795 -0.939224 2000 405.745
0.8 -0.948811 2000 409.886
0.805 -0.958404 2000 414.031
0.81 -0.968002 2000 418.177
0.815 -0.977604 2000 422.325
0.82 -0.987208 2000 426.474
0.825 -0.996812 2000 430.623
0.83 -1.00641 2000 434.771
0.835 -1.01602 2000 438.919
0.84 -1.02561 2000 443.066
0.845 -1.03521 2000 447.211
0.85 -1.0448 2000 451.354
0.855 -1.05439 2000 455.495
0.86 -1.06397 2000 459.634
0.865 -1.07354 2000 463.769
0.87 -1.08311 2000 467.902
0.875 -1.09266 2000 472.03
0.88 -1.10221 2000 476.153
0.885 -1.11174 2000 480.271
0.89 -1.12126 2000 484.384
0.895 -1.13077 2000 488.492
0.9 -1.14027 2000 492.595
0.905 -1.14975 2000 496.692
0.91 -1.15922 2000 500.784
0.915 -1.16867 2000 504.868
0.92 -1.17811 2000 508.943
0.925 -1.18753 2000 513.011
0.93 -1.19693 2000 517.072
0.935 -1.20631 2000 521.125
0.94 -1.21567 2000 525.169
0.945 -1.22501 2000 529.203
0.95 -1.23432 2000 533.228
0.955 -1.24362 2000 537.243
0.96 -1.25288 2000 541.246
0.965 -1.26212 2000 545.238
0.97 -1.27134 2000 549.218
0.975 -1.28053 2000 553.187
0.98 -1.28968 2000 557.144
0.985 -1.29881 2000 561.088
0.99 -1.30791 2000 565.018
0.995 -1.31698 2000 568.937
1 -1.32602 2000 572.842
1.005 -1.33503 2000 576.733
1.01 -1.34401 2000 580.611
1.015 -1.35295 2000 584.474
1.02 -1.36186 2000 588.323
1.025 -1.37073 2000 592.157
1.03 -1.37957 2000 595.974
1.035 -1.38837 2000 599.776
1.04 -1.39713 2000 603.561
1.045 -1.40586 2000 607.33
1.05 -1.41454 2000 611.08
1.055 -1.42317 2000 614.811
1.06 -1.43177 2000 618.523
1.065 -1.44032 2000 622.217
1.07 -1.44882 2000 625.891
1.075 -1.45728 2000 629.546
1.08 -1.4657 2000 633.183
1.085 -1.47407 2000 636.799
1.09 -1.48239 2000 640.395
1.095 -1.49067 2000 643.967
1.1 -1.49888 2000 647.518
1.105 -1.50706 2000 651.048
1.11 -1.51518 2000 654.556
1.115 -1.52324 2000 658.04
1.12 -1.53125 2000 661.5
1.125 -1.5392 2000 664.935
1.13 -1.5471 2000 668.346
1.135 -1.55494 2000 671.732
1.14 -1.56272 2000 675.093
1.145 -1.57044 2000 678.429
1.15 -1.5781 2000 681.738
1.155 -1.5857 2000 685.021
1.16 -1.59323 2000 688.277
1.165 -1.60071 2000 691.505
1.17 -1.60811 2000 694.705
1.175 -1.61546 2000 697.879
1.18 -1.62275 2000 701.027
1.185 -1.62998 2000 704.15
1.19 -1.63714 2000 707.246
1.195 -1.64424 2000 710.313
1.2 -1.65127 2000 713.35
1.205 -1.65823 2000 716.357
1.21 -1.66513 2000 719.334
1.215 -1.67195 2000 722.282
1.22 -1.6787 2000 725.198
1.225 -1.68538 2000 728.084
1.23 -1.69199 2000 730.939
1.235 -1.69853 2000 733.765
1.24 -1.705 2000 736.559
1.245 -1.71139 2000 739.322
1.25 -1.71771 2000 742.051
1.255 -1.72395 2000 744.747
1.26 -1.73012 2000 747.41
1.265 -1.7362 2000 750.04
1.27 -1.74221 2000 752.637
1.275 -1.74815 2000 755.199
1.28 -1.754 2000 757.727
1.285 -1.75977 2000 760.222
1.29 -1.76547 2000 762.682
1.295 -1.77108 2000 765.107
1.3 -1.77661 2000 767.498
1.305 -1.78207 2000 769.854
1.31 -1.78744 2000 772.175
1.315 -1.79273 2000 774.461
1.32 -1.79794 2000 776.711
1.325 -1.80307 2000 778.925
1.33 -1.80811 2000 781.106
1.335 -1.81308 2000 783.252
1.34 -1.81796 2000 785.36
1.345 -1.82275 2000 787.429
1.35 -1.82745 2000 789.46
1.355 -1.83207 2000 791.453
1.36 -1.8366 2000 793.41
1.365 -1.84104 2000 795.33
1.37 -1.8454 2000 797.211
1.375 -1.84966 2000 799.053
1.38 -1.85383 2000 800.856
1.385 -1.85792 2000 802.621
1.39 -1.86192 2000 804.35
1.395 -1.86584 2000 806.041
1.4 -1.86966 2000 807.694
1.405 -1.8734 2000 809.308
1.41 -1.87704 2000 810.883
1.415 -1.8806 2000 812.42
1.42 -1.88407 2000 813.918
1.425 -1.88745 2000 815.377
1.43 -1.89073 2000 816.794
1.435 -1.89391 2000 818.169
1.44 -1.897 2000 819.504
1.445 -1.9 2000 820.8
1.45 -1.9029 2000 822.054
1.455 -1.90571 2000 823.266
1.46 -1.90841 2000 824.435
1.465 -1.91102 2000 825.562
1.47 -1.91354 2000 826.65
1.475 -1.91596 2000 827.695
1.48 -1.91827 2000 828.695
1.485 -1.92048 2000 829.647
1.49 -1.92257 2000 830.552
1.495 -1.92456 2000 831.41
1.5 -1.92645 2000 832.226
1.505 -1.92824 2000 832.999
1.51 -1.92993 2000 833.729
1.515 -1.93152 2000 834.416
1.52 -1.93301 2000 835.058
1.525 -1.93438 2000 835.654
1.53 -1.93565 2000 836.203
1.535 -1.93682 2000 836.706
1.54 -1.93788 2000 837.165
1.545 -1.93884 2000 837.58
1.55 -1.9397 2000 837.951
1.555 -1.94046 2000 838.278
1.56 -1.94111 2000 838.558
1.565 -1.94165 2000 838.791
1.57 -1.94208 2000 838.979
1.575 -1.94241 2000 839.12
1.58 -1.94263 2000 839.217
1.585 -1.94275 2000 839.268
1.59 -1.94276 2000 839.272
1.595 -1.94265 2000 839.227
1.6 -1.94243 2000 839.132
1.605 -1.9421 2000 838.987
1.61 -1.94164 2000 838.79
1.615 -1.94106 2000 838.539
1.62 -1.94036 2000 838.236
1.625 -1.93954 2000 837.881
1.63 -1.9386 2000 837.476
1.635 -1.93754 2000 837.018
1.64 -1.93636 2000 836.509
1.645 -1.93506 2000 835.946
1.65 -1.93363 2000 835.33
1.655 -1.93209 2000 834.661
1.66 -1.93042 2000 833.94
1.665 -1.92862 2000 833.166
1.67 -1.92671 2000 832.338
1.675 -1.92467 2000 831.457
1.68 -1.92251 2000 830.524
1.685 -1.92023 2000 829.538
1.69 -1.91782 2000 828.498
1.695 -1.91528 2000 827.403
1.7 -1.91262 2000 826.253
1.705 -1.90984 2000 825.049
1.71 -1.90692 2000 823.79
1.715 -1.90387 2000 822.473
1.72 -1.90068 2000 821.096
1.725 -1.89735 2000 819.656
1.73 -1.89388 2000 818.156
1.735 -1.89028 2000 816.601
1.74 -1.88656 2000 814.994
1.745 -1.88272 2000 813.334
1.75 -1.87875 2000 811.62
1.755 -1.87466 2000 809.851
1.76 -1.87043 2000 808.026
1.765 -1.86608 2000 806.145
1.77 -1.8616 2000 804.21
1.775 -1.857 2000 802.222
1.78 -1.85227 2000 800.181
1.785 -1.84742 2000 798.088
1.79 -1.84246 2000 795.942
1.795 -1.83737 2000 793.743
1.8 -1.83216 2000 791.492
1.805 -1.82682 2000 789.187
1.81 -1.82136 2000 786.826
1.815 -1.81576 2000 784.409
1.82 -1.81004 2000 781.939
1.825 -1.80422 2000 779.421
1.83 -1.79828 2000 776.858
1.835 -1.79224 2000 774.246
1.84 -1.78608 2000 771.585
1.845 -1.7798 2000 768.872
1.85 -1.7734 2000 766.108
1.855 -1.76688 2000 763.294
1.86 -1.76025 2000 760.427
1.865 -1.75349 2000 757.508
1.87 -1.74662 2000 754.539
1.875 -1.73964 2000 751.522
1.88 -1.73254 2000 748.458
1.885 -1.72533 2000 745.344
1.89 -1.71801 2000 742.182
1.895 -1.71058 2000 738.972
1.9 -1.70304 2000 735.712
1.905 -1.69538 2000 732.403
1.91 -1.6876 2000 729.044
1.915 -1.6797 2000 725.633
1.92 -1.6717 2000 722.173
1.925 -1.66358 2000 718.668
1.93 -1.65536 2000 715.117
1.935 -1.64702 2000 711.514
1.94 -1.63856 2000 707.858
1.945 -1.62997 2000 704.149
1.95 -1.62127 2000 700.387
1.955 -1.61244 2000 696.573
1.96 -1.60349 2000 692.707
1.965 -1.59443 2000 688.793
1.97 -1.58526 2000 684.832
1.975 -1.57598 2000 680.823
1.98 -1.56659 2000 676.766
1.985 -1.55708 2000 672.658
1.99 -1.54746 2000 668.502
1.995 -1.53773 2000 664.301
2 -1.52791 2000 660.059
2.005 -1.518 2000 655.774
2.01 -1.50797 2000 651.445
2.015 -1.49785 2000 647.07
2.02 -1.48762 2000 642.65
2.025 -1.47728 2000 638.186
2.03 -1.46684 2000 633.675
2.035 -1.4563 2000 629.122
2.04 -1.44566 2000 624.527
2.045 -1.43493 2000 619.889
2.05 -1.42408 2000 615.202
2.055 -1.41312 2000 610.468
2.06 -1.40206 2000 605.689
2.065 -1.39091 2000 600.871
2.07 -1.37966 2000 596.015
2.075 -1.36833 2000 591.12
2.08 -1.35691 2000 586.183
2.085 -1.34538 2000 581.205
2.09 -1.33377 2000 576.187
2.095 -1.32205 2000 571.125
2.1 -1.31023 2000 566.02
2.105 -1.29832 2000 560.875
2.11 -1.28631 2000 555.687
2.115 -1.27421 2000 550.457
2.12 -1.26199 2000 545.182
2.125 -1.24968 2000 539.863
2.13 -1.23727 2000 534.502
2.135 -1.22477 2000 529.101
2.14 -1.21218 2000 523.661
2.145 -1.19949 2000 518.181
2.15 -1.18671 2000 512.659
2.155 -1.17383 2000 507.092
2.16 -1.16085 2000 501.487
2.165 -1.14779 2000 495.846
2.17 -1.13466 2000 490.171
2.175 -1.12143 2000 484.46
2.18 -1.10813 2000 478.712
2.185 -1.09474 2000 472.929
2.19 -1.08127 2000 467.11
2.195 -1.06772 2000 461.255
2.2 -1.05408 2000 455.361
2.205 -1.04034 2000 449.429
2.21 -1.02653 2000 443.461
2.215 -1.01264 2000 437.462
2.22 -0.998686 2000 431.432
2.225 -0.984652 2000 425.37
2.23 -0.970544 2000 419.275
2.235 -0.956368 2000 413.151
2.24 -0.942124 2000 406.997
2.245 -0.927808 2000 400.813
2.25 -0.913422 2000 394.598
2.255 -0.898966 2000 388.353
2.26 -0.884442 2000 382.079
2.265 -0.869844 2000 375.773
2.27 -0.855172 2000 369.434
2.275 -0.840426 2000 363.064
2.28 -0.825614 2000 356.665
2.285 -0.810732 2000 350.236
2.29 -0.795777 2000 343.775
2.295 -0.780751 2000 337.284
2.3 -0.765662 2000 330.766
2.305 -0.750517 2000 324.223
2.31 -0.735316 2000 317.656
2.315 -0.720059 2000 311.066
2.32 -0.704745 2000 304.45
2.325 -0.689366 2000 297.806
2.33 -0.673916 2000 291.132
2.335 -0.658394 2000 284.426
2.34 -0.642805 2000 277.692
2.345 -0.627155 2000 270.931
2.35 -0.611446 2000 264.145
2.355 -0.59568 2000 257.334
2.36 -0.579864 2000 250.501
2.365 -0.563999 2000 243.648
2.37 -0.548089 2000 236.774
2.375 -0.53213 2000 229.88
2.38 -0.516121 2000 222.964
2.385 -0.50006 2000 216.026
2.39 -0.483946 2000 209.065
2.395 -0.467777 2000 202.08
2.4 -0.451557 2000 195.072
2.405 -0.43529 2000 188.045
2.41 -0.418984 2000 181.001
2.415 -0.402645 2000 173.942
2.42 -0.386271 2000 166.869
2.425 -0.36986 2000 159.779
2.43 -0.353413 2000 152.674
2.435 -0.336925 2000 145.552
2.44 -0.320396 2000 138.411
2.445 -0.303828 2000 131.254
2.45 -0.287228 2000 124.082
2.455 -0.270598 2000 116.898
2.46 -0.253947 2000 109.706
2.465 -0.237273 2000 102.503
2.47 -0.220587 2000 95.2944
2.475 -0.203887 2000 88.0798
2.48 -0.187167 2000 80.8562
2.485 -0.170436 2000 73.6278
2.49 -0.15369 2000 66.3933
2.495 -0.13694 2000 59.1569
2.5 -0.120195 2000 51.9231
2.505 -0.103479 2000 44.7006
2.51 -0.086745 2000 37.4716
2.515 -0.0700181 2000 30.2446
2.52 -0.0533389 2000 23.0391
2.525 -0.0366837 2000 15.8434
2.53 -0.0200843 2000 8.67248
2.535 -0.00349362 2000 1.50549
2.54 0.013091 2000 -5.65893
2.545 0.0296224 2000 -12.801
2.55 0.0461523 2000 -19.942
2.555 0.062605 2000 -27.0498
2.56 0.0789629 1999.99 -34.1165
2.565 0.0950063 1999.99 -41.0572
2.57 0.110668 1999.99 -47.8309
2.575 0.126074 1999.99 -54.489
2.58 0.141467 1999.99 -61.1391
2.585 0.156867 1999.99 -67.7877
2.59 0.172255 1999.99 -74.432
2.595 0.187632 1999.99 -81.0715
2.6 0.202993 1999.99 -87.7053
2.605 0.218339 2000 -94.3327
2.61 0.233668 2000 -100.953
2.615 0.248969 2000 -107.561
2.62 0.264233 2000 -114.154
2.625 0.279466 2000 -120.734
2.63 0.294683 2000 -127.306
2.635 0.309893 2000 -133.876
2.64 0.325098 2000 -140.444
2.645 0.340294 2000 -147.008
2.65 0.355473 2000 -153.565
2.655 0.370631 2000 -160.112
2.66 0.385768 2000 -166.651
2.665 0.400887 2000 -173.182
2.67 0.415991 2000 -179.707
2.675 0.431077 2000 -186.224
2.68 0.446141 2000 -192.731
2.685 0.461174 2000 -199.225
2.69 0.476178 2000 -205.707
2.695 0.491161 2000 -212.18
2.7 0.506132 2000 -218.647
2.705 0.521088 2000 -225.108
2.71 0.536023 2000 -231.56
2.715 0.550931 2000 -238.001
2.72 0.565807 2000 -244.427
2.725 0.580657 2000 -250.843
2.73 0.595503 2000 -257.256
2.735 0.610353 2000 -263.671
2.74 0.625185 2000 -270.079
2.745 0.639979 2000 -276.47
2.75 0.65474 2000 -282.847
2.755 0.669484 2000 -289.216
2.76 0.684212 2000 -295.579
2.765 0.698912 2000 -301.929
2.77 0.713574 2000 -308.263
2.775 0.728194 2000 -314.579
2.78 0.742768 2000 -320.876
2.785 0.7573 2000 -327.153
2.79 0.771797 2000 -333.416
2.795 0.786262 2000 -339.665
2.8 0.800684 2000 -345.895
2.805 0.815054 2000 -352.103
2.81 0.829378 2000 -358.291
2.815 0.843667 2000 -364.464
2.82 0.857918 2000 -370.621
2.825 0.872122 2000 -376.757
2.83 0.886276 2000 -382.871
2.835 0.900385 2000 -388.967
2.84 0.914457 2000 -395.046
2.845 0.928489 2000 -401.107
2.85 0.942476 2000 -407.15
2.855 0.956414 2000 -413.171
2.86 0.970295 2000 -419.168
2.865 0.984106 2000 -425.134
2.87 0.997849 2000 -431.071
2.875 1.01154 2000 -436.986
2.88 1.0252 2000 -442.885
2.885 1.03881 2000 -448.766
2.89 1.05237 2000 -454.622
2.895 1.06585 2000 -460.446
2.9 1.07925 2000 -466.236
2.905 1.09258 2000 -471.997
2.91 1.10587 2000 -477.734
2.915 1.11909 2000 -483.449
2.92 1.13227 2000 -489.141
2.925 1.14539 2000 -494.808
2.93 1.15845 2000 -500.452
2.935 1.17146 2000 -506.071
2.94 1.18441 2000 -511.666
2.945 1.1973 2000 -517.236
2.95 1.21013 2000 -522.778
2.955 1.2229 2000 -528.293
2.96 1.23561 2000 -533.784
2.965 1.24826 2000 -539.25
2.97 1.26085 2000 -544.686
2.975 1.27335 2000 -550.086
2.98 1.28576 2000 -555.45
2.985 1.29812 2000 -560.786
2.99 1.31042 2000 -566.101
2.995 1.32267 2000 -571.394
3 1.33486 2000 -576.661
3.005 1.34699 2000 -581.899
3.01 1.35905 2000 -587.108
3.015 1.37104 2000 -592.29
3.02 1.38297 2000 -597.445
3.025 1.39483 2000 -602.566
3.03 1.40659 2000 -607.648
3.035 1.41827 2000 -612.692
3.04 1.42986 2000 -617.702
3.045 1.44139 2000 -622.682
3.05 1.45285 2000 -627.633
3.055 1.46424 2000 -632.553
3.06 1.47556 2000 -637.442
3.065 1.48681 2000 -642.301
3.07 1.49798 2000 -647.127
3.075 1.50905 2000 -651.911
3.08 1.52002 2000 -656.647
3.085 1.53088 2000 -661.339
3.09 1.54166 2000 -665.997
3.095 1.55237 2000 -670.625
3.1 1.56301 2000 -675.219
3.105 1.57356 2000 -679.778
3.11 1.58403 2000 -684.302
3.115 1.59443 2000 -688.795
3.12 1.60476 2000 -693.256
3.125 1.61501 2000 -697.683
3.13 1.62517 2000 -702.073
3.135 1.63526 2000 -706.432
3.14 1.64528 2000 -710.761
3.145 1.65522 2000 -715.055
3.15 1.66507 2000 -719.31
3.155 1.67482 2000 -723.523
3.16 1.68447 2000 -727.693
3.165 1.69402 2000 -731.815
3.17 1.70345 2000 -735.891
3.175 1.71279 2000 -739.925
3.18 1.72202 2000 -743.914
3.185 1.73113 2000 -747.849
3.19 1.74012 2000 -751.732
3.195 1.74901 2000 -755.574
3.2 1.75783 2000 -759.384
3.205 1.76658 2000 -763.161
3.21 1.77523 2000 -766.899
3.215 1.78377 2000 -770.59
3.22 1.7922 2000 -774.229
3.225 1.8005 2000 -777.816
3.23 1.8087 2000 -781.36
3.235 1.81683 2000 -784.869
3.24 1.82488 2000 -788.347
3.245 1.83286 2000 -791.794
3.25 1.84075 2000 -795.205
3.255 1.84855 2000 -798.575
3.26 1.85625 2000 -801.899
3.265 1.86384 2000 -805.177
3.27 1.87132 2000 -808.411
3.275 1.87872 2000 -811.606
3.28 1.88602 2000 -814.76
3.285 1.89322 2000 -817.871
3.29 1.9003 2000 -820.931
3.295 1.90727 2000 -823.941
3.3 1.91413 2000 -826.903
3.305 1.92088 2000 -829.82
3.31 1.92752 2000 -832.69
3.315 1.93406 2000 -835.513
3.32 1.94048 2000 -838.287
3.325 1.9468 2000 -841.019
3.33 1.95304 2000 -843.714
3.335 1.9592 2000 -846.375
3.34 1.96527 2000 -848.997
3.345 1.97124 2000 -851.574
3.35 1.97709 2000 -854.104
3.355 1.98285 2000 -856.589
3.36 1.98851 2000 -859.035
3.365 1.99409 2000 -861.446
3.37 1.99959 2000 -863.822
3.375 2.005 2000 -866.161
3.38 2.01031 2000 -868.455
3.385 2.01552 2000 -870.704
3.39 2.02062 2000 -872.907
3.395 2.0256 2000 -875.058
3.4 2.03045 2000 -877.156
3.405 2.03519 2000 -879.202
3.41 2.03982 2000 -881.2
3.415 2.04434 2000 -883.157
3.42 2.04879 2000 -885.079
3.425 2.05317 2000 -886.968
3.43 2.05745 2000 -888.82
3.435 2.06164 2000 -890.629
3.44 2.06573 2000 -892.397
3.445 2.06973 2000 -894.122
3.45 2.07362 2000 -895.803
3.455 2.07742 2000 -897.444
3.46 2.08113 2000 -899.048
3.465 2.08475 2000 -900.611
3.47 2.08826 2000 -902.128
3.475 2.09167 2000 -903.601
3.48 2.09499 2000 -905.036
3.485 2.09822 2000 -906.432
3.49 2.10134 2000 -907.781
3.495 2.10434 2000 -909.076
3.5 2.10722 2000 -910.317
3.505 2.10997 2000 -911.508
3.51 2.11262 2000 -912.652
3.515 2.11517 2000 -913.753
3.52 2.11761 2000 -914.807
3.525 2.11993 2000 -915.811
3.53 2.12214 2000 -916.765
3.535 2.12424 2000 -917.671
3.54 2.12622 2000 -918.528
3.545 2.12809 2000 -919.333
3.55 2.12984 2000 -920.093
3.555 2.1315 2000 -920.809
3.56 2.13306 2000 -921.48
3.565 2.13451 2000 -922.109
3.57 2.13589 2000 -922.704
3.575 2.1372 2000 -923.268
3.58 2.13843 2000 -923.8
3.585 2.13957 2000 -924.295
3.59 2.14062 2000 -924.747
3.595 2.14155 2000 -925.149
3.6 2.14235 2000 -925.496
3.605 2.14303 2000 -925.789
3.61 2.14359 2000 -926.029
3.615 2.14403 2000 -926.222
3.62 2.14437 2000 -926.366
3.625 2.14457 2000 -926.455
3.63 2.14465 2000 -926.49
3.635 2.1446 2000 -926.468
3.64 2.14442 2000 -926.391
3.645 2.14413 2000 -926.262
3.65 2.14373 2000 -926.09
3.655 2.14324 2000 -925.878
3.66 2.14265 2000 -925.623
3.665 2.14193 2000 -925.313
3.67 2.14106 2000 -924.939
3.675 2.14006 2000 -924.507
3.68 2.13895 2000 -924.027
3.685 2.13774 2000 -923.503
3.69 2.1364 2000 -922.927
3.695 2.13493 2000 -922.29
3.7 2.13332 2000 -921.592
3.705 2.13158 2000 -920.843
3.71 2.12974 2000 -920.046
3.715 2.12779 2000 -919.204
3.72 2.12573 2000 -918.316
3.725 2.12359 2000 -917.389
3.73 2.12136 2000 -916.427
3.735 2.11903 2000 -915.421
3.74 2.11658 2000 -914.364
3.745 2.11402 2000 -913.255
3.75 2.11133 2000 -912.096
3.755 2.10854 2000 -910.89
3.76 2.10565 2000 -909.641
3.765 2.10267 2000 -908.355
3.77 2.09961 2000 -907.032
3.775 2.09646 2000 -905.671
3.78 2.09321 2000 -904.268
3.785 2.08986 2000 -902.818
3.79 2.08638 2000 -901.318
3.795 2.08279 2000 -899.765
3.8 2.07908 2000 -898.163
3.805 2.07525 2000 -896.51
3.81 2.0713 2000 -894.803
3.815 2.06724 2000 -893.046
3.82 2.06306 2000 -891.242
3.825 2.05877 2000 -889.387
3.83 2.05435 2000 -887.479
3.835 2.04982 2000 -885.521
3.84 2.04518 2000 -883.519
3.845 2.04045 2000 -881.474
3.85 2.03562 2000 -879.389
3.855 2.03071 2000 -877.266
3.86 2.02571 2000 -875.105
3.865 2.02061 2000 -872.902
3.87 2.01541 2000 -870.657
3.875 2.01013 2000 -868.374
3.88 2.00475 2000 -866.052
3.885 1.99927 2000 -863.686
3.89 1.9937 2000 -861.279
3.895 1.98803 2000 -858.83
3.9 1.98224 2000 -856.33
3.905 1.97634 2000 -853.777
3.91 1.97032 2000 -851.18
3.915 1.96423 2000 -848.546
3.92 1.95804 2000 -845.875
3.925 1.95177 2000 -843.164
3.93 1.94542 2000 -840.42
3.935 1.93899 2000 -837.644
3.94 1.93249 2000 -834.836
3.945 1.92591 2000 -831.994
3.95 1.91926 2000 -829.122
3.955 1.91255 2000 -826.222
3.96 1.90576 2000 -823.289
3.965 1.8989 2000 -820.323
3.97 1.89196 2000 -817.326
3.975 1.88495 2000 -814.3
3.98 1.87788 2000 -811.245
3.985 1.87073 2000 -808.157
3.99 1.86351 2000 -805.035
3.995 1.8562 2000 -801.878
4 1.84881 2000 -798.685
4.005 1.84132 2000 -795.452
4.01 1.83375 2000 -792.179
4.015 1.82608 2000 -788.868
4.02 1.81833 2000 -785.517
4.025 1.81047 2000 -782.124
4.03 1.80253 2000 -778.693
4.035 1.79451 2000 -775.228
4.04 1.78641 2000 -771.73
4.045 1.77823 2000 -768.196
4.05 1.76996 2000 -764.623
4.055 1.7616 2000 -761.012
4.06 1.75316 2000 -757.365
4.065 1.74466 2000 -753.694
4.07 1.73613 2000 -750.006
4.075 1.72755 2000 -746.301
4.08 1.71891 2000 -742.569
4.085 1.71019 2000 -738.803
4.09 1.70139 2000 -735.001
4.095 1.69252 2000 -731.17
4.1 1.68361 2000 -727.318
4.105 1.67464 2000 -723.446
4.11 1.66562 2000 -719.55
4.115 1.65654 2000 -715.624
4.12 1.6474 2000 -711.675
4.125 1.63821 2000 -707.708
4.13 1.62898 2000 -703.717
4.135 1.61967 2000 -699.696
4.14 1.61029 2000 -695.644
4.145 1.60085 2000 -691.565
4.15 1.59136 2000 -687.466
4.155 1.58183 2000 -683.35
4.16 1.57226 2000 -679.217
4.165 1.56265 2000 -675.064
4.17 1.55299 2000 -670.89
4.175 1.54328 2000 -666.698
4.18 1.53353 2000 -662.486
4.185 1.52373 2000 -658.251
4.19 1.51387 2000 -653.99
4.195 1.50394 2000 -649.702
4.2 1.49395 2000 -645.385
4.205 1.48388 2000 -641.038
4.21 1.47375 2000 -636.662
4.215 1.46357 2000 -632.26
4.22 1.45333 2000 -627.839
4.225 1.44306 2000 -623.403
4.23 1.43277 2000 -618.955
4.235 1.42245 2000 -614.497
4.24 1.41209 2000 -610.024
4.245 1.4017 2000 -605.536
4.25 1.39129 2000 -601.035
4.255 1.38084 2000 -596.525
4.26 1.37038 2000 -592.002
4.265 1.35987 2000 -587.463
4.27 1.34932 2000 -582.906
4.275 1.33874 2000 -578.334
4.28 1.32813 2000 -573.751
4.285 1.31749 2000 -569.156
4.29 1.30682 2000 -564.548
4.295 1.29612 2000 -559.924
4.3 1.28539 2000 -555.287
4.305 1.27463 2000 -550.64
4.31 1.26385 2000 -545.985
4.315 1.25306 2000 -541.32
4.32 1.24222 2000 -536.641
4.325 1.23136 2000 -531.947
4.33 1.22047 2000 -527.243
4.335 1.20957 2000 -522.536
4.34 1.19867 2000 -517.826
4.345 1.18776 2000 -513.113
4.35 1.17682 2000 -508.387
4.355 1.16583 2000 -503.64
4.36 1.1548 2000 -498.874
4.365 1.14375 2000 -494.1
4.37 1.13271 2000 -489.33
4.375 1.12168 2000 -484.565
4.38 1.11064 2000 -479.798
4.385 1.09959 2000 -475.025
4.39 1.08854 2000 -470.251
4.395 1.0775 2000 -465.482
4.4 1.06646 2000 -460.71
4.405 1.05539 2000 -455.928
4.41 1.04429 2000 -451.135
4.415 1.03319 2000 -446.339
4.42 1.02211 2000 -441.549
4.425 1.01103 2000 -436.764
4.43 0.999932 2000 -431.971
4.435 0.988806 2000 -427.164
4.44 0.977665 2000 -422.351
4.445 0.966535 2000 -417.543
4.45 0.955424 2000 -412.743
4.455 0.944327 2000 -407.949
4.46 0.933234 2000 -403.157
4.465 0.922141 2000 -398.365
4.47 0.911052 2000 -393.574
4.475 0.899977 2000 -388.79
4.48 0.888911 2000 -384.01
4.485 0.877828 2000 -379.222
4.49 0.8667 2000 -374.414
4.495 0.855529 2000 -369.588
4.5 0.844339 2000 -364.755
4.505 0.833152 2000 -359.922
4.51 0.821973 2000 -355.093
4.515 0.810801 2000 -350.266
4.52 0.799633 2000 -345.441
4.525 0.788483 2000 -340.625
4.53 0.777372 2000 -335.825
4.535 0.766308 2000 -331.045
4.54 0.755279 2000 -326.281
4.545 0.744273 2000 -321.526
4.55 0.733286 2000 -316.779
4.555 0.722315 2000 -312.04
4.56 0.711363 2000 -307.309
4.565 0.700427 2000 -302.584
4.57 0.689493 2000 -297.861
4.575 0.678551 2000 -293.134
4.58 0.667609 2000 -288.407
4.585 0.656693 2000 -283.692
4.59 0.64582 2000 -278.994
4.595 0.634991 2000 -274.316
4.6 0.624207 2000 -269.658
4.605 0.613475 2000 -265.021
4.61 0.602796 2000 -260.408
4.615 0.592165 2000 -255.815
4.62 0.581572 2000 -251.239
4.625 0.571009 2000 -246.676
4.63 0.560475 2000 -242.125
4.635 0.549964 2000 -237.585
4.64 0.539472 2000 -233.052
4.645 0.529008 2000 -228.531
4.65 0.518591 2000 -224.031
4.655 0.508217 2000 -219.55
4.66 0.497862 2000 -215.076
4.665 0.487525 2000 -210.611
4.67 0.477223 2000 -206.161
4.675 0.46697 2000 -201.731
4.68 0.456774 2000 -197.326
4.685 0.446638 2000 -192.948
4.69 0.436557 2000 -188.593
4.695 0.42653 2000 -184.261
4.7 0.416568 2000 -179.957
4.705 0.406666 2000 -175.68
4.71 0.396808 2000 -171.421
4.715 0.38698 2000 -167.175
4.72 0.377181 2000 -162.942
4.725 0.367427 2000 -158.728
4.73 0.357741 2000 -154.544
4.735 0.348123 2000 -150.389
4.74 0.338548 2000 -146.253
4.745 0.328995 2000 -142.126
4.75 0.319473 2000 -138.012
4.755 0.310017 2000 -133.927
4.76 0.300646 2000 -129.879
4.765 0.291349 2000 -125.863
4.77 0.28211 2000 -121.872
4.775 0.272924 2000 -117.903
4.78 0.263787 2000 -113.956
4.785 0.254696 2000 -110.029
4.79 0.245668 2000 -106.128
4.795 0.236707 2000 -102.257
4.8 0.227789 2000 -98.405
4.805 0.218897 2000 -94.5636
4.81 0.210052 2000 -90.7426
4.815 0.201284 2000 -86.9545
4.82 0.192586 2000 -83.197
4.825 0.183936 2000 -79.4602
4.83 0.175325 2000 -75.7404
4.835 0.166754 2000 -72.0376
4.84 0.158221 2000 -68.3515
4.845 0.149737 2000 -64.6865
4.85 0.141316 2000 -61.0484
4.855 0.132949 2000 -57.4341
4.86 0.124623 2000 -53.8371
4.865 0.116348 2000 -50.2625
4.87 0.108151 2000 -46.7213
4.875 0.100043 2000 -43.2185
4.88 0.0920187 2000 -39.7521
4.885 0.0840592 2000 -36.3136
4.89 0.076145 2000 -32.8947
4.895 0.0682851 2000 -29.4992
4.9 0.0605062 2000 -26.1387
4.905 0.0528132 2000 -22.8153
4.91 0.0451885 2000 -19.5214
4.915 0.0376229 2000 -16.2531
4.92 0.030125 2000 -13.014
4.925 0.0226994 2000 -9.80613
4.93 0.0153333 2000 -6.62397
4.935 0.00801755 2000 -3.46358
4.94 0.000770738 2000 -0.332959
4.945 -0.00638007 2000 2.75619
4.95 -0.0134332 2000 5.80314
4.955 -0.0204097 2000 8.81698
4.96 -0.0273188 2000 11.8017
4.965 -0.0341436 2000 14.75
4.97 -0.0408717 2000 17.6566
4.975 -0.0475187 2000 20.5281
4.98 -0.0541066 2000 23.3741
4.985 -0.0606359 2000 26.1947
4.99 -0.0670863 2000 28.9813
4.995 -0.0734403 2000 31.7262
5 -0.0796989 2000 34.4299
5.005 -0.0858782 2000 37.0994
5.01 -0.0919873 2000 39.7385
5.015 -0.0980129 2000 42.3416
5.02 -0.103937 2000 44.901
5.025 -0.109765 2000 47.4183
5.03 -0.115513 2000 49.9018
5.035 -0.121194 2000 52.3557
5.04 -0.126797 2000 54.7762
5.045 -0.132308 2000 57.1571
5.05 -0.137722 2000 59.4957
5.055 -0.143043 2000 61.7944
5.06 -0.148276 2000 64.0553
5.065 -0.15342 2000 66.2774
5.07 -0.15847 2000 68.4588
5.075 -0.163424 2000 70.5992
5.08 -0.168288 2000 72.7005
5.085 -0.173071 2000 74.7665
5.09 -0.177774 2000 76.7982
5.095 -0.182389 2000 78.7921
5.1 -0.186909 2000 80.7449
5.105 -0.191338 2000 82.6578
5.11 -0.195682 2000 84.5348
5.115 -0.199939 2000 86.3738
5.12 -0.204088 2000 88.1659
5.125 -0.20811 2000 89.9037
5.13 -0.212011 2000 91.5887
5.135 -0.215815 2000 93.2319
5.14 -0.21955 2000 94.8455
5.145 -0.223225 2000 96.4333
5.15 -0.226832 2000 97.9915
5.155 -0.230356 2000 99.514
5.16 -0.233792 2000 100.998
5.165 -0.237144 2000 102.446
5.17 -0.24042 2000 103.862
5.175 -0.243622 2000 105.245
5.18 -0.246739 2000 106.591
5.185 -0.24976 2000 107.896
5.19 -0.252681 2000 109.158
5.195 -0.255529 2000 110.389
5.2 -0.258338 2000 111.602
5.205 -0.261107 2000 112.798
5.21 -0.263801 2000 113.962
5.215 -0.266387 2000 115.079
5.22 -0.268876 2000 116.155
5.225 -0.271288 2000 117.196
5.23 -0.273619 2000 118.203
5.235 -0.275866 2000 119.174
5.24 -0.278044 2000 120.115
5.245 -0.280156 2000 121.027
5.25 -0.282199 2000 121.91
5.255 -0.284178 2000 122.765
5.26 -0.286098 2000 123.594
5.265 -0.287934 2000 124.387
5.27 -0.289662 2000 125.134
5.275 -0.291276 2000 125.831
5.28 -0.292782 2000 126.482
5.285 -0.294185 2000 127.088
5.29 -0.295492 2000 127.653
5.295 -0.296706 2000 128.177
5.3 -0.297822 2000 128.659
5.305 -0.298835 2000 129.097
5.31 -0.29975 2000 129.492
5.315 -0.300574 2000 129.848
5.32 -0.301307 2000 130.165
5.325 -0.301944 2000 130.44
5.33 -0.302478 2000 130.67
5.335 -0.302905 2000 130.855
5.34 -0.303222 2000 130.992
5.345 -0.303436 2000 131.084
5.35 -0.303576 2000 131.145
5.355 -0.303661 2000 131.181
5.36 -0.303682 2000 131.191
5.365 -0.303619 2000 131.163
5.37 -0.30346 2000 131.095
5.375 -0.30321 2000 130.987
5.38 -0.302864 2000 130.837
5.385 -0.302411 2000 130.641
5.39 -0.301849 2000 130.399
5.395 -0.301191 2000 130.114
5.4 -0.300446 2000 129.792
5.405 -0.299613 2000 129.433
5.41 -0.298687 2000 129.033
5.415 -0.297662 2000 128.59
5.42 -0.296533 2000 128.102
5.425 -0.295305 2000 127.572
5.43 -0.293993 2000 127.005
5.435 -0.292616 2000 126.41
5.44 -0.291182 2000 125.791
5.445 -0.289674 2000 125.139
5.45 -0.288081 2000 124.451
5.455 -0.286409 2000 123.729
5.46 -0.28467 2000 122.977
5.465 -0.282852 2000 122.192
5.47 -0.280943 2000 121.367
5.475 -0.278949 2000 120.506
5.48 -0.276891 2000 119.617
5.485 -0.274789 2000 118.709
5.49 -0.272648 2000 117.784
5.495 -0.27046 2000 116.839
5.5 -0.268221 2000 115.871
5.505 -0.26592 2000 114.877
5.51 -0.263547 2000 113.852
5.515 -0.261104 2000 112.797
5.52 -0.258584 2000 111.708
5.525 -0.255971 2000 110.58
5.53 -0.253264 2000 109.41
5.535 -0.250475 2000 108.205
5.54 -0.247618 2000 106.971
5.545 -0.244698 2000 105.709
5.55 -0.241707 2000 104.418
5.555 -0.238632 2000 103.089
5.56 -0.235461 2000 101.719
5.565 -0.232195 2000 100.308
5.57 -0.228843 2000 98.8602
5.575 -0.225409 2000 97.3767
5.58 -0.221906 2000 95.8635
5.585 -0.218356 2000 94.3296
5.59 -0.214757 2000 92.7749
5.595 -0.211088 2000 91.1902
5.6 -0.207343 2000 89.5721
5.605 -0.203537 2000 87.9281
5.61 -0.199688 2000 86.2653
5.615 -0.195792 2000 84.5822
5.62 -0.191833 2000 82.8716
5.625 -0.187794 2000 81.1271
5.63 -0.183676 2000 79.348
5.635 -0.179489 2000 77.5392
5.64 -0.175238 2000 75.7029
5.645 -0.170915 2000 73.8351
5.65 -0.166512 2000 71.9332
5.655 -0.162036 2000 69.9994
5.66 -0.15749 2000 68.0356
5.665 -0.152875 2000 66.042
5.67 -0.148198 2000 64.0217
5.675 -0.143468 2000 61.9783
5.68 -0.138674 2000 59.9072
5.685 -0.1338 2000 57.8014
5.69 -0.128848 2000 55.6625
5.695 -0.12384 2000 53.499
5.7 -0.118795 2000 51.3194
5.705 -0.113725 2000 49.129
5.71 -0.10863 2000 46.9282
5.715 -0.103499 2000 44.7114
5.72 -0.0983075 2000 42.4688
5.725 -0.0930385 2000 40.1926
5.73 -0.0876913 2000 37.8826
5.735 -0.0822812 2000 35.5455
5.74 -0.0768215 2000 33.1869
5.745 -0.0713129 2000 30.8072
5.75 -0.0657537 2000 28.4056
5.755 -0.060152 2000 25.9857
5.76 -0.0545183 2000 23.5519
5.765 -0.0488571 2000 21.1063
5.77 -0.0431623 2000 18.6461
5.775 -0.0374164 2000 16.1639
5.78 -0.031608 2000 13.6546
5.785 -0.0257439 2000 11.1214
5.79 -0.019835 2000 8.5687
5.795 -0.0138775 2000 5.9951
5.8 -0.00786288 2000 3.39676
5.805 -0.00179197 2000 0.77413
5.81 0.004328 2000 -1.8697
5.815 0.0104825 2000 -4.52844
5.82 0.0166439 2000 -7.19018
5.825 0.0227912 2000 -9.84578
5.83 0.0289303 2000 -12.4979
5.835 0.0350787 2000 -15.154
5.84 0.041246 2000 -17.8183
5.845 0.0474392 2000 -20.4937
5.85 0.0536621 2000 -23.182
5.855 0.0599144 2000 -25.883
5.86 0.066198 2000 -28.5975
5.865 0.07251 2000 -31.3243
5.87 0.0788396 2000 -34.0587
5.875 0.08518 2000 -36.7978
5.88 0.091532 2000 -39.5418
5.885 0.0978965 2000 -42.2913
5.89 0.104279 2000 -45.0487
5.895 0.110693 2000 -47.8196
5.9 0.117138 2000 -50.6038
5.905 0.123597 2000 -53.3941
5.91 0.130058 2000 -56.1852
5.915 0.136529 2000 -58.9807
5.92 0.143031 2000 -61.7892
5.925 0.149575 2000 -64.6162
5.93 0.156155 2000 -67.4589
5.935 0.162756 2000 -70.3105
5.94 0.16937 2000 -73.1677
5.945 0.176004 2000 -76.0337
5.95 0.182669 2000 -78.9129
5.955 0.189366 2000 -81.8061
5.96 0.19609 2000 -84.7111
5.965 0.202834 2000 -87.6243
5.97 0.209587 2000 -90.5416
5.975 0.216351 2000 -93.4635
5.98 0.223139 2000 -96.396
5.985 0.229963 2000 -99.3439
5.99 0.236821 2000 -102.307
5.995 0.243704 2000 -105.28
6 0.250598 2000 -108.259
6.005 0.257497 2000 -111.239
6.01 0.264403 2000 -114.222
6.015 0.271325 2000 -117.212
6.02 0.278263 2000 -120.21
6.025 0.285214 2000 -123.213
6.03 0.292171 2000 -126.218
6.035 0.299136 2000 -129.227
6.04 0.306117 2000 -132.243
6.045 0.313124 2000 -135.269
6.05 0.320163 2000 -138.31
6.055 0.32724 2000 -141.368
6.06 0.334347 2000 -144.438
6.065 0.341458 2000 -147.51
6.07 0.348553 2000 -150.575
6.075 0.355627 2000 -153.631
6.08 0.362677 2000 -156.676
6.085 0.369687 2000 -159.705
6.09 0.376656 2000 -162.715
6.095 0.383598 2000 -165.715
6.1 0.390524 2000 -168.706
6.105 0.397442 2000 -171.695
6.11 0.404364 2000 -174.685
6.115 0.411293 2000 -177.679
6.12 0.418214 2000 -180.669
6.125 0.425123 2000 -183.653
6.13 0.432028 2000 -186.636
6.135 0.438941 2000 -189.623
6.14 0.445861 2000 -192.612
6.145 0.452785 2000 -195.603
6.15 0.459707 2000 -198.593
6.155 0.466617 2000 -201.578
6.16 0.473507 2000 -204.555
6.165 0.480377 2000 -207.523
6.17 0.487221 2000 -210.48
6.175 0.494019 2000 -213.416
6.18 0.500764 2000 -216.33
6.185 0.507481 2000 -219.232
6.19 0.5142 2000 -222.134
6.195 0.520915 2000 -225.035
6.2 0.527594 2000 -227.921
6.205 0.534221 2000 -230.783
6.21 0.540811 2000 -233.631
6.215 0.547385 2000 -236.47
6.22 0.553935 2000 -239.3
6.225 0.56045 2000 -242.114
6.23 0.566936 2000 -244.916
6.235 0.573406 2000 -247.712
6.24 0.579859 2000 -250.499
6.245 0.58628 2000 -253.273
6.25 0.592674 2000 -256.035
6.255 0.599054 2000 -258.792
6.26 0.60542 2000 -261.541
6.265 0.611749 2000 -264.276
6.27 0.618021 2000 -266.985
6.275 0.624234 2000 -269.669
6.28 0.630408 2000 -272.336
6.285 0.636558 2000 -274.993
6.29 0.642675 2000 -277.636
6.295 0.648729 2000 -280.251
6.3 0.654694 2000 -282.828
6.305 0.660584 2000 -285.372
6.31 0.666436 2000 -287.9
6.315 0.672272 2000 -290.422
6.32 0.678089 2000 -292.934
6.325 0.683883 2000 -295.437
6.33 0.689659 2000 -297.933
6.335 0.695412 2000 -300.418
6.34 0.701125 2000 -302.886
6.345 0.706782 2000 -305.33
6.35 0.71239 2000 -307.752
6.355 0.717969 2000 -310.163
6.36 0.72353 2000 -312.565
6.365 0.729062 2000 -314.955
6.37 0.73456 2000 -317.33
6.375 0.740028 2000 -319.692
6.38 0.74547 2000 -322.043
6.385 0.750893 2000 -324.386
6.39 0.7563 2000 -326.722
6.395 0.761668 2000 -329.041
6.4 0.766974 2000 -331.333
6.405 0.772215 2000 -333.597
6.41 0.7774 2000 -335.837
6.415 0.782532 2000 -338.054
6.42 0.787615 2000 -340.25
6.425 0.792655 2000 -342.427
6.43 0.797653 2000 -344.586
6.435 0.802606 2000 -346.726
6.44 0.80751 2000 -348.844
6.445 0.812361 2000 -350.94
6.45 0.817165 2000 -353.015
6.455 0.821936 2000 -355.076
6.46 0.826677 2000 -357.125
6.465 0.831377 2000 -359.155
6.47 0.836022 2000 -361.162
6.475 0.840616 2000 -363.146
6.48 0.845166 2000 -365.112
6.485 0.849671 2000 -367.058
6.49 0.854125 2000 -368.982
6.495 0.858522 2000 -370.882
6.5 0.862856 2000 -372.754
6.505 0.867122 2000 -374.597
6.51 0.871317 2000 -376.409
6.515 0.87544 2000 -378.19
6.52 0.879493 2000 -379.941
6.525 0.883489 2000 -381.667
6.53 0.887446 2000 -383.376
6.535 0.891376 2000 -385.074
6.54 0.895274 2000 -386.758
6.545 0.899117 2000 -388.418
6.55 0.902876 2000 -390.042
6.555 0.906537 2000 -391.624
6.56 0.910108 2000 -393.167
6.565 0.913599 2000 -394.675
6.57 0.917019 2000 -396.152
6.575 0.920377 2000 -397.603
6.58 0.923684 2000 -399.031
6.585 0.926939 2000 -400.438
6.59 0.930119 2000 -401.812
6.595 0.933208 2000 -403.146
6.6 0.936218 2000 -404.446
6.605 0.939179 2000 -405.725
6.61 0.942101 2000 -406.988
6.615 0.944972 2000 -408.228
6.62 0.947775 2000 -409.439
6.625 0.950511 2000 -410.621
6.63 0.953188 2000 -411.777
6.635 0.955813 2000 -412.911
6.64 0.958402 2000 -414.03
6.645 0.960963 2000 -415.136
6.65 0.963486 2000 -416.226
6.655 0.965955 2000 -417.293
6.66 0.968372 2000 -418.337
6.665 0.970741 2000 -419.36
6.67 0.973061 2000 -420.362
6.675 0.975313 2000 -421.335
6.68 0.977479 2000 -422.271
6.685 0.979565 2000 -423.172
6.69 0.98159 2000 -424.047
6.695 0.98355 2000 -424.894
6.7 0.985415 2000 -425.699
6.705 0.98718 2000 -426.462
6.71 0.988876 2000 -427.194
6.715 0.990525 2000 -427.907
6.72 0.99213 2000 -428.6
6.725 0.993683 2000 -429.271
6.73 0.995191 2000 -429.922
6.735 0.99665 2000 -430.553
6.74 0.998042 2000 -431.154
6.745 0.999345 2000 -431.717
6.75 1.00056 2000 -432.241
6.755 1.0017 2000 -432.736
6.76 1.0028 2000 -433.211
6.765 1.00384 2000 -433.661
6.77 1.0048 2000 -434.072
6.775 1.00565 2000 -434.44
6.78 1.00641 2000 -434.77
6.785 1.0071 2000 -435.069
6.79 1.00774 2000 -435.343
6.795 1.00832 2000 -435.593
6.8 1.00882 2000 -435.812
6.805 1.00922 2000 -435.985
6.81 1.0095 2000 -436.104
6.815 1.00967 2000 -436.178
6.82 1.00977 2000 -436.22
6.825 1.00981 2000 -436.238
6.83 1.00978 2000 -436.225
6.835 1.00967 2000 -436.178
6.84 1.00949 2000 -436.099
6.845 1.00924 2000 -435.991
6.85 1.00891 2000 -435.85
6.855 1.00852 2000 -435.68
6.86 1.00808 2000 -435.491
6.865 1.0076 2000 -435.285
6.87 1.00706 2000 -435.05
6.875 1.00642 2000 -434.773
6.88 1.00569 2000 -434.456
6.885 1.00488 2000 -434.11
6.89 1.00403 2000 -433.741
6.895 1.00312 2000 -433.348
6.9 1.00212 2000 -432.918
6.905 1.00103 2000 -432.444
6.91 0.999842 2000 -431.932
6.915 0.998592 2000 -431.392
6.92 0.997278 2000 -430.824
6.925 0.995888 2000 -430.223
6.93 0.994412 2000 -429.586
6.935 0.99285 2000 -428.911
6.94 0.991202 2000 -428.199
6.945 0.989471 2000 -427.451
6.95 0.987661 2000 -426.67
6.955 0.985782 2000 -425.858
6.96 0.983831 2000 -425.015
6.965 0.981785 2000 -424.131
6.97 0.979633 2000 -423.201
6.975 0.977387 2000 -422.231
6.98 0.975059 2000 -421.225
6.985 0.972644 2000 -420.182
6.99 0.97014 2000 -419.1
6.995 0.967548 2000 -417.981
7 0.964866 2000 -416.822
7.005 0.962086 2000 -415.621
7.01 0.959218 2000 -414.382
7.015 0.956279 2000 -413.112
7.02 0.953278 2000 -411.816
7.025 0.95021 2000 -410.491
7.03 0.947064 2000 -409.132
7.035 0.943831 2000 -407.735
7.04 0.940515 2000 -406.302
7.045 0.93713 2000 -404.84
7.05 0.933687 2000 -403.353
7.055 0.93018 2000 -401.838
7.06 0.926595 2000 -400.289
7.065 0.922922 2000 -398.702
7.07 0.919165 2000 -397.079
7.075 0.915338 2000 -395.426
7.08 0.911459 2000 -393.75
7.085 0.907526 2000 -392.051
7.09 0.903514 2000 -390.318
7.095 0.89941 2000 -388.545
7.1 0.895226 2000 -386.738
7.105 0.890991 2000 -384.908
7.11 0.88672 2000 -383.063
7.115 0.882415 2000 -381.203
7.12 0.878072 2000 -379.327
7.125 0.873688 2000 -377.433
7.13 0.869258 2000 -375.519
7.135 0.864768 2000 -373.58
7.14 0.860202 2000 -371.607
7.145 0.855562 2000 -369.603
7.15 0.850873 2000 -367.577
7.155 0.846151 2000 -365.537
7.16 0.841388 2000 -363.48
7.165 0.836566 2000 -361.396
7.17 0.831677 2000 -359.285
7.175 0.826726 2000 -357.146
7.18 0.821709 2000 -354.978
7.185 0.816618 2000 -352.779
7.19 0.811455 2000 -350.548
7.195 0.806226 2000 -348.289
7.2 0.800938 2000 -346.005
7.205 0.795593 2000 -343.696
7.21 0.790182 2000 -341.359
7.215 0.784703 2000 -338.992
7.22 0.779158 2000 -336.596
7.225 0.773549 2000 -334.173
7.23 0.767881 2000 -331.725
7.235 0.762169 2000 -329.257
7.24 0.75643 2000 -326.778
7.245 0.750676 2000 -324.292
7.25 0.744907 2000 -321.8
7.255 0.739112 2000 -319.297
7.26 0.733275 2000 -316.775
7.265 0.727391 2000 -314.233
7.27 0.721461 2000 -311.671
7.275 0.715472 2000 -309.084
7.28 0.709411 2000 -306.466
7.285 0.703279 2000 -303.817
7.29 0.697095 2000 -301.145
7.295 0.690876 2000 -298.458
7.3 0.68463 2000 -295.76
7.305 0.678354 2000 -293.049
7.31 0.672039 2000 -290.321
7.315 0.665676 2000 -287.572
7.32 0.659265 2000 -284.802
7.325 0.652806 2000 -282.012
7.33 0.646301 2000 -279.202
7.335 0.63976 2000 -276.376
7.34 0.633185 2000 -273.536
7.345 0.626557 2000 -270.672
7.35 0.619852 2000 -267.776
7.355 0.613067 2000 -264.845
7.36 0.606216 2000 -261.885
7.365 0.599315 2000 -258.904
7.37 0.592373 2000 -255.905
7.375 0.585398 2000 -252.892
7.38 0.578393 2000 -249.866
7.385 0.571356 2000 -246.826
7.39 0.564279 2000 -243.769
7.395 0.557163 2000 -240.694
7.4 0.550014 2000 -237.606
7.405 0.542849 2000 -234.511
7.41 0.535675 2000 -231.412
7.415 0.52849 2000 -228.308
7.42 0.521283 2000 -225.194
7.425 0.514044 2000 -222.067
7.43 0.506772 2000 -218.925
7.435 0.499471 2000 -215.772
7.44 0.492148 2000 -212.608
7.445 0.484811 2000 -209.438
7.45 0.477451 2000 -206.259
7.455 0.470046 2000 -203.06
7.46 0.462591 2000 -199.839
7.465 0.455103 2000 -196.604
7.47 0.447587 2000 -193.357
7.475 0.440029 2000 -190.093
7.48 0.432423 2000 -186.807
7.485 0.424779 2000 -183.504
7.49 0.417098 2000 -180.186
7.495 0.409368 2000 -176.847
7.5 0.401584 2000 -173.484
7.505 0.39376 2000 -170.104
7.51 0.385921 2000 -166.718
7.515 0.378079 2000 -163.33
7.52 0.370229 2000 -159.939
7.525 0.362365 2000 -156.542
7.53 0.354487 2000 -153.138
7.535 0.346604 2000 -149.733
7.54 0.338713 2000 -146.324
7.545 0.330787 2000 -142.9
7.55 0.322819 2000 -139.458
7.555 0.314833 2000 -136.008
7.56 0.306845 2000 -132.557
7.565 0.298849 2000 -129.103
7.57 0.290843 2000 -125.644
7.575 0.282832 2000 -122.184
7.58 0.27481 2000 -118.718
7.585 0.266748 2000 -115.235
7.59 0.258634 2000 -111.73
7.595 0.250487 2000 -108.211
7.6 0.242337 2000 -104.69
7.605 0.234192 2000 -101.171
7.61 0.226046 2000 -97.652
7.615 0.217886 2000 -94.1267
7.62 0.209702 2000 -90.5914
7.625 0.201506 2000 -87.0506
7.63 0.19332 2000 -83.5141
7.635 0.185162 2000 -79.9898
7.64 0.177034 2000 -76.4785
7.645 0.168918 2000 -72.9727
7.65 0.160798 2000 -69.4648
7.655 0.152668 2000 -65.9526
7.66 0.144524 2000 -62.4344
7.665 0.136359 2000 -58.9073
7.67 0.128176 2000 -55.3721
7.675 0.119989 2000 -51.8354
7.68 0.11181 2000 -48.3019
7.685 0.103627 2000 -44.7668
7.69 0.0954217 2000 -41.2222
7.695 0.0871924 2000 -37.6671
7.7 0.0789545 2000 -34.1083
7.705 0.0707219 2000 -30.5519
7.71 0.0624956 2000 -26.9981
7.715 0.0542727 2000 -23.4458
7.72 0.0460558 2000 -19.8961
7.725 0.0378467 2000 -16.3498
7.73 0.0296425 2000 -12.8056
7.735 0.0214407 2000 -9.26237
7.74 0.0132401 2000 -5.71974
7.745 0.00504611 2000 -2.17992
7.75 -0.00312656 2000 1.35067
7.755 -0.0112699 2000 4.86859
7.76 -0.0193983 2000 8.38007
7.765 -0.0275315 2000 11.8936
7.77 -0.0356745 2000 15.4114
7.775 -0.0438212 2000 18.9307
7.78 -0.0519673 2000 22.4499
7.785 -0.0601193 2000 25.9715
7.79 -0.0682862 2000 29.4996
7.795 -0.0764663 2000 33.0335
7.8 -0.0846488 2000 36.5683
7.805 -0.0928178 2000 40.0973
7.81 -0.100961 2000 43.615
7.815 -0.109076 2000 47.1209
7.82 -0.117171 2000 50.6179
7.825 -0.125249 2000 54.1075
7.83 -0.133306 2000 57.5881
7.835 -0.141341 2000 61.0594
7.84 -0.149358 2000 64.5226
7.845 -0.157356 2000 67.978
7.85 -0.165339 2000 71.4266
7.855 -0.173319 2000 74.8737
7.86 -0.181303 2000 78.3231
7.865 -0.189286 2000 81.7714
7.87 -0.197249 2000 85.2115
7.875 -0.205178 2000 88.6371
7.88 -0.213076 2000 92.0488
7.885 -0.220969 2000 95.4585
7.89 -0.228882 2000 98.8772
7.895 -0.236808 2000 102.301
7.9 -0.24472 2000 105.719
7.905 -0.252615 2000 109.13
7.91 -0.260503 2000 112.537
7.915 -0.268378 2000 115.939
7.92 -0.276223 2000 119.328
7.925 -0.284032 2000 122.702
7.93 -0.29182 2000 126.066
7.935 -0.299609 2000 129.431
7.94 -0.30741 2000 132.801
7.945 -0.315217 2000 136.174
7.95 -0.323015 2000 139.543
7.955 -0.33079 2000 142.901
7.96 -0.338533 2000 146.246
7.965 -0.346242 2000 149.577
7.97 -0.35392 2000 152.894
7.975 -0.361573 2000 156.2
7.98 -0.369204 2000 159.496
7.985 -0.376807 2000 162.781
7.99 -0.384384 2000 166.054
7.995 -0.391954 2000 169.324
8 -0.399535 2000 172.599
8.005 -0.407121 2000 175.876
8.01 -0.414688 2000 179.145
8.015 -0.422207 2000 182.393
8.02 -0.429664 2000 185.615
8.025 -0.437062 2000 188.811
8.03 -0.444437 2000 191.997
8.035 -0.451825 2000 195.188
8.04 -0.459228 2000 198.387
8.045 -0.466621 2000 201.58
8.05 -0.473978 2000 204.758
8.055 -0.48129 2000 207.917
8.06 -0.48856 2000 211.058
8.065 -0.495796 2000 214.184
8.07 -0.502997 2000 217.295
8.075 -0.510146 2000 220.383
8.08 -0.517227 2000 223.442
8.085 -0.524235 2000 226.47
8.09 -0.531174 2000 229.467
8.095 -0.538049 2000 232.437
8.1 -0.544876 2000 235.387
8.105 -0.551659 2000 238.316
8.11 -0.55838 2000 241.22
8.115 -0.565025 2000 244.091
8.12 -0.571598 2000 246.93
8.125 -0.578113 2000 249.745
8.13 -0.584578 2000 252.538
8.135 -0.590992 2000 255.309
8.14 -0.597355 2000 258.057
8.145 -0.603664 2000 260.783
8.15 -0.609922 2000 263.486
8.155 -0.616133 2000 266.17
8.16 -0.622306 2000 268.836
8.165 -0.628446 2000 271.489
8.17 -0.63455 2000 274.126
8.175 -0.640618 2000 276.747
8.18 -0.646651 2000 279.353
8.185 -0.652639 2000 281.94
8.19 -0.658566 2000 284.5
8.195 -0.664438 2000 287.037
8.2 -0.670287 2000 289.564
8.205 -0.676127 2000 292.087
8.21 -0.681938 2000 294.597
8.215 -0.687692 2000 297.083
8.22 -0.693373 2000 299.537
8.225 -0.698978 2000 301.959
8.23 -0.70451 2000 304.348
8.235 -0.709977 2000 306.71
8.24 -0.715392 2000 309.049
8.245 -0.720755 2000 311.366
8.25 -0.726057 2000 313.657
8.255 -0.731305 2000 315.924
8.26 -0.73653 2000 318.181
8.265 -0.741744 2000 320.433
8.27 -0.746923 2000 322.671
8.275 -0.752038 2000 324.881
8.28 -0.757081 2000 327.059
8.285 -0.762055 2000 329.208
8.29 -0.76697 2000 331.331
8.295 -0.771827 2000 333.429
8.3 -0.776631 2000 335.504
8.305 -0.781388 2000 337.559
8.31 -0.786091 2000 339.591
8.315 -0.790725 2000 341.593
8.32 -0.795286 2000 343.564
8.325 -0.799787 2000 345.508
8.33 -0.804226 2000 347.426
8.335 -0.808594 2000 349.313
8.34 -0.81288 2000 351.164
8.345 -0.817084 2000 352.98
8.35 -0.821213 2000 354.764
8.355 -0.825274 2000 356.518
8.36 -0.829266 2000 358.243
8.365 -0.83319 2000 359.938
8.37 -0.837054 2000 361.607
8.375 -0.840861 2000 363.252
8.38 -0.844606 2000 364.87
8.385 -0.848274 2000 366.454
8.39 -0.851867 2000 368.007
8.395 -0.855404 2000 369.534
8.4 -0.858897 2000 371.044
8.405 -0.862343 2000 372.532
8.41 -0.865725 2000 373.993
8.415 -0.869035 2000 375.423
8.42 -0.872283 2000 376.826
8.425 -0.875481 2000 378.208
8.43 -0.878627 2000 379.567
8.435 -0.881702 2000 380.895
8.44 -0.884694 2000 382.188
8.445 -0.887611 2000 383.448
8.45 -0.890469 2000 384.683
8.455 -0.89328 2000 385.897
8.46 -0.896052 2000 387.094
8.465 -0.89878 2000 388.273
8.47 -0.901442 2000 389.423
8.475 -0.904022 2000 390.538
8.48 -0.906528 2000 391.62
8.485 -0.908981 2000 392.68
8.49 -0.911381 2000 393.717
8.495 -0.913707 2000 394.721
8.5 -0.915958 2000 395.694
8.505 -0.918148 2000 396.64
8.51 -0.920271 2000 397.557
8.515 -0.922304 2000 398.436
8.52 -0.924243 2000 399.273
8.525 -0.926098 2000 400.074
8.53 -0.92787 2000 400.84
8.535 -0.929557 2000 401.568
8.54 -0.931172 2000 402.266
8.545 -0.932738 2000 402.943
8.55 -0.934262 2000 403.601
8.555 -0.93574 2000 404.24
8.56 -0.937181 2000 404.862
8.565 -0.938589 2000 405.471
8.57 -0.939939 2000 406.054
8.575 -0.9412 2000 406.598
8.58 -0.942362 2000 407.1
8.585 -0.943424 2000 407.559
8.59 -0.944388 2000 407.976
8.595 -0.945272 2000 408.358
8.6 -0.946101 2000 408.716
8.605 -0.946876 2000 409.05
8.61 -0.947577 2000 409.353
8.615 -0.948192 2000 409.619
8.62 -0.948733 2000 409.853
8.625 -0.94922 2000 410.063
8.63 -0.949653 2000 410.25
8.635 -0.950022 2000 410.41
8.64 -0.950316 2000 410.537
8.645 -0.950537 2000 410.632
8.65 -0.950691 2000 410.698
8.655 -0.950785 2000 410.739
8.66 -0.950829 2000 410.758
8.665 -0.950833 2000 410.76
8.67 -0.950799 2000 410.745
8.675 -0.950715 2000 410.709
8.68 -0.950565 2000 410.644
8.685 -0.950333 2000 410.544
8.69 -0.950015 2000 410.406
8.695 -0.949625 2000 410.238
8.7 -0.949185 2000 410.048
8.705 -0.948697 2000 409.837
8.71 -0.948152 2000 409.602
8.715 -0.947547 2000 409.34
8.72 -0.946887 2000 409.055
8.725 -0.94616 2000 408.741
8.73 -0.945345 2000 408.389
8.735 -0.944437 2000 407.997
8.74 -0.943454 2000 407.572
8.745 -0.942416 2000 407.124
8.75 -0.941332 2000 406.655
8.755 -0.940192 2000 406.163
8.76 -0.938975 2000 405.637
8.765 -0.93769 2000 405.082
8.77 -0.936363 2000 404.509
8.775 -0.934997 2000 403.919
8.78 -0.93357 2000 403.302
8.785 -0.932073 2000 402.656
8.79 -0.930516 2000 401.983
8.795 -0.928899 2000 401.284
8.8 -0.927222 2000 400.56
8.805 -0.925499 2000 399.815
8.81 -0.92374 2000 399.056
8.815 -0.921941 2000 398.279
8.82 -0.920085 2000 397.477
8.825 -0.918168 2000 396.649
8.83 -0.916196 2000 395.797
8.835 -0.914172 2000 394.922
8.84 -0.912098 2000 394.026
8.845 -0.90997 2000 393.107
8.85 -0.907782 2000 392.162
8.855 -0.905529 2000 391.188
8.86 -0.903219 2000 390.191
8.865 -0.900872 2000 389.177
8.87 -0.898494 2000 388.149
8.875 -0.896067 2000 387.101
8.88 -0.893569 2000 386.022
8.885 -0.890992 2000 384.909
8.89 -0.888344 2000 383.765
8.895 -0.885641 2000 382.597
8.9 -0.882896 2000 381.411
8.905 -0.880117 2000 380.211
8.91 -0.877298 2000 378.993
8.915 -0.874422 2000 377.75
8.92 -0.871478 2000 376.479
8.925 -0.868469 2000 375.179
8.93 -0.865403 2000 373.854
8.935 -0.862276 2000 372.503
8.94 -0.859078 2000 371.122
8.945 -0.855804 2000 369.707
8.95 -0.852457 2000 368.261
8.955 -0.849044 2000 366.787
8.96 -0.845572 2000 365.287
8.965 -0.842051 2000 363.766
8.97 -0.838484 2000 362.225
8.975 -0.834869 2000 360.663
8.98 -0.831205 2000 359.08
8.985 -0.827496 2000 357.478
8.99 -0.823746 2000 355.858
8.995 -0.819963 2000 354.224
9 -0.816161 2000 352.582
9.005 -0.812346 2000 350.934
9.01 -0.808497 2000 349.271
9.015 -0.804581 2000 347.579
9.02 -0.800584 2000 345.852
9.025 -0.796528 2000 344.1
9.03 -0.792437 2000 342.333
9.035 -0.78831 2000 340.55
9.04 -0.784133 2000 338.746
9.045 -0.779896 2000 336.915
9.05 -0.775603 2000 335.061
9.055 -0.771266 2000 333.187
9.06 -0.766886 2000 331.295
9.065 -0.762457 2000 329.382
9.07 -0.757981 2000 327.448
9.075 -0.753465 2000 325.497
9.08 -0.74891 2000 323.529
9.085 -0.744311 2000 321.542
9.09 -0.739669 2000 319.537
9.095 -0.734997 2000 317.519
9.1 -0.730295 2000 315.487
9.105 -0.725557 2000 313.441
9.11 -0.720786 2000 311.379
9.115 -0.715987 2000 309.306
9.12 -0.711164 2000 307.223
9.125 -0.706311 2000 305.127
9.13 -0.701428 2000 303.017
9.135 -0.69652 2000 300.897
9.14 -0.691584 2000 298.764
9.145 -0.68661 2000 296.616
9.15 -0.681594 2000 294.449
9.155 -0.676538 2000 292.264
9.16 -0.671442 2000 290.063
9.165 -0.66631 2000 287.846
9.17 -0.661144 2000 285.614
9.175 -0.655939 2000 283.366
9.18 -0.650688 2000 281.097
9.185 -0.645396 2000 278.811
9.19 -0.640075 2000 276.512
9.195 -0.634729 2000 274.203
9.2 -0.62936 2000 271.883
9.205 -0.623962 2000 269.552
9.21 -0.618533 2000 267.206
9.215 -0.613078 2000 264.85
9.22 -0.607595 2000 262.481
9.225 -0.602074 2000 260.096
9.23 -0.596508 2000 257.691
9.235 -0.590904 2000 255.27
9.24 -0.585277 2000 252.84
9.245 -0.579633 2000 250.401
9.25 -0.573959 2000 247.95
9.255 -0.568246 2000 245.482
9.26 -0.562503 2000 243.001
9.265 -0.556744 2000 240.513
9.27 -0.550983 2000 238.025
9.275 -0.545232 2000 235.54
9.28 -0.539488 2000 233.059
9.285 -0.533734 2000 230.573
9.29 -0.527956 2000 228.077
9.295 -0.522155 2000 225.571
9.3 -0.516337 2000 223.058
9.305 -0.510502 2000 220.537
9.31 -0.504632 2000 218.001
9.315 -0.498721 2000 215.447
9.32 -0.492772 2000 212.878
9.325 -0.486798 2000 210.297
9.33 -0.480809 2000 207.71
9.335 -0.474817 2000 205.121
9.34 -0.468822 2000 202.531
9.345 -0.462814 2000 199.935
9.35 -0.456773 2000 197.326
9.355 -0.450692 2000 194.699
9.36 -0.444579 2000 192.058
9.365 -0.43844 2000 189.406
9.37 -0.432276 2000 186.743
9.375 -0.426098 2000 184.074
9.38 -0.41992 2000 181.405
9.385 -0.41375 2000 178.74
9.39 -0.40758 2000 176.075
9.395 -0.401396 2000 173.403
9.4 -0.395192 2000 170.723
9.405 -0.388967 2000 168.034
9.41 -0.382729 2000 165.339
9.415 -0.376498 2000 162.647
9.42 -0.370291 2000 159.966
9.425 -0.364095 2000 157.289
9.43 -0.357889 2000 154.608
9.435 -0.351678 2000 151.925
9.44 -0.345471 2000 149.244
9.445 -0.339258 2000 146.56
9.45 -0.333014 2000 143.862
9.455 -0.32674 2000 141.152
9.46 -0.320467 2000 138.442
9.465 -0.31421 2000 135.739
9.47 -0.307954 2000 133.036
9.475 -0.301676 2000 130.324
9.48 -0.295373 2000 127.601
9.485 -0.289071 2000 124.879
9.49 -0.282806 2000 122.172
9.495 -0.276589 2000 119.487
9.5 -0.270397 2000 116.811
9.505 -0.264191 2000 114.13
9.51 -0.257955 2000 111.436
9.515 -0.251701 2000 108.735
9.52 -0.245446 2000 106.033
9.525 -0.239193 2000 103.331
9.53 -0.232939 2000 100.63
9.535 -0.226688 2000 97.9293
9.54 -0.220437 2000 95.2288
9.545 -0.21418 2000 92.5258
9.55 -0.207917 2000 89.8201
9.555 -0.201654 2000 87.1143
9.56 -0.195399 2000 84.4122
9.565 -0.189164 2000 81.719
9.57 -0.182958 2000 79.0381
9.575 -0.176768 2000 76.3639
9.58 -0.170573 2000 73.6876
9.585 -0.164367 2000 71.0067
9.59 -0.158158 2000 68.3241
9.595 -0.151949 2000 65.642
9.6 -0.145747 2000 62.9628
9.605 -0.139559 2000 60.2895
9.61 -0.133394 2000 57.6263
9.615 -0.127258 2000 54.9755
9.62 -0.121147 2000 52.3354
9.625 -0.115051 2000 49.702
9.63 -0.108966 2000 47.0732
9.635 -0.102901 2000 44.4533
9.64 -0.0968728 2000 41.849
9.645 -0.0908867 2000 39.263
9.65 -0.0849359 2000 36.6923
9.655 -0.0790042 2000 34.1298
9.66 -0.0730719 2000 31.5671
9.665 -0.067132 2000 29.001
9.67 -0.0612037 2000 26.44
9.675 -0.0553187 2000 23.8977
9.68 -0.0494867 2000 21.3783
9.685 -0.0436913 2000 18.8746
9.69 -0.037923 2000 16.3827
9.695 -0.0321859 2000 13.9043
9.7 -0.0264793 2000 11.4391
9.705 -0.0208005 2000 8.98583
9.71 -0.0151435 2000 6.54197
9.715 -0.00949607 2000 4.1023
9.72 -0.00385389 2000 1.66488
9.725 0.00177412 2000 -0.766421
9.73 0.00737194 2000 -3.18468
9.735 0.0129288 2000 -5.58522
9.74 0.0184465 2000 -7.96888
9.745 0.0239331 2000 -10.3391
9.75 0.0293974 2000 -12.6997
9.755 0.0348444 2000 -15.0528
9.76 0.0402656 2000 -17.3948
9.765 0.0456381 2000 -19.7157
9.77 0.0509444 2000 -22.008
9.775 0.0561906 2000 -24.2744
9.78 0.0613913 2000 -26.5211
9.785 0.0665425 2000 -28.7464
9.79 0.0716286 2000 -30.9435
9.795 0.0766411 2000 -33.109
9.8 0.0815775 2000 -35.2415
9.805 0.0864466 2000 -37.3449
9.81 0.0912804 2000 -39.4331
9.815 0.0961082 2000 -41.5187
9.82 0.100919 2000 -43.597
9.825 0.105672 2000 -45.6505
9.83 0.110344 2000 -47.6688
9.835 0.114947 2000 -49.657
9.84 0.119511 2000 -51.6287
9.845 0.124057 2000 -53.5926
9.85 0.128573 2000 -55.5436
9.855 0.133028 2000 -57.4683
9.86 0.13741 2000 -59.3611
9.865 0.141733 2000 -61.2285
9.87 0.146011 2000 -63.0768
9.875 0.150242 2000 -64.9045
9.88 0.154417 2000 -66.7082
9.885 0.158531 2000 -68.4856
9.89 0.16258 2000 -70.2347
9.895 0.166567 2000 -71.9569
9.9 0.1705 2000 -73.656
9.905 0.174379 2000 -75.3319
9.91 0.178193 2000 -76.9794
9.915 0.181934 2000 -78.5954
9.92 0.185613 2000 -80.1849
9.925 0.189252 2000 -81.7569
9.93 0.192867 2000 -83.3186
9.935 0.196463 2000 -84.8721
9.94 0.200025 2000 -86.4108
9.945 0.203524 2000 -87.9225
9.95 0.206941 2000 -89.3984
9.955 0.210275 2000 -90.8387
9.96 0.213536 2000 -92.2474
9.965 0.216725 2000 -93.6253
9.97 0.219842 2000 -94.9717
9.975 0.222892 2000 -96.2893
9.98 0.225881 2000 -97.5805
9.985 0.228812 2000 -98.8466
9.99 0.231691 2000 -100.091
9.995 0.234514 2000 -101.31
10 0.237261 2000 -102.497
10.005 0.239931 2000 -103.65
10.01 0.242538 2000 -104.776
10.015 0.245093 2000 -105.88
10.02 0.247592 2000 -106.96
10.025 0.250022 2000 -108.01
10.03 0.252378 2000 -109.027
10.035 0.254662 2000 -110.014
10.04 0.256884 2000 -110.974
10.045 0.259045 2000 -111.908
10.05 0.261139 2000 -112.812
10.055 0.26316 2000 -113.685
10.06 0.265105 2000 -114.525
10.065 0.26697 2000 -115.331
10.07 0.268758 2000 -116.103
10.075 0.270485 2000 -116.849
10.08 0.272167 2000 -117.576
10.085 0.273797 2000 -118.28
10.09 0.275351 2000 -118.952
10.095 0.276821 2000 -119.587
10.1 0.278214 2000 -120.189
10.105 0.279547 2000 -120.764
10.11 0.280823 2000 -121.316
10.115 0.282026 2000 -121.835
10.12 0.283143 2000 -122.318
10.125 0.284191 2000 -122.77
10.13 0.285199 2000 -123.206
10.135 0.286175 2000 -123.628
10.14 0.287104 2000 -124.029
10.145 0.287974 2000 -124.405
10.15 0.288788 2000 -124.756
10.155 0.289556 2000 -125.088
10.16 0.290278 2000 -125.4
10.165 0.29093 2000 -125.682
10.17 0.291486 2000 -125.922
10.175 0.291939 2000 -126.118
10.18 0.292303 2000 -126.275
10.185 0.292594 2000 -126.401
10.19 0.29282 2000 -126.498
10.195 0.292988 2000 -126.571
10.2 0.29311 2000 -126.623
10.205 0.293186 2000 -126.656
10.21 0.293203 2000 -126.664
10.215 0.293149 2000 -126.641
10.22 0.293022 2000 -126.586
10.225 0.292816 2000 -126.497
10.23 0.29253 2000 -126.373
10.235 0.29217 2000 -126.217
10.24 0.291744 2000 -126.033
10.245 0.291259 2000 -125.824
10.25 0.290721 2000 -125.592
10.255 0.290135 2000 -125.339
10.26 0.289494 2000 -125.061
10.265 0.288779 2000 -124.752
10.27 0.287975 2000 -124.405
10.275 0.287087 2000 -124.022
10.28 0.286133 2000 -123.609
10.285 0.285125 2000 -123.174
10.29 0.284069 2000 -122.718
10.295 0.282961 2000 -122.239
10.3 0.281792 2000 -121.734
10.305 0.280554 2000 -121.199
10.31 0.279254 2000 -120.638
10.315 0.277895 2000 -120.051
10.32 0.276477 2000 -119.438
10.325 0.274996 2000 -118.798
10.33 0.273459 2000 -118.134
10.335 0.271875 2000 -117.45
10.34 0.27025 2000 -116.748
10.345 0.268586 2000 -116.029
10.35 0.26688 2000 -115.292
10.355 0.265128 2000 -114.535
10.36 0.263323 2000 -113.755
10.365 0.261445 2000 -112.944
10.37 0.259482 2000 -112.096
10.375 0.257438 2000 -111.213
10.38 0.255324 2000 -110.3
10.385 0.253134 2000 -109.354
10.39 0.25085 2000 -108.367
10.395 0.248474 2000 -107.341
10.4 0.246035 2000 -106.287
10.405 0.243549 2000 -105.213
10.41 0.241007 2000 -104.115
10.415 0.238399 2000 -102.988
10.42 0.235732 2000 -101.836
10.425 0.233019 2000 -100.664
10.43 0.230269 2000 -99.4763
10.435 0.227494 2000 -98.2773
10.44 0.2247 2000 -97.0704
10.445 0.221875 2000 -95.8501
10.45 0.218997 2000 -94.6066
10.455 0.216061 2000 -93.3385
10.46 0.213082 2000 -92.0513
10.465 0.210067 2000 -90.749
10.47 0.207011 2000 -89.4288
10.475 0.2039 2000 -88.0848
10.48 0.200725 2000 -86.7132
10.485 0.197488 2000 -85.3149
10.49 0.194197 2000 -83.8931
10.495 0.190857 2000 -82.4502
10.5 0.187464 2000 -80.9843
10.505 0.184009 2000 -79.4917
10.51 0.180486 2000 -77.9699
10.515 0.176896 2000 -76.4192
10.52 0.173245 2000 -74.8418
10.525 0.169535 2000 -73.2393
10.53 0.165772 2000 -71.6136
10.535 0.161959 2000 -69.9662
10.54 0.158093 2000 -68.2964
10.545 0.154165 2000 -66.5993
10.55 0.150164 2000 -64.871
10.555 0.146099 2000 -63.1146
10.56 0.141974 2000 -61.3329
10.565 0.137792 2000 -59.5262
10.57 0.133572 2000 -57.7033
10.575 0.129346 2000 -55.8774
10.58 0.125112 2000 -54.0485
10.585 0.120851 2000 -52.2078
10.59 0.116555 2000 -50.3516
10.595 0.112221 2000 -48.4794
10.6 0.107844 2000 -46.5884
10.605 0.103419 2000 -44.6772
10.61 0.0989547 2000 -42.7484
10.615 0.0944598 2000 -40.8066
10.62 0.0899402 2000 -38.8542
10.625 0.0853893 2000 -36.8882
10.63 0.0807937 2000 -34.9029
10.635 0.0761481 2000 -32.896
10.64 0.0714587 2000 -30.8702
10.645 0.0667313 2000 -28.8279
10.65 0.0619615 2000 -26.7674
10.655 0.0571447 2000 -24.6865
10.66 0.0522831 2000 -22.5863
10.665 0.04738 2000 -20.4682
10.67 0.0424385 2000 -18.3334
10.675 0.0374608 2000 -16.1831
10.68 0.0324435 2000 -14.0156
10.685 0.0273806 2000 -11.8284
10.69 0.0222703 2000 -9.62077
10.695 0.0171139 2000 -7.39319
10.7 0.0119132 2000 -5.14648
10.705 0.00666728 2000 -2.88027
10.71 0.00136931 2000 -0.591541
10.715 -0.00398717 2000 1.72246
10.72 -0.00939294 2000 4.05775
10.725 -0.0148198 2000 6.40217
10.73 -0.0202412 2000 8.74421
10.735 -0.0256538 2000 11.0825
10.74 -0.031073 2000 13.4235
10.745 -0.0365116 2000 15.773
10.75 -0.0419676 2000 18.13
10.755 -0.047437 2000 20.4928
10.76 -0.0529323 2000 22.8668
10.765 -0.0584728 2000 25.2603
10.77 -0.0640586 2000 27.6733
10.775 -0.0696663 2000 30.0958
10.78 -0.0752785 2000 32.5203
10.785 -0.0809089 2000 34.9526
10.79 -0.0865839 2000 37.4042
10.795 -0.0923102 2000 39.878
10.8 -0.0980827 2000 42.3717
10.805 -0.103901 2000 44.8854
10.81 -0.109763 2000 47.4174
10.815 -0.115648 2000 49.96
10.82 -0.121539 2000 52.5049
10.825 -0.127438 2000 55.0532
10.83 -0.133366 2000 57.614
10.835 -0.139331 2000 60.1908
10.84 -0.145321 2000 62.7787
10.845 -0.15133 2000 65.3744
10.85 -0.15736 2000 67.9796
10.855 -0.163409 2000 70.5928
10.86 -0.169461 2000 73.2073
10.865 -0.175509 2000 75.8201
10.87 -0.181559 2000 78.4336
10.875 -0.187615 2000 81.0496
10.88 -0.193679 2000 83.6693
10.885 -0.199761 2000 86.2968
10.89 -0.205866 2000 88.9343
10.895 -0.211991 2000 91.5801
10.9 -0.218134 2000 94.234
10.905 -0.224306 2000 96.9002
10.91 -0.230517 2000 99.5834
10.915 -0.23677 2000 102.285
10.92 -0.24306 2000 105.002
10.925 -0.249381 2000 107.733
10.93 -0.255733 2000 110.477
10.935 -0.262114 2000 113.233
10.94 -0.268524 2000 116.003
10.945 -0.274965 2000 118.785
10.95 -0.281431 2000 121.578
10.955 -0.287916 2000 124.38
10.96 -0.294427 2000 127.192
10.965 -0.300975 2000 130.021
10.97 -0.307556 2000 132.864
10.975 -0.314157 2000 135.716
10.98 -0.320776 2000 138.575
10.985 -0.327416 2000 141.444
10.99 -0.334072 2000 144.319
10.995 -0.340738 2000 147.199
11 -0.347421 2000 150.086
11.005 -0.35412 2000 152.98
11.01 -0.360818 2000 155.873
11.015 -0.367509 2000 158.764
11.02 -0.374206 2000 161.657
11.025 -0.380917 2000 164.556
11.03 -0.387643 2000 167.462
11.035 -0.394389 2000 170.376
11.04 -0.401152 2000 173.298
11.045 -0.407921 2000 176.222
11.05 -0.414696 2000 179.149
11.055 -0.421471 2000 182.076
11.06 -0.428234 2000 184.997
11.065 -0.43498 2000 187.911
11.07 -0.441722 2000 190.824
11.075 -0.448474 2000 193.741
11.08 -0.455236 2000 196.662
11.085 -0.461993 2000 199.581
11.09 -0.468729 2000 202.491
11.095 -0.475438 2000 205.389
11.1 -0.482126 2000 208.278
11.105 -0.488806 2000 211.164
11.11 -0.495492 2000 214.053
11.115 -0.502184 2000 216.943
11.12 -0.508867 2000 219.831
11.125 -0.515523 2000 222.706
11.13 -0.522134 2000 225.562
11.135 -0.52871 2000 228.403
11.14 -0.535275 2000 231.239
11.145 -0.541835 2000 234.073
11.15 -0.548386 2000 236.903
11.155 -0.554928 2000 239.729
11.16 -0.561456 2000 242.549
11.165 -0.567954 2000 245.356
11.17 -0.574403 2000 248.142
11.175 -0.580794 2000 250.903
11.18 -0.587136 2000 253.643
11.185 -0.593451 2000 256.371
11.19 -0.599755 2000 259.094
11.195 -0.606051 2000 261.814
11.2 -0.612324 2000 264.524
11.205 -0.618566 2000 267.22
11.21 -0.624784 2000 269.907
11.215 -0.630981 2000 272.584
11.22 -0.637145 2000 275.247
11.225 -0.643268 2000 277.892
11.23 -0.649343 2000 280.516
11.235 -0.655369 2000 283.119
11.24 -0.661353 2000 285.704
11.245 -0.667307 2000 288.277
11.25 -0.673241 2000 290.84
11.255 -0.67916 2000 293.397
11.26 -0.68506 2000 295.946
11.265 -0.690931 2000 298.482
11.27 -0.696781 2000 301.009
11.275 -0.702631 2000 303.537
11.28 -0.708491 2000 306.068
11.285 -0.714348 2000 308.598
11.29 -0.720195 2000 311.124
11.295 -0.726019 2000 313.64
11.3 -0.731808 2000 316.141
11.305 -0.737559 2000 318.626
11.31 -0.743272 2000 321.094
11.315 -0.748947 2000 323.545
11.32 -0.754583 2000 325.98
11.325 -0.76018 2000 328.398
11.33 -0.765745 2000 330.802
11.335 -0.771281 2000 333.193
11.34 -0.776792 2000 335.574
11.345 -0.782284 2000 337.947
11.35 -0.787755 2000 340.31
11.355 -0.793189 2000 342.658
11.36 -0.798574 2000 344.984
11.365 -0.803917 2000 347.292
11.37 -0.80925 2000 349.596
11.375 -0.81459 2000 351.903
11.38 -0.819919 2000 354.205
11.385 -0.825207 2000 356.49
11.39 -0.830451 2000 358.755
11.395 -0.835672 2000 361.01
11.4 -0.840876 2000 363.258
11.405 -0.846041 2000 365.49
11.41 -0.851157 2000 367.7
11.415 -0.856236 2000 369.894
11.42 -0.861283 2000 372.074
11.425 -0.866294 2000 374.239
11.43 -0.871262 2000 376.385
11.435 -0.87619 2000 378.514
11.44 -0.881087 2000 380.63
11.445 -0.885953 2000 382.732
11.45 -0.890777 2000 384.816
11.455 -0.895549 2000 386.877
11.46 -0.900276 2000 388.919
11.465 -0.90497 2000 390.947
11.47 -0.909634 2000 392.962
11.475 -0.914259 2000 394.96
11.48 -0.918828 2000 396.934
11.485 -0.923332 2000 398.879
11.49 -0.927771 2000 400.797
11.495 -0.932149 2000 402.688
11.5 -0.936466 2000 404.553
11.505 -0.940718 2000 406.39
11.51 -0.944901 2000 408.197
11.515 -0.949011 2000 409.973
11.52 -0.953053 2000 411.719
11.525 -0.957036 2000 413.439
11.53 -0.960966 2000 415.137
11.535 -0.964851 2000 416.816
11.54 -0.968695 2000 418.476
11.545 -0.972486 2000 420.114
11.55 -0.976208 2000 421.722
11.555 -0.979862 2000 423.3
11.56 -0.983455 2000 424.852
11.565 -0.986996 2000 426.382
11.57 -0.990491 2000 427.892
11.575 -0.993941 2000 429.382
11.58 -0.997333 2000 430.848
11.585 -1.00066 2000 432.285
11.59 -1.00393 2000 433.7
11.595 -1.00718 2000 435.101
11.6 -1.01038 2000 436.485
11.605 -1.01351 2000 437.837
11.61 -1.01655 2000 439.149
11.615 -1.01951 2000 440.428
11.62 -1.02243 2000 441.689
11.625 -1.02532 2000 442.94
11.63 -1.02819 2000 444.18
11.635 -1.03102 2000 445.402
11.64 -1.03379 2000 446.598
11.645 -1.03649 2000 447.763
11.65 -1.03911 2000 448.895
11.655 -1.04167 2000 450
11.66 -1.04417 2000 451.079
11.665 -1.0466 2000 452.129
11.67 -1.04896 2000 453.15
11.675 -1.05128 2000 454.152
11.68 -1.05356 2000 455.137
11.685 -1.05579 2000 456.102
11.69 -1.05797 2000 457.043
11.695 -1.06011 2000 457.966
11.7 -1.06219 2000 458.867
11.705 -1.06421 2000 459.737
11.71 -1.06613 2000 460.567
11.715 -1.06796 2000 461.358
11.72 -1.0697 2000 462.109
11.725 -1.07134 2000 462.82
11.73 -1.0729 2000 463.493
11.735 -1.07439 2000 464.136
11.74 -1.07583 2000 464.759
11.745 -1.07722 2000 465.358
11.75 -1.07853 2000 465.926
11.755 -1.07976 2000 466.457
11.76 -1.08091 2000 466.952
11.765 -1.08198 2000 467.416
11.77 -1.08299 2000 467.853
11.775 -1.08395 2000 468.265
11.78 -1.08483 2000 468.648
11.785 -1.08565 2000 469
11.79 -1.08639 2000 469.32
11.795 -1.08705 2000 469.607
11.8 -1.08765 2000 469.866
11.805 -1.0882 2000 470.104
11.81 -1.0887 2000 470.32
11.815 -1.08914 2000 470.51
11.82 -1.08951 2000 470.667
11.825 -1.08979 2000 470.788
11.83 -1.08998 2000 470.873
11.835 -1.0901 2000 470.922
11.84 -1.09014 2000 470.942
11.845 -1.09013 2000 470.936
11.85 -1.09006 2000 470.908
11.855 -1.08995 2000 470.859
11.86 -1.08979 2000 470.789
11.865 -1.08956 2000 470.691
11.87 -1.08928 2000 470.568
11.875 -1.08895 2000 470.427
11.88 -1.0886 2000 470.275
11.885 -1.0882 2000 470.104
11.89 -1.08774 2000 469.904
11.895 -1.0872 2000 469.669
11.9 -1.08659 2000 469.407
11.905 -1.08593 2000 469.122
11.91 -1.0852 2000 468.806
11.915 -1.08438 2000 468.452
11.92 -1.08349 2000 468.067
11.925 -1.08254 2000 467.658
11.93 -1.08155 2000 467.231
11.935 -1.08053 2000 466.788
11.94 -1.07946 2000 466.327
11.945 -1.07834 2000 465.844
11.95 -1.07718 2000 465.341
11.955 -1.07597 2000 464.82
11.96 -1.07471 2000 464.275
11.965 -1.07338 2000 463.7
11.97 -1.07197 2000 463.092
11.975 -1.07049 2000 462.453
11.98 -1.06895 2000 461.786
11.985 -1.06735 2000 461.094
11.99 -1.0657 2000 460.381
11.995 -1.06399 2000 459.645
12 -1.06222 2000 458.881
12.005 -1.0604 2000 458.091
12.01 -1.05851 2000 457.278
12.015 -1.05657 2000 456.439
12.02 -1.05456 2000 455.57
12.025 -1.05248 2000 454.671
12.03 -1.05035 2000 453.753
12.035 -1.0482 2000 452.823
12.04 -1.04602 2000 451.879
12.045 -1.04377 2000 450.91
12.05 -1.04145 2000 449.908
12.055 -1.03907 2000 448.877
12.06 -1.03664 2000 447.827
12.065 -1.03416 2000 446.758
12.07 -1.03163 2000 445.665
12.075 -1.02905 2000 444.549
12.08 -1.02642 2000 443.413
12.085 -1.02375 2000 442.258
12.09 -1.02102 2000 441.08
12.095 -1.01823 2000 439.875
12.1 -1.01539 2000 438.648
12.105 -1.01252 2000 437.41
12.11 -1.00964 2000 436.163
12.115 -1.00673 2000 434.905
12.12 -1.00377 2000 433.63
12.125 -1.00077 2000 432.334
12.13 -0.997718 2000 431.014
12.135 -0.994618 2000 429.675
12.14 -0.991484 2000 428.321
12.145 -0.988321 2000 426.955
12.15 -0.985115 2000 425.57
12.155 -0.981842 2000 424.156
12.16 -0.978501 2000 422.712
12.165 -0.975119 2000 421.251
12.17 -0.971717 2000 419.782
12.175 -0.968287 2000 418.3
12.18 -0.964816 2000 416.801
12.185 -0.961299 2000 415.281
12.19 -0.957721 2000 413.736
12.195 -0.954068 2000 412.157
12.2 -0.950337 2000 410.546
12.205 -0.946541 2000 408.906
12.21 -0.942686 2000 407.24
12.215 -0.938777 2000 405.552
12.22 -0.93483 2000 403.846
12.225 -0.930858 2000 402.131
12.23 -0.926859 2000 400.403
12.235 -0.922824 2000 398.66
12.24 -0.918747 2000 396.899
12.245 -0.914621 2000 395.116
12.25 -0.910435 2000 393.308
12.255 -0.906191 2000 391.474
12.26 -0.901908 2000 389.624
12.265 -0.897598 2000 387.762
12.27 -0.893251 2000 385.884
12.275 -0.888847 2000 383.982
12.28 -0.884383 2000 382.054
12.285 -0.879869 2000 380.103
12.29 -0.875303 2000 378.131
12.295 -0.870673 2000 376.131
12.3 -0.865967 2000 374.098
12.305 -0.861188 2000 372.033
12.31 -0.856346 2000 369.942
12.315 -0.85145 2000 367.826
12.32 -0.846497 2000 365.687
12.325 -0.841483 2000 363.521
12.33 -0.836415 2000 361.331
12.335 -0.831301 2000 359.122
12.34 -0.826147 2000 356.895
12.345 -0.820952 2000 354.651
12.35 -0.815731 2000 352.396
12.355 -0.810505 2000 350.138
12.36 -0.805276 2000 347.879
12.365 -0.80001 2000 345.604
12.37 -0.794675 2000 343.3
12.375 -0.789266 2000 340.963
12.38 -0.783801 2000 338.602
12.385 -0.778297 2000 336.224
12.39 -0.772752 2000 333.829
12.395 -0.767148 2000 331.408
12.4 -0.761485 2000 328.962
12.405 -0.755785 2000 326.499
12.41 -0.750053 2000 324.023
12.415 -0.744275 2000 321.527
12.42 -0.738437 2000 319.005
12.425 -0.73255 2000 316.461
12.43 -0.726636 2000 313.907
12.435 -0.720704 2000 311.344
12.44 -0.714748 2000 308.771
12.445 -0.708762 2000 306.185
12.45 -0.702744 2000 303.585
12.455 -0.696687 2000 300.969
12.46 -0.690589 2000 298.334
12.465 -0.684447 2000 295.681
12.47 -0.67826 2000 293.008
12.475 -0.672032 2000 290.318
12.48 -0.66578 2000 287.617
12.485 -0.659524 2000 284.914
12.49 -0.65327 2000 282.213
12.495 -0.647004 2000 279.506
12.5 -0.640705 2000 276.785
12.505 -0.634368 2000 274.047
12.51 -0.628007 2000 271.299
12.515 -0.621649 2000 268.553
12.52 -0.615304 2000 265.811
12.525 -0.608959 2000 263.07
12.53 -0.602598 2000 260.322
12.535 -0.596207 2000 257.562
12.54 -0.589782 2000 254.786
12.545 -0.583331 2000 251.999
12.55 -0.576866 2000 249.206
12.555 -0.570385 2000 246.406
12.56 -0.563892 2000 243.601
12.565 -0.557401 2000 240.797
12.57 -0.550921 2000 237.998
12.575 -0.544444 2000 235.2
12.58 -0.537966 2000 232.401
12.585 -0.531487 2000 229.603
12.59 -0.525013 2000 226.806
12.595 -0.518544 2000 224.011
12.6 -0.512071 2000 221.215
12.605 -0.505581 2000 218.411
12.61 -0.499072 2000 215.599
12.615 -0.492544 2000 212.779
12.62 -0.486002 2000 209.953
12.625 -0.47945 2000 207.123
12.63 -0.472894 2000 204.29
12.635 -0.46634 2000 201.459
12.64 -0.4598 2000 198.634
12.645 -0.453287 2000 195.82
12.65 -0.446795 2000 193.015
12.655 -0.440313 2000 190.215
12.66 -0.433834 2000 187.416
12.665 -0.427354 2000 184.617
12.67 -0.42087 2000 181.816
12.675 -0.414395 2000 179.018
12.68 -0.40794 2000 176.23
12.685 -0.401495 2000 173.446
12.69 -0.395031 2000 170.653
12.695 -0.388536 2000 167.848
12.7 -0.382025 2000 165.035
12.705 -0.375513 2000 162.222
12.71 -0.369008 2000 159.411
12.715 -0.362515 2000 156.606
12.72 -0.356035 2000 153.807
12.725 -0.349552 2000 151.006
12.73 -0.343041 2000 148.194
12.735 -0.336507 2000 145.371
12.74 -0.32997 2000 142.547
12.745 -0.323439 2000 139.726
12.75 -0.316901 2000 136.901
12.755 -0.310346 2000 134.07
12.76 -0.303772 2000 131.229
12.765 -0.297178 2000 128.381
12.77 -0.290581 2000 125.531
12.775 -0.283998 2000 122.687
12.78 -0.277425 2000 119.848
12.785 -0.270851 2000 117.008
12.79 -0.264281 2000 114.169
12.795 -0.257729 2000 111.339
12.8 -0.25121 2000 108.523
12.805 -0.244734 2000 105.725
12.81 -0.238307 2000 102.948
12.815 -0.231927 2000 100.193
12.82 -0.225595 2000 97.4569
12.825 -0.219301 2000 94.7382
12.83 -0.213038 2000 92.0326
12.835 -0.206804 2000 89.3392
12.84 -0.200594 2000 86.6564
12.845 -0.1944 2000 83.9809
12.85 -0.188225 2000 81.313
12.855 -0.182077 2000 78.6572
12.86 -0.175957 2000 76.0135
12.865 -0.169857 2000 73.378
12.87 -0.163776 2000 70.7513
12.875 -0.157724 2000 68.1366
12.88 -0.151695 2000 65.5322
12.885 -0.145683 2000 62.9351
12.89 -0.139695 2000 60.3482
12.895 -0.13374 2000 57.7755
12.9 -0.127815 2000 55.216
12.905 -0.121906 2000 52.6632
12.91 -0.115999 2000 50.1117
12.915 -0.110104 2000 47.5651
12.92 -0.104232 2000 45.0283
12.925 -0.0983691 2000 42.4954
12.93 -0.0924971 2000 39.9588
12.935 -0.0866261 2000 37.4225
12.94 -0.0807851 2000 34.8992
12.945 -0.0749911 2000 32.3962
12.95 -0.0692349 2000 29.9095
12.955 -0.0634969 2000 27.4307
12.96 -0.057774 2000 24.9584
12.965 -0.052082 2000 22.4994
12.97 -0.0464288 2000 20.0573
12.975 -0.040806 2000 17.6282
12.98 -0.0352047 2000 15.2084
12.985 -0.0296213 2000 12.7964
12.99 -0.024053 2000 10.3909
12.995 -0.0185022 2000 7.99296
13 -0.0129775 2000 5.6063
13.005 -0.00748444 2000 3.23328
13.01 -0.00202282 2000 0.873857
13.015 0.00341115 2000 -1.47362
13.02 0.00881841 2000 -3.80955
13.025 0.0141873 2000 -6.12891
13.03 0.0195036 2000 -8.42555
13.035 0.0247712 2000 -10.7011
13.04 0.030016 2000 -12.9669
13.045 0.0352642 2000 -15.2342
13.05 0.0405069 2000 -17.499
13.055 0.0457046 2000 -19.7444
13.06 0.0508399 2000 -21.9628
13.065 0.0559314 2000 -24.1624
13.07 0.0609929 2000 -26.3489
13.075 0.0660271 2000 -28.5237
13.08 0.0710429 2000 -30.6905
13.085 0.0760472 2000 -32.8524
13.09 0.0810387 2000 -35.0087
13.095 0.0860231 2000 -37.162
13.1 0.0910103 2000 -39.3165
13.105 0.0959937 2000 -41.4693
13.11 0.100948 2000 -43.6093
13.115 0.105848 2000 -45.7264
13.12 0.110688 2000 -47.8174
13.125 0.115474 2000 -49.8847
13.13 0.120212 2000 -51.9317
13.135 0.124911 2000 -53.9614
13.14 0.129576 2000 -55.977
13.145 0.134209 2000 -57.9782
13.15 0.138788 2000 -59.9565
13.155 0.143294 2000 -61.9028
13.16 0.147732 2000 -63.8201
13.165 0.15213 2000 -65.7201
13.17 0.156499 2000 -67.6076
13.175 0.160828 2000 -69.4778
13.18 0.165108 2000 -71.3266
13.185 0.169339 2000 -73.1546
13.19 0.173529 2000 -74.9646
13.195 0.177685 2000 -76.7601
13.2 0.181805 2000 -78.5397
13.205 0.185867 2000 -80.2946
13.21 0.18986 2000 -82.0196
13.215 0.19379 2000 -83.7174
13.22 0.197665 2000 -85.3915
13.225 0.20149 2000 -87.0436
13.23 0.205277 2000 -88.6798
13.235 0.209044 2000 -90.3071
13.24 0.212784 2000 -91.9226
13.245 0.216472 2000 -93.516
13.25 0.220099 2000 -95.0826
13.255 0.223677 2000 -96.6284
13.26 0.22723 2000 -98.1633
13.265 0.230768 2000 -99.6916
13.27 0.23428 2000 -101.209
13.275 0.237752 2000 -102.709
13.28 0.241174 2000 -104.187
13.285 0.24454 2000 -105.641
13.29 0.247849 2000 -107.071
13.295 0.251111 2000 -108.48
13.3 0.254336 2000 -109.873
13.305 0.257524 2000 -111.25
13.31 0.260664 2000 -112.607
13.315 0.263746 2000 -113.938
13.32 0.26677 2000 -115.245
13.325 0.269736 2000 -116.526
13.33 0.272645 2000 -117.783
13.335 0.275503 2000 -119.017
13.34 0.278315 2000 -120.232
13.345 0.281086 2000 -121.429
13.35 0.28381 2000 -122.606
13.355 0.286474 2000 -123.757
13.36 0.289077 2000 -124.881
13.365 0.291624 2000 -125.982
13.37 0.294118 2000 -127.059
13.375 0.296556 2000 -128.112
13.38 0.29894 2000 -129.142
13.385 0.301269 2000 -130.148
13.39 0.303542 2000 -131.13
13.395 0.305769 2000 -132.092
13.4 0.307962 2000 -133.039
13.405 0.310125 2000 -133.974
13.41 0.312248 2000 -134.891
13.415 0.314311 2000 -135.782
13.42 0.316299 2000 -136.641
13.425 0.318212 2000 -137.468
13.43 0.320067 2000 -138.269
13.435 0.321887 2000 -139.055
13.44 0.323674 2000 -139.827
13.445 0.32541 2000 -140.577
13.45 0.327075 2000 -141.296
13.455 0.328665 2000 -141.983
13.46 0.330205 2000 -142.649
13.465 0.331723 2000 -143.305
13.47 0.333222 2000 -143.952
13.475 0.334675 2000 -144.579
13.48 0.336067 2000 -145.181
13.485 0.337406 2000 -145.759
13.49 0.338702 2000 -146.319
13.495 0.339951 2000 -146.859
13.5 0.341149 2000 -147.376
13.505 0.342303 2000 -147.875
13.51 0.343419 2000 -148.357
13.515 0.344488 2000 -148.819
13.52 0.345491 2000 -149.252
13.525 0.346425 2000 -149.655
13.53 0.347311 2000 -150.038
13.535 0.348172 2000 -150.41
13.54 0.349003 2000 -150.769
13.545 0.34979 2000 -151.109
13.55 0.350527 2000 -151.428
13.555 0.351208 2000 -151.722
13.56 0.351831 2000 -151.991
13.565 0.352398 2000 -152.236
13.57 0.352917 2000 -152.46
13.575 0.353398 2000 -152.668
13.58 0.353845 2000 -152.861
13.585 0.354254 2000 -153.038
13.59 0.354598 2000 -153.186
13.595 0.354854 2000 -153.297
13.6 0.35503 2000 -153.373
13.605 0.355158 2000 -153.428
13.61 0.355253 2000 -153.469
13.615 0.355299 2000 -153.489
13.62 0.355274 2000 -153.478
13.625 0.355183 2000 -153.439
13.63 0.355047 2000 -153.38
13.635 0.354875 2000 -153.306
13.64 0.354665 2000 -153.215
13.645 0.354414 2000 -153.107
13.65 0.354119 2000 -152.979
13.655 0.353785 2000 -152.835
13.66 0.353411 2000 -152.673
13.665 0.352993 2000 -152.493
13.67 0.35253 2000 -152.293
13.675 0.352021 2000 -152.073
13.68 0.351458 2000 -151.83
13.685 0.350839 2000 -151.562
13.69 0.350175 2000 -151.276
13.695 0.349478 2000 -150.975
13.7 0.348744 2000 -150.658
13.705 0.347969 2000 -150.323
13.71 0.347156 2000 -149.971
13.715 0.346309 2000 -149.606
13.72 0.345436 2000 -149.228
13.725 0.344549 2000 -148.845
13.73 0.343652 2000 -148.458
13.735 0.342725 2000 -148.057
13.74 0.341733 2000 -147.629
13.745 0.340667 2000 -147.168
13.75 0.339555 2000 -146.688
13.755 0.338428 2000 -146.201
13.76 0.337289 2000 -145.709
13.765 0.33612 2000 -145.204
13.77 0.334905 2000 -144.679
13.775 0.33364 2000 -144.132
13.78 0.332316 2000 -143.561
13.785 0.330918 2000 -142.957
13.79 0.329437 2000 -142.317
13.795 0.327879 2000 -141.644
13.8 0.326257 2000 -140.943
13.805 0.324583 2000 -140.22
13.81 0.322861 2000 -139.476
13.815 0.321098 2000 -138.714
13.82 0.319298 2000 -137.937
13.825 0.317456 2000 -137.141
13.83 0.31556 2000 -136.322
13.835 0.313601 2000 -135.476
13.84 0.311586 2000 -134.605
13.845 0.309525 2000 -133.715
13.85 0.307415 2000 -132.803
13.855 0.30525 2000 -131.868
13.86 0.303019 2000 -130.904
13.865 0.30072 2000 -129.911
13.87 0.298359 2000 -128.891
13.875 0.295939 2000 -127.846
13.88 0.293466 2000 -126.777
13.885 0.290948 2000 -125.689
13.89 0.288386 2000 -124.583
13.895 0.28577 2000 -123.453
13.9 0.283082 2000 -122.291
13.905 0.28031 2000 -121.094
13.91 0.277463 2000 -119.864
13.915 0.274558 2000 -118.609
13.92 0.271617 2000 -117.338
13.925 0.268646 2000 -116.055
13.93 0.265634 2000 -114.754
13.935 0.262568 2000 -113.429
13.94 0.259453 2000 -112.084
13.945 0.256294 2000 -110.719
13.95 0.253097 2000 -109.338
13.955 0.249869 2000 -107.943
13.96 0.246613 2000 -106.537
13.965 0.243314 2000 -105.112
13.97 0.23996 2000 -103.663
13.975 0.236562 2000 -102.195
13.98 0.233141 2000 -100.717
13.985 0.229705 2000 -99.2327
13.99 0.226258 2000 -97.7436
13.995 0.222798 2000 -96.2487
14 0.219315 2000 -94.7441
14.005 0.215792 2000 -93.222
14.01 0.212217 2000 -91.6778
14.015 0.208594 2000 -90.1124
14.02 0.20492 2000 -88.5255
14.025 0.201191 2000 -86.9143
14.03 0.197408 2000 -85.2802
14.035 0.193584 2000 -83.6282
14.04 0.189725 2000 -81.9611
14.045 0.185835 2000 -80.2805
14.05 0.181914 2000 -78.5869
14.055 0.177966 2000 -76.8812
14.06 0.173994 2000 -75.1653
14.065 0.170002 2000 -73.441
14.07 0.165995 2000 -71.71
14.075 0.161976 2000 -69.9735
14.08 0.157945 2000 -68.2323
14.085 0.153899 2000 -66.4844
14.09 0.149821 2000 -64.7227
14.095 0.145697 2000 -62.9413
14.1 0.141532 2000 -61.1419
14.105 0.137343 2000 -59.3323
14.11 0.133153 2000 -57.5222
14.115 0.128971 2000 -55.7156
14.12 0.124788 2000 -53.9085
14.125 0.120594 2000 -52.0964
14.13 0.11638 2000 -50.2764
14.135 0.112134 2000 -48.4421
14.14 0.107845 2000 -46.5888
14.145 0.103522 2000 -44.7214
14.15 0.0991776 2000 -42.8447
14.155 0.0948008 2000 -40.9539
14.16 0.0903839 2000 -39.0459
14.165 0.0859423 2000 -37.1271
14.17 0.0814864 2000 -35.2021
14.175 0.0770117 2000 -33.2691
14.18 0.0725166 2000 -31.3272
14.185 0.0680047 2000 -29.3781
14.19 0.0634776 2000 -27.4223
14.195 0.0589319 2000 -25.4586
14.2 0.0543657 2000 -23.486
14.205 0.0497861 2000 -21.5076
14.21 0.0451976 2000 -19.5253
14.215 0.0405852 2000 -17.5328
14.22 0.0359274 2000 -15.5207
14.225 0.031224 2000 -13.4887
14.23 0.0264887 2000 -11.4431
14.235 0.0217272 2000 -9.38615
14.24 0.0169444 2000 -7.32
14.245 0.0121585 2000 -5.25246
14.25 0.00737928 2000 -3.18785
14.255 0.00259078 2000 -1.11922
14.26 -0.00222426 2000 0.960879
14.265 -0.0070566 2000 3.04845
14.27 -0.011884 2000 5.13389
14.275 -0.0166974 2000 7.21327
14.28 -0.0215032 2000 9.28939
14.285 -0.0263081 2000 11.3651
14.29 -0.031111 2000 13.44
14.295 -0.035914 2000 15.5148
14.3 -0.0407296 2000 17.5952
14.305 -0.0455685 2000 19.6856
14.31 -0.050426 2000 21.784
14.315 -0.0552944 2000 23.8872
14.32 -0.0601811 2000 25.9982
14.325 -0.0651038 2000 28.1248
14.33 -0.0700699 2000 30.2702
14.335 -0.0750683 2000 32.4295
14.34 -0.080079 2000 34.5941
14.345 -0.0850833 2000 36.756
14.35 -0.090074 2000 38.912
14.355 -0.0950543 2000 41.0635
14.36 -0.100029 2000 43.2124
14.365 -0.104999 2000 45.3594
14.37 -0.109965 2000 47.5047
14.375 -0.114939 2000 49.6538
14.38 -0.119943 2000 51.8152
14.385 -0.124975 2000 53.9891
14.39 -0.130013 2000 56.1658
14.395 -0.135037 2000 58.3362
14.4 -0.14004 2000 60.4974
14.405 -0.145026 2000 62.6513
14.41 -0.15 2000 64.8001
14.415 -0.15496 2000 66.9428
14.42 -0.15991 2000 69.0811
14.425 -0.16486 2000 71.2195
14.43 -0.169809 2000 73.3573
14.435 -0.174742 2000 75.4883
14.44 -0.17965 2000 77.6086
14.445 -0.184534 2000 79.7189
14.45 -0.189397 2000 81.8193
14.455 -0.194228 2000 83.9064
14.46 -0.199028 2000 85.98
14.465 -0.20381 2000 88.046
14.47 -0.208589 2000 90.1104
14.475 -0.213369 2000 92.1754
14.48 -0.218138 2000 94.2358
14.485 -0.222873 2000 96.281
14.49 -0.227557 2000 98.3047
14.495 -0.232197 2000 100.309
14.5 -0.236805 2000 102.3
14.505 -0.241388 2000 104.28
14.51 -0.245956 2000 106.253
14.515 -0.250527 2000 108.228
14.52 -0.255113 2000 110.209
14.525 -0.259702 2000 112.191
14.53 -0.264264 2000 114.162
14.535 -0.268779 2000 116.113
14.54 -0.273252 2000 118.045
14.545 -0.277701 2000 119.967
14.55 -0.282139 2000 121.884
14.555 -0.286569 2000 123.798
14.56 -0.290987 2000 125.706
14.565 -0.295385 2000 127.606
14.57 -0.299761 2000 129.497
14.575 -0.304116 2000 131.378
14.58 -0.308449 2000 133.25
14.585 -0.312757 2000 135.111
14.59 -0.317046 2000 136.964
14.595 -0.321317 2000 138.809
14.6 -0.325553 2000 140.639
14.605 -0.329727 2000 142.442
14.61 -0.33384 2000 144.219
14.615 -0.337917 2000 145.98
14.62 -0.34198 2000 147.735
14.625 -0.346028 2000 149.484
14.63 -0.350039 2000 151.217
14.635 -0.354002 2000 152.929
14.64 -0.357935 2000 154.628
14.645 -0.361861 2000 156.324
14.65 -0.365788 2000 158.02
14.655 -0.369722 2000 159.72
14.66 -0.373669 2000 161.425
14.665 -0.377613 2000 163.129
14.67 -0.381527 2000 164.82
14.675 -0.385399 2000 166.492
14.68 -0.38923 2000 168.147
14.685 -0.39302 2000 169.785
14.69 -0.396769 2000 171.404
14.695 -0.400469 2000 173.002
14.7 -0.404105 2000 174.573
14.705 -0.407668 2000 176.113
14.71 -0.411168 2000 177.625
14.715 -0.414635 2000 179.122
14.72 -0.41809 2000 180.615
14.725 -0.421519 2000 182.096
14.73 -0.424886 2000 183.551
14.735 -0.428182 2000 184.974
14.74 -0.431435 2000 186.38
14.745 -0.434663 2000 187.774
14.75 -0.437855 2000 189.153
14.755 -0.44099 2000 190.508
14.76 -0.444066 2000 191.837
14.765 -0.447104 2000 193.149
14.77 -0.450125 2000 194.454
14.775 -0.453128 2000 195.751
14.78 -0.456098 2000 197.035
14.785 -0.459034 2000 198.302
14.79 -0.461932 2000 199.555
14.795 -0.464789 2000 200.789
14.8 -0.467598 2000 202.002
14.805 -0.470362 2000 203.196
14.81 -0.473089 2000 204.374
14.815 -0.475788 2000 205.541
14.82 -0.478465 2000 206.697
14.825 -0.481111 2000 207.84
14.83 -0.483702 2000 208.959
14.835 -0.486224 2000 210.049
14.84 -0.488688 2000 211.113
14.845 -0.491114 2000 212.161
14.85 -0.493504 2000 213.194
14.855 -0.495851 2000 214.208
14.86 -0.498154 2000 215.203
14.865 -0.500413 2000 216.178
14.87 -0.502626 2000 217.134
14.875 -0.504787 2000 218.068
14.88 -0.506889 2000 218.976
14.885 -0.508938 2000 219.861
14.89 -0.510957 2000 220.734
14.895 -0.512962 2000 221.6
14.9 -0.514959 2000 222.462
14.905 -0.516947 2000 223.321
14.91 -0.518917 2000 224.172
14.915 -0.520858 2000 225.011
14.92 -0.52277 2000 225.836
14.925 -0.524653 2000 226.65
14.93 -0.526507 2000 227.451
14.935 -0.528333 2000 228.24
14.94 -0.530123 2000 229.013
14.945 -0.53185 2000 229.759
14.95 -0.533502 2000 230.473
14.955 -0.535098 2000 231.162
14.96 -0.536662 2000 231.838
14.965 -0.5382 2000 232.502
14.97 -0.539704 2000 233.152
14.975 -0.541162 2000 233.782
14.98 -0.542571 2000 234.391
14.985 -0.54394 2000 234.982
14.99 -0.545259 2000 235.552
14.995 -0.546507 2000 236.091
15 -0.547683 2000 236.599
15.005 -0.548808 2000 237.085
15.01 -0.549894 2000 237.554
15.015 -0.550928 2000 238.001
15.02 -0.551892 2000 238.417
15.025 -0.552781 2000 238.801
15.03 -0.553618 2000 239.163
15.035 -0.554424 2000 239.511
15.04 -0.555198 2000 239.846
15.045 -0.555929 2000 240.161
15.05 -0.556598 2000 240.451
15.055 -0.557193 2000 240.707
15.06 -0.557715 2000 240.933
15.065 -0.558185 2000 241.136
15.07 -0.558613 2000 241.321
15.075 -0.558988 2000 241.483
15.08 -0.559298 2000 241.617
15.085 -0.559538 2000 241.72
15.09 -0.559712 2000 241.795
15.095 -0.559818 2000 241.841
15.1 -0.559838 2000 241.85
15.105 -0.559764 2000 241.818
15.11 -0.559627 2000 241.759
15.115 -0.559458 2000 241.686
15.12 -0.559255 2000 241.598
15.125 -0.55899 2000 241.484
15.13 -0.55864 2000 241.332
15.135 -0.558205 2000 241.144
15.14 -0.557697 2000 240.925
15.145 -0.557134 2000 240.682
15.15 -0.556531 2000 240.421
15.155 -0.555889 2000 240.144
15.16 -0.555197 2000 239.845
15.165 -0.554445 2000 239.52
15.17 -0.55365 2000 239.177
15.175 -0.55283 2000 238.823
15.18 -0.551984 2000 238.457
15.185 -0.551104 2000 238.077
15.19 -0.550186 2000 237.68
15.195 -0.549235 2000 237.269
15.2 -0.548248 2000 236.843
15.205 -0.547207 2000 236.394
15.21 -0.546093 2000 235.912
15.215 -0.544917 2000 235.404
15.22 -0.543707 2000 234.881
15.225 -0.542465 2000 234.345
15.23 -0.541166 2000 233.784
15.235 -0.539788 2000 233.188
15.24 -0.538334 2000 232.56
15.245 -0.53683 2000 231.911
15.25 -0.535298 2000 231.249
15.255 -0.533729 2000 230.571
15.26 -0.532107 2000 229.87
15.265 -0.530427 2000 229.145
15.27 -0.528699 2000 228.398
15.275 -0.526921 2000 227.63
15.28 -0.525078 2000 226.834
15.285 -0.523162 2000 226.006
15.29 -0.52119 2000 225.154
15.295 -0.519178 2000 224.285
15.3 -0.517123 2000 223.397
15.305 -0.515013 2000 222.486
15.31 -0.512843 2000 221.548
15.315 -0.510606 2000 220.582
15.32 -0.508309 2000 219.59
15.325 -0.505968 2000 218.578
15.33 -0.503586 2000 217.549
15.335 -0.501159 2000 216.501
15.34 -0.498683 2000 215.431
15.345 -0.496153 2000 214.338
15.35 -0.493562 2000 213.219
15.355 -0.4909 2000 212.069
15.36 -0.488173 2000 210.891
15.365 -0.485408 2000 209.696
15.37 -0.482629 2000 208.496
15.375 -0.479822 2000 207.283
15.38 -0.476951 2000 206.043
15.385 -0.474016 2000 204.775
15.39 -0.471051 2000 203.494
15.395 -0.468076 2000 202.209
15.4 -0.46508 2000 200.914
15.405 -0.462044 2000 199.603
15.41 -0.458957 2000 198.269
15.415 -0.45581 2000 196.91
15.42 -0.452602 2000 195.524
15.425 -0.449346 2000 194.117
15.43 -0.44606 2000 192.698
15.435 -0.442754 2000 191.27
15.44 -0.439414 2000 189.827
15.445 -0.436019 2000 188.36
15.45 -0.432562 2000 186.867
15.455 -0.429041 2000 185.346
15.46 -0.425457 2000 183.798
15.465 -0.421832 2000 182.231
15.47 -0.418183 2000 180.655
15.475 -0.414506 2000 179.067
15.48 -0.410781 2000 177.457
15.485 -0.406993 2000 175.821
15.49 -0.403143 2000 174.158
15.495 -0.399243 2000 172.473
15.5 -0.395295 2000 170.768
15.505 -0.391294 2000 169.039
15.51 -0.38723 2000 167.283
15.515 -0.383098 2000 165.498
15.52 -0.378897 2000 163.684
15.525 -0.37463 2000 161.84
15.53 -0.370294 2000 159.967
15.535 -0.365891 2000 158.065
15.54 -0.361428 2000 156.137
15.545 -0.356928 2000 154.193
15.55 -0.352417 2000 152.244
15.555 -0.347905 2000 150.295
15.56 -0.34337 2000 148.336
15.565 -0.338775 2000 146.351
15.57 -0.334104 2000 144.333
15.575 -0.329367 2000 142.286
15.58 -0.324586 2000 140.221
15.585 -0.319777 2000 138.144
15.59 -0.314947 2000 136.057
15.595 -0.310098 2000 133.962
15.6 -0.305229 2000 131.859
15.605 -0.300329 2000 129.742
15.61 -0.295383 2000 127.605
15.615 -0.290392 2000 125.45
15.62 -0.285373 2000 123.281
15.625 -0.280328 2000 121.102
15.63 -0.275235 2000 118.902
15.635 -0.270079 2000 116.674
15.64 -0.264862 2000 114.42
15.645 -0.259589 2000 112.143
15.65 -0.254259 2000 109.84
15.655 -0.248879 2000 107.516
15.66 -0.243468 2000 105.178
15.665 -0.238041 2000 102.834
15.67 -0.232584 2000 100.476
15.675 -0.227079 2000 98.0979
15.68 -0.221533 2000 95.7021
15.685 -0.215969 2000 93.2986
15.69 -0.210399 2000 90.8926
15.695 -0.204821 2000 88.4826
15.7 -0.199228 2000 86.0663
15.705 -0.193613 2000 83.6408
15.71 -0.187975 2000 81.2053
15.715 -0.182321 2000 78.7625
15.72 -0.176645 2000 76.3108
15.725 -0.170923 2000 73.8386
15.73 -0.165129 2000 71.3359
15.735 -0.159278 2000 68.8082
15.74 -0.153401 2000 66.2693
15.745 -0.147507 2000 63.723
15.75 -0.141578 2000 61.1616
15.755 -0.135601 2000 58.5798
15.76 -0.129586 2000 55.9811
15.765 -0.123541 2000 53.3696
15.77 -0.117466 2000 50.7453
15.775 -0.111354 2000 48.105
15.78 -0.105192 2000 45.4429
15.785 -0.0989717 2000 42.7558
15.79 -0.0927051 2000 40.0486
15.795 -0.0864097 2000 37.329
15.8 -0.0800903 2000 34.599
15.805 -0.0737488 2000 31.8595
15.81 -0.0673964 2000 29.1152
15.815 -0.0610423 2000 26.3703
15.82 -0.0546788 2000 23.6212
15.825 -0.0482851 2000 20.8592
15.83 -0.0418505 2000 18.0794
15.835 -0.0353876 2000 15.2874
15.84 -0.0289149 2000 12.4912
15.845 -0.022437 2000 9.69279
15.85 -0.0159493 2000 6.89009
15.855 -0.00944681 2000 4.08102
15.86 -0.00292318 2000 1.26281
15.865 0.0036224 2000 -1.56488
15.87 0.0101776 2000 -4.39673
15.875 0.0167338 2000 -7.22899
15.88 0.0232988 2000 -10.0651
15.885 0.0298764 2000 -12.9066
15.89 0.036451 2000 -15.7468
15.895 0.0430074 2000 -18.5792
15.9 0.0495486 2000 -21.405
15.905 0.0560893 2000 -24.2306
15.91 0.0626452 2000 -27.0627
15.915 0.0692293 2000 -29.907
15.92 0.075847 2000 -32.7659
15.925 0.082491 2000 -35.6361
15.93 0.0891472 2000 -38.5116
15.935 0.0958089 2000 -41.3894
15.94 0.102481 2000 -44.2717
15.945 0.10917 2000 -47.1612
15.95 0.115876 2000 -50.0586
15.955 0.1226 2000 -52.9632
15.96 0.129339 2000 -55.8745
15.965 0.136093 2000 -58.7921
15.97 0.142864 2000 -61.7171
15.975 0.149656 2000 -64.6514
15.98 0.156466 2000 -67.5934
15.985 0.163286 2000 -70.5394
15.99 0.170112 2000 -73.4885
15.995 0.176948 2000 -76.4416
16 0.183789 2000 -79.397
16.005 0.19063 2000 -82.352
16.01 0.197473 2000 -85.3082
16.015 0.204326 2000 -88.2687
