0.1 1.47511e-17 -0.0157029 -6.8292e-20
0.2 4.13787e-17 -0.0316503 -1.91568e-19
0.3 8.25742e-17 -0.0478538 -3.82288e-19
0.4 1.11973e-16 -0.0643262 -5.18395e-19
0.5 5.01692e-17 -0.0810817 -2.32265e-19
0.6 3.61354e-17 -0.098141 -1.67294e-19
0.7 1.09246e-16 -0.115606 -5.05771e-19
0.8 2.11677e-16 -0.133653 -9.79985e-19
0.9 1.85854e-16 -0.152169 -8.60434e-19
1 2.1371e-16 -0.171099 -9.89397e-19
0.005 9.10287e-07 -0.171099 -3.16072e-09
0.01 4.5549e-06 -0.171099 -1.58156e-08
0.015 1.18544e-05 -0.171099 -4.1161e-08
0.02 2.28221e-05 -0.171099 -7.92432e-08
0.025 3.7471e-05 -0.171099 -1.30107e-07
0.03 5.58137e-05 -0.171099 -1.93797e-07
0.035 7.78622e-05 -0.171099 -2.70354e-07
0.04 0.000103628 -0.171099 -3.59819e-07
0.045 0.000133123 -0.171099 -4.6223e-07
0.05 0.000166356 -0.171099 -5.77625e-07
0.055 0.000203339 -0.1711 -7.06038e-07
0.06 0.000244082 -0.1711 -8.47504e-07
0.065 0.000288592 -0.1711 -1.00205e-06
0.07 0.00033688 -0.1711 -1.16972e-06
0.075 0.000388952 -0.1711 -1.35053e-06
0.08 0.000444818 -0.1711 -1.5445e-06
0.085 0.000504487 -0.1711 -1.75168e-06
0.09 0.000567965 -0.171101 -1.97209e-06
0.095 0.000635258 -0.171101 -2.20575e-06
0.1 0.000706373 -0.171101 -2.45267e-06
0.105 0.000781312 -0.171101 -2.71288e-06
0.11 0.000860081 -0.171102 -2.98638e-06
0.115 0.000942687 -0.171102 -3.27321e-06
0.12 0.00102913 -0.171102 -3.57337e-06
0.125 0.00111942 -0.171102 -3.88688e-06
0.13 0.00121357 -0.171103 -4.21375e-06
0.135 0.00131156 -0.171103 -4.554e-06
0.14 0.00141341 -0.171103 -4.90764e-06
0.145 0.00151911 -0.171104 -5.27466e-06
0.15 0.00162867 -0.171104 -5.65508e-06
0.155 0.00174209 -0.171104 -6.0489e-06
0.16 0.00185937 -0.171105 -6.45612e-06
0.165 0.00198052 -0.171105 -6.87675e-06
0.17 0.00210552 -0.171105 -7.31078e-06
0.175 0.00223438 -0.171106 -7.7582e-06
0.18 0.0023671 -0.171106 -8.21903e-06
0.185 0.00250367 -0.171107 -8.69325e-06
0.19 0.00264411 -0.171107 -9.18085e-06
0.195 0.00278839 -0.171107 -9.68183e-06
0.2 0.00293652 -0.171108 -1.01962e-05
0.205 0.0030885 -0.171108 -1.07239e-05
0.21 0.00324431 -0.171109 -1.12649e-05
0.215 0.00340396 -0.171109 -1.18192e-05
0.22 0.00356743 -0.17111 -1.23868e-05
0.225 0.00373474 -0.17111 -1.29677e-05
0.23 0.00390588 -0.171111 -1.35619e-05
0.235 0.00408082 -0.171111 -1.41694e-05
0.24 0.00425956 -0.171112 -1.479e-05
0.245 0.00444208 -0.171113 -1.54237e-05
0.25 0.0046284 -0.171113 -1.60706e-05
0.255 0.0048185 -0.171114 -1.67307e-05
0.26 0.00501239 -0.171114 -1.74039e-05
0.265 0.00521004 -0.171115 -1.80902e-05
0.27 0.00541144 -0.171116 -1.87895e-05
0.275 0.0056166 -0.171116 -1.95018e-05
0.28 0.00582549 -0.171117 -2.02271e-05
0.285 0.00603811 -0.171117 -2.09653e-05
0.29 0.00625444 -0.171118 -2.17165e-05
0.295 0.00647449 -0.171119 -2.24805e-05
0.3 0.00669824 -0.171119 -2.32574e-05
0.305 0.00692569 -0.17112 -2.40471e-05
0.31 0.00715683 -0.171121 -2.48496e-05
0.315 0.00739162 -0.171122 -2.56649e-05
0.32 0.00763005 -0.171122 -2.64927e-05
0.325 0.00787212 -0.171123 -2.73332e-05
0.33 0.00811779 -0.171124 -2.81862e-05
0.335 0.00836707 -0.171125 -2.90517e-05
0.34 0.00861994 -0.171125 -2.99297e-05
0.345 0.00887637 -0.171126 -3.08201e-05
0.35 0.00913635 -0.171127 -3.17227e-05
0.355 0.00939987 -0.171128 -3.26377e-05
0.36 0.00966692 -0.171129 -3.35649e-05
0.365 0.0099375 -0.171129 -3.45044e-05
0.37 0.0102116 -0.17113 -3.5456e-05
0.375 0.0104891 -0.171131 -3.64196e-05
0.38 0.0107701 -0.171132 -3.73951e-05
0.385 0.0110545 -0.171133 -3.83825e-05
0.39 0.0113423 -0.171134 -3.93818e-05
0.395 0.0116335 -0.171135 -4.03928e-05
0.4 0.011928 -0.171136 -4.14156e-05
0.405 0.012226 -0.171137 -4.24501e-05
0.41 0.0125273 -0.171137 -4.34963e-05
0.415 0.0128319 -0.171138 -4.45539e-05
0.42 0.0131399 -0.171139 -4.56231e-05
0.425 0.0134511 -0.17114 -4.67036e-05
0.43 0.0137655 -0.171141 -4.77954e-05
0.435 0.0140832 -0.171142 -4.88984e-05
0.44 0.0144041 -0.171143 -5.00125e-05
0.445 0.0147281 -0.171144 -5.11376e-05
0.45 0.0150554 -0.171145 -5.22737e-05
0.455 0.0153857 -0.171146 -5.34207e-05
0.46 0.0157192 -0.171147 -5.45785e-05
0.465 0.0160557 -0.171148 -5.5747e-05
0.47 0.0163953 -0.171149 -5.69261e-05
0.475 0.016738 -0.17115 -5.81157e-05
0.48 0.0170836 -0.171151 -5.93158e-05
0.485 0.0174323 -0.171153 -6.05262e-05
0.49 0.0177838 -0.171154 -6.17468e-05
0.495 0.0181384 -0.171155 -6.29777e-05
0.5 0.0184958 -0.171156 -6.42187e-05
0.505 0.0188561 -0.171157 -6.54696e-05
0.51 0.0192192 -0.171158 -6.67304e-05
0.515 0.0195852 -0.171159 -6.8001e-05
0.52 0.0199539 -0.17116 -6.92813e-05
0.525 0.0203255 -0.171161 -7.05713e-05
0.53 0.0206998 -0.171163 -7.18707e-05
0.535 0.0210768 -0.171164 -7.31796e-05
0.54 0.0214564 -0.171165 -7.44976e-05
0.545 0.0218387 -0.171166 -7.58248e-05
0.55 0.0222236 -0.171167 -7.71611e-05
0.555 0.022611 -0.171169 -7.85062e-05
0.56 0.023001 -0.17117 -7.98601e-05
0.565 0.0233934 -0.171171 -8.12226e-05
0.57 0.0237883 -0.171172 -8.25936e-05
0.575 0.0241855 -0.171173 -8.39728e-05
0.58 0.0245851 -0.171175 -8.53599e-05
0.585 0.0249868 -0.171176 -8.67548e-05
0.59 0.0253908 -0.171177 -8.81574e-05
0.595 0.0257971 -0.171178 -8.9568e-05
0.6 0.0262058 -0.17118 -9.09866e-05
0.605 0.0266167 -0.171181 -9.24132e-05
0.61 0.0270298 -0.171182 -9.38475e-05
0.615 0.0274451 -0.171183 -9.52892e-05
0.62 0.0278625 -0.171185 -9.67385e-05
0.625 0.0282821 -0.171186 -9.81953e-05
0.63 0.0287039 -0.171187 -9.96595e-05
0.635 0.0291277 -0.171189 -0.000101131
0.64 0.0295536 -0.17119 -0.000102609
0.645 0.0299814 -0.171191 -0.000104095
0.65 0.0304111 -0.171193 -0.000105587
0.655 0.0308428 -0.171194 -0.000107085
0.66 0.0312763 -0.171195 -0.00010859
0.665 0.0317115 -0.171197 -0.000110101
0.67 0.0321484 -0.171198 -0.000111618
0.675 0.032587 -0.171199 -0.000113141
0.68 0.0330272 -0.171201 -0.000114669
0.685 0.0334692 -0.171202 -0.000116203
0.69 0.0339128 -0.171203 -0.000117743
0.695 0.0343579 -0.171205 -0.000119289
0.7 0.0348045 -0.171206 -0.000120839
0.705 0.0352527 -0.171208 -0.000122395
0.71 0.0357023 -0.171209 -0.000123956
0.715 0.0361533 -0.17121 -0.000125522
0.72 0.0366057 -0.171212 -0.000127092
0.725 0.0370595 -0.171213 -0.000128668
0.73 0.0375146 -0.171215 -0.000130248
0.735 0.0379709 -0.171216 -0.000131832
0.74 0.0384283 -0.171217 -0.00013342
0.745 0.0388868 -0.171219 -0.000135011
0.75 0.0393463 -0.17122 -0.000136607
0.755 0.0398067 -0.171222 -0.000138205
0.76 0.0402681 -0.171223 -0.000139807
0.765 0.0407303 -0.171225 -0.000141411
0.77 0.0411935 -0.171226 -0.000143019
0.775 0.0416574 -0.171228 -0.00014463
0.78 0.0421223 -0.171229 -0.000146244
0.785 0.0425881 -0.17123 -0.00014786
0.79 0.0430547 -0.171232 -0.00014948
0.795 0.043522 -0.171233 -0.000151103
0.8 0.04399 -0.171235 -0.000152727
0.805 0.0444585 -0.171236 -0.000154354
0.81 0.0449277 -0.171238 -0.000155982
0.815 0.0453973 -0.171239 -0.000157613
0.82 0.0458674 -0.171241 -0.000159245
0.825 0.0463378 -0.171242 -0.000160878
0.83 0.0468085 -0.171244 -0.000162512
0.835 0.0472796 -0.171245 -0.000164147
0.84 0.0477511 -0.171246 -0.000165784
0.845 0.0482228 -0.171248 -0.000167421
0.85 0.0486947 -0.171249 -0.00016906
0.855 0.0491669 -0.171251 -0.000170699
0.86 0.0496393 -0.171252 -0.000172339
0.865 0.0501119 -0.171254 -0.000173979
0.87 0.0505845 -0.171255 -0.00017562
0.875 0.0510572 -0.171257 -0.000177261
0.88 0.0515298 -0.171258 -0.000178901
0.885 0.0520023 -0.17126 -0.000180542
0.89 0.0524748 -0.171261 -0.000182182
0.895 0.0529472 -0.171263 -0.000183822
0.9 0.0534195 -0.171264 -0.000185461
0.905 0.0538916 -0.171266 -0.0001871
0.91 0.0543635 -0.171267 -0.000188738
0.915 0.0548351 -0.171269 -0.000190375
0.92 0.0553063 -0.17127 -0.000192011
0.925 0.0557771 -0.171271 -0.000193645
0.93 0.0562474 -0.171273 -0.000195278
0.935 0.0567173 -0.171274 -0.000196909
0.94 0.0571868 -0.171276 -0.000198539
0.945 0.0576557 -0.171277 -0.000200166
0.95 0.0581239 -0.171279 -0.000201792
0.955 0.0585914 -0.17128 -0.000203415
0.96 0.0590583 -0.171282 -0.000205035
0.965 0.0595245 -0.171283 -0.000206654
0.97 0.0599899 -0.171285 -0.000208269
0.975 0.0604545 -0.171286 -0.000209882
0.98 0.060918 -0.171287 -0.000211491
0.985 0.0613805 -0.171289 -0.000213096
0.99 0.0618418 -0.17129 -0.000214697
0.995 0.0623019 -0.171292 -0.000216294
1 0.0627608 -0.171293 -0.000217888
1.005 0.0632189 -0.171295 -0.000219477
1.01 0.0636758 -0.171296 -0.000221064
1.015 0.0641316 -0.171298 -0.000222646
1.02 0.0645862 -0.171299 -0.000224224
1.025 0.0650396 -0.1713 -0.000225797
1.03 0.0654917 -0.171302 -0.000227367
1.035 0.0659425 -0.171303 -0.000228932
1.04 0.066392 -0.171305 -0.000230492
1.045 0.0668399 -0.171306 -0.000232047
1.05 0.0672862 -0.171307 -0.000233596
1.055 0.0677306 -0.171309 -0.000235138
1.06 0.0681733 -0.17131 -0.000236675
1.065 0.0686141 -0.171312 -0.000238205
1.07 0.0690532 -0.171313 -0.000239729
1.075 0.0694903 -0.171314 -0.000241247
1.08 0.0699254 -0.171316 -0.000242757
1.085 0.0703584 -0.171317 -0.00024426
1.09 0.0707894 -0.171318 -0.000245756
1.095 0.0712183 -0.17132 -0.000247244
1.1 0.0716449 -0.171321 -0.000248725
1.105 0.0720695 -0.171322 -0.000250199
1.11 0.072492 -0.171324 -0.000251666
1.115 0.0729125 -0.171325 -0.000253125
1.12 0.0733306 -0.171326 -0.000254576
1.125 0.0737462 -0.171328 -0.000256019
1.13 0.0741593 -0.171329 -0.000257453
1.135 0.0745702 -0.17133 -0.000258879
1.14 0.0749789 -0.171331 -0.000260298
1.145 0.0753853 -0.171333 -0.000261708
1.15 0.0757891 -0.171334 -0.00026311
1.155 0.0761902 -0.171335 -0.000264502
1.16 0.0765886 -0.171337 -0.000265885
1.165 0.0769844 -0.171338 -0.000267259
1.17 0.0773776 -0.171339 -0.000268624
1.175 0.0777683 -0.17134 -0.00026998
1.18 0.0781564 -0.171341 -0.000271327
1.185 0.0785418 -0.171343 -0.000272664
1.19 0.0789243 -0.171344 -0.000273992
1.195 0.0793038 -0.171345 -0.000275309
1.2 0.0796802 -0.171346 -0.000276616
1.205 0.0800535 -0.171347 -0.000277911
1.21 0.0804235 -0.171349 -0.000279196
1.215 0.0807904 -0.17135 -0.000280469
1.22 0.081154 -0.171351 -0.000281731
1.225 0.0815145 -0.171352 -0.000282982
1.23 0.0818715 -0.171353 -0.000284222
1.235 0.0822252 -0.171354 -0.000285449
1.24 0.0825758 -0.171355 -0.000286666
1.245 0.0829239 -0.171356 -0.000287874
1.25 0.0832693 -0.171358 -0.000289073
1.255 0.0836116 -0.171359 -0.000290261
1.26 0.0839503 -0.17136 -0.000291437
1.265 0.0842853 -0.171361 -0.000292599
1.27 0.0846165 -0.171362 -0.000293749
1.275 0.0849442 -0.171363 -0.000294886
1.28 0.0852683 -0.171364 -0.000296011
1.285 0.0855888 -0.171365 -0.000297124
1.29 0.0859056 -0.171366 -0.000298223
1.295 0.0862188 -0.171367 -0.00029931
1.3 0.0865283 -0.171368 -0.000300385
1.305 0.0868343 -0.171369 -0.000301447
1.31 0.0871366 -0.17137 -0.000302496
1.315 0.087435 -0.171371 -0.000303531
1.32 0.0877294 -0.171372 -0.000304553
1.325 0.0880199 -0.171372 -0.000305562
1.33 0.0883065 -0.171373 -0.000306556
1.335 0.0885893 -0.171374 -0.000307538
1.34 0.0888686 -0.171375 -0.000308507
1.345 0.089144 -0.171376 -0.000309463
1.35 0.0894154 -0.171377 -0.000310405
1.355 0.0896825 -0.171378 -0.000311332
1.36 0.0899455 -0.171379 -0.000312245
1.365 0.0902042 -0.171379 -0.000313143
1.37 0.0904588 -0.17138 -0.000314027
1.375 0.0907091 -0.171381 -0.000314895
1.38 0.0909549 -0.171382 -0.000315748
1.385 0.0911961 -0.171382 -0.000316586
1.39 0.0914329 -0.171383 -0.000317407
1.395 0.0916652 -0.171384 -0.000318213
1.4 0.0918929 -0.171385 -0.000319004
1.405 0.0921162 -0.171385 -0.000319779
1.41 0.092335 -0.171386 -0.000320538
1.415 0.0925495 -0.171387 -0.000321283
1.42 0.0927594 -0.171387 -0.000322011
1.425 0.0929648 -0.171388 -0.000322724
1.43 0.0931656 -0.171389 -0.000323421
1.435 0.0933616 -0.171389 -0.000324101
1.44 0.0935529 -0.17139 -0.000324765
1.445 0.0937393 -0.17139 -0.000325412
1.45 0.0939211 -0.171391 -0.000326043
1.455 0.0940982 -0.171392 -0.000326658
1.46 0.0942703 -0.171392 -0.000327255
1.465 0.0944375 -0.171393 -0.000327835
1.47 0.0945998 -0.171393 -0.000328399
1.475 0.0947577 -0.171394 -0.000328947
1.48 0.094911 -0.171394 -0.000329479
1.485 0.0950595 -0.171395 -0.000329994
1.49 0.0952029 -0.171395 -0.000330492
1.495 0.095341 -0.171396 -0.000330971
1.5 0.0954742 -0.171396 -0.000331433
1.505 0.0956024 -0.171396 -0.000331878
1.51 0.0957256 -0.171397 -0.000332306
1.515 0.0958434 -0.171397 -0.000332715
1.52 0.095956 -0.171397 -0.000333106
1.525 0.0960636 -0.171398 -0.000333479
1.53 0.0961665 -0.171398 -0.000333836
1.535 0.0962648 -0.171398 -0.000334177
1.54 0.0963581 -0.171399 -0.000334501
1.545 0.0964459 -0.171399 -0.000334806
1.55 0.0965282 -0.171399 -0.000335091
1.555 0.096605 -0.171399 -0.000335358
1.56 0.0966766 -0.1714 -0.000335607
1.565 0.0967431 -0.1714 -0.000335837
1.57 0.0968042 -0.1714 -0.00033605
1.575 0.0968599 -0.1714 -0.000336243
1.58 0.09691 -0.1714 -0.000336416
1.585 0.0969543 -0.171401 -0.00033657
1.59 0.0969928 -0.171401 -0.000336704
1.595 0.0970255 -0.171401 -0.000336817
1.6 0.0970526 -0.171401 -0.000336911
1.605 0.0970743 -0.171401 -0.000336987
1.61 0.0970908 -0.171401 -0.000337044
1.615 0.0971019 -0.171401 -0.000337082
1.62 0.0971073 -0.171401 -0.000337101
1.625 0.0971072 -0.171401 -0.000337101
1.63 0.0971014 -0.171401 -0.000337081
1.635 0.0970901 -0.171401 -0.000337042
1.64 0.0970728 -0.171401 -0.000336982
1.645 0.0970494 -0.171401 -0.0003369
1.65 0.0970197 -0.171401 -0.000336797
1.655 0.0969842 -0.171401 -0.000336674
1.66 0.0969431 -0.171401 -0.000336531
1.665 0.0968965 -0.171401 -0.000336369
1.67 0.0968442 -0.171401 -0.000336188
1.675 0.0967865 -0.171401 -0.000335987
1.68 0.0967231 -0.171401 -0.000335767
1.685 0.0966537 -0.171401 -0.000335527
1.69 0.0965784 -0.171401 -0.000335265
1.695 0.096497 -0.171401 -0.000334982
1.7 0.0964098 -0.171401 -0.000334679
1.705 0.0963167 -0.171401 -0.000334356
1.71 0.0962179 -0.171401 -0.000334013
1.715 0.096113 -0.171401 -0.000333649
1.72 0.0960017 -0.171401 -0.000333262
1.725 0.0958838 -0.171401 -0.000332853
1.73 0.0957592 -0.171401 -0.000332421
1.735 0.095628 -0.171401 -0.000331965
1.74 0.0954904 -0.171401 -0.000331487
1.745 0.0953465 -0.171401 -0.000330987
1.75 0.0951963 -0.171401 -0.000330466
1.755 0.0950398 -0.171401 -0.000329922
1.76 0.0948767 -0.171401 -0.000329356
1.765 0.0947074 -0.171401 -0.000328769
1.77 0.094532 -0.171401 -0.000328159
1.775 0.0943505 -0.171401 -0.000327529
1.78 0.0941629 -0.171401 -0.000326878
1.785 0.0939692 -0.171401 -0.000326205
1.79 0.0937696 -0.171401 -0.000325512
1.795 0.0935642 -0.171401 -0.000324799
1.8 0.0933529 -0.171401 -0.000324065
1.805 0.0931356 -0.171401 -0.000323311
1.81 0.0929122 -0.171401 -0.000322535
1.815 0.0926827 -0.171401 -0.000321738
1.82 0.0924467 -0.171401 -0.000320919
1.825 0.0922044 -0.171401 -0.000320077
1.83 0.0919559 -0.171401 -0.000319214
1.835 0.0917013 -0.171401 -0.000318331
1.84 0.0914408 -0.171401 -0.000317426
1.845 0.0911742 -0.171401 -0.0003165
1.85 0.0909016 -0.171401 -0.000315554
1.855 0.0906226 -0.171401 -0.000314585
1.86 0.0903374 -0.171401 -0.000313595
1.865 0.0900462 -0.171401 -0.000312584
1.87 0.0897494 -0.171401 -0.000311553
1.875 0.0894469 -0.171401 -0.000310503
1.88 0.0891384 -0.171401 -0.000309432
1.885 0.0888238 -0.171401 -0.000308339
1.89 0.088503 -0.171401 -0.000307225
1.895 0.088176 -0.171401 -0.00030609
1.9 0.0878429 -0.171401 -0.000304933
1.905 0.0875041 -0.171401 -0.000303757
1.91 0.0871594 -0.171401 -0.00030256
1.915 0.086809 -0.171401 -0.000301343
1.92 0.086453 -0.171401 -0.000300107
1.925 0.0860916 -0.171401 -0.000298852
1.93 0.0857248 -0.171401 -0.000297579
1.935 0.0853528 -0.171401 -0.000296287
1.94 0.0849752 -0.171401 -0.000294976
1.945 0.0845917 -0.171401 -0.000293644
1.95 0.0842024 -0.171401 -0.000292293
1.955 0.0838077 -0.171401 -0.000290922
1.96 0.0834075 -0.171401 -0.000289533
1.965 0.0830015 -0.171401 -0.000288123
1.97 0.0825892 -0.171401 -0.000286691
1.975 0.0821709 -0.171401 -0.000285239
1.98 0.0817465 -0.171401 -0.000283765
1.985 0.0813162 -0.171401 -0.000282271
1.99 0.0808798 -0.171401 -0.000280756
1.995 0.080437 -0.171401 -0.000279218
2 0.0799883 -0.171401 -0.00027766
2.005 0.0795346 -0.171401 -0.000276085
2.01 0.0790763 -0.171401 -0.000274494
2.015 0.0786132 -0.171401 -0.000272886
2.02 0.0781448 -0.171401 -0.000271259
2.025 0.0776711 -0.171401 -0.000269614
2.03 0.0771921 -0.171401 -0.000267951
2.035 0.0767079 -0.171401 -0.00026627
2.04 0.0762184 -0.171401 -0.00026457
2.045 0.0757242 -0.171401 -0.000262855
2.05 0.0752257 -0.171401 -0.000261124
2.055 0.0747228 -0.171401 -0.000259377
2.06 0.0742152 -0.171401 -0.000257615
2.065 0.0737031 -0.171401 -0.000255837
2.07 0.0731862 -0.171401 -0.000254042
2.075 0.0726643 -0.171401 -0.00025223
2.08 0.0721376 -0.171401 -0.000250401
2.085 0.0716063 -0.171401 -0.000248556
2.09 0.0710704 -0.171401 -0.000246696
2.095 0.0705305 -0.171401 -0.000244821
2.1 0.0699864 -0.171401 -0.000242932
2.105 0.0694376 -0.171401 -0.000241026
2.11 0.0688833 -0.171401 -0.000239101
2.115 0.0683238 -0.171401 -0.000237159
2.12 0.0677594 -0.171401 -0.000235199
2.125 0.0671903 -0.171401 -0.000233223
2.13 0.0666161 -0.171401 -0.000231229
2.135 0.0660362 -0.171401 -0.000229216
2.14 0.0654503 -0.171401 -0.000227181
2.145 0.0648589 -0.171401 -0.000225128
2.15 0.0642626 -0.171401 -0.000223057
2.155 0.0636614 -0.171401 -0.00022097
2.16 0.0630554 -0.171401 -0.000218866
2.165 0.0624446 -0.171401 -0.000216745
2.17 0.0618292 -0.171401 -0.000214608
2.175 0.0612096 -0.171401 -0.000212457
2.18 0.0605859 -0.171401 -0.000210291
2.185 0.0599579 -0.171401 -0.000208111
2.19 0.0593256 -0.171401 -0.000205915
2.195 0.0586889 -0.171401 -0.000203704
2.2 0.0580483 -0.171401 -0.00020148
2.205 0.0574044 -0.171401 -0.000199244
2.21 0.0567568 -0.171401 -0.000196996
2.215 0.0561049 -0.171401 -0.000194732
2.22 0.0554487 -0.171401 -0.000192453
2.225 0.0547892 -0.171401 -0.000190163
2.23 0.0541269 -0.171401 -0.000187864
2.235 0.0534613 -0.171401 -0.000185553
2.24 0.0527918 -0.171401 -0.000183228
2.245 0.0521182 -0.171401 -0.000180889
2.25 0.0514408 -0.171401 -0.000178537
2.255 0.0507595 -0.171401 -0.000176172
2.26 0.0500739 -0.171401 -0.000173791
2.265 0.0493842 -0.171401 -0.000171396
2.27 0.048691 -0.171401 -0.000168989
2.275 0.0479947 -0.171401 -0.000166572
2.28 0.0472952 -0.171401 -0.000164143
2.285 0.0465918 -0.171401 -0.0001617
2.29 0.0458841 -0.171401 -0.000159243
2.295 0.0451721 -0.171401 -0.000156771
2.3 0.0444566 -0.171401 -0.000154287
2.305 0.0437383 -0.171401 -0.000151792
2.31 0.0430176 -0.171401 -0.00014929
2.315 0.0422945 -0.171401 -0.000146779
2.32 0.0415687 -0.171401 -0.000144259
2.325 0.0408403 -0.171401 -0.00014173
2.33 0.0401094 -0.171401 -0.000139192
2.335 0.0393752 -0.171401 -0.000136643
2.34 0.0386375 -0.171401 -0.000134081
2.345 0.037897 -0.171401 -0.00013151
2.35 0.0371544 -0.171401 -0.000128932
2.355 0.0364096 -0.171402 -0.000126345
2.36 0.0356619 -0.171402 -0.000123749
2.365 0.0349113 -0.171402 -0.000121143
2.37 0.0341576 -0.171402 -0.000118526
2.375 0.0334006 -0.171402 -0.000115898
2.38 0.0326403 -0.171402 -0.000113258
2.385 0.0318773 -0.171402 -0.000110608
2.39 0.0311122 -0.171402 -0.000107952
2.395 0.0303452 -0.171402 -0.000105289
2.4 0.0295757 -0.171402 -0.000102617
2.405 0.0288031 -0.171402 -9.99341e-05
2.41 0.0280272 -0.171402 -9.72399e-05
2.415 0.0272482 -0.171402 -9.45354e-05
2.42 0.0264673 -0.171402 -9.1824e-05
2.425 0.0256853 -0.171402 -8.91085e-05
2.43 0.024902 -0.171402 -8.63886e-05
2.435 0.0241167 -0.171402 -8.36621e-05
2.44 0.0233291 -0.171402 -8.09271e-05
2.445 0.0225387 -0.171402 -7.81828e-05
2.45 0.0217457 -0.171403 -7.54295e-05
2.455 0.0209507 -0.171403 -7.26694e-05
2.46 0.0201545 -0.171403 -6.99047e-05
2.465 0.019357 -0.171403 -6.71355e-05
2.47 0.0185577 -0.171403 -6.43601e-05
2.475 0.0177563 -0.171403 -6.15776e-05
2.48 0.0169529 -0.171404 -5.8788e-05
2.485 0.0161475 -0.171404 -5.59916e-05
2.49 0.0153403 -0.171404 -5.31887e-05
2.495 0.0145314 -0.171405 -5.03802e-05
2.5 0.0137212 -0.171405 -4.75668e-05
2.505 0.0129094 -0.171406 -4.47483e-05
2.51 0.012096 -0.171406 -4.1924e-05
2.515 0.0112809 -0.171407 -3.90942e-05
2.52 0.0104645 -0.171408 -3.62599e-05
2.525 0.00964742 -0.171409 -3.34226e-05
2.53 0.00883015 -0.17141 -3.05849e-05
2.535 0.00801288 -0.171411 -2.7747e-05
2.54 0.00719526 -0.171412 -2.49081e-05
2.545 0.00637653 -0.171414 -2.20652e-05
2.55 0.00555591 -0.171415 -1.92156e-05
2.555 0.00473326 -0.171417 -1.63589e-05
2.56 0.00390919 -0.17142 -1.34973e-05
2.565 0.00308477 -0.171422 -1.06345e-05
2.57 0.00226069 -0.171425 -7.77295e-06
2.575 0.0014364 -0.171427 -4.91075e-06
2.58 0.000610972 -0.17143 -2.04462e-06
2.585 -0.000215674 -0.171432 8.25696e-07
2.59 -0.00104281 -0.171435 3.69769e-06
2.595 -0.00187001 -0.171438 6.56986e-06
2.6 -0.00269751 -0.17144 9.44305e-06
2.605 -0.00352552 -0.171443 1.2318e-05
2.61 -0.0043539 -0.171445 1.51942e-05
2.615 -0.0051825 -0.171448 1.80711e-05
2.62 -0.00601131 -0.17145 2.09488e-05
2.625 -0.00684022 -0.171453 2.38268e-05
2.63 -0.00766872 -0.171455 2.67033e-05
2.635 -0.00849644 -0.171458 2.95772e-05
2.64 -0.0093236 -0.17146 3.24491e-05
2.645 -0.0101507 -0.171463 3.53206e-05
2.65 -0.010978 -0.171465 3.81932e-05
2.655 -0.0118056 -0.171468 4.10664e-05
2.66 -0.0126328 -0.171471 4.39383e-05
2.665 -0.0134588 -0.171473 4.68061e-05
2.67 -0.0142834 -0.171476 4.96692e-05
2.675 -0.0151072 -0.171478 5.25292e-05
2.68 -0.0159305 -0.171481 5.53876e-05
2.685 -0.0167532 -0.171483 5.82439e-05
2.69 -0.0175752 -0.171486 6.10979e-05
2.695 -0.0183972 -0.171488 6.39515e-05
2.7 -0.0192195 -0.171491 6.68065e-05
2.705 -0.0200418 -0.171493 6.96612e-05
2.71 -0.0208631 -0.171496 7.25128e-05
2.715 -0.0216827 -0.171499 7.53581e-05
2.72 -0.0225003 -0.171501 7.81967e-05
2.725 -0.0233175 -0.171504 8.10336e-05
2.73 -0.0241357 -0.171506 8.38744e-05
2.735 -0.0249549 -0.171509 8.67183e-05
2.74 -0.0257737 -0.171511 8.95611e-05
2.745 -0.0265915 -0.171514 9.24002e-05
2.75 -0.0274087 -0.171516 9.52372e-05
2.755 -0.0282262 -0.171519 9.8075e-05
2.76 -0.0290442 -0.171521 0.000100915
2.765 -0.0298625 -0.171524 0.000103756
2.77 -0.0306799 -0.171526 0.000106593
2.775 -0.0314956 -0.171529 0.000109425
2.78 -0.0323093 -0.171531 0.00011225
2.785 -0.0331205 -0.171534 0.000115066
2.79 -0.0339293 -0.171536 0.000117874
2.795 -0.0347363 -0.171539 0.000120676
2.8 -0.0355418 -0.171541 0.000123472
2.805 -0.0363454 -0.171544 0.000126262
2.81 -0.037147 -0.171546 0.000129045
2.815 -0.0379473 -0.171549 0.000131823
2.82 -0.0387467 -0.171551 0.000134598
2.825 -0.0395452 -0.171554 0.00013737
2.83 -0.0403424 -0.171556 0.000140137
2.835 -0.0411374 -0.171559 0.000142897
2.84 -0.0419303 -0.171561 0.00014565
2.845 -0.042722 -0.171564 0.000148398
2.85 -0.0435128 -0.171566 0.000151143
2.855 -0.0443018 -0.171569 0.000153882
2.86 -0.0450879 -0.171571 0.000156611
2.865 -0.0458716 -0.171574 0.000159331
2.87 -0.0466531 -0.171576 0.000162044
2.875 -0.0474324 -0.171578 0.000164749
2.88 -0.0482092 -0.171581 0.000167446
2.885 -0.0489836 -0.171583 0.000170134
2.89 -0.0497557 -0.171586 0.000172814
2.895 -0.0505255 -0.171588 0.000175486
2.9 -0.0512925 -0.171591 0.000178149
2.905 -0.0520568 -0.171593 0.000180802
2.91 -0.0528188 -0.171595 0.000183447
2.915 -0.0535789 -0.171598 0.000186086
2.92 -0.0543368 -0.1716 0.000188717
2.925 -0.0550924 -0.171602 0.000191339
2.93 -0.0558454 -0.171605 0.000193953
2.935 -0.0565959 -0.171607 0.000196558
2.94 -0.0573434 -0.171609 0.000199153
2.945 -0.0580875 -0.171612 0.000201736
2.95 -0.0588285 -0.171614 0.000204308
2.955 -0.0595673 -0.171616 0.000206873
2.96 -0.060304 -0.171619 0.00020943
2.965 -0.0610377 -0.171621 0.000211976
2.97 -0.0617679 -0.171623 0.000214511
2.975 -0.062495 -0.171626 0.000217035
2.98 -0.0632191 -0.171628 0.000219548
2.985 -0.06394 -0.17163 0.000222051
2.99 -0.0646572 -0.171632 0.00022454
2.995 -0.0653701 -0.171635 0.000227014
3 -0.066078 -0.171637 0.000229472
3.005 -0.0667815 -0.171639 0.000231914
3.01 -0.0674817 -0.171641 0.000234344
3.015 -0.0681791 -0.171643 0.000236765
3.02 -0.0688729 -0.171646 0.000239173
3.025 -0.0695623 -0.171648 0.000241566
3.03 -0.0702467 -0.17165 0.000243941
3.035 -0.0709262 -0.171652 0.0002463
3.04 -0.0716015 -0.171654 0.000248644
3.045 -0.0722735 -0.171656 0.000250976
3.05 -0.0729425 -0.171658 0.000253298
3.055 -0.0736083 -0.17166 0.000255609
3.06 -0.0742706 -0.171662 0.000257908
3.065 -0.0749292 -0.171665 0.000260194
3.07 -0.0755843 -0.171667 0.000262468
3.075 -0.076236 -0.171669 0.00026473
3.08 -0.0768838 -0.171671 0.000266978
3.085 -0.077527 -0.171673 0.000269211
3.09 -0.0781657 -0.171675 0.000271427
3.095 -0.0788002 -0.171677 0.00027363
3.1 -0.0794301 -0.171679 0.000275816
3.105 -0.0800553 -0.171681 0.000277986
3.11 -0.0806763 -0.171683 0.000280141
3.115 -0.0812933 -0.171685 0.000282283
3.12 -0.0819064 -0.171686 0.00028441
3.125 -0.0825155 -0.171688 0.000286524
3.13 -0.0831209 -0.17169 0.000288626
3.135 -0.0837227 -0.171692 0.000290714
3.14 -0.0843204 -0.171694 0.000292789
3.145 -0.0849139 -0.171696 0.000294849
3.15 -0.0855033 -0.171698 0.000296894
3.155 -0.0860882 -0.1717 0.000298924
3.16 -0.086668 -0.171701 0.000300937
3.165 -0.0872426 -0.171703 0.000302931
3.17 -0.0878127 -0.171705 0.00030491
3.175 -0.0883791 -0.171707 0.000306875
3.18 -0.0889422 -0.171709 0.00030883
3.185 -0.0895016 -0.17171 0.000310771
3.19 -0.0900567 -0.171712 0.000312698
3.195 -0.0906072 -0.171714 0.000314608
3.2 -0.091153 -0.171716 0.000316503
3.205 -0.0916943 -0.171717 0.000318381
3.21 -0.0922323 -0.171719 0.000320249
3.215 -0.0927677 -0.171721 0.000322107
3.22 -0.0932995 -0.171722 0.000323952
3.225 -0.0938255 -0.171724 0.000325778
3.23 -0.0943447 -0.171726 0.00032758
3.235 -0.0948584 -0.171727 0.000329363
3.24 -0.0953681 -0.171729 0.000331131
3.245 -0.0958736 -0.171731 0.000332886
3.25 -0.0963743 -0.171732 0.000334624
3.255 -0.0968707 -0.171734 0.000336346
3.26 -0.0973635 -0.171735 0.000338057
3.265 -0.097852 -0.171737 0.000339752
3.27 -0.0983351 -0.171738 0.000341428
3.275 -0.0988127 -0.17174 0.000343086
3.28 -0.0992855 -0.171741 0.000344727
3.285 -0.0997532 -0.171743 0.00034635
3.29 -0.100216 -0.171744 0.000347956
3.295 -0.100674 -0.171746 0.000349546
3.3 -0.101128 -0.171747 0.000351123
3.305 -0.101579 -0.171749 0.000352685
3.31 -0.102024 -0.17175 0.000354232
3.315 -0.102465 -0.171751 0.000355763
3.32 -0.102902 -0.171753 0.000357277
3.325 -0.103333 -0.171754 0.000358772
3.33 -0.103758 -0.171755 0.000360249
3.335 -0.104178 -0.171757 0.000361708
3.34 -0.104594 -0.171758 0.00036315
3.345 -0.105005 -0.171759 0.000364574
3.35 -0.10541 -0.171761 0.000365981
3.355 -0.10581 -0.171762 0.000367369
3.36 -0.106204 -0.171763 0.000368738
3.365 -0.106593 -0.171764 0.000370086
3.37 -0.106975 -0.171766 0.000371414
3.375 -0.107353 -0.171767 0.000372724
3.38 -0.107725 -0.171768 0.000374016
3.385 -0.108093 -0.171769 0.000375292
3.39 -0.108456 -0.17177 0.000376551
3.395 -0.108813 -0.171771 0.000377793
3.4 -0.109166 -0.171773 0.000379016
3.405 -0.109513 -0.171774 0.000380219
3.41 -0.109853 -0.171775 0.000381399
3.415 -0.110186 -0.171776 0.000382554
3.42 -0.110513 -0.171777 0.00038369
3.425 -0.110835 -0.171778 0.000384808
3.43 -0.111153 -0.171779 0.000385911
3.435 -0.111465 -0.17178 0.000386994
3.44 -0.111772 -0.171781 0.000388058
3.445 -0.112073 -0.171782 0.000389103
3.45 -0.112369 -0.171783 0.00039013
3.455 -0.11266 -0.171784 0.00039114
3.46 -0.112946 -0.171785 0.000392132
3.465 -0.113226 -0.171785 0.000393104
3.47 -0.113499 -0.171786 0.000394053
3.475 -0.113766 -0.171787 0.00039498
3.48 -0.114028 -0.171788 0.00039589
3.485 -0.114286 -0.171789 0.000396785
3.49 -0.114539 -0.17179 0.000397663
3.495 -0.114787 -0.17179 0.000398521
3.5 -0.115029 -0.171791 0.000399361
3.505 -0.115266 -0.171792 0.000400184
3.51 -0.115498 -0.171793 0.000400989
3.515 -0.115725 -0.171793 0.000401777
3.52 -0.115947 -0.171794 0.000402548
3.525 -0.116164 -0.171795 0.000403301
3.53 -0.116376 -0.171795 0.000404037
3.535 -0.116582 -0.171796 0.000404751
3.54 -0.116782 -0.171797 0.000405446
3.545 -0.116978 -0.171797 0.000406124
3.55 -0.117168 -0.171798 0.000406787
3.555 -0.117354 -0.171799 0.000407431
3.56 -0.117534 -0.171799 0.000408055
3.565 -0.117708 -0.1718 0.00040866
3.57 -0.117877 -0.1718 0.000409246
3.575 -0.11804 -0.171801 0.000409812
3.58 -0.118197 -0.171801 0.000410356
3.585 -0.118346 -0.171802 0.000410874
3.59 -0.118489 -0.171802 0.000411368
3.595 -0.118624 -0.171803 0.000411838
3.6 -0.118753 -0.171803 0.000412286
3.605 -0.118876 -0.171803 0.000412714
3.61 -0.118994 -0.171804 0.000413123
3.615 -0.119107 -0.171804 0.000413514
3.62 -0.119214 -0.171805 0.000413887
3.625 -0.119316 -0.171805 0.000414238
3.63 -0.119411 -0.171805 0.000414567
3.635 -0.119499 -0.171805 0.000414874
3.64 -0.119581 -0.171806 0.00041516
3.645 -0.119658 -0.171806 0.000415428
3.65 -0.119731 -0.171806 0.000415679
3.655 -0.119798 -0.171806 0.000415913
3.66 -0.11986 -0.171807 0.000416127
3.665 -0.119915 -0.171807 0.000416318
3.67 -0.119964 -0.171807 0.000416486
3.675 -0.120006 -0.171807 0.000416633
3.68 -0.120042 -0.171807 0.000416758
3.685 -0.120072 -0.171807 0.000416863
3.69 -0.120097 -0.171807 0.00041695
3.695 -0.120117 -0.171807 0.000417019
3.7 -0.120132 -0.171807 0.00041707
3.705 -0.120141 -0.171807 0.000417101
3.71 -0.120144 -0.171807 0.000417111
3.715 -0.120141 -0.171807 0.000417103
3.72 -0.120133 -0.171807 0.000417076
3.725 -0.12012 -0.171807 0.00041703
3.73 -0.120102 -0.171807 0.000416966
3.735 -0.120077 -0.171807 0.00041688
3.74 -0.120046 -0.171807 0.000416772
3.745 -0.120009 -0.171807 0.000416645
3.75 -0.119968 -0.171807 0.0004165
3.755 -0.119921 -0.171807 0.000416337
3.76 -0.119869 -0.171807 0.000416156
3.765 -0.119811 -0.171807 0.000415958
3.77 -0.119749 -0.171807 0.000415741
3.775 -0.119681 -0.171807 0.000415505
3.78 -0.119608 -0.171807 0.00041525
3.785 -0.119528 -0.171807 0.000414975
3.79 -0.119444 -0.171807 0.000414681
3.795 -0.119353 -0.171807 0.000414368
3.8 -0.119258 -0.171807 0.000414035
3.805 -0.119157 -0.171807 0.000413685
3.81 -0.119051 -0.171807 0.000413318
3.815 -0.118939 -0.171807 0.00041293
3.82 -0.118821 -0.171807 0.000412518
3.825 -0.118695 -0.171807 0.000412082
3.83 -0.118563 -0.171807 0.000411624
3.835 -0.118426 -0.171807 0.000411146
3.84 -0.118283 -0.171807 0.000410649
3.845 -0.118133 -0.171807 0.000410132
3.85 -0.117979 -0.171807 0.000409593
3.855 -0.117818 -0.171807 0.000409036
3.86 -0.117652 -0.171807 0.00040846
3.865 -0.117481 -0.171807 0.000407864
3.87 -0.117303 -0.171807 0.000407248
3.875 -0.117119 -0.171807 0.00040661
3.88 -0.11693 -0.171807 0.000405952
3.885 -0.116735 -0.171807 0.000405275
3.89 -0.116535 -0.171807 0.00040458
3.895 -0.116329 -0.171807 0.000403865
3.9 -0.116118 -0.171807 0.000403134
3.905 -0.115903 -0.171807 0.000402388
3.91 -0.115685 -0.171807 0.00040163
3.915 -0.115462 -0.171807 0.000400855
3.92 -0.115234 -0.171807 0.000400065
3.925 -0.115002 -0.171807 0.000399258
3.93 -0.114765 -0.171807 0.000398435
3.935 -0.114524 -0.171807 0.000397597
3.94 -0.114278 -0.171807 0.000396745
3.945 -0.114029 -0.171807 0.000395879
3.95 -0.113775 -0.171807 0.000394997
3.955 -0.113515 -0.171807 0.000394097
3.96 -0.113251 -0.171807 0.000393177
3.965 -0.112981 -0.171807 0.000392241
3.97 -0.112706 -0.171807 0.000391288
3.975 -0.112427 -0.171807 0.000390316
3.98 -0.112141 -0.171807 0.000389324
3.985 -0.11185 -0.171807 0.000388313
3.99 -0.111553 -0.171807 0.000387283
3.995 -0.111251 -0.171807 0.000386234
4 -0.110943 -0.171807 0.000385163
4.005 -0.110628 -0.171807 0.00038407
4.01 -0.110308 -0.171807 0.00038296
4.015 -0.109984 -0.171807 0.000381836
4.02 -0.109656 -0.171807 0.000380696
4.025 -0.109323 -0.171807 0.000379538
4.03 -0.108984 -0.171807 0.000378361
4.035 -0.10864 -0.171807 0.000377167
4.04 -0.108291 -0.171807 0.000375956
4.045 -0.107937 -0.171807 0.000374726
4.05 -0.107577 -0.171807 0.000373477
4.055 -0.107213 -0.171807 0.000372212
4.06 -0.106844 -0.171807 0.000370931
4.065 -0.10647 -0.171807 0.000369635
4.07 -0.106093 -0.171807 0.000368325
4.075 -0.105712 -0.171807 0.000367001
4.08 -0.105326 -0.171807 0.000365662
4.085 -0.104935 -0.171807 0.000364304
4.09 -0.104539 -0.171807 0.000362927
4.095 -0.104137 -0.171807 0.000361533
4.1 -0.103731 -0.171807 0.000360123
4.105 -0.10332 -0.171807 0.000358696
4.11 -0.102905 -0.171807 0.000357254
4.115 -0.102486 -0.171807 0.0003558
4.12 -0.102063 -0.171807 0.000354332
4.125 -0.101636 -0.171807 0.000352849
4.13 -0.101205 -0.171807 0.000351351
4.135 -0.100769 -0.171807 0.000349839
4.14 -0.100331 -0.171807 0.000348316
4.145 -0.0998888 -0.171807 0.000346782
4.15 -0.0994437 -0.171807 0.000345237
4.155 -0.0989954 -0.171807 0.00034368
4.16 -0.0985439 -0.171807 0.000342112
4.165 -0.0980893 -0.171807 0.000340534
4.17 -0.0976316 -0.171807 0.000338944
4.175 -0.0971713 -0.171807 0.000337346
4.18 -0.096709 -0.171807 0.000335741
4.185 -0.0962447 -0.171807 0.000334129
4.19 -0.0957785 -0.171807 0.00033251
4.195 -0.09531 -0.171807 0.000330883
4.2 -0.0948381 -0.171807 0.000329245
4.205 -0.0943617 -0.171807 0.000327591
4.21 -0.0938811 -0.171807 0.000325922
4.215 -0.0933972 -0.171807 0.000324242
4.22 -0.0929106 -0.171807 0.000322552
4.225 -0.0924214 -0.171807 0.000320853
4.23 -0.0919299 -0.171807 0.000319147
4.235 -0.091437 -0.171807 0.000317435
4.24 -0.0909428 -0.171807 0.00031572
4.245 -0.090447 -0.171807 0.000313998
4.25 -0.0899483 -0.171807 0.000312266
4.255 -0.0894464 -0.171808 0.000310523
4.26 -0.0889413 -0.171808 0.00030877
4.265 -0.0884335 -0.171808 0.000307007
4.27 -0.087923 -0.171808 0.000305234
4.275 -0.087409 -0.171808 0.000303449
4.28 -0.0868914 -0.171808 0.000301652
4.285 -0.0863704 -0.171808 0.000299843
4.29 -0.0858469 -0.171808 0.000298025
4.295 -0.0853211 -0.171808 0.0002962
4.3 -0.0847925 -0.171808 0.000294364
4.305 -0.0842606 -0.171808 0.000292517
4.31 -0.0837257 -0.171808 0.00029066
4.315 -0.0831879 -0.171808 0.000288793
4.32 -0.0826471 -0.171808 0.000286915
4.325 -0.082104 -0.171808 0.000285029
4.33 -0.0815586 -0.171808 0.000283135
4.335 -0.0810102 -0.171808 0.000281231
4.34 -0.0804587 -0.171808 0.000279316
4.345 -0.0799048 -0.171808 0.000277393
4.35 -0.0793488 -0.171808 0.000275463
4.355 -0.0787902 -0.171808 0.000273523
4.36 -0.0782289 -0.171808 0.000271574
4.365 -0.0776655 -0.171808 0.000269618
4.37 -0.0771007 -0.171808 0.000267656
4.375 -0.0765343 -0.171808 0.00026569
4.38 -0.0759661 -0.171808 0.000263717
4.385 -0.0753955 -0.171808 0.000261736
4.39 -0.0748219 -0.171808 0.000259744
4.395 -0.0742451 -0.171808 0.000257741
4.4 -0.0736653 -0.171808 0.000255728
4.405 -0.0730829 -0.171808 0.000253706
4.41 -0.0724983 -0.171808 0.000251676
4.415 -0.0719115 -0.171808 0.000249639
4.42 -0.0713227 -0.171808 0.000247594
4.425 -0.0707321 -0.171808 0.000245543
4.43 -0.0701402 -0.171808 0.000243488
4.435 -0.0695473 -0.171808 0.000241429
4.44 -0.0689525 -0.171808 0.000239364
4.445 -0.0683551 -0.171808 0.00023729
4.45 -0.0677553 -0.171808 0.000235207
4.455 -0.0671547 -0.171808 0.000233122
4.46 -0.0665544 -0.171808 0.000231037
4.465 -0.065954 -0.171808 0.000228953
4.47 -0.0653527 -0.171808 0.000226865
4.475 -0.0647504 -0.171808 0.000224773
4.48 -0.0641473 -0.171808 0.000222679
4.485 -0.0635436 -0.171808 0.000220583
4.49 -0.0629396 -0.171808 0.000218486
4.495 -0.0623349 -0.171808 0.000216386
4.5 -0.061729 -0.171808 0.000214283
4.505 -0.0611209 -0.171808 0.000212171
4.51 -0.0605105 -0.171808 0.000210052
4.515 -0.0598983 -0.171808 0.000207926
4.52 -0.0592847 -0.171808 0.000205796
4.525 -0.0586705 -0.171808 0.000203663
4.53 -0.0580556 -0.171808 0.000201528
4.535 -0.0574398 -0.171808 0.00019939
4.54 -0.056824 -0.171808 0.000197251
4.545 -0.0562093 -0.171808 0.000195117
4.55 -0.0555954 -0.171808 0.000192985
4.555 -0.0549808 -0.171808 0.000190851
4.56 -0.0543643 -0.171808 0.000188711
4.565 -0.0537465 -0.171808 0.000186566
4.57 -0.0531288 -0.171808 0.000184421
4.575 -0.0525114 -0.171808 0.000182277
4.58 -0.0518933 -0.171808 0.000180131
4.585 -0.0512734 -0.171808 0.000177978
4.59 -0.0506516 -0.171808 0.000175819
4.595 -0.0500287 -0.171808 0.000173657
4.6 -0.0494052 -0.171808 0.000171492
4.605 -0.048782 -0.171808 0.000169328
4.61 -0.0481604 -0.171808 0.00016717
4.615 -0.0475409 -0.171808 0.000165018
4.62 -0.0469225 -0.171808 0.000162871
4.625 -0.0463038 -0.171808 0.000160723
4.63 -0.0456837 -0.171808 0.00015857
4.635 -0.0450627 -0.171808 0.000156414
4.64 -0.0444416 -0.171808 0.000154257
4.645 -0.0438203 -0.171808 0.0001521
4.65 -0.0431974 -0.171808 0.000149937
4.655 -0.042572 -0.171808 0.000147765
4.66 -0.0419451 -0.171808 0.000145589
4.665 -0.0413181 -0.171808 0.000143412
4.67 -0.0406909 -0.171808 0.000141234
4.675 -0.0400624 -0.171808 0.000139051
4.68 -0.0394327 -0.171808 0.000136865
4.685 -0.0388031 -0.171808 0.000134679
4.69 -0.0381748 -0.171808 0.000132497
4.695 -0.0375477 -0.171808 0.00013032
4.7 -0.0369214 -0.171808 0.000128145
4.705 -0.0362953 -0.171808 0.000125971
4.71 -0.0356691 -0.171808 0.000123797
4.715 -0.0350425 -0.171808 0.000121621
4.72 -0.0344164 -0.171808 0.000119447
4.725 -0.0337927 -0.171808 0.000117281
4.73 -0.0331731 -0.171808 0.00011513
4.735 -0.0325578 -0.171808 0.000112994
4.74 -0.0319448 -0.171808 0.000110865
4.745 -0.0313335 -0.171808 0.000108743
4.75 -0.0307243 -0.171808 0.000106627
4.755 -0.0301171 -0.171808 0.000104519
4.76 -0.0295119 -0.171808 0.000102418
4.765 -0.028909 -0.171808 0.000100324
4.77 -0.0283083 -0.171808 9.82386e-05
4.775 -0.0277087 -0.171808 9.61565e-05
4.78 -0.0271091 -0.171808 9.40745e-05
4.785 -0.0265102 -0.171808 9.1995e-05
4.79 -0.0259131 -0.171808 8.99218e-05
4.795 -0.0253177 -0.171808 8.78544e-05
4.8 -0.0247232 -0.171808 8.57904e-05
4.805 -0.0241304 -0.171808 8.37319e-05
4.81 -0.0235402 -0.171808 8.16826e-05
4.815 -0.0229523 -0.171808 7.96414e-05
4.82 -0.0223656 -0.171808 7.76041e-05
4.825 -0.02178 -0.171808 7.55707e-05
4.83 -0.0211963 -0.171808 7.35441e-05
4.835 -0.0206149 -0.171808 7.15251e-05
4.84 -0.0200355 -0.171808 6.95134e-05
4.845 -0.0194579 -0.171808 6.7508e-05
4.85 -0.0188817 -0.171808 6.55074e-05
4.855 -0.0183071 -0.171808 6.35122e-05
4.86 -0.0177345 -0.171808 6.15238e-05
4.865 -0.0171639 -0.171808 5.95428e-05
4.87 -0.0165954 -0.171808 5.75689e-05
4.875 -0.0160293 -0.171808 5.5603e-05
4.88 -0.0154656 -0.171808 5.36458e-05
4.885 -0.0149038 -0.171808 5.1695e-05
4.89 -0.0143436 -0.171808 4.97499e-05
4.895 -0.0137858 -0.171808 4.7813e-05
4.9 -0.0132303 -0.171808 4.58844e-05
4.905 -0.0126761 -0.171808 4.39601e-05
4.91 -0.0121233 -0.171808 4.20405e-05
4.915 -0.0115738 -0.171808 4.01327e-05
4.92 -0.011029 -0.171808 3.8241e-05
4.925 -0.0104883 -0.171808 3.63633e-05
4.93 -0.00995056 -0.171808 3.44963e-05
4.935 -0.0094154 -0.171808 3.26382e-05
4.94 -0.00888225 -0.171808 3.07869e-05
4.945 -0.00835045 -0.171808 2.89404e-05
4.95 -0.00781961 -0.171808 2.70972e-05
4.955 -0.00728961 -0.171808 2.52569e-05
4.96 -0.00676069 -0.171808 2.34204e-05
4.965 -0.00623362 -0.171808 2.15903e-05
4.97 -0.00570942 -0.171808 1.97702e-05
4.975 -0.00518858 -0.171808 1.79617e-05
4.98 -0.00467109 -0.171808 1.61649e-05
4.985 -0.00415709 -0.171808 1.43801e-05
4.99 -0.00364699 -0.171808 1.26089e-05
4.995 -0.00314053 -0.171808 1.08504e-05
5 -0.00263618 -0.171808 9.09919e-06
5.005 -0.00213253 -0.171808 7.35039e-06
5.01 -0.00162956 -0.171808 5.604e-06
5.015 -0.00112861 -0.171808 3.86459e-06
5.02 -0.000631254 -0.171808 2.13764e-06
5.025 -0.000137673 -0.171808 4.23818e-07
5.03 0.000353341 -0.171808 -1.28109e-06
5.035 0.000842642 -0.171808 -2.98005e-06
5.04 0.00133011 -0.171808 -4.67266e-06
5.045 0.0018151 -0.171808 -6.35663e-06
5.05 0.00229718 -0.171808 -8.03055e-06
5.055 0.00277683 -0.171808 -9.69598e-06
5.06 0.00325477 -0.171808 -1.13555e-05
5.065 0.00373118 -0.171808 -1.30097e-05
5.07 0.00420539 -0.171808 -1.46563e-05
5.075 0.00467629 -0.171808 -1.62913e-05
5.08 0.0051434 -0.171808 -1.79132e-05
5.085 0.00560721 -0.171808 -1.95237e-05
5.09 0.00606781 -0.171808 -2.1123e-05
5.095 0.00652443 -0.171808 -2.27085e-05
5.1 0.00697676 -0.171808 -2.42791e-05
5.105 0.00742562 -0.171808 -2.58376e-05
5.11 0.00787149 -0.171808 -2.73858e-05
5.115 0.00831414 -0.171808 -2.89227e-05
5.12 0.00875389 -0.171808 -3.04497e-05
5.125 0.00919133 -0.171808 -3.19685e-05
5.13 0.00962561 -0.171808 -3.34765e-05
5.135 0.0100549 -0.171808 -3.49671e-05
5.14 0.0104785 -0.171808 -3.64377e-05
5.145 0.0108973 -0.171808 -3.7892e-05
5.15 0.0113127 -0.171808 -3.93342e-05
5.155 0.0117248 -0.171808 -4.07654e-05
5.16 0.0121335 -0.171808 -4.21845e-05
5.165 0.0125387 -0.171808 -4.35912e-05
5.17 0.01294 -0.171808 -4.49847e-05
5.175 0.0133375 -0.171808 -4.63651e-05
5.18 0.0137319 -0.171808 -4.77343e-05
5.185 0.014123 -0.171808 -4.90923e-05
5.19 0.0145102 -0.171808 -5.04367e-05
5.195 0.0148932 -0.171808 -5.17666e-05
5.2 0.015272 -0.171808 -5.3082e-05
5.205 0.0156468 -0.171808 -5.43833e-05
5.21 0.0160179 -0.171808 -5.56718e-05
5.215 0.0163854 -0.171808 -5.6948e-05
5.22 0.0167486 -0.171808 -5.82092e-05
5.225 0.0171072 -0.171808 -5.94541e-05
5.23 0.0174623 -0.171808 -6.06873e-05
5.235 0.0178154 -0.171808 -6.19131e-05
5.24 0.0181666 -0.171808 -6.31327e-05
5.245 0.0185162 -0.171808 -6.43467e-05
5.25 0.018864 -0.171808 -6.55543e-05
5.255 0.0192081 -0.171808 -6.6749e-05
5.26 0.0195466 -0.171808 -6.79243e-05
5.265 0.0198793 -0.171808 -6.90796e-05
5.27 0.020207 -0.171808 -7.02173e-05
5.275 0.02053 -0.171808 -7.13389e-05
5.28 0.0208481 -0.171808 -7.24433e-05
5.285 0.0211607 -0.171808 -7.35287e-05
5.29 0.0214678 -0.171808 -7.4595e-05
5.295 0.0217704 -0.171808 -7.56457e-05
5.3 0.0220697 -0.171808 -7.6685e-05
5.305 0.0223655 -0.171808 -7.77121e-05
5.31 0.0226566 -0.171808 -7.87228e-05
5.315 0.0229421 -0.171808 -7.97143e-05
5.32 0.0232221 -0.171808 -8.06865e-05
5.325 0.023497 -0.171808 -8.16411e-05
5.33 0.0237679 -0.171808 -8.25817e-05
5.335 0.0240351 -0.171808 -8.35092e-05
5.34 0.0242978 -0.171808 -8.44214e-05
5.345 0.0245558 -0.171808 -8.53173e-05
5.35 0.0248093 -0.171808 -8.61975e-05
5.355 0.0250585 -0.171808 -8.7063e-05
5.36 0.0253039 -0.171808 -8.79148e-05
5.365 0.0255455 -0.171808 -8.87539e-05
5.37 0.0257836 -0.171808 -8.95804e-05
5.375 0.0260176 -0.171808 -9.03932e-05
5.38 0.0262469 -0.171808 -9.11894e-05
5.385 0.0264707 -0.171808 -9.19662e-05
5.39 0.0266886 -0.171808 -9.27228e-05
5.395 0.0269014 -0.171808 -9.34618e-05
5.4 0.0271104 -0.171808 -9.41876e-05
5.405 0.0273161 -0.171808 -9.49018e-05
5.41 0.027518 -0.171808 -9.56028e-05
5.415 0.0277153 -0.171808 -9.62879e-05
5.42 0.0279069 -0.171808 -9.69533e-05
5.425 0.0280921 -0.171808 -9.75962e-05
5.43 0.0282713 -0.171808 -9.82184e-05
5.435 0.0284456 -0.171808 -9.88235e-05
5.44 0.0286155 -0.171808 -9.94135e-05
5.445 0.0287806 -0.171808 -9.99868e-05
5.45 0.0289397 -0.171808 -0.000100539
5.455 0.0290918 -0.171808 -0.000101067
5.46 0.0292372 -0.171808 -0.000101572
5.465 0.029377 -0.171808 -0.000102058
5.47 0.029512 -0.171808 -0.000102526
5.475 0.0296417 -0.171808 -0.000102977
5.48 0.0297657 -0.171808 -0.000103407
5.485 0.0298844 -0.171808 -0.000103819
5.49 0.0299985 -0.171808 -0.000104216
5.495 0.0301087 -0.171808 -0.000104598
5.5 0.0302157 -0.171808 -0.00010497
5.505 0.0303195 -0.171808 -0.00010533
5.51 0.0304198 -0.171808 -0.000105678
5.515 0.0305162 -0.171808 -0.000106013
5.52 0.0306086 -0.171808 -0.000106334
5.525 0.0306966 -0.171808 -0.00010664
5.53 0.0307801 -0.171808 -0.00010693
5.535 0.030859 -0.171808 -0.000107204
5.54 0.0309328 -0.171808 -0.00010746
5.545 0.0310003 -0.171808 -0.000107694
5.55 0.0310616 -0.171808 -0.000107907
5.555 0.0311178 -0.171808 -0.000108102
5.56 0.03117 -0.171808 -0.000108283
5.565 0.0312176 -0.171808 -0.000108449
5.57 0.0312601 -0.171808 -0.000108596
5.575 0.0312978 -0.171808 -0.000108727
5.58 0.031332 -0.171808 -0.000108846
5.585 0.0313637 -0.171808 -0.000108956
5.59 0.0313925 -0.171808 -0.000109056
5.595 0.0314176 -0.171808 -0.000109143
5.6 0.0314381 -0.171808 -0.000109214
5.605 0.0314537 -0.171808 -0.000109268
5.61 0.031465 -0.171808 -0.000109308
5.615 0.0314721 -0.171808 -0.000109332
5.62 0.0314745 -0.171808 -0.000109341
5.625 0.031472 -0.171808 -0.000109332
5.63 0.031465 -0.171808 -0.000109308
5.635 0.0314539 -0.171808 -0.000109269
5.64 0.0314391 -0.171808 -0.000109218
5.645 0.0314204 -0.171808 -0.000109153
5.65 0.0313967 -0.171808 -0.00010907
5.655 0.0313662 -0.171808 -0.000108965
5.66 0.0313289 -0.171808 -0.000108835
5.665 0.0312861 -0.171808 -0.000108686
5.67 0.0312391 -0.171808 -0.000108523
5.675 0.0311882 -0.171808 -0.000108347
5.68 0.0311332 -0.171808 -0.000108156
5.685 0.031074 -0.171808 -0.00010795
5.69 0.0310106 -0.171808 -0.00010773
5.695 0.0309432 -0.171808 -0.000107496
5.7 0.0308723 -0.171808 -0.00010725
5.705 0.0307979 -0.171808 -0.000106991
5.71 0.0307196 -0.171808 -0.00010672
5.715 0.030637 -0.171808 -0.000106433
5.72 0.0305489 -0.171808 -0.000106127
5.725 0.0304535 -0.171808 -0.000105795
5.73 0.0303498 -0.171808 -0.000105436
5.735 0.0302394 -0.171808 -0.000105052
5.74 0.0301242 -0.171808 -0.000104652
5.745 0.0300048 -0.171808 -0.000104238
5.75 0.029881 -0.171808 -0.000103808
5.755 0.0297527 -0.171808 -0.000103362
5.76 0.0296202 -0.171808 -0.000102902
5.765 0.0294839 -0.171808 -0.000102429
5.77 0.0293437 -0.171808 -0.000101942
5.775 0.0291996 -0.171808 -0.000101442
5.78 0.0290511 -0.171808 -0.000100926
5.785 0.0288976 -0.171808 -0.000100393
5.79 0.0287389 -0.171808 -9.9842e-05
5.795 0.0285757 -0.171808 -9.92754e-05
5.8 0.0284085 -0.171808 -9.86947e-05
5.805 0.0282371 -0.171808 -9.80997e-05
5.81 0.0280624 -0.171808 -9.7493e-05
5.815 0.0278856 -0.171808 -9.68792e-05
5.82 0.0277071 -0.171808 -9.62594e-05
5.825 0.0275258 -0.171808 -9.56297e-05
5.83 0.0273403 -0.171808 -9.49858e-05
5.835 0.0271507 -0.171808 -9.43273e-05
5.84 0.0269574 -0.171808 -9.36564e-05
5.845 0.0267608 -0.171808 -9.29737e-05
5.85 0.0265602 -0.171808 -9.22772e-05
5.855 0.026355 -0.171808 -9.15647e-05
5.86 0.0261453 -0.171808 -9.08366e-05
5.865 0.0259319 -0.171808 -9.00955e-05
5.87 0.0257153 -0.171808 -8.93434e-05
5.875 0.0254954 -0.171808 -8.85797e-05
5.88 0.0252716 -0.171808 -8.78027e-05
5.885 0.0250442 -0.171808 -8.70134e-05
5.89 0.0248141 -0.171808 -8.62142e-05
5.895 0.0245817 -0.171808 -8.54074e-05
5.9 0.0243473 -0.171808 -8.45933e-05
5.905 0.0241102 -0.171808 -8.377e-05
5.91 0.0238701 -0.171808 -8.29365e-05
5.915 0.0236283 -0.171808 -8.20968e-05
5.92 0.0233857 -0.171808 -8.12545e-05
5.925 0.0231419 -0.171808 -8.0408e-05
5.93 0.0228954 -0.171808 -7.95522e-05
5.935 0.0226455 -0.171808 -7.86844e-05
5.94 0.0223921 -0.171808 -7.78044e-05
5.945 0.0221353 -0.171808 -7.69127e-05
5.95 0.0218752 -0.171808 -7.60096e-05
5.955 0.0216117 -0.171808 -7.50947e-05
5.96 0.0213448 -0.171808 -7.41682e-05
5.965 0.0210753 -0.171808 -7.32322e-05
5.97 0.0208039 -0.171808 -7.229e-05
5.975 0.0205311 -0.171808 -7.13428e-05
5.98 0.0202561 -0.171808 -7.0388e-05
5.985 0.019978 -0.171808 -6.94223e-05
5.99 0.0196961 -0.171808 -6.84435e-05
5.995 0.0194108 -0.171808 -6.74528e-05
6 0.0191237 -0.171808 -6.6456e-05
6.005 0.0188362 -0.171808 -6.54576e-05
6.01 0.0185474 -0.171808 -6.44548e-05
6.015 0.0182564 -0.171808 -6.34444e-05
6.02 0.0179633 -0.171808 -6.24269e-05
6.025 0.0176685 -0.171808 -6.14031e-05
6.03 0.0173715 -0.171808 -6.03718e-05
6.035 0.0170722 -0.171808 -5.93325e-05
6.04 0.0167706 -0.171808 -5.82853e-05
6.045 0.0164668 -0.171808 -5.72305e-05
6.05 0.0161617 -0.171808 -5.61713e-05
6.055 0.0158568 -0.171808 -5.51127e-05
6.06 0.0155523 -0.171808 -5.40553e-05
6.065 0.0152469 -0.171808 -5.2995e-05
6.07 0.0149395 -0.171808 -5.19273e-05
6.075 0.0146294 -0.171808 -5.08506e-05
6.08 0.014317 -0.171808 -4.97659e-05
6.085 0.0140031 -0.171808 -4.8676e-05
6.09 0.0136884 -0.171808 -4.75834e-05
6.095 0.0133731 -0.171808 -4.64886e-05
6.1 0.0130573 -0.171808 -4.5392e-05
6.105 0.0127411 -0.171808 -4.42942e-05
6.11 0.0124243 -0.171808 -4.31942e-05
6.115 0.0121071 -0.171808 -4.20926e-05
6.12 0.0117906 -0.171808 -4.09938e-05
6.125 0.0114759 -0.171808 -3.99009e-05
6.13 0.0111619 -0.171808 -3.88109e-05
6.135 0.0108468 -0.171808 -3.77166e-05
6.14 0.0105292 -0.171808 -3.66139e-05
6.145 0.0102099 -0.171808 -3.55052e-05
6.15 0.0098896 -0.171808 -3.43931e-05
6.155 0.00956853 -0.171808 -3.32782e-05
6.16 0.00924684 -0.171808 -3.21613e-05
6.165 0.00892425 -0.171808 -3.10411e-05
6.17 0.00859953 -0.171808 -2.99136e-05
6.175 0.00827192 -0.171808 -2.87761e-05
6.18 0.00794224 -0.171808 -2.76314e-05
6.185 0.00761148 -0.171808 -2.64829e-05
6.19 0.00727959 -0.171808 -2.53305e-05
6.195 0.00694635 -0.171808 -2.41734e-05
6.2 0.00661236 -0.171808 -2.30138e-05
6.205 0.00627818 -0.171808 -2.18534e-05
6.21 0.00594349 -0.171808 -2.06913e-05
6.215 0.0056079 -0.171808 -1.9526e-05
6.22 0.00527158 -0.171808 -1.83583e-05
6.225 0.00493479 -0.171808 -1.71889e-05
6.23 0.00459748 -0.171808 -1.60176e-05
6.235 0.00425929 -0.171808 -1.48434e-05
6.24 0.00392004 -0.171808 -1.36654e-05
6.245 0.00357999 -0.171808 -1.24847e-05
6.25 0.00323948 -0.171808 -1.13024e-05
6.255 0.00289878 -0.171808 -1.01194e-05
6.26 0.00255829 -0.171808 -8.93713e-06
6.265 0.00221812 -0.171808 -7.75599e-06
6.27 0.00187777 -0.171808 -6.5742e-06
6.275 0.00153708 -0.171808 -5.39127e-06
6.28 0.00119695 -0.171808 -4.21024e-06
6.285 0.000858183 -0.171808 -3.03398e-06
6.29 0.000520515 -0.171808 -1.86152e-06
6.295 0.000182917 -0.171808 -6.89307e-07
6.3 -0.000155357 -0.171808 4.85256e-07
6.305 -0.000494411 -0.171808 1.66253e-06
6.31 -0.000833995 -0.171808 2.84164e-06
6.315 -0.00117378 -0.171808 4.02146e-06
6.32 -0.0015138 -0.171808 5.20207e-06
6.325 -0.00185465 -0.171808 6.38556e-06
6.33 -0.0021971 -0.171808 7.57463e-06
6.335 -0.00254144 -0.171808 8.77028e-06
6.34 -0.00288703 -0.171808 9.97022e-06
6.345 -0.00323244 -0.171808 1.11696e-05
6.35 -0.00357657 -0.171808 1.23645e-05
6.355 -0.00391982 -0.171808 1.35563e-05
6.36 -0.00426355 -0.171808 1.47498e-05
6.365 -0.00460721 -0.171808 1.59431e-05
6.37 -0.00494779 -0.171808 1.71257e-05
6.375 -0.00528303 -0.171808 1.82897e-05
6.38 -0.00561381 -0.171808 1.94382e-05
6.385 -0.00594299 -0.171808 2.05812e-05
6.39 -0.00627264 -0.171808 2.17258e-05
6.395 -0.006603 -0.171808 2.28729e-05
6.4 -0.00693323 -0.171808 2.40195e-05
6.405 -0.00726275 -0.171808 2.51637e-05
6.41 -0.00759161 -0.171808 2.63056e-05
6.415 -0.00791989 -0.171808 2.74454e-05
6.42 -0.00824735 -0.171808 2.85825e-05
6.425 -0.00857368 -0.171808 2.97155e-05
6.43 -0.00889852 -0.171808 3.08435e-05
6.435 -0.0092218 -0.171808 3.19659e-05
6.44 -0.00954343 -0.171808 3.30827e-05
6.445 -0.00986257 -0.171808 3.41908e-05
6.45 -0.0101782 -0.171808 3.5287e-05
6.455 -0.0104908 -0.171808 3.63721e-05
6.46 -0.0108011 -0.171808 3.74496e-05
6.465 -0.0111095 -0.171808 3.85206e-05
6.47 -0.0114159 -0.171808 3.95843e-05
6.475 -0.0117201 -0.171808 4.06406e-05
6.48 -0.0120225 -0.171808 4.16907e-05
6.485 -0.0123239 -0.171808 4.27372e-05
6.49 -0.0126247 -0.171808 4.37815e-05
6.495 -0.0129242 -0.171808 4.48215e-05
6.5 -0.013221 -0.171808 4.58519e-05
6.505 -0.0135142 -0.171808 4.687e-05
6.51 -0.0138047 -0.171808 4.78787e-05
6.515 -0.0140933 -0.171808 4.88808e-05
6.52 -0.0143795 -0.171808 4.98747e-05
6.525 -0.0146628 -0.171808 5.08583e-05
6.53 -0.0149439 -0.171808 5.18343e-05
6.535 -0.0152242 -0.171808 5.28075e-05
6.54 -0.0155043 -0.171808 5.37803e-05
6.545 -0.0157841 -0.171808 5.47518e-05
6.55 -0.0160627 -0.171808 5.57192e-05
6.555 -0.0163396 -0.171808 5.66805e-05
6.56 -0.0166148 -0.171808 5.76362e-05
6.565 -0.0168889 -0.171808 5.85877e-05
6.57 -0.0171617 -0.171808 5.95349e-05
6.575 -0.0174332 -0.171808 6.04777e-05
6.58 -0.0177038 -0.171808 6.14175e-05
6.585 -0.0179743 -0.171808 6.23564e-05
6.59 -0.0182445 -0.171808 6.32947e-05
6.595 -0.0185135 -0.171808 6.4229e-05
6.6 -0.0187805 -0.171808 6.51557e-05
6.605 -0.0190452 -0.171808 6.60749e-05
6.61 -0.019308 -0.171808 6.69876e-05
6.615 -0.0195681 -0.171808 6.78905e-05
6.62 -0.0198241 -0.171808 6.87794e-05
6.625 -0.0200769 -0.171808 6.96572e-05
6.63 -0.0203279 -0.171808 7.05288e-05
6.635 -0.0205773 -0.171808 7.13949e-05
6.64 -0.0208248 -0.171808 7.22543e-05
6.645 -0.0210708 -0.171808 7.31083e-05
6.65 -0.0213159 -0.171808 7.39593e-05
6.655 -0.02156 -0.171808 7.48069e-05
6.66 -0.0218026 -0.171808 7.56493e-05
6.665 -0.0220429 -0.171808 7.64838e-05
6.67 -0.0222794 -0.171808 7.73048e-05
6.675 -0.0225104 -0.171808 7.81068e-05
6.68 -0.0227359 -0.171808 7.88899e-05
6.685 -0.0229579 -0.171808 7.96609e-05
6.69 -0.0231783 -0.171808 8.0426e-05
6.695 -0.0233972 -0.171808 8.11861e-05
6.7 -0.0236141 -0.171808 8.19393e-05
6.705 -0.0238291 -0.171808 8.26857e-05
6.71 -0.0240424 -0.171808 8.34264e-05
6.715 -0.0242539 -0.171808 8.41607e-05
6.72 -0.0244631 -0.171808 8.4887e-05
6.725 -0.0246699 -0.171808 8.5605e-05
6.73 -0.0248744 -0.171808 8.63154e-05
6.735 -0.0250763 -0.171808 8.70163e-05
6.74 -0.0252751 -0.171808 8.77066e-05
6.745 -0.0254719 -0.171808 8.839e-05
6.75 -0.0256679 -0.171808 8.90706e-05
6.755 -0.0258626 -0.171808 8.97465e-05
6.76 -0.0260545 -0.171808 9.04129e-05
6.765 -0.0262431 -0.171808 9.10678e-05
6.77 -0.0264288 -0.171808 9.17125e-05
6.775 -0.0266122 -0.171808 9.23493e-05
6.78 -0.0267938 -0.171808 9.29799e-05
6.785 -0.0269736 -0.171808 9.36041e-05
6.79 -0.0271511 -0.171808 9.42206e-05
6.795 -0.0273251 -0.171808 9.48248e-05
6.8 -0.0274938 -0.171808 9.54104e-05
6.805 -0.0276567 -0.171808 9.59759e-05
6.81 -0.0278153 -0.171808 9.65266e-05
6.815 -0.0279709 -0.171808 9.70668e-05
6.82 -0.0281234 -0.171808 9.75967e-05
6.825 -0.0282732 -0.171808 9.81165e-05
6.83 -0.0284206 -0.171808 9.86284e-05
6.835 -0.0285658 -0.171808 9.91327e-05
6.84 -0.0287082 -0.171808 9.9627e-05
6.845 -0.0288472 -0.171808 0.00010011
6.85 -0.0289828 -0.171808 0.000100581
6.855 -0.0291159 -0.171808 0.000101043
6.86 -0.0292469 -0.171808 0.000101498
6.865 -0.0293757 -0.171808 0.000101945
6.87 -0.029502 -0.171808 0.000102383
6.875 -0.0296254 -0.171808 0.000102812
6.88 -0.0297453 -0.171808 0.000103228
6.885 -0.029862 -0.171808 0.000103633
6.89 -0.0299766 -0.171808 0.000104031
6.895 -0.030089 -0.171808 0.000104422
6.9 -0.030198 -0.171808 0.0001048
6.905 -0.0303034 -0.171808 0.000105166
6.91 -0.0304057 -0.171808 0.000105521
6.915 -0.0305051 -0.171808 0.000105866
6.92 -0.0306012 -0.171808 0.0001062
6.925 -0.030694 -0.171808 0.000106522
6.93 -0.0307844 -0.171808 0.000106836
6.935 -0.0308721 -0.171808 0.000107141
6.94 -0.030956 -0.171808 0.000107432
6.945 -0.0310351 -0.171808 0.000107707
6.95 -0.0311106 -0.171808 0.000107969
6.955 -0.031184 -0.171808 0.000108224
6.96 -0.0312558 -0.171808 0.000108473
6.965 -0.0313256 -0.171808 0.000108715
6.97 -0.0313925 -0.171808 0.000108948
6.975 -0.031456 -0.171808 0.000109168
6.98 -0.0315153 -0.171808 0.000109374
6.985 -0.0315711 -0.171808 0.000109568
6.99 -0.0316248 -0.171808 0.000109754
6.995 -0.0316764 -0.171808 0.000109933
7 -0.0317238 -0.171808 0.000110098
7.005 -0.0317648 -0.171808 0.00011024
7.01 -0.0317998 -0.171808 0.000110362
7.015 -0.0318304 -0.171808 0.000110468
7.02 -0.0318574 -0.171808 0.000110562
7.025 -0.0318804 -0.171808 0.000110642
7.03 -0.0318983 -0.171808 0.000110704
7.035 -0.0319106 -0.171808 0.000110747
7.04 -0.0319175 -0.171808 0.00011077
7.045 -0.03192 -0.171808 0.000110779
7.05 -0.0319191 -0.171808 0.000110776
7.055 -0.031915 -0.171808 0.000110762
7.06 -0.0319077 -0.171808 0.000110737
7.065 -0.0318967 -0.171808 0.000110698
7.07 -0.0318807 -0.171808 0.000110643
7.075 -0.0318592 -0.171808 0.000110568
7.08 -0.0318323 -0.171808 0.000110475
7.085 -0.0318009 -0.171808 0.000110365
7.09 -0.0317658 -0.171808 0.000110244
7.095 -0.0317275 -0.171808 0.000110111
7.1 -0.0316855 -0.171808 0.000109965
7.105 -0.0316398 -0.171808 0.000109806
7.11 -0.0315905 -0.171808 0.000109635
7.115 -0.0315381 -0.171808 0.000109453
7.12 -0.0314824 -0.171808 0.00010926
7.125 -0.031423 -0.171808 0.000109053
7.13 -0.0313596 -0.171808 0.000108833
7.135 -0.0312923 -0.171808 0.0001086
7.14 -0.0312208 -0.171808 0.000108351
7.145 -0.0311453 -0.171808 0.000108089
7.15 -0.0310673 -0.171808 0.000107818
7.155 -0.0309884 -0.171808 0.000107544
7.16 -0.0309077 -0.171808 0.000107264
7.165 -0.0308233 -0.171808 0.000106971
7.17 -0.0307348 -0.171808 0.000106664
7.175 -0.0306434 -0.171808 0.000106347
7.18 -0.0305496 -0.171808 0.000106021
7.185 -0.0304529 -0.171808 0.000105685
7.19 -0.0303522 -0.171808 0.000105335
7.195 -0.0302474 -0.171808 0.000104971
7.2 -0.0301388 -0.171808 0.000104594
7.205 -0.0300267 -0.171808 0.000104205
7.21 -0.0299106 -0.171808 0.000103802
7.215 -0.0297907 -0.171808 0.000103386
7.22 -0.0296682 -0.171808 0.000102961
7.225 -0.0295441 -0.171808 0.000102529
7.23 -0.0294175 -0.171808 0.00010209
7.235 -0.0292875 -0.171808 0.000101638
7.24 -0.0291545 -0.171808 0.000101177
7.245 -0.0290189 -0.171808 0.000100706
7.25 -0.0288801 -0.171808 0.000100224
7.255 -0.0287374 -0.171808 9.97285e-05
7.26 -0.0285913 -0.171808 9.92212e-05
7.265 -0.0284429 -0.171808 9.87058e-05
7.27 -0.0282919 -0.171808 9.81817e-05
7.275 -0.0281374 -0.171808 9.76452e-05
7.28 -0.0279788 -0.171808 9.70944e-05
7.285 -0.0278161 -0.171808 9.65297e-05
7.29 -0.0276499 -0.171808 9.59524e-05
7.295 -0.0274808 -0.171808 9.53651e-05
7.3 -0.0273092 -0.171808 9.47693e-05
7.305 -0.027135 -0.171808 9.41646e-05
7.31 -0.0269581 -0.171808 9.35504e-05
7.315 -0.0267782 -0.171808 9.29255e-05
7.32 -0.0265943 -0.171808 9.22873e-05
7.325 -0.026406 -0.171808 9.16334e-05
7.33 -0.0262133 -0.171808 9.09642e-05
7.335 -0.0260171 -0.171808 9.02828e-05
7.34 -0.0258178 -0.171808 8.95911e-05
7.345 -0.0256154 -0.171808 8.88883e-05
7.35 -0.0254091 -0.171808 8.81718e-05
7.355 -0.0251985 -0.171808 8.74405e-05
7.36 -0.0249843 -0.171808 8.66968e-05
7.365 -0.0247677 -0.171808 8.59448e-05
7.37 -0.0245491 -0.171808 8.51856e-05
7.375 -0.0243281 -0.171808 8.44184e-05
7.38 -0.0241045 -0.171808 8.36421e-05
7.385 -0.023878 -0.171808 8.28556e-05
7.39 -0.0236485 -0.171808 8.20587e-05
7.395 -0.0234163 -0.171808 8.12524e-05
7.4 -0.0231811 -0.171808 8.04358e-05
7.405 -0.0229416 -0.171808 7.96041e-05
7.41 -0.0226971 -0.171808 7.87551e-05
7.415 -0.0224486 -0.171808 7.78924e-05
7.42 -0.0221976 -0.171808 7.70207e-05
7.425 -0.0219438 -0.171808 7.61395e-05
7.43 -0.0216862 -0.171808 7.52453e-05
7.435 -0.021424 -0.171808 7.43348e-05
7.44 -0.0211567 -0.171808 7.34066e-05
7.445 -0.0208853 -0.171808 7.24643e-05
7.45 -0.0206118 -0.171808 7.15146e-05
7.455 -0.0203376 -0.171808 7.05624e-05
7.46 -0.0200623 -0.171808 6.96066e-05
7.465 -0.0197843 -0.171808 6.86414e-05
7.47 -0.0195022 -0.171808 6.76619e-05
7.475 -0.0192159 -0.171808 6.66679e-05
7.48 -0.0189266 -0.171808 6.56632e-05
7.485 -0.018635 -0.171808 6.46508e-05
7.49 -0.0183408 -0.171808 6.36291e-05
7.495 -0.0180433 -0.171808 6.25963e-05
7.5 -0.0177429 -0.171808 6.15532e-05
7.505 -0.0174403 -0.171808 6.05024e-05
7.51 -0.0171361 -0.171808 5.94461e-05
7.515 -0.01683 -0.171808 5.83832e-05
7.52 -0.0165207 -0.171808 5.73093e-05
7.525 -0.0162076 -0.171808 5.62222e-05
7.53 -0.0158918 -0.171808 5.51256e-05
7.535 -0.0155742 -0.171808 5.40229e-05
7.54 -0.0152547 -0.171808 5.29134e-05
7.545 -0.0149323 -0.171808 5.17939e-05
7.55 -0.0146063 -0.171808 5.06621e-05
7.555 -0.014277 -0.171808 4.95187e-05
7.56 -0.0139453 -0.171808 4.83669e-05
7.565 -0.0136114 -0.171808 4.72076e-05
7.57 -0.0132752 -0.171808 4.60402e-05
7.575 -0.0129367 -0.171808 4.4865e-05
7.58 -0.0125957 -0.171808 4.36809e-05
7.585 -0.0122512 -0.171808 4.24848e-05
7.59 -0.0119028 -0.171808 4.12751e-05
7.595 -0.0115506 -0.171808 4.00522e-05
7.6 -0.0111948 -0.171808 3.88167e-05
7.605 -0.0108359 -0.171808 3.75705e-05
7.61 -0.0104754 -0.171808 3.63187e-05
7.615 -0.0101147 -0.171808 3.50662e-05
7.62 -0.00975344 -0.171808 3.38119e-05
7.625 -0.00938991 -0.171808 3.25497e-05
7.63 -0.00902266 -0.171808 3.12745e-05
7.635 -0.00865207 -0.171808 2.99877e-05
7.64 -0.00827956 -0.171808 2.86943e-05
7.645 -0.007906 -0.171808 2.73972e-05
7.65 -0.00753107 -0.171808 2.60954e-05
7.655 -0.00715404 -0.171808 2.47862e-05
7.66 -0.00677454 -0.171808 2.34685e-05
7.665 -0.00639266 -0.171808 2.21425e-05
7.67 -0.00600869 -0.171808 2.08093e-05
7.675 -0.00562312 -0.171808 1.94705e-05
7.68 -0.00523687 -0.171808 1.81294e-05
7.685 -0.00485084 -0.171808 1.6789e-05
7.69 -0.00446483 -0.171808 1.54487e-05
7.695 -0.00407768 -0.171808 1.41044e-05
7.7 -0.00368867 -0.171808 1.27537e-05
7.705 -0.00329858 -0.171808 1.13992e-05
7.71 -0.00290852 -0.171808 1.00449e-05
7.715 -0.00251775 -0.171808 8.688e-06
7.72 -0.00212459 -0.171808 7.32288e-06
7.725 -0.00172989 -0.171808 5.95238e-06
7.73 -0.00133595 -0.171808 4.58453e-06
7.735 -0.000942534 -0.171808 3.21851e-06
7.74 -0.000547689 -0.171808 1.84752e-06
7.745 -0.000151465 -0.171808 4.71742e-07
7.75 0.000244369 -0.171808 -9.02681e-07
7.755 0.000639397 -0.171808 -2.27431e-06
7.76 0.00103479 -0.171808 -3.6472e-06
7.765 0.00143124 -0.171808 -5.02375e-06
7.77 0.00182829 -0.171808 -6.40239e-06
7.775 0.00222522 -0.171808 -7.78065e-06
7.78 0.00262177 -0.171808 -9.15756e-06
7.785 0.00301797 -0.171808 -1.05332e-05
7.79 0.00341408 -0.171808 -1.19086e-05
7.795 0.0038105 -0.171808 -1.32851e-05
7.8 0.00420709 -0.171808 -1.46621e-05
7.805 0.00460373 -0.171808 -1.60394e-05
7.81 0.00500163 -0.171808 -1.7421e-05
7.815 0.00540261 -0.171808 -1.88132e-05
7.82 0.0058066 -0.171808 -2.0216e-05
7.825 0.00621167 -0.171808 -2.16225e-05
7.83 0.00661665 -0.171808 -2.30287e-05
7.835 0.00702242 -0.171808 -2.44376e-05
7.84 0.00743024 -0.171808 -2.58536e-05
7.845 0.0078402 -0.171808 -2.72771e-05
7.85 0.00825174 -0.171808 -2.8706e-05
7.855 0.00866409 -0.171808 -3.01378e-05
7.86 0.00907647 -0.171808 -3.15697e-05
7.865 0.00948881 -0.171808 -3.30014e-05
7.87 0.00990171 -0.171808 -3.44351e-05
7.875 0.0103154 -0.171808 -3.58717e-05
7.88 0.0107294 -0.171808 -3.73089e-05
7.885 0.0111427 -0.171808 -3.87442e-05
7.89 0.0115553 -0.171808 -4.01768e-05
7.895 0.0119672 -0.171808 -4.16071e-05
7.9 0.0123784 -0.171808 -4.30348e-05
7.905 0.0127884 -0.171808 -4.44582e-05
7.91 0.0131968 -0.171808 -4.58763e-05
7.915 0.0136044 -0.171808 -4.72916e-05
7.92 0.0140126 -0.171808 -4.8709e-05
7.925 0.014422 -0.171808 -5.01306e-05
7.93 0.0148316 -0.171808 -5.15526e-05
7.935 0.0152399 -0.171808 -5.29705e-05
7.94 0.0156468 -0.171808 -5.43832e-05
7.945 0.0160528 -0.171808 -5.57931e-05
7.95 0.0164585 -0.171808 -5.72019e-05
7.955 0.0168644 -0.171808 -5.8611e-05
7.96 0.0172703 -0.171808 -6.00206e-05
7.965 0.0176759 -0.171808 -6.14287e-05
7.97 0.0180802 -0.171808 -6.28327e-05
7.975 0.0184828 -0.171808 -6.42305e-05
7.98 0.0188833 -0.171808 -6.56213e-05
7.985 0.0192822 -0.171808 -6.70063e-05
7.99 0.0196799 -0.171808 -6.83871e-05
7.995 0.0200769 -0.171808 -6.97657e-05
8 0.0204742 -0.171808 -7.11452e-05
8.005 0.0208723 -0.171808 -7.25276e-05
8.01 0.0212703 -0.171808 -7.39095e-05
8.015 0.0216671 -0.171808 -7.5287e-05
8.02 0.0220628 -0.171808 -7.66612e-05
8.025 0.0224587 -0.171808 -7.80357e-05
8.03 0.0228547 -0.171808 -7.94109e-05
8.035 0.0232503 -0.171808 -8.07843e-05
8.04 0.0236448 -0.171808 -8.21541e-05
8.045 0.0240382 -0.171808 -8.35202e-05
8.05 0.0244305 -0.171808 -8.48824e-05
8.055 0.0248214 -0.171808 -8.62395e-05
8.06 0.0252104 -0.171808 -8.75903e-05
8.065 0.0255974 -0.171808 -8.89342e-05
8.07 0.0259824 -0.171808 -9.02709e-05
8.075 0.0263655 -0.171808 -9.1601e-05
8.08 0.026747 -0.171808 -9.29257e-05
8.085 0.027127 -0.171808 -9.42451e-05
8.09 0.0275048 -0.171808 -9.55571e-05
8.095 0.0278804 -0.171808 -9.68613e-05
8.1 0.0282549 -0.171808 -9.81615e-05
8.105 0.0286292 -0.171808 -9.9461e-05
8.11 0.029003 -0.171808 -0.000100759
8.115 0.0293752 -0.171808 -0.000102051
8.12 0.0297445 -0.171808 -0.000103334
8.125 0.0301099 -0.171808 -0.000104603
8.13 0.0304718 -0.171808 -0.000105859
8.135 0.0308307 -0.171808 -0.000107105
8.14 0.031187 -0.171808 -0.000108342
8.145 0.0315411 -0.171808 -0.000109572
8.15 0.0318934 -0.171808 -0.000110795
8.155 0.032244 -0.171808 -0.000112013
8.16 0.0325925 -0.171808 -0.000113223
8.165 0.0329379 -0.171808 -0.000114422
8.17 0.0332799 -0.171808 -0.000115609
8.175 0.0336194 -0.171808 -0.000116788
8.18 0.0339582 -0.171808 -0.000117965
8.185 0.0342965 -0.171808 -0.000119139
8.19 0.034633 -0.171808 -0.000120308
8.195 0.0349667 -0.171808 -0.000121466
8.2 0.0352979 -0.171808 -0.000122616
8.205 0.0356274 -0.171808 -0.00012376
8.21 0.0359555 -0.171808 -0.0001249
8.215 0.0362828 -0.171808 -0.000126036
8.22 0.0366089 -0.171808 -0.000127168
8.225 0.0369322 -0.171808 -0.000128291
8.23 0.0372518 -0.171808 -0.000129401
8.235 0.0375676 -0.171808 -0.000130497
8.24 0.0378803 -0.171808 -0.000131583
8.245 0.0381908 -0.171808 -0.000132661
8.25 0.038499 -0.171808 -0.000133731
8.255 0.0388047 -0.171808 -0.000134793
8.26 0.0391077 -0.171808 -0.000135845
8.265 0.0394079 -0.171808 -0.000136887
8.27 0.0397061 -0.171808 -0.000137922
8.275 0.0400021 -0.171808 -0.00013895
8.28 0.0402954 -0.171808 -0.000139969
8.285 0.0405851 -0.171808 -0.000140975
8.29 0.0408713 -0.171808 -0.000141969
8.295 0.0411557 -0.171808 -0.000142956
8.3 0.0414395 -0.171808 -0.000143941
8.305 0.041722 -0.171808 -0.000144922
8.31 0.0420014 -0.171808 -0.000145892
8.315 0.042277 -0.171808 -0.000146849
8.32 0.0425493 -0.171808 -0.000147795
8.325 0.0428186 -0.171808 -0.00014873
8.33 0.043085 -0.171808 -0.000149655
8.335 0.0433479 -0.171808 -0.000150568
8.34 0.0436067 -0.171808 -0.000151466
8.345 0.0438614 -0.171808 -0.000152351
8.35 0.044112 -0.171808 -0.000153221
8.355 0.0443586 -0.171808 -0.000154077
8.36 0.0446019 -0.171808 -0.000154922
8.365 0.0448427 -0.171808 -0.000155758
8.37 0.0450809 -0.171808 -0.000156585
8.375 0.0453158 -0.171808 -0.000157401
8.38 0.0455475 -0.171808 -0.000158205
8.385 0.0457764 -0.171808 -0.000159
8.39 0.0460027 -0.171808 -0.000159786
8.395 0.0462261 -0.171808 -0.000160562
8.4 0.0464472 -0.171808 -0.000161329
8.405 0.046667 -0.171808 -0.000162092
8.41 0.0468861 -0.171808 -0.000162853
8.415 0.0471038 -0.171808 -0.000163609
8.42 0.0473188 -0.171808 -0.000164355
8.425 0.0475302 -0.171808 -0.000165089
8.43 0.0477377 -0.171808 -0.00016581
8.435 0.0479412 -0.171808 -0.000166517
8.44 0.0481409 -0.171808 -0.00016721
8.445 0.0483374 -0.171808 -0.000167892
8.45 0.0485313 -0.171808 -0.000168565
8.455 0.0487224 -0.171808 -0.000169229
8.46 0.0489107 -0.171808 -0.000169883
8.465 0.0490963 -0.171808 -0.000170527
8.47 0.0492794 -0.171808 -0.000171163
8.475 0.04946 -0.171808 -0.00017179
8.48 0.0496385 -0.171808 -0.00017241
8.485 0.0498149 -0.171808 -0.000173022
8.49 0.0499892 -0.171808 -0.000173628
8.495 0.0501618 -0.171808 -0.000174227
8.5 0.0503325 -0.171808 -0.00017482
8.505 0.0505008 -0.171808 -0.000175404
8.51 0.0506661 -0.171808 -0.000175978
8.515 0.0508283 -0.171808 -0.000176541
8.52 0.0509865 -0.171808 -0.000177091
8.525 0.0511406 -0.171808 -0.000177626
8.53 0.0512918 -0.171808 -0.000178151
8.535 0.0514415 -0.171808 -0.000178671
8.54 0.0515896 -0.171808 -0.000179185
8.545 0.0517348 -0.171808 -0.000179689
8.55 0.0518759 -0.171808 -0.000180179
8.555 0.0520123 -0.171808 -0.000180652
8.56 0.0521446 -0.171808 -0.000181112
8.565 0.0522739 -0.171808 -0.000181561
8.57 0.0524015 -0.171808 -0.000182004
8.575 0.0525283 -0.171808 -0.000182444
8.58 0.0526543 -0.171808 -0.000182882
8.585 0.0527791 -0.171808 -0.000183315
8.59 0.0529018 -0.171808 -0.000183741
8.595 0.0530218 -0.171808 -0.000184157
8.6 0.0531387 -0.171808 -0.000184563
8.605 0.0532532 -0.171808 -0.000184961
8.61 0.0533655 -0.171808 -0.000185351
8.615 0.0534751 -0.171808 -0.000185732
8.62 0.0535812 -0.171808 -0.0001861
8.625 0.0536834 -0.171808 -0.000186455
8.63 0.0537811 -0.171808 -0.000186794
8.635 0.0538743 -0.171808 -0.000187118
8.64 0.0539635 -0.171808 -0.000187427
8.645 0.0540489 -0.171808 -0.000187724
8.65 0.0541301 -0.171808 -0.000188006
8.655 0.0542072 -0.171808 -0.000188274
8.66 0.0542799 -0.171808 -0.000188526
8.665 0.054348 -0.171808 -0.000188762
8.67 0.0544116 -0.171808 -0.000188983
8.675 0.0544713 -0.171808 -0.000189191
8.68 0.0545269 -0.171808 -0.000189384
8.685 0.0545776 -0.171808 -0.00018956
8.69 0.0546231 -0.171808 -0.000189718
8.695 0.0546642 -0.171808 -0.00018986
8.7 0.0547017 -0.171808 -0.000189991
8.705 0.0547358 -0.171808 -0.000190109
8.71 0.0547667 -0.171808 -0.000190216
8.715 0.0547949 -0.171808 -0.000190314
8.72 0.0548199 -0.171808 -0.000190401
8.725 0.0548404 -0.171808 -0.000190472
8.73 0.054855 -0.171808 -0.000190523
8.735 0.0548636 -0.171808 -0.000190553
8.74 0.0548675 -0.171808 -0.000190566
8.745 0.0548677 -0.171808 -0.000190567
8.75 0.0548642 -0.171808 -0.000190555
8.755 0.054856 -0.171808 -0.000190526
8.76 0.0548428 -0.171808 -0.00019048
8.765 0.0548244 -0.171808 -0.000190417
8.77 0.0548016 -0.171808 -0.000190337
8.775 0.0547752 -0.171808 -0.000190246
8.78 0.054746 -0.171808 -0.000190144
8.785 0.0547136 -0.171808 -0.000190032
8.79 0.0546773 -0.171808 -0.000189906
8.795 0.0546373 -0.171808 -0.000189767
8.8 0.0545946 -0.171808 -0.000189619
8.805 0.0545496 -0.171808 -0.000189462
8.81 0.0545019 -0.171808 -0.000189297
8.815 0.0544506 -0.171808 -0.000189119
8.82 0.0543957 -0.171808 -0.000188928
8.825 0.054337 -0.171808 -0.000188724
8.83 0.0542742 -0.171808 -0.000188506
8.835 0.054207 -0.171808 -0.000188273
8.84 0.0541358 -0.171808 -0.000188026
8.845 0.054061 -0.171808 -0.000187766
8.85 0.053983 -0.171808 -0.000187495
8.855 0.0539019 -0.171808 -0.000187214
8.86 0.0538175 -0.171808 -0.000186921
8.865 0.0537292 -0.171808 -0.000186614
8.87 0.0536368 -0.171808 -0.000186293
8.875 0.0535403 -0.171808 -0.000185958
8.88 0.0534392 -0.171808 -0.000185607
8.885 0.0533333 -0.171808 -0.000185239
8.89 0.053222 -0.171808 -0.000184853
8.895 0.0531052 -0.171808 -0.000184447
8.9 0.0529845 -0.171808 -0.000184028
8.905 0.0528613 -0.171808 -0.0001836
8.91 0.0527351 -0.171808 -0.000183162
8.915 0.0526043 -0.171808 -0.000182708
8.92 0.0524684 -0.171808 -0.000182236
8.925 0.0523282 -0.171808 -0.000181749
8.93 0.0521843 -0.171808 -0.00018125
8.935 0.0520368 -0.171808 -0.000180737
8.94 0.051885 -0.171808 -0.00018021
8.945 0.0517284 -0.171808 -0.000179667
8.95 0.051567 -0.171808 -0.000179106
8.955 0.0514015 -0.171808 -0.000178532
8.96 0.0512323 -0.171808 -0.000177944
8.965 0.0510594 -0.171808 -0.000177344
8.97 0.0508825 -0.171808 -0.00017673
8.975 0.0507022 -0.171808 -0.000176103
8.98 0.0505182 -0.171808 -0.000175465
8.985 0.0503297 -0.171808 -0.00017481
8.99 0.0501367 -0.171808 -0.00017414
8.995 0.0499406 -0.171808 -0.000173459
9 0.0497429 -0.171808 -0.000172772
9.005 0.0495435 -0.171808 -0.00017208
9.01 0.0493414 -0.171808 -0.000171379
9.015 0.0491359 -0.171808 -0.000170665
9.02 0.0489268 -0.171808 -0.000169939
9.025 0.0487142 -0.171808 -0.000169201
9.03 0.0484982 -0.171808 -0.000168451
9.035 0.048279 -0.171808 -0.000167689
9.04 0.0480562 -0.171808 -0.000166916
9.045 0.0478286 -0.171808 -0.000166126
9.05 0.047596 -0.171808 -0.000165318
9.055 0.0473599 -0.171808 -0.000164498
9.06 0.0471224 -0.171808 -0.000163674
9.065 0.046883 -0.171808 -0.000162842
9.07 0.0466405 -0.171808 -0.000162
9.075 0.0463944 -0.171808 -0.000161146
9.08 0.0461452 -0.171808 -0.000160281
9.085 0.045893 -0.171808 -0.000159405
9.09 0.045637 -0.171808 -0.000158516
9.095 0.045376 -0.171808 -0.00015761
9.1 0.0451095 -0.171808 -0.000156684
9.105 0.0448386 -0.171808 -0.000155744
9.11 0.044565 -0.171808 -0.000154794
9.115 0.0442887 -0.171808 -0.000153834
9.12 0.044009 -0.171808 -0.000152863
9.125 0.0437262 -0.171808 -0.000151881
9.13 0.0434405 -0.171808 -0.000150889
9.135 0.0431517 -0.171808 -0.000149887
9.14 0.0428593 -0.171808 -0.000148871
9.145 0.0425627 -0.171808 -0.000147841
9.15 0.0422619 -0.171808 -0.000146797
9.155 0.0419571 -0.171808 -0.000145738
9.16 0.0416491 -0.171808 -0.000144669
9.165 0.0413391 -0.171808 -0.000143593
9.17 0.0410277 -0.171808 -0.000142512
9.175 0.0407148 -0.171808 -0.000141425
9.18 0.0404 -0.171808 -0.000140332
9.185 0.0400832 -0.171808 -0.000139232
9.19 0.0397649 -0.171808 -0.000138127
9.195 0.039446 -0.171808 -0.000137019
9.2 0.0391262 -0.171808 -0.000135909
9.205 0.0388045 -0.171808 -0.000134792
9.21 0.038481 -0.171808 -0.000133669
9.215 0.0381567 -0.171808 -0.000132543
9.22 0.0378319 -0.171808 -0.000131415
9.225 0.0375058 -0.171808 -0.000130282
9.23 0.0371772 -0.171808 -0.000129142
9.235 0.0368464 -0.171808 -0.000127993
9.24 0.0365142 -0.171808 -0.000126839
9.245 0.0361804 -0.171808 -0.00012568
9.25 0.0358442 -0.171808 -0.000124513
9.255 0.0355043 -0.171808 -0.000123333
9.26 0.0351602 -0.171808 -0.000122138
9.265 0.0348133 -0.171808 -0.000120934
9.27 0.0344654 -0.171808 -0.000119726
9.275 0.034117 -0.171808 -0.000118516
9.28 0.0337669 -0.171808 -0.0001173
9.285 0.0334148 -0.171808 -0.000116078
9.29 0.033061 -0.171808 -0.000114849
9.295 0.0327057 -0.171808 -0.000113616
9.3 0.0323489 -0.171808 -0.000112377
9.305 0.0319912 -0.171808 -0.000111135
9.31 0.0316327 -0.171808 -0.00010989
9.315 0.0312727 -0.171808 -0.00010864
9.32 0.0309105 -0.171808 -0.000107382
9.325 0.0305462 -0.171808 -0.000106117
9.33 0.0301803 -0.171808 -0.000104847
9.335 0.029813 -0.171808 -0.000103571
9.34 0.0294454 -0.171808 -0.000102295
9.345 0.0290784 -0.171808 -0.000101021
9.35 0.0287116 -0.171808 -9.97473e-05
9.355 0.0283443 -0.171808 -9.84717e-05
9.36 0.0279758 -0.171808 -9.71924e-05
9.365 0.0276066 -0.171808 -9.59102e-05
9.37 0.027237 -0.171808 -9.4627e-05
9.375 0.0268674 -0.171808 -9.33437e-05
9.38 0.0264978 -0.171808 -9.20604e-05
9.385 0.0261279 -0.171808 -9.07759e-05
9.39 0.0257569 -0.171808 -8.9488e-05
9.395 0.0253851 -0.171808 -8.81968e-05
9.4 0.0250126 -0.171808 -8.69035e-05
9.405 0.0246391 -0.171808 -8.56064e-05
9.41 0.024264 -0.171808 -8.43041e-05
9.415 0.0238879 -0.171808 -8.29983e-05
9.42 0.0235113 -0.171808 -8.16907e-05
9.425 0.0231341 -0.171808 -8.03807e-05
9.43 0.0227561 -0.171808 -7.90682e-05
9.435 0.0223776 -0.171808 -7.77541e-05
9.44 0.0219984 -0.171808 -7.64376e-05
9.445 0.0216184 -0.171808 -7.51179e-05
9.45 0.0212372 -0.171808 -7.37945e-05
9.455 0.0208546 -0.171808 -7.24659e-05
9.46 0.0204705 -0.171808 -7.11322e-05
9.465 0.0200856 -0.171808 -6.97957e-05
9.47 0.0196998 -0.171808 -6.84561e-05
9.475 0.0193122 -0.171808 -6.71102e-05
9.48 0.0189227 -0.171808 -6.5758e-05
9.485 0.0185324 -0.171808 -6.44026e-05
9.49 0.0181415 -0.171808 -6.30454e-05
9.495 0.0177502 -0.171808 -6.16868e-05
9.5 0.0173587 -0.171808 -6.03274e-05
9.505 0.0169662 -0.171808 -5.89647e-05
9.51 0.0165713 -0.171808 -5.75935e-05
9.515 0.0161737 -0.171808 -5.62127e-05
9.52 0.0157745 -0.171808 -5.48267e-05
9.525 0.0153749 -0.171808 -5.34393e-05
9.53 0.0149749 -0.171808 -5.20504e-05
9.535 0.0145741 -0.171808 -5.06585e-05
9.54 0.0141726 -0.171808 -4.92647e-05
9.545 0.013771 -0.171808 -4.78702e-05
9.55 0.0133691 -0.171808 -4.64747e-05
9.555 0.0129665 -0.171808 -4.50765e-05
9.56 0.0125625 -0.171808 -4.36737e-05
9.565 0.0121572 -0.171808 -4.22666e-05
9.57 0.0117518 -0.171808 -4.08589e-05
9.575 0.011347 -0.171808 -3.94533e-05
9.58 0.0109418 -0.171808 -3.80465e-05
9.585 0.0105353 -0.171808 -3.66351e-05
9.59 0.0101287 -0.171808 -3.52233e-05
9.595 0.00972385 -0.171808 -3.38175e-05
9.6 0.00932097 -0.171808 -3.24186e-05
9.605 0.00891926 -0.171808 -3.10238e-05
9.61 0.00851819 -0.171808 -2.96311e-05
9.615 0.00811788 -0.171808 -2.82412e-05
9.62 0.00771872 -0.171808 -2.68552e-05
9.625 0.0073209 -0.171808 -2.54739e-05
9.63 0.0069242 -0.171808 -2.40965e-05
9.635 0.00652798 -0.171808 -2.27207e-05
9.64 0.00613182 -0.171808 -2.13451e-05
9.645 0.00573568 -0.171808 -1.99697e-05
9.65 0.0053394 -0.171808 -1.85937e-05
9.655 0.00494282 -0.171808 -1.72167e-05
9.66 0.00454646 -0.171808 -1.58404e-05
9.665 0.00415128 -0.171808 -1.44683e-05
9.67 0.00375793 -0.171808 -1.31025e-05
9.675 0.00336613 -0.171808 -1.17421e-05
9.68 0.00297489 -0.171808 -1.03836e-05
9.685 0.00258325 -0.171808 -9.02375e-06
9.69 0.00219107 -0.171808 -7.66201e-06
9.695 0.00179958 -0.171808 -6.30265e-06
9.7 0.00141078 -0.171808 -4.95266e-06
9.705 0.00102596 -0.171808 -3.61647e-06
9.71 0.000644942 -0.171808 -2.29349e-06
9.715 0.000266401 -0.171808 -9.79116e-07
9.72 -0.000111529 -0.171808 3.33141e-07
9.725 -0.000490047 -0.171808 1.64744e-06
9.73 -0.00086883 -0.171808 2.96266e-06
9.735 -0.00124702 -0.171808 4.2758e-06
9.74 -0.00162463 -0.171808 5.58695e-06
9.745 -0.00200233 -0.171808 6.89843e-06
9.75 -0.0023805 -0.171808 8.2115e-06
9.755 -0.00275869 -0.171808 9.52468e-06
9.76 -0.00313574 -0.171808 1.08339e-05
9.765 -0.00351093 -0.171808 1.21366e-05
9.77 -0.00388507 -0.171808 1.34357e-05
9.775 -0.00425904 -0.171808 1.47342e-05
9.78 -0.00463232 -0.171808 1.60303e-05
9.785 -0.00500383 -0.171808 1.73203e-05
9.79 -0.00537341 -0.171808 1.86036e-05
9.795 -0.0057417 -0.171808 1.98823e-05
9.8 -0.00610913 -0.171808 2.11581e-05
9.805 -0.00647571 -0.171808 2.2431e-05
9.81 -0.00684139 -0.171808 2.37007e-05
9.815 -0.00720609 -0.171808 2.4967e-05
9.82 -0.00756939 -0.171808 2.62285e-05
9.825 -0.00793059 -0.171808 2.74827e-05
9.83 -0.00828929 -0.171808 2.87281e-05
9.835 -0.00864571 -0.171808 2.99657e-05
9.84 -0.00900035 -0.171808 3.11971e-05
9.845 -0.00935349 -0.171808 3.24233e-05
9.85 -0.00970493 -0.171808 3.36436e-05
9.855 -0.0100543 -0.171808 3.48566e-05
9.86 -0.0104016 -0.171808 3.60627e-05
9.865 -0.0107471 -0.171808 3.72624e-05
9.87 -0.0110908 -0.171808 3.84557e-05
9.875 -0.0114329 -0.171808 3.96435e-05
9.88 -0.0117735 -0.171808 4.0826e-05
9.885 -0.0121118 -0.171808 4.20009e-05
9.89 -0.0124476 -0.171808 4.31666e-05
9.895 -0.0127812 -0.171808 4.43249e-05
9.9 -0.0131131 -0.171808 4.54773e-05
9.905 -0.0134423 -0.171808 4.66207e-05
9.91 -0.0137678 -0.171808 4.77509e-05
9.915 -0.0140894 -0.171808 4.88675e-05
9.92 -0.0144073 -0.171808 4.99713e-05
9.925 -0.0147217 -0.171808 5.1063e-05
9.93 -0.0150331 -0.171808 5.21441e-05
9.935 -0.0153417 -0.171808 5.32157e-05
9.94 -0.0156474 -0.171808 5.4277e-05
9.945 -0.0159501 -0.171808 5.53283e-05
9.95 -0.0162505 -0.171808 5.63711e-05
9.955 -0.0165479 -0.171808 5.74039e-05
9.96 -0.0168421 -0.171808 5.84253e-05
9.965 -0.0171336 -0.171808 5.94375e-05
9.97 -0.0174232 -0.171808 6.04431e-05
9.975 -0.0177103 -0.171808 6.14399e-05
9.98 -0.0179937 -0.171808 6.2424e-05
9.985 -0.0182734 -0.171808 6.33953e-05
9.99 -0.0185502 -0.171808 6.43562e-05
9.995 -0.0188241 -0.171808 6.53074e-05
10 -0.0190947 -0.171808 6.62468e-05
10.005 -0.0193616 -0.171808 6.71737e-05
10.01 -0.0196257 -0.171808 6.80906e-05
10.015 -0.0198873 -0.171808 6.8999e-05
10.02 -0.020146 -0.171808 6.98972e-05
10.025 -0.0204011 -0.171808 7.0783e-05
10.03 -0.0206522 -0.171808 7.16549e-05
10.035 -0.0208991 -0.171808 7.25121e-05
10.04 -0.021142 -0.171808 7.33555e-05
10.045 -0.0213817 -0.171808 7.4188e-05
10.05 -0.0216189 -0.171808 7.50115e-05
10.055 -0.0218535 -0.171808 7.5826e-05
10.06 -0.0220854 -0.171808 7.66314e-05
10.065 -0.022315 -0.171808 7.74287e-05
10.07 -0.0225427 -0.171808 7.8219e-05
10.075 -0.0227684 -0.171808 7.90029e-05
10.08 -0.0229923 -0.171808 7.97801e-05
10.085 -0.0232132 -0.171808 8.05473e-05
10.09 -0.0234295 -0.171808 8.12982e-05
10.095 -0.0236407 -0.171808 8.20315e-05
10.1 -0.0238482 -0.171808 8.2752e-05
10.105 -0.0240534 -0.171808 8.34645e-05
10.11 -0.0242569 -0.171808 8.41711e-05
10.115 -0.0244586 -0.171808 8.48717e-05
10.12 -0.024658 -0.171808 8.5564e-05
10.125 -0.0248543 -0.171808 8.62454e-05
10.13 -0.0250479 -0.171808 8.69178e-05
10.135 -0.0252404 -0.171808 8.75861e-05
10.14 -0.025432 -0.171808 8.82513e-05
10.145 -0.0256209 -0.171808 8.89074e-05
10.15 -0.0258054 -0.171808 8.95479e-05
10.155 -0.0259854 -0.171808 9.01729e-05
10.16 -0.0261617 -0.171808 9.07853e-05
10.165 -0.026335 -0.171808 9.13867e-05
10.17 -0.026505 -0.171808 9.19773e-05
10.175 -0.0266717 -0.171808 9.2556e-05
10.18 -0.0268345 -0.171808 9.31212e-05
10.185 -0.026993 -0.171808 9.36716e-05
10.19 -0.0271469 -0.171808 9.42059e-05
10.195 -0.0272958 -0.171808 9.47228e-05
10.2 -0.0274399 -0.171808 9.52233e-05
10.205 -0.0275803 -0.171808 9.57108e-05
10.21 -0.0277178 -0.171808 9.61881e-05
10.215 -0.0278527 -0.171808 9.66566e-05
10.22 -0.0279851 -0.171808 9.71164e-05
10.225 -0.0281148 -0.171808 9.75669e-05
10.23 -0.0282413 -0.171808 9.80059e-05
10.235 -0.0283637 -0.171808 9.8431e-05
10.24 -0.0284819 -0.171808 9.88415e-05
10.245 -0.0285964 -0.171808 9.9239e-05
10.25 -0.0287085 -0.171808 9.9628e-05
10.255 -0.028819 -0.171808 0.000100012
10.26 -0.028927 -0.171808 0.000100387
10.265 -0.0290303 -0.171808 0.000100746
10.27 -0.0291281 -0.171808 0.000101085
10.275 -0.0292221 -0.171808 0.000101411
10.28 -0.0293137 -0.171808 0.000101729
10.285 -0.029403 -0.171808 0.00010204
10.29 -0.0294895 -0.171808 0.00010234
10.295 -0.0295725 -0.171808 0.000102628
10.3 -0.029652 -0.171808 0.000102904
10.305 -0.0297274 -0.171808 0.000103166
10.31 -0.0297984 -0.171808 0.000103412
10.315 -0.0298659 -0.171808 0.000103647
10.32 -0.0299311 -0.171808 0.000103873
10.325 -0.0299939 -0.171808 0.000104091
10.33 -0.0300538 -0.171808 0.000104299
10.335 -0.0301108 -0.171808 0.000104497
10.34 -0.0301648 -0.171808 0.000104685
10.345 -0.030215 -0.171808 0.000104859
10.35 -0.030261 -0.171808 0.000105019
10.355 -0.0303038 -0.171808 0.000105167
10.36 -0.0303442 -0.171808 0.000105308
10.365 -0.0303825 -0.171808 0.000105441
10.37 -0.0304179 -0.171808 0.000105564
10.375 -0.0304497 -0.171808 0.000105674
10.38 -0.0304777 -0.171808 0.000105771
10.385 -0.0305018 -0.171808 0.000105855
10.39 -0.0305223 -0.171808 0.000105926
10.395 -0.0305392 -0.171808 0.000105985
10.4 -0.030552 -0.171808 0.000106029
10.405 -0.0305596 -0.171808 0.000106056
10.41 -0.0305616 -0.171808 0.000106062
10.415 -0.0305587 -0.171808 0.000106052
10.42 -0.030552 -0.171808 0.000106029
10.425 -0.0305419 -0.171808 0.000105994
10.43 -0.0305284 -0.171808 0.000105947
10.435 -0.0305117 -0.171808 0.000105889
10.44 -0.0304919 -0.171808 0.000105821
10.445 -0.0304686 -0.171808 0.00010574
10.45 -0.0304411 -0.171808 0.000105644
10.455 -0.0304096 -0.171808 0.000105535
10.46 -0.0303749 -0.171808 0.000105414
10.465 -0.0303367 -0.171808 0.000105282
10.47 -0.0302949 -0.171808 0.000105136
10.475 -0.03025 -0.171808 0.000104981
10.48 -0.0302031 -0.171808 0.000104818
10.485 -0.0301538 -0.171808 0.000104646
10.49 -0.0301014 -0.171808 0.000104465
10.495 -0.0300463 -0.171808 0.000104273
10.5 -0.0299885 -0.171808 0.000104073
10.505 -0.0299275 -0.171808 0.000103861
10.51 -0.0298631 -0.171808 0.000103637
10.515 -0.0297953 -0.171808 0.000103402
10.52 -0.0297233 -0.171808 0.000103152
10.525 -0.0296467 -0.171808 0.000102886
10.53 -0.0295657 -0.171808 0.000102605
10.535 -0.0294806 -0.171808 0.000102309
10.54 -0.0293915 -0.171808 0.000102
10.545 -0.0292984 -0.171808 0.000101677
10.55 -0.0292012 -0.171808 0.000101339
10.555 -0.0290993 -0.171808 0.000100985
10.56 -0.0289932 -0.171808 0.000100617
10.565 -0.0288833 -0.171808 0.000100235
10.57 -0.0287703 -0.171808 9.98426e-05
10.575 -0.0286544 -0.171808 9.94405e-05
10.58 -0.0285358 -0.171808 9.90287e-05
10.585 -0.0284143 -0.171808 9.86065e-05
10.59 -0.0282899 -0.171808 9.81746e-05
10.595 -0.0281627 -0.171808 9.77329e-05
10.6 -0.0280315 -0.171808 9.72774e-05
10.605 -0.0278952 -0.171808 9.68041e-05
10.61 -0.0277543 -0.171808 9.6315e-05
10.615 -0.0276103 -0.171808 9.5815e-05
10.62 -0.0274635 -0.171808 9.53053e-05
10.625 -0.0273134 -0.171808 9.47842e-05
10.63 -0.0271599 -0.171808 9.42509e-05
10.635 -0.0270029 -0.171808 9.37059e-05
10.64 -0.0268427 -0.171808 9.31498e-05
10.645 -0.0266795 -0.171808 9.2583e-05
10.65 -0.0265134 -0.171808 9.20061e-05
10.655 -0.0263445 -0.171808 9.14199e-05
10.66 -0.0261728 -0.171808 9.08237e-05
10.665 -0.025998 -0.171808 9.02169e-05
10.67 -0.0258203 -0.171808 8.95998e-05
10.675 -0.0256401 -0.171808 8.89742e-05
10.68 -0.0254576 -0.171808 8.83402e-05
10.685 -0.0252725 -0.171808 8.76978e-05
10.69 -0.0250853 -0.171808 8.70477e-05
10.695 -0.0248959 -0.171808 8.63901e-05
10.7 -0.0247037 -0.171808 8.57226e-05
10.705 -0.0245081 -0.171808 8.50435e-05
10.71 -0.0243096 -0.171808 8.43541e-05
10.715 -0.0241088 -0.171808 8.3657e-05
10.72 -0.0239075 -0.171808 8.29581e-05
10.725 -0.0237077 -0.171808 8.22644e-05
10.73 -0.0235092 -0.171808 8.15752e-05
10.735 -0.0233092 -0.171808 8.08808e-05
10.74 -0.0231057 -0.171808 8.01739e-05
10.745 -0.0228991 -0.171808 7.94566e-05
10.75 -0.0226907 -0.171808 7.87331e-05
10.755 -0.022481 -0.171808 7.8005e-05
10.76 -0.0222701 -0.171808 7.72726e-05
10.765 -0.0220583 -0.171808 7.65372e-05
10.77 -0.0218458 -0.171808 7.57994e-05
10.775 -0.0216325 -0.171808 7.50589e-05
10.78 -0.0214181 -0.171808 7.43142e-05
10.785 -0.0212023 -0.171808 7.35651e-05
10.79 -0.0209856 -0.171808 7.28126e-05
10.795 -0.0207676 -0.171808 7.20557e-05
10.8 -0.0205471 -0.171808 7.12899e-05
10.805 -0.0203237 -0.171808 7.05141e-05
10.81 -0.0200989 -0.171808 6.97337e-05
10.815 -0.019874 -0.171808 6.89528e-05
10.82 -0.0196482 -0.171808 6.81689e-05
10.825 -0.0194208 -0.171808 6.73792e-05
10.83 -0.0191925 -0.171808 6.65864e-05
10.835 -0.0189641 -0.171808 6.57935e-05
10.84 -0.0187351 -0.171808 6.49983e-05
10.845 -0.0185044 -0.171808 6.41974e-05
10.85 -0.018272 -0.171808 6.33904e-05
10.855 -0.0180381 -0.171808 6.25781e-05
10.86 -0.0178029 -0.171808 6.17616e-05
10.865 -0.017567 -0.171808 6.09422e-05
10.87 -0.0173303 -0.171808 6.01207e-05
10.875 -0.0170928 -0.171808 5.92961e-05
10.88 -0.0168539 -0.171808 5.84663e-05
10.885 -0.0166128 -0.171808 5.76293e-05
10.89 -0.0163699 -0.171808 5.67859e-05
10.895 -0.0161261 -0.171808 5.59391e-05
10.9 -0.0158815 -0.171808 5.50901e-05
10.905 -0.015636 -0.171808 5.42374e-05
10.91 -0.0153893 -0.171808 5.33809e-05
10.915 -0.0151417 -0.171808 5.25213e-05
10.92 -0.0148926 -0.171808 5.16563e-05
10.925 -0.0146406 -0.171808 5.07813e-05
10.93 -0.0143849 -0.171808 4.98935e-05
10.935 -0.0141259 -0.171808 4.89942e-05
10.94 -0.0138648 -0.171808 4.80874e-05
10.945 -0.0136026 -0.171808 4.71773e-05
10.95 -0.01334 -0.171808 4.62653e-05
10.955 -0.0130764 -0.171808 4.53499e-05
10.96 -0.0128106 -0.171808 4.44273e-05
10.965 -0.0125423 -0.171808 4.34956e-05
10.97 -0.012272 -0.171808 4.25571e-05
10.975 -0.0120008 -0.171808 4.16154e-05
10.98 -0.0117292 -0.171808 4.06724e-05
10.985 -0.0114573 -0.171808 3.9728e-05
10.99 -0.0111847 -0.171808 3.87817e-05
10.995 -0.0109106 -0.171808 3.78301e-05
11 -0.010633 -0.171808 3.68659e-05
11.005 -0.0103502 -0.171808 3.5884e-05
11.01 -0.0100636 -0.171808 3.4889e-05
11.015 -0.00977595 -0.171808 3.38902e-05
11.02 -0.00948824 -0.171808 3.28912e-05
11.025 -0.00920003 -0.171808 3.18905e-05
11.03 -0.008911 -0.171808 3.08869e-05
11.035 -0.00862107 -0.171808 2.98801e-05
11.04 -0.00833071 -0.171808 2.88719e-05
11.045 -0.00804087 -0.171808 2.78656e-05
11.05 -0.00775167 -0.171808 2.68614e-05
11.055 -0.00746232 -0.171808 2.58567e-05
11.06 -0.00717233 -0.171808 2.48498e-05
11.065 -0.00688165 -0.171808 2.38405e-05
11.07 -0.00658991 -0.171808 2.28275e-05
11.075 -0.00629647 -0.171808 2.18086e-05
11.08 -0.00600154 -0.171808 2.07846e-05
11.085 -0.00570606 -0.171808 1.97586e-05
11.09 -0.00541028 -0.171808 1.87316e-05
11.095 -0.00511335 -0.171808 1.77006e-05
11.1 -0.00481505 -0.171808 1.66648e-05
11.105 -0.00451674 -0.171808 1.5629e-05
11.11 -0.0042194 -0.171808 1.45966e-05
11.115 -0.00392206 -0.171808 1.35641e-05
11.12 -0.00362309 -0.171808 1.25261e-05
11.125 -0.00332248 -0.171808 1.14823e-05
11.13 -0.0030214 -0.171808 1.04369e-05
11.135 -0.00272015 -0.171808 9.39084e-06
11.14 -0.00241772 -0.171808 8.34076e-06
11.145 -0.00211323 -0.171808 7.28348e-06
11.15 -0.00180683 -0.171808 6.21959e-06
11.155 -0.00149952 -0.171808 5.15256e-06
11.16 -0.00119222 -0.171808 4.08555e-06
11.165 -0.000885352 -0.171808 3.02002e-06
11.17 -0.000579097 -0.171808 1.95664e-06
11.175 -0.000273809 -0.171808 8.96611e-07
11.18 2.98486e-05 -0.171808 -1.57755e-07
11.185 0.000331724 -0.171808 -1.20593e-06
11.19 0.000632612 -0.171808 -2.25068e-06
11.195 0.000933226 -0.171808 -3.29448e-06
11.2 0.0012336 -0.171808 -4.33744e-06
11.205 0.0015339 -0.171808 -5.38017e-06
11.21 0.00183502 -0.171808 -6.42573e-06
11.215 0.00213747 -0.171808 -7.47587e-06
11.22 0.00244055 -0.171808 -8.52824e-06
11.225 0.00274323 -0.171808 -9.57923e-06
11.23 0.00304498 -0.171808 -1.06269e-05
11.235 0.00334606 -0.171808 -1.16724e-05
11.24 0.00364746 -0.171808 -1.27189e-05
11.245 0.00394971 -0.171808 -1.37684e-05
11.25 0.00425215 -0.171808 -1.48185e-05
11.255 0.00455381 -0.171808 -1.5866e-05
11.26 0.0048545 -0.171808 -1.691e-05
11.265 0.00515437 -0.171808 -1.79512e-05
11.27 0.0054533 -0.171808 -1.89892e-05
11.275 0.00575131 -0.171808 -2.00239e-05
11.28 0.00604879 -0.171808 -2.10569e-05
11.285 0.00634589 -0.171808 -2.20885e-05
11.29 0.00664238 -0.171808 -2.31179e-05
11.295 0.00693791 -0.171808 -2.41441e-05
11.3 0.00723216 -0.171808 -2.51658e-05
11.305 0.00752535 -0.171808 -2.61838e-05
11.31 0.00781837 -0.171808 -2.72012e-05
11.315 0.00811171 -0.171808 -2.82198e-05
11.32 0.00840497 -0.171808 -2.92381e-05
11.325 0.0086978 -0.171808 -3.02548e-05
11.33 0.0089901 -0.171808 -3.12697e-05
11.335 0.00928133 -0.171808 -3.22809e-05
11.34 0.00957086 -0.171808 -3.32863e-05
11.345 0.00985888 -0.171808 -3.42864e-05
11.35 0.0101461 -0.171808 -3.52835e-05
11.355 0.0104324 -0.171808 -3.62778e-05
11.36 0.0107173 -0.171808 -3.72669e-05
11.365 0.0109997 -0.171808 -3.82476e-05
11.37 0.0112794 -0.171808 -3.92187e-05
11.375 0.0115567 -0.171808 -4.01817e-05
11.38 0.0118323 -0.171808 -4.11386e-05
11.385 0.0121061 -0.171808 -4.20891e-05
11.39 0.0123775 -0.171808 -4.30314e-05
11.395 0.0126464 -0.171808 -4.39652e-05
11.4 0.0129133 -0.171808 -4.4892e-05
11.405 0.0131788 -0.171808 -4.58137e-05
11.41 0.0134433 -0.171808 -4.67324e-05
11.415 0.0137074 -0.171808 -4.76493e-05
11.42 0.0139701 -0.171808 -4.85614e-05
11.425 0.0142299 -0.171808 -4.94634e-05
11.43 0.0144867 -0.171808 -5.03552e-05
11.435 0.0147422 -0.171808 -5.12422e-05
11.44 0.0149969 -0.171808 -5.21268e-05
11.445 0.0152501 -0.171808 -5.3006e-05
11.45 0.0155009 -0.171808 -5.38768e-05
11.455 0.01575 -0.171808 -5.47417e-05
11.46 0.0159988 -0.171808 -5.56055e-05
11.465 0.0162475 -0.171808 -5.64691e-05
11.47 0.0164949 -0.171808 -5.73281e-05
11.475 0.0167399 -0.171808 -5.81789e-05
11.48 0.0169824 -0.171808 -5.90206e-05
11.485 0.0172226 -0.171808 -5.98547e-05
11.49 0.0174616 -0.171808 -6.06846e-05
11.495 0.0177006 -0.171808 -6.15145e-05
11.5 0.0179394 -0.171808 -6.23436e-05
11.505 0.0181769 -0.171808 -6.31682e-05
11.51 0.0184127 -0.171808 -6.3987e-05
11.515 0.0186469 -0.171808 -6.48004e-05
11.52 0.0188796 -0.171808 -6.56083e-05
11.525 0.0191112 -0.171808 -6.64123e-05
11.53 0.0193422 -0.171808 -6.72146e-05
11.535 0.019573 -0.171808 -6.80158e-05
11.54 0.0198032 -0.171808 -6.88152e-05
11.545 0.0200331 -0.171808 -6.96136e-05
11.55 0.0202627 -0.171808 -7.04106e-05
11.555 0.0204902 -0.171808 -7.12006e-05
11.56 0.0207137 -0.171808 -7.19765e-05
11.565 0.0209324 -0.171808 -7.27362e-05
11.57 0.0211476 -0.171808 -7.34832e-05
11.575 0.0213599 -0.171808 -7.42205e-05
11.58 0.0215693 -0.171808 -7.49476e-05
11.585 0.0217757 -0.171808 -7.56641e-05
11.59 0.0219791 -0.171808 -7.63705e-05
11.595 0.0221793 -0.171808 -7.70656e-05
11.6 0.0223758 -0.171808 -7.77477e-05
11.605 0.0225686 -0.171808 -7.84172e-05
11.61 0.0227581 -0.171808 -7.90753e-05
11.615 0.0229444 -0.171808 -7.97221e-05
11.62 0.0231271 -0.171808 -8.03564e-05
11.625 0.0233061 -0.171808 -8.09781e-05
11.63 0.0234818 -0.171808 -8.15881e-05
11.635 0.0236542 -0.171808 -8.21867e-05
11.64 0.0238232 -0.171808 -8.27737e-05
11.645 0.0239889 -0.171808 -8.33488e-05
11.65 0.0241512 -0.171808 -8.39124e-05
11.655 0.0243105 -0.171808 -8.44657e-05
11.66 0.0244671 -0.171808 -8.50095e-05
11.665 0.0246207 -0.171808 -8.55425e-05
11.67 0.0247708 -0.171808 -8.60639e-05
11.675 0.0249183 -0.171808 -8.65759e-05
11.68 0.0250644 -0.171808 -8.70834e-05
11.685 0.0252101 -0.171808 -8.75892e-05
11.69 0.0253549 -0.171808 -8.80919e-05
11.695 0.0254976 -0.171808 -8.85875e-05
11.7 0.0256373 -0.171808 -8.90725e-05
11.705 0.0257732 -0.171808 -8.95445e-05
11.71 0.0259052 -0.171808 -9.00028e-05
11.715 0.0260336 -0.171808 -9.04484e-05
11.72 0.0261588 -0.171808 -9.08831e-05
11.725 0.0262809 -0.171808 -9.13071e-05
11.73 0.0264003 -0.171808 -9.17219e-05
11.735 0.0265182 -0.171808 -9.21311e-05
11.74 0.0266341 -0.171808 -9.25336e-05
11.745 0.0267461 -0.171808 -9.29227e-05
11.75 0.0268535 -0.171808 -9.32954e-05
11.755 0.0269566 -0.171808 -9.36534e-05
11.76 0.027056 -0.171808 -9.39984e-05
11.765 0.0271521 -0.171808 -9.43322e-05
11.77 0.0272453 -0.171808 -9.46559e-05
11.775 0.0273353 -0.171808 -9.49685e-05
11.78 0.027422 -0.171808 -9.52693e-05
11.785 0.0275057 -0.171808 -9.55599e-05
11.79 0.0275866 -0.171808 -9.58409e-05
11.795 0.027664 -0.171808 -9.61098e-05
11.8 0.0277368 -0.171808 -9.63626e-05
11.805 0.0278045 -0.171808 -9.65977e-05
11.81 0.0278672 -0.171808 -9.68151e-05
11.815 0.0279252 -0.171808 -9.70167e-05
11.82 0.0279797 -0.171808 -9.72057e-05
11.825 0.0280307 -0.171808 -9.7383e-05
11.83 0.028078 -0.171808 -9.75473e-05
11.835 0.0281218 -0.171808 -9.76991e-05
11.84 0.0281621 -0.171808 -9.78391e-05
11.845 0.0281989 -0.171808 -9.7967e-05
11.85 0.0282326 -0.171808 -9.80839e-05
11.855 0.0282633 -0.171808 -9.81904e-05
11.86 0.0282907 -0.171808 -9.82856e-05
11.865 0.0283146 -0.171808 -9.83687e-05
11.87 0.0283352 -0.171808 -9.84401e-05
11.875 0.0283524 -0.171808 -9.85e-05
11.88 0.0283666 -0.171808 -9.85492e-05
11.885 0.0283777 -0.171808 -9.85879e-05
11.89 0.0283855 -0.171808 -9.8615e-05
11.895 0.0283898 -0.171808 -9.86298e-05
11.9 0.0283909 -0.171808 -9.86337e-05
11.905 0.0283889 -0.171808 -9.86266e-05
11.91 0.0283828 -0.171808 -9.86057e-05
11.915 0.0283718 -0.171808 -9.85674e-05
11.92 0.0283559 -0.171808 -9.85121e-05
11.925 0.028336 -0.171808 -9.84431e-05
11.93 0.0283128 -0.171808 -9.83625e-05
11.935 0.0282862 -0.171808 -9.82699e-05
11.94 0.0282566 -0.171808 -9.81672e-05
11.945 0.0282251 -0.171808 -9.8058e-05
11.95 0.0281918 -0.171808 -9.79423e-05
11.955 0.0281557 -0.171808 -9.78169e-05
11.96 0.028116 -0.171808 -9.76792e-05
11.965 0.0280725 -0.171808 -9.75282e-05
11.97 0.0280249 -0.171808 -9.73627e-05
11.975 0.0279735 -0.171808 -9.71844e-05
11.98 0.0279193 -0.171808 -9.69963e-05
11.985 0.0278622 -0.171808 -9.67977e-05
11.99 0.0278011 -0.171808 -9.65857e-05
11.995 0.0277369 -0.171808 -9.63628e-05
12 0.027672 -0.171808 -9.61375e-05
12.005 0.0276075 -0.171808 -9.59134e-05
12.01 0.0275414 -0.171808 -9.56841e-05
12.015 0.027472 -0.171808 -9.54432e-05
12.02 0.0273996 -0.171808 -9.51915e-05
12.025 0.0273249 -0.171808 -9.49321e-05
