0.1 1.60694e-31 200 -3.37508e-14
0.2 -2.62954e-31 400 1.1191e-13
0.3 0 600 3.21521e-13
0.4 -5.25907e-31 800 1.74083e-13
0.5 1.05181e-30 1000 1.98952e-13
0.6 -2.33737e-31 1200 -1.20792e-13
0.7 -7.0121e-31 1400 -2.77112e-13
0.8 1.16868e-30 1600 5.54223e-13
0.9 -8.18078e-31 1800 1.98952e-13
1 -1.40242e-30 2000 4.1922e-13
0.005 -1.56733e-05 2000 0.00679316
0.01 -7.83512e-05 2000 0.0338902
0.015 -0.000203854 2000 0.088099
0.02 -0.00039243 2000 0.169557
0.025 -0.000644302 2000 0.278361
0.03 -0.000959687 2000 0.414603
0.035 -0.00133879 2000 0.578372
0.04 -0.00178181 2000 0.769755
0.045 -0.00228894 2000 0.988833
0.05 -0.00286037 2000 1.23569
0.055 -0.00349626 2000 1.51039
0.06 -0.00419679 2000 1.81302
0.065 -0.0049621 2000 2.14363
0.07 -0.00579236 2000 2.5023
0.075 -0.00668769 2000 2.88909
0.08 -0.00764825 2000 3.30405
0.085 -0.00867418 2000 3.74725
0.09 -0.00976561 2000 4.21874
0.095 -0.0109226 2000 4.71859
0.1 -0.0121454 2000 5.2468
0.105 -0.0134338 2000 5.80342
0.11 -0.0147882 2000 6.3885
0.115 -0.0162085 2000 7.00206
0.12 -0.0176948 2000 7.64415
0.125 -0.0192472 2000 8.3148
0.13 -0.0208658 2000 9.01403
0.135 -0.0225506 2000 9.74188
0.14 -0.0243017 2000 10.4984
0.145 -0.0261191 2000 11.2835
0.15 -0.0280028 2000 12.0972
0.155 -0.0299529 2000 12.9396
0.16 -0.0319693 2000 13.8107
0.165 -0.0340521 2000 14.7105
0.17 -0.0362012 2000 15.6389
0.175 -0.0384166 2000 16.596
0.18 -0.0406984 2000 17.5817
0.185 -0.0430465 2000 18.5961
0.19 -0.0454609 2000 19.6391
0.195 -0.0479414 2000 20.7107
0.2 -0.0504882 2000 21.8109
0.205 -0.053101 2000 22.9396
0.21 -0.0557797 2000 24.0969
0.215 -0.0585243 2000 25.2825
0.22 -0.0613347 2000 26.4966
0.225 -0.064211 2000 27.7392
0.23 -0.0671531 2000 29.0101
0.235 -0.0701607 2000 30.3094
0.24 -0.0732333 2000 31.6368
0.245 -0.0763711 2000 32.9923
0.25 -0.079574 2000 34.376
0.255 -0.0828421 2000 35.7878
0.26 -0.0861751 2000 37.2277
0.265 -0.0895728 2000 38.6955
0.27 -0.0930351 2000 40.1912
0.275 -0.0965618 2000 41.7147
0.28 -0.100153 2000 43.266
0.285 -0.103808 2000 44.8449
0.29 -0.107526 2000 46.4514
0.295 -0.111309 2000 48.0854
0.3 -0.115155 2000 49.747
0.305 -0.119065 2000 51.436
0.31 -0.123038 2000 53.1523
0.315 -0.127074 2000 54.8958
0.32 -0.131172 2000 56.6663
0.325 -0.135333 2000 58.4638
0.33 -0.139556 2000 60.288
0.335 -0.14384 2000 62.139
0.34 -0.148186 2000 64.0166
0.345 -0.152594 2000 65.9207
0.35 -0.157063 2000 67.851
0.355 -0.161592 2000 69.8076
0.36 -0.166182 2000 71.7905
0.365 -0.170832 2000 73.7995
0.37 -0.175543 2000 75.8345
0.375 -0.180313 2000 77.8951
0.38 -0.185141 2000 79.9811
0.385 -0.190029 2000 82.0925
0.39 -0.194975 2000 84.2293
0.395 -0.19998 2000 86.3913
0.4 -0.205042 2000 88.5783
0.405 -0.210163 2000 90.7903
0.41 -0.215341 2000 93.0272
0.415 -0.220576 2000 95.2888
0.42 -0.225868 2000 97.5749
0.425 -0.231216 2000 99.8852
0.43 -0.236619 2000 102.22
0.435 -0.242079 2000 104.578
0.44 -0.247592 2000 106.96
0.445 -0.253161 2000 109.366
0.45 -0.258784 2000 111.795
0.455 -0.26446 2000 114.247
0.46 -0.27019 2000 116.722
0.465 -0.275973 2000 119.22
0.47 -0.281808 2000 121.741
0.475 -0.287696 2000 124.285
0.48 -0.293635 2000 126.85
0.485 -0.299625 2000 129.438
0.49 -0.305665 2000 132.047
0.495 -0.311756 2000 134.679
0.5 -0.317897 2000 137.332
0.505 -0.324087 2000 140.006
0.51 -0.330326 2000 142.701
0.515 -0.336614 2000 145.417
0.52 -0.342949 2000 148.154
0.525 -0.349332 2000 150.912
0.53 -0.355762 2000 153.689
0.535 -0.362238 2000 156.487
0.54 -0.36876 2000 159.304
0.545 -0.375327 2000 162.141
0.55 -0.381939 2000 164.998
0.555 -0.388594 2000 167.873
0.56 -0.395293 2000 170.767
0.565 -0.402034 2000 173.679
0.57 -0.408817 2000 176.609
0.575 -0.415641 2000 179.557
0.58 -0.422503 2000 182.522
0.585 -0.429404 2000 185.503
0.59 -0.436343 2000 188.5
0.595 -0.443322 2000 191.515
0.6 -0.45034 2000 194.547
0.605 -0.457397 2000 197.596
0.61 -0.464493 2000 200.661
0.615 -0.471625 2000 203.742
0.62 -0.478794 2000 206.839
0.625 -0.486001 2000 209.952
0.63 -0.493244 2000 213.081
0.635 -0.500522 2000 216.226
0.64 -0.507835 2000 219.385
0.645 -0.515182 2000 222.559
0.65 -0.522562 2000 225.747
0.655 -0.529975 2000 228.949
0.66 -0.537419 2000 232.165
0.665 -0.544892 2000 235.394
0.67 -0.552394 2000 238.634
0.675 -0.559924 2000 241.887
0.68 -0.567484 2000 245.153
0.685 -0.575072 2000 248.431
0.69 -0.582689 2000 251.722
0.695 -0.590331 2000 255.023
0.7 -0.598 2000 258.336
0.705 -0.605694 2000 261.66
0.71 -0.613413 2000 264.995
0.715 -0.621156 2000 268.34
0.72 -0.628924 2000 271.695
0.725 -0.636714 2000 275.061
0.73 -0.644526 2000 278.435
0.735 -0.652359 2000 281.819
0.74 -0.660212 2000 285.212
0.745 -0.668083 2000 288.612
0.75 -0.675971 2000 292.019
0.755 -0.683874 2000 295.434
0.76 -0.691793 2000 298.855
0.765 -0.699728 2000 302.283
0.77 -0.707677 2000 305.717
0.775 -0.715641 2000 309.157
0.78 -0.72362 2000 312.604
0.785 -0.731614 2000 316.057
0.79 -0.739622 2000 319.517
0.795 -0.747643 2000 322.982
0.8 -0.755675 2000 326.452
0.805 -0.763716 2000 329.926
0.81 -0.771768 2000 333.404
0.815 -0.779828 2000 336.886
0.82 -0.787895 2000 340.371
0.825 -0.795967 2000 343.858
0.83 -0.804045 2000 347.348
0.835 -0.812129 2000 350.84
0.84 -0.82022 2000 354.335
0.845 -0.828315 2000 357.832
0.85 -0.836412 2000 361.33
0.855 -0.844514 2000 364.83
0.86 -0.852619 2000 368.332
0.865 -0.860728 2000 371.835
0.87 -0.868838 2000 375.338
0.875 -0.876948 2000 378.842
0.88 -0.885057 2000 382.345
0.885 -0.893164 2000 385.847
0.89 -0.901269 2000 389.348
0.895 -0.909373 2000 392.849
0.9 -0.917476 2000 396.35
0.905 -0.925576 2000 399.849
0.91 -0.933671 2000 403.346
0.915 -0.941761 2000 406.841
0.92 -0.949845 2000 410.333
0.925 -0.957921 2000 413.822
0.93 -0.965988 2000 417.307
0.935 -0.974048 2000 420.789
0.94 -0.982101 2000 424.268
0.945 -0.990145 2000 427.743
0.95 -0.998176 2000 431.212
0.955 -1.00619 2000 434.676
0.96 -1.0142 2000 438.136
0.965 -1.0222 2000 441.59
0.97 -1.03018 2000 445.038
0.975 -1.03815 2000 448.48
0.98 -1.0461 2000 451.914
0.985 -1.05403 2000 455.341
0.99 -1.06194 2000 458.758
0.995 -1.06983 2000 462.167
1 -1.0777 2000 465.567
1.005 -1.08556 2000 468.96
1.01 -1.09339 2000 472.345
1.015 -1.10121 2000 475.722
1.02 -1.109 2000 479.089
1.025 -1.11678 2000 482.448
1.03 -1.12453 2000 485.797
1.035 -1.13226 2000 489.136
1.04 -1.13997 2000 492.465
1.045 -1.14765 2000 495.783
1.05 -1.1553 2000 499.089
1.055 -1.16292 2000 502.381
1.06 -1.17051 2000 505.659
1.065 -1.17807 2000 508.925
1.07 -1.18559 2000 512.177
1.075 -1.19309 2000 515.414
1.08 -1.20055 2000 518.636
1.085 -1.20797 2000 521.843
1.09 -1.21536 2000 525.035
1.095 -1.22271 2000 528.211
1.1 -1.23003 2000 531.371
1.105 -1.2373 2000 534.515
1.11 -1.24455 2000 537.644
1.115 -1.25175 2000 540.757
1.12 -1.25892 2000 543.853
1.125 -1.26604 2000 546.931
1.13 -1.27312 2000 549.99
1.135 -1.28017 2000 553.033
1.14 -1.28717 2000 556.059
1.145 -1.29414 2000 559.068
1.15 -1.30106 2000 562.058
1.155 -1.30793 2000 565.028
1.16 -1.31476 2000 567.978
1.165 -1.32155 2000 570.908
1.17 -1.32828 2000 573.819
1.175 -1.33498 2000 576.712
1.18 -1.34163 2000 579.585
1.185 -1.34824 2000 582.438
1.19 -1.35479 2000 585.27
1.195 -1.3613 2000 588.08
1.2 -1.36775 2000 590.866
1.205 -1.37414 2000 593.629
1.21 -1.38048 2000 596.369
1.215 -1.38677 2000 599.084
1.22 -1.393 2000 601.777
1.225 -1.39918 2000 604.445
1.23 -1.4053 2000 607.088
1.235 -1.41136 2000 609.706
1.24 -1.41736 2000 612.301
1.245 -1.42333 2000 614.877
1.25 -1.42925 2000 617.434
1.255 -1.43511 2000 619.968
1.26 -1.44091 2000 622.475
1.265 -1.44665 2000 624.954
1.27 -1.45233 2000 627.406
1.275 -1.45794 2000 629.831
1.28 -1.4635 2000 632.23
1.285 -1.46899 2000 634.602
1.29 -1.47441 2000 636.947
1.295 -1.47978 2000 639.265
1.3 -1.48508 2000 641.556
1.305 -1.49032 2000 643.82
1.31 -1.4955 2000 646.057
1.315 -1.50061 2000 648.265
1.32 -1.50566 2000 650.445
1.325 -1.51063 2000 652.594
1.33 -1.51554 2000 654.715
1.335 -1.52039 2000 656.808
1.34 -1.52517 2000 658.874
1.345 -1.52989 2000 660.913
1.35 -1.53454 2000 662.921
1.355 -1.53912 2000 664.898
1.36 -1.54362 2000 666.843
1.365 -1.54805 2000 668.758
1.37 -1.55241 2000 670.642
1.375 -1.5567 2000 672.494
1.38 -1.56091 2000 674.313
1.385 -1.56504 2000 676.098
1.39 -1.5691 2000 677.85
1.395 -1.57307 2000 679.568
1.4 -1.57698 2000 681.254
1.405 -1.5808 2000 682.906
1.41 -1.58455 2000 684.525
1.415 -1.58822 2000 686.112
1.42 -1.59182 2000 687.665
1.425 -1.59533 2000 689.185
1.43 -1.59877 2000 690.67
1.435 -1.60213 2000 692.12
1.44 -1.60541 2000 693.535
1.445 -1.6086 2000 694.915
1.45 -1.61171 2000 696.26
1.455 -1.61475 2000 697.57
1.46 -1.61769 2000 698.844
1.465 -1.62056 2000 700.08
1.47 -1.62334 2000 701.282
1.475 -1.62604 2000 702.45
1.48 -1.62867 2000 703.584
1.485 -1.63121 2000 704.682
1.49 -1.63366 2000 705.743
1.495 -1.63603 2000 706.765
1.5 -1.63831 2000 707.75
1.505 -1.64051 2000 708.699
1.51 -1.64262 2000 709.61
1.515 -1.64463 2000 710.482
1.52 -1.64656 2000 711.314
1.525 -1.6484 2000 712.111
1.53 -1.65017 2000 712.872
1.535 -1.65185 2000 713.599
1.54 -1.65345 2000 714.289
1.545 -1.65495 2000 714.939
1.55 -1.65636 2000 715.547
1.555 -1.65768 2000 716.116
1.56 -1.6589 2000 716.646
1.565 -1.66004 2000 717.137
1.57 -1.66109 2000 717.59
1.575 -1.66204 2000 718.001
1.58 -1.6629 2000 718.372
1.585 -1.66366 2000 718.7
1.59 -1.66432 2000 718.985
1.595 -1.66488 2000 719.226
1.6 -1.66534 2000 719.427
1.605 -1.66571 2000 719.588
1.61 -1.66599 2000 719.71
1.615 -1.66618 2000 719.791
1.62 -1.66628 2000 719.832
1.625 -1.66627 2000 719.83
1.63 -1.66616 2000 719.783
1.635 -1.66595 2000 719.688
1.64 -1.66561 2000 719.545
1.645 -1.66516 2000 719.35
1.65 -1.66459 2000 719.104
1.655 -1.66391 2000 718.809
1.66 -1.66312 2000 718.468
1.665 -1.66222 2000 718.081
1.67 -1.66122 2000 717.646
1.675 -1.66011 2000 717.167
1.68 -1.65889 2000 716.64
1.685 -1.65756 2000 716.064
1.69 -1.65611 2000 715.438
1.695 -1.65454 2000 714.763
1.7 -1.65287 2000 714.038
1.705 -1.65108 2000 713.265
1.71 -1.64918 2000 712.444
1.715 -1.64716 2000 711.573
1.72 -1.64502 2000 710.648
1.725 -1.64275 2000 709.669
1.73 -1.64036 2000 708.635
1.735 -1.63783 2000 707.545
1.74 -1.63519 2000 706.401
1.745 -1.63242 2000 705.206
1.75 -1.62954 2000 703.959
1.755 -1.62652 2000 702.659
1.76 -1.62339 2000 701.305
1.765 -1.62014 2000 699.898
1.77 -1.61676 2000 698.441
1.775 -1.61327 2000 696.934
1.78 -1.60967 2000 695.375
1.785 -1.60594 2000 693.766
1.79 -1.6021 2000 692.108
1.795 -1.59815 2000 690.402
1.8 -1.59409 2000 688.647
1.805 -1.58991 2000 686.842
1.81 -1.58562 2000 684.987
1.815 -1.58121 2000 683.081
1.82 -1.57667 2000 681.121
1.825 -1.57201 2000 679.108
1.83 -1.56723 2000 677.044
1.835 -1.56234 2000 674.93
1.84 -1.55733 2000 672.766
1.845 -1.5522 2000 670.552
1.85 -1.54696 2000 668.287
1.855 -1.5416 2000 665.97
1.86 -1.53611 2000 663.6
1.865 -1.53051 2000 661.182
1.87 -1.52481 2000 658.717
1.875 -1.51899 2000 656.204
1.88 -1.51306 2000 653.642
1.885 -1.50701 2000 651.029
1.89 -1.50084 2000 648.364
1.895 -1.49456 2000 645.648
1.9 -1.48815 2000 642.882
1.905 -1.48164 2000 640.067
1.91 -1.47501 2000 637.205
1.915 -1.46827 2000 634.294
1.92 -1.46143 2000 631.337
1.925 -1.45448 2000 628.335
1.93 -1.44743 2000 625.289
1.935 -1.44027 2000 622.199
1.94 -1.43301 2000 619.062
1.945 -1.42564 2000 615.877
1.95 -1.41816 2000 612.644
1.955 -1.41057 2000 609.365
1.96 -1.40287 2000 606.041
1.965 -1.39507 2000 602.669
1.97 -1.38714 2000 599.245
1.975 -1.3791 2000 595.77
1.98 -1.37094 2000 592.245
1.985 -1.36266 2000 588.671
1.99 -1.35427 2000 585.046
1.995 -1.34576 2000 581.368
2 -1.33713 2000 577.641
2.005 -1.32841 2000 573.873
2.01 -1.3196 2000 570.067
2.015 -1.31069 2000 566.22
2.02 -1.30169 2000 562.33
2.025 -1.29258 2000 558.394
2.03 -1.28337 2000 554.416
2.035 -1.27406 2000 550.394
2.04 -1.26465 2000 546.329
2.045 -1.25515 2000 542.224
2.05 -1.24556 2000 538.084
2.055 -1.23589 2000 533.906
2.06 -1.22614 2000 529.69
2.065 -1.21629 2000 525.437
2.07 -1.20635 2000 521.143
2.075 -1.19632 2000 516.809
2.08 -1.18619 2000 512.434
2.085 -1.17597 2000 508.02
2.09 -1.16567 2000 503.57
2.095 -1.15529 2000 499.085
2.1 -1.14483 2000 494.566
2.105 -1.13428 2000 490.007
2.11 -1.12362 2000 485.404
2.115 -1.11286 2000 480.756
2.12 -1.10201 2000 476.068
2.125 -1.09107 2000 471.341
2.13 -1.08003 2000 466.572
2.135 -1.06888 2000 461.756
2.14 -1.05761 2000 456.889
2.145 -1.04624 2000 451.977
2.15 -1.03478 2000 447.024
2.155 -1.02322 2000 442.031
2.16 -1.01157 2000 436.998
2.165 -0.999825 2000 431.924
2.17 -0.987994 2000 426.813
2.175 -0.976082 2000 421.667
2.18 -0.96409 2000 416.487
2.185 -0.952017 2000 411.271
2.19 -0.939859 2000 406.019
2.195 -0.927618 2000 400.731
2.2 -0.915302 2000 395.411
2.205 -0.902922 2000 390.062
2.21 -0.890472 2000 384.684
2.215 -0.877939 2000 379.27
2.22 -0.865322 2000 373.819
2.225 -0.852643 2000 368.342
2.23 -0.83991 2000 362.841
2.235 -0.827114 2000 357.313
2.24 -0.814241 2000 351.752
2.245 -0.801291 2000 346.158
2.25 -0.788267 2000 340.531
2.255 -0.775168 2000 334.873
2.26 -0.761987 2000 329.178
2.265 -0.748727 2000 323.45
2.27 -0.735399 2000 317.692
2.275 -0.722013 2000 311.91
2.28 -0.708565 2000 306.1
2.285 -0.695041 2000 300.258
2.29 -0.681434 2000 294.379
2.295 -0.667746 2000 288.466
2.3 -0.65399 2000 282.523
2.305 -0.640179 2000 276.557
2.31 -0.626323 2000 270.572
2.315 -0.61242 2000 264.565
2.32 -0.598466 2000 258.537
2.325 -0.584463 2000 252.488
2.33 -0.570411 2000 246.418
2.335 -0.556298 2000 240.321
2.34 -0.542116 2000 234.194
2.345 -0.527881 2000 228.045
2.35 -0.513607 2000 221.878
2.355 -0.499288 2000 215.693
2.36 -0.484917 2000 209.484
2.365 -0.470488 2000 203.251
2.37 -0.456 2000 196.992
2.375 -0.441449 2000 190.706
2.38 -0.426834 2000 184.392
2.385 -0.412167 2000 178.056
2.39 -0.397461 2000 171.703
2.395 -0.382718 2000 165.334
2.4 -0.367927 2000 158.944
2.405 -0.353078 2000 152.53
2.41 -0.338169 2000 146.089
2.415 -0.323203 2000 139.624
2.42 -0.308204 2000 133.145
2.425 -0.293184 2000 126.656
2.43 -0.27814 2000 120.157
2.435 -0.26306 2000 113.642
2.44 -0.247935 2000 107.108
2.445 -0.23276 2000 100.552
2.45 -0.217546 2000 93.9806
2.455 -0.202296 2000 87.3934
2.46 -0.187028 2000 80.7973
2.465 -0.171738 2000 74.1917
2.47 -0.156416 2000 67.5726
2.475 -0.141081 2000 60.9479
2.48 -0.125712 2000 54.3085
2.485 -0.110323 2000 47.66
2.49 -0.0949287 2000 41.0091
2.495 -0.0795294 2000 34.3564
2.5 -0.0641105 2000 27.6955
2.505 -0.0487356 2000 21.0528
2.51 -0.0333529 2000 14.407
2.515 -0.0180013 1999.99 7.77695
2.52 -0.00263704 2000 1.14139
2.525 0.0127208 2000 -5.49369
2.53 0.0279967 2000 -12.0936
2.535 0.0432506 2000 -18.6838
2.54 0.0583726 1999.99 -25.2167
2.545 0.0733768 1999.99 -31.6983
2.55 0.0881165 1999.99 -38.0649
2.555 0.102481 1999.99 -44.2713
2.56 0.116778 1999.99 -50.4485
2.565 0.131067 1999.99 -56.6215
2.57 0.145338 1999.99 -62.7868
2.575 0.159602 1999.99 -68.9486
2.58 0.173874 1999.99 -75.1142
2.585 0.188157 2000 -81.2846
2.59 0.20244 2000 -87.4547
2.595 0.216715 2000 -93.6215
2.6 0.230988 2000 -99.7873
2.605 0.245262 2000 -105.954
2.61 0.259537 2000 -112.121
2.615 0.27381 2000 -118.286
2.62 0.288082 2000 -124.452
2.625 0.302351 2000 -130.616
2.63 0.316609 2000 -136.776
2.635 0.330851 2000 -142.928
2.64 0.345079 2000 -149.075
2.645 0.359304 2000 -155.22
2.65 0.373531 2000 -161.366
2.655 0.38776 2000 -167.513
2.66 0.401979 2000 -173.656
2.665 0.416178 2000 -179.789
2.67 0.430351 2000 -185.912
2.675 0.444508 2000 -192.028
2.68 0.458655 2000 -198.139
2.685 0.472792 2000 -204.246
2.69 0.486915 2000 -210.348
2.695 0.501036 2000 -216.448
2.7 0.515163 2000 -222.551
2.705 0.529287 2000 -228.652
2.71 0.543396 2000 -234.747
2.715 0.557472 2000 -240.828
2.72 0.571515 2000 -246.895
2.725 0.585549 2000 -252.957
2.73 0.599601 2000 -259.028
2.735 0.613668 2000 -265.105
2.74 0.627729 2000 -271.179
2.745 0.641772 2000 -277.246
2.75 0.655803 2000 -283.307
2.755 0.669838 2000 -289.37
2.76 0.683883 2000 -295.438
2.765 0.697932 2000 -301.507
2.77 0.711964 2000 -307.569
2.775 0.725967 2000 -313.618
2.78 0.739935 2000 -319.652
2.785 0.753861 2000 -325.668
2.79 0.767743 2000 -331.665
2.795 0.781595 2000 -337.649
2.8 0.795421 2000 -343.622
2.805 0.809213 2000 -349.58
2.81 0.822971 2000 -355.524
2.815 0.836705 2000 -361.457
2.82 0.850424 2000 -367.383
2.825 0.864127 2000 -373.303
2.83 0.877806 2000 -379.212
2.835 0.891448 2000 -385.106
2.84 0.905055 2000 -390.984
2.845 0.918638 2000 -396.852
2.85 0.932206 2000 -402.713
2.855 0.945743 2000 -408.561
2.86 0.959231 2000 -414.388
2.865 0.972675 2000 -420.196
2.87 0.986083 2000 -425.988
2.875 0.999452 2000 -431.764
2.88 1.01278 2000 -437.52
2.885 1.02606 2000 -443.259
2.89 1.03931 2000 -448.98
2.895 1.05251 2000 -454.684
2.9 1.06566 2000 -460.367
2.905 1.07877 2000 -466.03
2.91 1.09184 2000 -471.677
2.915 1.10488 2000 -477.308
2.92 1.11788 2000 -482.923
2.925 1.13083 2000 -488.521
2.93 1.14375 2000 -494.099
2.935 1.15662 2000 -499.659
2.94 1.16944 2000 -505.197
2.945 1.18219 2000 -510.708
2.95 1.1949 2000 -516.197
2.955 1.20757 2000 -521.67
2.96 1.2202 2000 -527.126
2.965 1.23278 2000 -532.56
2.97 1.2453 2000 -537.969
2.975 1.25776 2000 -543.354
2.98 1.27018 2000 -548.717
2.985 1.28254 2000 -554.055
2.99 1.29483 2000 -559.366
2.995 1.30705 2000 -564.645
3 1.31919 2000 -569.888
3.005 1.33124 2000 -575.097
3.01 1.34325 2000 -580.282
3.015 1.3552 2000 -585.445
3.02 1.36709 2000 -590.583
3.025 1.3789 2000 -595.687
3.03 1.39063 2000 -600.754
3.035 1.40228 2000 -605.785
3.04 1.41385 2000 -610.785
3.045 1.42537 2000 -615.759
3.05 1.43683 2000 -620.712
3.055 1.44824 2000 -625.64
3.06 1.45959 2000 -630.543
3.065 1.47087 2000 -635.418
3.07 1.4821 2000 -640.267
3.075 1.49327 2000 -645.092
3.08 1.50437 2000 -649.886
3.085 1.51539 2000 -654.647
3.09 1.52633 2000 -659.374
3.095 1.5372 2000 -664.07
3.1 1.54799 2000 -668.732
3.105 1.5587 2000 -673.359
3.11 1.56934 2000 -677.954
3.115 1.57991 2000 -682.521
3.12 1.59041 2000 -687.057
3.125 1.60084 2000 -691.564
3.13 1.61121 2000 -696.045
3.135 1.62152 2000 -700.497
3.14 1.63176 2000 -704.92
3.145 1.64192 2000 -709.312
3.15 1.65202 2000 -713.673
3.155 1.66204 2000 -718
3.16 1.67197 2000 -722.29
3.165 1.68181 2000 -726.541
3.17 1.69157 2000 -730.759
3.175 1.70127 2000 -734.949
3.18 1.71091 2000 -739.114
3.185 1.72049 2000 -743.253
3.19 1.73 2000 -747.359
3.195 1.73942 2000 -751.432
3.2 1.74877 2000 -755.469
3.205 1.75804 2000 -759.473
3.21 1.76725 2000 -763.453
3.215 1.77642 2000 -767.413
3.22 1.78552 2000 -771.346
3.225 1.79453 2000 -775.237
3.23 1.80342 2000 -779.077
3.235 1.81221 2000 -782.876
3.24 1.82094 2000 -786.646
3.245 1.82959 2000 -790.384
3.25 1.83817 2000 -794.088
3.255 1.84666 2000 -797.758
3.26 1.8551 2000 -801.403
3.265 1.86346 2000 -805.016
3.27 1.87173 2000 -808.588
3.275 1.87991 2000 -812.119
3.28 1.888 2000 -815.616
3.285 1.89601 2000 -819.074
3.29 1.90392 2000 -822.495
3.295 1.91177 2000 -825.883
3.3 1.91954 2000 -829.243
3.305 1.92725 2000 -832.572
3.31 1.93488 2000 -835.867
3.315 1.94243 2000 -839.128
3.32 1.94989 2000 -842.354
3.325 1.95727 2000 -845.54
3.33 1.96455 2000 -848.686
3.335 1.97174 2000 -851.793
3.34 1.97886 2000 -854.865
3.345 1.98588 2000 -857.9
3.35 1.99281 2000 -860.896
3.355 1.99966 2000 -863.853
3.36 2.00641 2000 -866.769
3.365 2.01306 2000 -869.641
3.37 2.01961 2000 -872.469
3.375 2.02606 2000 -875.259
3.38 2.03244 2000 -878.013
3.385 2.03873 2000 -880.731
3.39 2.04494 2000 -883.412
3.395 2.05106 2000 -886.057
3.4 2.05709 2000 -888.662
3.405 2.06302 2000 -891.224
3.41 2.06883 2000 -893.737
3.415 2.07453 2000 -896.198
3.42 2.08013 2000 -898.616
3.425 2.08564 2000 -900.999
3.43 2.09108 2000 -903.346
3.435 2.09642 2000 -905.654
3.44 2.10167 2000 -907.92
3.445 2.10682 2000 -910.146
3.45 2.11188 2000 -912.333
3.455 2.11686 2000 -914.484
3.46 2.12175 2000 -916.597
3.465 2.12654 2000 -918.666
3.47 2.13122 2000 -920.686
3.475 2.13579 2000 -922.661
3.48 2.14027 2000 -924.599
3.485 2.14469 2000 -926.504
3.49 2.14901 2000 -928.373
3.495 2.15325 2000 -930.202
3.5 2.15739 2000 -931.99
3.505 2.16144 2000 -933.742
3.51 2.16541 2000 -935.457
3.515 2.16929 2000 -937.135
3.52 2.17309 2000 -938.776
3.525 2.17681 2000 -940.381
3.53 2.18043 2000 -941.946
3.535 2.18395 2000 -943.468
3.54 2.18738 2000 -944.948
3.545 2.19072 2000 -946.392
3.55 2.19399 2000 -947.802
3.555 2.19716 2000 -949.174
3.56 2.20024 2000 -950.503
3.565 2.20322 2000 -951.79
3.57 2.20611 2000 -953.038
3.575 2.2089 2000 -954.244
3.58 2.21158 2000 -955.401
3.585 2.21413 2000 -956.505
3.59 2.21657 2000 -957.557
3.595 2.21889 2000 -958.558
3.6 2.22109 2000 -959.512
3.605 2.2232 2000 -960.422
3.61 2.22522 2000 -961.293
3.615 2.22714 2000 -962.126
3.62 2.22898 2000 -962.919
3.625 2.23071 2000 -963.668
3.63 2.23233 2000 -964.368
3.635 2.23384 2000 -965.021
3.64 2.23525 2000 -965.63
3.645 2.23657 2000 -966.2
3.65 2.23781 2000 -966.736
3.655 2.23897 2000 -967.234
3.66 2.24002 2000 -967.689
3.665 2.24096 2000 -968.095
3.67 2.24179 2000 -968.454
3.675 2.24251 2000 -968.766
3.68 2.24313 2000 -969.032
3.685 2.24365 2000 -969.256
3.69 2.24408 2000 -969.441
3.695 2.24442 2000 -969.588
3.7 2.24467 2000 -969.696
3.705 2.24482 2000 -969.762
3.71 2.24487 2000 -969.785
3.715 2.24482 2000 -969.764
3.72 2.24467 2000 -969.699
3.725 2.24442 2000 -969.591
3.73 2.24407 2000 -969.437
3.735 2.24359 2000 -969.231
3.74 2.24299 2000 -968.973
3.745 2.24229 2000 -968.669
3.75 2.24149 2000 -968.322
3.755 2.24058 2000 -967.932
3.76 2.23958 2000 -967.5
3.765 2.23848 2000 -967.025
3.77 2.23728 2000 -966.506
3.775 2.23598 2000 -965.942
3.78 2.23456 2000 -965.331
3.785 2.23304 2000 -964.674
3.79 2.23142 2000 -963.971
3.795 2.22968 2000 -963.221
3.8 2.22784 2000 -962.426
3.805 2.2259 2000 -961.589
3.81 2.22387 2000 -960.71
3.815 2.22172 2000 -959.783
3.82 2.21944 2000 -958.797
3.825 2.21702 2000 -957.753
3.83 2.21449 2000 -956.658
3.835 2.21184 2000 -955.516
3.84 2.20909 2000 -954.327
3.845 2.20622 2000 -953.088
3.85 2.20324 2000 -951.801
3.855 2.20016 2000 -950.468
3.86 2.19697 2000 -949.09
3.865 2.19367 2000 -947.664
3.87 2.19026 2000 -946.19
3.875 2.18672 2000 -944.665
3.88 2.18308 2000 -943.09
3.885 2.17933 2000 -941.47
3.89 2.17548 2000 -939.808
3.895 2.17152 2000 -938.098
3.9 2.16747 2000 -936.348
3.905 2.16335 2000 -934.565
3.91 2.15914 2000 -932.75
3.915 2.15486 2000 -930.898
3.92 2.15048 2000 -929.007
3.925 2.14601 2000 -927.077
3.93 2.14146 2000 -925.109
3.935 2.13682 2000 -923.104
3.94 2.13209 2000 -921.065
3.945 2.1273 2000 -918.994
3.95 2.12242 2000 -916.885
3.955 2.11743 2000 -914.73
3.96 2.11234 2000 -912.531
3.965 2.10715 2000 -910.291
3.97 2.10188 2000 -908.011
3.975 2.0965 2000 -905.687
3.98 2.09101 2000 -903.315
3.985 2.08541 2000 -900.895
3.99 2.0797 2000 -898.431
3.995 2.07389 2000 -895.922
4 2.06796 2000 -893.36
4.005 2.06191 2000 -890.746
4.01 2.05577 2000 -888.091
4.015 2.04954 2000 -885.401
4.02 2.04323 2000 -882.674
4.025 2.03682 2000 -879.905
4.03 2.0303 2000 -877.09
4.035 2.02369 2000 -874.233
4.04 2.01698 2000 -871.336
4.045 2.01017 2000 -868.394
4.05 2.00326 2000 -865.406
4.055 1.99625 2000 -862.379
4.06 1.98916 2000 -859.315
4.065 1.98198 2000 -856.215
4.07 1.97473 2000 -853.081
4.075 1.9674 2000 -849.915
4.08 1.95998 2000 -846.711
4.085 1.95246 2000 -843.463
4.09 1.94484 2000 -840.169
4.095 1.93712 2000 -836.835
4.1 1.92931 2000 -833.462
4.105 1.92141 2000 -830.048
4.11 1.91342 2000 -826.599
4.115 1.90537 2000 -823.12
4.12 1.89724 2000 -819.61
4.125 1.88903 2000 -816.062
4.13 1.88074 2000 -812.478
4.135 1.87237 2000 -808.862
4.14 1.86393 2000 -805.218
4.145 1.85544 2000 -801.548
4.15 1.84688 2000 -797.851
4.155 1.83826 2000 -794.127
4.16 1.82958 2000 -790.377
4.165 1.82084 2000 -786.601
4.17 1.81204 2000 -782.8
4.175 1.80319 2000 -778.976
4.18 1.7943 2000 -775.136
4.185 1.78537 2000 -771.28
4.19 1.77641 2000 -767.408
4.195 1.7674 2000 -763.516
4.2 1.75833 2000 -759.597
4.205 1.74917 2000 -755.64
4.21 1.73993 2000 -751.648
4.215 1.73062 2000 -747.629
4.22 1.72127 2000 -743.587
4.225 1.71186 2000 -739.524
4.23 1.70241 2000 -735.441
4.235 1.69293 2000 -731.347
4.24 1.68343 2000 -727.243
4.245 1.6739 2000 -723.124
4.25 1.66431 2000 -718.982
4.255 1.65466 2000 -714.813
4.26 1.64495 2000 -710.618
4.265 1.63519 2000 -706.4
4.27 1.62537 2000 -702.16
4.275 1.61549 2000 -697.891
4.28 1.60554 2000 -693.591
4.285 1.59552 2000 -689.264
4.29 1.58545 2000 -684.916
4.295 1.57534 2000 -680.549
4.3 1.56518 2000 -676.158
4.305 1.55495 2000 -671.74
4.31 1.54467 2000 -667.298
4.315 1.53433 2000 -662.831
4.32 1.52393 2000 -658.339
4.325 1.51349 2000 -653.828
4.33 1.503 2000 -649.298
4.335 1.49246 2000 -644.743
4.34 1.48186 2000 -640.162
4.345 1.47121 2000 -635.561
4.35 1.46052 2000 -630.943
4.355 1.44978 2000 -626.303
4.36 1.43898 2000 -621.641
4.365 1.42815 2000 -616.962
4.37 1.41729 2000 -612.27
4.375 1.4064 2000 -607.566
4.38 1.39548 2000 -602.847
4.385 1.38451 2000 -598.107
4.39 1.37348 2000 -593.342
4.395 1.36239 2000 -588.552
4.4 1.35124 2000 -583.736
4.405 1.34004 2000 -578.899
4.41 1.3288 2000 -574.043
4.415 1.31752 2000 -569.169
4.42 1.3062 2000 -564.278
4.425 1.29484 2000 -559.373
4.43 1.28346 2000 -554.457
4.435 1.27206 2000 -549.532
4.44 1.26063 2000 -544.592
4.445 1.24914 2000 -539.629
4.45 1.23761 2000 -534.648
4.455 1.22606 2000 -529.659
4.46 1.21452 2000 -524.673
4.465 1.20298 2000 -519.686
4.47 1.19142 2000 -514.692
4.475 1.17983 2000 -509.689
4.48 1.16824 2000 -504.679
4.485 1.15663 2000 -499.665
4.49 1.14502 2000 -494.648
4.495 1.13339 2000 -489.626
4.5 1.12174 2000 -484.593
4.505 1.11005 2000 -479.542
4.51 1.09832 2000 -474.473
4.515 1.08654 2000 -469.387
4.52 1.07475 2000 -464.291
4.525 1.06294 2000 -459.189
4.53 1.05111 2000 -454.082
4.535 1.03928 2000 -448.967
4.54 1.02744 2000 -443.852
4.545 1.01562 2000 -438.746
4.55 1.00381 2000 -433.648
4.555 0.991997 2000 -428.543
4.56 0.980143 2000 -423.422
4.565 0.968265 2000 -418.291
4.57 0.956389 2000 -413.16
4.575 0.944519 2000 -408.032
4.58 0.932635 2000 -402.898
4.585 0.920715 2000 -397.749
4.59 0.908761 2000 -392.585
4.595 0.896784 2000 -387.411
4.6 0.884796 2000 -382.232
4.605 0.872814 2000 -377.055
4.61 0.860863 2000 -371.893
4.615 0.848952 2000 -366.747
4.62 0.837062 2000 -361.611
4.625 0.825165 2000 -356.471
4.63 0.813244 2000 -351.321
4.635 0.801304 2000 -346.163
4.64 0.789362 2000 -341.005
4.645 0.777417 2000 -335.844
4.65 0.765439 2000 -330.67
4.655 0.753415 2000 -325.475
4.66 0.741363 2000 -320.269
4.665 0.729308 2000 -315.061
4.67 0.717248 2000 -309.851
4.675 0.705164 2000 -304.631
4.68 0.693056 2000 -299.4
4.685 0.680951 2000 -294.171
4.69 0.668871 2000 -288.952
4.695 0.656814 2000 -283.743
4.7 0.644771 2000 -278.541
4.705 0.632735 2000 -273.342
4.71 0.620694 2000 -268.14
4.715 0.608647 2000 -262.936
4.72 0.59661 2000 -257.735
4.725 0.584616 2000 -252.554
4.73 0.572705 2000 -247.408
4.735 0.560873 2000 -242.297
4.74 0.549088 2000 -237.206
4.745 0.537334 2000 -232.128
4.75 0.525621 2000 -227.068
4.755 0.513948 2000 -222.026
4.76 0.502312 2000 -216.999
4.765 0.490719 2000 -211.991
4.77 0.47917 2000 -207.001
4.775 0.467641 2000 -202.021
4.78 0.456112 2000 -197.04
4.785 0.444597 2000 -192.066
4.79 0.433118 2000 -187.107
4.795 0.421669 2000 -182.161
4.8 0.41024 2000 -177.224
4.805 0.398842 2000 -172.3
4.81 0.387494 2000 -167.397
4.815 0.376191 2000 -162.515
4.82 0.36491 2000 -157.641
4.825 0.353651 2000 -152.777
4.83 0.342429 2000 -147.929
4.835 0.331249 2000 -143.1
4.84 0.32011 2000 -138.287
4.845 0.309005 2000 -133.49
4.85 0.297927 2000 -128.704
4.855 0.286879 2000 -123.932
4.86 0.275869 2000 -119.175
4.865 0.264899 2000 -114.436
4.87 0.253969 2000 -109.714
4.875 0.243083 2000 -105.012
4.88 0.232245 2000 -100.33
4.885 0.221443 2000 -95.6634
4.89 0.210672 2000 -91.0104
4.895 0.199947 2000 -86.3773
4.9 0.189268 2000 -81.7639
4.905 0.178613 2000 -77.1606
4.91 0.167983 2000 -72.5687
4.915 0.157419 2000 -68.005
4.92 0.146944 2000 -63.4798
4.925 0.136547 2000 -58.9883
4.93 0.126209 2000 -54.5222
4.935 0.115919 2000 -50.0772
4.94 0.105669 2000 -45.6488
4.945 0.0954438 2000 -41.2317
4.95 0.0852373 2000 -36.8225
4.955 0.0750472 2000 -32.4204
4.96 0.0648777 2000 -28.0272
4.965 0.0547439 2000 -23.6494
4.97 0.0446652 2000 -19.2954
4.975 0.0346511 2000 -14.9693
4.98 0.0247014 2000 -10.671
4.985 0.0148188 2000 -6.4017
4.99 0.0050112 2000 -2.16484
4.995 -0.0047265 2000 2.04185
5 -0.0144234 2000 6.23093
5.005 -0.0241071 2000 10.4143
5.01 -0.0337774 2000 14.5919
5.015 -0.0434091 2000 18.7527
5.02 -0.0529718 2000 22.8838
5.025 -0.0624617 2000 26.9835
5.03 -0.0719024 2000 31.0618
5.035 -0.0813101 2000 35.1259
5.04 -0.0906825 2000 39.1749
5.045 -0.100007 2000 43.2031
5.05 -0.109276 2000 47.2073
5.055 -0.118498 2000 51.1912
5.06 -0.127688 2000 55.161
5.065 -0.136847 2000 59.1181
5.07 -0.145965 2000 63.0568
5.075 -0.155019 2000 66.9681
5.08 -0.164 2000 70.8479
5.085 -0.172917 2000 74.7003
5.09 -0.181773 2000 78.5261
5.095 -0.190553 2000 82.3187
5.1 -0.199249 2000 86.0758
5.105 -0.20788 2000 89.804
5.11 -0.216452 2000 93.5073
5.115 -0.224963 2000 97.184
5.12 -0.233418 2000 100.836
5.125 -0.241828 2000 104.47
5.13 -0.250178 2000 108.077
5.135 -0.258432 2000 111.642
5.14 -0.266575 2000 115.16
5.145 -0.274627 2000 118.639
5.15 -0.282613 2000 122.089
5.155 -0.290538 2000 125.512
5.16 -0.298395 2000 128.907
5.165 -0.306184 2000 132.272
5.17 -0.3139 2000 135.605
5.175 -0.321544 2000 138.907
5.18 -0.329125 2000 142.182
5.185 -0.336644 2000 145.43
5.19 -0.344088 2000 148.646
5.195 -0.351452 2000 151.827
5.2 -0.358735 2000 154.974
5.205 -0.36594 2000 158.086
5.21 -0.373075 2000 161.168
5.215 -0.380142 2000 164.221
5.22 -0.387124 2000 167.238
5.225 -0.394018 2000 170.216
5.23 -0.400846 2000 173.165
5.235 -0.407633 2000 176.098
5.24 -0.414386 2000 179.015
5.245 -0.421108 2000 181.919
5.25 -0.427794 2000 184.807
5.255 -0.43441 2000 187.665
5.26 -0.440917 2000 190.476
5.265 -0.447314 2000 193.24
5.27 -0.453614 2000 195.961
5.275 -0.459824 2000 198.644
5.28 -0.465939 2000 201.286
5.285 -0.471949 2000 203.882
5.29 -0.477853 2000 206.432
5.295 -0.48367 2000 208.946
5.3 -0.489425 2000 211.432
5.305 -0.495112 2000 213.888
5.31 -0.500708 2000 216.306
5.315 -0.506198 2000 218.678
5.32 -0.511581 2000 221.003
5.325 -0.516867 2000 223.286
5.33 -0.522075 2000 225.536
5.335 -0.52721 2000 227.755
5.34 -0.532261 2000 229.937
5.345 -0.537221 2000 232.08
5.35 -0.542095 2000 234.185
5.355 -0.546887 2000 236.255
5.36 -0.551604 2000 238.293
5.365 -0.556249 2000 240.3
5.37 -0.560826 2000 242.277
5.375 -0.565326 2000 244.221
5.38 -0.569735 2000 246.125
5.385 -0.574036 2000 247.984
5.39 -0.578225 2000 249.793
5.395 -0.582317 2000 251.561
5.4 -0.586335 2000 253.297
5.405 -0.59029 2000 255.005
5.41 -0.594171 2000 256.682
5.415 -0.597964 2000 258.321
5.42 -0.601648 2000 259.912
5.425 -0.605208 2000 261.45
5.43 -0.608653 2000 262.938
5.435 -0.612003 2000 264.385
5.44 -0.61527 2000 265.797
5.445 -0.618444 2000 267.168
5.45 -0.621503 2000 268.489
5.455 -0.624426 2000 269.752
5.46 -0.627222 2000 270.96
5.465 -0.629911 2000 272.121
5.47 -0.632505 2000 273.242
5.475 -0.634999 2000 274.32
5.48 -0.637383 2000 275.349
5.485 -0.639665 2000 276.335
5.49 -0.641859 2000 277.283
5.495 -0.643978 2000 278.199
5.5 -0.646034 2000 279.087
5.505 -0.64803 2000 279.949
5.51 -0.649958 2000 280.782
5.515 -0.651811 2000 281.582
5.52 -0.653587 2000 282.35
5.525 -0.65528 2000 283.081
5.53 -0.656885 2000 283.774
5.535 -0.658403 2000 284.43
5.54 -0.65982 2000 285.042
5.545 -0.661118 2000 285.603
5.55 -0.662297 2000 286.112
5.555 -0.663378 2000 286.579
5.56 -0.66438 2000 287.012
5.565 -0.665296 2000 287.408
5.57 -0.666112 2000 287.761
5.575 -0.666837 2000 288.074
5.58 -0.667496 2000 288.358
5.585 -0.668104 2000 288.621
5.59 -0.668658 2000 288.86
5.595 -0.669141 2000 289.069
5.6 -0.669534 2000 289.239
5.605 -0.669834 2000 289.368
5.61 -0.670051 2000 289.462
5.615 -0.670189 2000 289.521
5.62 -0.670235 2000 289.541
5.625 -0.670186 2000 289.521
5.63 -0.670052 2000 289.462
5.635 -0.669839 2000 289.37
5.64 -0.669554 2000 289.247
5.645 -0.669195 2000 289.092
5.65 -0.668738 2000 288.895
5.655 -0.668153 2000 288.642
5.66 -0.667435 2000 288.332
5.665 -0.666612 2000 287.976
5.67 -0.665708 2000 287.586
5.675 -0.66473 2000 287.163
5.68 -0.663673 2000 286.707
5.685 -0.662535 2000 286.215
5.69 -0.661314 2000 285.688
5.695 -0.660018 2000 285.128
5.7 -0.658656 2000 284.539
5.705 -0.657225 2000 283.921
5.71 -0.65572 2000 283.271
5.715 -0.654132 2000 282.585
5.72 -0.652438 2000 281.853
5.725 -0.650603 2000 281.061
5.73 -0.648611 2000 280.2
5.735 -0.646488 2000 279.283
5.74 -0.644272 2000 278.325
5.745 -0.641977 2000 277.334
5.75 -0.639597 2000 276.306
5.755 -0.637129 2000 275.24
5.76 -0.634583 2000 274.14
5.765 -0.631962 2000 273.008
5.77 -0.629266 2000 271.843
5.775 -0.626494 2000 270.646
5.78 -0.62364 2000 269.413
5.785 -0.620689 2000 268.138
5.79 -0.617637 2000 266.819
5.795 -0.6145 2000 265.464
5.8 -0.611284 2000 264.075
5.805 -0.60799 2000 262.651
5.81 -0.60463 2000 261.2
5.815 -0.601231 2000 259.732
5.82 -0.5978 2000 258.249
5.825 -0.594312 2000 256.743
5.83 -0.590747 2000 255.203
5.835 -0.587101 2000 253.628
5.84 -0.583386 2000 252.023
5.845 -0.579605 2000 250.39
5.85 -0.575749 2000 248.723
5.855 -0.571803 2000 247.019
5.86 -0.567771 2000 245.277
5.865 -0.563668 2000 243.504
5.87 -0.559503 2000 241.705
5.875 -0.555274 2000 239.879
5.88 -0.550972 2000 238.02
5.885 -0.546601 2000 236.132
5.89 -0.542176 2000 234.22
5.895 -0.537708 2000 232.29
5.9 -0.5332 2000 230.343
5.905 -0.528641 2000 228.373
5.91 -0.524026 2000 226.379
5.915 -0.519376 2000 224.371
5.92 -0.514712 2000 222.356
5.925 -0.510025 2000 220.331
5.93 -0.505286 2000 218.284
5.935 -0.500481 2000 216.208
5.94 -0.495608 2000 214.102
5.945 -0.49067 2000 211.97
5.95 -0.485669 2000 209.809
5.955 -0.480603 2000 207.621
5.96 -0.475473 2000 205.404
5.965 -0.47029 2000 203.165
5.97 -0.465073 2000 200.912
5.975 -0.459828 2000 198.646
5.98 -0.454541 2000 196.362
5.985 -0.449193 2000 194.052
5.99 -0.443774 2000 191.71
5.995 -0.438287 2000 189.34
6 -0.432768 2000 186.956
6.005 -0.427239 2000 184.567
6.01 -0.421686 2000 182.169
6.015 -0.416091 2000 179.751
6.02 -0.410458 2000 177.318
6.025 -0.404788 2000 174.869
6.03 -0.399078 2000 172.402
6.035 -0.393323 2000 169.915
6.04 -0.387524 2000 167.41
6.045 -0.381683 2000 164.887
6.05 -0.375818 2000 162.353
6.055 -0.369956 2000 159.821
6.06 -0.364101 2000 157.292
6.065 -0.35823 2000 154.755
6.07 -0.352318 2000 152.201
6.075 -0.346356 2000 149.626
6.08 -0.340349 2000 147.031
6.085 -0.334314 2000 144.424
6.09 -0.328264 2000 141.81
6.095 -0.322202 2000 139.191
6.1 -0.316129 2000 136.568
6.105 -0.31005 2000 133.942
6.11 -0.30396 2000 131.311
6.115 -0.29786 2000 128.675
6.12 -0.291775 2000 126.047
6.125 -0.285724 2000 123.433
6.13 -0.279688 2000 120.825
6.135 -0.273628 2000 118.207
6.14 -0.267522 2000 115.57
6.145 -0.261383 2000 112.917
6.15 -0.255225 2000 110.257
6.155 -0.249051 2000 107.59
6.16 -0.242866 2000 104.918
6.165 -0.236664 2000 102.239
6.17 -0.230421 2000 99.5417
6.175 -0.224122 2000 96.8206
6.18 -0.217783 2000 94.0823
6.185 -0.211424 2000 91.335
6.19 -0.205042 2000 88.5783
6.195 -0.198635 2000 85.8104
6.2 -0.192214 2000 83.0363
6.205 -0.185788 2000 80.2606
6.21 -0.179353 2000 77.4806
6.215 -0.172901 2000 74.6932
6.22 -0.166435 2000 71.8997
6.225 -0.159959 2000 69.1024
6.23 -0.153474 2000 66.3007
6.235 -0.146971 2000 63.4917
6.24 -0.140449 2000 60.6739
6.245 -0.133911 2000 57.8494
6.25 -0.127364 2000 55.0211
6.255 -0.120813 2000 52.1913
6.26 -0.114267 2000 49.3632
6.265 -0.107726 2000 46.5377
6.27 -0.101182 2000 43.7108
6.275 -0.0946321 2000 40.881
6.28 -0.0880923 2000 38.0559
6.285 -0.0815789 2000 35.2421
6.29 -0.0750867 2000 32.4374
6.295 -0.0685957 2000 29.6333
6.3 -0.0620918 2000 26.8236
6.305 -0.0555728 2000 24.0075
6.31 -0.0490437 2000 21.1869
6.315 -0.0425106 2000 18.3646
6.32 -0.0359732 2000 15.5404
6.325 -0.0294198 2000 12.7093
6.33 -0.0228355 2000 9.86494
6.335 -0.0162148 2000 7.00479
6.34 -0.00957035 2000 4.13439
6.345 -0.00292905 2000 1.26535
6.35 0.00368744 2000 -1.59297
6.355 0.0102871 2000 -4.44401
6.36 0.0168958 2000 -7.29898
6.365 0.0235033 2000 -10.1534
6.37 0.0300518 2000 -12.9824
6.375 0.0364972 2000 -15.7668
6.38 0.042857 2000 -18.5142
6.385 0.0491861 2000 -21.2484
6.39 0.0555243 2000 -23.9865
6.395 0.0618761 2000 -26.7305
6.4 0.0682255 2000 -29.4734
6.405 0.074561 2000 -32.2103
6.41 0.080884 2000 -34.9419
6.415 0.0871958 2000 -37.6686
6.42 0.0934919 2000 -40.3885
6.425 0.0997661 2000 -43.0989
6.43 0.106012 2000 -45.7971
6.435 0.112227 2000 -48.4822
6.44 0.118411 2000 -51.1537
6.445 0.124547 2000 -53.8045
6.45 0.130617 2000 -56.4265
6.455 0.136626 2000 -59.0224
6.46 0.142592 2000 -61.5999
6.465 0.148523 2000 -64.1617
6.47 0.154413 2000 -66.7064
6.475 0.160262 2000 -69.2331
6.48 0.166077 2000 -71.7451
6.485 0.171871 2000 -74.2485
6.49 0.177654 2000 -76.7466
6.495 0.183413 2000 -79.2344
6.5 0.189119 2000 -81.6993
6.505 0.194756 2000 -84.1347
6.51 0.200341 2000 -86.5475
6.515 0.205891 2000 -88.9447
6.52 0.211394 2000 -91.3223
6.525 0.216841 2000 -93.6751
6.53 0.222245 2000 -96.0098
6.535 0.227634 2000 -98.3378
6.54 0.233021 2000 -100.665
6.545 0.2384 2000 -102.989
6.55 0.243757 2000 -105.303
6.555 0.24908 2000 -107.603
6.56 0.254372 2000 -109.889
6.565 0.259641 2000 -112.165
6.57 0.264886 2000 -114.431
6.575 0.270106 2000 -116.686
6.58 0.27531 2000 -118.934
6.585 0.28051 2000 -121.18
6.59 0.285705 2000 -123.425
6.595 0.290879 2000 -125.66
6.6 0.29601 2000 -127.876
6.605 0.3011 2000 -130.075
6.61 0.306154 2000 -132.259
6.615 0.311153 2000 -134.418
6.62 0.316076 2000 -136.545
6.625 0.320937 2000 -138.645
6.63 0.325763 2000 -140.729
6.635 0.330559 2000 -142.801
6.64 0.335318 2000 -144.857
6.645 0.340046 2000 -146.9
6.65 0.344758 2000 -148.936
6.655 0.349452 2000 -150.963
6.66 0.354117 2000 -152.979
6.665 0.358737 2000 -154.975
6.67 0.363284 2000 -156.939
6.675 0.367725 2000 -158.857
6.68 0.372061 2000 -160.73
6.685 0.37633 2000 -162.575
6.69 0.380567 2000 -164.405
6.695 0.384776 2000 -166.223
6.7 0.388947 2000 -168.025
6.705 0.39308 2000 -169.811
6.71 0.397181 2000 -171.582
6.715 0.401247 2000 -173.339
6.72 0.405269 2000 -175.076
6.725 0.409245 2000 -176.794
6.73 0.413178 2000 -178.493
6.735 0.417059 2000 -180.17
6.74 0.420882 2000 -181.821
6.745 0.424666 2000 -183.456
6.75 0.428435 2000 -185.084
6.755 0.432178 2000 -186.701
6.76 0.435868 2000 -188.295
6.765 0.439494 2000 -189.862
6.77 0.443064 2000 -191.404
6.775 0.44659 2000 -192.927
6.78 0.450082 2000 -194.435
6.785 0.453539 2000 -195.929
6.79 0.456952 2000 -197.403
6.795 0.460298 2000 -198.849
6.8 0.46354 2000 -200.249
6.805 0.466672 2000 -201.602
6.81 0.469721 2000 -202.92
6.815 0.472713 2000 -204.212
6.82 0.475647 2000 -205.479
6.825 0.478525 2000 -206.723
6.83 0.48136 2000 -207.947
6.835 0.484152 2000 -209.154
6.84 0.48689 2000 -210.336
6.845 0.489561 2000 -211.49
6.85 0.49217 2000 -212.617
6.855 0.494728 2000 -213.722
6.86 0.497247 2000 -214.811
6.865 0.499724 2000 -215.881
6.87 0.502153 2000 -216.93
6.875 0.504524 2000 -217.954
6.88 0.506829 2000 -218.95
6.885 0.509074 2000 -219.92
6.89 0.511277 2000 -220.872
6.895 0.513438 2000 -221.805
6.9 0.515535 2000 -222.711
6.905 0.51756 2000 -223.586
6.91 0.519527 2000 -224.436
6.915 0.521439 2000 -225.262
6.92 0.523285 2000 -226.059
6.925 0.525071 2000 -226.83
6.93 0.526808 2000 -227.581
6.935 0.528495 2000 -228.31
6.94 0.530107 2000 -229.006
6.945 0.531629 2000 -229.664
6.95 0.533081 2000 -230.291
6.955 0.534491 2000 -230.9
6.96 0.535872 2000 -231.497
6.965 0.537214 2000 -232.076
6.97 0.538501 2000 -232.632
6.975 0.53972 2000 -233.159
6.98 0.540862 2000 -233.652
6.985 0.541935 2000 -234.116
6.99 0.542967 2000 -234.562
6.995 0.543959 2000 -234.99
7 0.54487 2000 -235.384
7.005 0.545659 2000 -235.725
7.01 0.546331 2000 -236.015
7.015 0.54692 2000 -236.269
7.02 0.547439 2000 -236.494
7.025 0.54788 2000 -236.684
7.03 0.548226 2000 -236.834
7.035 0.548462 2000 -236.936
7.04 0.548594 2000 -236.993
7.045 0.548643 2000 -237.014
7.05 0.548625 2000 -237.006
7.055 0.548546 2000 -236.972
7.06 0.548406 2000 -236.912
7.065 0.548194 2000 -236.82
7.07 0.547887 2000 -236.687
7.075 0.547473 2000 -236.508
7.08 0.546956 2000 -236.285
7.085 0.546352 2000 -236.024
7.09 0.545678 2000 -235.733
7.095 0.54494 2000 -235.414
7.1 0.544134 2000 -235.066
7.105 0.543255 2000 -234.686
7.11 0.542308 2000 -234.277
7.115 0.5413 2000 -233.841
7.12 0.540229 2000 -233.379
7.125 0.539086 2000 -232.885
7.13 0.537868 2000 -232.359
7.135 0.536574 2000 -231.8
7.14 0.535199 2000 -231.206
7.145 0.533747 2000 -230.579
7.15 0.532248 2000 -229.931
7.155 0.53073 2000 -229.275
7.16 0.529179 2000 -228.605
7.165 0.527556 2000 -227.904
7.17 0.525855 2000 -227.169
7.175 0.524098 2000 -226.41
7.18 0.522294 2000 -225.631
7.185 0.520434 2000 -224.828
7.19 0.518499 2000 -223.992
7.195 0.516483 2000 -223.121
7.2 0.514396 2000 -222.219
7.205 0.512241 2000 -221.288
7.21 0.510009 2000 -220.324
7.215 0.507703 2000 -219.327
7.22 0.505348 2000 -218.31
7.225 0.502961 2000 -217.279
7.23 0.500527 2000 -216.228
7.235 0.498028 2000 -215.148
7.24 0.495471 2000 -214.043
7.245 0.492864 2000 -212.917
7.25 0.490195 2000 -211.764
7.255 0.487451 2000 -210.579
7.26 0.484642 2000 -209.366
7.265 0.481788 2000 -208.133
7.27 0.478886 2000 -206.879
7.275 0.475915 2000 -205.595
7.28 0.472866 2000 -204.278
7.285 0.469738 2000 -202.927
7.29 0.466542 2000 -201.546
7.295 0.46329 2000 -200.141
7.3 0.459991 2000 -198.716
7.305 0.456642 2000 -197.269
7.31 0.453241 2000 -195.8
7.315 0.449781 2000 -194.305
7.32 0.446247 2000 -192.779
7.325 0.442626 2000 -191.214
7.33 0.43892 2000 -189.614
7.335 0.435147 2000 -187.984
7.34 0.431317 2000 -186.329
7.345 0.427425 2000 -184.648
7.35 0.423458 2000 -182.934
7.355 0.419408 2000 -181.184
7.36 0.41529 2000 -179.405
7.365 0.411126 2000 -177.607
7.37 0.406922 2000 -175.79
7.375 0.402674 2000 -173.955
7.38 0.398375 2000 -172.098
7.385 0.394021 2000 -170.217
7.39 0.389608 2000 -168.311
7.395 0.385143 2000 -166.382
7.4 0.380621 2000 -164.428
7.405 0.376016 2000 -162.439
7.41 0.371314 2000 -160.408
7.415 0.366538 2000 -158.344
7.42 0.361711 2000 -156.259
7.425 0.356831 2000 -154.151
7.43 0.35188 2000 -152.012
7.435 0.346838 2000 -149.834
7.44 0.341698 2000 -147.614
7.445 0.33648 2000 -145.36
7.45 0.331222 2000 -143.088
7.455 0.325949 2000 -140.81
7.46 0.320656 2000 -138.524
7.465 0.315312 2000 -136.215
7.47 0.309888 2000 -133.871
7.475 0.304383 2000 -131.494
7.48 0.29882 2000 -129.09
7.485 0.293214 2000 -126.668
7.49 0.287557 2000 -124.225
7.495 0.281838 2000 -121.754
7.5 0.276062 2000 -119.259
7.505 0.270243 2000 -116.745
7.51 0.264394 2000 -114.218
7.515 0.258509 2000 -111.676
7.52 0.252562 2000 -109.107
7.525 0.246542 2000 -106.506
7.53 0.24047 2000 -103.883
7.535 0.234364 2000 -101.245
7.54 0.228221 2000 -98.5913
7.545 0.222022 2000 -95.9133
7.55 0.215754 2000 -93.2058
7.555 0.209423 2000 -90.4707
7.56 0.203045 2000 -87.7153
7.565 0.196625 2000 -84.9422
7.57 0.190161 2000 -82.1497
7.575 0.183653 2000 -79.3383
7.58 0.177097 2000 -76.5058
7.585 0.170474 2000 -73.6447
7.59 0.163775 2000 -70.7509
7.595 0.157004 2000 -67.8256
7.6 0.150162 2000 -64.8701
7.605 0.143262 2000 -61.889
7.61 0.13633 2000 -58.8947
7.615 0.129394 2000 -55.8984
7.62 0.122449 2000 -52.898
7.625 0.11546 2000 -49.8785
7.63 0.108399 2000 -46.8282
7.635 0.101273 2000 -43.7501
7.64 0.0941112 2000 -40.656
7.645 0.0869287 2000 -37.5532
7.65 0.07972 2000 -34.439
7.655 0.0724709 2000 -31.3074
7.66 0.0651743 2000 -28.1553
7.665 0.0578319 2000 -24.9834
7.67 0.0504494 2000 -21.7941
7.675 0.0430361 2000 -18.5916
7.68 0.0356097 2000 -15.3834
7.685 0.0281875 2000 -12.177
7.69 0.0207659 2000 -8.97086
7.695 0.0133222 2000 -5.75519
7.7 0.00584278 2000 -2.52408
7.705 -0.00165751 2000 0.716044
7.71 -0.00915702 2000 3.95583
7.715 -0.0166704 2000 7.20162
7.72 -0.0242296 2000 10.4672
7.725 -0.0318185 2000 13.7456
7.73 -0.0393927 2000 17.0177
7.735 -0.0469568 2000 20.2853
7.74 -0.0545484 2000 23.5649
7.745 -0.0621666 2000 26.856
7.75 -0.0697772 2000 30.1438
7.755 -0.0773724 2000 33.4249
7.76 -0.0849745 2000 36.709
7.765 -0.092597 2000 40.0019
7.77 -0.100231 2000 43.2998
7.775 -0.107863 2000 46.5967
7.78 -0.115487 2000 49.8905
7.785 -0.123105 2000 53.1813
7.79 -0.130721 2000 56.4714
7.795 -0.138343 2000 59.7641
7.8 -0.145968 2000 63.0582
7.805 -0.153594 2000 66.3526
7.81 -0.161244 2000 69.6576
7.815 -0.168954 2000 72.9881
7.82 -0.176721 2000 76.3437
7.825 -0.18451 2000 79.7082
7.83 -0.192296 2000 83.0719
7.835 -0.200098 2000 86.4423
7.84 -0.207939 2000 89.8296
7.845 -0.215821 2000 93.2348
7.85 -0.223734 2000 96.653
7.855 -0.231662 2000 100.078
7.86 -0.239591 2000 103.503
7.865 -0.247519 2000 106.928
7.87 -0.255458 2000 110.358
7.875 -0.263412 2000 113.794
7.88 -0.271371 2000 117.232
7.885 -0.279318 2000 120.666
7.89 -0.287251 2000 124.092
7.895 -0.295171 2000 127.514
7.9 -0.303077 2000 130.929
7.905 -0.310959 2000 134.334
7.91 -0.318811 2000 137.726
7.915 -0.326648 2000 141.112
7.92 -0.334497 2000 144.503
7.925 -0.342369 2000 147.903
7.93 -0.350243 2000 151.305
7.935 -0.358094 2000 154.697
7.94 -0.365917 2000 158.076
7.945 -0.373724 2000 161.449
7.95 -0.381525 2000 164.819
7.955 -0.389327 2000 168.189
7.96 -0.397133 2000 171.561
7.965 -0.40493 2000 174.93
7.97 -0.412705 2000 178.288
7.975 -0.420444 2000 181.632
7.98 -0.428146 2000 184.959
7.985 -0.435815 2000 188.272
7.99 -0.443461 2000 191.575
7.995 -0.451095 2000 194.873
8 -0.458734 2000 198.173
8.005 -0.466388 2000 201.48
8.01 -0.474041 2000 204.786
8.015 -0.481668 2000 208.081
8.02 -0.489277 2000 211.368
8.025 -0.496888 2000 214.656
8.03 -0.504503 2000 217.945
8.035 -0.512108 2000 221.231
8.04 -0.519693 2000 224.508
8.045 -0.527258 2000 227.775
8.05 -0.534801 2000 231.034
8.055 -0.542316 2000 234.281
8.06 -0.549796 2000 237.512
8.065 -0.557237 2000 240.726
8.07 -0.564639 2000 243.924
8.075 -0.572004 2000 247.106
8.08 -0.57934 2000 250.275
8.085 -0.586646 2000 253.431
8.09 -0.593911 2000 256.569
8.095 -0.601132 2000 259.689
8.1 -0.608332 2000 262.799
8.105 -0.615528 2000 265.908
8.11 -0.622715 2000 269.013
8.115 -0.629872 2000 272.105
8.12 -0.636972 2000 275.172
8.125 -0.643998 2000 278.207
8.13 -0.650955 2000 281.213
8.135 -0.657855 2000 284.193
8.14 -0.664706 2000 287.153
8.145 -0.671514 2000 290.094
8.15 -0.678289 2000 293.021
8.155 -0.68503 2000 295.933
8.16 -0.691729 2000 298.827
8.165 -0.69837 2000 301.696
8.17 -0.704945 2000 304.536
8.175 -0.711473 2000 307.356
8.18 -0.717986 2000 310.17
8.185 -0.72449 2000 312.98
8.19 -0.73096 2000 315.775
8.195 -0.737375 2000 318.546
8.2 -0.743744 2000 321.297
8.205 -0.750078 2000 324.034
8.21 -0.756386 2000 326.759
8.215 -0.762678 2000 329.477
8.22 -0.768947 2000 332.185
8.225 -0.775164 2000 334.871
8.23 -0.781308 2000 337.525
8.235 -0.787379 2000 340.148
8.24 -0.793393 2000 342.746
8.245 -0.799361 2000 345.324
8.25 -0.805286 2000 347.884
8.255 -0.811164 2000 350.423
8.26 -0.816989 2000 352.939
8.265 -0.822762 2000 355.433
8.27 -0.828494 2000 357.909
8.275 -0.834185 2000 360.368
8.28 -0.839824 2000 362.804
8.285 -0.845394 2000 365.21
8.29 -0.850897 2000 367.588
8.295 -0.856364 2000 369.949
8.3 -0.861821 2000 372.307
8.305 -0.867252 2000 374.653
8.31 -0.872623 2000 376.973
8.315 -0.877923 2000 379.263
8.32 -0.883157 2000 381.524
8.325 -0.888335 2000 383.761
8.33 -0.893457 2000 385.973
8.335 -0.89851 2000 388.156
8.34 -0.903485 2000 390.306
8.345 -0.908382 2000 392.421
8.35 -0.9132 2000 394.502
8.355 -0.917939 2000 396.55
8.36 -0.922616 2000 398.57
8.365 -0.927246 2000 400.57
8.37 -0.931823 2000 402.548
8.375 -0.936339 2000 404.498
8.38 -0.940794 2000 406.423
8.385 -0.945194 2000 408.324
8.39 -0.949543 2000 410.203
8.395 -0.953839 2000 412.058
8.4 -0.958088 2000 413.894
8.405 -0.962313 2000 415.719
8.41 -0.966525 2000 417.539
8.415 -0.97071 2000 419.347
8.42 -0.974842 2000 421.132
8.425 -0.978906 2000 422.887
8.43 -0.982895 2000 424.611
8.435 -0.986807 2000 426.301
8.44 -0.990646 2000 427.959
8.445 -0.994424 2000 429.591
8.45 -0.99815 2000 431.201
8.455 -1.00182 2000 432.788
8.46 -1.00544 2000 434.351
8.465 -1.00901 2000 435.893
8.47 -1.01253 2000 437.414
8.475 -1.016 2000 438.914
8.48 -1.01943 2000 440.395
8.485 -1.02282 2000 441.86
8.49 -1.02618 2000 443.308
8.495 -1.02949 2000 444.741
8.5 -1.03277 2000 446.159
8.505 -1.03601 2000 447.556
8.51 -1.03919 2000 448.929
8.515 -1.0423 2000 450.275
8.52 -1.04535 2000 451.589
8.525 -1.04831 2000 452.869
8.53 -1.05122 2000 454.125
8.535 -1.05409 2000 455.368
8.54 -1.05694 2000 456.598
8.545 -1.05973 2000 457.803
8.55 -1.06244 2000 458.975
8.555 -1.06506 2000 460.108
8.56 -1.06761 2000 461.206
8.565 -1.07009 2000 462.28
8.57 -1.07255 2000 463.34
8.575 -1.07498 2000 464.393
8.58 -1.07741 2000 465.439
8.585 -1.0798 2000 466.475
8.59 -1.08216 2000 467.494
8.595 -1.08447 2000 468.49
8.6 -1.08672 2000 469.461
8.605 -1.08892 2000 470.412
8.61 -1.09108 2000 471.345
8.615 -1.09318 2000 472.255
8.62 -1.09522 2000 473.136
8.625 -1.09719 2000 473.985
8.63 -1.09906 2000 474.796
8.635 -1.10086 2000 475.57
8.64 -1.10257 2000 476.311
8.645 -1.10421 2000 477.02
8.65 -1.10577 2000 477.694
8.655 -1.10726 2000 478.334
8.66 -1.10865 2000 478.938
8.665 -1.10996 2000 479.503
8.67 -1.11118 2000 480.031
8.675 -1.11233 2000 480.527
8.68 -1.1134 2000 480.989
8.685 -1.11438 2000 481.41
8.69 -1.11525 2000 481.788
8.695 -1.11604 2000 482.129
8.7 -1.11676 2000 482.441
8.705 -1.11742 2000 482.724
8.71 -1.11801 2000 482.981
8.715 -1.11855 2000 483.214
8.72 -1.11903 2000 483.422
8.725 -1.11943 2000 483.593
8.73 -1.11971 2000 483.714
8.735 -1.11987 2000 483.785
8.74 -1.11995 2000 483.818
8.745 -1.11995 2000 483.819
8.75 -1.11988 2000 483.79
8.755 -1.11973 2000 483.722
8.76 -1.11947 2000 483.612
8.765 -1.11912 2000 483.46
8.77 -1.11868 2000 483.27
8.775 -1.11817 2000 483.051
8.78 -1.11761 2000 482.808
8.785 -1.11699 2000 482.539
8.79 -1.11629 2000 482.238
8.795 -1.11552 2000 481.905
8.8 -1.1147 2000 481.55
8.805 -1.11384 2000 481.177
8.81 -1.11292 2000 480.78
8.815 -1.11193 2000 480.355
8.82 -1.11088 2000 479.898
8.825 -1.10975 2000 479.411
8.83 -1.10854 2000 478.889
8.835 -1.10725 2000 478.331
8.84 -1.10588 2000 477.74
8.845 -1.10444 2000 477.118
8.85 -1.10294 2000 476.471
8.855 -1.10138 2000 475.797
8.86 -1.09976 2000 475.096
8.865 -1.09806 2000 474.363
8.87 -1.09629 2000 473.596
8.875 -1.09443 2000 472.793
8.88 -1.09249 2000 471.954
8.885 -1.09045 2000 471.074
8.89 -1.08831 2000 470.15
8.895 -1.08606 2000 469.18
8.9 -1.08374 2000 468.177
8.905 -1.08137 2000 467.154
8.91 -1.07895 2000 466.105
8.915 -1.07643 2000 465.019
8.92 -1.07382 2000 463.89
8.925 -1.07112 2000 462.726
8.93 -1.06836 2000 461.531
8.935 -1.06552 2000 460.305
8.94 -1.0626 2000 459.044
8.945 -1.05959 2000 457.744
8.95 -1.05649 2000 456.404
8.955 -1.05331 2000 455.029
8.96 -1.05005 2000 453.624
8.965 -1.04673 2000 452.187
8.97 -1.04333 2000 450.718
8.975 -1.03986 2000 449.22
8.98 -1.03632 2000 447.692
8.985 -1.0327 2000 446.126
8.99 -1.02899 2000 444.523
8.995 -1.02522 2000 442.895
9 -1.02142 2000 441.252
9.005 -1.01758 2000 439.596
9.01 -1.0137 2000 437.918
9.015 -1.00975 2000 436.21
9.02 -1.00573 2000 434.474
9.025 -1.00164 2000 432.708
9.03 -0.997485 2000 430.914
9.035 -0.993271 2000 429.093
9.04 -0.988987 2000 427.242
9.045 -0.984612 2000 425.352
9.05 -0.980139 2000 423.42
9.055 -0.975601 2000 421.46
9.06 -0.971033 2000 419.486
9.065 -0.966431 2000 417.498
9.07 -0.961767 2000 415.483
9.075 -0.957037 2000 413.44
9.08 -0.952246 2000 411.37
9.085 -0.947396 2000 409.275
9.09 -0.942475 2000 407.149
9.095 -0.937456 2000 404.981
9.1 -0.932331 2000 402.767
9.105 -0.927124 2000 400.517
9.11 -0.921863 2000 398.245
9.115 -0.91655 2000 395.95
9.12 -0.911173 2000 393.627
9.125 -0.905735 2000 391.277
9.13 -0.900242 2000 388.904
9.135 -0.89469 2000 386.506
9.14 -0.889068 2000 384.077
9.145 -0.883365 2000 381.614
9.15 -0.877582 2000 379.115
9.155 -0.87172 2000 376.583
9.16 -0.865798 2000 374.025
9.165 -0.859839 2000 371.45
9.17 -0.853852 2000 368.864
9.175 -0.847836 2000 366.265
9.18 -0.841784 2000 363.651
9.185 -0.835692 2000 361.019
9.19 -0.829573 2000 358.375
9.195 -0.823441 2000 355.726
9.2 -0.817291 2000 353.07
9.205 -0.811106 2000 350.398
9.21 -0.804887 2000 347.711
9.215 -0.798651 2000 345.017
9.22 -0.792407 2000 342.32
9.225 -0.786136 2000 339.611
9.23 -0.779818 2000 336.881
9.235 -0.773459 2000 334.134
9.24 -0.76707 2000 331.374
9.245 -0.760653 2000 328.602
9.25 -0.754188 2000 325.809
9.255 -0.747653 2000 322.986
9.26 -0.741039 2000 320.129
9.265 -0.734369 2000 317.247
9.27 -0.72768 2000 314.358
9.275 -0.720981 2000 311.464
9.28 -0.71425 2000 308.556
9.285 -0.707479 2000 305.631
9.29 -0.700676 2000 302.692
9.295 -0.693846 2000 299.741
9.3 -0.686987 2000 296.778
9.305 -0.680109 2000 293.807
9.31 -0.673216 2000 290.829
9.315 -0.666294 2000 287.839
9.32 -0.65933 2000 284.83
9.325 -0.652326 2000 281.805
9.33 -0.645289 2000 278.765
9.335 -0.638228 2000 275.714
9.34 -0.631161 2000 272.662
9.345 -0.624105 2000 269.613
9.35 -0.617053 2000 266.567
9.355 -0.609989 2000 263.515
9.36 -0.602905 2000 260.455
9.365 -0.595805 2000 257.388
9.37 -0.5887 2000 254.318
9.375 -0.581593 2000 251.248
9.38 -0.574488 2000 248.179
9.385 -0.567375 2000 245.106
9.39 -0.560243 2000 242.025
9.395 -0.553094 2000 238.936
9.4 -0.545932 2000 235.843
9.405 -0.53875 2000 232.74
9.41 -0.531539 2000 229.625
9.415 -0.524308 2000 226.501
9.42 -0.517067 2000 223.373
9.425 -0.509813 2000 220.239
9.43 -0.502545 2000 217.1
9.435 -0.495269 2000 213.956
9.44 -0.487979 2000 210.807
9.445 -0.480671 2000 207.65
9.45 -0.473343 2000 204.484
9.455 -0.465986 2000 201.306
9.46 -0.458601 2000 198.116
9.465 -0.451201 2000 194.919
9.47 -0.443783 2000 191.714
9.475 -0.43633 2000 188.495
9.48 -0.428842 2000 185.26
9.485 -0.421337 2000 182.018
9.49 -0.413822 2000 178.771
9.495 -0.406299 2000 175.521
9.5 -0.398771 2000 172.269
9.505 -0.391226 2000 169.009
9.51 -0.383633 2000 165.729
9.515 -0.375987 2000 162.426
9.52 -0.368312 2000 159.111
9.525 -0.36063 2000 155.792
9.53 -0.352939 2000 152.47
9.535 -0.345232 2000 149.14
9.54 -0.337514 2000 145.806
9.545 -0.329792 2000 142.47
9.55 -0.322065 2000 139.132
9.555 -0.314322 2000 135.787
9.56 -0.306554 2000 132.432
9.565 -0.298762 2000 129.065
9.57 -0.290968 2000 125.698
9.575 -0.283185 2000 122.336
9.58 -0.275395 2000 118.97
9.585 -0.267579 2000 115.594
9.59 -0.259761 2000 112.217
9.595 -0.251977 2000 108.854
9.6 -0.244231 2000 105.508
9.605 -0.236507 2000 102.171
9.61 -0.228796 2000 98.8399
9.615 -0.221099 2000 95.5149
9.62 -0.213425 2000 92.1995
9.625 -0.205776 2000 88.8952
9.63 -0.198149 2000 85.6002
9.635 -0.190531 2000 82.3092
9.64 -0.182914 2000 79.0187
9.645 -0.175297 2000 75.7284
9.65 -0.167678 2000 72.4369
9.655 -0.160053 2000 69.1429
9.66 -0.152432 2000 65.8507
9.665 -0.144834 2000 62.5683
9.67 -0.137271 2000 59.3011
9.675 -0.129738 2000 56.0469
9.68 -0.122216 2000 52.7972
9.685 -0.114686 2000 49.5443
9.69 -0.107146 2000 46.2869
9.695 -0.0996183 2000 43.0351
9.7 -0.0921429 2000 39.8057
9.705 -0.084744 2000 36.6094
9.71 -0.0774182 2000 33.4447
9.715 -0.0701401 2000 30.3005
9.72 -0.0628737 2000 27.1614
9.725 -0.055596 2000 24.0175
9.73 -0.0483132 2000 20.8713
9.735 -0.0410419 2000 17.7301
9.74 -0.0337816 2000 14.5936
9.745 -0.0265195 2000 11.4564
9.75 -0.0192486 2000 8.31539
9.755 -0.0119771 2000 5.17409
9.76 -0.00472766 2000 2.04235
9.765 0.00248617 2000 -1.07403
9.77 0.00967965 2000 -4.18161
9.775 0.0168699 2000 -7.28779
9.78 0.0240469 2000 -10.3883
9.785 0.0311899 2000 -13.474
9.79 0.0382958 2000 -16.5438
9.795 0.0453768 2000 -19.6028
9.8 0.0524413 2000 -22.6547
9.805 0.0594896 2000 -25.6995
9.81 0.0665204 2000 -28.7368
9.815 0.0735324 2000 -31.766
9.82 0.0805176 2000 -34.7836
9.825 0.0874623 2000 -37.7837
9.83 0.0943589 2000 -40.763
9.835 0.101212 2000 -43.7235
9.84 0.10803 2000 -46.6691
9.845 0.11482 2000 -49.6023
9.85 0.121577 2000 -52.5214
9.855 0.128294 2000 -55.4231
9.86 0.134973 2000 -58.3082
9.865 0.141616 2000 -61.178
9.87 0.148223 2000 -64.0325
9.875 0.154801 2000 -66.8739
9.88 0.161349 2000 -69.7026
9.885 0.167855 2000 -72.5132
9.89 0.174309 2000 -75.3017
9.895 0.180723 2000 -78.0725
9.9 0.187105 2000 -80.8293
9.905 0.193436 2000 -83.5643
9.91 0.199694 2000 -86.268
9.915 0.205877 2000 -88.9389
9.92 0.21199 2000 -91.5795
9.925 0.218035 2000 -94.1909
9.93 0.224021 2000 -96.7771
9.935 0.229955 2000 -99.3406
9.94 0.235832 2000 -101.879
9.945 0.241653 2000 -104.394
9.95 0.247427 2000 -106.889
9.955 0.253146 2000 -109.359
9.96 0.258802 2000 -111.802
9.965 0.264407 2000 -114.224
9.97 0.269975 2000 -116.629
9.975 0.275495 2000 -119.014
9.98 0.280944 2000 -121.368
9.985 0.286323 2000 -123.691
9.99 0.291643 2000 -125.99
9.995 0.29691 2000 -128.265
10 0.302112 2000 -130.512
10.005 0.307245 2000 -132.73
10.01 0.312322 2000 -134.923
10.015 0.317352 2000 -137.096
10.02 0.322326 2000 -139.245
10.025 0.327231 2000 -141.364
10.03 0.332059 2000 -143.449
10.035 0.336805 2000 -145.5
10.04 0.341476 2000 -147.518
10.045 0.346085 2000 -149.509
10.05 0.350645 2000 -151.479
10.055 0.355156 2000 -153.427
10.06 0.359615 2000 -155.354
10.065 0.36403 2000 -157.261
10.07 0.368406 2000 -159.152
10.075 0.372747 2000 -161.027
10.08 0.377051 2000 -162.886
10.085 0.381299 2000 -164.721
10.09 0.385457 2000 -166.517
10.095 0.389518 2000 -168.272
10.1 0.393507 2000 -169.995
10.105 0.397452 2000 -171.699
10.11 0.401365 2000 -173.39
10.115 0.405245 2000 -175.066
10.12 0.409078 2000 -176.722
10.125 0.412852 2000 -178.352
10.13 0.416575 2000 -179.96
10.135 0.420275 2000 -181.559
10.14 0.423959 2000 -183.15
10.145 0.427591 2000 -184.719
10.15 0.431138 2000 -186.252
10.155 0.434599 2000 -187.747
10.16 0.43799 2000 -189.212
10.165 0.44132 2000 -190.65
10.17 0.444591 2000 -192.063
10.175 0.447795 2000 -193.448
10.18 0.450925 2000 -194.8
10.185 0.453973 2000 -196.116
10.19 0.456931 2000 -197.394
10.195 0.459794 2000 -198.631
10.2 0.462565 2000 -199.828
10.205 0.465264 2000 -200.994
10.21 0.467907 2000 -202.136
10.215 0.470502 2000 -203.257
10.22 0.473048 2000 -204.357
10.225 0.475542 2000 -205.434
10.23 0.477973 2000 -206.484
10.235 0.480327 2000 -207.501
10.24 0.4826 2000 -208.483
10.245 0.484801 2000 -209.434
10.25 0.486955 2000 -210.365
10.255 0.48908 2000 -211.283
10.26 0.491157 2000 -212.18
10.265 0.493143 2000 -213.038
10.27 0.495025 2000 -213.851
10.275 0.496831 2000 -214.631
10.28 0.498592 2000 -215.392
10.285 0.50031 2000 -216.134
10.29 0.501972 2000 -216.852
10.295 0.503569 2000 -217.542
10.3 0.505098 2000 -218.202
10.305 0.506546 2000 -218.828
10.31 0.507911 2000 -219.417
10.315 0.509209 2000 -219.978
10.32 0.510462 2000 -220.52
10.325 0.51167 2000 -221.041
10.33 0.512821 2000 -221.539
10.335 0.513917 2000 -222.012
10.34 0.514956 2000 -222.461
10.345 0.515922 2000 -222.878
10.35 0.516807 2000 -223.261
10.355 0.517628 2000 -223.615
10.36 0.518406 2000 -223.951
10.365 0.519141 2000 -224.269
10.37 0.519823 2000 -224.563
10.375 0.520435 2000 -224.828
10.38 0.520972 2000 -225.06
10.385 0.521435 2000 -225.26
10.39 0.521829 2000 -225.43
10.395 0.522155 2000 -225.571
10.4 0.522402 2000 -225.677
10.405 0.522547 2000 -225.74
10.41 0.522585 2000 -225.757
10.415 0.522529 2000 -225.733
10.42 0.5224 2000 -225.677
10.425 0.522206 2000 -225.593
10.43 0.521947 2000 -225.481
10.435 0.521626 2000 -225.342
10.44 0.521246 2000 -225.178
10.445 0.520798 2000 -224.985
10.45 0.520268 2000 -224.756
10.455 0.519663 2000 -224.494
10.46 0.518995 2000 -224.206
10.465 0.518262 2000 -223.889
10.47 0.517457 2000 -223.541
10.475 0.516595 2000 -223.169
10.48 0.515693 2000 -222.779
10.485 0.514744 2000 -222.369
10.49 0.513738 2000 -221.935
10.495 0.512679 2000 -221.477
10.5 0.511567 2000 -220.997
10.505 0.510393 2000 -220.49
10.51 0.509156 2000 -219.955
10.515 0.507852 2000 -219.392
10.52 0.506468 2000 -218.794
10.525 0.504994 2000 -218.158
10.53 0.503437 2000 -217.485
10.535 0.501801 2000 -216.778
10.54 0.500088 2000 -216.038
10.545 0.498299 2000 -215.265
10.55 0.496429 2000 -214.457
10.555 0.494471 2000 -213.611
10.56 0.492429 2000 -212.729
10.565 0.490317 2000 -211.817
10.57 0.488144 2000 -210.878
10.575 0.485917 2000 -209.916
10.58 0.483636 2000 -208.931
10.585 0.481299 2000 -207.921
10.59 0.478907 2000 -206.888
10.595 0.476461 2000 -205.831
10.6 0.473939 2000 -204.742
10.605 0.471318 2000 -203.609
10.61 0.46861 2000 -202.44
10.615 0.465841 2000 -201.243
10.62 0.463019 2000 -200.024
10.625 0.460134 2000 -198.778
10.63 0.45718 2000 -197.502
10.635 0.454163 2000 -196.198
10.64 0.451083 2000 -194.868
10.645 0.447944 2000 -193.512
10.65 0.44475 2000 -192.132
10.655 0.441504 2000 -190.73
10.66 0.438203 2000 -189.304
10.665 0.434843 2000 -187.852
10.67 0.431426 2000 -186.376
10.675 0.427961 2000 -184.879
10.68 0.424451 2000 -183.363
10.685 0.420893 2000 -181.826
10.69 0.417294 2000 -180.271
10.695 0.413652 2000 -178.698
10.7 0.409956 2000 -177.101
10.705 0.406196 2000 -175.477
10.71 0.402378 2000 -173.827
10.715 0.398519 2000 -172.16
10.72 0.394648 2000 -170.488
10.725 0.390807 2000 -168.829
10.73 0.386991 2000 -167.18
10.735 0.383145 2000 -165.519
10.74 0.379231 2000 -163.828
10.745 0.375259 2000 -162.112
10.75 0.371253 2000 -160.381
10.755 0.367221 2000 -158.64
10.76 0.363166 2000 -156.888
10.765 0.359094 2000 -155.128
10.77 0.355008 2000 -153.364
10.775 0.350908 2000 -151.592
10.78 0.346784 2000 -149.811
10.785 0.342636 2000 -148.019
10.79 0.338469 2000 -146.219
10.795 0.334278 2000 -144.408
10.8 0.330038 2000 -142.576
10.805 0.325742 2000 -140.721
10.81 0.32142 2000 -138.854
10.815 0.317096 2000 -136.986
10.82 0.312756 2000 -135.11
10.825 0.308383 2000 -133.221
10.83 0.303993 2000 -131.325
10.835 0.299602 2000 -129.428
10.84 0.295199 2000 -127.526
10.845 0.290764 2000 -125.61
10.85 0.286295 2000 -123.68
10.855 0.281798 2000 -121.737
10.86 0.277276 2000 -119.783
10.865 0.272739 2000 -117.823
10.87 0.26819 2000 -115.858
10.875 0.263624 2000 -113.885
10.88 0.259029 2000 -111.9
10.885 0.254394 2000 -109.898
10.89 0.249724 2000 -107.881
10.895 0.245035 2000 -105.855
10.9 0.240334 2000 -103.824
10.905 0.235612 2000 -101.785
10.91 0.23087 2000 -99.7357
10.915 0.226109 2000 -97.6793
10.92 0.22132 2000 -95.6101
10.925 0.216475 2000 -93.517
10.93 0.211559 2000 -91.3933
10.935 0.206579 2000 -89.242
10.94 0.201558 2000 -87.073
10.945 0.196518 2000 -84.8958
10.95 0.191468 2000 -82.7143
10.955 0.186399 2000 -80.5245
10.96 0.18129 2000 -78.3174
10.965 0.176131 2000 -76.0887
10.97 0.170934 2000 -73.8437
10.975 0.16572 2000 -71.591
10.98 0.160498 2000 -69.3351
10.985 0.155269 2000 -67.0762
10.99 0.150029 2000 -64.8124
10.995 0.144759 2000 -62.5361
11 0.139421 2000 -60.2297
11.005 0.133983 2000 -57.8808
11.01 0.128473 2000 -55.5005
11.015 0.122943 2000 -53.1113
11.02 0.117411 2000 -50.7215
11.025 0.11187 2000 -48.3277
11.03 0.106313 2000 -45.927
11.035 0.100738 2000 -43.5188
11.04 0.0951552 2000 -41.1071
11.045 0.0895826 2000 -38.6997
11.05 0.0840222 2000 -36.2976
11.055 0.078459 2000 -33.8943
11.06 0.0728834 2000 -31.4856
11.065 0.0672945 2000 -29.0712
11.07 0.0616851 2000 -26.648
11.075 0.0560434 2000 -24.2107
11.08 0.0503727 2000 -21.761
11.085 0.0446916 2000 -19.3068
11.09 0.0390047 2000 -16.85
11.095 0.0332955 2000 -14.3837
11.1 0.0275603 2000 -11.906
11.105 0.0218246 2000 -9.42824
11.11 0.0161078 2000 -6.95855
11.115 0.0103908 2000 -4.48884
11.12 0.00464265 2000 -2.00563
11.125 -0.00113724 2000 0.491289
11.13 -0.00692599 2000 2.99203
11.135 -0.0127182 2000 5.49424
11.14 -0.0185328 2000 8.00618
11.145 -0.0243873 2000 10.5353
11.15 -0.0302784 2000 13.0803
11.155 -0.0361869 2000 15.6328
11.16 -0.0420954 2000 18.1852
11.165 -0.0479955 2000 20.7341
11.17 -0.0538838 2000 23.2778
11.175 -0.0597536 2000 25.8135
11.18 -0.0655919 2000 28.3357
11.185 -0.0713961 2000 30.8431
11.19 -0.0771812 2000 33.3423
11.195 -0.0829611 2000 35.8392
11.2 -0.0887362 2000 38.3341
11.205 -0.0945102 2000 40.8284
11.21 -0.1003 2000 43.3295
11.215 -0.106115 2000 45.8416
11.22 -0.111942 2000 48.359
11.225 -0.117762 2000 50.8731
11.23 -0.123563 2000 53.3794
11.235 -0.129352 2000 55.8802
11.24 -0.135147 2000 58.3836
11.245 -0.140958 2000 60.8941
11.25 -0.146773 2000 63.4061
11.255 -0.152574 2000 65.9118
11.26 -0.158355 2000 68.4093
11.265 -0.16412 2000 70.9
11.27 -0.169868 2000 73.3829
11.275 -0.175598 2000 75.8582
11.28 -0.181317 2000 78.3291
11.285 -0.18703 2000 80.7968
11.29 -0.19273 2000 83.2594
11.295 -0.198412 2000 85.7141
11.3 -0.20407 2000 88.1581
11.305 -0.209707 2000 90.5934
11.31 -0.215341 2000 93.0272
11.315 -0.220981 2000 95.4637
11.32 -0.226619 2000 97.8995
11.325 -0.232249 2000 100.332
11.33 -0.237869 2000 102.76
11.335 -0.243469 2000 105.179
11.34 -0.249036 2000 107.583
11.345 -0.254573 2000 109.976
11.35 -0.260095 2000 112.361
11.355 -0.265601 2000 114.74
11.36 -0.271078 2000 117.106
11.365 -0.276508 2000 119.452
11.37 -0.281885 2000 121.774
11.375 -0.287218 2000 124.078
11.38 -0.292516 2000 126.367
11.385 -0.29778 2000 128.641
11.39 -0.302998 2000 130.895
11.395 -0.308168 2000 133.129
11.4 -0.313301 2000 135.346
11.405 -0.318404 2000 137.551
11.41 -0.323491 2000 139.748
11.415 -0.328569 2000 141.942
11.42 -0.333619 2000 144.124
11.425 -0.338614 2000 146.281
11.43 -0.343552 2000 148.414
11.435 -0.348463 2000 150.536
11.44 -0.353362 2000 152.652
11.445 -0.35823 2000 154.756
11.45 -0.363052 2000 156.839
11.455 -0.367841 2000 158.907
11.46 -0.372625 2000 160.974
11.465 -0.377407 2000 163.04
11.47 -0.382164 2000 165.095
11.475 -0.386874 2000 167.13
11.48 -0.391535 2000 169.143
11.485 -0.396154 2000 171.138
11.49 -0.400749 2000 173.124
11.495 -0.405344 2000 175.109
11.5 -0.409936 2000 177.092
11.505 -0.414502 2000 179.065
11.51 -0.419036 2000 181.023
11.515 -0.42354 2000 182.969
11.52 -0.428014 2000 184.902
11.525 -0.432465 2000 186.825
11.53 -0.436908 2000 188.744
11.535 -0.441345 2000 190.661
11.54 -0.445771 2000 192.573
11.545 -0.450192 2000 194.483
11.55 -0.454605 2000 196.389
11.555 -0.45898 2000 198.279
11.56 -0.463277 2000 200.135
11.565 -0.467483 2000 201.953
11.57 -0.47162 2000 203.74
11.575 -0.475702 2000 205.503
11.58 -0.479728 2000 207.243
11.585 -0.483696 2000 208.957
11.59 -0.487607 2000 210.646
11.595 -0.491456 2000 212.309
11.6 -0.495233 2000 213.941
11.605 -0.498941 2000 215.542
11.61 -0.502585 2000 217.117
11.615 -0.506166 2000 218.664
11.62 -0.509679 2000 220.181
11.625 -0.513121 2000 221.668
11.63 -0.516499 2000 223.127
11.635 -0.519813 2000 224.559
11.64 -0.523064 2000 225.964
11.645 -0.526249 2000 227.34
11.65 -0.52937 2000 228.688
11.655 -0.532433 2000 230.011
11.66 -0.535444 2000 231.312
11.665 -0.538396 2000 232.587
11.67 -0.541283 2000 233.834
11.675 -0.544118 2000 235.059
11.68 -0.546928 2000 236.273
11.685 -0.549729 2000 237.483
11.69 -0.552513 2000 238.685
11.695 -0.555257 2000 239.871
11.7 -0.557942 2000 241.031
11.705 -0.560556 2000 242.16
11.71 -0.563094 2000 243.257
11.715 -0.565562 2000 244.323
11.72 -0.567969 2000 245.362
11.725 -0.570317 2000 246.377
11.73 -0.572613 2000 247.369
11.735 -0.574879 2000 248.348
11.74 -0.577108 2000 249.311
11.745 -0.579262 2000 250.241
11.75 -0.581326 2000 251.133
11.755 -0.583309 2000 251.989
11.76 -0.585219 2000 252.815
11.765 -0.587068 2000 253.613
11.77 -0.58886 2000 254.388
11.775 -0.590591 2000 255.135
11.78 -0.592256 2000 255.855
11.785 -0.593865 2000 256.55
11.79 -0.595421 2000 257.222
11.795 -0.59691 2000 257.865
11.8 -0.59831 2000 258.47
11.805 -0.599612 2000 259.032
11.81 -0.600816 2000 259.552
11.815 -0.601932 2000 260.035
11.82 -0.602979 2000 260.487
11.825 -0.603961 2000 260.911
11.83 -0.604871 2000 261.304
11.835 -0.605711 2000 261.667
11.84 -0.606486 2000 262.002
11.845 -0.607195 2000 262.308
11.85 -0.607842 2000 262.588
11.855 -0.608432 2000 262.842
11.86 -0.608958 2000 263.07
11.865 -0.609419 2000 263.269
11.87 -0.609814 2000 263.44
11.875 -0.610146 2000 263.583
11.88 -0.610418 2000 263.701
11.885 -0.610633 2000 263.793
11.89 -0.610783 2000 263.858
11.895 -0.610865 2000 263.894
11.9 -0.610886 2000 263.903
11.905 -0.610847 2000 263.886
11.91 -0.610731 2000 263.836
11.915 -0.610519 2000 263.744
11.92 -0.610213 2000 263.612
11.925 -0.609831 2000 263.447
11.93 -0.609384 2000 263.254
11.935 -0.608872 2000 263.033
11.94 -0.608303 2000 262.787
11.945 -0.607698 2000 262.526
11.95 -0.607058 2000 262.249
11.955 -0.606363 2000 261.949
11.96 -0.605601 2000 261.62
11.965 -0.604764 2000 261.258
11.97 -0.603848 2000 260.863
11.975 -0.602861 2000 260.436
11.98 -0.601819 2000 259.986
11.985 -0.60072 2000 259.511
11.99 -0.599546 2000 259.004
11.995 -0.598311 2000 258.471
12 -0.597064 2000 257.932
12.005 -0.595823 2000 257.395
12.01 -0.594553 2000 256.847
12.015 -0.593219 2000 256.271
12.02 -0.591825 2000 255.669
12.025 -0.590389 2000 255.048
