0.1 -2.37154e-17 -0.0165368 1.09793e-19
0.2 -5.65524e-17 -0.0333302 2.61817e-19
0.3 -6.22181e-17 -0.0503923 2.88047e-19
0.4 -8.70756e-17 -0.0677365 4.03128e-19
0.5 -1.54782e-16 -0.0853774 7.16585e-19
0.6 -1.38562e-16 -0.103331 6.4149e-19
0.7 -1.05683e-16 -0.121624 4.89275e-19
0.8 6.33846e-18 -0.140365 -2.93447e-20
0.9 -2.66753e-16 -0.159748 1.23497e-18
1 -2.64693e-16 -0.17968 1.22543e-18
0.005 9.10294e-07 -0.17968 -3.16074e-09
0.01 4.55495e-06 -0.17968 -1.58158e-08
0.015 1.18546e-05 -0.17968 -4.11617e-08
0.02 2.28226e-05 -0.17968 -7.92452e-08
0.025 3.74722e-05 -0.17968 -1.30112e-07
0.03 5.5816e-05 -0.17968 -1.93806e-07
0.035 7.78662e-05 -0.179681 -2.70369e-07
0.04 0.000103635 -0.179681 -3.59842e-07
0.045 0.000133132 -0.179681 -4.62265e-07
0.05 0.000166371 -0.179681 -5.77676e-07
0.055 0.00020336 -0.179681 -7.0611e-07
0.06 0.00024411 -0.179681 -8.47603e-07
0.065 0.00028863 -0.179681 -1.00219e-06
0.07 0.000336929 -0.179681 -1.16989e-06
0.075 0.000389016 -0.179681 -1.35075e-06
0.08 0.0004449 -0.179682 -1.54479e-06
0.085 0.000504588 -0.179682 -1.75204e-06
0.09 0.000568091 -0.179682 -1.97253e-06
0.095 0.000635413 -0.179682 -2.20629e-06
0.1 0.00070656 -0.179682 -2.45333e-06
0.105 0.000781536 -0.179683 -2.71366e-06
0.11 0.000860349 -0.179683 -2.98732e-06
0.115 0.000943003 -0.179683 -3.27431e-06
0.12 0.0010295 -0.179683 -3.57466e-06
0.125 0.00111986 -0.179684 -3.88839e-06
0.13 0.00121407 -0.179684 -4.21551e-06
0.135 0.00131214 -0.179684 -4.55603e-06
0.14 0.00141407 -0.179685 -4.90996e-06
0.145 0.00151987 -0.179685 -5.27732e-06
0.15 0.00162954 -0.179685 -5.6581e-06
0.155 0.00174308 -0.179686 -6.05232e-06
0.16 0.00186048 -0.179686 -6.45999e-06
0.165 0.00198176 -0.179686 -6.8811e-06
0.17 0.00210692 -0.179687 -7.31565e-06
0.175 0.00223594 -0.179687 -7.76365e-06
0.18 0.00236884 -0.179687 -8.22509e-06
0.185 0.00250561 -0.179688 -8.69999e-06
0.19 0.00264625 -0.179688 -9.18832e-06
0.195 0.00279076 -0.179689 -9.69008e-06
0.2 0.00293914 -0.179689 -1.02053e-05
0.205 0.00309137 -0.17969 -1.07339e-05
0.21 0.00324747 -0.17969 -1.12758e-05
0.215 0.00340741 -0.179691 -1.18312e-05
0.22 0.00357121 -0.179691 -1.23999e-05
0.225 0.00373886 -0.179691 -1.2982e-05
0.23 0.00391036 -0.179692 -1.35775e-05
0.235 0.00408569 -0.179693 -1.41863e-05
0.24 0.00426484 -0.179693 -1.48083e-05
0.245 0.0044478 -0.179694 -1.54436e-05
0.25 0.00463458 -0.179694 -1.60921e-05
0.255 0.00482518 -0.179695 -1.67539e-05
0.26 0.00501959 -0.179695 -1.74289e-05
0.265 0.00521779 -0.179696 -1.81171e-05
0.27 0.00541978 -0.179697 -1.88184e-05
0.275 0.00562555 -0.179697 -1.95329e-05
0.28 0.00583509 -0.179698 -2.02605e-05
0.285 0.00604839 -0.179698 -2.10011e-05
0.29 0.00626544 -0.179699 -2.17547e-05
0.295 0.00648623 -0.1797 -2.25213e-05
0.3 0.00671078 -0.1797 -2.3301e-05
0.305 0.00693907 -0.179701 -2.40936e-05
0.31 0.00717107 -0.179702 -2.48991e-05
0.315 0.00740677 -0.179702 -2.57175e-05
0.32 0.00764616 -0.179703 -2.65487e-05
0.325 0.00788923 -0.179704 -2.73927e-05
0.33 0.00813595 -0.179705 -2.82493e-05
0.335 0.00838632 -0.179705 -2.91186e-05
0.34 0.00864033 -0.179706 -3.00006e-05
0.345 0.00889795 -0.179707 -3.0895e-05
0.35 0.00915917 -0.179708 -3.1802e-05
0.355 0.00942398 -0.179709 -3.27215e-05
0.36 0.00969238 -0.179709 -3.36533e-05
0.365 0.00996436 -0.17971 -3.45977e-05
0.37 0.0102399 -0.179711 -3.55544e-05
0.375 0.0105189 -0.179712 -3.65233e-05
0.38 0.0108015 -0.179713 -3.75042e-05
0.385 0.0110875 -0.179714 -3.84973e-05
0.39 0.011377 -0.179714 -3.95025e-05
0.395 0.01167 -0.179715 -4.05196e-05
0.4 0.0119664 -0.179716 -4.15488e-05
0.405 0.0122662 -0.179717 -4.25898e-05
0.41 0.0125695 -0.179718 -4.36428e-05
0.415 0.0128761 -0.179719 -4.47075e-05
0.42 0.0131862 -0.17972 -4.5784e-05
0.425 0.0134996 -0.179721 -4.68721e-05
0.43 0.0138163 -0.179722 -4.79717e-05
0.435 0.0141363 -0.179723 -4.90827e-05
0.44 0.0144596 -0.179724 -5.02051e-05
0.445 0.0147861 -0.179725 -5.13389e-05
0.45 0.0151159 -0.179726 -5.24839e-05
0.455 0.0154489 -0.179727 -5.36401e-05
0.46 0.0157851 -0.179728 -5.48074e-05
0.465 0.0161244 -0.179729 -5.59856e-05
0.47 0.016467 -0.17973 -5.71748e-05
0.475 0.0168126 -0.179731 -5.83748e-05
0.48 0.0171613 -0.179732 -5.95856e-05
0.485 0.0175131 -0.179733 -6.0807e-05
0.49 0.017868 -0.179734 -6.20391e-05
0.495 0.0182259 -0.179735 -6.32816e-05
0.5 0.0185867 -0.179736 -6.45346e-05
0.505 0.0189506 -0.179737 -6.57979e-05
0.51 0.0193174 -0.179738 -6.70714e-05
0.515 0.0196871 -0.179739 -6.83551e-05
0.52 0.0200598 -0.179741 -6.96488e-05
0.525 0.0204353 -0.179742 -7.09526e-05
0.53 0.0208137 -0.179743 -7.22663e-05
0.535 0.0211948 -0.179744 -7.35897e-05
0.54 0.0215788 -0.179745 -7.49227e-05
0.545 0.0219655 -0.179746 -7.62653e-05
0.55 0.0223549 -0.179747 -7.76173e-05
0.555 0.022747 -0.179749 -7.89786e-05
0.56 0.0231417 -0.17975 -8.0349e-05
0.565 0.0235391 -0.179751 -8.17286e-05
0.57 0.023939 -0.179752 -8.3117e-05
0.575 0.0243414 -0.179753 -8.4514e-05
0.58 0.0247462 -0.179755 -8.59194e-05
0.585 0.0251533 -0.179756 -8.7333e-05
0.59 0.0255629 -0.179757 -8.87548e-05
0.595 0.0259748 -0.179758 -9.01849e-05
0.6 0.0263892 -0.17976 -9.16237e-05
0.605 0.026806 -0.179761 -9.30709e-05
0.61 0.0272252 -0.179762 -9.45262e-05
0.615 0.0276467 -0.179763 -9.59894e-05
0.62 0.0280705 -0.179765 -9.74607e-05
0.625 0.0284966 -0.179766 -9.894e-05
0.63 0.0289249 -0.179767 -0.000100427
0.635 0.0293555 -0.179769 -0.000101922
0.64 0.0297883 -0.17977 -0.000103425
0.645 0.0302232 -0.179771 -0.000104934
0.65 0.0306602 -0.179772 -0.000106451
0.655 0.0310992 -0.179774 -0.000107976
0.66 0.0315402 -0.179775 -0.000109507
0.665 0.0319831 -0.179776 -0.000111044
0.67 0.0324279 -0.179778 -0.000112588
0.675 0.0328744 -0.179779 -0.000114139
0.68 0.0333228 -0.179781 -0.000115695
0.685 0.0337731 -0.179782 -0.000117259
0.69 0.0342252 -0.179783 -0.000118828
0.695 0.034679 -0.179785 -0.000120404
0.7 0.0351345 -0.179786 -0.000121985
0.705 0.0355916 -0.179787 -0.000123572
0.71 0.0360504 -0.179789 -0.000125165
0.715 0.0365107 -0.17979 -0.000126763
0.72 0.0369727 -0.179792 -0.000128367
0.725 0.0374362 -0.179793 -0.000129976
0.73 0.0379011 -0.179794 -0.00013159
0.735 0.0383675 -0.179796 -0.000133209
0.74 0.0388351 -0.179797 -0.000134832
0.745 0.0393041 -0.179799 -0.00013646
0.75 0.0397742 -0.1798 -0.000138092
0.755 0.0402454 -0.179802 -0.000139728
0.76 0.0407177 -0.179803 -0.000141368
0.765 0.0411912 -0.179804 -0.000143011
0.77 0.0416657 -0.179806 -0.000144659
0.775 0.0421412 -0.179807 -0.00014631
0.78 0.0426178 -0.179809 -0.000147964
0.785 0.0430956 -0.17981 -0.000149623
0.79 0.0435743 -0.179812 -0.000151285
0.795 0.044054 -0.179813 -0.00015295
0.8 0.0445345 -0.179815 -0.000154618
0.805 0.0450159 -0.179816 -0.000156289
0.81 0.045498 -0.179817 -0.000157963
0.815 0.0459808 -0.179819 -0.000159639
0.82 0.0464643 -0.17982 -0.000161317
0.825 0.0469483 -0.179822 -0.000162997
0.83 0.0474328 -0.179823 -0.000164679
0.835 0.0479179 -0.179825 -0.000166364
0.84 0.0484036 -0.179826 -0.00016805
0.845 0.0488898 -0.179828 -0.000169737
0.85 0.0493764 -0.179829 -0.000171427
0.855 0.0498635 -0.179831 -0.000173117
0.86 0.050351 -0.179832 -0.00017481
0.865 0.0508389 -0.179834 -0.000176503
0.87 0.0513271 -0.179835 -0.000178198
0.875 0.0518156 -0.179837 -0.000179894
0.88 0.0523042 -0.179838 -0.00018159
0.885 0.0527929 -0.17984 -0.000183287
0.89 0.0532818 -0.179841 -0.000184984
0.895 0.0537709 -0.179843 -0.000186682
0.9 0.0542601 -0.179844 -0.00018838
0.905 0.0547494 -0.179846 -0.000190078
0.91 0.0552387 -0.179847 -0.000191777
0.915 0.0557279 -0.179849 -0.000193475
0.92 0.056217 -0.17985 -0.000195173
0.925 0.0567059 -0.179852 -0.00019687
0.93 0.0571945 -0.179853 -0.000198566
0.935 0.057683 -0.179855 -0.000200262
0.94 0.0581712 -0.179856 -0.000201957
0.945 0.0586592 -0.179858 -0.000203651
0.95 0.0591467 -0.179859 -0.000205343
0.955 0.0596338 -0.179861 -0.000207034
0.96 0.0601204 -0.179862 -0.000208723
0.965 0.0606066 -0.179864 -0.000210411
0.97 0.0610923 -0.179865 -0.000212097
0.975 0.0615774 -0.179866 -0.00021378
0.98 0.0620617 -0.179868 -0.000215462
0.985 0.0625452 -0.179869 -0.00021714
0.99 0.0630277 -0.179871 -0.000218815
0.995 0.0635093 -0.179872 -0.000220487
1 0.0639901 -0.179874 -0.000222155
1.005 0.0644701 -0.179875 -0.000223822
1.01 0.0649493 -0.179877 -0.000225485
1.015 0.0654276 -0.179878 -0.000227145
1.02 0.065905 -0.17988 -0.000228803
1.025 0.0663814 -0.179881 -0.000230456
1.03 0.0668568 -0.179883 -0.000232106
1.035 0.0673311 -0.179884 -0.000233753
1.04 0.0678044 -0.179885 -0.000235396
1.045 0.0682764 -0.179887 -0.000237034
1.05 0.068747 -0.179888 -0.000238668
1.055 0.069216 -0.17989 -0.000240296
1.06 0.0696834 -0.179891 -0.000241918
1.065 0.0701494 -0.179893 -0.000243536
1.07 0.0706138 -0.179894 -0.000245148
1.075 0.0710765 -0.179896 -0.000246754
1.08 0.0715375 -0.179897 -0.000248354
1.085 0.0719966 -0.179898 -0.000249948
1.09 0.072454 -0.1799 -0.000251535
1.095 0.0729094 -0.179901 -0.000253116
1.1 0.073363 -0.179903 -0.00025469
1.105 0.0738148 -0.179904 -0.000256258
1.11 0.0742647 -0.179905 -0.00025782
1.115 0.0747128 -0.179907 -0.000259376
1.12 0.0751589 -0.179908 -0.000260924
1.125 0.0756027 -0.179909 -0.000262464
1.13 0.0760443 -0.179911 -0.000263997
1.135 0.0764839 -0.179912 -0.000265523
1.14 0.0769216 -0.179913 -0.000267042
1.145 0.0773573 -0.179915 -0.000268555
1.15 0.0777906 -0.179916 -0.000270059
1.155 0.0782214 -0.179917 -0.000271554
1.16 0.0786499 -0.179919 -0.000273041
1.165 0.0790759 -0.17992 -0.00027452
1.17 0.0794997 -0.179921 -0.000275991
1.175 0.0799212 -0.179923 -0.000277454
1.18 0.0803404 -0.179924 -0.000278909
1.185 0.0807571 -0.179925 -0.000280355
1.19 0.0811712 -0.179926 -0.000281793
1.195 0.0815826 -0.179928 -0.000283221
1.2 0.0819911 -0.179929 -0.000284639
1.205 0.0823967 -0.17993 -0.000286046
1.21 0.0827993 -0.179931 -0.000287444
1.215 0.0831991 -0.179933 -0.000288831
1.22 0.0835959 -0.179934 -0.000290209
1.225 0.0839897 -0.179935 -0.000291576
1.23 0.0843803 -0.179936 -0.000292932
1.235 0.0847679 -0.179937 -0.000294277
1.24 0.0851527 -0.179939 -0.000295612
1.245 0.0855351 -0.17994 -0.00029694
1.25 0.0859152 -0.179941 -0.000298259
1.255 0.0862924 -0.179942 -0.000299568
1.26 0.0866663 -0.179943 -0.000300866
1.265 0.0870366 -0.179944 -0.000302151
1.27 0.0874035 -0.179946 -0.000303425
1.275 0.0877671 -0.179947 -0.000304686
1.28 0.0881273 -0.179948 -0.000305937
1.285 0.0884841 -0.179949 -0.000307175
1.29 0.0888376 -0.17995 -0.000308402
1.295 0.0891876 -0.179951 -0.000309617
1.3 0.0895342 -0.179952 -0.00031082
1.305 0.0898775 -0.179953 -0.000312011
1.31 0.0902174 -0.179954 -0.000313191
1.315 0.0905536 -0.179955 -0.000314358
1.32 0.0908861 -0.179956 -0.000315512
1.325 0.0912148 -0.179957 -0.000316653
1.33 0.0915399 -0.179958 -0.000317781
1.335 0.0918615 -0.179959 -0.000318897
1.34 0.0921797 -0.17996 -0.000320002
1.345 0.0924943 -0.179961 -0.000321094
1.35 0.0928051 -0.179962 -0.000322173
1.355 0.0931119 -0.179963 -0.000323237
1.36 0.0934147 -0.179964 -0.000324288
1.365 0.0937135 -0.179965 -0.000325325
1.37 0.0940084 -0.179966 -0.000326349
1.375 0.0942992 -0.179967 -0.000327358
1.38 0.0945857 -0.179968 -0.000328353
1.385 0.0948679 -0.179969 -0.000329332
1.39 0.0951458 -0.179969 -0.000330297
1.395 0.0954194 -0.17997 -0.000331246
1.4 0.0956887 -0.179971 -0.000332181
1.405 0.0959538 -0.179972 -0.000333101
1.41 0.0962146 -0.179973 -0.000334006
1.415 0.0964712 -0.179974 -0.000334897
1.42 0.0967235 -0.179974 -0.000335772
1.425 0.0969715 -0.179975 -0.000336633
1.43 0.097215 -0.179976 -0.000337478
1.435 0.097454 -0.179977 -0.000338308
1.44 0.0976884 -0.179977 -0.000339121
1.445 0.0979182 -0.179978 -0.000339919
1.45 0.0981435 -0.179979 -0.000340701
1.455 0.0983642 -0.179979 -0.000341467
1.46 0.0985803 -0.17998 -0.000342217
1.465 0.0987914 -0.179981 -0.00034295
1.47 0.098998 -0.179981 -0.000343667
1.475 0.0992003 -0.179982 -0.000344369
1.48 0.0993982 -0.179983 -0.000345055
1.485 0.0995914 -0.179983 -0.000345726
1.49 0.0997796 -0.179984 -0.000346379
1.495 0.0999629 -0.179984 -0.000347015
1.5 0.100141 -0.179985 -0.000347634
1.505 0.100315 -0.179985 -0.000348237
1.51 0.100483 -0.179986 -0.000348822
1.515 0.100647 -0.179986 -0.000349389
1.52 0.100805 -0.179987 -0.000349939
1.525 0.100959 -0.179987 -0.000350472
1.53 0.101108 -0.179988 -0.000350989
1.535 0.101252 -0.179988 -0.000351491
1.54 0.101392 -0.179989 -0.000351975
1.545 0.101526 -0.179989 -0.000352442
1.55 0.101655 -0.179989 -0.000352889
1.555 0.101779 -0.17999 -0.000353318
1.56 0.101897 -0.17999 -0.000353729
1.565 0.102011 -0.179991 -0.000354123
1.57 0.102119 -0.179991 -0.000354498
1.575 0.102222 -0.179991 -0.000354855
1.58 0.102319 -0.179992 -0.000355193
1.585 0.102411 -0.179992 -0.000355512
1.59 0.102497 -0.179992 -0.00035581
1.595 0.102577 -0.179992 -0.000356089
1.6 0.102652 -0.179993 -0.000356348
1.605 0.102722 -0.179993 -0.00035659
1.61 0.102786 -0.179993 -0.000356813
1.615 0.102845 -0.179993 -0.000357018
1.62 0.102898 -0.179993 -0.000357204
1.625 0.102946 -0.179993 -0.00035737
1.63 0.102989 -0.179994 -0.000357517
1.635 0.103026 -0.179994 -0.000357645
1.64 0.103057 -0.179994 -0.000357753
1.645 0.103082 -0.179994 -0.00035784
1.65 0.103101 -0.179994 -0.000357905
1.655 0.103113 -0.179994 -0.00035795
1.66 0.103121 -0.179994 -0.000357976
1.665 0.103123 -0.179994 -0.000357982
1.67 0.103119 -0.179994 -0.000357969
1.675 0.10311 -0.179994 -0.000357938
1.68 0.103095 -0.179994 -0.000357886
1.685 0.103075 -0.179994 -0.000357815
1.69 0.103048 -0.179994 -0.000357722
1.695 0.103015 -0.179994 -0.000357608
1.7 0.102977 -0.179994 -0.000357475
1.705 0.102932 -0.179994 -0.000357321
1.71 0.102882 -0.179994 -0.000357146
1.715 0.102826 -0.179994 -0.000356951
1.72 0.102763 -0.179994 -0.000356734
1.725 0.102694 -0.179994 -0.000356493
1.73 0.102618 -0.179994 -0.000356229
1.735 0.102535 -0.179994 -0.000355943
1.74 0.102446 -0.179994 -0.000355633
1.745 0.102351 -0.179994 -0.000355302
1.75 0.102249 -0.179994 -0.000354949
1.755 0.102141 -0.179994 -0.000354573
1.76 0.102026 -0.179994 -0.000354175
1.765 0.101905 -0.179994 -0.000353755
1.77 0.101778 -0.179994 -0.000353314
1.775 0.101645 -0.179994 -0.000352851
1.78 0.101505 -0.179994 -0.000352366
1.785 0.10136 -0.179994 -0.00035186
1.79 0.101208 -0.179994 -0.000351333
1.795 0.10105 -0.179994 -0.000350786
1.8 0.100887 -0.179994 -0.000350218
1.805 0.100717 -0.179994 -0.000349629
1.81 0.100541 -0.179994 -0.000349019
1.815 0.100359 -0.179994 -0.000348386
1.82 0.10017 -0.179994 -0.000347731
1.825 0.0999753 -0.179994 -0.000347053
1.83 0.0997738 -0.179994 -0.000346354
1.835 0.0995661 -0.179994 -0.000345633
1.84 0.0993523 -0.179994 -0.00034489
1.845 0.0991324 -0.179994 -0.000344126
1.85 0.0989061 -0.179994 -0.000343341
1.855 0.0986734 -0.179994 -0.000342533
1.86 0.0984343 -0.179994 -0.000341703
1.865 0.098189 -0.179994 -0.000340851
1.87 0.097938 -0.179994 -0.000339979
1.875 0.0976811 -0.179994 -0.000339087
1.88 0.0974179 -0.179994 -0.000338174
1.885 0.0971485 -0.179994 -0.000337238
1.89 0.0968727 -0.179994 -0.00033628
1.895 0.0965904 -0.179994 -0.0003353
1.9 0.0963019 -0.179994 -0.000334299
1.905 0.0960074 -0.179994 -0.000333276
1.91 0.0957069 -0.179994 -0.000332232
1.915 0.0954003 -0.179994 -0.000331168
1.92 0.0950879 -0.179994 -0.000330083
1.925 0.0947699 -0.179994 -0.000328979
1.93 0.0944463 -0.179994 -0.000327855
1.935 0.0941171 -0.179994 -0.000326713
1.94 0.0937821 -0.179994 -0.000325549
1.945 0.093441 -0.179994 -0.000324365
1.95 0.0930938 -0.179994 -0.000323159
1.955 0.0927408 -0.179994 -0.000321934
1.96 0.0923822 -0.179994 -0.000320688
1.965 0.0920174 -0.179994 -0.000319422
1.97 0.091646 -0.179994 -0.000318132
1.975 0.0912683 -0.179994 -0.000316821
1.98 0.0908842 -0.179994 -0.000315487
1.985 0.0904939 -0.179994 -0.000314132
1.99 0.0900971 -0.179994 -0.000312754
1.995 0.0896936 -0.179994 -0.000311353
2 0.0892839 -0.179994 -0.00030993
2.005 0.0888689 -0.179994 -0.000308489
2.01 0.0884489 -0.179994 -0.000307031
2.015 0.0880237 -0.179994 -0.000305555
2.02 0.0875929 -0.179994 -0.000304059
2.025 0.0871563 -0.179994 -0.000302543
2.03 0.0867142 -0.179994 -0.000301008
2.035 0.0862664 -0.179994 -0.000299453
2.04 0.085813 -0.179994 -0.000297879
2.045 0.0853545 -0.179994 -0.000296287
2.05 0.0848912 -0.179994 -0.000294678
2.055 0.0844232 -0.179994 -0.000293053
2.06 0.0839501 -0.179994 -0.00029141
2.065 0.083472 -0.179994 -0.00028975
2.07 0.0829887 -0.179994 -0.000288072
2.075 0.0825 -0.179994 -0.000286375
2.08 0.082006 -0.179994 -0.00028466
2.085 0.0815069 -0.179994 -0.000282927
2.09 0.081003 -0.179994 -0.000281177
2.095 0.0804944 -0.179994 -0.000279411
2.1 0.0799813 -0.179994 -0.00027763
2.105 0.0794629 -0.179994 -0.00027583
2.11 0.0789387 -0.179994 -0.000274009
2.115 0.0784087 -0.179994 -0.000272169
2.12 0.0778733 -0.179994 -0.00027031
2.125 0.0773327 -0.179994 -0.000268433
2.13 0.0767865 -0.179994 -0.000266537
2.135 0.0762342 -0.179994 -0.000264619
2.14 0.0756754 -0.179994 -0.000262679
2.145 0.0751105 -0.179994 -0.000260717
2.15 0.0745401 -0.179994 -0.000258737
2.155 0.0739644 -0.179994 -0.000256738
2.16 0.0733833 -0.179994 -0.00025472
2.165 0.0727969 -0.179994 -0.000252684
2.17 0.0722054 -0.179994 -0.00025063
2.175 0.0716091 -0.179994 -0.00024856
2.18 0.0710081 -0.179994 -0.000246473
2.185 0.0704023 -0.179994 -0.000244369
2.19 0.0697916 -0.179994 -0.000242249
2.195 0.0691759 -0.179994 -0.000240111
2.2 0.0685558 -0.179994 -0.000237958
2.205 0.0679317 -0.179994 -0.000235791
2.21 0.0673035 -0.179994 -0.000233609
2.215 0.0666702 -0.179994 -0.000231411
2.22 0.0660321 -0.179994 -0.000229195
2.225 0.06539 -0.179994 -0.000226966
2.23 0.0647446 -0.179994 -0.000224725
2.235 0.0640953 -0.179994 -0.00022247
2.24 0.0634414 -0.179994 -0.000220199
2.245 0.0627827 -0.179994 -0.000217913
2.25 0.0621197 -0.179994 -0.00021561
2.255 0.0614521 -0.179994 -0.000213292
2.26 0.0607795 -0.179994 -0.000210957
2.265 0.0601022 -0.179994 -0.000208605
2.27 0.0594207 -0.179994 -0.000206239
2.275 0.0587356 -0.179994 -0.00020386
2.28 0.0580465 -0.179994 -0.000201467
2.285 0.0573528 -0.179994 -0.000199059
2.29 0.0566541 -0.179994 -0.000196633
2.295 0.0559506 -0.179994 -0.00019419
2.3 0.0552427 -0.179994 -0.000191732
2.305 0.0545314 -0.179994 -0.000189262
2.31 0.053817 -0.179994 -0.000186782
2.315 0.0530994 -0.179994 -0.00018429
2.32 0.0523785 -0.179994 -0.000181787
2.325 0.0516544 -0.179994 -0.000179272
2.33 0.0509269 -0.179994 -0.000176746
2.335 0.0501955 -0.179994 -0.000174207
2.34 0.0494597 -0.179994 -0.000171652
2.345 0.0487205 -0.179994 -0.000169085
2.35 0.0479784 -0.179994 -0.000166509
2.355 0.0472333 -0.179994 -0.000163922
2.36 0.0464847 -0.179994 -0.000161322
2.365 0.0457324 -0.179994 -0.00015871
2.37 0.0449762 -0.179994 -0.000156084
2.375 0.044216 -0.179994 -0.000153445
2.38 0.0434517 -0.179994 -0.000150791
2.385 0.0426839 -0.179994 -0.000148125
2.39 0.0419133 -0.179994 -0.000145449
2.395 0.04114 -0.179994 -0.000142764
2.4 0.0403634 -0.179994 -0.000140068
2.405 0.0395829 -0.179994 -0.000137358
2.41 0.0387983 -0.179994 -0.000134633
2.415 0.0380099 -0.179995 -0.000131896
2.42 0.0372187 -0.179995 -0.000129149
2.425 0.0364256 -0.179995 -0.000126395
2.43 0.0356304 -0.179995 -0.000123634
2.435 0.0348325 -0.179995 -0.000120863
2.44 0.0340314 -0.179995 -0.000118081
2.445 0.0332267 -0.179995 -0.000115287
2.45 0.0324186 -0.179995 -0.000112481
2.455 0.0316077 -0.179995 -0.000109666
2.46 0.0307947 -0.179995 -0.000106843
2.465 0.0299796 -0.179995 -0.000104013
2.47 0.0291618 -0.179995 -0.000101173
2.475 0.0283412 -0.179995 -9.8324e-05
2.48 0.0275176 -0.179995 -9.54646e-05
2.485 0.0266913 -0.179995 -9.25954e-05
2.49 0.0258623 -0.179995 -8.97169e-05
2.495 0.0250308 -0.179995 -8.68299e-05
2.5 0.0241971 -0.179995 -8.39351e-05
2.505 0.023361 -0.179996 -8.10322e-05
2.51 0.0225224 -0.179996 -7.81205e-05
2.515 0.0216813 -0.179996 -7.52001e-05
2.52 0.020838 -0.179996 -7.22721e-05
2.525 0.0199932 -0.179996 -6.9339e-05
2.53 0.0191474 -0.179996 -6.64023e-05
2.535 0.0183007 -0.179996 -6.34626e-05
2.54 0.0174528 -0.179997 -6.05188e-05
2.545 0.0166029 -0.179997 -5.75682e-05
2.55 0.0157503 -0.179998 -5.46082e-05
2.555 0.0148948 -0.179998 -5.16383e-05
2.56 0.0140371 -0.179998 -4.86606e-05
2.565 0.0131783 -0.179999 -4.5679e-05
2.57 0.0123189 -0.18 -4.26959e-05
2.575 0.0114585 -0.180001 -3.97093e-05
2.58 0.0105962 -0.180002 -3.6716e-05
2.585 0.00973188 -0.180003 -3.37157e-05
2.59 0.00886625 -0.180004 -3.07111e-05
2.595 0.00799977 -0.180005 -2.77036e-05
2.6 0.0071322 -0.180006 -2.46924e-05
2.605 0.00626332 -0.180007 -2.16767e-05
2.61 0.00539328 -0.180009 -1.8657e-05
2.615 0.00452223 -0.180012 -1.56339e-05
2.62 0.00365014 -0.180014 -1.26072e-05
2.625 0.00277716 -0.180017 -9.57753e-06
2.63 0.00190378 -0.18002 -6.54643e-06
2.635 0.00103036 -0.180022 -3.51519e-06
2.64 0.000156694 -0.180025 -4.83071e-07
2.645 -0.000717701 -0.180027 2.55162e-06
2.65 -0.00159318 -0.18003 5.59015e-06
2.655 -0.0024697 -0.180032 8.63234e-06
2.66 -0.00334661 -0.180035 1.1676e-05
2.665 -0.00422319 -0.180038 1.47185e-05
2.67 -0.00509925 -0.18004 1.77594e-05
2.675 -0.00597521 -0.180043 2.07999e-05
2.68 -0.0068515 -0.180046 2.38417e-05
2.685 -0.00772805 -0.180048 2.68845e-05
2.69 -0.00860472 -0.180051 2.99277e-05
2.695 -0.00948212 -0.180053 3.29735e-05
2.7 -0.0103607 -0.180056 3.60235e-05
2.705 -0.0112401 -0.180059 3.90762e-05
2.71 -0.0121193 -0.180061 4.21286e-05
2.715 -0.0129976 -0.180064 4.51776e-05
2.72 -0.0138747 -0.180067 4.82227e-05
2.725 -0.0147522 -0.180069 5.12691e-05
2.73 -0.0156316 -0.180072 5.43221e-05
2.735 -0.0165128 -0.180075 5.73811e-05
2.74 -0.0173944 -0.180077 6.04418e-05
2.745 -0.0182757 -0.18008 6.35017e-05
2.75 -0.0191573 -0.180083 6.65623e-05
2.755 -0.0200399 -0.180085 6.96265e-05
2.76 -0.020924 -0.180088 7.26958e-05
2.765 -0.0218091 -0.180091 7.57686e-05
2.77 -0.0226941 -0.180093 7.88411e-05
2.775 -0.0235783 -0.180096 8.19105e-05
2.78 -0.0244612 -0.180099 8.49758e-05
2.785 -0.0253425 -0.180101 8.80353e-05
2.79 -0.0262221 -0.180104 9.10891e-05
2.795 -0.0271007 -0.180107 9.41394e-05
2.8 -0.0279787 -0.180109 9.71874e-05
2.805 -0.0288555 -0.180112 0.000100232
2.81 -0.0297312 -0.180115 0.000103271
2.815 -0.0306062 -0.180117 0.000106309
2.82 -0.0314813 -0.18012 0.000109347
2.825 -0.0323562 -0.180123 0.000112385
2.83 -0.0332306 -0.180125 0.00011542
2.835 -0.0341036 -0.180128 0.000118451
2.84 -0.0349753 -0.180131 0.000121477
2.845 -0.0358465 -0.180133 0.000124502
2.85 -0.0367177 -0.180136 0.000127526
2.855 -0.0375877 -0.180139 0.000130546
2.86 -0.0384558 -0.180141 0.00013356
2.865 -0.0393221 -0.180144 0.000136567
2.87 -0.0401872 -0.180146 0.00013957
2.875 -0.0410507 -0.180149 0.000142568
2.88 -0.0419124 -0.180152 0.000145559
2.885 -0.0427726 -0.180154 0.000148545
2.89 -0.0436312 -0.180157 0.000151526
2.895 -0.0444882 -0.18016 0.000154501
2.9 -0.0453432 -0.180162 0.000157469
2.905 -0.0461964 -0.180165 0.000160431
2.91 -0.0470479 -0.180167 0.000163387
2.915 -0.0478983 -0.18017 0.000166339
2.92 -0.0487473 -0.180173 0.000169286
2.925 -0.0495946 -0.180175 0.000172227
2.93 -0.0504401 -0.180178 0.000175163
2.935 -0.0512838 -0.18018 0.000178091
2.94 -0.0521253 -0.180183 0.000181013
2.945 -0.0529641 -0.180185 0.000183924
2.95 -0.0538006 -0.180188 0.000186828
2.955 -0.0546355 -0.180191 0.000189726
2.96 -0.0554691 -0.180193 0.00019262
2.965 -0.0563003 -0.180196 0.000195505
2.97 -0.0571289 -0.180198 0.000198381
2.975 -0.057955 -0.180201 0.000201249
2.98 -0.0587788 -0.180203 0.000204109
2.985 -0.0596001 -0.180206 0.00020696
2.99 -0.0604184 -0.180208 0.0002098
2.995 -0.061233 -0.180211 0.000212628
3 -0.0620435 -0.180213 0.000215441
3.005 -0.0628501 -0.180216 0.000218241
3.01 -0.0636542 -0.180218 0.000221032
3.015 -0.064456 -0.180221 0.000223815
3.02 -0.065255 -0.180223 0.000226589
3.025 -0.0660502 -0.180226 0.000229349
3.03 -0.0668411 -0.180228 0.000232094
3.035 -0.0676278 -0.18023 0.000234825
3.04 -0.068411 -0.180233 0.000237543
3.045 -0.0691914 -0.180235 0.000240252
3.05 -0.0699694 -0.180238 0.000242953
3.055 -0.070745 -0.18024 0.000245645
3.06 -0.0715176 -0.180242 0.000248327
3.065 -0.0722872 -0.180245 0.000250998
3.07 -0.0730539 -0.180247 0.000253659
3.075 -0.0738179 -0.180249 0.000256311
3.08 -0.0745785 -0.180252 0.000258951
3.085 -0.0753351 -0.180254 0.000261577
3.09 -0.0760879 -0.180256 0.00026419
3.095 -0.076837 -0.180259 0.00026679
3.1 -0.0775821 -0.180261 0.000269377
3.105 -0.0783231 -0.180263 0.000271948
3.11 -0.0790604 -0.180265 0.000274508
3.115 -0.0797944 -0.180268 0.000277055
3.12 -0.0805249 -0.18027 0.000279591
3.125 -0.0812521 -0.180272 0.000282115
3.13 -0.0819761 -0.180274 0.000284628
3.135 -0.082697 -0.180277 0.00028713
3.14 -0.0834145 -0.180279 0.00028962
3.145 -0.0841282 -0.180281 0.000292097
3.15 -0.0848384 -0.180283 0.000294562
3.155 -0.0855445 -0.180285 0.000297013
3.16 -0.0862461 -0.180288 0.000299448
3.165 -0.086943 -0.18029 0.000301867
3.17 -0.0876359 -0.180292 0.000304272
3.175 -0.0883256 -0.180294 0.000306666
3.18 -0.0890125 -0.180296 0.00030905
3.185 -0.0896962 -0.180298 0.000311423
3.19 -0.090376 -0.1803 0.000313782
3.195 -0.0910517 -0.180302 0.000316128
3.2 -0.0917232 -0.180305 0.000318458
3.205 -0.0923907 -0.180307 0.000320775
3.21 -0.0930552 -0.180309 0.000323081
3.215 -0.0937177 -0.180311 0.00032538
3.22 -0.0943769 -0.180313 0.000327668
3.225 -0.0950308 -0.180315 0.000329938
3.23 -0.0956783 -0.180317 0.000332185
3.235 -0.0963207 -0.180319 0.000334415
3.24 -0.0969595 -0.180321 0.000336631
3.245 -0.0975945 -0.180323 0.000338835
3.25 -0.0982251 -0.180325 0.000341024
3.255 -0.0988518 -0.180327 0.000343199
3.26 -0.0994752 -0.180329 0.000345363
3.265 -0.100095 -0.18033 0.000347513
3.27 -0.100709 -0.180332 0.000349646
3.275 -0.101319 -0.180334 0.00035176
3.28 -0.101923 -0.180336 0.00035386
3.285 -0.102524 -0.180338 0.000355943
3.29 -0.103119 -0.18034 0.000358009
3.295 -0.10371 -0.180342 0.000360061
3.3 -0.104298 -0.180343 0.000362101
3.305 -0.104882 -0.180345 0.000364127
3.31 -0.105462 -0.180347 0.000366139
3.315 -0.106037 -0.180349 0.000368136
3.32 -0.106608 -0.180351 0.000370117
3.325 -0.107174 -0.180352 0.000372081
3.33 -0.107734 -0.180354 0.000374026
3.335 -0.10829 -0.180356 0.000375955
3.34 -0.108841 -0.180358 0.000377867
3.345 -0.109387 -0.180359 0.000379763
3.35 -0.109929 -0.180361 0.000381642
3.355 -0.110465 -0.180363 0.000383503
3.36 -0.110996 -0.180364 0.000385346
3.365 -0.111521 -0.180366 0.000387169
3.37 -0.112041 -0.180367 0.000388972
3.375 -0.112555 -0.180369 0.000390757
3.38 -0.113065 -0.180371 0.000392527
3.385 -0.11357 -0.180372 0.00039428
3.39 -0.114071 -0.180374 0.000396016
3.395 -0.114566 -0.180375 0.000397736
3.4 -0.115057 -0.180377 0.000399438
3.405 -0.115541 -0.180378 0.00040112
3.41 -0.116019 -0.18038 0.000402779
3.415 -0.116491 -0.180381 0.000404415
3.42 -0.116956 -0.180383 0.000406031
3.425 -0.117417 -0.180384 0.00040763
3.43 -0.117874 -0.180386 0.000409214
3.435 -0.118325 -0.180387 0.000410779
3.44 -0.11877 -0.180388 0.000412324
3.445 -0.11921 -0.18039 0.000413851
3.45 -0.119645 -0.180391 0.00041536
3.455 -0.120075 -0.180392 0.000416853
3.46 -0.1205 -0.180394 0.000418327
3.465 -0.120919 -0.180395 0.000419781
3.47 -0.121331 -0.180396 0.000421212
3.475 -0.121737 -0.180398 0.000422622
3.48 -0.122139 -0.180399 0.000424015
3.485 -0.122535 -0.1804 0.000425392
3.49 -0.122927 -0.180401 0.000426752
3.495 -0.123314 -0.180403 0.000428093
3.5 -0.123695 -0.180404 0.000429415
3.505 -0.124071 -0.180405 0.00043072
3.51 -0.124442 -0.180406 0.000432007
3.515 -0.124808 -0.180407 0.000433277
3.52 -0.125168 -0.180408 0.000434529
3.525 -0.125524 -0.180409 0.000435764
3.53 -0.125875 -0.18041 0.00043698
3.535 -0.126219 -0.180412 0.000438175
3.54 -0.126558 -0.180413 0.00043935
3.545 -0.126891 -0.180414 0.000440507
3.55 -0.12722 -0.180415 0.000441649
3.555 -0.127544 -0.180416 0.000442772
3.56 -0.127862 -0.180417 0.000443874
3.565 -0.128173 -0.180418 0.000444956
3.57 -0.12848 -0.180419 0.000446019
3.575 -0.12878 -0.18042 0.000447062
3.58 -0.129074 -0.18042 0.000448081
3.585 -0.12936 -0.180421 0.000449075
3.59 -0.129639 -0.180422 0.000450043
3.595 -0.129911 -0.180423 0.000450987
3.6 -0.130176 -0.180424 0.000451908
3.605 -0.130436 -0.180425 0.000452807
3.61 -0.130689 -0.180426 0.000453687
3.615 -0.130938 -0.180426 0.000454549
3.62 -0.13118 -0.180427 0.00045539
3.625 -0.131416 -0.180428 0.00045621
3.63 -0.131646 -0.180428 0.000457007
3.635 -0.131869 -0.180429 0.000457779
3.64 -0.132085 -0.18043 0.00045853
3.645 -0.132296 -0.180431 0.000459262
3.65 -0.132502 -0.180431 0.000459977
3.655 -0.132702 -0.180432 0.000460673
3.66 -0.132897 -0.180432 0.000461347
3.665 -0.133084 -0.180433 0.000461997
3.67 -0.133265 -0.180434 0.000462624
3.675 -0.133438 -0.180434 0.000463227
3.68 -0.133606 -0.180435 0.000463808
3.685 -0.133767 -0.180435 0.000464367
3.69 -0.133922 -0.180436 0.000464907
3.695 -0.134072 -0.180436 0.000465427
3.7 -0.134217 -0.180437 0.000465927
3.705 -0.134355 -0.180437 0.000466407
3.71 -0.134487 -0.180437 0.000466864
3.715 -0.134612 -0.180438 0.0004673
3.72 -0.134732 -0.180438 0.000467717
3.725 -0.134847 -0.180438 0.000468114
3.73 -0.134955 -0.180439 0.000468489
3.735 -0.135056 -0.180439 0.000468842
3.74 -0.135151 -0.180439 0.000469171
3.745 -0.13524 -0.18044 0.000469479
3.75 -0.135323 -0.18044 0.000469767
3.755 -0.1354 -0.18044 0.000470036
3.76 -0.135472 -0.18044 0.000470284
3.765 -0.135538 -0.180441 0.000470513
3.77 -0.135598 -0.180441 0.000470722
3.775 -0.135652 -0.180441 0.00047091
3.78 -0.1357 -0.180441 0.000471076
3.785 -0.135742 -0.180441 0.000471221
3.79 -0.135778 -0.180441 0.000471344
3.795 -0.135807 -0.180441 0.000471446
3.8 -0.13583 -0.180442 0.000471527
3.805 -0.135848 -0.180442 0.000471588
3.81 -0.13586 -0.180442 0.000471629
3.815 -0.135865 -0.180442 0.000471648
3.82 -0.135863 -0.180442 0.00047164
3.825 -0.135853 -0.180442 0.000471605
3.83 -0.135836 -0.180442 0.000471546
3.835 -0.135813 -0.180442 0.000471466
3.84 -0.135783 -0.180442 0.000471363
3.845 -0.135747 -0.180442 0.000471237
3.85 -0.135704 -0.180442 0.000471088
3.855 -0.135655 -0.180442 0.000470917
3.86 -0.135599 -0.180442 0.000470725
3.865 -0.135538 -0.180442 0.00047051
3.87 -0.135469 -0.180442 0.000470273
3.875 -0.135394 -0.180442 0.000470011
3.88 -0.135311 -0.180442 0.000469725
3.885 -0.135223 -0.180442 0.000469419
3.89 -0.135129 -0.180442 0.000469091
3.895 -0.135028 -0.180442 0.000468741
3.9 -0.134921 -0.180442 0.000468371
3.905 -0.13481 -0.180442 0.000467984
3.91 -0.134694 -0.180442 0.000467581
3.915 -0.134572 -0.180442 0.000467159
3.92 -0.134445 -0.180442 0.000466718
3.925 -0.134313 -0.180442 0.000466258
3.93 -0.134175 -0.180442 0.000465779
3.935 -0.134031 -0.180442 0.000465281
3.94 -0.133883 -0.180442 0.000464765
3.945 -0.13373 -0.180442 0.000464233
3.95 -0.133571 -0.180442 0.000463682
3.955 -0.133406 -0.180442 0.000463108
3.96 -0.133234 -0.180442 0.000462513
3.965 -0.133057 -0.180442 0.000461897
3.97 -0.132874 -0.180442 0.000461261
3.975 -0.132684 -0.180442 0.000460603
3.98 -0.132488 -0.180442 0.000459922
3.985 -0.132285 -0.180442 0.000459217
3.99 -0.132076 -0.180442 0.00045849
3.995 -0.13186 -0.180442 0.00045774
4 -0.131637 -0.180442 0.000456966
4.005 -0.131406 -0.180442 0.000456165
4.01 -0.13117 -0.180442 0.000455344
4.015 -0.130928 -0.180442 0.000454505
4.02 -0.130681 -0.180442 0.000453646
4.025 -0.130427 -0.180442 0.000452766
4.03 -0.130167 -0.180442 0.000451863
4.035 -0.129901 -0.180442 0.000450939
4.04 -0.129629 -0.180442 0.000449994
4.045 -0.12935 -0.180442 0.000449027
4.05 -0.129065 -0.180442 0.000448036
4.055 -0.128774 -0.180442 0.000447025
4.06 -0.128477 -0.180442 0.000445995
4.065 -0.128175 -0.180442 0.000444946
4.07 -0.127868 -0.180442 0.000443879
4.075 -0.127555 -0.180442 0.000442794
4.08 -0.127237 -0.180442 0.000441689
4.085 -0.126912 -0.180442 0.000440561
4.09 -0.126581 -0.180442 0.000439411
4.095 -0.126243 -0.180442 0.000438239
4.1 -0.1259 -0.180442 0.000437047
4.105 -0.125551 -0.180442 0.000435834
4.11 -0.125196 -0.180442 0.000434602
4.115 -0.124836 -0.180442 0.000433353
4.12 -0.124471 -0.180442 0.000432086
4.125 -0.124101 -0.180442 0.0004308
4.13 -0.123725 -0.180442 0.000429494
4.135 -0.123344 -0.180442 0.000428171
4.14 -0.122958 -0.180442 0.000426831
4.145 -0.122568 -0.180442 0.000425477
4.15 -0.122173 -0.180442 0.000424106
4.155 -0.121774 -0.180442 0.00042272
4.16 -0.12137 -0.180442 0.000421318
4.165 -0.120962 -0.180442 0.000419901
4.17 -0.12055 -0.180442 0.000418469
4.175 -0.120133 -0.180442 0.000417023
4.18 -0.119713 -0.180442 0.000415566
4.185 -0.119291 -0.180442 0.000414097
4.19 -0.118864 -0.180442 0.000412617
4.195 -0.118434 -0.180442 0.000411125
4.2 -0.118 -0.180442 0.000409615
4.205 -0.117559 -0.180442 0.000408086
4.21 -0.117113 -0.180442 0.000406538
4.215 -0.116663 -0.180442 0.000404973
4.22 -0.116208 -0.180442 0.000403394
4.225 -0.115749 -0.180442 0.000401801
4.23 -0.115287 -0.180442 0.000400196
4.235 -0.114822 -0.180442 0.000398581
4.24 -0.114354 -0.180442 0.000396957
4.245 -0.113883 -0.180442 0.000395322
4.25 -0.113408 -0.180442 0.000393672
4.255 -0.112928 -0.180442 0.000392007
4.26 -0.112444 -0.180442 0.000390325
4.265 -0.111956 -0.180442 0.00038863
4.27 -0.111463 -0.180442 0.00038692
4.275 -0.110966 -0.180442 0.000385193
4.28 -0.110464 -0.180442 0.000383448
4.285 -0.109956 -0.180442 0.000381687
4.29 -0.109445 -0.180442 0.000379912
4.295 -0.10893 -0.180442 0.000378124
4.3 -0.108411 -0.180442 0.000376322
4.305 -0.107887 -0.180442 0.000374503
4.31 -0.107359 -0.180442 0.000372669
4.315 -0.106827 -0.180442 0.000370819
4.32 -0.106289 -0.180442 0.000368955
4.325 -0.105749 -0.180442 0.000367076
4.33 -0.105204 -0.180442 0.000365186
4.335 -0.104655 -0.180442 0.000363279
4.34 -0.104101 -0.180442 0.000361357
4.345 -0.103544 -0.180442 0.000359421
4.35 -0.102983 -0.180442 0.000357473
4.355 -0.102418 -0.180442 0.000355511
4.36 -0.101849 -0.180442 0.000353535
4.365 -0.101276 -0.180442 0.000351546
4.37 -0.1007 -0.180442 0.000349546
4.375 -0.100121 -0.180442 0.000347537
4.38 -0.0995391 -0.180442 0.000345516
4.385 -0.0989531 -0.180442 0.000343481
4.39 -0.0983627 -0.180442 0.000341431
4.395 -0.0977676 -0.180442 0.000339365
4.4 -0.097168 -0.180442 0.000337283
4.405 -0.0965643 -0.180442 0.000335187
4.41 -0.0959569 -0.180442 0.000333078
4.415 -0.0953459 -0.180442 0.000330956
4.42 -0.0947313 -0.180442 0.000328822
4.425 -0.0941135 -0.180442 0.000326677
4.43 -0.0934928 -0.180442 0.000324522
4.435 -0.0928696 -0.180442 0.000322358
4.44 -0.0922432 -0.180442 0.000320183
4.445 -0.0916125 -0.180442 0.000317993
4.45 -0.090978 -0.180442 0.00031579
4.455 -0.0903412 -0.180442 0.000313579
4.46 -0.0897032 -0.180442 0.000311363
4.465 -0.0890636 -0.180442 0.000309142
4.47 -0.0884216 -0.180442 0.000306913
4.475 -0.087777 -0.180442 0.000304675
4.48 -0.0871302 -0.180442 0.000302429
4.485 -0.0864814 -0.180442 0.000300177
4.49 -0.0858306 -0.180442 0.000297917
4.495 -0.0851778 -0.180442 0.00029565
4.5 -0.0845222 -0.180442 0.000293374
4.505 -0.083863 -0.180442 0.000291085
4.51 -0.0832 -0.180442 0.000288783
4.515 -0.0825335 -0.180442 0.000286469
4.52 -0.0818644 -0.180442 0.000284145
4.525 -0.081193 -0.180442 0.000281814
4.53 -0.0805195 -0.180442 0.000279476
4.535 -0.0798437 -0.180442 0.000277129
4.54 -0.0791663 -0.180442 0.000274777
4.545 -0.0784885 -0.180442 0.000272423
4.55 -0.0778101 -0.180442 0.000270068
4.555 -0.0771295 -0.180442 0.000267705
4.56 -0.0764455 -0.180442 0.00026533
4.565 -0.0757588 -0.180442 0.000262945
4.57 -0.0750707 -0.180442 0.000260556
4.575 -0.0743814 -0.180442 0.000258163
4.58 -0.07369 -0.180442 0.000255762
4.585 -0.0729952 -0.180442 0.00025335
4.59 -0.0722972 -0.180442 0.000250926
4.595 -0.0715966 -0.180442 0.000248493
4.6 -0.0708939 -0.180442 0.000246053
4.605 -0.0701901 -0.180442 0.000243609
4.61 -0.0694865 -0.180442 0.000241166
4.615 -0.0687835 -0.180442 0.000238725
4.62 -0.0680801 -0.180442 0.000236283
4.625 -0.067375 -0.180442 0.000233835
4.63 -0.0666672 -0.180442 0.000231377
4.635 -0.065957 -0.180442 0.000228911
4.64 -0.0652452 -0.180442 0.00022644
4.645 -0.0645319 -0.180442 0.000223963
4.65 -0.0638155 -0.180442 0.000221475
4.655 -0.0630952 -0.180442 0.000218974
4.66 -0.0623721 -0.180442 0.000216464
4.665 -0.0616474 -0.180442 0.000213948
4.67 -0.0609211 -0.180442 0.000211426
4.675 -0.0601922 -0.180442 0.000208895
4.68 -0.0594606 -0.180442 0.000206354
4.685 -0.0587278 -0.180442 0.00020381
4.69 -0.057995 -0.180442 0.000201265
4.695 -0.0572619 -0.180442 0.00019872
4.7 -0.0565283 -0.180442 0.000196173
4.705 -0.0557936 -0.180442 0.000193622
4.71 -0.0550573 -0.180442 0.000191065
4.715 -0.0543194 -0.180442 0.000188503
4.72 -0.0535807 -0.180442 0.000185938
4.725 -0.0528429 -0.180442 0.000183376
4.73 -0.052108 -0.180442 0.000180825
4.735 -0.051376 -0.180442 0.000178283
4.74 -0.050645 -0.180442 0.000175745
4.745 -0.0499145 -0.180442 0.000173208
4.75 -0.0491847 -0.180442 0.000170674
4.755 -0.0484557 -0.180442 0.000168143
4.76 -0.0477274 -0.180442 0.000165614
4.765 -0.047 -0.180442 0.000163088
4.77 -0.0462737 -0.180442 0.000160566
4.775 -0.0455471 -0.180442 0.000158044
4.78 -0.0448193 -0.180442 0.000155516
4.785 -0.0440909 -0.180442 0.000152988
4.79 -0.0433632 -0.180442 0.000150461
4.795 -0.0426359 -0.180442 0.000147935
4.8 -0.0419083 -0.180442 0.000145409
4.805 -0.0411811 -0.180442 0.000142884
4.81 -0.0404554 -0.180442 0.000140364
4.815 -0.0397308 -0.180442 0.000137848
4.82 -0.0390061 -0.180442 0.000135332
4.825 -0.0382814 -0.180442 0.000132815
4.83 -0.0375574 -0.180442 0.000130302
4.835 -0.0368345 -0.180442 0.000127792
4.84 -0.0361126 -0.180442 0.000125285
4.845 -0.0353913 -0.180442 0.00012278
4.85 -0.0346702 -0.180442 0.000120277
4.855 -0.0339496 -0.180442 0.000117775
4.86 -0.0332298 -0.180442 0.000115275
4.865 -0.0325111 -0.180442 0.00011278
4.87 -0.0317933 -0.180442 0.000110287
4.875 -0.0310767 -0.180442 0.000107799
4.88 -0.0303615 -0.180442 0.000105316
4.885 -0.0296472 -0.180442 0.000102835
4.89 -0.0289334 -0.180442 0.000100357
4.895 -0.0282209 -0.180442 9.78832e-05
4.9 -0.0275098 -0.180442 9.5414e-05
4.905 -0.0267988 -0.180442 9.29455e-05
4.91 -0.0260883 -0.180442 9.04782e-05
4.915 -0.0253801 -0.180442 8.80192e-05
4.92 -0.0246755 -0.180442 8.55729e-05
4.925 -0.023974 -0.180442 8.31372e-05
4.93 -0.0232746 -0.180442 8.07087e-05
4.935 -0.0225768 -0.180442 7.82857e-05
4.94 -0.0218801 -0.180442 7.58664e-05
4.945 -0.0211837 -0.180442 7.34485e-05
4.95 -0.0204874 -0.180442 7.10307e-05
4.955 -0.019791 -0.180442 6.86127e-05
4.96 -0.0190948 -0.180442 6.61952e-05
4.965 -0.0183995 -0.180442 6.37811e-05
4.97 -0.0177062 -0.180442 6.13738e-05
4.975 -0.0170154 -0.180442 5.89752e-05
4.98 -0.0163271 -0.180442 5.65852e-05
4.985 -0.0156414 -0.180442 5.42044e-05
4.99 -0.0149588 -0.180442 5.18343e-05
4.995 -0.014279 -0.180442 4.94738e-05
5 -0.0136005 -0.180442 4.7118e-05
5.005 -0.0129219 -0.180442 4.47617e-05
5.01 -0.0122432 -0.180442 4.24051e-05
5.015 -0.0115657 -0.180442 4.00528e-05
5.02 -0.0108911 -0.180442 3.77103e-05
5.025 -0.0102195 -0.180442 3.53783e-05
5.03 -0.0095497 -0.180442 3.30527e-05
5.035 -0.0088809 -0.180442 3.07304e-05
5.04 -0.00821322 -0.180442 2.84121e-05
5.045 -0.00754732 -0.180442 2.61e-05
5.05 -0.00688363 -0.180442 2.37955e-05
5.055 -0.00622171 -0.180442 2.14971e-05
5.06 -0.00556083 -0.180442 1.92024e-05
5.065 -0.00490083 -0.180442 1.69107e-05
5.07 -0.00424239 -0.180442 1.46245e-05
5.075 -0.00358664 -0.180442 1.23476e-05
5.08 -0.00293406 -0.180442 1.00817e-05
5.085 -0.0022842 -0.180442 7.82523e-06
5.09 -0.00163695 -0.180442 5.57783e-06
5.095 -0.000993122 -0.180442 3.34233e-06
5.1 -0.000353015 -0.180442 1.11975e-06
5.105 0.000284155 -0.180442 -1.09264e-06
5.11 0.000918868 -0.180442 -3.2965e-06
5.115 0.00155088 -0.180442 -5.49097e-06
5.12 0.00218049 -0.180442 -7.67713e-06
5.125 0.00280828 -0.180442 -9.85695e-06
5.13 0.00343339 -0.180442 -1.20275e-05
5.135 0.00405397 -0.180442 -1.41823e-05
5.14 0.00466926 -0.180442 -1.63187e-05
5.145 0.00528025 -0.180442 -1.84402e-05
5.15 0.0058882 -0.180442 -2.05511e-05
5.155 0.00649336 -0.180442 -2.26524e-05
5.16 0.00709545 -0.180442 -2.4743e-05
5.165 0.00769434 -0.180442 -2.68224e-05
5.17 0.00828978 -0.180442 -2.88899e-05
5.175 0.0088818 -0.180442 -3.09455e-05
5.18 0.00947092 -0.180442 -3.29911e-05
5.185 0.0100571 -0.180442 -3.50266e-05
5.19 0.0106398 -0.180442 -3.70496e-05
5.195 0.0112185 -0.180442 -3.9059e-05
5.2 0.0117933 -0.180442 -4.10549e-05
5.205 0.0123643 -0.180442 -4.30376e-05
5.21 0.0129319 -0.180442 -4.50084e-05
5.215 0.0134962 -0.180442 -4.69677e-05
5.22 0.0140563 -0.180442 -4.89126e-05
5.225 0.014612 -0.180442 -5.08421e-05
5.23 0.0151645 -0.180442 -5.27604e-05
5.235 0.015715 -0.180442 -5.4672e-05
5.24 0.0162639 -0.180442 -5.65778e-05
5.245 0.0168113 -0.180442 -5.84786e-05
5.25 0.017357 -0.180442 -6.03735e-05
5.255 0.0178992 -0.180442 -6.22559e-05
5.26 0.0184358 -0.180442 -6.41191e-05
5.265 0.0189667 -0.180442 -6.59626e-05
5.27 0.0194927 -0.180442 -6.77888e-05
5.275 0.020014 -0.180442 -6.9599e-05
5.28 0.0205304 -0.180442 -7.13922e-05
5.285 0.0210414 -0.180442 -7.31665e-05
5.29 0.0215469 -0.180442 -7.49217e-05
5.295 0.0220479 -0.180442 -7.66612e-05
5.3 0.0225456 -0.180442 -7.83893e-05
5.305 0.0230397 -0.180442 -8.0105e-05
5.31 0.0235291 -0.180442 -8.18041e-05
5.315 0.0240128 -0.180442 -8.34839e-05
5.32 0.0244909 -0.180442 -8.51439e-05
5.325 0.0249639 -0.180442 -8.67861e-05
5.33 0.0254327 -0.180442 -8.84139e-05
5.335 0.0258976 -0.180442 -9.00281e-05
5.34 0.0263579 -0.180442 -9.16265e-05
5.345 0.0268134 -0.180442 -9.32079e-05
5.35 0.0272642 -0.180442 -9.47732e-05
5.355 0.0277105 -0.180442 -9.6323e-05
5.36 0.0281527 -0.180442 -9.78585e-05
5.365 0.028591 -0.180442 -9.93804e-05
5.37 0.0290255 -0.180442 -0.000100889
5.375 0.0294557 -0.180442 -0.000102383
5.38 0.029881 -0.180442 -0.000103859
5.385 0.0303003 -0.180442 -0.000105315
5.39 0.0307135 -0.180442 -0.00010675
5.395 0.0311213 -0.180442 -0.000108166
5.4 0.031525 -0.180442 -0.000109568
5.405 0.031925 -0.180442 -0.000110957
5.41 0.0323209 -0.180442 -0.000112331
5.415 0.0327118 -0.180442 -0.000113688
5.42 0.0330966 -0.180442 -0.000115025
5.425 0.0334745 -0.180442 -0.000116337
5.43 0.0338461 -0.180442 -0.000117627
5.435 0.0342123 -0.180442 -0.000118898
5.44 0.0345737 -0.180442 -0.000120153
5.445 0.0349298 -0.180442 -0.00012139
5.45 0.0352793 -0.180442 -0.000122604
5.455 0.0356214 -0.180442 -0.000123791
5.46 0.0359563 -0.180442 -0.000124954
5.465 0.0362852 -0.180442 -0.000126096
5.47 0.0366085 -0.180442 -0.000127219
5.475 0.0369261 -0.180442 -0.000128322
5.48 0.0372374 -0.180442 -0.000129402
5.485 0.0375428 -0.180442 -0.000130463
5.49 0.037843 -0.180442 -0.000131505
5.495 0.0381387 -0.180442 -0.000132532
5.5 0.0384305 -0.180442 -0.000133545
5.505 0.0387185 -0.180442 -0.000134545
5.51 0.0390022 -0.180442 -0.00013553
5.515 0.0392814 -0.180442 -0.0001365
5.52 0.039556 -0.180442 -0.000137453
5.525 0.0398255 -0.180442 -0.000138389
5.53 0.0400897 -0.180442 -0.000139306
5.535 0.0403485 -0.180442 -0.000140205
5.54 0.0406014 -0.180442 -0.000141083
5.545 0.0408474 -0.180442 -0.000141937
5.55 0.0410863 -0.180442 -0.000142767
5.555 0.0413194 -0.180442 -0.000143576
5.56 0.0415476 -0.180442 -0.000144368
5.565 0.0417704 -0.180442 -0.000145142
5.57 0.0419872 -0.180442 -0.000145895
5.575 0.0421984 -0.180442 -0.000146628
5.58 0.0424053 -0.180442 -0.000147346
5.585 0.0426086 -0.180442 -0.000148052
5.59 0.0428083 -0.180442 -0.000148746
5.595 0.0430033 -0.180442 -0.000149423
5.6 0.0431928 -0.180442 -0.000150081
5.605 0.0433764 -0.180442 -0.000150718
5.61 0.0435548 -0.180442 -0.000151338
5.615 0.043728 -0.180442 -0.000151939
5.62 0.0438956 -0.180442 -0.000152521
5.625 0.0440572 -0.180442 -0.000153082
5.63 0.0442133 -0.180442 -0.000153624
5.635 0.0443643 -0.180442 -0.000154148
5.64 0.0445105 -0.180442 -0.000154656
5.645 0.0446518 -0.180442 -0.000155147
5.65 0.044787 -0.180442 -0.000155616
5.655 0.0449144 -0.180442 -0.000156058
5.66 0.0450338 -0.180442 -0.000156473
5.665 0.0451466 -0.180442 -0.000156865
5.67 0.0452541 -0.180442 -0.000157238
5.675 0.0453566 -0.180442 -0.000157594
5.68 0.0454538 -0.180442 -0.000157931
5.685 0.0455457 -0.180442 -0.00015825
5.69 0.0456321 -0.180442 -0.00015855
5.695 0.0457134 -0.180442 -0.000158833
5.7 0.04579 -0.180442 -0.000159099
5.705 0.0458619 -0.180442 -0.000159348
5.71 0.0459287 -0.180442 -0.00015958
5.715 0.0459899 -0.180442 -0.000159793
5.72 0.0460444 -0.180442 -0.000159982
5.725 0.0460902 -0.180442 -0.000160141
5.73 0.0461266 -0.180442 -0.000160268
5.735 0.0461549 -0.180442 -0.000160366
5.74 0.0461771 -0.180442 -0.000160443
5.745 0.0461939 -0.180442 -0.000160501
5.75 0.0462049 -0.180442 -0.000160539
5.755 0.04621 -0.180442 -0.000160557
5.76 0.0462097 -0.180442 -0.000160556
5.765 0.0462042 -0.180442 -0.000160537
5.77 0.0461933 -0.180442 -0.000160499
5.775 0.0461772 -0.180442 -0.000160443
5.78 0.0461553 -0.180442 -0.000160367
5.785 0.046127 -0.180442 -0.000160269
5.79 0.0460921 -0.180442 -0.000160148
5.795 0.0460512 -0.180442 -0.000160006
5.8 0.0460049 -0.180442 -0.000159845
5.805 0.045953 -0.180442 -0.000159665
5.81 0.0458963 -0.180442 -0.000159468
5.815 0.045836 -0.180442 -0.000159258
5.82 0.0457726 -0.180442 -0.000159038
5.825 0.0457048 -0.180442 -0.000158803
5.83 0.0456314 -0.180442 -0.000158548
5.835 0.0455522 -0.180442 -0.000158273
5.84 0.045468 -0.180442 -0.000157981
5.845 0.0453789 -0.180442 -0.000157671
5.85 0.0452842 -0.180442 -0.000157342
5.855 0.0451834 -0.180442 -0.000156992
5.86 0.0450765 -0.180442 -0.000156621
5.865 0.0449642 -0.180442 -0.000156231
5.87 0.0448473 -0.180442 -0.000155825
5.875 0.0447254 -0.180442 -0.000155402
5.88 0.0445981 -0.180442 -0.00015496
5.885 0.0444656 -0.180442 -0.0001545
5.89 0.0443286 -0.180442 -0.000154025
5.895 0.0441879 -0.180442 -0.000153536
5.9 0.0440434 -0.180442 -0.000153034
5.905 0.0438945 -0.180442 -0.000152517
5.91 0.0437411 -0.180442 -0.000151985
5.915 0.0435843 -0.180442 -0.00015144
5.92 0.043425 -0.180442 -0.000150887
5.925 0.0432628 -0.180442 -0.000150324
5.93 0.0430963 -0.180442 -0.000149746
5.935 0.0429246 -0.180442 -0.000149149
5.94 0.0427477 -0.180442 -0.000148535
5.945 0.0425658 -0.180442 -0.000147903
5.95 0.0423788 -0.180442 -0.000147254
5.955 0.0421866 -0.180442 -0.000146587
5.96 0.0419895 -0.180442 -0.000145902
5.965 0.0417878 -0.180442 -0.000145202
5.97 0.0415826 -0.180442 -0.00014449
5.975 0.0413742 -0.180442 -0.000143766
5.98 0.0411619 -0.180442 -0.000143029
5.985 0.0409447 -0.180442 -0.000142275
5.99 0.0407219 -0.180442 -0.000141501
5.995 0.0404939 -0.180442 -0.000140709
6 0.0402623 -0.180442 -0.000139905
6.005 0.0400285 -0.180442 -0.000139093
6.01 0.0397917 -0.180442 -0.000138271
6.015 0.0395508 -0.180442 -0.000137435
6.02 0.0393061 -0.180442 -0.000136585
6.025 0.0390578 -0.180442 -0.000135723
6.03 0.0388055 -0.180442 -0.000134847
6.035 0.038549 -0.180442 -0.000133956
6.04 0.0382885 -0.180442 -0.000133052
6.045 0.0380239 -0.180442 -0.000132133
6.05 0.0377562 -0.180442 -0.000131204
6.055 0.0374869 -0.180442 -0.000130268
6.06 0.037216 -0.180442 -0.000129328
6.065 0.0369425 -0.180442 -0.000128378
6.07 0.036665 -0.180442 -0.000127414
6.075 0.036383 -0.180442 -0.000126435
6.08 0.0360968 -0.180442 -0.000125442
6.085 0.0358073 -0.180442 -0.000124437
6.09 0.0355152 -0.180442 -0.000123422
6.095 0.0352205 -0.180442 -0.000122399
6.1 0.0349234 -0.180442 -0.000121368
6.105 0.0346242 -0.180442 -0.000120328
6.11 0.0343224 -0.180442 -0.00011928
6.115 0.0340182 -0.180442 -0.000118224
6.12 0.033713 -0.180442 -0.000117165
6.125 0.0334076 -0.180442 -0.000116104
6.13 0.0331011 -0.180442 -0.00011504
6.135 0.0327915 -0.180442 -0.000113965
6.14 0.0324776 -0.180442 -0.000112875
6.145 0.03216 -0.180442 -0.000111772
6.15 0.0318396 -0.180442 -0.00011066
6.155 0.0315165 -0.180442 -0.000109538
6.16 0.0311909 -0.180442 -0.000108407
6.165 0.0308624 -0.180442 -0.000107267
6.17 0.03053 -0.180442 -0.000106112
6.175 0.0301927 -0.180442 -0.000104941
6.18 0.0298515 -0.180442 -0.000103757
6.185 0.0295073 -0.180442 -0.000102561
6.19 0.02916 -0.180442 -0.000101356
6.195 0.0288095 -0.180442 -0.000100139
6.2 0.0284563 -0.180442 -9.89124e-05
6.205 0.0281011 -0.180442 -9.76789e-05
6.21 0.0277434 -0.180442 -9.6437e-05
6.215 0.027383 -0.180442 -9.51853e-05
6.22 0.0270199 -0.180442 -9.39246e-05
6.225 0.0266544 -0.180442 -9.26556e-05
6.23 0.0262865 -0.180442 -9.13782e-05
6.235 0.0259158 -0.180442 -9.00911e-05
6.24 0.0255422 -0.180442 -8.87938e-05
6.245 0.0251659 -0.180442 -8.74871e-05
6.25 0.0247872 -0.180442 -8.61722e-05
6.255 0.0244064 -0.180442 -8.48501e-05
6.26 0.024024 -0.180442 -8.35222e-05
6.265 0.02364 -0.180442 -8.21888e-05
6.27 0.0232539 -0.180442 -8.08482e-05
6.275 0.0228656 -0.180442 -7.95e-05
6.28 0.0224759 -0.180442 -7.81471e-05
6.285 0.0220858 -0.180442 -7.67925e-05
6.29 0.0216949 -0.180442 -7.54351e-05
6.295 0.0213022 -0.180442 -7.40715e-05
6.3 0.0209069 -0.180442 -7.26991e-05
6.305 0.020509 -0.180442 -7.13174e-05
6.31 0.0201087 -0.180442 -6.99275e-05
6.315 0.0197063 -0.180442 -6.85304e-05
6.32 0.0193019 -0.180442 -6.71261e-05
6.325 0.0188948 -0.180442 -6.57125e-05
6.33 0.0184842 -0.180442 -6.42869e-05
6.335 0.0180699 -0.180442 -6.28483e-05
6.34 0.0176525 -0.180442 -6.13991e-05
6.345 0.0172335 -0.180442 -5.9944e-05
6.35 0.0168139 -0.180442 -5.84872e-05
6.355 0.0163934 -0.180442 -5.7027e-05
6.36 0.0159705 -0.180442 -5.55589e-05
6.365 0.015546 -0.180442 -5.40847e-05
6.37 0.0151227 -0.180442 -5.26149e-05
6.375 0.0147029 -0.180442 -5.11574e-05
6.38 0.0142858 -0.180442 -4.97092e-05
6.385 0.0138686 -0.180442 -4.82603e-05
6.39 0.013449 -0.180442 -4.68036e-05
6.395 0.013027 -0.180442 -4.53383e-05
6.4 0.0126034 -0.180442 -4.38673e-05
6.405 0.0121787 -0.180442 -4.23926e-05
6.41 0.0117529 -0.180442 -4.09142e-05
6.415 0.0113259 -0.180442 -3.94316e-05
6.42 0.010898 -0.180442 -3.79459e-05
6.425 0.0104695 -0.180442 -3.64581e-05
6.43 0.0100408 -0.180442 -3.49694e-05
6.435 0.0096119 -0.180442 -3.34803e-05
6.44 0.00918295 -0.180442 -3.19909e-05
6.445 0.00875479 -0.180442 -3.05042e-05
6.45 0.00832839 -0.180442 -2.90236e-05
6.455 0.00790345 -0.180442 -2.75482e-05
6.46 0.00747905 -0.180442 -2.60745e-05
6.465 0.00705486 -0.180442 -2.46017e-05
6.47 0.00663109 -0.180442 -2.31302e-05
6.475 0.00620782 -0.180442 -2.16605e-05
6.48 0.00578467 -0.180442 -2.01913e-05
6.485 0.00536094 -0.180442 -1.872e-05
6.49 0.0049362 -0.180442 -1.72452e-05
6.495 0.0045111 -0.180442 -1.57692e-05
6.5 0.00408715 -0.180442 -1.42971e-05
6.505 0.00366515 -0.180442 -1.28318e-05
6.51 0.00324429 -0.180442 -1.13705e-05
6.515 0.00282372 -0.180442 -9.91022e-06
6.52 0.00240396 -0.180442 -8.45272e-06
6.525 0.00198562 -0.180442 -7.00014e-06
6.53 0.00156793 -0.180442 -5.54981e-06
6.535 0.00114949 -0.180442 -4.09689e-06
6.54 0.000729634 -0.180442 -2.63907e-06
6.545 0.000308652 -0.180442 -1.17733e-06
6.55 -0.00011264 -0.180442 2.85488e-07
6.555 -0.000533667 -0.180442 1.74739e-06
6.56 -0.000954583 -0.180442 3.2089e-06
6.565 -0.00137573 -0.180442 4.67122e-06
6.57 -0.00179711 -0.180442 6.13436e-06
6.575 -0.00221867 -0.180442 7.5981e-06
6.58 -0.00264079 -0.180442 9.06377e-06
6.585 -0.00306409 -0.180442 1.05336e-05
6.59 -0.0034886 -0.180442 1.20076e-05
6.595 -0.00391337 -0.180442 1.34825e-05
6.6 -0.00433735 -0.180442 1.49546e-05
6.605 -0.00476051 -0.180442 1.64239e-05
6.61 -0.00518318 -0.180442 1.78915e-05
6.615 -0.00560435 -0.180442 1.93539e-05
6.62 -0.00602287 -0.180442 2.08071e-05
6.625 -0.00643948 -0.180442 2.22537e-05
6.63 -0.0068556 -0.180442 2.36985e-05
6.635 -0.00727145 -0.180442 2.51425e-05
6.64 -0.00768666 -0.180442 2.65842e-05
6.645 -0.00810157 -0.180442 2.80248e-05
6.65 -0.00851685 -0.180442 2.94668e-05
6.655 -0.00893244 -0.180442 3.09098e-05
6.66 -0.00934774 -0.180442 3.23518e-05
6.665 -0.00976194 -0.180442 3.379e-05
6.67 -0.0101735 -0.180442 3.52191e-05
6.675 -0.0105808 -0.180442 3.66332e-05
6.68 -0.0109837 -0.180442 3.80324e-05
6.685 -0.0113844 -0.180442 3.94235e-05
6.69 -0.0117845 -0.180442 4.08128e-05
6.695 -0.0121843 -0.180442 4.22009e-05
6.7 -0.0125832 -0.180442 4.35861e-05
6.705 -0.0129813 -0.180442 4.49682e-05
6.71 -0.0133787 -0.180442 4.63483e-05
6.715 -0.0137754 -0.180442 4.77258e-05
6.72 -0.0141709 -0.180442 4.90989e-05
6.725 -0.0145651 -0.180442 5.04675e-05
6.73 -0.014958 -0.180442 5.18318e-05
6.735 -0.0153492 -0.180442 5.31902e-05
6.74 -0.0157384 -0.180442 5.45414e-05
6.745 -0.0161265 -0.180442 5.58892e-05
6.75 -0.0165148 -0.180442 5.72375e-05
6.755 -0.0169027 -0.180442 5.85843e-05
6.76 -0.0172888 -0.180442 5.99249e-05
6.765 -0.0176725 -0.180442 6.12571e-05
6.77 -0.0180541 -0.180442 6.25822e-05
6.775 -0.0184344 -0.180442 6.39026e-05
6.78 -0.0188137 -0.180442 6.52196e-05
6.785 -0.019192 -0.180442 6.65334e-05
6.79 -0.019569 -0.180442 6.78421e-05
6.795 -0.0199432 -0.180442 6.91415e-05
6.8 -0.0203128 -0.180442 7.04251e-05
6.805 -0.0206775 -0.180442 7.16912e-05
6.81 -0.0210387 -0.180442 7.29453e-05
6.815 -0.0213976 -0.180442 7.41914e-05
6.82 -0.0217542 -0.180442 7.54297e-05
6.825 -0.0221086 -0.180442 7.66605e-05
6.83 -0.0224615 -0.180442 7.78858e-05
6.835 -0.0228129 -0.180442 7.91058e-05
6.84 -0.0231621 -0.180442 8.03182e-05
6.845 -0.0235084 -0.180442 8.15209e-05
6.85 -0.0238522 -0.180442 8.27144e-05
6.855 -0.0241939 -0.180442 8.3901e-05
6.86 -0.0245342 -0.180442 8.50826e-05
6.865 -0.0248729 -0.180442 8.62586e-05
6.87 -0.0252096 -0.180442 8.74277e-05
6.875 -0.0255439 -0.180442 8.85885e-05
6.88 -0.0258753 -0.180442 8.97391e-05
6.885 -0.026204 -0.180442 9.08805e-05
6.89 -0.0265311 -0.180442 9.20161e-05
6.895 -0.0268564 -0.180442 9.31457e-05
6.9 -0.0271788 -0.180442 9.42652e-05
6.905 -0.027498 -0.180442 9.53735e-05
6.91 -0.0278145 -0.180442 9.64726e-05
6.915 -0.0281286 -0.180442 9.75631e-05
6.92 -0.0284397 -0.180442 9.86432e-05
6.925 -0.0287479 -0.180442 9.97134e-05
6.93 -0.029054 -0.180442 0.000100776
6.935 -0.0293578 -0.180442 0.000101831
6.94 -0.029658 -0.180442 0.000102873
6.945 -0.0299538 -0.180442 0.000103901
6.95 -0.0302462 -0.180442 0.000104916
6.955 -0.0305367 -0.180442 0.000105925
6.96 -0.0308259 -0.180442 0.000106929
6.965 -0.0311134 -0.180442 0.000107927
6.97 -0.0313981 -0.180442 0.000108916
6.975 -0.0316795 -0.180442 0.000109893
6.98 -0.031957 -0.180442 0.000110856
6.985 -0.0322312 -0.180442 0.000111808
6.99 -0.0325032 -0.180442 0.000112753
6.995 -0.0327734 -0.180442 0.000113691
7 -0.0330394 -0.180442 0.000114614
7.005 -0.0332991 -0.180442 0.000115516
7.01 -0.0335528 -0.180442 0.000116397
7.015 -0.0338021 -0.180442 0.000117263
7.02 -0.0340479 -0.180442 0.000118116
7.025 -0.0342896 -0.180442 0.000118956
7.03 -0.0345263 -0.180442 0.000119777
7.035 -0.0347573 -0.180442 0.000120579
7.04 -0.0349828 -0.180442 0.000121362
7.045 -0.0352038 -0.180442 0.00012213
7.05 -0.0354213 -0.180442 0.000122885
7.055 -0.0356356 -0.180442 0.000123629
7.06 -0.0358465 -0.180442 0.000124361
7.065 -0.0360534 -0.180442 0.00012508
7.07 -0.0362553 -0.180442 0.000125781
7.075 -0.0364514 -0.180442 0.000126462
7.08 -0.0366419 -0.180442 0.000127123
7.085 -0.0368277 -0.180442 0.000127768
7.09 -0.0370096 -0.180442 0.0001284
7.095 -0.0371879 -0.180442 0.000129019
7.1 -0.0373623 -0.180442 0.000129625
7.105 -0.0375327 -0.180442 0.000130216
7.11 -0.0376991 -0.180442 0.000130794
7.115 -0.0378621 -0.180442 0.00013136
7.12 -0.0380214 -0.180442 0.000131913
7.125 -0.0381766 -0.180442 0.000132452
7.13 -0.0383275 -0.180442 0.000132976
7.135 -0.038474 -0.180442 0.000133485
7.14 -0.0386158 -0.180442 0.000133977
7.145 -0.0387532 -0.180442 0.000134454
7.15 -0.0388876 -0.180442 0.000134921
7.155 -0.0390206 -0.180442 0.000135383
7.16 -0.0391514 -0.180442 0.000135837
7.165 -0.0392778 -0.180442 0.000136276
7.17 -0.0393997 -0.180442 0.000136699
7.175 -0.039518 -0.180442 0.00013711
7.18 -0.0396334 -0.180442 0.00013751
7.185 -0.0397452 -0.180442 0.000137898
7.19 -0.0398524 -0.180442 0.000138271
7.195 -0.0399548 -0.180442 0.000138626
7.2 -0.0400529 -0.180442 0.000138967
7.205 -0.0401467 -0.180442 0.000139293
7.21 -0.0402359 -0.180442 0.000139602
7.215 -0.0403204 -0.180442 0.000139896
7.22 -0.0404017 -0.180442 0.000140178
7.225 -0.0404806 -0.180442 0.000140452
7.23 -0.0405562 -0.180442 0.000140714
7.235 -0.0406276 -0.180442 0.000140963
7.24 -0.0406953 -0.180442 0.000141197
7.245 -0.0407595 -0.180442 0.00014142
7.25 -0.0408197 -0.180442 0.000141629
7.255 -0.040875 -0.180442 0.000141822
7.26 -0.0409262 -0.180442 0.000141999
7.265 -0.040974 -0.180442 0.000142165
7.27 -0.0410185 -0.180442 0.00014232
7.275 -0.0410584 -0.180442 0.000142458
7.28 -0.0410933 -0.180442 0.00014258
7.285 -0.0411232 -0.180442 0.000142683
7.29 -0.0411485 -0.180442 0.000142771
7.295 -0.0411699 -0.180442 0.000142846
7.3 -0.0411879 -0.180442 0.000142908
7.305 -0.0412022 -0.180442 0.000142958
7.31 -0.0412128 -0.180442 0.000142994
7.315 -0.0412192 -0.180442 0.000143016
7.32 -0.0412206 -0.180442 0.000143022
7.325 -0.0412165 -0.180442 0.000143007
7.33 -0.0412068 -0.180442 0.000142974
7.335 -0.0411925 -0.180442 0.000142924
7.34 -0.041174 -0.180442 0.00014286
7.345 -0.0411512 -0.180442 0.000142781
7.35 -0.0411233 -0.180442 0.000142683
7.355 -0.0410898 -0.180442 0.000142567
7.36 -0.0410516 -0.180442 0.000142435
7.365 -0.0410098 -0.180442 0.000142289
7.37 -0.0409646 -0.180442 0.000142133
7.375 -0.0409159 -0.180442 0.000141963
7.38 -0.0408632 -0.180442 0.000141781
7.385 -0.0408064 -0.180442 0.000141583
7.39 -0.0407452 -0.180442 0.000141371
7.395 -0.04068 -0.180442 0.000141144
7.4 -0.0406104 -0.180442 0.000140903
7.405 -0.0405351 -0.180442 0.000140641
7.41 -0.0404535 -0.180442 0.000140358
7.415 -0.0403666 -0.180442 0.000140056
7.42 -0.0402756 -0.180442 0.00013974
7.425 -0.0401805 -0.180442 0.00013941
7.43 -0.0400802 -0.180442 0.000139062
7.435 -0.0399738 -0.180442 0.000138692
