0.1 -5.84341e-32 200 -3.64153e-14 5.84341e-32 -200 3.64153e-14
0.2 -5.91646e-31 400 1.42109e-14 5.91646e-31 -400 -1.42109e-14
0.3 -4.09039e-31 600 -1.68754e-13 4.09039e-31 -600 1.68754e-13
0.4 -1.08103e-30 800 -1.13687e-13 1.08103e-30 -800 1.13687e-13
0.5 8.18078e-31 1000 3.37508e-13 -8.18078e-31 -1000 -3.37508e-13
0.6 1.63616e-30 1200 4.90274e-13 -1.63616e-30 -1200 -4.90274e-13
0.7 3.50605e-31 1400 3.83693e-13 -3.50605e-31 -1400 -3.83693e-13
0.8 8.18078e-31 1600 4.33431e-13 -8.18078e-31 -1600 -4.33431e-13
0.9 -1.40242e-30 1800 -4.12115e-13 1.40242e-30 -1800 4.12115e-13
1 2.92171e-30 2000 -4.12115e-13 -2.92171e-30 -2000 4.12115e-13
0.005 -1.46219e-05 2000 0.0063371 1.46219e-05 -2000 -2.04379e-05
0.01 -7.31014e-05 2000 0.0316184 7.31014e-05 -2000 -3.86019e-05
0.015 -0.000190197 2000 0.0821966 0.000190197 -2000 -3.13176e-05
0.02 -0.000366144 2000 0.1582 0.000366144 -2000 -2.53988e-05
0.025 -0.00060115 2000 0.259718 0.00060115 -2000 -2.06066e-05
0.03 -0.000895421 2000 0.386839 0.000895421 -2000 -1.67289e-05
0.035 -0.00124915 2000 0.539647 0.00124915 -2000 -1.35945e-05
0.04 -0.00166253 2000 0.718223 0.00166253 -2000 -1.10648e-05
0.045 -0.00213573 2000 0.922645 0.00213573 -2000 -9.02746e-06
0.05 -0.00266894 2000 1.15299 0.00266894 -2000 -7.39131e-06
0.055 -0.00326232 2000 1.40933 0.00326232 -2000 -6.08249e-06
0.06 -0.00391603 2000 1.69173 0.00391603 -2000 -5.04113e-06
0.065 -0.00463023 2000 2.00026 0.00463023 -2000 -4.21868e-06
0.07 -0.00540504 2000 2.33498 0.00540504 -2000 -3.57579e-06
0.075 -0.00624061 2000 2.69595 0.00624061 -2000 -3.08057e-06
0.08 -0.00713709 2000 3.08322 0.00713709 -2000 -2.70718e-06
0.085 -0.0080946 2000 3.49687 0.0080946 -2000 -2.43467e-06
0.09 -0.00911329 2000 3.93694 0.00911329 -2000 -2.24608e-06
0.095 -0.0101933 2000 4.40349 0.0101933 -2000 -2.12764e-06
0.1 -0.0113346 2000 4.89654 0.0113346 -2000 -2.0682e-06
0.105 -0.0125373 2000 5.41613 0.0125373 -2000 -2.05871e-06
0.11 -0.0138016 2000 5.9623 0.0138016 -2000 -2.09184e-06
0.115 -0.0151275 2000 6.53509 0.0151275 -2000 -2.16168e-06
0.12 -0.0165151 2000 7.13454 0.0165151 -2000 -2.26342e-06
0.125 -0.0179645 2000 7.76068 0.0179645 -2000 -2.39318e-06
0.13 -0.0194758 2000 8.41355 0.0194758 -2000 -2.54781e-06
0.135 -0.021049 2000 9.09316 0.021049 -2000 -2.72474e-06
0.14 -0.0226841 2000 9.79955 0.0226841 -2000 -2.92194e-06
0.145 -0.0243813 2000 10.5327 0.0243813 -2000 -3.13765e-06
0.15 -0.0261405 2000 11.2927 0.0261405 -2000 -3.36987e-06
0.155 -0.0279617 2000 12.0795 0.0279617 -2000 -3.61788e-06
0.16 -0.029845 2000 12.8931 0.029845 -2000 -3.88116e-06
0.165 -0.0317905 2000 13.7335 0.0317905 -2000 -4.15831e-06
0.17 -0.033798 2000 14.6008 0.033798 -2000 -4.44948e-06
0.175 -0.0358677 2000 15.4948 0.0358677 -2000 -4.75404e-06
0.18 -0.0379995 2000 16.4158 0.0379995 -2000 -5.0716e-06
0.185 -0.0401933 2000 17.3635 0.0401933 -2000 -5.40168e-06
0.19 -0.0424493 2000 18.3381 0.0424493 -2000 -5.74412e-06
0.195 -0.0447673 2000 19.3395 0.0447673 -2000 -6.0985e-06
0.2 -0.0471472 2000 20.3676 0.0471472 -2000 -6.46475e-06
0.205 -0.0495892 2000 21.4225 0.0495892 -2000 -6.84246e-06
0.21 -0.0520929 2000 22.5042 0.0520929 -2000 -7.23165e-06
0.215 -0.0546584 2000 23.6125 0.0546584 -2000 -7.63201e-06
0.22 -0.0572857 2000 24.7474 0.0572857 -2000 -8.04342e-06
0.225 -0.0599747 2000 25.9091 0.0599747 -2000 -8.46595e-06
0.23 -0.0627256 2000 27.0975 0.0627256 -2000 -8.89959e-06
0.235 -0.0655378 2000 28.3124 0.0655378 -2000 -9.344e-06
0.24 -0.0684113 2000 29.5537 0.0684113 -2000 -9.79868e-06
0.245 -0.0713458 2000 30.8214 0.0713458 -2000 -1.02635e-05
0.25 -0.0743417 2000 32.1156 0.0743417 -2000 -1.07387e-05
0.255 -0.0773987 2000 33.4363 0.0773987 -2000 -1.12244e-05
0.26 -0.0805168 2000 34.7833 0.0805168 -2000 -1.17205e-05
0.265 -0.0836957 2000 36.1565 0.0836957 -2000 -1.22265e-05
0.27 -0.0869353 2000 37.5561 0.0869353 -2000 -1.27426e-05
0.275 -0.0902356 2000 38.9818 0.0902356 -2000 -1.32685e-05
0.28 -0.0935963 2000 40.4336 0.0935963 -2000 -1.3804e-05
0.285 -0.0970172 2000 41.9115 0.0970172 -2000 -1.4349e-05
0.29 -0.100498 2000 43.4153 0.100498 -2000 -1.49033e-05
0.295 -0.104039 2000 44.9451 0.104039 -2000 -1.54672e-05
0.3 -0.107641 2000 46.5008 0.107641 -2000 -1.60406e-05
0.305 -0.111302 2000 48.0824 0.111302 -2000 -1.66234e-05
0.31 -0.115023 2000 49.6898 0.115023 -2000 -1.72154e-05
0.315 -0.118803 2000 51.3228 0.118803 -2000 -1.7816e-05
0.32 -0.122642 2000 52.9813 0.122642 -2000 -1.84252e-05
0.325 -0.12654 2000 54.6653 0.12654 -2000 -1.90425e-05
0.33 -0.130497 2000 56.3745 0.130497 -2000 -1.96678e-05
0.335 -0.134512 2000 58.1091 0.134512 -2000 -2.03012e-05
0.34 -0.138585 2000 59.8688 0.138585 -2000 -2.09425e-05
0.345 -0.142716 2000 61.6535 0.142716 -2000 -2.15914e-05
0.35 -0.146905 2000 63.4632 0.146905 -2000 -2.22476e-05
0.355 -0.151152 2000 65.2977 0.151152 -2000 -2.29109e-05
0.36 -0.155456 2000 67.157 0.155456 -2000 -2.35817e-05
0.365 -0.159817 2000 69.0411 0.159817 -2000 -2.42603e-05
0.37 -0.164236 2000 70.9499 0.164236 -2000 -2.49464e-05
0.375 -0.16871 2000 72.883 0.16871 -2000 -2.56386e-05
0.38 -0.173241 2000 74.8401 0.173241 -2000 -2.63362e-05
0.385 -0.177827 2000 76.8214 0.177827 -2000 -2.70393e-05
0.39 -0.182469 2000 78.8268 0.182469 -2000 -2.77487e-05
0.395 -0.187167 2000 80.8561 0.187167 -2000 -2.84643e-05
0.4 -0.19192 2000 82.9093 0.19192 -2000 -2.91859e-05
0.405 -0.196727 2000 84.9862 0.196727 -2000 -2.99137e-05
0.41 -0.20159 2000 87.0868 0.20159 -2000 -3.06479e-05
0.415 -0.206507 2000 89.211 0.206507 -2000 -3.13884e-05
0.42 -0.211478 2000 91.3585 0.211478 -2000 -3.2135e-05
0.425 -0.216503 2000 93.5292 0.216503 -2000 -3.28877e-05
0.43 -0.22158 2000 95.7228 0.22158 -2000 -3.36468e-05
0.435 -0.226711 2000 97.9392 0.226711 -2000 -3.44131e-05
0.44 -0.231894 2000 100.178 0.231894 -2000 -3.51881e-05
0.445 -0.237129 2000 102.44 0.237129 -2000 -3.59743e-05
0.45 -0.242417 2000 104.724 0.242417 -2000 -3.67754e-05
0.455 -0.247756 2000 107.03 0.247756 -2000 -3.7596e-05
0.46 -0.253145 2000 109.359 0.253145 -2000 -3.84417e-05
0.465 -0.258586 2000 111.709 0.258586 -2000 -3.93223e-05
0.47 -0.264077 2000 114.081 0.264077 -2000 -4.02464e-05
0.475 -0.269618 2000 116.475 0.269618 -2000 -4.12285e-05
0.48 -0.275208 2000 118.89 0.275208 -2000 -4.22792e-05
0.485 -0.280848 2000 121.326 0.280848 -2000 -4.34072e-05
0.49 -0.286537 2000 123.784 0.286537 -2000 -4.46162e-05
0.495 -0.292274 2000 126.262 0.292274 -2000 -4.58966e-05
0.5 -0.298059 2000 128.761 0.298059 -2000 -4.7229e-05
0.505 -0.303891 2000 131.281 0.303891 -2000 -4.85842e-05
0.51 -0.309771 2000 133.821 0.309771 -2000 -4.99319e-05
0.515 -0.315698 2000 136.381 0.315698 -2000 -5.12532e-05
0.52 -0.321671 2000 138.962 0.321671 -2000 -5.25488e-05
0.525 -0.32769 2000 141.562 0.32769 -2000 -5.38396e-05
0.53 -0.333755 2000 144.182 0.333755 -2000 -5.51592e-05
0.535 -0.339864 2000 146.822 0.339864 -2000 -5.65412e-05
0.54 -0.346018 2000 149.48 0.346018 -2000 -5.80054e-05
0.545 -0.352216 2000 152.158 0.352216 -2000 -5.95444e-05
0.55 -0.358458 2000 154.854 0.358458 -2000 -6.11174e-05
0.555 -0.364742 2000 157.569 0.364742 -2000 -6.26534e-05
0.56 -0.371068 2000 160.302 0.371068 -2000 -6.40659e-05
0.565 -0.377436 2000 163.053 0.377436 -2000 -6.52739e-05
0.57 -0.383846 2000 165.821 0.383846 -2000 -6.62208e-05
0.575 -0.390294 2000 168.607 0.390294 -2000 -6.68857e-05
0.58 -0.396782 2000 171.41 0.396782 -2000 -6.72839e-05
0.585 -0.403307 2000 174.229 0.403307 -2000 -6.74591e-05
0.59 -0.409869 2000 177.064 0.409869 -2000 -6.74725e-05
0.595 -0.416471 2000 179.915 0.416471 -2000 -6.73901e-05
0.6 -0.423112 2000 182.784 0.423112 -2000 -6.72708e-05
0.605 -0.429791 2000 185.67 0.429791 -2000 -6.71579e-05
0.61 -0.436508 2000 188.572 0.436508 -2000 -6.70789e-05
0.615 -0.443262 2000 191.489 0.443262 -2000 -6.7051e-05
0.62 -0.450053 2000 194.423 0.450053 -2000 -6.70869e-05
0.625 -0.45688 2000 197.372 0.45688 -2000 -6.71936e-05
0.63 -0.463744 2000 200.338 0.463744 -2000 -6.73703e-05
0.635 -0.470644 2000 203.318 0.470644 -2000 -6.7606e-05
0.64 -0.477578 2000 206.314 0.477578 -2000 -6.79003e-05
0.645 -0.484545 2000 209.324 0.484545 -2000 -6.82385e-05
0.65 -0.491547 2000 212.348 0.491547 -2000 -6.86224e-05
0.655 -0.498581 2000 215.387 0.498581 -2000 -6.90429e-05
0.66 -0.505647 2000 218.44 0.505647 -2000 -6.94923e-05
0.665 -0.512743 2000 221.505 0.512743 -2000 -6.99612e-05
0.67 -0.519868 2000 224.583 0.519868 -2000 -7.04476e-05
0.675 -0.527022 2000 227.673 0.527022 -2000 -7.0941e-05
0.68 -0.534206 2000 230.777 0.534206 -2000 -7.14464e-05
0.685 -0.541419 2000 233.893 0.541419 -2000 -7.19572e-05
0.69 -0.548661 2000 237.022 0.548661 -2000 -7.24682e-05
0.695 -0.555931 2000 240.162 0.555931 -2000 -7.29735e-05
0.7 -0.563227 2000 243.314 0.563227 -2000 -7.34717e-05
0.705 -0.57055 2000 246.478 0.57055 -2000 -7.39636e-05
0.71 -0.577899 2000 249.652 0.577899 -2000 -7.44483e-05
0.715 -0.585273 2000 252.838 0.585273 -2000 -7.49268e-05
0.72 -0.592673 2000 256.035 0.592673 -2000 -7.54026e-05
0.725 -0.600097 2000 259.242 0.600097 -2000 -7.5878e-05
0.73 -0.607544 2000 262.459 0.607544 -2000 -7.63528e-05
0.735 -0.615013 2000 265.686 0.615013 -2000 -7.68278e-05
0.74 -0.622504 2000 268.922 0.622504 -2000 -7.73051e-05
0.745 -0.630015 2000 272.167 0.630015 -2000 -7.77838e-05
0.75 -0.637544 2000 275.419 0.637544 -2000 -7.82587e-05
0.755 -0.645091 2000 278.679 0.645091 -2000 -7.87279e-05
0.76 -0.652655 2000 281.947 0.652655 -2000 -7.91949e-05
0.765 -0.660238 2000 285.223 0.660238 -2000 -7.96608e-05
0.77 -0.667837 2000 288.506 0.667837 -2000 -8.01218e-05
0.775 -0.675452 2000 291.796 0.675452 -2000 -8.05753e-05
0.78 -0.683085 2000 295.093 0.683085 -2000 -8.10229e-05
0.785 -0.690735 2000 298.398 0.690735 -2000 -8.14671e-05
0.79 -0.698402 2000 301.71 0.698402 -2000 -8.19057e-05
0.795 -0.706083 2000 305.028 0.706083 -2000 -8.2332e-05
0.8 -0.713778 2000 308.352 0.713778 -2000 -8.27406e-05
0.805 -0.721486 2000 311.682 0.721486 -2000 -8.31299e-05
0.81 -0.729205 2000 315.017 0.729205 -2000 -8.35006e-05
0.815 -0.736936 2000 318.357 0.736936 -2000 -8.38467e-05
0.82 -0.744678 2000 321.701 0.744678 -2000 -8.41687e-05
0.825 -0.752427 2000 325.049 0.752427 -2000 -8.44651e-05
0.83 -0.760185 2000 328.4 0.760185 -2000 -8.47318e-05
0.835 -0.767952 2000 331.755 0.767952 -2000 -8.49854e-05
0.84 -0.775729 2000 335.115 0.775729 -2000 -8.52293e-05
0.845 -0.783513 2000 338.478 0.783513 -2000 -8.54622e-05
0.85 -0.791303 2000 341.843 0.791303 -2000 -8.56777e-05
0.855 -0.7991 2000 345.211 0.7991 -2000 -8.58786e-05
0.86 -0.806905 2000 348.583 0.806905 -2000 -8.60721e-05
0.865 -0.814716 2000 351.957 0.814716 -2000 -8.62575e-05
0.87 -0.822532 2000 355.334 0.822532 -2000 -8.64284e-05
0.875 -0.830351 2000 358.712 0.830351 -2000 -8.65828e-05
0.88 -0.838173 2000 362.091 0.838173 -2000 -8.67202e-05
0.885 -0.845997 2000 365.471 0.845997 -2000 -8.68395e-05
0.89 -0.853823 2000 368.852 0.853823 -2000 -8.6942e-05
0.895 -0.861651 2000 372.234 0.861651 -2000 -8.70345e-05
0.9 -0.869482 2000 375.616 0.869482 -2000 -8.71191e-05
0.905 -0.877314 2000 379 0.877314 -2000 -8.7193e-05
0.91 -0.885146 2000 382.383 0.885146 -2000 -8.72521e-05
0.915 -0.892976 2000 385.766 0.892976 -2000 -8.72949e-05
0.92 -0.900804 2000 389.147 0.900804 -2000 -8.73214e-05
0.925 -0.908629 2000 392.528 0.908629 -2000 -8.73299e-05
0.93 -0.916449 2000 395.906 0.916449 -2000 -8.73183e-05
0.935 -0.924267 2000 399.283 0.924267 -2000 -8.72921e-05
0.94 -0.932081 2000 402.659 0.932081 -2000 -8.72584e-05
0.945 -0.939891 2000 406.033 0.939891 -2000 -8.7213e-05
0.95 -0.947693 2000 409.403 0.947693 -2000 -8.71466e-05
0.955 -0.955487 2000 412.771 0.955487 -2000 -8.70597e-05
0.96 -0.963275 2000 416.135 0.963275 -2000 -8.69657e-05
0.965 -0.971056 2000 419.496 0.971056 -2000 -8.68638e-05
0.97 -0.978828 2000 422.854 0.978828 -2000 -8.67522e-05
0.975 -0.98659 2000 426.207 0.98659 -2000 -8.66241e-05
0.98 -0.99434 2000 429.555 0.99434 -2000 -8.64722e-05
0.985 -1.00208 2000 432.897 1.00208 -2000 -8.62938e-05
0.99 -1.0098 2000 436.233 1.0098 -2000 -8.60912e-05
0.995 -1.0175 2000 439.561 1.0175 -2000 -8.58623e-05
1 -1.0252 2000 442.885 1.0252 -2000 -8.56195e-05
1.005 -1.03288 2000 446.202 1.03288 -2000 -8.53703e-05
1.01 -1.04054 2000 449.515 1.04054 -2000 -8.5116e-05
1.015 -1.0482 2000 452.821 1.0482 -2000 -8.48504e-05
1.02 -1.05583 2000 456.12 1.05583 -2000 -8.45721e-05
1.025 -1.06346 2000 459.413 1.06346 -2000 -8.42826e-05
1.03 -1.07106 2000 462.699 1.07106 -2000 -8.39811e-05
1.035 -1.07865 2000 465.977 1.07865 -2000 -8.36675e-05
1.04 -1.08622 2000 469.248 1.08622 -2000 -8.33417e-05
1.045 -1.09377 2000 472.51 1.09377 -2000 -8.29987e-05
1.05 -1.1013 2000 475.762 1.1013 -2000 -8.26308e-05
1.055 -1.1088 2000 479.003 1.1088 -2000 -8.22329e-05
1.06 -1.11628 2000 482.233 1.11628 -2000 -8.18076e-05
1.065 -1.12373 2000 485.454 1.12373 -2000 -8.13639e-05
1.07 -1.13116 2000 488.663 1.13116 -2000 -8.09054e-05
1.075 -1.13857 2000 491.86 1.13857 -2000 -8.04267e-05
1.08 -1.14594 2000 495.045 1.14594 -2000 -7.99259e-05
1.085 -1.15328 2000 498.218 1.15328 -2000 -7.94055e-05
1.09 -1.1606 2000 501.378 1.1606 -2000 -7.88685e-05
1.095 -1.16788 2000 504.526 1.16788 -2000 -7.83158e-05
1.1 -1.17514 2000 507.66 1.17514 -2000 -7.77478e-05
1.105 -1.18236 2000 510.781 1.18236 -2000 -7.71683e-05
1.11 -1.18956 2000 513.89 1.18956 -2000 -7.65855e-05
1.115 -1.19673 2000 516.986 1.19673 -2000 -7.6e-05
1.12 -1.20386 2000 520.068 1.20386 -2000 -7.54023e-05
1.125 -1.21096 2000 523.134 1.21096 -2000 -7.47817e-05
1.13 -1.21802 2000 526.185 1.21802 -2000 -7.41407e-05
1.135 -1.22505 2000 529.222 1.22505 -2000 -7.34943e-05
1.14 -1.23205 2000 532.246 1.23205 -2000 -7.28531e-05
1.145 -1.23902 2000 535.256 1.23902 -2000 -7.22123e-05
1.15 -1.24595 2000 538.25 1.24595 -2000 -7.15581e-05
1.155 -1.25284 2000 541.226 1.25284 -2000 -7.08816e-05
1.16 -1.25969 2000 544.186 1.25969 -2000 -7.01863e-05
1.165 -1.2665 2000 547.129 1.2665 -2000 -6.94806e-05
1.17 -1.27328 2000 550.056 1.27328 -2000 -6.8771e-05
1.175 -1.28002 2000 552.968 1.28002 -2000 -6.80616e-05
1.18 -1.28672 2000 555.863 1.28672 -2000 -6.73527e-05
1.185 -1.29338 2000 558.742 1.29338 -2000 -6.66387e-05
1.19 -1.30001 2000 561.602 1.30001 -2000 -6.5912e-05
1.195 -1.30658 2000 564.444 1.30658 -2000 -6.51681e-05
1.2 -1.31311 2000 567.266 1.31311 -2000 -6.44051e-05
1.205 -1.3196 2000 570.067 1.3196 -2000 -6.36223e-05
1.21 -1.32604 2000 572.848 1.32604 -2000 -6.28227e-05
1.215 -1.33243 2000 575.609 1.33243 -2000 -6.20113e-05
1.22 -1.33877 2000 578.35 1.33877 -2000 -6.11918e-05
1.225 -1.34507 2000 581.07 1.34507 -2000 -6.03642e-05
1.23 -1.35131 2000 583.768 1.35131 -2000 -5.95252e-05
1.235 -1.35751 2000 586.445 1.35751 -2000 -5.86747e-05
1.24 -1.36366 2000 589.102 1.36366 -2000 -5.78284e-05
1.245 -1.36978 2000 591.743 1.36978 -2000 -5.70094e-05
1.25 -1.37585 2000 594.368 1.37585 -2000 -5.62223e-05
1.255 -1.38188 2000 596.973 1.38188 -2000 -5.54436e-05
1.26 -1.38786 2000 599.555 1.38786 -2000 -5.46458e-05
1.265 -1.39378 2000 602.113 1.39378 -2000 -5.38199e-05
1.27 -1.39964 2000 604.646 1.39964 -2000 -5.29724e-05
1.275 -1.40546 2000 607.157 1.40546 -2000 -5.21136e-05
1.28 -1.41121 2000 609.644 1.41121 -2000 -5.12498e-05
1.285 -1.41692 2000 612.109 1.41692 -2000 -5.03829e-05
1.29 -1.42257 2000 614.549 1.42257 -2000 -4.95123e-05
1.295 -1.42816 2000 616.966 1.42816 -2000 -4.86384e-05
1.3 -1.4337 2000 619.36 1.4337 -2000 -4.77646e-05
1.305 -1.43919 2000 621.73 1.43919 -2000 -4.68957e-05
1.31 -1.44462 2000 624.077 1.44462 -2000 -4.60304e-05
1.315 -1.45 2000 626.398 1.45 -2000 -4.51616e-05
1.32 -1.45531 2000 628.694 1.45531 -2000 -4.42854e-05
1.325 -1.46056 2000 630.964 1.46056 -2000 -4.34037e-05
1.33 -1.46576 2000 633.209 1.46576 -2000 -4.25204e-05
1.335 -1.4709 2000 635.429 1.4709 -2000 -4.16431e-05
1.34 -1.47599 2000 637.626 1.47599 -2000 -4.07799e-05
1.345 -1.48101 2000 639.798 1.48101 -2000 -3.99282e-05
1.35 -1.48598 2000 641.944 1.48598 -2000 -3.90753e-05
1.355 -1.49088 2000 644.062 1.49088 -2000 -3.82126e-05
1.36 -1.49572 2000 646.152 1.49572 -2000 -3.73433e-05
1.365 -1.5005 2000 648.216 1.5005 -2000 -3.6474e-05
1.37 -1.50521 2000 650.252 1.50521 -2000 -3.56064e-05
1.375 -1.50986 2000 652.259 1.50986 -2000 -3.47383e-05
1.38 -1.51444 2000 654.237 1.51444 -2000 -3.38662e-05
1.385 -1.51895 2000 656.185 1.51895 -2000 -3.29888e-05
1.39 -1.52339 2000 658.104 1.52339 -2000 -3.21099e-05
1.395 -1.52776 2000 659.993 1.52776 -2000 -3.12335e-05
1.4 -1.53206 2000 661.852 1.53206 -2000 -3.03609e-05
1.405 -1.5363 2000 663.682 1.5363 -2000 -2.94941e-05
1.41 -1.54047 2000 665.482 1.54047 -2000 -2.86366e-05
1.415 -1.54457 2000 667.254 1.54457 -2000 -2.77908e-05
1.42 -1.5486 2000 668.996 1.5486 -2000 -2.6955e-05
1.425 -1.55256 2000 670.707 1.55256 -2000 -2.61261e-05
1.43 -1.55645 2000 672.388 1.55645 -2000 -2.53031e-05
1.435 -1.56027 2000 674.038 1.56027 -2000 -2.44861e-05
1.44 -1.56402 2000 675.656 1.56402 -2000 -2.3674e-05
1.445 -1.56769 2000 677.242 1.56769 -2000 -2.28672e-05
1.45 -1.57129 2000 678.797 1.57129 -2000 -2.20697e-05
1.455 -1.57482 2000 680.321 1.57482 -2000 -2.12838e-05
1.46 -1.57827 2000 681.812 1.57827 -2000 -2.05057e-05
1.465 -1.58164 2000 683.27 1.58164 -2000 -1.97326e-05
1.47 -1.58494 2000 684.696 1.58494 -2000 -1.89693e-05
1.475 -1.58818 2000 686.092 1.58818 -2000 -1.82253e-05
1.48 -1.59134 2000 687.458 1.59134 -2000 -1.75019e-05
1.485 -1.59443 2000 688.792 1.59443 -2000 -1.67919e-05
1.49 -1.59743 2000 690.091 1.59743 -2000 -1.60877e-05
1.495 -1.60036 2000 691.356 1.60036 -2000 -1.53877e-05
1.5 -1.60321 2000 692.587 1.60321 -2000 -1.46966e-05
1.505 -1.60598 2000 693.785 1.60598 -2000 -1.40195e-05
1.51 -1.60868 2000 694.949 1.60868 -2000 -1.33554e-05
1.515 -1.61129 2000 696.077 1.61129 -2000 -1.27002e-05
1.52 -1.61382 2000 697.171 1.61382 -2000 -1.20542e-05
1.525 -1.61627 2000 698.23 1.61627 -2000 -1.14232e-05
1.53 -1.61865 2000 699.259 1.61865 -2000 -1.08142e-05
1.535 -1.62096 2000 700.256 1.62096 -2000 -1.02287e-05
1.54 -1.62319 2000 701.22 1.62319 -2000 -9.66161e-06
1.545 -1.62534 2000 702.147 1.62534 -2000 -9.10444e-06
1.55 -1.6274 2000 703.037 1.6274 -2000 -8.55334e-06
1.555 -1.62937 2000 703.89 1.62937 -2000 -8.01222e-06
1.56 -1.63127 2000 704.707 1.63127 -2000 -7.48632e-06
1.565 -1.63308 2000 705.49 1.63308 -2000 -6.97867e-06
1.57 -1.63481 2000 706.237 1.63481 -2000 -6.48803e-06
1.575 -1.63645 2000 706.947 1.63645 -2000 -6.01242e-06
1.58 -1.63801 2000 707.619 1.63801 -2000 -5.55053e-06
1.585 -1.63947 2000 708.252 1.63947 -2000 -5.10284e-06
1.59 -1.64085 2000 708.846 1.64085 -2000 -4.66889e-06
1.595 -1.64213 2000 709.4 1.64213 -2000 -4.24991e-06
1.6 -1.64332 2000 709.916 1.64332 -2000 -3.84932e-06
1.605 -1.64444 2000 710.396 1.64444 -2000 -3.47101e-06
1.61 -1.64546 2000 710.84 1.64546 -2000 -3.11507e-06
1.615 -1.64641 2000 711.248 1.64641 -2000 -2.78047e-06
1.62 -1.64726 2000 711.617 1.64726 -2000 -2.46556e-06
1.625 -1.64803 2000 711.948 1.64803 -2000 -2.17058e-06
1.63 -1.64871 2000 712.241 1.64871 -2000 -1.89568e-06
1.635 -1.64929 2000 712.495 1.64929 -2000 -1.64136e-06
1.64 -1.64979 2000 712.709 1.64979 -2000 -1.40676e-06
1.645 -1.65019 2000 712.881 1.65019 -2000 -1.19181e-06
1.65 -1.65049 2000 713.011 1.65049 -2000 -9.97058e-07
1.655 -1.6507 2000 713.1 1.6507 -2000 -8.24338e-07
1.66 -1.65081 2000 713.152 1.65081 -2000 -6.74825e-07
1.665 -1.65084 2000 713.165 1.65084 -2000 -5.48631e-07
1.67 -1.65078 2000 713.136 1.65078 -2000 -2.65943e-05
1.675 -1.65061 2000 713.066 1.65061 -2000 -4.47337e-05
1.68 -1.65035 2000 712.952 1.65035 -2000 -3.62735e-05
1.685 -1.64998 2000 712.792 1.64998 -2000 -2.943e-05
1.69 -1.6495 2000 712.586 1.6495 -2000 -2.38628e-05
1.695 -1.64892 2000 712.333 1.64892 -2000 -1.93487e-05
1.7 -1.64823 2000 712.035 1.64823 -2000 -1.56886e-05
1.705 -1.64744 2000 711.693 1.64744 -2000 -1.27208e-05
1.71 -1.64654 2000 711.305 1.64654 -2000 -1.03145e-05
1.715 -1.64553 2000 710.871 1.64553 -2000 -8.3633e-06
1.72 -1.64441 2000 710.387 1.64441 -2000 -6.78124e-06
1.725 -1.64318 2000 709.852 1.64318 -2000 -5.49845e-06
1.73 -1.64182 2000 709.265 1.64182 -2000 -4.45832e-06
1.735 -1.64034 2000 708.627 1.64034 -2000 -3.61495e-06
1.74 -1.63875 2000 707.939 1.63875 -2000 -2.93112e-06
1.745 -1.63704 2000 707.202 1.63704 -2000 -2.37665e-06
1.75 -1.63522 2000 706.417 1.63522 -2000 -1.92706e-06
1.755 -1.63329 2000 705.581 1.63329 -2000 -1.56253e-06
1.76 -1.63124 2000 704.695 1.63124 -2000 -1.26695e-06
1.765 -1.62908 2000 703.761 1.62908 -2000 -1.02728e-06
1.77 -1.6268 2000 702.778 1.6268 -2000 -8.32952e-07
1.775 -1.62442 2000 701.748 1.62442 -2000 -6.75384e-07
1.78 -1.62192 2000 700.67 1.62192 -2000 -5.47623e-07
1.785 -1.61932 2000 699.544 1.61932 -2000 -4.44029e-07
1.79 -1.6166 2000 698.373 1.6166 -2000 -3.60034e-07
1.795 -1.61379 2000 697.156 1.61379 -2000 -2.91926e-07
1.8 -1.61086 2000 695.892 1.61086 -2000 -2.36702e-07
1.805 -1.60783 2000 694.581 1.60783 -2000 -1.91924e-07
1.81 -1.60468 2000 693.223 1.60468 -2000 -1.55618e-07
1.815 -1.60143 2000 691.816 1.60143 -2000 -1.26179e-07
1.82 -1.59805 2000 690.358 1.59805 -2000 -1.02309e-07
1.825 -1.59456 2000 688.851 1.59456 -2000 -8.29536e-08
1.83 -1.59096 2000 687.294 1.59096 -2000 -6.72607e-08
1.835 -1.58724 2000 685.69 1.58724 -2000 -5.45348e-08
1.84 -1.58342 2000 684.038 1.58342 -2000 -4.42163e-08
1.845 -1.57949 2000 682.339 1.57949 -2000 -3.58493e-08
1.85 -1.57544 2000 680.591 1.57544 -2000 -2.90658e-08
1.855 -1.57128 2000 678.793 1.57128 -2000 -2.35653e-08
1.86 -1.567 2000 676.946 1.567 -2000 -1.91063e-08
1.865 -1.56262 2000 675.052 1.56262 -2000 -1.54894e-08
1.87 -1.55813 2000 673.113 1.55813 -2000 -1.25573e-08
1.875 -1.55354 2000 671.128 1.55354 -2000 -1.01343e-08
1.88 -1.54883 2000 669.095 1.54883 -2000 -8.09037e-09
1.885 -1.54401 2000 667.014 1.54401 -2000 -6.39232e-09
1.89 -1.53908 2000 664.883 1.53908 -2000 -5.06848e-09
1.895 -1.53403 2000 662.702 1.53403 -2000 -4.06569e-09
1.9 -1.52887 2000 660.474 1.52887 -2000 -3.2865e-09
1.905 -1.52361 2000 658.199 1.52361 -2000 -2.64869e-09
1.91 -1.51823 2000 655.877 1.51823 -2000 -2.13606e-09
1.915 -1.51275 2000 653.509 1.51275 -2000 -1.73925e-09
1.92 -1.50717 2000 651.096 1.50717 -2000 -1.41378e-09
1.925 -1.50148 2000 648.639 1.50148 -2000 -1.1489e-09
1.93 -1.49569 2000 646.139 1.49569 -2000 -9.28995e-10
1.935 -1.48981 2000 643.596 1.48981 -2000 -7.39105e-10
1.94 -1.48382 2000 641.009 1.48382 -2000 -6.05014e-10
1.945 -1.47772 2000 638.373 1.47772 -2000 -4.84641e-10
1.95 -1.47151 2000 635.691 1.47151 -2000 -3.80556e-10
1.955 -1.4652 2000 632.965 1.4652 -2000 -2.94046e-10
1.96 -1.45878 2000 630.194 1.45878 -2000 -2.62794e-10
1.965 -1.45226 2000 627.376 1.45226 -2000 -2.32212e-10
1.97 -1.44562 2000 624.507 1.44562 -2000 -2.00446e-10
1.975 -1.43886 2000 621.589 1.43886 -2000 -1.72377e-10
1.98 -1.432 2000 618.622 1.432 -2000 -1.47447e-10
1.985 -1.42502 2000 615.607 1.42502 -2000 -1.27566e-10
1.99 -1.41792 2000 612.542 1.41792 -2000 -1.10545e-10
1.995 -1.41071 2000 609.425 1.41071 -2000 -9.79326e-11
2 -1.40338 2000 606.26 1.40338 -2000 2.16945e-11
2.005 -1.39596 2000 603.054 1.39596 -2000 1.08576e-10
2.01 -1.38845 2000 599.809 1.38845 -2000 5.43031e-11
2.015 -1.38084 2000 596.525 1.38084 -2000 1.23222e-11
2.02 -1.37314 2000 593.197 1.37314 -2000 2.10348e-11
2.025 -1.36533 2000 589.824 1.36533 -2000 3.53172e-11
2.03 -1.35743 2000 586.409 1.35743 -2000 6.11726e-11
2.035 -1.34942 2000 582.95 1.34942 -2000 7.81734e-11
2.04 -1.34131 2000 579.447 1.34131 -2000 2.2117e-11
2.045 -1.33311 2000 575.905 1.33311 -2000 -1.29e-11
2.05 -1.32483 2000 572.327 1.32483 -2000 6.43157e-11
2.055 -1.31646 2000 568.711 1.31646 -2000 1.22124e-10
2.06 -1.308 2000 565.056 1.308 -2000 2.43678e-11
2.065 -1.29945 2000 561.363 1.29945 -2000 -4.53692e-11
2.07 -1.29081 2000 557.629 1.29081 -2000 6.81237e-11
2.075 -1.28207 2000 553.854 1.28207 -2000 1.51945e-10
2.08 -1.27324 2000 550.038 1.27324 -2000 2.46658e-11
2.085 -1.26431 2000 546.183 1.26431 -2000 -6.47912e-11
2.09 -1.2553 2000 542.29 1.2553 -2000 7.25985e-11
2.095 -1.24621 2000 538.362 1.24621 -2000 1.74577e-10
2.1 -1.23703 2000 534.398 1.23703 -2000 2.80902e-11
2.105 -1.22776 2000 530.393 1.22776 -2000 -7.64652e-11
2.11 -1.21839 2000 526.343 1.21839 -2000 7.63677e-11
2.115 -1.20891 2000 522.249 1.20891 -2000 1.91631e-10
2.12 -1.19934 2000 518.113 1.19934 -2000 2.99175e-11
2.125 -1.18967 2000 513.937 1.18967 -2000 1.38033e-10
2.13 -1.1799 2000 509.718 1.1799 -2000 -9.15405e-11
2.135 -1.17003 2000 505.451 1.17003 -2000 -2.59348e-10
2.14 -1.16003 2000 501.134 1.16003 -2000 2.44316e-10
2.145 -1.14993 2000 496.77 1.14993 -2000 6.05872e-10
2.15 -1.13973 2000 492.364 1.13973 -2000 -2.31925e-10
2.155 -1.12944 2000 487.917 1.12944 -2000 -7.21508e-10
2.16 -1.11905 2000 483.428 1.11905 -2000 5.76451e-06
2.165 -1.10856 2000 478.898 1.10856 -2000 1.95943e-05
2.17 -1.09798 2000 474.329 1.09798 -2000 5.1335e-06
2.175 -1.08732 2000 469.723 1.08732 -2000 -3.5035e-06
2.18 -1.07657 2000 465.08 1.07657 -2000 -1.5282e-06
2.185 -1.06574 2000 460.401 1.06574 -2000 8.8208e-06
2.19 -1.05482 2000 455.683 1.05482 -2000 8.33813e-06
2.195 -1.04381 2000 450.927 1.04381 -2000 3.92969e-06
2.2 -1.03272 2000 446.137 1.03272 -2000 3.18721e-06
2.205 -1.02157 2000 441.316 1.02157 -2000 2.58521e-06
2.21 -1.01033 2000 436.463 1.01033 -2000 2.0971e-06
2.215 -0.999008 2000 431.572 0.999008 -2000 1.70136e-06
2.22 -0.987597 2000 426.642 0.987597 -2000 1.38052e-06
2.225 -0.976117 2000 421.682 0.976117 -2000 1.12042e-06
2.23 -0.964576 2000 416.697 0.964576 -2000 9.09564e-07
2.235 -0.952965 2000 411.681 0.952965 -2000 7.38661e-07
2.24 -0.941272 2000 406.63 0.941272 -2000 6.00171e-07
2.245 -0.929495 2000 401.542 0.929495 -2000 4.87988e-07
2.25 -0.917639 2000 396.42 0.917639 -2000 3.97166e-07
2.255 -0.905701 2000 391.263 0.905701 -2000 3.23704e-07
2.26 -0.893676 2000 386.068 0.893676 -2000 2.64374e-07
2.265 -0.881564 2000 380.836 0.881564 -2000 2.16575e-07
2.27 -0.869379 2000 375.572 0.869379 -2000 1.78214e-07
2.275 -0.857127 2000 370.279 0.857127 -2000 1.47619e-07
2.28 -0.844806 2000 364.956 0.844806 -2000 1.23472e-07
2.285 -0.832402 2000 359.598 0.832402 -2000 1.04757e-07
2.29 -0.819908 2000 354.2 0.819908 -2000 9.07118e-08
2.295 -0.807328 2000 348.765 0.807328 -2000 8.07908e-08
2.3 -0.794671 2000 343.298 0.794671 -2000 7.46318e-08
2.305 -0.781951 2000 337.803 0.781951 -2000 7.20506e-08
2.31 -0.769177 2000 332.285 0.769177 -2000 7.30322e-08
2.315 -0.756346 2000 326.742 0.756346 -2000 7.77581e-08
2.32 -0.743455 2000 321.173 0.743455 -2000 8.66189e-08
2.325 -0.730507 2000 315.579 0.730507 -2000 1.00209e-07
2.33 -0.717499 2000 309.959 0.717499 -2000 1.19369e-07
2.335 -0.704419 2000 304.309 0.704419 -2000 1.45297e-07
2.34 -0.691263 2000 298.626 0.691263 -2000 1.7964e-07
2.345 -0.678045 2000 292.915 0.678045 -2000 2.24092e-07
2.35 -0.664776 2000 287.183 0.664776 -2000 2.81149e-07
2.355 -0.651453 2000 281.428 0.651453 -2000 3.53762e-07
2.36 -0.638067 2000 275.645 0.638067 -2000 4.45668e-07
2.365 -0.624615 2000 269.833 0.624615 -2000 5.61964e-07
2.37 -0.611094 2000 263.992 0.611094 -2000 4.74525e-05
2.375 -0.597501 2000 258.12 0.597501 -2000 1.60932e-05
2.38 -0.583835 2000 252.217 0.583835 -2000 -9.63768e-05
2.385 -0.570108 2000 246.287 0.570108 -2000 -7.76338e-05
2.39 -0.556331 2000 240.335 0.556331 -2000 -6.23099e-05
2.395 -0.542504 2000 234.362 0.542504 -2000 -4.97287e-05
2.4 -0.528619 2000 228.364 0.528619 -2000 -3.93337e-05
2.405 -0.514665 2000 222.335 0.514665 -2000 -3.0664e-05
2.41 -0.500637 2000 216.275 0.500637 -2000 -2.33352e-05
2.415 -0.486542 2000 210.186 0.486542 -2000 -1.70238e-05
2.42 -0.472397 2000 204.075 0.472397 -2000 -1.14567e-05
2.425 -0.458217 2000 197.95 0.458217 -2000 -6.39837e-06
2.43 -0.444 2000 191.808 0.444 -2000 -1.63537e-06
2.435 -0.429734 2000 185.645 0.429734 -2000 3.03669e-06
2.44 -0.415411 2000 179.457 0.415411 -2000 7.81768e-06
2.445 -0.401024 2000 173.243 0.401024 -2000 1.29067e-05
2.45 -0.386577 2000 167.001 0.386577 -2000 6.55956e-05
2.455 -0.372084 2000 160.74 0.372084 -2000 -8.31366e-05
2.46 -0.357553 2000 154.463 0.357553 -2000 -0.000380114
2.465 -0.342987 2000 148.171 0.342987 -2000 -0.000185767
2.47 -0.328375 2000 141.858 0.328375 -2000 -0.000121363
2.475 -0.313712 2000 135.524 0.313712 -2000 -7.69656e-05
2.48 -0.298997 2000 129.167 0.298997 -2000 -3.65553e-05
2.485 -0.284234 2000 122.789 0.284234 -2000 1.45444e-06
2.49 -0.269423 2000 116.391 0.269423 -2000 3.84676e-05
2.495 -0.254573 2000 109.975 0.254573 -2000 0.000427518
2.5 -0.239689 2000 103.545 0.239689 -2000 0.000442636
2.505 -0.224765 2000 97.098 0.224765 -2000 0.000422452
2.51 -0.209797 2000 90.6318 0.209797 -2000 0.000417566
2.515 -0.194785 2000 84.1468 0.194785 -2000 0.000426783
2.52 -0.179737 2000 77.6459 0.179737 -2000 0.000461148
2.525 -0.164681 2000 71.1417 0.164681 -2000 0.000538289
2.53 -0.14961 2000 64.6312 0.14961 -2000 0.000201035
2.535 -0.134534 2000 58.1182 0.134534 -2000 0.000559242
2.54 -0.119454 2000 51.6028 0.119454 -2000 0.00128215
2.545 -0.104365 2000 45.0842 0.104365 -2000 0.00136358
2.55 -0.0892318 2000 38.5468 0.0892318 -2000 0.00133995
2.555 -0.0740817 2000 32.0012 0.0740817 -2000 0.00206069
2.56 -0.0589182 2000 25.4506 0.0589182 -2000 0.00205907
2.565 -0.0437804 2000 18.9104 0.0437804 -2000 0.00274908
2.57 -0.0286832 2000 12.388 0.0286832 -2000 0.00314856
2.575 -0.0135912 2000 5.8684 0.0135912 -2000 0.00299854
2.58 0.00151684 2000 -0.658471 -0.00151684 -2000 0.00319852
2.585 0.0165951 2000 -7.17227 -0.0165951 -2000 0.00319174
2.59 0.0316851 2000 -13.6909 -0.0316851 -2000 0.00296041
2.595 0.0466673 2000 -20.1638 -0.0466673 -2000 0.00356549
2.6 0.0615669 1999.99 -26.6009 -0.0615669 -1999.99 0.00403809
2.605 0.0762716 1999.99 -32.9537 -0.0762716 -1999.99 0.00437444
2.61 0.0906594 1999.99 -39.1695 -0.0906594 -1999.99 0.00465714
2.615 0.104777 1999.99 -45.2691 -0.104777 -1999.99 0.00543536
2.62 0.118897 1999.99 -51.3681 -0.118897 -1999.99 0.00463475
2.625 0.133019 1999.99 -57.468 -0.133019 -1999.99 0.00390596
2.63 0.147135 1999.99 -63.5655 -0.147135 -1999.99 0.00323994
2.635 0.16124 1999.99 -69.6582 -0.16124 -1999.99 0.00262556
2.64 0.175338 2000 -75.748 -0.175338 -2000 0.00206362
2.645 0.189437 2000 -81.8384 -0.189437 -2000 0.00155644
2.65 0.203544 2000 -87.9322 -0.203544 -2000 0.00110145
2.655 0.217659 2000 -94.0295 -0.217659 -2000 0.000698219
2.66 0.231773 2000 -100.126 -0.231773 -2000 0.000347617
2.665 0.245873 2000 -106.217 -0.245873 -2000 5.0104e-05
2.67 0.259959 2000 -112.302 -0.259959 -2000 -0.000195213
2.675 0.274036 2000 -118.383 -0.274036 -2000 -0.000390795
2.68 0.288115 2000 -124.465 -0.288115 -2000 -0.000540398
2.685 0.302192 2000 -130.546 -0.302192 -2000 -0.000648426
2.69 0.316267 2000 -136.627 -0.316267 -2000 -0.000719605
2.695 0.33035 2000 -142.711 -0.33035 -2000 -0.000759174
2.7 0.344449 2000 -148.801 -0.344449 -2000 -0.00077243
2.705 0.358558 2000 -154.896 -0.358558 -2000 -0.000764125
2.71 0.372661 2000 -160.989 -0.372661 -2000 -0.000738536
2.715 0.386747 2000 -167.074 -0.386747 -2000 -0.000699619
2.72 0.400813 2000 -173.151 -0.400813 -2000 -0.000651024
2.725 0.414883 2000 -179.229 -0.414883 -2000 -0.000596107
2.73 0.428981 2000 -185.319 -0.428981 -2000 -0.000537661
2.735 0.443106 2000 -191.421 -0.443106 -2000 -0.000477682
2.74 0.457237 2000 -197.526 -0.457237 -2000 -0.000417608
2.745 0.471363 2000 -203.628 -0.471363 -2000 -0.000358619
2.75 0.485491 2000 -209.732 -0.485491 -2000 -0.000301684
2.755 0.499635 2000 -215.842 -0.499635 -2000 -0.000247494
2.76 0.513801 2000 -221.962 -0.513801 -2000 -0.000196469
2.765 0.527983 2000 -228.088 -0.527983 -2000 -0.000148844
2.77 0.542162 2000 -234.214 -0.542162 -2000 -0.000104757
2.775 0.556327 2000 -240.333 -0.556327 -2000 -6.42684e-05
2.78 0.570471 2000 -246.444 -0.570471 -2000 -2.73528e-05
2.785 0.584589 2000 -252.542 -0.584589 -2000 6.08219e-06
2.79 0.598679 2000 -258.629 -0.598679 -2000 3.61864e-05
2.795 0.612753 2000 -264.709 -0.612753 -2000 6.31936e-05
2.8 0.626815 2000 -270.784 -0.626815 -2000 8.73666e-05
2.805 0.640859 2000 -276.851 -0.640859 -2000 0.000108912
2.81 0.654883 2000 -282.909 -0.654883 -2000 0.000128028
2.815 0.668897 2000 -288.964 -0.668897 -2000 0.000144973
2.82 0.68291 2000 -295.017 -0.68291 -2000 0.000160016
2.825 0.696921 2000 -301.07 -0.696921 -2000 0.000173363
2.83 0.710922 2000 -307.118 -0.710922 -2000 0.000185151
2.835 0.724901 2000 -313.158 -0.724901 -2000 0.000195474
2.84 0.738859 2000 -319.187 -0.738859 -2000 0.000204461
2.845 0.752809 2000 -325.214 -0.752809 -2000 0.000212322
2.85 0.766756 2000 -331.239 -0.766756 -2000 0.000219253
2.855 0.780686 2000 -337.257 -0.780686 -2000 0.000225313
2.86 0.794583 2000 -343.26 -0.794583 -2000 0.00023048
2.865 0.808452 2000 -349.252 -0.808452 -2000 0.000234819
2.87 0.8223 2000 -355.234 -0.8223 -2000 0.000238513
2.875 0.836123 2000 -361.205 -0.836123 -2000 0.000241628
2.88 0.849917 2000 -367.165 -0.849917 -2000 0.000244223
2.885 0.863686 2000 -373.112 -0.863686 -2000 0.000246362
2.89 0.877429 2000 -379.05 -0.877429 -2000 0.00024812
2.895 0.891146 2000 -384.975 -0.891146 -2000 0.000249517
2.9 0.904831 2000 -390.887 -0.904831 -2000 0.000250599
2.905 0.918485 2000 -396.786 -0.918485 -2000 0.000251387
2.91 0.932113 2000 -402.673 -0.932113 -2000 0.000251951
2.915 0.945721 2000 -408.552 -0.945721 -2000 0.000252361
2.92 0.959308 2000 -414.421 -0.959308 -2000 0.000252641
2.925 0.972867 2000 -420.279 -0.972867 -2000 0.000252776
2.93 0.986397 2000 -426.124 -0.986397 -2000 0.000252757
2.935 0.999898 2000 -431.956 -0.999898 -2000 0.000252605
2.94 1.01336 2000 -437.773 -1.01336 -2000 0.000252313
2.945 1.02678 2000 -443.571 -1.02678 -2000 0.00025184
2.95 1.04017 2000 -449.352 -1.04017 -2000 0.000251213
2.955 1.05353 2000 -455.123 -1.05353 -2000 0.000250544
2.96 1.06686 2000 -460.884 -1.06686 -2000 0.000249884
2.965 1.08016 2000 -466.629 -1.08016 -2000 0.000249168
2.97 1.09341 2000 -472.355 -1.09341 -2000 0.000248326
2.975 1.10663 2000 -478.064 -1.10663 -2000 0.000247382
2.98 1.11981 2000 -483.757 -1.11981 -2000 0.000246385
2.985 1.13295 2000 -489.433 -1.13295 -2000 0.000245332
2.99 1.14603 2000 -495.087 -1.14603 -2000 0.000244184
2.995 1.15907 2000 -500.716 -1.15907 -2000 0.000242919
3 1.17203 2000 -506.316 -1.17203 -2000 0.000241473
3.005 1.18493 2000 -511.89 -1.18493 -2000 0.000239899
3.01 1.19779 2000 -517.445 -1.19779 -2000 0.000238302
3.015 1.21061 2000 -522.985 -1.21061 -2000 0.000236783
3.02 1.22339 2000 -528.505 -1.22339 -2000 0.000235287
3.025 1.23611 2000 -533.999 -1.23611 -2000 0.000233726
3.03 1.24876 2000 -539.463 -1.24876 -2000 0.00023203
3.035 1.26134 2000 -544.898 -1.26134 -2000 0.000230214
3.04 1.27386 2000 -550.308 -1.27386 -2000 0.000228343
3.045 1.28634 2000 -555.699 -1.28634 -2000 0.000226514
3.05 1.29878 2000 -561.073 -1.29878 -2000 0.000224776
3.055 1.31118 2000 -566.43 -1.31118 -2000 0.000223119
3.06 1.32353 2000 -571.767 -1.32353 -2000 0.000221495
3.065 1.33584 2000 -577.082 -1.33584 -2000 0.000219869
3.07 1.3481 2000 -582.377 -1.3481 -2000 0.000218249
3.075 1.36031 2000 -587.654 -1.36031 -2000 0.000216657
3.08 1.37247 2000 -592.907 -1.37247 -2000 0.000215053
3.085 1.38456 2000 -598.132 -1.38456 -2000 0.000213368
3.09 1.3966 2000 -603.33 -1.3966 -2000 0.000211598
3.095 1.40857 2000 -608.503 -1.40857 -2000 0.000209792
3.1 1.42048 2000 -613.649 -1.42048 -2000 0.000207946
3.105 1.43233 2000 -618.766 -1.43233 -2000 0.000206039
3.11 1.44411 2000 -623.857 -1.44411 -2000 0.000204107
3.115 1.45584 2000 -628.925 -1.45584 -2000 0.000202202
3.12 1.46752 2000 -633.969 -1.46752 -2000 0.000200324
3.125 1.47914 2000 -638.99 -1.47914 -2000 0.000198466
3.13 1.49071 2000 -643.989 -1.49071 -2000 0.00019665
3.135 1.50224 2000 -648.966 -1.50224 -2000 0.000194875
3.14 1.5137 2000 -653.919 -1.5137 -2000 0.000193114
3.145 1.52511 2000 -658.847 -1.52511 -2000 0.000191337
3.15 1.53646 2000 -663.749 -1.53646 -2000 0.000189549
3.155 1.54774 2000 -668.624 -1.54774 -2000 0.000187737
3.16 1.55895 2000 -673.467 -1.55895 -2000 0.000185852
3.165 1.57009 2000 -678.278 -1.57009 -2000 0.000183881
3.17 1.58116 2000 -683.061 -1.58116 -2000 0.00018188
3.175 1.59218 2000 -687.821 -1.59218 -2000 0.000179927
3.18 1.60315 2000 -692.563 -1.60315 -2000 0.000178076
3.185 1.61408 2000 -697.282 -1.61408 -2000 0.0001763
3.19 1.62494 2000 -701.974 -1.62494 -2000 0.000174526
3.195 1.63574 2000 -706.638 -1.63574 -2000 0.00017272
3.2 1.64646 2000 -711.272 -1.64646 -2000 0.000170872
3.205 1.65713 2000 -715.878 -1.65713 -2000 0.000168995
3.21 1.66774 2000 -720.465 -1.66774 -2000 0.000167174
3.215 1.67832 2000 -725.036 -1.67832 -2000 0.000165488
3.22 1.68886 2000 -729.586 -1.68886 -2000 0.000163881
3.225 1.6993 2000 -734.098 -1.6993 -2000 0.000162177
3.23 1.70964 2000 -738.566 -1.70964 -2000 0.000160256
3.235 1.7199 2000 -742.999 -1.7199 -2000 0.0001582
3.24 1.73011 2000 -747.407 -1.73011 -2000 0.000156172
3.245 1.74025 2000 -751.789 -1.74025 -2000 0.000154219
3.25 1.75032 2000 -756.14 -1.75032 -2000 0.000152277
3.255 1.76033 2000 -760.463 -1.76033 -2000 0.000150339
3.26 1.77029 2000 -764.765 -1.77029 -2000 0.000148477
3.265 1.78018 2000 -769.04 -1.78018 -2000 0.000146675
3.27 1.79 2000 -773.279 -1.79 -2000 0.000144819
3.275 1.79973 2000 -777.483 -1.79973 -2000 0.000142879
3.28 1.80939 2000 -781.656 -1.80939 -2000 0.000140923
3.285 1.81897 2000 -785.796 -1.81897 -2000 0.000138963
3.29 1.82848 2000 -789.903 -1.82848 -2000 0.000136979
3.295 1.83792 2000 -793.982 -1.83792 -2000 0.000135015
3.3 1.84731 2000 -798.037 -1.84731 -2000 0.000133131
3.305 1.85663 2000 -802.065 -1.85663 -2000 0.000131313
3.31 1.86589 2000 -806.064 -1.86589 -2000 0.000129512
3.315 1.87507 2000 -810.032 -1.87507 -2000 0.000127711
3.32 1.88419 2000 -813.969 -1.88419 -2000 0.000125907
3.325 1.89322 2000 -817.872 -1.89322 -2000 0.000124073
3.33 1.90217 2000 -821.739 -1.90217 -2000 0.000122187
3.335 1.91105 2000 -825.572 -1.91105 -2000 0.000120275
3.34 1.91984 2000 -829.373 -1.91984 -2000 0.000118375
3.345 1.92857 2000 -833.141 -1.92857 -2000 0.000116483
3.35 1.93721 2000 -836.874 -1.93721 -2000 0.000114581
3.355 1.94577 2000 -840.573 -1.94577 -2000 0.000112669
3.36 1.95425 2000 -844.235 -1.95425 -2000 0.000110744
3.365 1.96263 2000 -847.857 -1.96263 -2000 0.000108778
3.37 1.97093 2000 -851.44 -1.97093 -2000 0.000106776
3.375 1.97914 2000 -854.988 -1.97914 -2000 0.00010478
3.38 1.98728 2000 -858.504 -1.98728 -2000 0.000102825
3.385 1.99534 2000 -861.987 -1.99534 -2000 0.000100915
3.39 2.00333 2000 -865.437 -2.00333 -2000 9.90408e-05
3.395 2.01124 2000 -868.855 -2.01124 -2000 9.71963e-05
3.4 2.01907 2000 -872.236 -2.01907 -2000 9.53665e-05
3.405 2.0268 2000 -875.578 -2.0268 -2000 9.3516e-05
3.41 2.03443 2000 -878.875 -2.03443 -2000 9.16024e-05
3.415 2.04196 2000 -882.125 -2.04196 -2000 8.96138e-05
3.42 2.04939 2000 -885.335 -2.04939 -2000 8.76022e-05
3.425 2.05674 2000 -888.513 -2.05674 -2000 8.56472e-05
3.43 2.06402 2000 -891.658 -2.06402 -2000 8.37748e-05
3.435 2.07122 2000 -894.768 -2.07122 -2000 8.19476e-05
3.44 2.07833 2000 -897.838 -2.07833 -2000 8.01281e-05
3.445 2.08535 2000 -900.872 -2.08535 -2000 7.83186e-05
3.45 2.09229 2000 -903.87 -2.09229 -2000 7.65404e-05
3.455 2.09915 2000 -906.834 -2.09915 -2000 7.48049e-05
3.46 2.10593 2000 -909.763 -2.10593 -2000 7.31043e-05
3.465 2.11262 2000 -912.651 -2.11262 -2000 7.14034e-05
3.47 2.1192 2000 -915.494 -2.1192 -2000 6.96612e-05
3.475 2.12568 2000 -918.295 -2.12568 -2000 6.78908e-05
3.48 2.13209 2000 -921.061 -2.13209 -2000 6.61572e-05
3.485 2.13842 2000 -923.797 -2.13842 -2000 6.45013e-05
3.49 2.14467 2000 -926.499 -2.14467 -2000 6.29051e-05
3.495 2.15084 2000 -929.163 -2.15084 -2000 6.13278e-05
3.5 2.15692 2000 -931.789 -2.15692 -2000 5.97574e-05
3.505 2.16292 2000 -934.38 -2.16292 -2000 5.8214e-05
3.51 2.16884 2000 -936.937 -2.16884 -2000 5.67085e-05
3.515 2.17467 2000 -939.459 -2.17467 -2000 5.52305e-05
3.52 2.18043 2000 -941.946 -2.18043 -2000 5.37782e-05
3.525 2.18611 2000 -944.398 -2.18611 -2000 5.23567e-05
3.53 2.1917 2000 -946.814 -2.1917 -2000 5.09515e-05
3.535 2.19719 2000 -949.187 -2.19719 -2000 4.98167e-05
3.54 2.20259 2000 -951.521 -2.20259 -2000 4.85593e-05
3.545 2.20792 2000 -953.82 -2.20792 -2000 4.70712e-05
3.55 2.21316 2000 -956.087 -2.21316 -2000 4.56503e-05
3.555 2.21833 2000 -958.318 -2.21833 -2000 4.42719e-05
3.56 2.2234 2000 -960.507 -2.2234 -2000 4.37178e-05
3.565 2.22837 2000 -962.656 -2.22837 -2000 4.28509e-05
3.57 2.23326 2000 -964.767 -2.23326 -2000 4.12521e-05
3.575 2.23805 2000 -966.838 -2.23805 -2000 3.97232e-05
3.58 2.24274 2000 -968.862 -2.24274 -2000 3.82196e-05
3.585 2.2473 2000 -970.835 -2.2473 -2000 3.67088e-05
3.59 2.25175 2000 -972.758 -2.25175 -2000 3.51998e-05
3.595 2.25609 2000 -974.633 -2.25609 -2000 3.37062e-05
3.6 2.26033 2000 -976.461 -2.26033 -2000 3.2239e-05
3.605 2.26446 2000 -978.247 -2.26446 -2000 3.08203e-05
3.61 2.26851 2000 -979.995 -2.26851 -2000 2.94681e-05
3.615 2.27247 2000 -981.705 -2.27247 -2000 2.81827e-05
3.62 2.27634 2000 -983.377 -2.27634 -2000 2.69522e-05
3.625 2.2801 2000 -985.005 -2.2801 -2000 2.59351e-05
3.63 2.28376 2000 -986.586 -2.28376 -2000 2.48355e-05
3.635 2.28732 2000 -988.121 -2.28732 -2000 2.36119e-05
3.64 2.29077 2000 -989.612 -2.29077 -2000 2.2423e-05
3.645 2.29413 2000 -991.066 -2.29413 -2000 2.12869e-05
3.65 2.29742 2000 -992.484 -2.29742 -2000 2.02172e-05
3.655 2.30062 2000 -993.867 -2.30062 -2000 1.92051e-05
3.66 2.30372 2000 -995.205 -2.30372 -2000 1.82229e-05
3.665 2.3067 2000 -996.496 -2.3067 -2000 1.7249e-05
3.67 2.30958 2000 -997.741 -2.30958 -2000 1.62837e-05
3.675 2.31236 2000 -998.938 -2.31236 -2000 1.53351e-05
3.68 2.31503 2000 -1000.09 -2.31503 -2000 1.4409e-05
3.685 2.3176 2000 -1001.2 -2.3176 -2000 1.35146e-05
3.69 2.32008 2000 -1002.27 -2.32008 -2000 1.2661e-05
3.695 2.32247 2000 -1003.31 -2.32247 -2000 1.18499e-05
3.7 2.32477 2000 -1004.3 -2.32477 -2000 1.10766e-05
3.705 2.32697 2000 -1005.25 -2.32697 -2000 1.03332e-05
3.71 2.32907 2000 -1006.16 -2.32907 -2000 9.61308e-06
3.715 2.33108 2000 -1007.03 -2.33108 -2000 8.91797e-06
3.72 2.33299 2000 -1007.85 -2.33299 -2000 8.25434e-06
3.725 2.33482 2000 -1008.64 -2.33482 -2000 7.62397e-06
3.73 2.33654 2000 -1009.39 -2.33654 -2000 7.02084e-06
3.735 2.33816 2000 -1010.09 -2.33816 -2000 6.43646e-06
3.74 2.33968 2000 -1010.74 -2.33968 -2000 5.86952e-06
3.745 2.34109 2000 -1011.35 -2.34109 -2000 5.32779e-06
3.75 2.34242 2000 -1011.92 -2.34242 -2000 4.81794e-06
3.755 2.34365 2000 -1012.46 -2.34365 -2000 4.34052e-06
3.76 2.34479 2000 -1012.95 -2.34479 -2000 3.89361e-06
3.765 2.34584 2000 -1013.4 -2.34584 -2000 3.47604e-06
3.77 2.34681 2000 -1013.82 -2.34681 -2000 3.08634e-06
3.775 2.34767 2000 -1014.19 -2.34767 -2000 2.72176e-06
3.78 2.34843 2000 -1014.52 -2.34843 -2000 2.38093e-06
3.785 2.3491 2000 -1014.81 -2.3491 -2000 2.06432e-06
3.79 2.34967 2000 -1015.06 -2.34967 -2000 1.77336e-06
3.795 2.35013 2000 -1015.26 -2.35013 -2000 1.50743e-06
3.8 2.3505 2000 -1015.42 -2.3505 -2000 1.26753e-06
3.805 2.35078 2000 -1015.54 -2.35078 -2000 1.05472e-06
3.81 2.35097 2000 -1015.62 -2.35097 -2000 8.69256e-07
3.815 2.35106 2000 -1015.66 -2.35106 -2000 7.09555e-07
3.82 2.35102 2000 -1015.64 -2.35102 -2000 2.27108e-05
3.825 2.35084 2000 -1015.56 -2.35084 -2000 4.81452e-05
3.83 2.35054 2000 -1015.43 -2.35054 -2000 3.9034e-05
3.835 2.35012 2000 -1015.25 -2.35012 -2000 3.16501e-05
3.84 2.34959 2000 -1015.02 -2.34959 -2000 2.56629e-05
3.845 2.34894 2000 -1014.74 -2.34894 -2000 2.08083e-05
3.85 2.34818 2000 -1014.41 -2.34818 -2000 1.68721e-05
3.855 2.3473 2000 -1014.03 -2.3473 -2000 1.36804e-05
3.86 2.34631 2000 -1013.6 -2.34631 -2000 1.10925e-05
3.865 2.3452 2000 -1013.13 -2.3452 -2000 8.9942e-06
3.87 2.34398 2000 -1012.6 -2.34398 -2000 7.29279e-06
3.875 2.34263 2000 -1012.02 -2.34263 -2000 5.91323e-06
3.88 2.34116 2000 -1011.38 -2.34116 -2000 4.79464e-06
3.885 2.33958 2000 -1010.7 -2.33958 -2000 3.88765e-06
3.89 2.33789 2000 -1009.97 -2.33789 -2000 3.26667e-06
3.895 2.33609 2000 -1009.19 -2.33609 -2000 2.73601e-06
3.9 2.33418 2000 -1008.37 -2.33418 -2000 2.21844e-06
3.905 2.33219 2000 -1007.51 -2.33219 -2000 1.79879e-06
3.91 2.33012 2000 -1006.61 -2.33012 -2000 1.45851e-06
3.915 2.32794 2000 -1005.67 -2.32794 -2000 1.18261e-06
3.92 2.32567 2000 -1004.69 -2.32567 -2000 9.58899e-07
3.925 2.3233 2000 -1003.67 -2.3233 -2000 7.77505e-07
3.93 2.32083 2000 -1002.6 -2.32083 -2000 6.30426e-07
3.935 2.31827 2000 -1001.49 -2.31827 -2000 5.11169e-07
3.94 2.31561 2000 -1000.35 -2.31561 -2000 4.14471e-07
3.945 2.31287 2000 -999.161 -2.31287 -2000 3.36065e-07
3.95 2.31003 2000 -997.935 -2.31003 -2000 2.72492e-07
3.955 2.30708 2000 -996.659 -2.30708 -2000 2.20945e-07
3.96 2.30401 2000 -995.334 -2.30401 -2000 1.79147e-07
3.965 2.30084 2000 -993.964 -2.30084 -2000 1.45257e-07
3.97 2.29757 2000 -992.549 -2.29757 -2000 1.17778e-07
3.975 2.29418 2000 -991.086 -2.29418 -2000 9.54973e-08
3.98 2.29067 2000 -989.569 -2.29067 -2000 7.74307e-08
3.985 2.28704 2000 -988.001 -2.28704 -2000 6.27816e-08
3.99 2.2833 2000 -986.384 -2.2833 -2000 5.09041e-08
3.995 2.27944 2000 -984.717 -2.27944 -2000 4.12725e-08
4 2.27545 2000 -982.993 -2.27545 -2000 3.34627e-08
4.005 2.27133 2000 -981.213 -2.27133 -2000 2.7131e-08
4.01 2.2671 2000 -979.386 -2.2671 -2000 2.20134e-08
4.015 2.26277 2000 -977.518 -2.26277 -2000 1.7841e-08
4.02 2.25835 2000 -975.608 -2.25835 -2000 1.43849e-08
4.025 2.25382 2000 -973.65 -2.25382 -2000 1.15281e-08
4.03 2.24917 2000 -971.642 -2.24917 -2000 9.24494e-09
4.035 2.24441 2000 -969.586 -2.24441 -2000 7.47742e-09
4.04 2.23954 2000 -967.483 -2.23954 -2000 6.04221e-09
4.045 2.23456 2000 -965.331 -2.23456 -2000 4.92751e-09
4.05 2.22946 2000 -963.127 -2.22946 -2000 3.98898e-09
4.055 2.22425 2000 -960.878 -2.22425 -2000 3.20961e-09
4.06 2.21895 2000 -958.586 -2.21895 -2000 2.60013e-09
4.065 2.21355 2000 -956.252 -2.21355 -2000 2.10526e-09
4.07 2.20805 2000 -953.877 -2.20805 -2000 1.70406e-09
4.075 2.20246 2000 -951.463 -2.20246 -2000 1.38458e-09
4.08 2.19677 2000 -949.005 -2.19677 -2000 1.14483e-09
4.085 2.19097 2000 -946.497 -2.19097 -2000 9.06323e-10
4.09 2.18504 2000 -943.937 -2.18504 -2000 7.22366e-10
4.095 2.17901 2000 -941.331 -2.17901 -2000 5.83457e-10
4.1 2.17287 2000 -938.679 -2.17287 -2000 4.79462e-10
4.105 2.16662 2000 -935.98 -2.16662 -2000 3.79479e-10
4.11 2.16027 2000 -933.238 -2.16027 -2000 3.00732e-10
4.115 2.15384 2000 -930.46 -2.15384 -2000 2.4068e-10
4.12 2.14732 2000 -927.642 -2.14732 -2000 1.95028e-10
4.125 2.1407 2000 -924.781 -2.1407 -2000 1.60204e-10
4.13 2.13397 2000 -921.875 -2.13397 -2000 1.32704e-10
4.135 2.12715 2000 -918.931 -2.12715 -2000 1.12287e-10
4.14 2.12026 2000 -915.951 -2.12026 -2000 9.69804e-11
4.145 2.11328 2000 -912.937 -2.11328 -2000 3.89293e-11
4.15 2.10622 2000 -909.887 -2.10622 -2000 -7.93869e-12
4.155 2.09908 2000 -906.803 -2.09908 -2000 -1.5915e-11
4.16 2.09186 2000 -903.685 -2.09186 -2000 -1.76831e-11
4.165 2.08457 2000 -900.532 -2.08457 -2000 6.2886e-12
4.17 2.07719 2000 -897.346 -2.07719 -2000 1.95121e-11
4.175 2.06974 2000 -894.13 -2.06974 -2000 -4.03518e-11
4.18 2.06224 2000 -890.887 -2.06224 -2000 -8.12557e-11
4.185 2.05468 2000 -887.62 -2.05468 -2000 -6.59017e-12
4.19 2.04705 2000 -884.327 -2.04705 -2000 4.46993e-11
4.195 2.03937 2000 -881.006 -2.03937 -2000 -5.14589e-11
4.2 2.03159 2000 -877.649 -2.03159 -2000 -1.22686e-10
4.205 2.02372 2000 -874.247 -2.02372 -2000 -1.22554e-11
4.21 2.01574 2000 -870.801 -2.01574 -2000 6.43928e-11
4.215 2.00769 2000 -867.32 -2.00769 -2000 -5.81041e-11
4.22 1.99955 2000 -863.808 -1.99955 -2000 -1.49189e-10
4.225 1.99135 2000 -860.264 -1.99135 -2000 -1.64126e-11
4.23 1.98309 2000 -856.693 -1.98309 -2000 7.53072e-11
4.235 1.97477 2000 -853.099 -1.97477 -2000 -6.494e-11
4.24 1.9664 2000 -849.486 -1.9664 -2000 -1.68445e-10
4.245 1.95798 2000 -845.849 -1.95798 -2000 -2.06637e-11
4.25 1.94949 2000 -842.179 -1.94949 -2000 8.4935e-11
4.255 1.94091 2000 -838.473 -1.94091 -2000 -6.91144e-11
4.26 1.93225 2000 -834.733 -1.93225 -2000 -1.82692e-10
4.265 1.92352 2000 -830.96 -1.92352 -2000 -2.27748e-11
4.27 1.91471 2000 -827.156 -1.91471 -2000 9.17587e-11
4.275 1.90582 2000 -823.314 -1.90582 -2000 -7.21786e-11
4.28 1.89683 2000 -819.432 -1.89683 -2000 -1.94813e-10
4.285 1.88776 2000 -815.514 -1.88776 -2000 -2.54393e-11
4.29 1.87862 2000 -811.565 -1.87862 -2000 -2.84888e-10
4.295 1.86942 2000 -807.588 -1.86942 -2000 1.7145e-10
4.3 1.86013 2000 -803.578 -1.86013 -2000 1.37486e-10
4.305 1.85077 2000 -799.531 -1.85077 -2000 -6.33434e-11
4.31 1.84132 2000 -795.45 -1.84132 -2000 -1.9829e-10
4.315 1.8318 2000 -791.336 -1.8318 -2000 -1.66438e-10
4.32 1.82219 2000 -787.187 -1.82219 -2000 -1.97173e-10
4.325 1.81252 2000 -783.009 -1.81252 -2000 -2.21577e-10
4.33 1.80278 2000 -778.802 -1.80278 -2000 3.64117e-10
4.335 1.79296 2000 -774.561 -1.79296 -2000 2.18318e-10
4.34 1.78306 2000 -770.284 -1.78306 -2000 7.55588e-11
4.345 1.7731 2000 -765.978 -1.7731 -2000 -1.26134e-11
4.35 1.76306 2000 -761.644 -1.76306 -2000 -9.87499e-11
4.355 1.75296 2000 -757.279 -1.75296 -2000 -2.22328e-10
4.36 1.74278 2000 -752.881 -1.74278 -2000 -3.02145e-10
4.365 1.73254 2000 -748.456 -1.73254 -2000 1.2917e-10
4.37 1.72224 2000 -744.008 -1.72224 -2000 3.62091e-11
4.375 1.71189 2000 -739.537 -1.71189 -2000 -5.95215e-11
4.38 1.70148 2000 -735.041 -1.70148 -2000 -1.16023e-10
4.385 1.691 2000 -730.514 -1.691 -2000 -1.50569e-10
4.39 1.68045 2000 -725.953 -1.68045 -2000 -1.71905e-10
4.395 1.66981 2000 -721.356 -1.66981 -2000 -2.70735e-10
4.4 1.65908 2000 -716.724 -1.65908 -2000 -3.36943e-10
4.405 1.64829 2000 -712.061 -1.64829 -2000 -3.7469e-10
4.41 1.63743 2000 -707.369 -1.63743 -2000 -6.25728e-11
4.415 1.6265 2000 -702.648 -1.6265 -2000 1.59231e-10
4.42 1.61551 2000 -697.901 -1.61551 -2000 2.91597e-10
4.425 1.60446 2000 -693.128 -1.60446 -2000 -3.26931e-10
4.43 1.59337 2000 -688.334 -1.59337 -2000 -7.66555e-10
4.435 1.58222 2000 -683.519 -1.58222 -2000 -1.02854e-09
4.44 1.57102 2000 -678.68 -1.57102 -2000 -9.61907e-10
4.445 1.55974 2000 -673.808 -1.55974 -2000 -7.87334e-10
4.45 1.5484 2000 -668.907 -1.5484 -2000 -6.66137e-10
4.455 1.53701 2000 -663.987 -1.53701 -2000 -5.16553e-10
4.46 1.5256 2000 -659.058 -1.5256 -2000 -4.14027e-10
4.465 1.51416 2000 -654.118 -1.51416 -2000 -3.50717e-10
4.47 1.50268 2000 -649.158 -1.50268 -2000 -1.93785e-10
4.475 1.49116 2000 -644.179 -1.49116 -2000 -8.62667e-11
4.48 1.47959 2000 -639.183 -1.47959 -2000 -2.17169e-11
4.485 1.46799 2000 -634.171 -1.46799 -2000 1.66681e-11
4.49 1.45635 2000 -629.143 -1.45635 -2000 3.81208e-11
4.495 1.44468 2000 -624.1 -1.44468 -2000 5.11642e-11
4.5 1.43295 2000 -619.036 -1.43295 -2000 5.86692e-11
4.505 1.42117 2000 -613.943 -1.42117 -2000 6.15657e-11
4.51 1.40931 2000 -608.821 -1.40931 -2000 6.07883e-11
4.515 1.39739 2000 -603.673 -1.39739 -2000 5.96722e-11
4.52 1.38543 2000 -598.504 -1.38543 -2000 5.64469e-11
4.525 1.37342 2000 -593.318 -1.37342 -2000 5.51068e-11
4.53 1.36138 2000 -588.115 -1.36138 -2000 5.26304e-11
4.535 1.34929 2000 -582.894 -1.34929 -2000 5.01221e-11
4.54 1.33718 2000 -577.661 -1.33718 -2000 4.82308e-11
4.545 1.32506 2000 -572.425 -1.32506 -2000 4.56009e-11
4.55 1.31293 2000 -567.185 -1.31293 -2000 2.18703e-10
4.555 1.30076 2000 -561.927 -1.30076 -2000 3.37374e-10
4.56 1.28853 2000 -556.643 -1.28853 -2000 4.06881e-10
4.565 1.27625 2000 -551.339 -1.27625 -2000 4.45112e-10
4.57 1.26394 2000 -546.023 -1.26394 -2000 4.64622e-10
4.575 1.25162 2000 -540.699 -1.25162 -2000 4.71655e-10
4.58 1.23925 2000 -535.357 -1.23925 -2000 3.50912e-10
4.585 1.22683 2000 -529.99 -1.22683 -2000 2.61439e-10
4.59 1.21435 2000 -524.598 -1.21435 -2000 2.0477e-10
4.595 1.20182 2000 -519.186 -1.20182 -2000 1.6779e-10
4.6 1.18925 2000 -513.758 -1.18925 -2000 1.43252e-10
4.605 1.17667 2000 -508.321 -1.17667 -2000 1.25756e-10
4.61 1.16409 2000 -502.885 -1.16409 -2000 1.14012e-10
4.615 1.15152 2000 -497.455 -1.15152 -2000 1.05416e-10
4.62 1.13894 2000 -492.021 -1.13894 -2000 9.89516e-11
4.625 1.12633 2000 -486.574 -1.12633 -2000 9.2449e-11
4.63 1.11367 2000 -481.106 -1.11367 -2000 8.71246e-11
4.635 1.10097 2000 -475.62 -1.10097 -2000 8.2211e-11
4.64 1.08825 2000 -470.122 -1.08825 -2000 7.85654e-11
4.645 1.07549 2000 -464.611 -1.07549 -2000 7.47121e-11
4.65 1.06268 2000 -459.077 -1.06268 -2000 7.038e-11
4.655 1.0498 2000 -453.513 -1.0498 -2000 6.61521e-11
4.66 1.03687 2000 -447.927 -1.03687 -2000 6.21203e-11
4.665 1.02391 2000 -442.329 -1.02391 -2000 -5.83563e-11
4.67 1.01092 2000 -436.718 -1.01092 -2000 -1.4254e-10
4.675 0.997887 2000 -431.087 -0.997887 -2000 -1.94533e-10
4.68 0.984805 2000 -425.436 -0.984805 -2000 -2.25525e-10
4.685 0.971702 2000 -419.775 -0.971702 -2000 -2.43648e-10
4.69 0.958597 2000 -414.114 -0.958597 -2000 -2.54431e-10
4.695 0.945488 2000 -408.451 -0.945488 -2000 -2.60873e-10
4.7 0.93237 2000 -402.784 -0.93237 -2000 -2.64766e-10
4.705 0.919232 2000 -397.108 -0.919232 -2000 -2.66925e-10
4.71 0.906067 2000 -391.421 -0.906067 -2000 -2.69266e-10
4.715 0.892871 2000 -385.72 -0.892871 -2000 -2.6945e-10
4.72 0.879661 2000 -380.013 -0.879661 -2000 -2.72028e-10
4.725 0.866468 2000 -374.314 -0.866468 -2000 -2.72244e-10
4.73 0.853327 2000 -368.637 -0.853327 -2000 -2.72709e-10
4.735 0.840237 2000 -362.982 -0.840237 -2000 -2.74828e-10
4.74 0.827166 2000 -357.336 -0.827166 -2000 -2.76427e-10
4.745 0.814103 2000 -351.692 -0.814103 -2000 -2.79123e-10
4.75 0.801053 2000 -346.055 -0.801053 -2000 -2.83191e-10
4.755 0.788017 2000 -340.423 -0.788017 -2000 -2.87249e-10
4.76 0.774993 2000 -334.797 -0.774993 -2000 -2.92615e-10
4.765 0.761986 2000 -329.178 -0.761986 -2000 -2.99424e-10
4.77 0.748998 2000 -323.567 -0.748998 -2000 -3.08029e-10
4.775 0.736006 2000 -317.954 -0.736006 -2000 -3.16241e-10
4.78 0.722991 2000 -312.332 -0.722991 -2000 -3.27731e-10
4.785 0.709967 2000 -306.706 -0.709967 -2000 -3.41544e-10
4.79 0.696954 2000 -301.084 -0.696954 -2000 -3.56919e-10
4.795 0.683947 2000 -295.465 -0.683947 -2000 -5.16066e-10
4.8 0.670937 2000 -289.845 -0.670937 -2000 -6.3546e-10
4.805 0.657934 2000 -284.227 -0.657934 -2000 -6.1913e-10
4.81 0.644956 2000 -278.621 -0.644956 -2000 -6.097e-10
4.815 0.631999 2000 -273.024 -0.631999 -2000 -6.1763e-10
4.82 0.619041 2000 -267.426 -0.619041 -2000 -6.35577e-10
4.825 0.606081 2000 -261.827 -0.606081 -2000 -7.5424e-10
4.83 0.593136 2000 -256.235 -0.593136 -2000 -8.5274e-10
4.835 0.580209 2000 -250.65 -0.580209 -2000 -9.30545e-10
4.84 0.567299 2000 -245.073 -0.567299 -2000 -9.72152e-10
4.845 0.5544 2000 -239.501 -0.5544 -2000 -1.02183e-09
4.85 0.541507 2000 -233.931 -0.541507 -2000 -1.3444e-09
4.855 0.528621 2000 -228.364 -0.528621 -2000 -1.31618e-09
4.86 0.51575 2000 -222.804 -0.51575 -2000 -1.31175e-09
4.865 0.502898 2000 -217.252 -0.502898 -2000 -1.35188e-09
4.87 0.490062 2000 -211.707 -0.490062 -2000 -1.54343e-09
4.875 0.477248 2000 -206.171 -0.477248 -2000 -1.98771e-09
4.88 0.464459 2000 -200.646 -0.464459 -2000 -2.34026e-09
4.885 0.451685 2000 -195.128 -0.451685 -2000 -2.61855e-09
4.89 0.438921 2000 -189.614 -0.438921 -2000 -2.85952e-09
4.895 0.426181 2000 -184.11 -0.426181 -2000 -2.6991e-09
4.9 0.413465 2000 -178.617 -0.413465 -2000 -3.09939e-09
4.905 0.400752 2000 -173.125 -0.400752 -2000 -3.48675e-09
4.91 0.388045 2000 -167.636 -0.388045 -2000 -3.84868e-09
4.915 0.375382 2000 -162.165 -0.375382 -2000 -4.63018e-09
4.92 0.362783 2000 -156.722 -0.362783 -2000 -5.27195e-09
4.925 0.350239 2000 -151.303 -0.350239 -2000 -5.79859e-09
4.93 0.337733 2000 -145.901 -0.337733 -2000 -5.86516e-09
4.935 0.325254 2000 -140.51 -0.325254 -2000 -6.69864e-09
4.94 0.312795 2000 -135.127 -0.312795 -2000 -7.20413e-09
4.945 0.300343 2000 -129.748 -0.300343 -2000 -7.70619e-09
4.95 0.287891 2000 -124.369 -0.287891 -2000 -8.8103e-09
4.955 0.275438 2000 -118.989 -0.275438 -2000 -1.02889e-08
4.96 0.262988 2000 -113.611 -0.262988 -2000 -1.04791e-08
4.965 0.250556 2000 -108.24 -0.250556 -2000 -1.24598e-08
4.97 0.238159 2000 -102.884 -0.238159 -2000 -1.41539e-08
4.975 0.225806 2000 -97.548 -0.225806 -2000 -1.50336e-08
4.98 0.213497 2000 -92.2308 -0.213497 -2000 -1.59129e-08
4.985 0.201236 2000 -86.934 -0.201236 -2000 -1.86562e-08
4.99 0.18903 2000 -81.6609 -0.18903 -2000 -1.97168e-08
4.995 0.176874 2000 -76.4095 -0.176874 -2000 -2.24241e-08
5 0.164741 2000 -71.1682 -0.164741 -2000 -2.35671e-08
5.005 0.152606 2000 -65.926 -0.152606 -2000 -2.6714e-08
5.01 0.14047 2000 -60.683 -0.14047 -2000 -2.84211e-08
5.015 0.128356 2000 -55.4496 -0.128356 -2000 -3.17537e-08
5.02 0.116292 2000 -50.2381 -0.116292 -2000 -3.44923e-08
5.025 0.104282 2000 -45.0499 -0.104282 -2000 -3.7908e-08
5.03 0.0923052 2000 -39.8758 -0.0923052 -2000 -4.20224e-08
5.035 0.0803458 2000 -34.7094 -0.0803458 -2000 -4.51108e-08
5.04 0.0684064 2000 -29.5516 -0.0684064 -2000 -4.95525e-08
5.045 0.0564989 2000 -24.4075 -0.0564989 -2000 -5.36194e-08
5.05 0.0446309 2000 -19.2806 -0.0446309 -2000 -5.84051e-08
5.055 0.0327945 2000 -14.1672 -0.0327945 -2000 -6.35998e-08
5.06 0.0209767 2000 -9.06193 -0.0209767 -2000 -6.92248e-08
5.065 0.00917466 2000 -3.96345 -0.00917466 -2000 -7.53336e-08
5.07 -0.00259939 2000 1.12294 0.00259939 -2000 -8.1934e-08
5.075 -0.0143254 2000 6.18858 0.0143254 -2000 -8.89927e-08
5.08 -0.0259947 2000 11.2297 0.0259947 -2000 -9.64823e-08
5.085 -0.0376155 2000 16.2499 0.0376155 -2000 -1.16971e-06
5.09 -0.0491894 2000 21.2498 0.0491894 -2000 -1.483e-05
5.095 -0.0607019 2000 26.2232 0.0607019 -2000 -2.57176e-05
5.1 -0.072148 2000 31.1679 0.072148 -2000 -5.9183e-06
5.105 -0.0835415 2000 36.0899 0.0835415 -2000 7.01991e-06
5.11 -0.0948911 2000 40.9929 0.0948911 -2000 1.13138e-05
5.115 -0.106192 2000 45.875 0.106192 -2000 1.51686e-05
5.12 -0.11745 2000 50.7386 0.11745 -2000 2.29448e-06
5.125 -0.128676 2000 55.5881 0.128676 -2000 -2.05069e-06
5.13 -0.139854 2000 60.4169 0.139854 -2000 2.07705e-06
5.135 -0.150951 2000 65.2107 0.150951 -2000 1.62984e-06
5.14 -0.161953 2000 69.9636 0.161953 -2000 6.71842e-06
5.145 -0.172878 2000 74.6833 0.172878 -2000 8.70162e-06
5.15 -0.183749 2000 79.3795 0.183749 -2000 6.99069e-06
5.155 -0.19457 2000 84.0541 0.19457 -2000 5.59919e-06
5.16 -0.205336 2000 88.705 0.205336 -2000 4.46649e-06
5.165 -0.216045 2000 93.3313 0.216045 -2000 3.54345e-06
5.17 -0.226692 2000 97.9308 0.226692 -2000 2.79024e-06
5.175 -0.237278 2000 102.504 0.237278 -2000 2.17453e-06
5.18 -0.247812 2000 107.055 0.247812 -2000 1.66996e-06
5.185 -0.258294 2000 111.583 0.258294 -2000 1.25516e-06
5.19 -0.268712 2000 116.084 0.268712 -2000 9.13057e-07
5.195 -0.27906 2000 120.554 0.27906 -2000 6.29827e-07
5.2 -0.289338 2000 124.994 0.289338 -2000 3.94116e-07
5.205 -0.299549 2000 129.405 0.299549 -2000 1.96681e-07
5.21 -0.309698 2000 133.789 0.309698 -2000 2.99238e-08
5.215 -0.319788 2000 138.148 0.319788 -2000 -1.12368e-07
5.22 -0.329804 2000 142.475 0.329804 -2000 -2.34862e-07
5.225 -0.33974 2000 146.768 0.33974 -2000 -3.41201e-07
5.23 -0.349619 2000 151.035 0.349619 -2000 -4.35046e-07
5.235 -0.359463 2000 155.288 0.359463 -2000 -5.19883e-07
5.24 -0.369278 2000 159.528 0.369278 -2000 -5.98203e-07
5.245 -0.379066 2000 163.757 0.379066 -2000 -6.71827e-07
5.25 -0.388824 2000 167.972 0.388824 -2000 -7.42155e-07
5.255 -0.398518 2000 172.16 0.398518 -2000 -8.09319e-07
5.26 -0.408113 2000 176.305 0.408113 -2000 -8.72713e-07
5.265 -0.417606 2000 180.406 0.417606 -2000 -9.32452e-07
5.27 -0.427011 2000 184.469 0.427011 -2000 -9.89753e-07
5.275 -0.436333 2000 188.496 0.436333 -2000 -1.04567e-06
5.28 -0.445568 2000 192.485 0.445568 -2000 -1.10056e-06
5.285 -0.454705 2000 196.432 0.454705 -2000 -1.15429e-06
5.29 -0.463743 2000 200.337 0.463743 -2000 -1.20681e-06
5.295 -0.472701 2000 204.207 0.472701 -2000 -1.25906e-06
5.3 -0.4816 2000 208.051 0.4816 -2000 -1.31263e-06
5.305 -0.490436 2000 211.868 0.490436 -2000 -1.36793e-06
5.31 -0.499186 2000 215.648 0.499186 -2000 -1.42367e-06
5.315 -0.507836 2000 219.385 0.507836 -2000 -1.47857e-06
5.32 -0.516384 2000 223.078 0.516384 -2000 -1.53227e-06
5.325 -0.524841 2000 226.731 0.524841 -2000 -1.5853e-06
5.33 -0.533224 2000 230.353 0.533224 -2000 -1.639e-06
5.335 -0.541536 2000 233.944 0.541536 -2000 -1.69425e-06
5.34 -0.549767 2000 237.499 0.549767 -2000 -1.75027e-06
5.345 -0.557911 2000 241.018 0.557911 -2000 -1.80607e-06
5.35 -0.565971 2000 244.5 0.565971 -2000 -1.86173e-06
5.355 -0.573953 2000 247.947 0.573953 -2000 -1.91764e-06
5.36 -0.581859 2000 251.363 0.581859 -2000 -1.97416e-06
5.365 -0.589696 2000 254.749 0.589696 -2000 -2.03173e-06
5.37 -0.597465 2000 258.105 0.597465 -2000 -2.09045e-06
5.375 -0.605158 2000 261.428 0.605158 -2000 -2.14966e-06
5.38 -0.612761 2000 264.713 0.612761 -2000 -2.20782e-06
5.385 -0.620259 2000 267.952 0.620259 -2000 -2.26301e-06
5.39 -0.627647 2000 271.143 0.627647 -2000 -2.31419e-06
5.395 -0.634939 2000 274.294 0.634939 -2000 -2.36252e-06
5.4 -0.642157 2000 277.412 0.642157 -2000 -2.4109e-06
5.405 -0.649309 2000 280.501 0.649309 -2000 -2.46105e-06
5.41 -0.656387 2000 283.559 0.656387 -2000 -2.51212e-06
5.415 -0.663376 2000 286.578 0.663376 -2000 -2.56195e-06
5.42 -0.670256 2000 289.551 0.670256 -2000 -2.60772e-06
5.425 -0.677014 2000 292.47 0.677014 -2000 -2.64686e-06
5.43 -0.683657 2000 295.34 0.683657 -2000 -2.67976e-06
5.435 -0.690204 2000 298.168 0.690204 -2000 -2.70955e-06
5.44 -0.696666 2000 300.96 0.696666 -2000 -2.73859e-06
5.445 -0.703033 2000 303.71 0.703033 -2000 -2.76626e-06
5.45 -0.709283 2000 306.41 0.709283 -2000 -2.78925e-06
5.455 -0.7154 2000 309.053 0.7154 -2000 -2.80412e-06
5.46 -0.721388 2000 311.639 0.721388 -2000 -2.81083e-06
5.465 -0.727267 2000 314.179 0.727267 -2000 -2.81286e-06
5.47 -0.733049 2000 316.677 0.733049 -2000 -2.8131e-06
5.475 -0.738727 2000 319.13 0.738727 -2000 -2.81247e-06
5.48 -0.744292 2000 321.534 0.744292 -2000 -2.80607e-06
5.485 -0.749752 2000 323.893 0.749752 -2000 -2.79672e-06
5.49 -0.75512 2000 326.212 0.75512 -2000 -2.78585e-06
5.495 -0.760407 2000 328.496 0.760407 -2000 -2.7755e-06
5.5 -0.765623 2000 330.749 0.765623 -2000 -9.11213e-06
5.505 -0.770772 2000 332.973 0.770772 -2000 -3.48141e-05
5.51 -0.775845 2000 335.165 0.775845 -2000 -5.56213e-05
5.515 -0.780836 2000 337.321 0.780836 -2000 -3.47626e-05
5.52 -0.785744 2000 339.441 0.785744 -2000 -7.55758e-06
5.525 -0.790562 2000 341.523 0.790562 -2000 -6.63734e-06
5.53 -0.795284 2000 343.563 0.795284 -2000 2.40827e-06
5.535 -0.799912 2000 345.562 0.799912 -2000 1.70783e-05
5.54 -0.804433 2000 347.515 0.804433 -2000 1.33623e-05
5.545 -0.80883 2000 349.414 0.80883 -2000 1.0363e-05
5.55 -0.813101 2000 351.26 0.813101 -2000 7.94719e-06
5.555 -0.817268 2000 353.06 0.817268 -2000 6.0023e-06
5.56 -0.821346 2000 354.822 0.821346 -2000 4.43543e-06
5.565 -0.82533 2000 356.543 0.82533 -2000 3.17495e-06
5.57 -0.829205 2000 358.217 0.829205 -2000 2.16611e-06
5.575 -0.83298 2000 359.847 0.83298 -2000 1.3619e-06
5.58 -0.836679 2000 361.445 0.836679 -2000 7.19967e-07
5.585 -0.840313 2000 363.015 0.840313 -2000 2.0616e-07
5.59 -0.843882 2000 364.557 0.843882 -2000 -2.04166e-07
5.595 -0.847369 2000 366.063 0.847369 -2000 -5.28043e-07
5.6 -0.850755 2000 367.526 0.850755 -2000 -7.77801e-07
5.605 -0.854038 2000 368.944 0.854038 -2000 -9.65168e-07
5.61 -0.857226 2000 370.322 0.857226 -2000 -1.10291e-06
5.615 -0.860323 2000 371.66 0.860323 -2000 -1.20167e-06
5.62 -0.863318 2000 372.953 0.863318 -2000 -1.26741e-06
5.625 -0.866207 2000 374.201 0.866207 -2000 -1.30483e-06
5.63 -0.868997 2000 375.407 0.868997 -2000 -1.32012e-06
5.635 -0.871696 2000 376.573 0.871696 -2000 -1.31886e-06
5.64 -0.874309 2000 377.702 0.874309 -2000 -1.30535e-06
5.645 -0.876835 2000 378.793 0.876835 -2000 -1.28227e-06
5.65 -0.879252 2000 379.837 0.879252 -2000 -1.24908e-06
5.655 -0.881529 2000 380.82 0.881529 -2000 -1.20322e-06
5.66 -0.883663 2000 381.742 0.883663 -2000 -1.14518e-06
5.665 -0.885679 2000 382.613 0.885679 -2000 -1.08042e-06
5.67 -0.887601 2000 383.444 0.887601 -2000 -1.01461e-06
5.675 -0.889433 2000 384.235 0.889433 -2000 -9.49868e-07
5.68 -0.891171 2000 384.986 0.891171 -2000 -8.86203e-07
5.685 -0.892813 2000 385.695 0.892813 -2000 -8.23382e-07
5.69 -0.894358 2000 386.362 0.894358 -2000 -7.61396e-07
5.695 -0.895811 2000 386.99 0.895811 -2000 -7.0093e-07
5.7 -0.897181 2000 387.582 0.897181 -2000 -6.43072e-07
5.705 -0.898465 2000 388.137 0.898465 -2000 -5.87943e-07
5.71 -0.899659 2000 388.653 0.899659 -2000 -5.3495e-07
5.715 -0.900753 2000 389.125 0.900753 -2000 -4.83576e-07
5.72 -0.901727 2000 389.546 0.901727 -2000 -4.32867e-07
5.725 -0.902546 2000 389.9 0.902546 -2000 -3.81487e-07
5.73 -0.903197 2000 390.181 0.903197 -2000 -3.29592e-07
5.735 -0.903703 2000 390.4 0.903703 -2000 -2.79676e-07
5.74 -0.9041 2000 390.571 0.9041 -2000 -2.34382e-07
5.745 -0.904399 2000 390.701 0.904399 -2000 -1.94604e-07
5.75 -0.904596 2000 390.785 0.904596 -2000 -1.60073e-07
5.755 -0.904688 2000 390.825 0.904688 -2000 -1.30538e-07
5.76 -0.904682 2000 390.823 0.904682 -2000 -1.51295e-07
5.765 -0.904583 2000 390.78 0.904583 -2000 -3.0515e-07
5.77 -0.904389 2000 390.696 0.904389 -2000 -2.47425e-07
5.775 -0.9041 2000 390.571 0.9041 -2000 -2.00622e-07
5.78 -0.903709 2000 390.402 0.903709 -2000 -1.6267e-07
5.785 -0.903203 2000 390.184 0.903203 -2000 -1.31898e-07
5.79 -0.902578 2000 389.914 0.902578 -2000 -1.06947e-07
5.795 -0.901848 2000 389.598 0.901848 -2000 -8.67166e-08
5.8 -0.90102 2000 389.24 0.90102 -2000 -7.03119e-08
5.805 -0.900092 2000 388.84 0.900092 -2000 -5.7012e-08
5.81 -0.899077 2000 388.401 0.899077 -2000 -4.62263e-08
5.815 -0.897999 2000 387.936 0.897999 -2000 -3.74825e-08
5.82 -0.896865 2000 387.446 0.896865 -2000 -3.03909e-08
5.825 -0.895652 2000 386.922 0.895652 -2000 -2.46418e-08
5.83 -0.89434 2000 386.355 0.89434 -2000 -1.998e-08
5.835 -0.892925 2000 385.744 0.892925 -2000 -1.62004e-08
5.84 -0.891419 2000 385.093 0.891419 -2000 -1.3136e-08
5.845 -0.889825 2000 384.404 0.889825 -2000 -1.06512e-08
5.85 -0.888132 2000 383.673 0.888132 -2000 -8.63706e-09
5.855 -0.886329 2000 382.894 0.886329 -2000 -7.00276e-09
5.86 -0.884417 2000 382.068 0.884417 -2000 -5.67813e-09
5.865 -0.882411 2000 381.201 0.882411 -2000 -4.60413e-09
5.87 -0.880319 2000 380.298 0.880319 -2000 -3.73359e-09
5.875 -0.87814 2000 379.356 0.87814 -2000 -3.02723e-09
5.88 -0.875863 2000 378.373 0.875863 -2000 -2.45478e-09
5.885 -0.873493 2000 377.349 0.873493 -2000 -1.08888e-09
5.89 -0.871045 2000 376.291 0.871045 -2000 -2.20266e-09
5.895 -0.868527 2000 375.204 0.868527 -2000 -1.8504e-09
5.9 -0.865943 2000 374.088 0.865943 -2000 -1.10748e-09
5.905 -0.863282 2000 372.938 0.863282 -2000 -1.04139e-09
5.91 -0.860539 2000 371.753 0.860539 -2000 -5.32419e-10
5.915 -0.857734 2000 370.541 0.857734 -2000 -1.73215e-10
5.92 -0.854886 2000 369.311 0.854886 -2000 4.64762e-11
5.925 -0.851986 2000 368.058 0.851986 -2000 -8.58823e-10
5.93 -0.849009 2000 366.772 0.849009 -2000 -1.49896e-09
5.935 -0.845938 2000 365.445 0.845938 -2000 -8.86901e-10
5.94 -0.842775 2000 364.079 0.842775 -2000 -4.15792e-10
5.945 -0.839521 2000 362.673 0.839521 -2000 -1.26894e-10
5.95 -0.836177 2000 361.228 0.836177 -2000 4.77554e-11
5.955 -0.832742 2000 359.744 0.832742 -2000 1.54925e-10
5.96 -0.829216 2000 358.221 0.829216 -2000 3.34407e-10
5.965 -0.82561 2000 356.663 0.82561 -2000 3.49352e-10
5.97 -0.821941 2000 355.078 0.821941 -2000 3.46101e-10
5.975 -0.818214 2000 353.468 0.818214 -2000 3.42483e-10
5.98 -0.814417 2000 351.828 0.814417 -2000 3.3693e-10
5.985 -0.810533 2000 350.15 0.810533 -2000 3.31567e-10
5.99 -0.806549 2000 348.429 0.806549 -2000 3.26303e-10
5.995 -0.802471 2000 346.668 0.802471 -2000 3.19466e-10
6 -0.798331 2000 344.879 0.798331 -2000 3.14794e-10
6.005 -0.79415 2000 343.073 0.79415 -2000 3.08372e-10
6.01 -0.789915 2000 341.243 0.789915 -2000 3.0354e-10
6.015 -0.785608 2000 339.383 0.785608 -2000 2.98331e-10
6.02 -0.781232 2000 337.492 0.781232 -2000 2.93373e-10
6.025 -0.776792 2000 335.574 0.776792 -2000 2.87267e-10
6.03 -0.77228 2000 333.625 0.77228 -2000 2.81861e-10
6.035 -0.767694 2000 331.644 0.767694 -2000 1.55048e-10
6.04 -0.763035 2000 329.631 0.763035 -2000 6.55165e-11
6.045 -0.758304 2000 327.587 0.758304 -2000 1.07186e-11
6.05 -0.753517 2000 325.52 0.753517 -2000 -2.22467e-11
6.055 -0.748701 2000 323.439 0.748701 -2000 -4.1571e-11
6.06 -0.743857 2000 321.346 0.743857 -2000 -5.36476e-11
6.065 -0.738966 2000 319.233 0.738966 -2000 -6.09023e-11
6.07 -0.734003 2000 317.089 0.734003 -2000 -6.36249e-11
6.075 -0.728961 2000 314.911 0.728961 -2000 -6.54236e-11
6.08 -0.723844 2000 312.701 0.723844 -2000 -6.69384e-11
6.085 -0.718667 2000 310.464 0.718667 -2000 -6.65216e-11
6.09 -0.713443 2000 308.208 0.713443 -2000 -6.55241e-11
6.095 -0.708174 2000 305.931 0.708174 -2000 -1.64431e-10
6.1 -0.702862 2000 303.636 0.702862 -2000 -2.32596e-10
6.105 -0.69751 2000 301.324 0.69751 -2000 -2.72019e-10
6.11 -0.692114 2000 298.993 0.692114 -2000 -2.12099e-10
6.115 -0.686675 2000 296.644 0.686675 -2000 -1.67494e-10
6.12 -0.681217 2000 294.286 0.681217 -2000 -1.39388e-10
6.125 -0.675755 2000 291.926 0.675755 -2000 -1.201e-10
6.13 -0.670275 2000 289.559 0.670275 -2000 -1.08569e-10
6.135 -0.664739 2000 287.167 0.664739 -2000 -1.0021e-10
6.14 -0.659125 2000 284.742 0.659125 -2000 -9.53985e-11
6.145 -0.653447 2000 282.289 0.653447 -2000 -9.08698e-11
6.15 -0.647717 2000 279.814 0.647717 -2000 -8.81883e-11
6.155 -0.641939 2000 277.318 0.641939 -2000 -8.65756e-11
6.16 -0.636116 2000 274.802 0.636116 -2000 -8.51301e-11
6.165 -0.630243 2000 272.265 0.630243 -2000 -8.27604e-11
6.17 -0.624298 2000 269.697 0.624298 -2000 -8.05147e-11
6.175 -0.618267 2000 267.092 0.618267 -2000 -7.88446e-11
6.18 -0.612166 2000 264.456 0.612166 -2000 -7.83603e-11
6.185 -0.60601 2000 261.797 0.60601 -2000 -7.60025e-11
6.19 -0.599801 2000 259.114 0.599801 -2000 -7.44551e-11
6.195 -0.593533 2000 256.406 0.593533 -2000 -7.32634e-11
6.2 -0.587218 2000 253.678 0.587218 -2000 -7.17576e-11
6.205 -0.580865 2000 250.934 0.580865 -2000 -6.96831e-11
6.21 -0.57447 2000 248.171 0.57447 -2000 -6.79947e-11
6.215 -0.568024 2000 245.386 0.568024 -2000 -6.74208e-11
6.22 -0.561531 2000 242.581 0.561531 -2000 -6.64185e-11
6.225 -0.554996 2000 239.758 0.554996 -2000 -6.47993e-11
6.23 -0.548417 2000 236.916 0.548417 -2000 -6.35315e-11
6.235 -0.541789 2000 234.053 0.541789 -2000 -6.19842e-11
6.24 -0.535107 2000 231.166 0.535107 -2000 -6.1584e-11
6.245 -0.528378 2000 228.259 0.528378 -2000 -5.99487e-11
6.25 -0.521606 2000 225.334 0.521606 -2000 -5.9628e-11
6.255 -0.514798 2000 222.393 0.514798 -2000 -5.81597e-11
6.26 -0.507959 2000 219.438 0.507959 -2000 4.0999e-11
6.265 -0.501092 2000 216.472 0.501092 -2000 1.10969e-10
6.27 -0.494188 2000 213.489 0.494188 -2000 1.52578e-10
6.275 -0.487244 2000 210.49 0.487244 -2000 1.76862e-10
6.28 -0.480277 2000 207.48 0.480277 -2000 1.90321e-10
6.285 -0.473301 2000 204.466 0.473301 -2000 1.96313e-10
6.29 -0.46631 2000 201.446 0.46631 -2000 1.98228e-10
6.295 -0.459288 2000 198.412 0.459288 -2000 1.9935e-10
6.3 -0.45222 2000 195.359 0.45222 -2000 1.98305e-10
6.305 -0.445104 2000 192.285 0.445104 -2000 1.95837e-10
6.31 -0.437946 2000 189.193 0.437946 -2000 1.93048e-10
6.315 -0.430751 2000 186.085 0.430751 -2000 1.90458e-10
6.32 -0.423519 2000 182.96 0.423519 -2000 1.87701e-10
6.325 -0.416239 2000 179.815 0.416239 -2000 1.84309e-10
6.33 -0.408897 2000 176.644 0.408897 -2000 1.80836e-10
6.335 -0.401489 2000 173.443 0.401489 -2000 1.77049e-10
6.34 -0.394025 2000 170.219 0.394025 -2000 1.72926e-10
6.345 -0.386532 2000 166.982 0.386532 -2000 1.69767e-10
6.35 -0.379029 2000 163.74 0.379029 -2000 1.67527e-10
6.355 -0.371509 2000 160.492 0.371509 -2000 1.64743e-10
6.36 -0.363948 2000 157.226 0.363948 -2000 1.61915e-10
6.365 -0.356356 2000 153.946 0.356356 -2000 1.57633e-10
6.37 -0.348786 2000 150.676 0.348786 -2000 1.55781e-10
6.375 -0.341281 2000 147.433 0.341281 -2000 1.53403e-10
6.38 -0.333822 2000 144.211 0.333822 -2000 1.49591e-10
6.385 -0.326361 2000 140.988 0.326361 -2000 1.46332e-10
6.39 -0.318859 2000 137.747 0.318859 -2000 1.44065e-10
6.395 -0.311312 2000 134.487 0.311312 -2000 1.41751e-10
6.4 -0.303737 2000 131.214 0.303737 -2000 1.39009e-10
6.405 -0.296142 2000 127.933 0.296142 -2000 1.36831e-10
6.41 -0.288528 2000 124.644 0.288528 -2000 1.34387e-10
6.415 -0.280893 2000 121.346 0.280893 -2000 1.31693e-10
6.42 -0.273242 2000 118.04 0.273242 -2000 1.28642e-10
6.425 -0.265579 2000 114.73 0.265579 -2000 1.26651e-10
6.43 -0.257913 2000 111.418 0.257913 -2000 1.24935e-10
6.435 -0.250244 2000 108.105 0.250244 -2000 2.4659e-11
6.44 -0.242573 2000 104.792 0.242573 -2000 -4.6324e-11
6.445 -0.234917 2000 101.484 0.234917 -2000 -8.90958e-11
6.45 -0.227292 2000 98.1901 0.227292 -2000 -1.13149e-10
6.455 -0.219693 2000 94.9075 0.219693 -2000 -1.27789e-10
6.46 -0.212104 2000 91.629 0.212104 -2000 -1.36033e-10
6.465 -0.204519 2000 88.3522 0.204519 -2000 -1.40452e-10
6.47 -0.196941 2000 85.0786 0.196941 -2000 -1.40827e-10
6.475 -0.189372 2000 81.8088 0.189372 -2000 -1.39645e-10
6.48 -0.181806 2000 78.54 0.181806 -2000 -1.39198e-10
6.485 -0.174228 2000 75.2667 0.174228 -2000 -1.37686e-10
6.49 -0.166633 2000 71.9856 0.166633 -2000 -1.36252e-10
6.495 -0.159032 2000 68.7017 0.159032 -2000 -1.33313e-10
6.5 -0.151451 2000 65.4267 0.151451 -2000 -1.32326e-10
6.505 -0.143905 2000 62.1667 0.143905 -2000 -1.29463e-10
6.51 -0.136379 2000 58.9156 0.136379 -2000 -1.27483e-10
6.515 -0.128858 2000 55.6668 0.128858 -2000 -1.24951e-10
6.52 -0.121352 2000 52.4241 0.121352 -2000 -1.22286e-10
6.525 -0.113871 2000 49.1924 0.113871 -2000 -1.20062e-10
6.53 -0.106402 2000 45.9657 0.106402 -2000 -1.17385e-10
6.535 -0.0989197 2000 42.7333 0.0989197 -2000 -1.15815e-10
6.54 -0.0914119 2000 39.49 0.0914119 -2000 -1.14597e-10
6.545 -0.083884 2000 36.2379 0.083884 -2000 -1.12212e-10
6.55 -0.0763505 2000 32.9834 0.0763505 -2000 -1.10099e-10
6.555 -0.0688217 2000 29.731 0.0688217 -2000 -1.07006e-10
6.56 -0.0612949 2000 26.4794 0.0612949 -2000 -1.05341e-10
6.565 -0.053764 2000 23.226 0.053764 -2000 -1.03702e-10
6.57 -0.0462289 2000 19.9709 0.0462289 -2000 -1.01255e-10
6.575 -0.0386906 2000 16.7144 0.0386906 -2000 -1.00081e-10
6.58 -0.0311424 2000 13.4535 0.0311424 -2000 -9.77413e-11
6.585 -0.0235729 2000 10.1835 0.0235729 -2000 -9.60597e-11
6.59 -0.0159819 2000 6.90417 0.0159819 -2000 -9.44958e-11
6.595 -0.00838625 2000 3.62286 0.00838625 -2000 -9.21776e-11
6.6 -0.000804709 2000 0.347634 0.000804709 -2000 8.34662e-12
6.605 0.00676223 2000 -2.92128 -0.00676223 -2000 7.84831e-11
6.61 0.0143204 2000 -6.18639 -0.0143204 -2000 1.1924e-10
6.615 0.0218517 2000 -9.43995 -0.0218517 -2000 1.44244e-10
6.62 0.0293356 2000 -12.673 -0.0293356 -2000 1.59122e-10
6.625 0.0367854 2000 -15.8913 -0.0367854 -2000 1.65909e-10
6.63 0.0442264 2000 -19.1058 -0.0442264 -2000 1.70421e-10
6.635 0.0516626 2000 -22.3182 -0.0516626 -2000 1.69506e-10
6.64 0.0590873 2000 -25.5257 -0.0590873 -2000 1.68916e-10
6.645 0.0665067 2000 -28.7309 -0.0665067 -2000 1.6789e-10
6.65 0.0739328 2000 -31.939 -0.0739328 -2000 1.649e-10
6.655 0.0813643 2000 -35.1494 -0.0813643 -2000 4.82103e-11
6.66 0.0887905 2000 -38.3575 -0.0887905 -2000 -3.59248e-11
6.665 0.0961974 2000 -41.5573 -0.0961974 -2000 -8.59113e-11
6.67 0.103557 2000 -44.7366 -0.103557 -2000 -1.14738e-10
6.675 0.11084 2000 -47.8827 -0.11084 -2000 -1.32463e-10
6.68 0.118045 2000 -50.9956 -0.118045 -2000 -1.41775e-10
6.685 0.12521 2000 -54.0907 -0.12521 -2000 -1.46501e-10
6.69 0.132365 2000 -57.1815 -0.132365 -2000 -1.48711e-10
6.695 0.139513 2000 -60.2697 -0.139513 -2000 -1.48501e-10
6.7 0.146647 2000 -63.3514 -0.146647 -2000 -1.46914e-10
6.705 0.153765 2000 -66.4264 -0.153765 -2000 -1.45719e-10
6.71 0.160872 2000 -69.4968 -0.160872 -2000 -1.42705e-10
6.715 0.167966 2000 -72.5615 -0.167966 -2000 -1.41371e-10
6.72 0.175038 2000 -75.6164 -0.175038 -2000 -1.37963e-10
6.725 0.182086 2000 -78.6611 -0.182086 -2000 -1.35057e-10
6.73 0.189112 2000 -81.6965 -0.189112 -2000 -1.33424e-10
6.735 0.196108 2000 -84.7186 -0.196108 -2000 -1.31524e-10
6.74 0.203067 2000 -87.7249 -0.203067 -2000 -1.29235e-10
6.745 0.210008 2000 -90.7233 -0.210008 -2000 -1.27199e-10
6.75 0.216951 2000 -93.723 -0.216951 -2000 -1.25674e-10
6.755 0.223888 2000 -96.7195 -0.223888 -2000 -6.63633e-12
6.76 0.230791 2000 -99.7019 -0.230791 -2000 7.6899e-11
6.765 0.237653 2000 -102.666 -0.237653 -2000 1.25412e-10
6.77 0.244477 2000 -105.614 -0.244477 -2000 1.5421e-10
6.775 0.251276 2000 -108.551 -0.251276 -2000 1.70674e-10
6.78 0.258059 2000 -111.482 -0.258059 -2000 1.80172e-10
6.785 0.264825 2000 -114.404 -0.264825 -2000 1.84491e-10
6.79 0.271565 2000 -117.316 -0.271565 -2000 1.86192e-10
6.795 0.278257 2000 -120.207 -0.278257 -2000 1.85221e-10
6.8 0.284867 2000 -123.063 -0.284867 -2000 1.82346e-10
6.805 0.291388 2000 -125.88 -0.291388 -2000 1.79981e-10
6.81 0.297847 2000 -128.67 -0.297847 -2000 1.78035e-10
6.815 0.304264 2000 -131.442 -0.304264 -2000 1.75044e-10
6.82 0.310641 2000 -134.197 -0.310641 -2000 1.72484e-10
6.825 0.31698 2000 -136.935 -0.31698 -2000 1.69577e-10
6.83 0.32329 2000 -139.661 -0.32329 -2000 1.65621e-10
6.835 0.329573 2000 -142.375 -0.329573 -2000 1.62282e-10
6.84 0.335817 2000 -145.073 -0.335817 -2000 1.60281e-10
6.845 0.342011 2000 -147.749 -0.342011 -2000 1.57556e-10
6.85 0.348157 2000 -150.404 -0.348157 -2000 1.53784e-10
6.855 0.354268 2000 -153.044 -0.354268 -2000 1.51556e-10
6.86 0.360353 2000 -155.673 -0.360353 -2000 1.49375e-10
6.865 0.36641 2000 -158.289 -0.36641 -2000 1.46074e-10
6.87 0.372431 2000 -160.89 -0.372431 -2000 1.43383e-10
6.875 0.378409 2000 -163.473 -0.378409 -2000 1.40722e-10
6.88 0.384334 2000 -166.032 -0.384334 -2000 1.37787e-10
6.885 0.390213 2000 -168.572 -0.390213 -2000 1.35547e-10
6.89 0.396061 2000 -171.098 -0.396061 -2000 1.3283e-10
6.895 0.401878 2000 -173.611 -0.401878 -2000 1.49016e-11
6.9 0.407644 2000 -176.102 -0.407644 -2000 -6.72586e-11
6.905 0.413351 2000 -178.568 -0.413351 -2000 -1.17589e-10
6.91 0.419012 2000 -181.013 -0.419012 -2000 -1.46334e-10
6.915 0.424628 2000 -183.439 -0.424628 -2000 -1.6311e-10
6.92 0.43019 2000 -185.842 -0.43019 -2000 -1.7157e-10
6.925 0.435702 2000 -188.223 -0.435702 -2000 -1.76121e-10
6.93 0.441176 2000 -190.588 -0.441176 -2000 -1.77585e-10
6.935 0.446608 2000 -192.935 -0.446608 -2000 -1.76985e-10
6.94 0.451976 2000 -195.254 -0.451976 -2000 -1.76193e-10
6.945 0.457266 2000 -197.539 -0.457266 -2000 -1.73769e-10
6.95 0.462495 2000 -199.798 -0.462495 -2000 -1.70271e-10
6.955 0.46769 2000 -202.042 -0.46769 -2000 -1.67631e-10
6.96 0.472862 2000 -204.276 -0.472862 -2000 -1.65663e-10
6.965 0.478001 2000 -206.496 -0.478001 -2000 -1.62624e-10
6.97 0.483093 2000 -208.696 -0.483093 -2000 -1.60305e-10
6.975 0.488125 2000 -210.87 -0.488125 -2000 -1.58212e-10
6.98 0.493088 2000 -213.014 -0.493088 -2000 -1.54828e-10
6.985 0.49799 2000 -215.132 -0.49799 -2000 -1.51645e-10
6.99 0.502855 2000 -217.233 -0.502855 -2000 -1.48906e-10
6.995 0.507685 2000 -219.32 -0.507685 -2000 -1.46227e-10
7 0.512442 2000 -221.375 -0.512442 -2000 -1.43359e-10
7.005 0.517086 2000 -223.381 -0.517086 -2000 -2.20658e-11
7.01 0.521622 2000 -225.341 -0.521622 -2000 6.25142e-11
7.015 0.526081 2000 -227.267 -0.526081 -2000 1.13609e-10
7.02 0.530476 2000 -229.166 -0.530476 -2000 6.17771e-11
7.025 0.534799 2000 -231.033 -0.534799 -2000 2.22882e-11
7.03 0.539031 2000 -232.861 -0.539031 -2000 -1.92887e-12
7.035 0.543161 2000 -234.646 -0.543161 -2000 -1.68386e-11
7.04 0.547193 2000 -236.387 -0.547193 -2000 -2.54096e-11
7.045 0.551147 2000 -238.095 -0.551147 -2000 -3.08241e-11
7.05 0.555036 2000 -239.776 -0.555036 -2000 -3.4603e-11
7.055 0.558867 2000 -241.43 -0.558867 -2000 -3.59967e-11
7.06 0.562638 2000 -243.06 -0.562638 -2000 -3.60206e-11
7.065 0.566339 2000 -244.658 -0.566339 -2000 -3.6069e-11
7.07 0.569949 2000 -246.218 -0.569949 -2000 -3.5023e-11
7.075 0.573455 2000 -247.733 -0.573455 -2000 -3.55004e-11
7.08 0.576862 2000 -249.205 -0.576862 -2000 -3.48286e-11
7.085 0.580184 2000 -250.64 -0.580184 -2000 -3.50131e-11
7.09 0.583436 2000 -252.045 -0.583436 -2000 -3.47296e-11
7.095 0.586625 2000 -253.422 -0.586625 -2000 -3.38712e-11
7.1 0.589744 2000 -254.77 -0.589744 -2000 -3.24437e-11
7.105 0.59279 2000 -256.085 -0.59279 -2000 -3.15765e-11
7.11 0.595767 2000 -257.372 -0.595767 -2000 -3.15188e-11
7.115 0.598681 2000 -258.63 -0.598681 -2000 -3.10663e-11
7.12 0.60153 2000 -259.861 -0.60153 -2000 -3.06433e-11
7.125 0.604305 2000 -261.06 -0.604305 -2000 -2.97027e-11
7.13 0.607003 2000 -262.225 -0.607003 -2000 -2.8545e-11
7.135 0.609623 2000 -263.357 -0.609623 -2000 -2.93086e-11
7.14 0.612159 2000 -264.453 -0.612159 -2000 -2.77292e-11
7.145 0.614616 2000 -265.514 -0.614616 -2000 -2.799e-11
7.15 0.61702 2000 -266.553 -0.61702 -2000 -2.70287e-11
7.155 0.619398 2000 -267.58 -0.619398 -2000 -2.61936e-11
7.16 0.621736 2000 -268.59 -0.621736 -2000 -2.58825e-11
7.165 0.623997 2000 -269.567 -0.623997 -2000 -2.57233e-11
7.17 0.626176 2000 -270.508 -0.626176 -2000 -2.56643e-11
7.175 0.628292 2000 -271.422 -0.628292 -2000 -2.5444e-11
7.18 0.630355 2000 -272.313 -0.630355 -2000 -2.5311e-11
7.185 0.632354 2000 -273.177 -0.632354 -2000 -2.34628e-11
7.19 0.634272 2000 -274.006 -0.634272 -2000 -2.35152e-11
7.195 0.636103 2000 -274.797 -0.636103 -2000 -2.26075e-11
7.2 0.637856 2000 -275.554 -0.637856 -2000 -2.2888e-11
7.205 0.639535 2000 -276.279 -0.639535 -2000 -2.26626e-11
7.21 0.641129 2000 -276.968 -0.641129 -2000 -2.26844e-11
7.215 0.64264 2000 -277.621 -0.64264 -2000 -2.18547e-11
7.22 0.644094 2000 -278.249 -0.644094 -2000 -2.07695e-11
7.225 0.645504 2000 -278.858 -0.645504 -2000 -2.0998e-11
7.23 0.646857 2000 -279.442 -0.646857 -2000 -2.02828e-11
7.235 0.648134 2000 -279.994 -0.648134 -2000 -2.02025e-11
7.24 0.649344 2000 -280.517 -0.649344 -2000 -1.92653e-11
7.245 0.650492 2000 -281.013 -0.650492 -2000 -1.87762e-11
7.25 0.651568 2000 -281.477 -0.651568 -2000 -1.91671e-11
7.255 0.652559 2000 -281.905 -0.652559 -2000 -1.83635e-11
7.26 0.653473 2000 -282.3 -0.653473 -2000 -1.86577e-11
7.265 0.654329 2000 -282.67 -0.654329 -2000 -1.75682e-11
7.27 0.655123 2000 -283.013 -0.655123 -2000 -1.68809e-11
7.275 0.655838 2000 -283.322 -0.655838 -2000 -1.74166e-11
7.28 0.656462 2000 -283.591 -0.656462 -2000 -1.70256e-11
7.285 0.656996 2000 -283.822 -0.656996 -2000 -1.75706e-11
7.29 0.657449 2000 -284.018 -0.657449 -2000 -1.69243e-11
7.295 0.657832 2000 -284.183 -0.657832 -2000 1.85729e-10
7.3 0.658153 2000 -284.322 -0.658153 -2000 3.26623e-10
7.305 0.658409 2000 -284.433 -0.658409 -2000 4.09847e-10
7.31 0.658598 2000 -284.514 -0.658598 -2000 3.36767e-10
7.315 0.658712 2000 -284.564 -0.658712 -2000 2.7797e-10
7.32 0.658738 2000 -284.575 -0.658738 -2000 2.40713e-10
7.325 0.658664 2000 -284.543 -0.658664 -2000 2.14624e-10
7.33 0.658491 2000 -284.468 -0.658491 -2000 1.9813e-10
7.335 0.658235 2000 -284.358 -0.658235 -2000 1.87356e-10
7.34 0.657905 2000 -284.215 -0.657905 -2000 1.79566e-10
7.345 0.657497 2000 -284.039 -0.657497 -2000 1.73381e-10
7.35 0.656997 2000 -283.823 -0.656997 -2000 1.68559e-10
7.355 0.656399 2000 -283.564 -0.656399 -2000 1.64835e-10
7.36 0.655716 2000 -283.269 -0.655716 -2000 1.60557e-10
7.365 0.654968 2000 -282.946 -0.654968 -2000 1.57655e-10
7.37 0.65416 2000 -282.597 -0.65416 -2000 1.53914e-10
7.375 0.653289 2000 -282.221 -0.653289 -2000 1.51466e-10
7.38 0.652347 2000 -281.814 -0.652347 -2000 1.4796e-10
7.385 0.651331 2000 -281.375 -0.651331 -2000 1.44173e-10
7.39 0.650236 2000 -280.902 -0.650236 -2000 1.41208e-10
7.395 0.64907 2000 -280.398 -0.64907 -2000 1.40004e-10
7.4 0.647826 2000 -279.861 -0.647826 -2000 1.37077e-10
7.405 0.64648 2000 -279.28 -0.64648 -2000 1.33694e-10
7.41 0.645021 2000 -278.649 -0.645021 -2000 3.26551e-11
7.415 0.643466 2000 -277.977 -0.643466 -2000 -3.74154e-11
7.42 0.64184 2000 -277.275 -0.64184 -2000 -7.92749e-11
7.425 0.640139 2000 -276.54 -0.640139 -2000 -1.043e-10
7.43 0.638346 2000 -275.765 -0.638346 -2000 -1.19568e-10
7.435 0.636442 2000 -274.943 -0.636442 -2000 -1.27836e-10
