0.1 -5.84341e-32 200 -3.64153e-14
0.2 -5.91646e-31 400 1.42109e-14
0.3 -4.09039e-31 600 -1.68754e-13
0.4 -1.08103e-30 800 -1.13687e-13
0.5 8.18078e-31 1000 3.37508e-13
0.6 1.63616e-30 1200 4.90274e-13
0.7 3.50605e-31 1400 3.83693e-13
0.8 8.18078e-31 1600 4.33431e-13
0.9 -1.40242e-30 1800 -4.12115e-13
1 2.92171e-30 2000 -4.12115e-13
0.005 -1.46219e-05 2000 0.0063371
0.01 -7.31014e-05 2000 0.0316184
0.015 -0.000190197 2000 0.0821966
0.02 -0.000366144 2000 0.1582
0.025 -0.00060115 2000 0.259718
0.03 -0.000895421 2000 0.386839
0.035 -0.00124915 2000 0.539647
0.04 -0.00166253 2000 0.718223
0.045 -0.00213573 2000 0.922645
0.05 -0.00266894 2000 1.15299
0.055 -0.00326232 2000 1.40933
0.06 -0.00391603 2000 1.69173
0.065 -0.00463023 2000 2.00026
0.07 -0.00540504 2000 2.33498
0.075 -0.00624061 2000 2.69595
0.08 -0.00713709 2000 3.08322
0.085 -0.0080946 2000 3.49687
0.09 -0.00911329 2000 3.93694
0.095 -0.0101933 2000 4.40349
0.1 -0.0113346 2000 4.89654
0.105 -0.0125373 2000 5.41613
0.11 -0.0138016 2000 5.9623
0.115 -0.0151275 2000 6.53509
0.12 -0.0165151 2000 7.13454
0.125 -0.0179645 2000 7.76068
0.13 -0.0194758 2000 8.41355
0.135 -0.021049 2000 9.09316
0.14 -0.0226841 2000 9.79955
0.145 -0.0243813 2000 10.5327
0.15 -0.0261405 2000 11.2927
0.155 -0.0279617 2000 12.0795
0.16 -0.029845 2000 12.8931
0.165 -0.0317905 2000 13.7335
0.17 -0.033798 2000 14.6008
0.175 -0.0358677 2000 15.4948
0.18 -0.0379995 2000 16.4158
0.185 -0.0401933 2000 17.3635
0.19 -0.0424493 2000 18.3381
0.195 -0.0447673 2000 19.3395
0.2 -0.0471472 2000 20.3676
0.205 -0.0495892 2000 21.4225
0.21 -0.0520929 2000 22.5042
0.215 -0.0546584 2000 23.6125
0.22 -0.0572857 2000 24.7474
0.225 -0.0599747 2000 25.9091
0.23 -0.0627256 2000 27.0975
0.235 -0.0655378 2000 28.3124
0.24 -0.0684113 2000 29.5537
0.245 -0.0713458 2000 30.8214
0.25 -0.0743417 2000 32.1156
0.255 -0.0773987 2000 33.4363
0.26 -0.0805168 2000 34.7833
0.265 -0.0836957 2000 36.1565
0.27 -0.0869353 2000 37.5561
0.275 -0.0902356 2000 38.9818
0.28 -0.0935963 2000 40.4336
0.285 -0.0970172 2000 41.9115
0.29 -0.100498 2000 43.4153
0.295 -0.104039 2000 44.9451
0.3 -0.107641 2000 46.5008
0.305 -0.111302 2000 48.0824
0.31 -0.115023 2000 49.6898
0.315 -0.118803 2000 51.3228
0.32 -0.122642 2000 52.9813
0.325 -0.12654 2000 54.6653
0.33 -0.130497 2000 56.3745
0.335 -0.134512 2000 58.1091
0.34 -0.138585 2000 59.8688
0.345 -0.142716 2000 61.6535
0.35 -0.146905 2000 63.4632
0.355 -0.151152 2000 65.2977
0.36 -0.155456 2000 67.157
0.365 -0.159817 2000 69.0411
0.37 -0.164236 2000 70.9499
0.375 -0.16871 2000 72.883
0.38 -0.173241 2000 74.8401
0.385 -0.177827 2000 76.8214
0.39 -0.182469 2000 78.8268
0.395 -0.187167 2000 80.8561
0.4 -0.19192 2000 82.9093
0.405 -0.196727 2000 84.9862
0.41 -0.20159 2000 87.0868
0.415 -0.206507 2000 89.211
0.42 -0.211478 2000 91.3585
0.425 -0.216503 2000 93.5292
0.43 -0.22158 2000 95.7228
0.435 -0.226711 2000 97.9392
0.44 -0.231894 2000 100.178
0.445 -0.237129 2000 102.44
0.45 -0.242417 2000 104.724
0.455 -0.247756 2000 107.03
0.46 -0.253145 2000 109.359
0.465 -0.258586 2000 111.709
0.47 -0.264077 2000 114.081
0.475 -0.269618 2000 116.475
0.48 -0.275208 2000 118.89
0.485 -0.280848 2000 121.326
0.49 -0.286537 2000 123.784
0.495 -0.292274 2000 126.262
0.5 -0.298059 2000 128.761
0.505 -0.303891 2000 131.281
0.51 -0.309771 2000 133.821
0.515 -0.315698 2000 136.381
0.52 -0.321671 2000 138.962
0.525 -0.32769 2000 141.562
0.53 -0.333755 2000 144.182
0.535 -0.339864 2000 146.822
0.54 -0.346018 2000 149.48
0.545 -0.352216 2000 152.158
0.55 -0.358458 2000 154.854
0.555 -0.364742 2000 157.569
0.56 -0.371068 2000 160.302
0.565 -0.377436 2000 163.053
0.57 -0.383846 2000 165.821
0.575 -0.390294 2000 168.607
0.58 -0.396782 2000 171.41
0.585 -0.403307 2000 174.229
0.59 -0.409869 2000 177.064
0.595 -0.416471 2000 179.915
0.6 -0.423112 2000 182.784
0.605 -0.429791 2000 185.67
0.61 -0.436508 2000 188.572
0.615 -0.443262 2000 191.489
0.62 -0.450053 2000 194.423
0.625 -0.45688 2000 197.372
0.63 -0.463744 2000 200.338
0.635 -0.470644 2000 203.318
0.64 -0.477578 2000 206.314
0.645 -0.484545 2000 209.324
0.65 -0.491547 2000 212.348
0.655 -0.498581 2000 215.387
0.66 -0.505647 2000 218.44
0.665 -0.512743 2000 221.505
0.67 -0.519868 2000 224.583
0.675 -0.527022 2000 227.673
0.68 -0.534206 2000 230.777
0.685 -0.541419 2000 233.893
0.69 -0.548661 2000 237.022
0.695 -0.555931 2000 240.162
0.7 -0.563227 2000 243.314
0.705 -0.57055 2000 246.478
0.71 -0.577899 2000 249.652
0.715 -0.585273 2000 252.838
0.72 -0.592673 2000 256.035
0.725 -0.600097 2000 259.242
0.73 -0.607544 2000 262.459
0.735 -0.615013 2000 265.686
0.74 -0.622504 2000 268.922
0.745 -0.630015 2000 272.167
0.75 -0.637544 2000 275.419
0.755 -0.645091 2000 278.679
0.76 -0.652655 2000 281.947
0.765 -0.660238 2000 285.223
0.77 -0.667837 2000 288.506
0.775 -0.675452 2000 291.796
0.78 -0.683085 2000 295.093
0.785 -0.690735 2000 298.398
0.79 -0.698402 2000 301.71
0.795 -0.706083 2000 305.028
0.8 -0.713778 2000 308.352
0.805 -0.721486 2000 311.682
0.81 -0.729205 2000 315.017
0.815 -0.736936 2000 318.357
0.82 -0.744678 2000 321.701
0.825 -0.752427 2000 325.049
0.83 -0.760185 2000 328.4
0.835 -0.767952 2000 331.755
0.84 -0.775729 2000 335.115
0.845 -0.783513 2000 338.478
0.85 -0.791303 2000 341.843
0.855 -0.7991 2000 345.211
0.86 -0.806905 2000 348.583
0.865 -0.814716 2000 351.957
0.87 -0.822532 2000 355.334
0.875 -0.830351 2000 358.712
0.88 -0.838173 2000 362.091
0.885 -0.845997 2000 365.471
0.89 -0.853823 2000 368.852
0.895 -0.861651 2000 372.234
0.9 -0.869482 2000 375.616
0.905 -0.877314 2000 379
0.91 -0.885146 2000 382.383
0.915 -0.892976 2000 385.766
0.92 -0.900804 2000 389.147
0.925 -0.908629 2000 392.528
0.93 -0.916449 2000 395.906
0.935 -0.924267 2000 399.283
0.94 -0.932081 2000 402.659
0.945 -0.939891 2000 406.033
0.95 -0.947693 2000 409.403
0.955 -0.955487 2000 412.771
0.96 -0.963275 2000 416.135
0.965 -0.971056 2000 419.496
0.97 -0.978828 2000 422.854
0.975 -0.98659 2000 426.207
0.98 -0.99434 2000 429.555
0.985 -1.00208 2000 432.897
0.99 -1.0098 2000 436.233
0.995 -1.0175 2000 439.561
1 -1.0252 2000 442.885
1.005 -1.03288 2000 446.202
1.01 -1.04054 2000 449.515
1.015 -1.0482 2000 452.821
1.02 -1.05583 2000 456.12
1.025 -1.06346 2000 459.413
1.03 -1.07106 2000 462.699
1.035 -1.07865 2000 465.977
1.04 -1.08622 2000 469.248
1.045 -1.09377 2000 472.51
1.05 -1.1013 2000 475.762
1.055 -1.1088 2000 479.003
1.06 -1.11628 2000 482.233
1.065 -1.12373 2000 485.454
1.07 -1.13116 2000 488.663
1.075 -1.13857 2000 491.86
1.08 -1.14594 2000 495.045
1.085 -1.15328 2000 498.218
1.09 -1.1606 2000 501.378
1.095 -1.16788 2000 504.526
1.1 -1.17514 2000 507.66
1.105 -1.18236 2000 510.781
1.11 -1.18956 2000 513.89
1.115 -1.19673 2000 516.986
1.12 -1.20386 2000 520.068
1.125 -1.21096 2000 523.134
1.13 -1.21802 2000 526.185
1.135 -1.22505 2000 529.222
1.14 -1.23205 2000 532.246
1.145 -1.23902 2000 535.256
1.15 -1.24595 2000 538.25
1.155 -1.25284 2000 541.226
1.16 -1.25969 2000 544.186
1.165 -1.2665 2000 547.129
1.17 -1.27328 2000 550.056
1.175 -1.28002 2000 552.968
1.18 -1.28672 2000 555.863
1.185 -1.29338 2000 558.742
1.19 -1.30001 2000 561.602
1.195 -1.30658 2000 564.444
1.2 -1.31311 2000 567.266
1.205 -1.3196 2000 570.067
1.21 -1.32604 2000 572.848
1.215 -1.33243 2000 575.609
1.22 -1.33877 2000 578.35
1.225 -1.34507 2000 581.07
1.23 -1.35131 2000 583.768
1.235 -1.35751 2000 586.445
1.24 -1.36366 2000 589.102
1.245 -1.36978 2000 591.743
1.25 -1.37585 2000 594.368
1.255 -1.38188 2000 596.973
1.26 -1.38786 2000 599.555
1.265 -1.39378 2000 602.113
1.27 -1.39964 2000 604.646
1.275 -1.40546 2000 607.157
1.28 -1.41121 2000 609.644
1.285 -1.41692 2000 612.109
1.29 -1.42257 2000 614.549
1.295 -1.42816 2000 616.966
1.3 -1.4337 2000 619.36
1.305 -1.43919 2000 621.73
1.31 -1.44462 2000 624.077
1.315 -1.45 2000 626.398
1.32 -1.45531 2000 628.694
1.325 -1.46056 2000 630.964
1.33 -1.46576 2000 633.209
1.335 -1.4709 2000 635.429
1.34 -1.47599 2000 637.626
1.345 -1.48101 2000 639.798
1.35 -1.48598 2000 641.944
1.355 -1.49088 2000 644.062
1.36 -1.49572 2000 646.152
1.365 -1.5005 2000 648.216
1.37 -1.50521 2000 650.252
1.375 -1.50986 2000 652.259
1.38 -1.51444 2000 654.237
1.385 -1.51895 2000 656.185
1.39 -1.52339 2000 658.104
1.395 -1.52776 2000 659.993
1.4 -1.53206 2000 661.852
1.405 -1.5363 2000 663.682
1.41 -1.54047 2000 665.482
1.415 -1.54457 2000 667.254
1.42 -1.5486 2000 668.996
1.425 -1.55256 2000 670.707
1.43 -1.55645 2000 672.388
1.435 -1.56027 2000 674.038
1.44 -1.56402 2000 675.656
1.445 -1.56769 2000 677.242
1.45 -1.57129 2000 678.797
1.455 -1.57482 2000 680.321
1.46 -1.57827 2000 681.812
1.465 -1.58164 2000 683.27
1.47 -1.58494 2000 684.696
1.475 -1.58818 2000 686.092
1.48 -1.59134 2000 687.458
1.485 -1.59443 2000 688.792
1.49 -1.59743 2000 690.091
1.495 -1.60036 2000 691.356
1.5 -1.60321 2000 692.587
1.505 -1.60598 2000 693.785
1.51 -1.60868 2000 694.949
1.515 -1.61129 2000 696.077
1.52 -1.61382 2000 697.171
1.525 -1.61627 2000 698.23
1.53 -1.61865 2000 699.259
1.535 -1.62096 2000 700.256
1.54 -1.62319 2000 701.22
1.545 -1.62534 2000 702.147
1.55 -1.6274 2000 703.037
1.555 -1.62937 2000 703.89
1.56 -1.63127 2000 704.707
1.565 -1.63308 2000 705.49
1.57 -1.63481 2000 706.237
1.575 -1.63645 2000 706.947
1.58 -1.63801 2000 707.619
1.585 -1.63947 2000 708.252
1.59 -1.64085 2000 708.846
1.595 -1.64213 2000 709.4
1.6 -1.64332 2000 709.916
1.605 -1.64444 2000 710.396
1.61 -1.64546 2000 710.84
1.615 -1.64641 2000 711.248
1.62 -1.64726 2000 711.617
1.625 -1.64803 2000 711.948
1.63 -1.64871 2000 712.241
1.635 -1.64929 2000 712.495
1.64 -1.64979 2000 712.709
1.645 -1.65019 2000 712.881
1.65 -1.65049 2000 713.011
1.655 -1.6507 2000 713.1
1.66 -1.65081 2000 713.152
1.665 -1.65084 2000 713.165
1.67 -1.65078 2000 713.136
1.675 -1.65061 2000 713.066
1.68 -1.65035 2000 712.952
1.685 -1.64998 2000 712.792
1.69 -1.6495 2000 712.586
1.695 -1.64892 2000 712.333
1.7 -1.64823 2000 712.035
1.705 -1.64744 2000 711.693
1.71 -1.64654 2000 711.305
1.715 -1.64553 2000 710.871
1.72 -1.64441 2000 710.387
1.725 -1.64318 2000 709.852
1.73 -1.64182 2000 709.265
1.735 -1.64034 2000 708.627
1.74 -1.63875 2000 707.939
1.745 -1.63704 2000 707.202
1.75 -1.63522 2000 706.417
1.755 -1.63329 2000 705.581
1.76 -1.63124 2000 704.695
1.765 -1.62908 2000 703.761
1.77 -1.6268 2000 702.778
1.775 -1.62442 2000 701.748
1.78 -1.62192 2000 700.67
1.785 -1.61932 2000 699.544
1.79 -1.6166 2000 698.373
1.795 -1.61379 2000 697.156
1.8 -1.61086 2000 695.892
1.805 -1.60783 2000 694.581
1.81 -1.60468 2000 693.223
1.815 -1.60143 2000 691.816
1.82 -1.59805 2000 690.358
1.825 -1.59456 2000 688.851
1.83 -1.59096 2000 687.294
1.835 -1.58724 2000 685.69
1.84 -1.58342 2000 684.038
1.845 -1.57949 2000 682.339
1.85 -1.57544 2000 680.591
1.855 -1.57128 2000 678.793
1.86 -1.567 2000 676.946
1.865 -1.56262 2000 675.052
1.87 -1.55813 2000 673.113
1.875 -1.55354 2000 671.128
1.88 -1.54883 2000 669.095
1.885 -1.54401 2000 667.014
1.89 -1.53908 2000 664.883
1.895 -1.53403 2000 662.702
1.9 -1.52887 2000 660.474
1.905 -1.52361 2000 658.199
1.91 -1.51823 2000 655.877
1.915 -1.51275 2000 653.509
1.92 -1.50717 2000 651.096
1.925 -1.50148 2000 648.639
1.93 -1.49569 2000 646.139
1.935 -1.48981 2000 643.596
1.94 -1.48382 2000 641.009
1.945 -1.47772 2000 638.373
1.95 -1.47151 2000 635.691
1.955 -1.4652 2000 632.965
1.96 -1.45878 2000 630.194
1.965 -1.45226 2000 627.376
1.97 -1.44562 2000 624.507
1.975 -1.43886 2000 621.589
1.98 -1.432 2000 618.622
1.985 -1.42502 2000 615.607
1.99 -1.41792 2000 612.542
1.995 -1.41071 2000 609.425
2 -1.40338 2000 606.26
2.005 -1.39596 2000 603.054
2.01 -1.38845 2000 599.809
2.015 -1.38084 2000 596.525
2.02 -1.37314 2000 593.197
2.025 -1.36533 2000 589.824
2.03 -1.35743 2000 586.409
2.035 -1.34942 2000 582.95
2.04 -1.34131 2000 579.447
2.045 -1.33311 2000 575.905
2.05 -1.32483 2000 572.327
2.055 -1.31646 2000 568.711
2.06 -1.308 2000 565.056
2.065 -1.29945 2000 561.363
2.07 -1.29081 2000 557.629
2.075 -1.28207 2000 553.854
2.08 -1.27324 2000 550.038
2.085 -1.26431 2000 546.183
2.09 -1.2553 2000 542.29
2.095 -1.24621 2000 538.362
2.1 -1.23703 2000 534.398
2.105 -1.22776 2000 530.393
2.11 -1.21839 2000 526.343
2.115 -1.20891 2000 522.249
2.12 -1.19934 2000 518.113
2.125 -1.18967 2000 513.937
2.13 -1.1799 2000 509.718
2.135 -1.17003 2000 505.451
2.14 -1.16003 2000 501.134
2.145 -1.14993 2000 496.77
2.15 -1.13973 2000 492.364
2.155 -1.12944 2000 487.917
2.16 -1.11905 2000 483.428
2.165 -1.10856 2000 478.898
2.17 -1.09798 2000 474.329
2.175 -1.08732 2000 469.723
2.18 -1.07657 2000 465.08
2.185 -1.06574 2000 460.401
2.19 -1.05482 2000 455.683
2.195 -1.04381 2000 450.927
2.2 -1.03272 2000 446.137
2.205 -1.02157 2000 441.316
2.21 -1.01033 2000 436.463
2.215 -0.999008 2000 431.572
2.22 -0.987597 2000 426.642
2.225 -0.976117 2000 421.682
2.23 -0.964576 2000 416.697
2.235 -0.952965 2000 411.681
2.24 -0.941272 2000 406.63
2.245 -0.929495 2000 401.542
2.25 -0.917639 2000 396.42
2.255 -0.905701 2000 391.263
2.26 -0.893676 2000 386.068
2.265 -0.881564 2000 380.836
2.27 -0.869379 2000 375.572
2.275 -0.857127 2000 370.279
2.28 -0.844806 2000 364.956
2.285 -0.832402 2000 359.598
2.29 -0.819908 2000 354.2
2.295 -0.807328 2000 348.765
2.3 -0.794671 2000 343.298
2.305 -0.781951 2000 337.803
2.31 -0.769177 2000 332.285
2.315 -0.756346 2000 326.742
2.32 -0.743455 2000 321.173
2.325 -0.730507 2000 315.579
2.33 -0.717499 2000 309.959
2.335 -0.704419 2000 304.309
2.34 -0.691263 2000 298.626
2.345 -0.678045 2000 292.915
2.35 -0.664776 2000 287.183
2.355 -0.651453 2000 281.428
2.36 -0.638067 2000 275.645
2.365 -0.624615 2000 269.833
2.37 -0.611094 2000 263.992
2.375 -0.597501 2000 258.12
2.38 -0.583835 2000 252.217
2.385 -0.570108 2000 246.287
2.39 -0.556331 2000 240.335
2.395 -0.542504 2000 234.362
2.4 -0.528619 2000 228.364
2.405 -0.514665 2000 222.335
2.41 -0.500637 2000 216.275
2.415 -0.486542 2000 210.186
2.42 -0.472397 2000 204.075
2.425 -0.458217 2000 197.95
2.43 -0.444 2000 191.808
2.435 -0.429734 2000 185.645
2.44 -0.415411 2000 179.457
2.445 -0.401024 2000 173.243
2.45 -0.386577 2000 167.001
2.455 -0.372084 2000 160.74
2.46 -0.357553 2000 154.463
2.465 -0.342987 2000 148.171
2.47 -0.328375 2000 141.858
2.475 -0.313712 2000 135.524
2.48 -0.298997 2000 129.167
2.485 -0.284234 2000 122.789
2.49 -0.269423 2000 116.391
2.495 -0.254573 2000 109.975
2.5 -0.239689 2000 103.545
2.505 -0.224765 2000 97.098
2.51 -0.209797 2000 90.6318
2.515 -0.194785 2000 84.1468
2.52 -0.179737 2000 77.6459
2.525 -0.164681 2000 71.1417
2.53 -0.14961 2000 64.6312
2.535 -0.134534 2000 58.1182
2.54 -0.119454 2000 51.6028
2.545 -0.104365 2000 45.0842
2.55 -0.0892318 2000 38.5468
2.555 -0.0740817 2000 32.0012
2.56 -0.0589182 2000 25.4506
2.565 -0.0437804 2000 18.9104
2.57 -0.0286832 2000 12.388
2.575 -0.0135912 2000 5.8684
2.58 0.00151684 2000 -0.658471
2.585 0.0165951 2000 -7.17227
2.59 0.0316851 2000 -13.6909
2.595 0.0466673 2000 -20.1638
2.6 0.0615669 1999.99 -26.6009
2.605 0.0762716 1999.99 -32.9537
2.61 0.0906594 1999.99 -39.1695
2.615 0.104777 1999.99 -45.2691
2.62 0.118897 1999.99 -51.3681
2.625 0.133019 1999.99 -57.468
2.63 0.147135 1999.99 -63.5655
2.635 0.16124 1999.99 -69.6582
2.64 0.175338 2000 -75.748
2.645 0.189437 2000 -81.8384
2.65 0.203544 2000 -87.9322
2.655 0.217659 2000 -94.0295
2.66 0.231773 2000 -100.126
2.665 0.245873 2000 -106.217
2.67 0.259959 2000 -112.302
2.675 0.274036 2000 -118.383
2.68 0.288115 2000 -124.465
2.685 0.302192 2000 -130.546
2.69 0.316267 2000 -136.627
2.695 0.33035 2000 -142.711
2.7 0.344449 2000 -148.801
2.705 0.358558 2000 -154.896
2.71 0.372661 2000 -160.989
2.715 0.386747 2000 -167.074
2.72 0.400813 2000 -173.151
2.725 0.414883 2000 -179.229
2.73 0.428981 2000 -185.319
2.735 0.443106 2000 -191.421
2.74 0.457237 2000 -197.526
2.745 0.471363 2000 -203.628
2.75 0.485491 2000 -209.732
2.755 0.499635 2000 -215.842
2.76 0.513801 2000 -221.962
2.765 0.527983 2000 -228.088
2.77 0.542162 2000 -234.214
2.775 0.556327 2000 -240.333
2.78 0.570471 2000 -246.444
2.785 0.584589 2000 -252.542
2.79 0.598679 2000 -258.629
2.795 0.612753 2000 -264.709
2.8 0.626815 2000 -270.784
2.805 0.640859 2000 -276.851
2.81 0.654883 2000 -282.909
2.815 0.668897 2000 -288.964
2.82 0.68291 2000 -295.017
2.825 0.696921 2000 -301.07
2.83 0.710922 2000 -307.118
2.835 0.724901 2000 -313.158
2.84 0.738859 2000 -319.187
2.845 0.752809 2000 -325.214
2.85 0.766756 2000 -331.239
2.855 0.780686 2000 -337.257
2.86 0.794583 2000 -343.26
2.865 0.808452 2000 -349.252
2.87 0.8223 2000 -355.234
2.875 0.836123 2000 -361.205
2.88 0.849917 2000 -367.165
2.885 0.863686 2000 -373.112
2.89 0.877429 2000 -379.05
2.895 0.891146 2000 -384.975
2.9 0.904831 2000 -390.887
2.905 0.918485 2000 -396.786
2.91 0.932113 2000 -402.673
2.915 0.945721 2000 -408.552
2.92 0.959308 2000 -414.421
2.925 0.972867 2000 -420.279
2.93 0.986397 2000 -426.124
2.935 0.999898 2000 -431.956
2.94 1.01336 2000 -437.773
2.945 1.02678 2000 -443.571
2.95 1.04017 2000 -449.352
2.955 1.05353 2000 -455.123
2.96 1.06686 2000 -460.884
2.965 1.08016 2000 -466.629
2.97 1.09341 2000 -472.355
2.975 1.10663 2000 -478.064
2.98 1.11981 2000 -483.757
2.985 1.13295 2000 -489.433
2.99 1.14603 2000 -495.087
2.995 1.15907 2000 -500.716
3 1.17203 2000 -506.316
3.005 1.18493 2000 -511.89
3.01 1.19779 2000 -517.445
3.015 1.21061 2000 -522.985
3.02 1.22339 2000 -528.505
3.025 1.23611 2000 -533.999
3.03 1.24876 2000 -539.463
3.035 1.26134 2000 -544.898
3.04 1.27386 2000 -550.308
3.045 1.28634 2000 -555.699
3.05 1.29878 2000 -561.073
3.055 1.31118 2000 -566.43
3.06 1.32353 2000 -571.767
3.065 1.33584 2000 -577.082
3.07 1.3481 2000 -582.377
3.075 1.36031 2000 -587.654
3.08 1.37247 2000 -592.907
3.085 1.38456 2000 -598.132
3.09 1.3966 2000 -603.33
3.095 1.40857 2000 -608.503
3.1 1.42048 2000 -613.649
3.105 1.43233 2000 -618.766
3.11 1.44411 2000 -623.857
3.115 1.45584 2000 -628.925
3.12 1.46752 2000 -633.969
3.125 1.47914 2000 -638.99
3.13 1.49071 2000 -643.989
3.135 1.50224 2000 -648.966
3.14 1.5137 2000 -653.919
3.145 1.52511 2000 -658.847
3.15 1.53646 2000 -663.749
3.155 1.54774 2000 -668.624
3.16 1.55895 2000 -673.467
3.165 1.57009 2000 -678.278
3.17 1.58116 2000 -683.061
3.175 1.59218 2000 -687.821
3.18 1.60315 2000 -692.563
3.185 1.61408 2000 -697.282
3.19 1.62494 2000 -701.974
3.195 1.63574 2000 -706.638
3.2 1.64646 2000 -711.272
3.205 1.65713 2000 -715.878
3.21 1.66774 2000 -720.465
3.215 1.67832 2000 -725.036
3.22 1.68886 2000 -729.586
3.225 1.6993 2000 -734.098
3.23 1.70964 2000 -738.566
3.235 1.7199 2000 -742.999
3.24 1.73011 2000 -747.407
3.245 1.74025 2000 -751.789
3.25 1.75032 2000 -756.14
3.255 1.76033 2000 -760.463
3.26 1.77029 2000 -764.765
3.265 1.78018 2000 -769.04
3.27 1.79 2000 -773.279
3.275 1.79973 2000 -777.483
3.28 1.80939 2000 -781.656
3.285 1.81897 2000 -785.796
3.29 1.82848 2000 -789.903
3.295 1.83792 2000 -793.982
3.3 1.84731 2000 -798.037
3.305 1.85663 2000 -802.065
3.31 1.86589 2000 -806.064
3.315 1.87507 2000 -810.032
3.32 1.88419 2000 -813.969
3.325 1.89322 2000 -817.872
3.33 1.90217 2000 -821.739
3.335 1.91105 2000 -825.572
3.34 1.91984 2000 -829.373
3.345 1.92857 2000 -833.141
3.35 1.93721 2000 -836.874
3.355 1.94577 2000 -840.573
3.36 1.95425 2000 -844.235
3.365 1.96263 2000 -847.857
3.37 1.97093 2000 -851.44
3.375 1.97914 2000 -854.988
3.38 1.98728 2000 -858.504
3.385 1.99534 2000 -861.987
3.39 2.00333 2000 -865.437
3.395 2.01124 2000 -868.855
3.4 2.01907 2000 -872.236
3.405 2.0268 2000 -875.578
3.41 2.03443 2000 -878.875
3.415 2.04196 2000 -882.125
3.42 2.04939 2000 -885.335
3.425 2.05674 2000 -888.513
3.43 2.06402 2000 -891.658
3.435 2.07122 2000 -894.768
3.44 2.07833 2000 -897.838
3.445 2.08535 2000 -900.872
3.45 2.09229 2000 -903.87
3.455 2.09915 2000 -906.834
3.46 2.10593 2000 -909.763
3.465 2.11262 2000 -912.651
3.47 2.1192 2000 -915.494
3.475 2.12568 2000 -918.295
3.48 2.13209 2000 -921.061
3.485 2.13842 2000 -923.797
3.49 2.14467 2000 -926.499
3.495 2.15084 2000 -929.163
3.5 2.15692 2000 -931.789
3.505 2.16292 2000 -934.38
3.51 2.16884 2000 -936.937
3.515 2.17467 2000 -939.459
3.52 2.18043 2000 -941.946
3.525 2.18611 2000 -944.398
3.53 2.1917 2000 -946.814
3.535 2.19719 2000 -949.187
3.54 2.20259 2000 -951.521
3.545 2.20792 2000 -953.82
3.55 2.21316 2000 -956.087
3.555 2.21833 2000 -958.318
3.56 2.2234 2000 -960.507
3.565 2.22837 2000 -962.656
3.57 2.23326 2000 -964.767
3.575 2.23805 2000 -966.838
3.58 2.24274 2000 -968.862
3.585 2.2473 2000 -970.835
3.59 2.25175 2000 -972.758
3.595 2.25609 2000 -974.633
3.6 2.26033 2000 -976.461
3.605 2.26446 2000 -978.247
3.61 2.26851 2000 -979.995
3.615 2.27247 2000 -981.705
3.62 2.27634 2000 -983.377
3.625 2.2801 2000 -985.005
3.63 2.28376 2000 -986.586
3.635 2.28732 2000 -988.121
3.64 2.29077 2000 -989.612
3.645 2.29413 2000 -991.066
3.65 2.29742 2000 -992.484
3.655 2.30062 2000 -993.867
3.66 2.30372 2000 -995.205
3.665 2.3067 2000 -996.496
3.67 2.30958 2000 -997.741
3.675 2.31236 2000 -998.938
3.68 2.31503 2000 -1000.09
3.685 2.3176 2000 -1001.2
3.69 2.32008 2000 -1002.27
3.695 2.32247 2000 -1003.31
3.7 2.32477 2000 -1004.3
3.705 2.32697 2000 -1005.25
3.71 2.32907 2000 -1006.16
3.715 2.33108 2000 -1007.03
3.72 2.33299 2000 -1007.85
3.725 2.33482 2000 -1008.64
3.73 2.33654 2000 -1009.39
3.735 2.33816 2000 -1010.09
3.74 2.33968 2000 -1010.74
3.745 2.34109 2000 -1011.35
3.75 2.34242 2000 -1011.92
3.755 2.34365 2000 -1012.46
3.76 2.34479 2000 -1012.95
3.765 2.34584 2000 -1013.4
3.77 2.34681 2000 -1013.82
3.775 2.34767 2000 -1014.19
3.78 2.34843 2000 -1014.52
3.785 2.3491 2000 -1014.81
3.79 2.34967 2000 -1015.06
3.795 2.35013 2000 -1015.26
3.8 2.3505 2000 -1015.42
3.805 2.35078 2000 -1015.54
3.81 2.35097 2000 -1015.62
3.815 2.35106 2000 -1015.66
3.82 2.35102 2000 -1015.64
3.825 2.35084 2000 -1015.56
3.83 2.35054 2000 -1015.43
3.835 2.35012 2000 -1015.25
3.84 2.34959 2000 -1015.02
3.845 2.34894 2000 -1014.74
3.85 2.34818 2000 -1014.41
3.855 2.3473 2000 -1014.03
3.86 2.34631 2000 -1013.6
3.865 2.3452 2000 -1013.13
3.87 2.34398 2000 -1012.6
3.875 2.34263 2000 -1012.02
3.88 2.34116 2000 -1011.38
3.885 2.33958 2000 -1010.7
3.89 2.33789 2000 -1009.97
3.895 2.33609 2000 -1009.19
3.9 2.33418 2000 -1008.37
3.905 2.33219 2000 -1007.51
3.91 2.33012 2000 -1006.61
3.915 2.32794 2000 -1005.67
3.92 2.32567 2000 -1004.69
3.925 2.3233 2000 -1003.67
3.93 2.32083 2000 -1002.6
3.935 2.31827 2000 -1001.49
3.94 2.31561 2000 -1000.35
3.945 2.31287 2000 -999.161
3.95 2.31003 2000 -997.935
3.955 2.30708 2000 -996.659
3.96 2.30401 2000 -995.334
3.965 2.30084 2000 -993.964
3.97 2.29757 2000 -992.549
3.975 2.29418 2000 -991.086
3.98 2.29067 2000 -989.569
3.985 2.28704 2000 -988.001
3.99 2.2833 2000 -986.384
3.995 2.27944 2000 -984.717
4 2.27545 2000 -982.993
4.005 2.27133 2000 -981.213
4.01 2.2671 2000 -979.386
4.015 2.26277 2000 -977.518
4.02 2.25835 2000 -975.608
4.025 2.25382 2000 -973.65
4.03 2.24917 2000 -971.642
4.035 2.24441 2000 -969.586
4.04 2.23954 2000 -967.483
4.045 2.23456 2000 -965.331
4.05 2.22946 2000 -963.127
4.055 2.22425 2000 -960.878
4.06 2.21895 2000 -958.586
4.065 2.21355 2000 -956.252
4.07 2.20805 2000 -953.877
4.075 2.20246 2000 -951.463
4.08 2.19677 2000 -949.005
4.085 2.19097 2000 -946.497
4.09 2.18504 2000 -943.937
4.095 2.17901 2000 -941.331
4.1 2.17287 2000 -938.679
4.105 2.16662 2000 -935.98
4.11 2.16027 2000 -933.238
4.115 2.15384 2000 -930.46
4.12 2.14732 2000 -927.642
4.125 2.1407 2000 -924.781
4.13 2.13397 2000 -921.875
4.135 2.12715 2000 -918.931
4.14 2.12026 2000 -915.951
4.145 2.11328 2000 -912.937
4.15 2.10622 2000 -909.887
4.155 2.09908 2000 -906.803
4.16 2.09186 2000 -903.685
4.165 2.08457 2000 -900.532
4.17 2.07719 2000 -897.346
4.175 2.06974 2000 -894.13
4.18 2.06224 2000 -890.887
4.185 2.05468 2000 -887.62
4.19 2.04705 2000 -884.327
4.195 2.03937 2000 -881.006
4.2 2.03159 2000 -877.649
4.205 2.02372 2000 -874.247
4.21 2.01574 2000 -870.801
4.215 2.00769 2000 -867.32
4.22 1.99955 2000 -863.808
4.225 1.99135 2000 -860.264
4.23 1.98309 2000 -856.693
4.235 1.97477 2000 -853.099
4.24 1.9664 2000 -849.486
4.245 1.95798 2000 -845.849
4.25 1.94949 2000 -842.179
4.255 1.94091 2000 -838.473
4.26 1.93225 2000 -834.733
4.265 1.92352 2000 -830.96
4.27 1.91471 2000 -827.156
4.275 1.90582 2000 -823.314
4.28 1.89683 2000 -819.432
4.285 1.88776 2000 -815.514
4.29 1.87862 2000 -811.565
4.295 1.86942 2000 -807.588
4.3 1.86013 2000 -803.578
4.305 1.85077 2000 -799.531
4.31 1.84132 2000 -795.45
4.315 1.8318 2000 -791.336
4.32 1.82219 2000 -787.187
4.325 1.81252 2000 -783.009
4.33 1.80278 2000 -778.802
4.335 1.79296 2000 -774.561
4.34 1.78306 2000 -770.284
4.345 1.7731 2000 -765.978
4.35 1.76306 2000 -761.644
4.355 1.75296 2000 -757.279
4.36 1.74278 2000 -752.881
4.365 1.73254 2000 -748.456
4.37 1.72224 2000 -744.008
4.375 1.71189 2000 -739.537
4.38 1.70148 2000 -735.041
4.385 1.691 2000 -730.514
4.39 1.68045 2000 -725.953
4.395 1.66981 2000 -721.356
4.4 1.65908 2000 -716.724
4.405 1.64829 2000 -712.061
4.41 1.63743 2000 -707.369
4.415 1.6265 2000 -702.648
4.42 1.61551 2000 -697.901
4.425 1.60446 2000 -693.128
4.43 1.59337 2000 -688.334
4.435 1.58222 2000 -683.519
4.44 1.57102 2000 -678.68
4.445 1.55974 2000 -673.808
4.45 1.5484 2000 -668.907
4.455 1.53701 2000 -663.987
4.46 1.5256 2000 -659.058
4.465 1.51416 2000 -654.118
4.47 1.50268 2000 -649.158
4.475 1.49116 2000 -644.179
4.48 1.47959 2000 -639.183
4.485 1.46799 2000 -634.171
4.49 1.45635 2000 -629.143
4.495 1.44468 2000 -624.1
4.5 1.43295 2000 -619.036
4.505 1.42117 2000 -613.943
4.51 1.40931 2000 -608.821
4.515 1.39739 2000 -603.673
4.52 1.38543 2000 -598.504
4.525 1.37342 2000 -593.318
4.53 1.36138 2000 -588.115
4.535 1.34929 2000 -582.894
4.54 1.33718 2000 -577.661
4.545 1.32506 2000 -572.425
4.55 1.31293 2000 -567.185
4.555 1.30076 2000 -561.927
4.56 1.28853 2000 -556.643
4.565 1.27625 2000 -551.339
4.57 1.26394 2000 -546.023
4.575 1.25162 2000 -540.699
4.58 1.23925 2000 -535.357
4.585 1.22683 2000 -529.99
4.59 1.21435 2000 -524.598
4.595 1.20182 2000 -519.186
4.6 1.18925 2000 -513.758
4.605 1.17667 2000 -508.321
4.61 1.16409 2000 -502.885
4.615 1.15152 2000 -497.455
4.62 1.13894 2000 -492.021
4.625 1.12633 2000 -486.574
4.63 1.11367 2000 -481.106
4.635 1.10097 2000 -475.62
4.64 1.08825 2000 -470.122
4.645 1.07549 2000 -464.611
4.65 1.06268 2000 -459.077
4.655 1.0498 2000 -453.513
4.66 1.03687 2000 -447.927
4.665 1.02391 2000 -442.329
4.67 1.01092 2000 -436.718
4.675 0.997887 2000 -431.087
4.68 0.984805 2000 -425.436
4.685 0.971702 2000 -419.775
4.69 0.958597 2000 -414.114
4.695 0.945488 2000 -408.451
4.7 0.93237 2000 -402.784
4.705 0.919232 2000 -397.108
4.71 0.906067 2000 -391.421
4.715 0.892871 2000 -385.72
4.72 0.879661 2000 -380.013
4.725 0.866468 2000 -374.314
4.73 0.853327 2000 -368.637
4.735 0.840237 2000 -362.982
4.74 0.827166 2000 -357.336
4.745 0.814103 2000 -351.692
4.75 0.801053 2000 -346.055
4.755 0.788017 2000 -340.423
4.76 0.774993 2000 -334.797
4.765 0.761986 2000 -329.178
4.77 0.748998 2000 -323.567
4.775 0.736006 2000 -317.954
4.78 0.722991 2000 -312.332
4.785 0.709967 2000 -306.706
4.79 0.696954 2000 -301.084
4.795 0.683947 2000 -295.465
4.8 0.670937 2000 -289.845
4.805 0.657934 2000 -284.227
4.81 0.644956 2000 -278.621
4.815 0.631999 2000 -273.024
4.82 0.619041 2000 -267.426
4.825 0.606081 2000 -261.827
4.83 0.593136 2000 -256.235
4.835 0.580209 2000 -250.65
4.84 0.567299 2000 -245.073
4.845 0.5544 2000 -239.501
4.85 0.541507 2000 -233.931
4.855 0.528621 2000 -228.364
4.86 0.51575 2000 -222.804
4.865 0.502898 2000 -217.252
4.87 0.490062 2000 -211.707
4.875 0.477248 2000 -206.171
4.88 0.464459 2000 -200.646
4.885 0.451685 2000 -195.128
4.89 0.438921 2000 -189.614
4.895 0.426181 2000 -184.11
4.9 0.413465 2000 -178.617
4.905 0.400752 2000 -173.125
4.91 0.388045 2000 -167.636
4.915 0.375382 2000 -162.165
4.92 0.362783 2000 -156.722
4.925 0.350239 2000 -151.303
4.93 0.337733 2000 -145.901
4.935 0.325254 2000 -140.51
4.94 0.312795 2000 -135.127
4.945 0.300343 2000 -129.748
4.95 0.287891 2000 -124.369
4.955 0.275438 2000 -118.989
4.96 0.262988 2000 -113.611
4.965 0.250556 2000 -108.24
4.97 0.238159 2000 -102.884
4.975 0.225806 2000 -97.548
4.98 0.213497 2000 -92.2308
4.985 0.201236 2000 -86.934
4.99 0.18903 2000 -81.6609
4.995 0.176874 2000 -76.4095
5 0.164741 2000 -71.1682
5.005 0.152606 2000 -65.926
5.01 0.14047 2000 -60.683
5.015 0.128356 2000 -55.4496
5.02 0.116292 2000 -50.2381
5.025 0.104282 2000 -45.0499
5.03 0.0923052 2000 -39.8758
5.035 0.0803458 2000 -34.7094
5.04 0.0684064 2000 -29.5516
5.045 0.0564989 2000 -24.4075
5.05 0.0446309 2000 -19.2806
5.055 0.0327945 2000 -14.1672
5.06 0.0209767 2000 -9.06193
5.065 0.00917466 2000 -3.96345
5.07 -0.00259939 2000 1.12294
5.075 -0.0143254 2000 6.18858
5.08 -0.0259947 2000 11.2297
5.085 -0.0376155 2000 16.2499
5.09 -0.0491894 2000 21.2498
5.095 -0.0607019 2000 26.2232
5.1 -0.072148 2000 31.1679
5.105 -0.0835415 2000 36.0899
5.11 -0.0948911 2000 40.9929
5.115 -0.106192 2000 45.875
5.12 -0.11745 2000 50.7386
5.125 -0.128676 2000 55.5881
5.13 -0.139854 2000 60.4169
5.135 -0.150951 2000 65.2107
5.14 -0.161953 2000 69.9636
5.145 -0.172878 2000 74.6833
5.15 -0.183749 2000 79.3795
5.155 -0.19457 2000 84.0541
5.16 -0.205336 2000 88.705
5.165 -0.216045 2000 93.3313
5.17 -0.226692 2000 97.9308
5.175 -0.237278 2000 102.504
5.18 -0.247812 2000 107.055
5.185 -0.258294 2000 111.583
5.19 -0.268712 2000 116.084
5.195 -0.27906 2000 120.554
5.2 -0.289338 2000 124.994
5.205 -0.299549 2000 129.405
5.21 -0.309698 2000 133.789
5.215 -0.319788 2000 138.148
5.22 -0.329804 2000 142.475
5.225 -0.33974 2000 146.768
5.23 -0.349619 2000 151.035
5.235 -0.359463 2000 155.288
5.24 -0.369278 2000 159.528
5.245 -0.379066 2000 163.757
5.25 -0.388824 2000 167.972
5.255 -0.398518 2000 172.16
5.26 -0.408113 2000 176.305
5.265 -0.417606 2000 180.406
5.27 -0.427011 2000 184.469
5.275 -0.436333 2000 188.496
5.28 -0.445568 2000 192.485
5.285 -0.454705 2000 196.432
5.29 -0.463743 2000 200.337
5.295 -0.472701 2000 204.207
5.3 -0.4816 2000 208.051
5.305 -0.490436 2000 211.868
5.31 -0.499186 2000 215.648
5.315 -0.507836 2000 219.385
5.32 -0.516384 2000 223.078
5.325 -0.524841 2000 226.731
5.33 -0.533224 2000 230.353
5.335 -0.541536 2000 233.944
5.34 -0.549767 2000 237.499
5.345 -0.557911 2000 241.018
5.35 -0.565971 2000 244.5
5.355 -0.573953 2000 247.947
5.36 -0.581859 2000 251.363
5.365 -0.589696 2000 254.749
5.37 -0.597465 2000 258.105
5.375 -0.605158 2000 261.428
5.38 -0.612761 2000 264.713
5.385 -0.620259 2000 267.952
5.39 -0.627647 2000 271.143
5.395 -0.634939 2000 274.294
5.4 -0.642157 2000 277.412
5.405 -0.649309 2000 280.501
5.41 -0.656387 2000 283.559
5.415 -0.663376 2000 286.578
5.42 -0.670256 2000 289.551
5.425 -0.677014 2000 292.47
5.43 -0.683657 2000 295.34
5.435 -0.690204 2000 298.168
5.44 -0.696666 2000 300.96
5.445 -0.703033 2000 303.71
5.45 -0.709283 2000 306.41
5.455 -0.7154 2000 309.053
5.46 -0.721388 2000 311.639
5.465 -0.727267 2000 314.179
5.47 -0.733049 2000 316.677
5.475 -0.738727 2000 319.13
5.48 -0.744292 2000 321.534
5.485 -0.749752 2000 323.893
5.49 -0.75512 2000 326.212
5.495 -0.760407 2000 328.496
5.5 -0.765623 2000 330.749
5.505 -0.770772 2000 332.973
5.51 -0.775845 2000 335.165
5.515 -0.780836 2000 337.321
5.52 -0.785744 2000 339.441
5.525 -0.790562 2000 341.523
5.53 -0.795284 2000 343.563
5.535 -0.799912 2000 345.562
5.54 -0.804433 2000 347.515
5.545 -0.80883 2000 349.414
5.55 -0.813101 2000 351.26
5.555 -0.817268 2000 353.06
5.56 -0.821346 2000 354.822
5.565 -0.82533 2000 356.543
5.57 -0.829205 2000 358.217
5.575 -0.83298 2000 359.847
5.58 -0.836679 2000 361.445
5.585 -0.840313 2000 363.015
5.59 -0.843882 2000 364.557
5.595 -0.847369 2000 366.063
5.6 -0.850755 2000 367.526
5.605 -0.854038 2000 368.944
5.61 -0.857226 2000 370.322
5.615 -0.860323 2000 371.66
5.62 -0.863318 2000 372.953
5.625 -0.866207 2000 374.201
5.63 -0.868997 2000 375.407
5.635 -0.871696 2000 376.573
5.64 -0.874309 2000 377.702
5.645 -0.876835 2000 378.793
5.65 -0.879252 2000 379.837
5.655 -0.881529 2000 380.82
5.66 -0.883663 2000 381.742
5.665 -0.885679 2000 382.613
5.67 -0.887601 2000 383.444
5.675 -0.889433 2000 384.235
5.68 -0.891171 2000 384.986
5.685 -0.892813 2000 385.695
5.69 -0.894358 2000 386.362
5.695 -0.895811 2000 386.99
5.7 -0.897181 2000 387.582
5.705 -0.898465 2000 388.137
5.71 -0.899659 2000 388.653
5.715 -0.900753 2000 389.125
5.72 -0.901727 2000 389.546
5.725 -0.902546 2000 389.9
5.73 -0.903197 2000 390.181
5.735 -0.903703 2000 390.4
5.74 -0.9041 2000 390.571
5.745 -0.904399 2000 390.701
5.75 -0.904596 2000 390.785
5.755 -0.904688 2000 390.825
5.76 -0.904682 2000 390.823
5.765 -0.904583 2000 390.78
5.77 -0.904389 2000 390.696
5.775 -0.9041 2000 390.571
5.78 -0.903709 2000 390.402
5.785 -0.903203 2000 390.184
5.79 -0.902578 2000 389.914
5.795 -0.901848 2000 389.598
5.8 -0.90102 2000 389.24
5.805 -0.900092 2000 388.84
5.81 -0.899077 2000 388.401
5.815 -0.897999 2000 387.936
5.82 -0.896865 2000 387.446
5.825 -0.895652 2000 386.922
5.83 -0.89434 2000 386.355
5.835 -0.892925 2000 385.744
5.84 -0.891419 2000 385.093
5.845 -0.889825 2000 384.404
5.85 -0.888132 2000 383.673
5.855 -0.886329 2000 382.894
5.86 -0.884417 2000 382.068
5.865 -0.882411 2000 381.201
5.87 -0.880319 2000 380.298
5.875 -0.87814 2000 379.356
5.88 -0.875863 2000 378.373
5.885 -0.873493 2000 377.349
5.89 -0.871045 2000 376.291
5.895 -0.868527 2000 375.204
5.9 -0.865943 2000 374.088
5.905 -0.863282 2000 372.938
5.91 -0.860539 2000 371.753
5.915 -0.857734 2000 370.541
5.92 -0.854886 2000 369.311
5.925 -0.851986 2000 368.058
5.93 -0.849009 2000 366.772
5.935 -0.845938 2000 365.445
5.94 -0.842775 2000 364.079
5.945 -0.839521 2000 362.673
5.95 -0.836177 2000 361.228
5.955 -0.832742 2000 359.744
5.96 -0.829216 2000 358.221
5.965 -0.82561 2000 356.663
5.97 -0.821941 2000 355.078
5.975 -0.818214 2000 353.468
5.98 -0.814417 2000 351.828
5.985 -0.810533 2000 350.15
5.99 -0.806549 2000 348.429
5.995 -0.802471 2000 346.668
6 -0.798331 2000 344.879
6.005 -0.79415 2000 343.073
6.01 -0.789915 2000 341.243
6.015 -0.785608 2000 339.383
6.02 -0.781232 2000 337.492
6.025 -0.776792 2000 335.574
6.03 -0.77228 2000 333.625
6.035 -0.767694 2000 331.644
6.04 -0.763035 2000 329.631
6.045 -0.758304 2000 327.587
6.05 -0.753517 2000 325.52
6.055 -0.748701 2000 323.439
6.06 -0.743857 2000 321.346
6.065 -0.738966 2000 319.233
6.07 -0.734003 2000 317.089
6.075 -0.728961 2000 314.911
6.08 -0.723844 2000 312.701
6.085 -0.718667 2000 310.464
6.09 -0.713443 2000 308.208
6.095 -0.708174 2000 305.931
6.1 -0.702862 2000 303.636
6.105 -0.69751 2000 301.324
6.11 -0.692114 2000 298.993
6.115 -0.686675 2000 296.644
6.12 -0.681217 2000 294.286
6.125 -0.675755 2000 291.926
6.13 -0.670275 2000 289.559
6.135 -0.664739 2000 287.167
6.14 -0.659125 2000 284.742
6.145 -0.653447 2000 282.289
6.15 -0.647717 2000 279.814
6.155 -0.641939 2000 277.318
6.16 -0.636116 2000 274.802
6.165 -0.630243 2000 272.265
6.17 -0.624298 2000 269.697
6.175 -0.618267 2000 267.092
6.18 -0.612166 2000 264.456
6.185 -0.60601 2000 261.797
6.19 -0.599801 2000 259.114
6.195 -0.593533 2000 256.406
6.2 -0.587218 2000 253.678
6.205 -0.580865 2000 250.934
6.21 -0.57447 2000 248.171
6.215 -0.568024 2000 245.386
6.22 -0.561531 2000 242.581
6.225 -0.554996 2000 239.758
6.23 -0.548417 2000 236.916
6.235 -0.541789 2000 234.053
6.24 -0.535107 2000 231.166
6.245 -0.528378 2000 228.259
6.25 -0.521606 2000 225.334
6.255 -0.514798 2000 222.393
6.26 -0.507959 2000 219.438
6.265 -0.501092 2000 216.472
6.27 -0.494188 2000 213.489
6.275 -0.487244 2000 210.49
6.28 -0.480277 2000 207.48
6.285 -0.473301 2000 204.466
6.29 -0.46631 2000 201.446
6.295 -0.459288 2000 198.412
6.3 -0.45222 2000 195.359
6.305 -0.445104 2000 192.285
6.31 -0.437946 2000 189.193
6.315 -0.430751 2000 186.085
6.32 -0.423519 2000 182.96
6.325 -0.416239 2000 179.815
6.33 -0.408897 2000 176.644
6.335 -0.401489 2000 173.443
6.34 -0.394025 2000 170.219
6.345 -0.386532 2000 166.982
6.35 -0.379029 2000 163.74
6.355 -0.371509 2000 160.492
6.36 -0.363948 2000 157.226
6.365 -0.356356 2000 153.946
6.37 -0.348786 2000 150.676
6.375 -0.341281 2000 147.433
6.38 -0.333822 2000 144.211
6.385 -0.326361 2000 140.988
6.39 -0.318859 2000 137.747
6.395 -0.311312 2000 134.487
6.4 -0.303737 2000 131.214
6.405 -0.296142 2000 127.933
6.41 -0.288528 2000 124.644
6.415 -0.280893 2000 121.346
6.42 -0.273242 2000 118.04
6.425 -0.265579 2000 114.73
6.43 -0.257913 2000 111.418
6.435 -0.250244 2000 108.105
6.44 -0.242573 2000 104.792
6.445 -0.234917 2000 101.484
6.45 -0.227292 2000 98.1901
6.455 -0.219693 2000 94.9075
6.46 -0.212104 2000 91.629
6.465 -0.204519 2000 88.3522
6.47 -0.196941 2000 85.0786
6.475 -0.189372 2000 81.8088
6.48 -0.181806 2000 78.54
6.485 -0.174228 2000 75.2667
6.49 -0.166633 2000 71.9856
6.495 -0.159032 2000 68.7017
6.5 -0.151451 2000 65.4267
6.505 -0.143905 2000 62.1667
6.51 -0.136379 2000 58.9156
6.515 -0.128858 2000 55.6668
6.52 -0.121352 2000 52.4241
6.525 -0.113871 2000 49.1924
6.53 -0.106402 2000 45.9657
6.535 -0.0989197 2000 42.7333
6.54 -0.0914119 2000 39.49
6.545 -0.083884 2000 36.2379
6.55 -0.0763505 2000 32.9834
6.555 -0.0688217 2000 29.731
6.56 -0.0612949 2000 26.4794
6.565 -0.053764 2000 23.226
6.57 -0.0462289 2000 19.9709
6.575 -0.0386906 2000 16.7144
6.58 -0.0311424 2000 13.4535
6.585 -0.0235729 2000 10.1835
6.59 -0.0159819 2000 6.90417
6.595 -0.00838625 2000 3.62286
6.6 -0.000804709 2000 0.347634
6.605 0.00676223 2000 -2.92128
6.61 0.0143204 2000 -6.18639
6.615 0.0218517 2000 -9.43995
6.62 0.0293356 2000 -12.673
6.625 0.0367854 2000 -15.8913
6.63 0.0442264 2000 -19.1058
6.635 0.0516626 2000 -22.3182
6.64 0.0590873 2000 -25.5257
6.645 0.0665067 2000 -28.7309
6.65 0.0739328 2000 -31.939
6.655 0.0813643 2000 -35.1494
6.66 0.0887905 2000 -38.3575
6.665 0.0961974 2000 -41.5573
6.67 0.103557 2000 -44.7366
6.675 0.11084 2000 -47.8827
6.68 0.118045 2000 -50.9956
6.685 0.12521 2000 -54.0907
6.69 0.132365 2000 -57.1815
6.695 0.139513 2000 -60.2697
6.7 0.146647 2000 -63.3514
6.705 0.153765 2000 -66.4264
6.71 0.160872 2000 -69.4968
6.715 0.167966 2000 -72.5615
6.72 0.175038 2000 -75.6164
6.725 0.182086 2000 -78.6611
6.73 0.189112 2000 -81.6965
6.735 0.196108 2000 -84.7186
6.74 0.203067 2000 -87.7249
6.745 0.210008 2000 -90.7233
6.75 0.216951 2000 -93.723
6.755 0.223888 2000 -96.7195
6.76 0.230791 2000 -99.7019
6.765 0.237653 2000 -102.666
6.77 0.244477 2000 -105.614
6.775 0.251276 2000 -108.551
6.78 0.258059 2000 -111.482
6.785 0.264825 2000 -114.404
6.79 0.271565 2000 -117.316
6.795 0.278257 2000 -120.207
6.8 0.284867 2000 -123.063
6.805 0.291388 2000 -125.88
6.81 0.297847 2000 -128.67
6.815 0.304264 2000 -131.442
6.82 0.310641 2000 -134.197
6.825 0.31698 2000 -136.935
6.83 0.32329 2000 -139.661
6.835 0.329573 2000 -142.375
6.84 0.335817 2000 -145.073
6.845 0.342011 2000 -147.749
6.85 0.348157 2000 -150.404
6.855 0.354268 2000 -153.044
6.86 0.360353 2000 -155.673
6.865 0.36641 2000 -158.289
6.87 0.372431 2000 -160.89
6.875 0.378409 2000 -163.473
6.88 0.384334 2000 -166.032
6.885 0.390213 2000 -168.572
6.89 0.396061 2000 -171.098
6.895 0.401878 2000 -173.611
6.9 0.407644 2000 -176.102
6.905 0.413351 2000 -178.568
6.91 0.419012 2000 -181.013
6.915 0.424628 2000 -183.439
6.92 0.43019 2000 -185.842
6.925 0.435702 2000 -188.223
6.93 0.441176 2000 -190.588
6.935 0.446608 2000 -192.935
6.94 0.451976 2000 -195.254
6.945 0.457266 2000 -197.539
6.95 0.462495 2000 -199.798
6.955 0.46769 2000 -202.042
6.96 0.472862 2000 -204.276
6.965 0.478001 2000 -206.496
6.97 0.483093 2000 -208.696
6.975 0.488125 2000 -210.87
6.98 0.493088 2000 -213.014
6.985 0.49799 2000 -215.132
6.99 0.502855 2000 -217.233
6.995 0.507685 2000 -219.32
7 0.512442 2000 -221.375
7.005 0.517086 2000 -223.381
7.01 0.521622 2000 -225.341
7.015 0.526081 2000 -227.267
7.02 0.530476 2000 -229.166
7.025 0.534799 2000 -231.033
7.03 0.539031 2000 -232.861
7.035 0.543161 2000 -234.646
7.04 0.547193 2000 -236.387
7.045 0.551147 2000 -238.095
7.05 0.555036 2000 -239.776
7.055 0.558867 2000 -241.43
7.06 0.562638 2000 -243.06
7.065 0.566339 2000 -244.658
7.07 0.569949 2000 -246.218
7.075 0.573455 2000 -247.733
7.08 0.576862 2000 -249.205
7.085 0.580184 2000 -250.64
7.09 0.583436 2000 -252.045
7.095 0.586625 2000 -253.422
7.1 0.589744 2000 -254.77
7.105 0.59279 2000 -256.085
7.11 0.595767 2000 -257.372
7.115 0.598681 2000 -258.63
7.12 0.60153 2000 -259.861
7.125 0.604305 2000 -261.06
7.13 0.607003 2000 -262.225
7.135 0.609623 2000 -263.357
7.14 0.612159 2000 -264.453
7.145 0.614616 2000 -265.514
7.15 0.61702 2000 -266.553
7.155 0.619398 2000 -267.58
7.16 0.621736 2000 -268.59
7.165 0.623997 2000 -269.567
7.17 0.626176 2000 -270.508
7.175 0.628292 2000 -271.422
7.18 0.630355 2000 -272.313
7.185 0.632354 2000 -273.177
7.19 0.634272 2000 -274.006
7.195 0.636103 2000 -274.797
7.2 0.637856 2000 -275.554
7.205 0.639535 2000 -276.279
7.21 0.641129 2000 -276.968
7.215 0.64264 2000 -277.621
7.22 0.644094 2000 -278.249
7.225 0.645504 2000 -278.858
7.23 0.646857 2000 -279.442
7.235 0.648134 2000 -279.994
7.24 0.649344 2000 -280.517
7.245 0.650492 2000 -281.013
7.25 0.651568 2000 -281.477
7.255 0.652559 2000 -281.905
7.26 0.653473 2000 -282.3
7.265 0.654329 2000 -282.67
7.27 0.655123 2000 -283.013
7.275 0.655838 2000 -283.322
7.28 0.656462 2000 -283.591
7.285 0.656996 2000 -283.822
7.29 0.657449 2000 -284.018
7.295 0.657832 2000 -284.183
7.3 0.658153 2000 -284.322
7.305 0.658409 2000 -284.433
7.31 0.658598 2000 -284.514
7.315 0.658712 2000 -284.564
7.32 0.658738 2000 -284.575
7.325 0.658664 2000 -284.543
7.33 0.658491 2000 -284.468
7.335 0.658235 2000 -284.358
7.34 0.657905 2000 -284.215
7.345 0.657497 2000 -284.039
7.35 0.656997 2000 -283.823
7.355 0.656399 2000 -283.564
7.36 0.655716 2000 -283.269
7.365 0.654968 2000 -282.946
7.37 0.65416 2000 -282.597
7.375 0.653289 2000 -282.221
7.38 0.652347 2000 -281.814
7.385 0.651331 2000 -281.375
7.39 0.650236 2000 -280.902
7.395 0.64907 2000 -280.398
7.4 0.647826 2000 -279.861
7.405 0.64648 2000 -279.28
7.41 0.645021 2000 -278.649
7.415 0.643466 2000 -277.977
7.42 0.64184 2000 -277.275
7.425 0.640139 2000 -276.54
7.43 0.638346 2000 -275.765
7.435 0.636442 2000 -274.943
