0.1 4.38256e-32 200 3.01981e-14
0.2 2.92171e-32 400 -5.15143e-14
0.3 0 600 -1.20792e-13
0.4 1.16868e-31 800 -1.81188e-13
0.5 -2.92171e-31 1000 -1.91847e-13
0.6 6.42776e-31 1200 7.10543e-14
0.7 -2.33737e-31 1400 -3.69482e-13
0.8 0 1600 -2.77112e-13
0.9 1.34399e-30 1800 -1.91847e-13
1 -1.16868e-30 2000 -4.9738e-13
0.005 -1.53627e-05 2000 0.00665845
0.01 -7.67994e-05 2000 0.0332188
0.015 -0.000199817 2000 0.0863544
0.02 -0.00038466 2000 0.1662
0.025 -0.000631547 2000 0.27285
0.03 -0.00094069 2000 0.406396
0.035 -0.00131229 2000 0.566925
0.04 -0.00174655 2000 0.754522
0.045 -0.00224365 2000 0.969268
0.05 -0.00280378 2000 1.21124
0.055 -0.00342711 2000 1.48052
0.06 -0.0041138 2000 1.77717
0.065 -0.00486401 2000 2.10126
0.07 -0.00567788 2000 2.45285
0.075 -0.00655555 2000 2.832
0.08 -0.00749716 2000 3.23878
0.085 -0.00850287 2000 3.67324
0.09 -0.00957281 2000 4.13546
0.095 -0.0107071 2000 4.62546
0.1 -0.0119057 2000 5.14328
0.105 -0.0131689 2000 5.68896
0.11 -0.0144966 2000 6.26254
0.115 -0.015889 2000 6.86405
0.12 -0.0173462 2000 7.49354
0.125 -0.0188681 2000 8.15104
0.13 -0.020455 2000 8.83658
0.135 -0.0221069 2000 9.55018
0.14 -0.0238237 2000 10.2919
0.145 -0.0256056 2000 11.0616
0.15 -0.0274525 2000 11.8595
0.155 -0.0293645 2000 12.6855
0.16 -0.0313416 2000 13.5396
0.165 -0.0333838 2000 14.4218
0.17 -0.0354911 2000 15.3322
0.175 -0.0376635 2000 16.2706
0.18 -0.039901 2000 17.2372
0.185 -0.0422036 2000 18.2319
0.19 -0.0445711 2000 19.2547
0.195 -0.0470037 2000 20.3056
0.2 -0.0495012 2000 21.3845
0.205 -0.0520636 2000 22.4915
0.21 -0.0546907 2000 23.6264
0.215 -0.0573824 2000 24.7892
0.22 -0.0601387 2000 25.9799
0.225 -0.0629597 2000 27.1986
0.23 -0.0658454 2000 28.4452
0.235 -0.0687953 2000 29.7196
0.24 -0.0718092 2000 31.0216
0.245 -0.074887 2000 32.3512
0.25 -0.0780288 2000 33.7085
0.255 -0.0812347 2000 35.0934
0.26 -0.0845042 2000 36.5058
0.265 -0.0878374 2000 37.9458
0.27 -0.091234 2000 39.4131
0.275 -0.0946939 2000 40.9078
0.28 -0.0982169 2000 42.4297
0.285 -0.101803 2000 43.9788
0.29 -0.105451 2000 45.555
0.295 -0.109163 2000 47.1583
0.3 -0.112937 2000 48.7887
0.305 -0.116773 2000 50.4461
0.31 -0.120672 2000 52.1303
0.315 -0.124632 2000 53.8412
0.32 -0.128654 2000 55.5787
0.325 -0.132738 2000 57.3427
0.33 -0.136882 2000 59.1331
0.335 -0.141087 2000 60.9497
0.34 -0.145353 2000 62.7926
0.345 -0.149679 2000 64.6616
0.35 -0.154066 2000 66.5564
0.355 -0.158512 2000 68.477
0.36 -0.163017 2000 70.4235
0.365 -0.167583 2000 72.3957
0.37 -0.172207 2000 74.3936
0.375 -0.17689 2000 76.4166
0.38 -0.181631 2000 78.4647
0.385 -0.18643 2000 80.5378
0.39 -0.191287 2000 82.6359
0.395 -0.196201 2000 84.7589
0.4 -0.201172 2000 86.9065
0.405 -0.206201 2000 89.0788
0.41 -0.211286 2000 91.2756
0.415 -0.216428 2000 93.4968
0.42 -0.221625 2000 95.7421
0.425 -0.226878 2000 98.0114
0.43 -0.232186 2000 100.304
0.435 -0.237549 2000 102.621
0.44 -0.242965 2000 104.961
0.445 -0.248436 2000 107.324
0.45 -0.25396 2000 109.711
0.455 -0.259538 2000 112.12
0.46 -0.265168 2000 114.552
0.465 -0.27085 2000 117.007
0.47 -0.276584 2000 119.484
0.475 -0.28237 2000 121.984
0.48 -0.288206 2000 124.505
0.485 -0.294094 2000 127.049
0.49 -0.300031 2000 129.613
0.495 -0.306018 2000 132.2
0.5 -0.312055 2000 134.808
0.505 -0.31814 2000 137.437
0.51 -0.324274 2000 140.086
0.515 -0.330455 2000 142.757
0.52 -0.336685 2000 145.448
0.525 -0.342961 2000 148.159
0.53 -0.349284 2000 150.891
0.535 -0.355653 2000 153.642
0.54 -0.362067 2000 156.413
0.545 -0.368526 2000 159.203
0.55 -0.375029 2000 162.013
0.555 -0.381576 2000 164.841
0.56 -0.388166 2000 167.688
0.565 -0.394798 2000 170.553
0.57 -0.401472 2000 173.436
0.575 -0.408186 2000 176.336
0.58 -0.414939 2000 179.254
0.585 -0.42173 2000 182.187
0.59 -0.428559 2000 185.137
0.595 -0.435427 2000 188.105
0.6 -0.442335 2000 191.089
0.605 -0.449282 2000 194.09
0.61 -0.456267 2000 197.108
0.615 -0.463289 2000 200.141
0.62 -0.470348 2000 203.19
0.625 -0.477444 2000 206.256
0.63 -0.484576 2000 209.337
0.635 -0.491745 2000 212.434
0.64 -0.498947 2000 215.545
0.645 -0.506184 2000 218.671
0.65 -0.513454 2000 221.812
0.655 -0.520756 2000 224.967
0.66 -0.52809 2000 228.135
0.665 -0.535454 2000 231.316
0.67 -0.542846 2000 234.51
0.675 -0.550267 2000 237.715
0.68 -0.557717 2000 240.934
0.685 -0.565197 2000 244.165
0.69 -0.572704 2000 247.408
0.695 -0.580239 2000 250.663
0.7 -0.587799 2000 253.929
0.705 -0.595386 2000 257.207
0.71 -0.602998 2000 260.495
0.715 -0.610634 2000 263.794
0.72 -0.618295 2000 267.103
0.725 -0.625979 2000 270.423
0.73 -0.633686 2000 273.752
0.735 -0.641413 2000 277.091
0.74 -0.649162 2000 280.438
0.745 -0.656929 2000 283.793
0.75 -0.664713 2000 287.156
0.755 -0.672513 2000 290.526
0.76 -0.68033 2000 293.902
0.765 -0.688163 2000 297.286
0.77 -0.696011 2000 300.677
0.775 -0.703875 2000 304.074
0.78 -0.711754 2000 307.478
0.785 -0.719649 2000 310.888
0.79 -0.727559 2000 314.306
0.795 -0.735482 2000 317.728
0.8 -0.743417 2000 321.156
0.805 -0.751363 2000 324.589
0.81 -0.759319 2000 328.026
0.815 -0.767285 2000 331.467
0.82 -0.775258 2000 334.912
0.825 -0.783238 2000 338.359
0.83 -0.791225 2000 341.809
0.835 -0.799218 2000 345.262
0.84 -0.807219 2000 348.719
0.845 -0.815225 2000 352.177
0.85 -0.823235 2000 355.638
0.855 -0.83125 2000 359.1
0.86 -0.83927 2000 362.565
0.865 -0.847294 2000 366.031
0.87 -0.85532 2000 369.498
0.875 -0.863348 2000 372.966
0.88 -0.871375 2000 376.434
0.885 -0.879402 2000 379.902
0.89 -0.887428 2000 383.369
0.895 -0.895454 2000 386.836
0.9 -0.90348 2000 390.304
0.905 -0.911504 2000 393.77
0.91 -0.919526 2000 397.235
0.915 -0.927542 2000 400.698
0.92 -0.935554 2000 404.16
0.925 -0.94356 2000 407.618
0.93 -0.951558 2000 411.073
0.935 -0.95955 2000 414.526
0.94 -0.967537 2000 417.976
0.945 -0.975515 2000 421.423
0.95 -0.983482 2000 424.864
0.955 -0.991439 2000 428.302
0.96 -0.999386 2000 431.735
0.965 -1.00732 2000 435.163
0.97 -1.01525 2000 438.587
0.975 -1.02316 2000 442.004
0.98 -1.03105 2000 445.415
0.985 -1.03893 2000 448.818
0.99 -1.04679 2000 452.213
0.995 -1.05463 2000 455.6
1 -1.06245 2000 458.979
1.005 -1.07026 2000 462.352
1.01 -1.07805 2000 465.718
1.015 -1.08582 2000 469.075
1.02 -1.09358 2000 472.425
1.025 -1.10131 2000 475.766
1.03 -1.10902 2000 479.098
1.035 -1.11672 2000 482.421
1.04 -1.12439 2000 485.735
1.045 -1.13203 2000 489.039
1.05 -1.13965 2000 492.33
1.055 -1.14724 2000 495.61
1.06 -1.1548 2000 498.876
1.065 -1.16234 2000 502.13
1.07 -1.16984 2000 505.371
1.075 -1.17731 2000 508.599
1.08 -1.18475 2000 511.813
1.085 -1.19216 2000 515.012
1.09 -1.19953 2000 518.196
1.095 -1.20687 2000 521.366
1.1 -1.21417 2000 524.52
1.105 -1.22143 2000 527.66
1.11 -1.22867 2000 530.785
1.115 -1.23587 2000 533.896
1.12 -1.24303 2000 536.99
1.125 -1.25015 2000 540.066
1.13 -1.25723 2000 543.125
1.135 -1.26428 2000 546.168
1.14 -1.27129 2000 549.196
1.145 -1.27826 2000 552.208
1.15 -1.28519 2000 555.201
1.155 -1.29207 2000 558.175
1.16 -1.29891 2000 561.13
1.165 -1.30571 2000 564.067
1.17 -1.31247 2000 566.985
1.175 -1.31918 2000 569.885
1.18 -1.32585 2000 572.768
1.185 -1.33248 2000 575.631
1.19 -1.33906 2000 578.474
1.195 -1.34559 2000 581.295
1.2 -1.35207 2000 584.095
1.205 -1.3585 2000 586.871
1.21 -1.36487 2000 589.625
1.215 -1.3712 2000 592.357
1.22 -1.37747 2000 595.066
1.225 -1.38368 2000 597.752
1.23 -1.38985 2000 600.414
1.235 -1.39595 2000 603.051
1.24 -1.40201 2000 605.668
1.245 -1.40802 2000 608.266
1.25 -1.41399 2000 610.845
1.255 -1.41991 2000 613.402
1.26 -1.42577 2000 615.934
1.265 -1.43157 2000 618.439
1.27 -1.43731 2000 620.917
1.275 -1.44299 2000 623.37
1.28 -1.44861 2000 625.798
1.285 -1.45417 2000 628.2
1.29 -1.45967 2000 630.576
1.295 -1.4651 2000 632.925
1.3 -1.47048 2000 635.249
1.305 -1.4758 2000 637.547
1.31 -1.48106 2000 639.819
1.315 -1.48626 2000 642.063
1.32 -1.49139 2000 644.28
1.325 -1.49645 2000 646.467
1.33 -1.50145 2000 648.627
1.335 -1.50639 2000 650.761
1.34 -1.51127 2000 652.868
1.345 -1.51609 2000 654.949
1.35 -1.52083 2000 657
1.355 -1.52551 2000 659.021
1.36 -1.53012 2000 661.012
1.365 -1.53466 2000 662.973
1.37 -1.53913 2000 664.905
1.375 -1.54353 2000 666.805
1.38 -1.54786 2000 668.674
1.385 -1.55211 2000 670.509
1.39 -1.55628 2000 672.313
1.395 -1.56038 2000 674.084
1.4 -1.56441 2000 675.824
1.405 -1.56836 2000 677.531
1.41 -1.57224 2000 679.206
1.415 -1.57604 2000 680.85
1.42 -1.57977 2000 682.462
1.425 -1.58343 2000 684.04
1.43 -1.587 2000 685.586
1.435 -1.5905 2000 687.098
1.44 -1.59392 2000 688.575
1.445 -1.59726 2000 690.018
1.45 -1.60053 2000 691.428
1.455 -1.60371 2000 692.804
1.46 -1.60681 2000 694.144
1.465 -1.60983 2000 695.448
1.47 -1.61277 2000 696.719
1.475 -1.61564 2000 697.956
1.48 -1.61843 2000 699.162
1.485 -1.62114 2000 700.332
1.49 -1.62376 2000 701.465
1.495 -1.6263 2000 702.562
1.5 -1.62875 2000 703.622
1.505 -1.63113 2000 704.646
1.51 -1.63341 2000 705.635
1.515 -1.63561 2000 706.585
1.52 -1.63772 2000 707.497
1.525 -1.63975 2000 708.373
1.53 -1.6417 2000 709.216
1.535 -1.64358 2000 710.025
1.54 -1.64537 2000 710.798
1.545 -1.64706 2000 711.532
1.55 -1.64867 2000 712.226
1.555 -1.65019 2000 712.88
1.56 -1.65161 2000 713.497
1.565 -1.65296 2000 714.077
1.57 -1.65421 2000 714.619
1.575 -1.65537 2000 715.121
1.58 -1.65644 2000 715.582
1.585 -1.65741 2000 716.003
1.59 -1.65829 2000 716.381
1.595 -1.65907 2000 716.717
1.6 -1.65975 2000 717.012
1.605 -1.66035 2000 717.27
1.61 -1.66085 2000 717.489
1.615 -1.66127 2000 717.669
1.62 -1.66159 2000 717.808
1.625 -1.66182 2000 717.907
1.63 -1.66196 2000 717.965
1.635 -1.662 2000 717.983
1.64 -1.66193 2000 717.955
1.645 -1.66175 2000 717.877
1.65 -1.66146 2000 717.749
1.655 -1.66105 2000 717.573
1.66 -1.66054 2000 717.351
1.665 -1.65992 2000 717.085
1.67 -1.6592 2000 716.773
1.675 -1.65837 2000 716.416
1.68 -1.65744 2000 716.013
1.685 -1.65639 2000 715.562
1.69 -1.65524 2000 715.062
1.695 -1.65397 2000 714.513
1.7 -1.65258 2000 713.916
1.705 -1.65109 2000 713.272
1.71 -1.64949 2000 712.581
1.715 -1.64778 2000 711.84
1.72 -1.64594 2000 711.047
1.725 -1.64398 2000 710.201
1.73 -1.6419 2000 709.3
1.735 -1.63969 2000 708.345
1.74 -1.63736 2000 707.338
1.745 -1.63491 2000 706.279
1.75 -1.63234 2000 705.17
1.755 -1.62965 2000 704.008
1.76 -1.62684 2000 702.794
1.765 -1.62391 2000 701.528
1.77 -1.62086 2000 700.212
1.775 -1.6177 2000 698.847
1.78 -1.61442 2000 697.431
1.785 -1.61103 2000 695.966
1.79 -1.60753 2000 694.452
1.795 -1.60392 2000 692.892
1.8 -1.60019 2000 691.282
1.805 -1.59635 2000 689.624
1.81 -1.5924 2000 687.916
1.815 -1.58833 2000 686.158
1.82 -1.58414 2000 684.347
1.825 -1.57982 2000 682.484
1.83 -1.57539 2000 680.57
1.835 -1.57085 2000 678.607
1.84 -1.56619 2000 676.594
1.845 -1.56142 2000 674.533
1.85 -1.55653 2000 672.42
1.855 -1.55152 2000 670.257
1.86 -1.54639 2000 668.042
1.865 -1.54115 2000 665.778
1.87 -1.53581 2000 663.468
1.875 -1.53035 2000 661.111
1.88 -1.52478 2000 658.705
1.885 -1.51909 2000 656.249
1.89 -1.51329 2000 653.742
1.895 -1.50737 2000 651.183
1.9 -1.50133 2000 648.575
1.905 -1.49518 2000 645.919
1.91 -1.48893 2000 643.216
1.915 -1.48256 2000 640.464
1.92 -1.47608 2000 637.667
1.925 -1.4695 2000 634.825
1.93 -1.46282 2000 631.94
1.935 -1.45604 2000 629.01
1.94 -1.44915 2000 626.034
1.945 -1.44215 2000 623.011
1.95 -1.43504 2000 619.939
1.955 -1.42783 2000 616.821
1.96 -1.42051 2000 613.659
1.965 -1.41308 2000 610.449
1.97 -1.40553 2000 607.188
1.975 -1.39786 2000 603.876
1.98 -1.39008 2000 600.514
1.985 -1.38218 2000 597.103
1.99 -1.37417 2000 593.641
1.995 -1.36603 2000 590.127
2 -1.35779 2000 586.564
2.005 -1.34944 2000 582.959
2.01 -1.34101 2000 579.317
2.015 -1.33249 2000 575.634
2.02 -1.32386 2000 571.907
2.025 -1.31513 2000 568.136
2.03 -1.3063 2000 564.321
2.035 -1.29737 2000 560.462
2.04 -1.28833 2000 556.56
2.045 -1.27921 2000 552.619
2.05 -1.27 2000 548.641
2.055 -1.26071 2000 544.627
2.06 -1.25133 2000 540.574
2.065 -1.24186 2000 536.482
2.07 -1.23229 2000 532.351
2.075 -1.22263 2000 528.178
2.08 -1.21288 2000 523.965
2.085 -1.20304 2000 519.712
2.09 -1.19311 2000 515.423
2.095 -1.1831 2000 511.099
2.1 -1.17301 2000 506.74
2.105 -1.16283 2000 502.34
2.11 -1.15254 2000 497.896
2.115 -1.14215 2000 493.408
2.12 -1.13166 2000 488.879
2.125 -1.12109 2000 484.31
2.13 -1.11041 2000 479.699
2.135 -1.09963 2000 475.041
2.14 -1.08873 2000 470.332
2.145 -1.07772 2000 465.577
2.15 -1.06662 2000 460.78
2.155 -1.05542 2000 455.943
2.16 -1.04413 2000 451.066
2.165 -1.03275 2000 446.148
2.17 -1.02128 2000 441.192
2.175 -1.00972 2000 436.2
2.18 -0.998085 2000 431.173
2.185 -0.986366 2000 426.11
2.19 -0.974561 2000 421.01
2.195 -0.96267 2000 415.873
2.2 -0.950703 2000 410.704
2.205 -0.93867 2000 405.505
2.21 -0.926565 2000 400.276
2.215 -0.914375 2000 395.01
2.22 -0.9021 2000 389.707
2.225 -0.88976 2000 384.376
2.23 -0.877365 2000 379.022
2.235 -0.864904 2000 373.638
2.24 -0.852364 2000 368.221
2.245 -0.839745 2000 362.77
2.25 -0.82705 2000 357.286
2.255 -0.814278 2000 351.768
2.26 -0.801422 2000 346.214
2.265 -0.788485 2000 340.625
2.27 -0.775478 2000 335.006
2.275 -0.76241 2000 329.361
2.28 -0.749277 2000 323.688
2.285 -0.736067 2000 317.981
2.29 -0.722771 2000 312.237
2.295 -0.709393 2000 306.458
2.3 -0.695943 2000 300.647
2.305 -0.682437 2000 294.813
2.31 -0.668882 2000 288.957
2.315 -0.655276 2000 283.079
2.32 -0.641617 2000 277.179
2.325 -0.627907 2000 271.256
2.33 -0.614144 2000 265.31
2.335 -0.600315 2000 259.336
2.34 -0.586415 2000 253.331
2.345 -0.572461 2000 247.303
2.35 -0.558463 2000 241.256
2.355 -0.544419 2000 235.189
2.36 -0.530318 2000 229.097
2.365 -0.516157 2000 222.98
2.37 -0.501934 2000 216.835
2.375 -0.487644 2000 210.662
2.38 -0.473288 2000 204.46
2.385 -0.458876 2000 198.235
2.39 -0.444423 2000 191.991
2.395 -0.429928 2000 185.729
2.4 -0.415381 2000 179.445
2.405 -0.400773 2000 173.134
2.41 -0.386098 2000 166.794
2.415 -0.371362 2000 160.428
2.42 -0.356588 2000 154.046
2.425 -0.341791 2000 147.653
2.43 -0.326966 2000 141.249
2.435 -0.312104 2000 134.829
2.44 -0.297191 2000 128.387
2.445 -0.282225 2000 121.921
2.45 -0.267205 2000 115.433
2.455 -0.252145 2000 108.927
2.46 -0.237062 2000 102.411
2.465 -0.22196 2000 95.8865
2.47 -0.206822 2000 89.3467
2.475 -0.191642 2000 82.7891
2.48 -0.176422 2000 76.2141
2.485 -0.161167 2000 69.6235
2.49 -0.145893 2000 63.026
2.495 -0.130589 2000 56.4152
2.5 -0.115272 2000 49.7981
2.505 -0.0999532 2000 43.1795
2.51 -0.0846199 2000 36.5554
2.515 -0.0692577 2000 29.919
2.52 -0.0539303 2000 23.298
2.525 -0.0386074 2000 16.6792
2.53 -0.02335 2000 10.0885
2.535 -0.0081033 2000 3.5027
2.54 0.00713839 2000 -3.08216
2.545 0.0223326 2000 -9.64675
2.55 0.0375375 2000 -16.2157
2.555 0.0526717 1999.99 -22.754
2.56 0.0677219 1999.99 -29.2553
2.565 0.082526 1999.99 -35.6495
2.57 0.0969072 1999.99 -41.8625
2.575 0.111121 1999.99 -48.0042
2.58 0.125345 1999.99 -54.149
2.585 0.139581 1999.99 -60.2991
2.59 0.153818 1999.99 -66.4496
2.595 0.168049 2000 -72.5975
2.6 0.182279 2000 -78.745
2.605 0.196512 2000 -84.8938
2.61 0.210748 2000 -91.0434
2.615 0.224982 2000 -97.1929
2.62 0.239218 2000 -103.343
2.625 0.253453 2000 -109.492
2.63 0.26768 2000 -115.638
2.635 0.281892 2000 -121.778
2.64 0.296094 2000 -127.913
2.645 0.310296 2000 -134.048
2.65 0.324502 2000 -140.185
2.655 0.338713 2000 -146.324
2.66 0.352918 2000 -152.461
2.665 0.367105 2000 -158.59
2.67 0.381272 2000 -164.71
2.675 0.395426 2000 -170.824
2.68 0.409573 2000 -176.936
2.685 0.423714 2000 -183.045
2.69 0.437845 2000 -189.149
2.695 0.451977 2000 -195.255
2.7 0.466119 2000 -201.364
2.705 0.480263 2000 -207.474
2.71 0.494394 2000 -213.579
2.715 0.508498 2000 -219.671
2.72 0.522573 2000 -225.752
2.725 0.536642 2000 -231.83
2.73 0.550733 2000 -237.917
2.735 0.564843 2000 -244.013
2.74 0.578951 2000 -250.107
2.745 0.593044 2000 -256.195
2.75 0.60713 2000 -262.281
2.755 0.621224 2000 -268.369
2.76 0.635331 2000 -274.463
2.765 0.649446 2000 -280.561
2.77 0.663548 2000 -286.653
2.775 0.677626 2000 -292.735
2.78 0.691673 2000 -298.803
2.785 0.705682 2000 -304.855
2.79 0.719653 2000 -310.89
2.795 0.733597 2000 -316.914
2.8 0.74752 2000 -322.929
2.805 0.761414 2000 -328.931
2.81 0.775277 2000 -334.92
2.815 0.789121 2000 -340.9
2.82 0.802954 2000 -346.876
2.825 0.816776 2000 -352.847
2.83 0.830577 2000 -358.809
2.835 0.844346 2000 -364.758
2.84 0.858083 2000 -370.692
2.845 0.871803 2000 -376.619
2.85 0.88551 2000 -382.541
2.855 0.89919 2000 -388.45
2.86 0.912826 2000 -394.341
2.865 0.926423 2000 -400.215
2.87 0.939989 2000 -406.075
2.875 0.953519 2000 -411.92
2.88 0.96701 2000 -417.749
2.885 0.980464 2000 -423.561
2.89 0.993883 2000 -429.358
2.895 1.00727 2000 -435.139
2.9 1.0206 2000 -440.901
2.905 1.0339 2000 -446.646
2.91 1.04716 2000 -452.375
2.915 1.0604 2000 -458.091
2.92 1.07359 2000 -463.793
2.925 1.08676 2000 -469.479
2.93 1.09988 2000 -475.148
2.935 1.11296 2000 -480.8
2.94 1.126 2000 -486.432
2.945 1.13898 2000 -492.04
2.95 1.15191 2000 -497.626
2.955 1.16481 2000 -503.199
2.96 1.17768 2000 -508.756
2.965 1.19049 2000 -514.294
2.97 1.20326 2000 -519.808
2.975 1.21597 2000 -525.3
2.98 1.22864 2000 -530.772
2.985 1.24125 2000 -536.221
2.99 1.25381 2000 -541.645
2.995 1.26629 2000 -547.039
3 1.2787 2000 -552.398
3.005 1.29103 2000 -557.726
3.01 1.30331 2000 -563.032
3.015 1.31555 2000 -568.317
3.02 1.32773 2000 -573.579
3.025 1.33984 2000 -578.809
3.03 1.35186 2000 -584.005
3.035 1.36381 2000 -589.166
3.04 1.37569 2000 -594.298
3.045 1.38751 2000 -599.406
3.05 1.39929 2000 -604.494
3.055 1.41102 2000 -609.56
3.06 1.42269 2000 -614.601
3.065 1.4343 2000 -619.617
3.07 1.44585 2000 -624.609
3.075 1.45735 2000 -629.577
3.08 1.46879 2000 -634.518
3.085 1.48015 2000 -639.426
3.09 1.49144 2000 -644.303
3.095 1.50266 2000 -649.15
3.1 1.51381 2000 -653.965
3.105 1.52488 2000 -658.747
3.11 1.53588 2000 -663.499
3.115 1.54681 2000 -668.223
3.12 1.55768 2000 -672.919
3.125 1.56849 2000 -677.588
3.13 1.57924 2000 -682.232
3.135 1.58993 2000 -686.849
3.14 1.60055 2000 -691.438
3.145 1.61111 2000 -695.998
3.15 1.62159 2000 -700.528
3.155 1.63201 2000 -705.027
3.16 1.64234 2000 -709.489
3.165 1.65258 2000 -713.915
3.17 1.66275 2000 -718.309
3.175 1.67286 2000 -722.676
3.18 1.68292 2000 -727.021
3.185 1.69292 2000 -731.34
3.19 1.70284 2000 -735.628
3.195 1.71269 2000 -739.884
3.2 1.72247 2000 -744.106
3.205 1.73217 2000 -748.297
3.21 1.74182 2000 -752.464
3.215 1.75142 2000 -756.613
3.22 1.76096 2000 -760.737
3.225 1.77041 2000 -764.819
3.23 1.77975 2000 -768.853
3.235 1.789 2000 -772.848
3.24 1.79818 2000 -776.813
3.245 1.80729 2000 -780.75
3.25 1.81632 2000 -784.652
3.255 1.82528 2000 -788.523
3.26 1.83419 2000 -792.369
3.265 1.84302 2000 -796.185
3.27 1.85176 2000 -799.961
3.275 1.86041 2000 -803.699
3.28 1.86899 2000 -807.402
3.285 1.87747 2000 -811.069
3.29 1.88588 2000 -814.699
3.295 1.89421 2000 -818.298
3.3 1.90247 2000 -821.869
3.305 1.91067 2000 -825.411
3.31 1.9188 2000 -828.921
3.315 1.92684 2000 -832.397
3.32 1.93481 2000 -835.838
3.325 1.94269 2000 -839.242
3.33 1.95048 2000 -842.607
3.335 1.95818 2000 -845.934
3.34 1.9658 2000 -849.227
3.345 1.97334 2000 -852.484
3.35 1.98079 2000 -855.703
3.355 1.98816 2000 -858.884
3.36 1.99543 2000 -862.026
3.365 2.0026 2000 -865.124
3.37 2.00968 2000 -868.18
3.375 2.01666 2000 -871.199
3.38 2.02357 2000 -874.182
3.385 2.03039 2000 -877.13
3.39 2.03714 2000 -880.043
3.395 2.0438 2000 -882.92
3.4 2.05037 2000 -885.759
3.405 2.05684 2000 -888.555
3.41 2.0632 2000 -891.302
3.415 2.06945 2000 -894.001
3.42 2.07559 2000 -896.656
3.425 2.08166 2000 -899.276
3.43 2.08764 2000 -901.862
3.435 2.09354 2000 -904.41
3.44 2.09934 2000 -906.916
3.445 2.10505 2000 -909.383
3.45 2.11068 2000 -911.813
3.455 2.11622 2000 -914.206
3.46 2.12167 2000 -916.562
3.465 2.12703 2000 -918.875
3.47 2.13227 2000 -921.14
3.475 2.13741 2000 -923.36
3.48 2.14246 2000 -925.545
3.485 2.14745 2000 -927.697
3.49 2.15234 2000 -929.813
3.495 2.15715 2000 -931.889
3.5 2.16187 2000 -933.926
3.505 2.1665 2000 -935.926
3.51 2.17104 2000 -937.891
3.515 2.1755 2000 -939.818
3.52 2.17988 2000 -941.709
3.525 2.18418 2000 -943.564
3.53 2.18838 2000 -945.38
3.535 2.19248 2000 -947.154
3.54 2.19649 2000 -948.885
3.545 2.20042 2000 -950.581
3.55 2.20427 2000 -952.243
3.555 2.20803 2000 -953.868
3.56 2.21169 2000 -955.45
3.565 2.21526 2000 -956.99
3.57 2.21873 2000 -958.491
3.575 2.22211 2000 -959.952
3.58 2.22538 2000 -961.363
3.585 2.22852 2000 -962.721
3.59 2.23155 2000 -964.028
3.595 2.23446 2000 -965.285
3.6 2.23725 2000 -966.494
3.605 2.23995 2000 -967.66
3.61 2.24256 2000 -968.787
3.615 2.24508 2000 -969.876
3.62 2.24751 2000 -970.926
3.625 2.24984 2000 -971.93
3.63 2.25205 2000 -972.887
3.635 2.25416 2000 -973.797
3.64 2.25616 2000 -974.662
3.645 2.25808 2000 -975.489
3.65 2.25991 2000 -976.281
3.655 2.26166 2000 -977.036
3.66 2.2633 2000 -977.747
3.665 2.26484 2000 -978.409
3.67 2.26626 2000 -979.024
3.675 2.26758 2000 -979.593
3.68 2.26879 2000 -980.115
3.685 2.2699 2000 -980.595
3.69 2.27092 2000 -981.036
3.695 2.27185 2000 -981.439
3.7 2.27269 2000 -981.802
3.705 2.27343 2000 -982.123
3.71 2.27407 2000 -982.4
3.715 2.27462 2000 -982.636
3.72 2.27508 2000 -982.832
3.725 2.27544 2000 -982.99
3.73 2.27571 2000 -983.106
3.735 2.27587 2000 -983.176
3.74 2.27593 2000 -983.2
3.745 2.27588 2000 -983.179
3.75 2.27573 2000 -983.115
3.755 2.27548 2000 -983.008
3.76 2.27513 2000 -982.858
3.765 2.27468 2000 -982.664
3.77 2.27413 2000 -982.426
3.775 2.27348 2000 -982.142
3.78 2.27271 2000 -981.81
3.785 2.27183 2000 -981.432
3.79 2.27085 2000 -981.007
3.795 2.26976 2000 -980.534
3.8 2.26855 2000 -980.016
3.805 2.26726 2000 -979.454
3.81 2.26586 2000 -978.851
3.815 2.26435 2000 -978.197
3.82 2.2627 2000 -977.485
3.825 2.26091 2000 -976.714
3.83 2.25901 2000 -975.891
3.835 2.25699 2000 -975.02
3.84 2.25486 2000 -974.101
3.845 2.25262 2000 -973.132
3.85 2.25026 2000 -972.113
3.855 2.2478 2000 -971.048
3.86 2.24522 2000 -969.936
3.865 2.24254 2000 -968.776
3.87 2.23974 2000 -967.566
3.875 2.23682 2000 -966.304
3.88 2.23378 2000 -964.991
3.885 2.23063 2000 -963.633
3.89 2.22739 2000 -962.23
3.895 2.22403 2000 -960.78
3.9 2.22057 2000 -959.287
3.905 2.21704 2000 -957.76
3.91 2.21343 2000 -956.2
3.915 2.20972 2000 -954.6
3.92 2.20593 2000 -952.961
3.925 2.20204 2000 -951.281
3.93 2.19806 2000 -949.561
3.935 2.19399 2000 -947.803
3.94 2.18984 2000 -946.009
3.945 2.18561 2000 -944.181
3.95 2.18128 2000 -942.314
3.955 2.17685 2000 -940.401
3.96 2.17231 2000 -938.44
3.965 2.16768 2000 -936.437
3.97 2.16295 2000 -934.394
3.975 2.15811 2000 -932.304
3.98 2.15316 2000 -930.164
3.985 2.14809 2000 -927.975
3.99 2.14292 2000 -925.741
3.995 2.13764 2000 -923.459
4 2.13223 2000 -921.123
4.005 2.1267 2000 -918.735
4.01 2.12107 2000 -916.302
4.015 2.11536 2000 -913.833
4.02 2.10955 2000 -911.326
4.025 2.10364 2000 -908.774
4.03 2.09763 2000 -906.175
4.035 2.09151 2000 -903.532
4.04 2.08529 2000 -900.846
4.045 2.07897 2000 -898.114
4.05 2.07253 2000 -895.334
4.055 2.066 2000 -892.513
4.06 2.05938 2000 -889.653
4.065 2.05268 2000 -886.756
4.07 2.04588 2000 -883.822
4.075 2.03901 2000 -880.853
4.08 2.03205 2000 -877.845
4.085 2.02498 2000 -874.79
4.09 2.0178 2000 -871.688
4.095 2.01052 2000 -868.543
4.1 2.00314 2000 -865.357
4.105 1.99567 2000 -862.129
4.11 1.98811 2000 -858.863
4.115 1.98047 2000 -855.564
4.12 1.97276 2000 -852.232
4.125 1.96495 2000 -848.86
4.13 1.95706 2000 -845.45
4.135 1.94909 2000 -842.005
4.14 1.94104 2000 -838.53
4.145 1.93293 2000 -835.026
4.15 1.92475 2000 -831.493
4.155 1.91651 2000 -827.93
4.16 1.90819 2000 -824.339
4.165 1.89981 2000 -820.718
4.17 1.89137 2000 -817.07
4.175 1.88286 2000 -813.398
4.18 1.87432 2000 -809.705
4.185 1.86573 2000 -805.994
4.19 1.85709 2000 -802.264
4.195 1.84841 2000 -798.511
4.2 1.83965 2000 -794.728
4.205 1.8308 2000 -790.906
4.21 1.82186 2000 -787.045
4.215 1.81286 2000 -783.155
4.22 1.80379 2000 -779.239
4.225 1.79467 2000 -775.299
4.23 1.7855 2000 -771.337
4.235 1.7763 2000 -767.36
4.24 1.76706 2000 -763.37
4.245 1.75778 2000 -759.362
4.25 1.74845 2000 -755.329
4.255 1.73904 2000 -751.265
4.26 1.72957 2000 -747.173
4.265 1.72004 2000 -743.055
4.27 1.71044 2000 -738.912
4.275 1.70078 2000 -734.737
4.28 1.69104 2000 -730.529
4.285 1.68123 2000 -726.29
4.29 1.67136 2000 -722.028
4.295 1.66144 2000 -717.743
4.3 1.65146 2000 -713.432
4.305 1.64142 2000 -709.092
4.31 1.6313 2000 -704.723
4.315 1.62113 2000 -700.327
4.32 1.61089 2000 -695.903
4.325 1.6006 2000 -691.457
4.33 1.59025 2000 -686.989
4.335 1.57985 2000 -682.494
4.34 1.56937 2000 -677.969
4.345 1.55885 2000 -673.422
4.35 1.54827 2000 -668.854
4.355 1.53764 2000 -664.262
4.36 1.52695 2000 -659.643
4.365 1.51622 2000 -655.005
4.37 1.50544 2000 -650.351
4.375 1.49463 2000 -645.682
4.38 1.48378 2000 -640.994
4.385 1.47288 2000 -636.283
4.39 1.46191 2000 -631.544
4.395 1.45087 2000 -626.776
4.4 1.43977 2000 -621.98
4.405 1.42861 2000 -617.159
4.41 1.4174 2000 -612.317
4.415 1.40614 2000 -607.454
4.42 1.39484 2000 -602.57
4.425 1.38349 2000 -597.669
4.43 1.37212 2000 -592.754
4.435 1.36071 2000 -587.827
4.44 1.34926 2000 -582.881
4.445 1.33776 2000 -577.91
4.45 1.3262 2000 -572.917
4.455 1.31462 2000 -567.914
4.46 1.30303 2000 -562.909
4.465 1.29144 2000 -557.901
4.47 1.27982 2000 -552.882
4.475 1.26817 2000 -547.85
4.48 1.2565 2000 -542.809
4.485 1.24482 2000 -537.76
4.49 1.23311 2000 -532.705
4.495 1.22139 2000 -527.641
4.5 1.20964 2000 -522.563
4.505 1.19783 2000 -517.465
4.51 1.18598 2000 -512.344
4.515 1.17408 2000 -507.204
4.52 1.16216 2000 -502.051
4.525 1.15021 2000 -496.889
4.53 1.13824 2000 -491.718
4.535 1.12624 2000 -486.537
4.54 1.11424 2000 -481.351
4.545 1.10225 2000 -476.171
4.55 1.09027 2000 -470.996
4.555 1.07826 2000 -465.81
4.56 1.06622 2000 -460.606
4.565 1.05414 2000 -455.388
4.57 1.04205 2000 -450.168
4.575 1.02997 2000 -444.946
4.58 1.01786 2000 -439.716
4.585 1.00571 2000 -434.467
4.59 0.993519 2000 -429.2
4.595 0.981299 2000 -423.921
4.6 0.969059 2000 -418.633
4.605 0.956818 2000 -413.345
4.61 0.9446 2000 -408.067
4.615 0.932413 2000 -402.802
4.62 0.92024 2000 -397.543
4.625 0.908052 2000 -392.279
4.63 0.895834 2000 -387
4.635 0.88359 2000 -381.711
4.64 0.871336 2000 -376.417
4.645 0.859072 2000 -371.119
4.65 0.846769 2000 -365.804
4.655 0.834413 2000 -360.466
4.66 0.822023 2000 -355.114
4.665 0.809622 2000 -349.757
4.67 0.79721 2000 -344.395
4.675 0.784767 2000 -339.019
4.68 0.772293 2000 -333.631
4.685 0.759816 2000 -328.241
4.69 0.747356 2000 -322.858
4.695 0.734912 2000 -317.482
4.7 0.722475 2000 -312.109
4.705 0.710037 2000 -306.736
4.71 0.697588 2000 -301.358
4.715 0.685126 2000 -295.974
4.72 0.672667 2000 -290.592
4.725 0.660244 2000 -285.225
4.73 0.647894 2000 -279.89
4.735 0.635617 2000 -274.586
4.74 0.623378 2000 -269.299
4.745 0.611164 2000 -264.023
4.75 0.598983 2000 -258.761
4.755 0.586835 2000 -253.513
4.76 0.574716 2000 -248.277
4.765 0.562633 2000 -243.058
4.77 0.550588 2000 -237.854
4.775 0.538555 2000 -232.656
4.78 0.526517 2000 -227.455
4.785 0.514486 2000 -222.258
4.79 0.502484 2000 -217.073
4.795 0.490506 2000 -211.899
4.8 0.478541 2000 -206.73
4.805 0.4666 2000 -201.571
4.81 0.454703 2000 -196.432
4.815 0.442844 2000 -191.309
4.82 0.431001 2000 -186.192
4.825 0.419173 2000 -181.083
4.83 0.407376 2000 -175.986
4.835 0.395615 2000 -170.906
4.84 0.383887 2000 -165.839
4.845 0.372188 2000 -160.785
4.85 0.360511 2000 -155.741
4.855 0.348856 2000 -150.706
4.86 0.337234 2000 -145.685
4.865 0.325646 2000 -140.679
4.87 0.314092 2000 -135.688
4.875 0.302576 2000 -130.713
4.88 0.291101 2000 -125.756
4.885 0.279657 2000 -120.812
4.89 0.268238 2000 -115.879
4.895 0.25686 2000 -110.963
4.9 0.245521 2000 -106.065
4.905 0.234201 2000 -101.175
4.91 0.222901 2000 -96.2933
4.915 0.211661 2000 -91.4375
4.92 0.200504 2000 -86.6175
4.925 0.189418 2000 -81.8285
4.93 0.178385 2000 -77.0624
4.935 0.167396 2000 -72.3152
4.94 0.156441 2000 -67.5823
4.945 0.145506 2000 -62.8586
4.95 0.134585 2000 -58.1409
4.955 0.123677 2000 -53.4283
4.96 0.112784 2000 -48.7226
4.965 0.101922 2000 -44.0303
4.97 0.0911104 2000 -39.3597
4.975 0.080358 2000 -34.7147
4.98 0.0696649 2000 -30.0953
4.985 0.0590338 2000 -25.5026
4.99 0.0484726 2000 -20.9402
4.995 0.0379762 2000 -16.4057
5 0.0275162 2000 -11.887
5.005 0.0170657 2000 -7.3724
5.01 0.00662496 2000 -2.86198
5.015 -0.00378124 2000 1.6335
5.02 -0.0141231 2000 6.10118
5.025 -0.0243969 2000 10.5395
5.03 -0.0346255 2000 14.9582
5.035 -0.0448249 2000 19.3643
5.04 -0.0549927 2000 23.7568
5.045 -0.0651166 2000 28.1304
5.05 -0.0751887 2000 32.4815
5.055 -0.0852175 2000 36.814
5.06 -0.0952169 2000 41.1337
5.065 -0.10519 2000 45.4421
5.07 -0.115124 2000 49.7337
5.075 -0.124998 2000 53.9993
5.08 -0.134804 2000 58.2352
5.085 -0.144549 2000 62.4452
5.09 -0.154236 2000 66.6301
5.095 -0.163851 2000 70.7834
5.1 -0.173386 2000 74.9028
5.105 -0.182858 2000 78.9948
5.11 -0.192276 2000 83.0632
5.115 -0.201634 2000 87.1061
5.12 -0.21094 2000 91.1262
5.125 -0.220204 2000 95.1282
5.13 -0.22941 2000 99.1052
5.135 -0.238524 2000 103.042
5.14 -0.247531 2000 106.933
5.145 -0.25645 2000 110.786
5.15 -0.265305 2000 114.612
5.155 -0.274101 2000 118.412
5.16 -0.282833 2000 122.184
5.165 -0.291499 2000 125.927
5.17 -0.300094 2000 129.64
5.175 -0.308618 2000 133.323
5.18 -0.317083 2000 136.98
5.185 -0.325488 2000 140.611
5.19 -0.33382 2000 144.21
5.195 -0.342073 2000 147.776
5.2 -0.350249 2000 151.307
5.205 -0.358348 2000 154.806
5.21 -0.366378 2000 158.275
5.215 -0.374342 2000 161.716
5.22 -0.382224 2000 165.121
5.225 -0.390018 2000 168.488
5.23 -0.397749 2000 171.827
5.235 -0.405439 2000 175.15
5.24 -0.413095 2000 178.457
5.245 -0.420721 2000 181.751
5.25 -0.428312 2000 185.031
5.255 -0.435832 2000 188.279
5.26 -0.443247 2000 191.483
5.265 -0.450551 2000 194.638
5.27 -0.457761 2000 197.753
5.275 -0.464882 2000 200.829
5.28 -0.471909 2000 203.865
5.285 -0.478832 2000 206.856
5.29 -0.48565 2000 209.801
5.295 -0.492383 2000 212.71
5.3 -0.499053 2000 215.591
5.305 -0.505655 2000 218.443
5.31 -0.512167 2000 221.256
5.315 -0.518573 2000 224.024
5.32 -0.524873 2000 226.745
5.325 -0.531076 2000 229.425
5.33 -0.537202 2000 232.071
5.335 -0.543254 2000 234.686
5.34 -0.549222 2000 237.264
5.345 -0.555099 2000 239.803
5.35 -0.560889 2000 242.304
5.355 -0.566597 2000 244.77
5.36 -0.572229 2000 247.203
5.365 -0.57779 2000 249.605
5.37 -0.58328 2000 251.977
5.375 -0.588693 2000 254.315
5.38 -0.594014 2000 256.614
5.385 -0.599227 2000 258.866
5.39 -0.604327 2000 261.069
5.395 -0.60933 2000 263.23
5.4 -0.614258 2000 265.359
5.405 -0.619119 2000 267.46
5.41 -0.623907 2000 269.528
5.415 -0.628605 2000 271.557
5.42 -0.633193 2000 273.539
5.425 -0.637656 2000 275.467
5.43 -0.642003 2000 277.345
5.435 -0.646254 2000 279.182
5.44 -0.65042 2000 280.981
5.445 -0.654491 2000 282.74
5.45 -0.658446 2000 284.448
5.455 -0.662264 2000 286.098
5.46 -0.665954 2000 287.692
5.465 -0.669534 2000 289.239
5.47 -0.673019 2000 290.744
5.475 -0.676401 2000 292.205
5.48 -0.679671 2000 293.618
5.485 -0.682837 2000 294.985
5.49 -0.685912 2000 296.314
5.495 -0.688911 2000 297.609
5.5 -0.691842 2000 298.876
5.505 -0.69471 2000 300.115
5.51 -0.697507 2000 301.323
5.515 -0.700225 2000 302.497
5.52 -0.702865 2000 303.638
5.525 -0.705417 2000 304.74
5.53 -0.707879 2000 305.804
5.535 -0.710249 2000 306.828
5.54 -0.712517 2000 307.807
5.545 -0.714662 2000 308.734
5.55 -0.716686 2000 309.608
5.555 -0.718608 2000 310.439
5.56 -0.720448 2000 311.234
5.565 -0.722198 2000 311.99
5.57 -0.723845 2000 312.701
5.575 -0.725396 2000 313.371
5.58 -0.726878 2000 314.011
5.585 -0.728303 2000 314.627
5.59 -0.72967 2000 315.218
5.595 -0.730962 2000 315.776
5.6 -0.73216 2000 316.293
5.605 -0.73326 2000 316.768
5.61 -0.734273 2000 317.206
5.615 -0.735202 2000 317.607
5.62 -0.736036 2000 317.967
5.625 -0.73677 2000 318.285
5.63 -0.737413 2000 318.563
5.635 -0.737974 2000 318.805
5.64 -0.738457 2000 319.013
5.645 -0.738861 2000 319.188
5.65 -0.739164 2000 319.319
5.655 -0.739333 2000 319.392
5.66 -0.739365 2000 319.406
5.665 -0.739288 2000 319.372
5.67 -0.739125 2000 319.302
5.675 -0.738882 2000 319.197
5.68 -0.738555 2000 319.056
5.685 -0.738141 2000 318.877
5.69 -0.737639 2000 318.66
5.695 -0.737057 2000 318.408
5.7 -0.736401 2000 318.125
5.705 -0.735672 2000 317.81
5.71 -0.734862 2000 317.461
5.715 -0.733964 2000 317.072
5.72 -0.732954 2000 316.636
5.725 -0.731798 2000 316.137
5.73 -0.730481 2000 315.568
5.735 -0.729028 2000 314.94
5.74 -0.727477 2000 314.27
5.745 -0.72584 2000 313.563
5.75 -0.724111 2000 312.816
5.755 -0.72229 2000 312.029
5.76 -0.720382 2000 311.205
5.765 -0.718395 2000 310.346
5.77 -0.716325 2000 309.452
5.775 -0.714173 2000 308.523
5.78 -0.711932 2000 307.555
5.785 -0.709587 2000 306.542
5.79 -0.707136 2000 305.483
5.795 -0.704593 2000 304.384
5.8 -0.701964 2000 303.249
5.805 -0.69925 2000 302.076
5.81 -0.696464 2000 300.872
5.815 -0.69363 2000 299.648
5.82 -0.690756 2000 298.407
5.825 -0.687819 2000 297.138
5.83 -0.684796 2000 295.832
5.835 -0.681686 2000 294.488
5.84 -0.678499 2000 293.111
5.845 -0.675239 2000 291.703
5.85 -0.671896 2000 290.259
5.855 -0.668457 2000 288.773
5.86 -0.664924 2000 287.247
5.865 -0.661312 2000 285.687
5.87 -0.657631 2000 284.097
5.875 -0.653879 2000 282.476
5.88 -0.650044 2000 280.819
5.885 -0.646134 2000 279.13
5.89 -0.642161 2000 277.414
5.895 -0.638138 2000 275.675
5.9 -0.634066 2000 273.916
5.905 -0.629934 2000 272.132
5.91 -0.625738 2000 270.319
5.915 -0.621499 2000 268.487
5.92 -0.617236 2000 266.646
5.925 -0.612941 2000 264.79
5.93 -0.608586 2000 262.909
5.935 -0.604156 2000 260.995
5.94 -0.599651 2000 259.049
5.945 -0.595073 2000 257.071
5.95 -0.590422 2000 255.063
5.955 -0.585699 2000 253.022
5.96 -0.580903 2000 250.95
5.965 -0.576046 2000 248.852
5.97 -0.571146 2000 246.735
5.975 -0.566208 2000 244.602
5.98 -0.561219 2000 242.447
5.985 -0.556162 2000 240.262
5.99 -0.551024 2000 238.042
5.995 -0.545811 2000 235.79
6 -0.540556 2000 233.52
6.005 -0.535281 2000 231.241
6.01 -0.529973 2000 228.948
6.015 -0.524614 2000 226.633
6.02 -0.519207 2000 224.297
6.025 -0.513755 2000 221.942
6.03 -0.508253 2000 219.565
6.035 -0.502697 2000 217.165
6.04 -0.497089 2000 214.742
6.045 -0.491429 2000 212.297
6.05 -0.485735 2000 209.838
6.055 -0.480035 2000 207.375
6.06 -0.474331 2000 204.911
6.065 -0.468601 2000 202.436
6.07 -0.462821 2000 199.939
6.075 -0.456982 2000 197.416
6.08 -0.45109 2000 194.871
6.085 -0.445159 2000 192.309
6.09 -0.439204 2000 189.736
6.095 -0.433227 2000 187.154
6.1 -0.427229 2000 184.563
6.105 -0.421216 2000 181.965
6.11 -0.41518 2000 179.358
6.115 -0.409126 2000 176.742
6.12 -0.403076 2000 174.129
6.125 -0.397048 2000 171.525
6.13 -0.391026 2000 168.923
6.135 -0.38497 2000 166.307
6.14 -0.378859 2000 163.667
6.145 -0.372705 2000 161.009
6.15 -0.366523 2000 158.338
6.155 -0.360316 2000 155.656
6.16 -0.354087 2000 152.966
6.165 -0.347831 2000 150.263
6.17 -0.341525 2000 147.539
6.175 -0.335155 2000 144.787
6.18 -0.328735 2000 142.013
6.185 -0.322285 2000 139.227
6.19 -0.315804 2000 136.427
6.195 -0.309287 2000 133.612
6.2 -0.302746 2000 130.786
6.205 -0.296192 2000 127.955
6.21 -0.289618 2000 125.115
6.215 -0.283017 2000 122.264
6.22 -0.276393 2000 119.402
6.225 -0.26975 2000 116.532
6.23 -0.263087 2000 113.654
6.235 -0.256398 2000 110.764
6.24 -0.249679 2000 107.861
6.245 -0.242935 2000 104.948
6.25 -0.236172 2000 102.026
6.255 -0.229397 2000 99.0994
6.26 -0.222615 2000 96.1698
6.265 -0.21583 2000 93.2385
6.27 -0.209032 2000 90.3016
6.275 -0.202217 2000 87.3579
6.28 -0.195404 2000 84.4144
6.285 -0.188606 2000 81.4779
6.29 -0.18182 2000 78.5462
6.295 -0.175025 2000 75.611
6.3 -0.168209 2000 72.6661
6.305 -0.161368 2000 69.7108
6.31 -0.154507 2000 66.7471
6.315 -0.147634 2000 63.7777
6.32 -0.140746 2000 60.8024
6.325 -0.133834 2000 57.8163
6.33 -0.126882 2000 54.8131
6.335 -0.119885 2000 51.7904
6.34 -0.112856 2000 48.7538
6.345 -0.105821 2000 45.7145
6.35 -0.0988003 2000 42.6817
6.355 -0.0917874 2000 39.6521
6.36 -0.0847565 2000 36.6148
6.365 -0.0777178 2000 33.5741
6.37 -0.0707279 2000 30.5545
6.375 -0.06383 2000 27.5746
6.38 -0.057007 2000 24.627
6.385 -0.0502053 2000 21.6887
6.39 -0.0433858 2000 18.7427
6.395 -0.0365444 2000 15.7872
6.4 -0.0296965 2000 12.8289
6.405 -0.0228535 2000 9.87273
6.41 -0.0160143 2000 6.91816
6.415 -0.00917734 2000 3.96461
6.42 -0.00234726 2000 1.01402
6.425 0.00446972 2000 -1.93092
6.43 0.0112673 2000 -4.86747
6.435 0.0180437 2000 -7.79486
6.44 0.0247974 2000 -10.7125
6.445 0.0315124 2000 -13.6134
6.45 0.0381705 2000 -16.4897
6.455 0.0447774 2000 -19.3438
6.46 0.0513507 2000 -22.1835
6.465 0.0578965 2000 -25.0113
6.47 0.0644113 2000 -27.8257
6.475 0.0708933 2000 -30.6259
6.48 0.0773499 2000 -33.4151
6.485 0.0837945 2000 -36.1992
6.49 0.0902351 2000 -38.9815
6.495 0.0966597 2000 -41.757
6.5 0.10304 2000 -44.5133
6.505 0.109361 2000 -47.244
6.51 0.115638 2000 -49.9558
6.515 0.121888 2000 -52.6555
6.52 0.1281 2000 -55.3391
6.525 0.134263 2000 -58.0016
6.53 0.140392 2000 -60.6494
6.535 0.146514 2000 -63.2939
6.54 0.15264 2000 -65.9404
6.545 0.158766 2000 -68.5869
6.55 0.164877 2000 -71.2267
6.555 0.170961 2000 -73.8551
6.56 0.177022 2000 -76.4735
6.565 0.183067 2000 -79.0848
6.57 0.189095 2000 -81.6889
6.575 0.195105 2000 -84.2855
6.58 0.201106 2000 -86.8779
6.585 0.207109 2000 -89.4711
6.59 0.213114 2000 -92.0653
6.595 0.219104 2000 -94.653
6.6 0.225059 2000 -97.2256
6.605 0.230979 2000 -99.7831
6.61 0.236871 2000 -102.328
6.615 0.242714 2000 -104.853
6.62 0.248489 2000 -107.347
6.625 0.254208 2000 -109.818
6.63 0.259899 2000 -112.276
6.635 0.265566 2000 -114.725
6.64 0.271203 2000 -117.16
6.645 0.276815 2000 -119.584
6.65 0.282416 2000 -122.004
6.655 0.288005 2000 -124.418
6.66 0.293571 2000 -126.823
6.665 0.299098 2000 -129.21
6.67 0.304558 2000 -131.569
6.675 0.309919 2000 -133.885
6.68 0.315183 2000 -136.159
6.685 0.320386 2000 -138.407
6.69 0.325561 2000 -140.642
6.695 0.330714 2000 -142.868
6.7 0.335834 2000 -145.08
6.705 0.340922 2000 -147.278
6.71 0.345982 2000 -149.464
6.715 0.351013 2000 -151.638
6.72 0.356004 2000 -153.794
6.725 0.360955 2000 -155.933
6.73 0.365868 2000 -158.055
6.735 0.370733 2000 -160.157
6.74 0.375545 2000 -162.235
6.745 0.380323 2000 -164.299
6.75 0.385089 2000 -166.359
6.755 0.389834 2000 -168.408
6.76 0.39453 2000 -170.437
6.765 0.399167 2000 -172.44
6.77 0.403752 2000 -174.421
6.775 0.408297 2000 -176.384
6.78 0.412812 2000 -178.335
6.785 0.417295 2000 -180.272
6.79 0.421739 2000 -182.191
6.795 0.426119 2000 -184.084
6.8 0.430401 2000 -185.933
6.805 0.434577 2000 -187.737
6.81 0.438675 2000 -189.507
6.815 0.442718 2000 -191.254
6.82 0.446707 2000 -192.977
6.825 0.450644 2000 -194.678
6.83 0.45454 2000 -196.361
6.835 0.458397 2000 -198.028
6.84 0.462202 2000 -199.671
6.845 0.465944 2000 -201.288
6.85 0.469626 2000 -202.878
6.855 0.473261 2000 -204.449
6.86 0.476858 2000 -206.003
6.865 0.480416 2000 -207.54
6.87 0.483927 2000 -209.057
6.875 0.487384 2000 -210.55
6.88 0.490777 2000 -212.016
6.885 0.494112 2000 -213.456
6.89 0.497407 2000 -214.88
6.895 0.500661 2000 -216.286
6.9 0.503853 2000 -217.665
6.905 0.506976 2000 -219.014
6.91 0.510043 2000 -220.338
6.915 0.513055 2000 -221.64
6.92 0.516004 2000 -222.914
6.925 0.518893 2000 -224.162
6.93 0.521735 2000 -225.39
6.935 0.524528 2000 -226.596
6.94 0.527247 2000 -227.771
6.945 0.529879 2000 -228.908
6.95 0.53244 2000 -230.014
6.955 0.534961 2000 -231.103
6.96 0.537452 2000 -232.179
6.965 0.539905 2000 -233.239
6.97 0.542303 2000 -234.275
6.975 0.544634 2000 -235.282
6.98 0.546888 2000 -236.256
6.985 0.549075 2000 -237.2
6.99 0.551219 2000 -238.126
6.995 0.553323 2000 -239.036
7 0.555347 2000 -239.91
7.005 0.557249 2000 -240.732
7.01 0.559036 2000 -241.504
7.015 0.560739 2000 -242.239
7.02 0.562372 2000 -242.945
7.025 0.563928 2000 -243.617
7.03 0.565387 2000 -244.247
7.035 0.566738 2000 -244.831
7.04 0.567984 2000 -245.369
7.045 0.569147 2000 -245.871
7.05 0.570241 2000 -246.344
7.055 0.571274 2000 -246.791
7.06 0.572245 2000 -247.21
7.065 0.573141 2000 -247.597
7.07 0.573943 2000 -247.943
7.075 0.574637 2000 -248.243
7.08 0.575227 2000 -248.498
7.085 0.575728 2000 -248.715
7.09 0.576158 2000 -248.9
7.095 0.576523 2000 -249.058
7.1 0.576817 2000 -249.185
7.105 0.577036 2000 -249.28
7.11 0.577185 2000 -249.344
7.115 0.57727 2000 -249.381
7.12 0.577291 2000 -249.39
7.125 0.577238 2000 -249.367
7.13 0.577106 2000 -249.31
7.135 0.576896 2000 -249.219
7.14 0.576603 2000 -249.092
7.145 0.576229 2000 -248.931
7.15 0.575806 2000 -248.748
7.155 0.57536 2000 -248.556
7.16 0.574877 2000 -248.347
7.165 0.574319 2000 -248.106
7.17 0.573679 2000 -247.829
7.175 0.57298 2000 -247.527
7.18 0.57223 2000 -247.204
7.185 0.57142 2000 -246.854
7.19 0.570532 2000 -246.47
7.195 0.569559 2000 -246.05
7.2 0.568511 2000 -245.597
7.205 0.567392 2000 -245.113
7.21 0.566192 2000 -244.595
7.215 0.564913 2000 -244.042
7.22 0.563581 2000 -243.467
7.225 0.562213 2000 -242.876
7.23 0.560791 2000 -242.262
7.235 0.559301 2000 -241.618
7.24 0.557747 2000 -240.947
7.245 0.556139 2000 -240.252
7.25 0.554465 2000 -239.529
7.255 0.55271 2000 -238.771
7.26 0.550885 2000 -237.982
7.265 0.54901 2000 -237.172
7.27 0.54708 2000 -236.339
7.275 0.545077 2000 -235.473
7.28 0.54299 2000 -234.572
7.285 0.540821 2000 -233.635
7.29 0.538576 2000 -232.665
7.295 0.536271 2000 -231.669
7.3 0.533912 2000 -230.65
7.305 0.531498 2000 -229.607
7.31 0.529025 2000 -228.539
7.315 0.526487 2000 -227.442
7.32 0.52387 2000 -226.312
7.325 0.521159 2000 -225.141
7.33 0.518359 2000 -223.931
7.335 0.515484 2000 -222.689
7.34 0.512546 2000 -221.42
7.345 0.50954 2000 -220.121
7.35 0.506452 2000 -218.787
7.355 0.503276 2000 -217.415
7.36 0.500025 2000 -216.011
7.365 0.49672 2000 -214.583
7.37 0.493369 2000 -213.135
7.375 0.489965 2000 -211.665
7.38 0.486504 2000 -210.17
7.385 0.48298 2000 -208.647
7.39 0.479391 2000 -207.097
7.395 0.475742 2000 -205.521
7.4 0.472028 2000 -203.916
7.405 0.468225 2000 -202.273
7.41 0.464318 2000 -200.585
7.415 0.460329 2000 -198.862
7.42 0.456282 2000 -197.114
7.425 0.452175 2000 -195.339
7.43 0.447988 2000 -193.531
7.435 0.443703 2000 -191.68
7.44 0.439314 2000 -189.784
7.445 0.434839 2000 -187.85
7.45 0.430314 2000 -185.896
7.455 0.425767 2000 -183.931
7.46 0.421191 2000 -181.954
7.465 0.416554 2000 -179.951
7.47 0.41183 2000 -177.911
7.475 0.407019 2000 -175.832
7.48 0.402139 2000 -173.724
7.485 0.397208 2000 -171.594
7.49 0.392218 2000 -169.438
7.495 0.387156 2000 -167.252
7.5 0.38203 2000 -165.037
7.505 0.376851 2000 -162.8
7.51 0.371633 2000 -160.546
7.515 0.36637 2000 -158.272
7.52 0.361036 2000 -155.967
7.525 0.355621 2000 -153.628
7.53 0.350144 2000 -151.262
7.535 0.344624 2000 -148.877
7.54 0.339056 2000 -146.472
7.545 0.333425 2000 -144.039
7.55 0.327715 2000 -141.573
7.555 0.321934 2000 -139.075
7.56 0.316095 2000 -136.553
7.565 0.310206 2000 -134.009
7.57 0.304262 2000 -131.441
7.575 0.298265 2000 -128.851
7.58 0.29221 2000 -126.235
7.585 0.286079 2000 -123.586
7.59 0.279863 2000 -120.901
7.595 0.273565 2000 -118.18
7.6 0.267188 2000 -115.425
7.605 0.260742 2000 -112.641
7.61 0.254255 2000 -109.838
7.615 0.247753 2000 -107.029
7.62 0.241231 2000 -104.212
7.625 0.234654 2000 -101.371
7.63 0.227996 2000 -98.4945
7.635 0.221265 2000 -95.5864
7.64 0.214486 2000 -92.658
7.645 0.207677 2000 -89.7163
7.65 0.20083 2000 -86.7586
7.655 0.193933 2000 -83.779
7.66 0.186978 2000 -80.7745
7.665 0.179967 2000 -77.7458
7.67 0.172906 2000 -74.6953
7.675 0.165803 2000 -71.6269
7.68 0.158676 2000 -68.5481
7.685 0.151542 2000 -65.4662
7.69 0.144397 2000 -62.3796
7.695 0.13722 2000 -59.2789
7.7 0.129996 2000 -56.1581
7.705 0.12274 2000 -53.0235
7.71 0.115473 2000 -49.8844
7.715 0.108182 2000 -46.7345
7.72 0.100834 2000 -43.5603
7.725 0.0934458 2000 -40.3686
7.73 0.0860604 2000 -37.1781
7.735 0.0786736 2000 -33.987
7.74 0.0712483 2000 -30.7793
7.745 0.0637856 2000 -27.5554
7.75 0.0563187 2000 -24.3297
7.755 0.0488555 2000 -21.1056
7.76 0.041374 2000 -17.8736
7.765 0.0338611 2000 -14.628
7.77 0.0263253 2000 -11.3725
7.775 0.0187802 2000 -8.11305
7.78 0.0112308 2000 -4.85171
7.785 0.00367662 2000 -1.5883
7.79 -0.00388763 2000 1.67946
7.795 -0.0114691 2000 4.95466
7.8 -0.0190653 2000 8.23621
7.805 -0.0266739 2000 11.5231
7.81 -0.0343179 2000 14.8253
7.815 -0.0420312 2000 18.1575
7.82 -0.0498128 2000 21.5191
7.825 -0.0576262 2000 24.8945
7.83 -0.0654495 2000 28.2742
7.835 -0.0732991 2000 31.6652
7.84 -0.0811987 2000 35.0778
7.845 -0.0891501 2000 38.5129
7.85 -0.0971427 2000 41.9656
7.855 -0.105162 2000 45.43
7.86 -0.113193 2000 48.8995
7.865 -0.121235 2000 52.3736
7.87 -0.129299 2000 55.8572
7.875 -0.13739 2000 59.3525
7.88 -0.145496 2000 62.8543
7.885 -0.153603 2000 66.3564
7.89 -0.161706 2000 69.857
7.895 -0.169808 2000 73.3572
7.9 -0.177908 2000 76.8562
7.905 -0.185995 2000 80.35
7.91 -0.194065 2000 83.8362
7.915 -0.202131 2000 87.3207
7.92 -0.21022 2000 90.815
7.925 -0.218342 2000 94.3238
7.93 -0.226478 2000 97.8386
7.935 -0.234602 2000 101.348
7.94 -0.24271 2000 104.851
7.945 -0.250813 2000 108.351
7.95 -0.258922 2000 111.854
7.955 -0.267043 2000 115.363
7.96 -0.275177 2000 118.877
7.965 -0.283315 2000 122.392
7.97 -0.291441 2000 125.903
7.975 -0.299544 2000 129.403
7.98 -0.307621 2000 132.892
7.985 -0.315676 2000 136.372
7.99 -0.32372 2000 139.847
7.995 -0.331762 2000 143.321
8 -0.33982 2000 146.802
8.005 -0.347903 2000 150.294
8.01 -0.355995 2000 153.79
8.015 -0.364074 2000 157.28
8.02 -0.372145 2000 160.767
8.025 -0.380228 2000 164.258
8.03 -0.388325 2000 167.756
8.035 -0.396423 2000 171.255
8.04 -0.404512 2000 174.749
8.045 -0.412591 2000 178.239
8.05 -0.420658 2000 181.724
8.055 -0.428709 2000 185.202
8.06 -0.436735 2000 188.669
8.065 -0.444733 2000 192.125
8.07 -0.452703 2000 195.568
8.075 -0.460647 2000 199
8.08 -0.468571 2000 202.423
8.085 -0.476477 2000 205.838
8.09 -0.484352 2000 209.24
8.095 -0.492194 2000 212.628
8.1 -0.500024 2000 216.01
8.105 -0.50786 2000 219.396
8.11 -0.515697 2000 222.781
8.115 -0.523514 2000 226.158
8.12 -0.531285 2000 229.515
8.125 -0.538992 2000 232.845
8.13 -0.546641 2000 236.149
8.135 -0.554244 2000 239.433
8.14 -0.561806 2000 242.7
8.145 -0.569337 2000 245.954
8.15 -0.576844 2000 249.197
8.155 -0.584327 2000 252.429
8.16 -0.591777 2000 255.648
8.165 -0.59918 2000 258.846
8.17 -0.606526 2000 262.019
8.175 -0.613835 2000 265.177
8.18 -0.621138 2000 268.332
8.185 -0.628441 2000 271.487
8.19 -0.635718 2000 274.63
8.195 -0.64295 2000 277.754
8.2 -0.650145 2000 280.863
8.205 -0.657314 2000 283.96
8.21 -0.664466 2000 287.049
8.215 -0.67161 2000 290.135
8.22 -0.678739 2000 293.215
8.225 -0.685825 2000 296.276
8.23 -0.692847 2000 299.31
8.235 -0.699806 2000 302.316
8.24 -0.706715 2000 305.301
8.245 -0.713588 2000 308.27
8.25 -0.720426 2000 311.224
8.255 -0.727225 2000 314.161
8.26 -0.733979 2000 317.079
8.265 -0.74069 2000 319.978
8.27 -0.747367 2000 322.862
8.275 -0.754011 2000 325.733
8.28 -0.760611 2000 328.584
8.285 -0.76715 2000 331.409
8.29 -0.773631 2000 334.208
8.295 -0.780082 2000 336.995
8.3 -0.78653 2000 339.781
8.305 -0.792959 2000 342.558
8.31 -0.799336 2000 345.313
8.315 -0.805649 2000 348.04
8.32 -0.811904 2000 350.743
8.325 -0.81811 2000 353.424
8.33 -0.824267 2000 356.083
8.335 -0.830363 2000 358.717
8.34 -0.836389 2000 361.32
8.345 -0.842343 2000 363.892
8.35 -0.848225 2000 366.433
8.355 -0.854036 2000 368.944
8.36 -0.859791 2000 371.43
8.365 -0.865505 2000 373.898
8.37 -0.871173 2000 376.347
8.375 -0.876785 2000 378.771
8.38 -0.882343 2000 381.172
8.385 -0.887852 2000 383.552
8.39 -0.893315 2000 385.912
8.395 -0.89873 2000 388.251
8.4 -0.904105 2000 390.573
8.405 -0.90946 2000 392.887
8.41 -0.914807 2000 395.197
8.415 -0.920132 2000 397.497
8.42 -0.925409 2000 399.776
8.425 -0.930623 2000 402.029
8.43 -0.935767 2000 404.252
8.435 -0.940841 2000 406.443
8.44 -0.945845 2000 408.605
8.445 -0.950794 2000 410.743
8.45 -0.955696 2000 412.861
8.455 -0.960549 2000 414.957
8.46 -0.965353 2000 417.033
8.465 -0.97011 2000 419.088
8.47 -0.974822 2000 421.123
8.475 -0.979491 2000 423.14
8.48 -0.984121 2000 425.14
8.485 -0.988715 2000 427.125
8.49 -0.993274 2000 429.094
8.495 -0.997801 2000 431.05
8.5 -1.0023 2000 432.992
8.505 -1.00675 2000 434.915
8.51 -1.01114 2000 436.815
8.515 -1.01548 2000 438.689
8.52 -1.01975 2000 440.533
8.525 -1.02395 2000 442.344
8.53 -1.02808 2000 444.132
8.535 -1.0322 2000 445.909
8.54 -1.03628 2000 447.673
8.545 -1.04031 2000 449.414
8.55 -1.04426 2000 451.122
8.555 -1.04813 2000 452.793
8.56 -1.05192 2000 454.43
8.565 -1.05566 2000 456.044
8.57 -1.05936 2000 457.645
8.575 -1.06305 2000 459.238
8.58 -1.06673 2000 460.826
8.585 -1.07038 2000 462.404
8.59 -1.07399 2000 463.965
8.595 -1.07756 2000 465.504
8.6 -1.08106 2000 467.018
8.605 -1.08452 2000 468.513
8.61 -1.08794 2000 469.99
8.615 -1.09131 2000 471.444
8.62 -1.09461 2000 472.87
8.625 -1.09783 2000 474.264
8.63 -1.10097 2000 475.621
8.635 -1.10403 2000 476.941
8.64 -1.10701 2000 478.229
8.645 -1.10992 2000 479.485
8.65 -1.11275 2000 480.706
8.655 -1.11549 2000 481.893
8.66 -1.11816 2000 483.045
8.665 -1.12073 2000 484.157
8.67 -1.12323 2000 485.233
8.675 -1.12564 2000 486.277
8.68 -1.12798 2000 487.286
8.685 -1.13022 2000 488.255
8.69 -1.13236 2000 489.181
8.695 -1.13442 2000 490.07
8.7 -1.13641 2000 490.928
8.705 -1.13833 2000 491.758
8.71 -1.14019 2000 492.561
8.715 -1.14199 2000 493.34
8.72 -1.14374 2000 494.094
8.725 -1.14539 2000 494.809
8.73 -1.14693 2000 495.474
8.735 -1.14836 2000 496.089
8.74 -1.14969 2000 496.666
8.745 -1.15095 2000 497.21
8.75 -1.15214 2000 497.722
8.755 -1.15323 2000 498.196
8.76 -1.15423 2000 498.627
8.765 -1.15513 2000 499.014
8.77 -1.15593 2000 499.364
8.775 -1.15667 2000 499.682
8.78 -1.15735 2000 499.976
8.785 -1.15797 2000 500.243
8.79 -1.15851 2000 500.476
8.795 -1.15897 2000 500.676
8.8 -1.15938 2000 500.853
8.805 -1.15974 2000 501.009
8.81 -1.16005 2000 501.142
8.815 -1.16028 2000 501.243
8.82 -1.16044 2000 501.312
8.825 -1.16053 2000 501.349
8.83 -1.16053 2000 501.349
8.835 -1.16044 2000 501.312
8.84 -1.16028 2000 501.24
8.845 -1.16004 2000 501.137
8.85 -1.15973 2000 501.005
8.855 -1.15936 2000 500.845
8.86 -1.15893 2000 500.656
8.865 -1.15841 2000 500.433
8.87 -1.15781 2000 500.174
8.875 -1.15712 2000 499.878
8.88 -1.15635 2000 499.543
8.885 -1.15548 2000 499.166
8.89 -1.1545 2000 498.742
8.895 -1.1534 2000 498.271
8.9 -1.15223 2000 497.765
8.905 -1.15101 2000 497.236
8.91 -1.14972 2000 496.679
8.915 -1.14834 2000 496.082
8.92 -1.14685 2000 495.441
8.925 -1.14528 2000 494.761
8.93 -1.14363 2000 494.049
8.935 -1.14191 2000 493.303
8.94 -1.14009 2000 492.52
8.945 -1.13818 2000 491.695
8.95 -1.13617 2000 490.827
8.955 -1.13408 2000 489.922
8.96 -1.13191 2000 488.984
8.965 -1.12966 2000 488.012
8.97 -1.12733 2000 487.005
8.975 -1.12492 2000 485.966
8.98 -1.12244 2000 484.894
8.985 -1.11986 2000 483.781
8.99 -1.1172 2000 482.629
8.995 -1.11446 2000 481.447
9 -1.11169 2000 480.249
9.005 -1.10887 2000 479.033
9.01 -1.106 2000 477.792
9.015 -1.10305 2000 476.518
9.02 -1.10003 2000 475.212
9.025 -1.09693 2000 473.874
9.03 -1.09376 2000 472.504
9.035 -1.09052 2000 471.103
9.04 -1.0872 2000 469.67
9.045 -1.08378 2000 468.194
9.05 -1.08026 2000 466.672
9.055 -1.07667 2000 465.119
9.06 -1.07303 2000 463.55
9.065 -1.06935 2000 461.961
9.07 -1.06561 2000 460.342
9.075 -1.06178 2000 458.691
9.08 -1.05789 2000 457.01
9.085 -1.05393 2000 455.3
9.09 -1.04989 2000 453.554
9.095 -1.04575 2000 451.764
9.1 -1.04149 2000 449.924
9.105 -1.03714 2000 448.045
9.11 -1.03273 2000 446.139
9.115 -1.02825 2000 444.206
9.12 -1.02371 2000 442.242
9.125 -1.01909 2000 440.246
9.13 -1.01441 2000 438.224
9.135 -1.00966 2000 436.172
9.14 -1.00483 2000 434.085
9.145 -0.999907 2000 431.96
9.15 -0.994897 2000 429.796
9.155 -0.9898 2000 427.594
9.16 -0.984633 2000 425.361
9.165 -0.979417 2000 423.108
9.17 -0.974164 2000 420.839
9.175 -0.968871 2000 418.552
9.18 -0.963531 2000 416.245
9.185 -0.958141 2000 413.917
9.19 -0.952713 2000 411.572
9.195 -0.947261 2000 409.217
9.2 -0.94178 2000 406.849
9.205 -0.936253 2000 404.461
9.21 -0.93068 2000 402.054
9.215 -0.925081 2000 399.635
9.22 -0.919461 2000 397.207
9.225 -0.913802 2000 394.762
9.23 -0.908086 2000 392.293
9.235 -0.902318 2000 389.801
9.24 -0.896509 2000 387.292
9.245 -0.890659 2000 384.765
9.25 -0.884752 2000 382.213
9.255 -0.878764 2000 379.626
9.26 -0.872685 2000 377
9.265 -0.86654 2000 374.345
9.27 -0.860365 2000 371.678
9.275 -0.854166 2000 369
9.28 -0.847925 2000 366.304
9.285 -0.841632 2000 363.585
9.29 -0.835296 2000 360.848
9.295 -0.828919 2000 358.093
9.3 -0.822503 2000 355.321
9.305 -0.816056 2000 352.536
9.31 -0.809581 2000 349.739
9.315 -0.803065 2000 346.924
9.32 -0.796496 2000 344.086
9.325 -0.789875 2000 341.226
9.33 -0.783209 2000 338.346
9.335 -0.776506 2000 335.451
9.34 -0.769786 2000 332.547
9.345 -0.763062 2000 329.643
9.35 -0.756331 2000 326.735
9.355 -0.749575 2000 323.816
9.36 -0.742787 2000 320.884
9.365 -0.73597 2000 317.939
9.37 -0.729134 2000 314.986
9.375 -0.722286 2000 312.027
9.38 -0.715424 2000 309.063
9.385 -0.708543 2000 306.091
9.39 -0.701631 2000 303.105
9.395 -0.694688 2000 300.105
9.4 -0.687721 2000 297.095
9.405 -0.68072 2000 294.071
9.41 -0.673678 2000 291.029
9.415 -0.666604 2000 287.973
9.42 -0.659507 2000 284.907
9.425 -0.652384 2000 281.83
9.43 -0.645235 2000 278.742
9.435 -0.638064 2000 275.644
9.44 -0.630867 2000 272.535
9.445 -0.62364 2000 269.412
9.45 -0.616379 2000 266.276
9.455 -0.609078 2000 263.122
9.46 -0.601736 2000 259.95
9.465 -0.594366 2000 256.766
9.47 -0.586966 2000 253.569
9.475 -0.579518 2000 250.352
9.48 -0.572023 2000 247.114
9.485 -0.564499 2000 243.863
9.49 -0.556951 2000 240.603
9.495 -0.549383 2000 237.333
9.5 -0.541798 2000 234.057
9.505 -0.534181 2000 230.766
9.51 -0.526506 2000 227.451
9.515 -0.518765 2000 224.107
9.52 -0.510984 2000 220.745
9.525 -0.503182 2000 217.375
9.53 -0.495359 2000 213.995
9.535 -0.487508 2000 210.603
9.54 -0.479632 2000 207.201
9.545 -0.471741 2000 203.792
9.55 -0.463831 2000 200.375
9.555 -0.455893 2000 196.946
9.56 -0.447918 2000 193.501
9.565 -0.439907 2000 190.04
9.57 -0.43188 2000 186.572
9.575 -0.423852 2000 183.104
9.58 -0.415804 2000 179.627
9.585 -0.407719 2000 176.134
9.59 -0.399619 2000 172.635
9.595 -0.391539 2000 169.145
9.6 -0.383484 2000 165.665
9.605 -0.375438 2000 162.189
9.61 -0.367392 2000 158.714
9.615 -0.359349 2000 155.239
9.62 -0.351314 2000 151.768
9.625 -0.343292 2000 148.302
9.63 -0.335279 2000 144.841
9.635 -0.327263 2000 141.378
9.64 -0.319235 2000 137.91
9.645 -0.311196 2000 134.437
9.65 -0.303143 2000 130.958
9.655 -0.295071 2000 127.471
9.66 -0.286991 2000 123.98
9.665 -0.278922 2000 120.494
9.67 -0.270875 2000 117.018
9.675 -0.262845 2000 113.549
9.68 -0.254815 2000 110.08
9.685 -0.246764 2000 106.602
9.69 -0.238692 2000 103.115
9.695 -0.230621 2000 99.6284
9.7 -0.22259 2000 96.1587
9.705 -0.214621 2000 92.7163
9.71 -0.206713 2000 89.2998
9.715 -0.198839 2000 85.8986
9.72 -0.190966 2000 82.4974
9.725 -0.183071 2000 79.0865
9.73 -0.175159 2000 75.6686
9.735 -0.167247 2000 72.2507
9.74 -0.159335 2000 68.8326
9.745 -0.15141 2000 65.4089
9.75 -0.143465 2000 61.9768
9.755 -0.135508 2000 58.5397
9.76 -0.127563 2000 55.1072
9.765 -0.119641 2000 51.6851
9.77 -0.111729 2000 48.2669
9.775 -0.103809 2000 44.8455
9.78 -0.0958913 2000 41.4251
9.785 -0.0879964 2000 38.0145
9.79 -0.0801274 2000 34.6151
9.795 -0.0722724 2000 31.2217
9.8 -0.0644231 2000 27.8308
9.805 -0.0565796 2000 24.4424
9.81 -0.0487429 2000 21.0569
9.815 -0.0409145 2000 17.6751
9.82 -0.0331025 2000 14.3003
9.825 -0.0253201 2000 10.9383
9.83 -0.0175749 2000 7.59235
9.835 -0.00986274 2000 4.2607
9.84 -0.00217448 2000 0.939377
9.845 0.00549524 2000 -2.37394
9.85 0.0131424 2000 -5.6775
9.855 0.0207597 2000 -8.96821
9.86 0.0283487 2000 -12.2466
9.865 0.0359122 2000 -15.5141
9.87 0.0434504 2000 -18.7706
9.875 0.0509678 2000 -22.0181
9.88 0.0584655 2000 -25.2571
9.885 0.0659311 2000 -28.4822
9.89 0.0733553 2000 -31.6895
9.895 0.0807483 2000 -34.8833
9.9 0.0881181 2000 -38.067
9.905 0.0954472 2000 -41.2332
9.91 0.102713 2000 -44.3722
9.915 0.109914 2000 -47.4829
9.92 0.117054 2000 -50.5674
9.925 0.124136 2000 -53.6268
9.93 0.131169 2000 -56.665
9.935 0.138158 2000 -59.6844
9.94 0.145099 2000 -62.6829
9.945 0.151994 2000 -65.6615
9.95 0.158851 2000 -68.6235
9.955 0.16566 2000 -71.5652
9.96 0.172415 2000 -74.4833
9.965 0.179128 2000 -77.3835
9.97 0.185812 2000 -80.271
9.975 0.192456 2000 -83.1409
9.98 0.199038 2000 -85.9845
9.985 0.205557 2000 -88.8008
9.99 0.212027 2000 -91.5957
9.995 0.218451 2000 -94.3707
10 0.224817 2000 -97.1211
10.005 0.231123 2000 -99.8451
10.01 0.23738 2000 -102.548
10.015 0.243598 2000 -105.234
10.02 0.249766 2000 -107.899
10.025 0.255874 2000 -110.537
10.03 0.261912 2000 -113.146
10.035 0.267875 2000 -115.722
10.04 0.273771 2000 -118.269
10.045 0.279612 2000 -120.792
10.05 0.28541 2000 -123.297
10.055 0.291165 2000 -125.783
10.06 0.296875 2000 -128.25
10.065 0.302547 2000 -130.7
10.07 0.308186 2000 -133.136
10.075 0.313795 2000 -135.559
10.08 0.319373 2000 -137.969
10.085 0.3249 2000 -140.357
10.09 0.330344 2000 -142.709
10.095 0.335698 2000 -145.021
10.1 0.340986 2000 -147.306
10.105 0.346235 2000 -149.573
10.11 0.351455 2000 -151.829
10.115 0.356648 2000 -154.072
10.12 0.361799 2000 -156.297
10.125 0.366895 2000 -158.499
10.13 0.371946 2000 -160.681
10.135 0.376978 2000 -162.854
10.14 0.381996 2000 -165.022
10.145 0.386968 2000 -167.17
10.15 0.391859 2000 -169.283
10.155 0.396669 2000 -171.361
10.16 0.401413 2000 -173.41
10.165 0.4061 2000 -175.435
10.17 0.410732 2000 -177.436
10.175 0.415301 2000 -179.41
10.18 0.4198 2000 -181.353
10.185 0.42422 2000 -183.263
10.19 0.428555 2000 -185.136
10.195 0.432798 2000 -186.969
10.2 0.436954 2000 -188.764
10.205 0.441041 2000 -190.53
10.21 0.445074 2000 -192.272
10.215 0.449061 2000 -193.994
10.22 0.453002 2000 -195.697
10.225 0.456894 2000 -197.378
10.23 0.460725 2000 -199.033
10.235 0.464481 2000 -200.656
10.24 0.468159 2000 -202.245
10.245 0.471767 2000 -203.803
10.25 0.47533 2000 -205.343
10.255 0.478865 2000 -206.87
10.26 0.482352 2000 -208.376
10.265 0.485751 2000 -209.845
10.27 0.489048 2000 -211.269
10.275 0.492271 2000 -212.661
10.28 0.49545 2000 -214.034
10.285 0.498586 2000 -215.389
10.29 0.501666 2000 -216.72
10.295 0.504683 2000 -218.023
10.3 0.507632 2000 -219.297
10.305 0.510501 2000 -220.536
10.31 0.513287 2000 -221.74
10.315 0.516008 2000 -222.916
10.32 0.518683 2000 -224.071
10.325 0.521311 2000 -225.206
10.33 0.523884 2000 -226.318
10.335 0.5264 2000 -227.405
10.34 0.528859 2000 -228.467
10.345 0.531244 2000 -229.498
10.35 0.533549 2000 -230.493
10.355 0.535788 2000 -231.461
10.36 0.537983 2000 -232.409
10.365 0.540134 2000 -233.338
10.37 0.54223 2000 -234.243
10.375 0.544255 2000 -235.118
10.38 0.546203 2000 -235.96
10.385 0.548077 2000 -236.769
10.39 0.54988 2000 -237.548
10.395 0.551613 2000 -238.297
10.4 0.553265 2000 -239.01
10.405 0.554814 2000 -239.68
10.41 0.556255 2000 -240.302
10.415 0.5576 2000 -240.883
10.42 0.55887 2000 -241.432
10.425 0.560072 2000 -241.951
10.43 0.561206 2000 -242.441
10.435 0.562276 2000 -242.903
10.44 0.563283 2000 -243.338
10.445 0.56422 2000 -243.743
10.45 0.565071 2000 -244.111
10.455 0.565844 2000 -244.445
10.46 0.566552 2000 -244.75
10.465 0.56719 2000 -245.026
10.47 0.567753 2000 -245.269
10.475 0.568256 2000 -245.486
10.48 0.568713 2000 -245.684
10.485 0.569119 2000 -245.859
10.49 0.569463 2000 -246.008
10.495 0.569751 2000 -246.132
10.5 0.569981 2000 -246.232
10.505 0.570144 2000 -246.302
10.51 0.570239 2000 -246.343
10.515 0.570262 2000 -246.353
10.52 0.570201 2000 -246.327
10.525 0.570046 2000 -246.26
10.53 0.569802 2000 -246.155
10.535 0.569475 2000 -246.013
10.54 0.569065 2000 -245.836
10.545 0.568575 2000 -245.624
10.55 0.567998 2000 -245.375
10.555 0.567328 2000 -245.086
10.56 0.566569 2000 -244.758
10.565 0.565733 2000 -244.397
10.57 0.56483 2000 -244.007
10.575 0.563867 2000 -243.591
10.58 0.562845 2000 -243.149
10.585 0.561758 2000 -242.679
10.59 0.560611 2000 -242.184
10.595 0.559402 2000 -241.662
10.6 0.558111 2000 -241.104
10.605 0.556715 2000 -240.501
10.61 0.555225 2000 -239.857
10.615 0.553668 2000 -239.184
10.62 0.552049 2000 -238.485
10.625 0.550361 2000 -237.756
10.63 0.548597 2000 -236.994
10.635 0.546761 2000 -236.201
10.64 0.544856 2000 -235.378
10.645 0.542883 2000 -234.526
10.65 0.540848 2000 -233.646
10.655 0.538752 2000 -232.741
10.66 0.536593 2000 -231.808
10.665 0.534366 2000 -230.846
10.67 0.532075 2000 -229.856
10.675 0.529727 2000 -228.842
10.68 0.527325 2000 -227.804
10.685 0.524867 2000 -226.742
10.69 0.522357 2000 -225.658
10.695 0.519797 2000 -224.552
10.7 0.517173 2000 -223.419
10.705 0.514476 2000 -222.254
10.71 0.511713 2000 -221.06
10.715 0.508898 2000 -219.844
10.72 0.506062 2000 -218.619
10.725 0.503244 2000 -217.401
10.73 0.50044 2000 -216.19
10.735 0.497597 2000 -214.962
10.74 0.494676 2000 -213.7
10.745 0.491686 2000 -212.409
10.75 0.488653 2000 -211.098
10.755 0.485583 2000 -209.772
10.76 0.482479 2000 -208.431
10.765 0.479348 2000 -207.078
10.77 0.476192 2000 -205.715
10.775 0.47301 2000 -204.34
10.78 0.469794 2000 -202.951
10.785 0.466542 2000 -201.546
10.79 0.46326 2000 -200.128
10.795 0.459943 2000 -198.695
10.8 0.456566 2000 -197.236
10.805 0.453123 2000 -195.749
10.81 0.449642 2000 -194.245
10.815 0.446147 2000 -192.736
10.82 0.442624 2000 -191.214
10.825 0.439057 2000 -189.673
10.83 0.435461 2000 -188.119
10.835 0.431853 2000 -186.56
10.84 0.428219 2000 -184.991
10.845 0.424542 2000 -183.402
10.85 0.42082 2000 -181.794
10.855 0.417057 2000 -180.169
10.86 0.413258 2000 -178.527
10.865 0.409431 2000 -176.874
10.87 0.405579 2000 -175.21
10.875 0.401698 2000 -173.533
10.88 0.397776 2000 -171.839
10.885 0.393802 2000 -170.122
10.89 0.38978 2000 -168.385
10.895 0.385727 2000 -166.634
10.9 0.381649 2000 -164.872
10.905 0.377538 2000 -163.096
10.91 0.373393 2000 -161.306
10.915 0.369218 2000 -159.502
10.92 0.365001 2000 -157.68
10.925 0.360716 2000 -155.829
10.93 0.356348 2000 -153.942
10.935 0.351905 2000 -152.023
10.94 0.347407 2000 -150.08
10.945 0.342878 2000 -148.123
10.95 0.338326 2000 -146.157
10.955 0.333741 2000 -144.176
10.96 0.329104 2000 -142.173
10.965 0.324404 2000 -140.142
10.97 0.319653 2000 -138.09
10.975 0.314871 2000 -136.024
10.98 0.310068 2000 -133.949
10.985 0.305244 2000 -131.866
10.99 0.300396 2000 -129.771
10.995 0.295506 2000 -127.658
11 0.290533 2000 -125.51
11.005 0.285451 2000 -123.315
11.01 0.280283 2000 -121.082
11.015 0.275081 2000 -118.835
11.02 0.269864 2000 -116.581
11.025 0.264623 2000 -114.317
11.03 0.259353 2000 -112.041
11.035 0.254052 2000 -109.751
11.04 0.248729 2000 -107.451
11.045 0.243402 2000 -105.15
11.05 0.238073 2000 -102.848
11.055 0.232727 2000 -100.538
11.06 0.227355 2000 -98.2172
11.065 0.221955 2000 -95.8847
11.07 0.216522 2000 -93.5374
11.075 0.211042 2000 -91.1703
11.08 0.20552 2000 -88.7848
11.085 0.199974 2000 -86.3889
11.09 0.194408 2000 -83.9844
11.095 0.188806 2000 -81.5643
11.1 0.183165 2000 -79.1271
11.105 0.177508 2000 -76.6836
11.11 0.171856 2000 -74.2419
11.115 0.16619 2000 -71.7941
11.12 0.160479 2000 -69.3269
11.125 0.154723 2000 -66.8402
11.13 0.148944 2000 -64.3437
11.135 0.143147 2000 -61.8396
11.14 0.137314 2000 -59.3198
11.145 0.131429 2000 -56.7771
11.15 0.125493 2000 -54.2129
11.155 0.119526 2000 -51.6351
11.16 0.113545 2000 -49.0513
11.165 0.107558 2000 -46.4649
11.17 0.101568 2000 -43.8775
11.175 0.0955828 2000 -41.2918
11.18 0.0896141 2000 -38.7133
11.185 0.083665 2000 -36.1433
11.19 0.0777204 2000 -33.5752
11.195 0.071767 2000 -31.0033
11.2 0.0658041 2000 -28.4274
11.205 0.0598286 2000 -25.846
11.21 0.0538238 2000 -23.2519
11.215 0.0477803 2000 -20.6411
11.22 0.0417108 2000 -18.0191
11.225 0.0356349 2000 -15.3943
11.23 0.0295631 2000 -12.7712
11.235 0.0234898 2000 -10.1476
11.24 0.0173969 2000 -7.51546
11.245 0.0112742 2000 -4.87045
11.25 0.00513422 2000 -2.21798
11.255 -0.00100476 2000 0.434057
11.26 -0.00713902 2000 3.08406
11.265 -0.0132715 2000 5.73327
11.27 -0.0193996 2000 8.38063
11.275 -0.025524 2000 11.0263
11.28 -0.0316519 2000 13.6736
11.285 -0.037786 2000 16.3235
11.29 -0.0439219 2000 18.9743
11.295 -0.0500532 2000 21.623
11.3 -0.0561735 2000 24.267
11.305 -0.0622871 2000 26.908
11.31 -0.0684108 2000 29.5535
11.315 -0.0745536 2000 32.2072
11.32 -0.080708 2000 34.8658
11.325 -0.086867 2000 37.5266
11.33 -0.0930293 2000 40.1887
11.335 -0.0991843 2000 42.8476
11.34 -0.10532 2000 45.4983
11.345 -0.11144 2000 48.1423
11.35 -0.117557 2000 50.7848
11.355 -0.123672 2000 53.4264
11.36 -0.129771 2000 56.061
11.365 -0.135836 2000 58.6813
11.37 -0.141863 2000 61.2846
11.375 -0.147857 2000 63.8743
11.38 -0.153831 2000 66.4551
11.385 -0.159783 2000 69.0263
11.39 -0.165702 2000 71.5834
11.395 -0.171587 2000 74.1258
11.4 -0.177447 2000 76.6572
11.405 -0.183291 2000 79.1817
11.41 -0.18913 2000 81.7044
11.415 -0.194972 2000 84.228
11.42 -0.2008 2000 86.7454
11.425 -0.206584 2000 89.2442
11.43 -0.212325 2000 91.7242
11.435 -0.218051 2000 94.1978
11.44 -0.223776 2000 96.6711
11.445 -0.229482 2000 99.1364
11.45 -0.235155 2000 101.587
11.455 -0.240807 2000 104.028
11.46 -0.246464 2000 106.472
11.465 -0.252131 2000 108.92
11.47 -0.257784 2000 111.363
11.475 -0.263403 2000 113.79
11.48 -0.268984 2000 116.201
11.485 -0.274534 2000 118.599
11.49 -0.280073 2000 120.992
11.495 -0.285622 2000 123.389
11.5 -0.291177 2000 125.788
11.505 -0.296718 2000 128.182
11.51 -0.302238 2000 130.567
11.515 -0.307738 2000 132.943
11.52 -0.313219 2000 135.311
11.525 -0.318689 2000 137.674
11.53 -0.32416 2000 140.037
11.535 -0.329634 2000 142.402
11.54 -0.335108 2000 144.767
11.545 -0.340587 2000 147.133
11.55 -0.346066 2000 149.501
11.555 -0.351518 2000 151.856
11.56 -0.356903 2000 154.182
11.565 -0.362209 2000 156.474
11.57 -0.367455 2000 158.741
11.575 -0.372657 2000 160.988
11.58 -0.377813 2000 163.215
11.585 -0.38292 2000 165.422
11.59 -0.387981 2000 167.608
11.595 -0.39299 2000 169.772
11.6 -0.397936 2000 171.909
11.605 -0.402823 2000 174.019
11.61 -0.407656 2000 176.107
11.615 -0.412435 2000 178.172
11.62 -0.417155 2000 180.211
11.625 -0.421814 2000 182.224
11.63 -0.426418 2000 184.212
11.635 -0.430967 2000 186.178
11.64 -0.435462 2000 188.119
11.645 -0.439899 2000 190.036
11.65 -0.444281 2000 191.929
11.655 -0.448614 2000 193.801
11.66 -0.452903 2000 195.654
11.665 -0.45714 2000 197.484
11.67 -0.461321 2000 199.291
11.675 -0.465458 2000 201.078
11.68 -0.469577 2000 202.857
11.685 -0.473693 2000 204.635
11.69 -0.477799 2000 206.409
11.695 -0.481872 2000 208.169
11.7 -0.485894 2000 209.906
11.705 -0.489852 2000 211.616
11.71 -0.493741 2000 213.296
11.715 -0.497567 2000 214.949
11.72 -0.501339 2000 216.579
11.725 -0.505059 2000 218.186
11.73 -0.508734 2000 219.773
11.735 -0.512384 2000 221.35
11.74 -0.516003 2000 222.913
11.745 -0.519555 2000 224.448
11.75 -0.523022 2000 225.945
11.755 -0.526414 2000 227.411
11.76 -0.52974 2000 228.848
11.765 -0.53301 2000 230.26
11.77 -0.536229 2000 231.651
11.775 -0.539392 2000 233.017
11.78 -0.542496 2000 234.358
11.785 -0.545548 2000 235.677
11.79 -0.548551 2000 236.974
11.795 -0.551493 2000 238.245
11.8 -0.554351 2000 239.479
11.805 -0.557116 2000 240.674
11.81 -0.559788 2000 241.829
11.815 -0.562378 2000 242.947
11.82 -0.564903 2000 244.038
11.825 -0.567367 2000 245.102
11.83 -0.569763 2000 246.138
11.835 -0.572094 2000 247.145
11.84 -0.574363 2000 248.125
11.845 -0.576569 2000 249.078
11.85 -0.578717 2000 250.006
11.855 -0.580811 2000 250.911
11.86 -0.582846 2000 251.789
11.865 -0.584817 2000 252.641
11.87 -0.586725 2000 253.465
11.875 -0.588573 2000 254.264
11.88 -0.590364 2000 255.037
11.885 -0.5921 2000 255.787
11.89 -0.593773 2000 256.51
11.895 -0.595382 2000 257.205
11.9 -0.596931 2000 257.874
11.905 -0.598421 2000 258.518
11.91 -0.599837 2000 259.13
11.915 -0.601159 2000 259.701
11.92 -0.602389 2000 260.232
11.925 -0.603545 2000 260.731
11.93 -0.604638 2000 261.203
11.935 -0.605665 2000 261.647
11.94 -0.606638 2000 262.067
11.945 -0.607574 2000 262.472
11.95 -0.608475 2000 262.861
11.955 -0.609322 2000 263.227
11.96 -0.610102 2000 263.564
11.965 -0.610808 2000 263.869
11.97 -0.611435 2000 264.14
11.975 -0.611991 2000 264.38
11.98 -0.612492 2000 264.597
11.985 -0.612935 2000 264.788
11.99 -0.613303 2000 264.947
11.995 -0.61361 2000 265.08
12 -0.613903 2000 265.206
12.005 -0.614199 2000 265.334
12.01 -0.614465 2000 265.449
12.015 -0.614665 2000 265.535
12.02 -0.614805 2000 265.596
12.025 -0.6149 2000 265.637
12.03 -0.61494 2000 265.654
12.035 -0.614902 2000 265.637
12.04 -0.614788 2000 265.588
12.045 -0.614623 2000 265.517
12.05 -0.614417 2000 265.428
12.055 -0.614161 2000 265.317
12.06 -0.613842 2000 265.18
12.065 -0.613451 2000 265.011
12.07 -0.612979 2000 264.807
12.075 -0.612427 2000 264.568
12.08 -0.611803 2000 264.299
12.085 -0.611108 2000 263.999
12.09 -0.610342 2000 263.668
12.095 -0.609523 2000 263.314
12.1 -0.608666 2000 262.944
12.105 -0.607746 2000 262.546
12.11 -0.606727 2000 262.106
12.115 -0.605604 2000 261.621
12.12 -0.604403 2000 261.102
12.125 -0.60315 2000 260.561
12.13 -0.601847 2000 259.998
12.135 -0.600484 2000 259.409
12.14 -0.599064 2000 258.796
12.145 -0.597607 2000 258.166
12.15 -0.596115 2000 257.522
12.155 -0.594568 2000 256.853
12.16 -0.592952 2000 256.155
12.165 -0.591264 2000 255.426
12.17 -0.589505 2000 254.666
12.175 -0.587678 2000 253.877
12.18 -0.585786 2000 253.06
12.185 -0.583817 2000 252.209
12.19 -0.581749 2000 251.315
12.195 -0.579581 2000 250.379
12.2 -0.577344 2000 249.413
12.205 -0.575054 2000 248.423
12.21 -0.572696 2000 247.405
12.215 -0.570268 2000 246.356
12.22 -0.567793 2000 245.287
12.225 -0.565277 2000 244.2
12.23 -0.562696 2000 243.085
12.235 -0.560033 2000 241.934
12.24 -0.557304 2000 240.755
12.245 -0.554526 2000 239.555
12.25 -0.551692 2000 238.331
12.255 -0.54879 2000 237.077
12.26 -0.545822 2000 235.795
12.265 -0.542795 2000 234.488
12.27 -0.539705 2000 233.153
12.275 -0.536537 2000 231.784
12.28 -0.533294 2000 230.383
12.285 -0.529994 2000 228.957
12.29 -0.526649 2000 227.512
12.295 -0.523257 2000 226.047
12.3 -0.51982 2000 224.562
12.305 -0.516347 2000 223.062
12.31 -0.512829 2000 221.542
12.315 -0.509255 2000 219.998
12.32 -0.505628 2000 218.431
12.325 -0.501955 2000 216.845
12.33 -0.498231 2000 215.236
12.335 -0.494443 2000 213.599
12.34 -0.490584 2000 211.932
12.345 -0.486657 2000 210.236
12.35 -0.482675 2000 208.516
12.355 -0.478654 2000 206.779
12.36 -0.474591 2000 205.023
12.365 -0.470466 2000 203.242
12.37 -0.46627 2000 201.429
12.375 -0.462007 2000 199.587
12.38 -0.45768 2000 197.718
12.385 -0.453282 2000 195.818
12.39 -0.448813 2000 193.887
12.395 -0.444288 2000 191.932
12.4 -0.439729 2000 189.963
12.405 -0.435147 2000 187.983
12.41 -0.430525 2000 185.987
12.415 -0.425843 2000 183.964
12.42 -0.421097 2000 181.914
12.425 -0.41629 2000 179.837
12.43 -0.411431 2000 177.738
12.435 -0.406517 2000 175.615
12.44 -0.401537 2000 173.464
12.445 -0.396483 2000 171.281
12.45 -0.391357 2000 169.066
12.455 -0.386158 2000 166.82
12.46 -0.380877 2000 164.539
12.465 -0.375504 2000 162.218
12.47 -0.37005 2000 159.861
12.475 -0.364543 2000 157.482
12.48 -0.358998 2000 155.087
12.485 -0.353407 2000 152.672
12.49 -0.347768 2000 150.236
12.495 -0.342095 2000 147.785
12.5 -0.336395 2000 145.323
12.505 -0.33066 2000 142.845
12.51 -0.324881 2000 140.349
12.515 -0.319066 2000 137.836
12.52 -0.31322 2000 135.311
12.525 -0.307331 2000 132.767
12.53 -0.301387 2000 130.199
12.535 -0.295395 2000 127.611
12.54 -0.289368 2000 125.007
12.545 -0.283313 2000 122.391
12.55 -0.277226 2000 119.762
12.555 -0.271099 2000 117.115
12.56 -0.264933 2000 114.451
12.565 -0.258737 2000 111.774
12.57 -0.252513 2000 109.086
12.575 -0.24626 2000 106.384
12.58 -0.23998 2000 103.671
12.585 -0.233673 2000 100.947
12.59 -0.22733 2000 98.2065
12.595 -0.220942 2000 95.4468
12.6 -0.214509 2000 92.6677
12.605 -0.208032 2000 89.8698
12.61 -0.201511 2000 87.0526
12.615 -0.194947 2000 84.217
12.62 -0.188357 2000 81.3703
12.625 -0.181767 2000 78.5232
12.63 -0.175182 2000 75.6786
12.635 -0.168588 2000 72.8299
12.64 -0.161968 2000 69.97
12.645 -0.155318 2000 67.0976
12.65 -0.148649 2000 64.2162
12.655 -0.141969 2000 61.3304
12.66 -0.135273 2000 58.4378
12.665 -0.128546 2000 55.5318
12.67 -0.12179 2000 52.6131
12.675 -0.115019 2000 49.6883
12.68 -0.108239 2000 46.7593
12.685 -0.10144 2000 43.8221
12.69 -0.0945995 2000 40.867
12.695 -0.0876926 2000 37.8832
12.7 -0.0807236 2000 34.8726
12.705 -0.0737215 2000 31.8477
12.71 -0.0666997 2000 28.8143
12.715 -0.0596538 2000 25.7704
12.72 -0.0525811 2000 22.7151
12.725 -0.0454745 2000 19.645
12.73 -0.0383206 2000 16.5545
12.735 -0.0311225 2000 13.4449
12.74 -0.0239026 2000 10.3259
12.745 -0.0166793 2000 7.20544
12.75 -0.00943703 2000 4.0768
12.755 -0.00213225 2000 0.921131
12.76 0.00525378 2000 -2.26963
12.765 0.0126901 2000 -5.48211
12.77 0.0201429 2000 -8.70173
12.775 0.0276081 2000 -11.9267
12.78 0.035087 2000 -15.1576
12.785 0.0425712 2000 -18.3907
12.79 0.0500587 2000 -21.6254
12.795 0.0575573 2000 -24.8648
12.8 0.065069 2000 -28.1098
12.805 0.0725909 2000 -31.3593
12.81 0.0801242 2000 -34.6137
12.815 0.0876679 2000 -37.8725
12.82 0.0952174 2000 -41.1339
12.825 0.102777 2000 -44.3996
12.83 0.110363 2000 -47.6769
12.835 0.117986 2000 -50.9701
12.84 0.125628 2000 -54.2713
12.845 0.133255 2000 -57.566
12.85 0.140855 2000 -60.8495
12.855 0.148444 2000 -64.1278
12.86 0.156034 2000 -67.4065
12.865 0.163631 2000 -70.6884
12.87 0.171239 2000 -73.9754
12.875 0.178859 2000 -77.267
12.88 0.186481 2000 -80.56
12.885 0.194102 2000 -83.8521
12.89 0.201725 2000 -87.1453
12.895 0.209356 2000 -90.4417
12.9 0.216989 2000 -93.7391
12.905 0.224615 2000 -97.0339
12.91 0.232241 2000 -100.328
12.915 0.239889 2000 -103.632
12.92 0.247585 2000 -106.957
12.925 0.255333 2000 -110.304
12.93 0.263108 2000 -113.663
12.935 0.270873 2000 -117.017
12.94 0.27862 2000 -120.364
12.945 0.286363 2000 -123.709
12.95 0.294115 2000 -127.058
12.955 0.301864 2000 -130.405
12.96 0.30959 2000 -133.743
12.965 0.31729 2000 -137.069
12.97 0.324978 2000 -140.39
12.975 0.332648 2000 -143.704
12.98 0.340286 2000 -147.003
12.985 0.347894 2000 -150.29
12.99 0.355489 2000 -153.571
12.995 0.363065 2000 -156.844
13 0.370587 2000 -160.094
13.005 0.378031 2000 -163.309
13.01 0.385406 2000 -166.495
13.015 0.392725 2000 -169.657
13.02 0.399986 2000 -172.794
13.025 0.407193 2000 -175.907
13.03 0.414366 2000 -179.006
13.035 0.421519 2000 -182.096
13.04 0.428647 2000 -185.176
13.045 0.435745 2000 -188.242
13.05 0.442813 2000 -191.295
13.055 0.449862 2000 -194.34
13.06 0.456891 2000 -197.377
13.065 0.463888 2000 -200.399
13.07 0.470845 2000 -203.405
13.075 0.477768 2000 -206.396
13.08 0.484654 2000 -209.37
13.085 0.491483 2000 -212.321
13.09 0.498244 2000 -215.241
13.095 0.504946 2000 -218.137
13.1 0.511617 2000 -221.018
13.105 0.518273 2000 -223.894
13.11 0.524911 2000 -226.762
13.115 0.531516 2000 -229.615
13.12 0.538078 2000 -232.45
13.125 0.544605 2000 -235.27
13.13 0.551114 2000 -238.081
13.135 0.55761 2000 -240.888
13.14 0.564092 2000 -243.688
13.145 0.570548 2000 -246.477
13.15 0.576975 2000 -249.253
13.155 0.583371 2000 -252.016
13.16 0.589733 2000 -254.765
13.165 0.596058 2000 -257.497
13.17 0.602345 2000 -260.213
13.175 0.6086 2000 -262.915
13.18 0.614833 2000 -265.608
13.185 0.621048 2000 -268.293
13.19 0.627242 2000 -270.969
13.195 0.633404 2000 -273.631
13.2 0.639529 2000 -276.276
13.205 0.645617 2000 -278.907
13.21 0.651668 2000 -281.521
13.215 0.657676 2000 -284.116
13.22 0.663648 2000 -286.696
13.225 0.669584 2000 -289.26
13.23 0.675477 2000 -291.806
13.235 0.681325 2000 -294.333
13.24 0.68714 2000 -296.845
13.245 0.692926 2000 -299.344
13.25 0.698682 2000 -301.83
13.255 0.704406 2000 -304.303
13.26 0.710096 2000 -306.762
13.265 0.715748 2000 -309.203
13.27 0.721353 2000 -311.625
13.275 0.726903 2000 -314.022
13.28 0.732393 2000 -316.394
13.285 0.737824 2000 -318.74
13.29 0.743207 2000 -321.066
13.295 0.748567 2000 -323.381
13.3 0.753921 2000 -325.694
13.305 0.759259 2000 -328
13.31 0.76456 2000 -330.29
13.315 0.769814 2000 -332.56
13.32 0.775021 2000 -334.809
13.325 0.780188 2000 -337.041
13.33 0.78533 2000 -339.262
13.335 0.790451 2000 -341.475
13.34 0.795543 2000 -343.675
13.345 0.800604 2000 -345.861
13.35 0.805637 2000 -348.035
13.355 0.810639 2000 -350.196
13.36 0.815598 2000 -352.338
13.365 0.820503 2000 -354.457
13.37 0.82535 2000 -356.551
13.375 0.830136 2000 -358.619
13.38 0.834836 2000 -360.649
13.385 0.839437 2000 -362.637
13.39 0.843959 2000 -364.59
13.395 0.848434 2000 -366.523
13.4 0.852873 2000 -368.441
13.405 0.857273 2000 -370.342
13.41 0.861634 2000 -372.226
13.415 0.865954 2000 -374.092
13.42 0.870235 2000 -375.941
13.425 0.874476 2000 -377.774
13.43 0.878669 2000 -379.585
13.435 0.882798 2000 -381.369
13.44 0.886868 2000 -383.127
13.445 0.890896 2000 -384.867
13.45 0.894893 2000 -386.594
13.455 0.898851 2000 -388.303
13.46 0.902759 2000 -389.992
13.465 0.906623 2000 -391.661
13.47 0.910461 2000 -393.319
13.475 0.914274 2000 -394.966
13.48 0.918035 2000 -396.591
13.485 0.92172 2000 -398.183
13.49 0.925327 2000 -399.741
13.495 0.928872 2000 -401.273
13.5 0.932358 2000 -402.779
13.505 0.935774 2000 -404.255
13.51 0.939115 2000 -405.698
13.515 0.94239 2000 -407.113
13.52 0.945613 2000 -408.505
13.525 0.948781 2000 -409.873
13.53 0.951884 2000 -411.214
13.535 0.954919 2000 -412.525
13.54 0.957891 2000 -413.809
13.545 0.960815 2000 -415.072
13.55 0.963695 2000 -416.316
13.555 0.966518 2000 -417.536
13.56 0.96928 2000 -418.729
13.565 0.971992 2000 -419.9
13.57 0.974651 2000 -421.049
13.575 0.977238 2000 -422.167
13.58 0.979745 2000 -423.25
13.585 0.982178 2000 -424.301
13.59 0.984543 2000 -425.323
13.595 0.986827 2000 -426.309
13.6 0.989008 2000 -427.251
13.605 0.991079 2000 -428.146
13.61 0.993057 2000 -429.001
13.615 0.994965 2000 -429.825
13.62 0.996816 2000 -430.625
13.625 0.99862 2000 -431.404
13.63 1.00039 2000 -432.169
13.635 1.00213 2000 -432.92
13.64 1.0038 2000 -433.64
13.645 1.00537 2000 -434.32
13.65 1.00687 2000 -434.968
13.655 1.00832 2000 -435.593
13.66 1.00972 2000 -436.199
13.665 1.01107 2000 -436.783
13.67 1.01236 2000 -437.341
13.675 1.0136 2000 -437.876
13.68 1.0148 2000 -438.395
13.685 1.01597 2000 -438.897
13.69 1.01708 2000 -439.376
13.695 1.01813 2000 -439.83
13.7 1.01912 2000 -440.259
13.705 1.02006 2000 -440.665
13.71 1.02093 2000 -441.041
13.715 1.02171 2000 -441.38
13.72 1.02242 2000 -441.687
13.725 1.02309 2000 -441.975
13.73 1.02373 2000 -442.251
13.735 1.02431 2000 -442.503
13.74 1.02482 2000 -442.722
13.745 1.02525 2000 -442.91
13.75 1.02563 2000 -443.072
13.755 1.02595 2000 -443.209
13.76 1.02621 2000 -443.324
13.765 1.02644 2000 -443.421
13.77 1.02661 2000 -443.495
13.775 1.0267 2000 -443.536
13.78 1.02673 2000 -443.545
13.785 1.02669 2000 -443.53
13.79 1.0266 2000 -443.493
13.795 1.02646 2000 -443.432
13.8 1.02626 2000 -443.344
13.805 1.02599 2000 -443.226
13.81 1.02567 2000 -443.089
13.815 1.02532 2000 -442.94
13.82 1.02494 2000 -442.774
13.825 1.02448 2000 -442.574
13.83 1.02392 2000 -442.335
13.835 1.02329 2000 -442.063
13.84 1.02261 2000 -441.766
13.845 1.02186 2000 -441.444
13.85 1.02105 2000 -441.094
13.855 1.02017 2000 -440.713
13.86 1.0192 2000 -440.296
13.865 1.01816 2000 -439.844
13.87 1.01704 2000 -439.361
13.875 1.01587 2000 -438.856
13.88 1.01465 2000 -438.328
13.885 1.01336 2000 -437.771
13.89 1.01199 2000 -437.181
13.895 1.01054 2000 -436.554
13.9 1.009 2000 -435.89
13.905 1.00739 2000 -435.193
13.91 1.00571 2000 -434.466
13.915 1.00396 2000 -433.711
13.92 1.00213 2000 -432.922
13.925 1.00022 2000 -432.094
13.93 0.99822 2000 -431.231
13.935 0.996149 2000 -430.337
13.94 0.994012 2000 -429.413
13.945 0.991815 2000 -428.464
13.95 0.989559 2000 -427.49
13.955 0.987245 2000 -426.49
13.96 0.984873 2000 -425.465
13.965 0.982435 2000 -424.412
13.97 0.979917 2000 -423.324
13.975 0.977322 2000 -422.203
13.98 0.974669 2000 -421.057
13.985 0.971995 2000 -419.902
13.99 0.96932 2000 -418.746
13.995 0.966632 2000 -417.585
14 0.963891 2000 -416.401
14.005 0.96107 2000 -415.182
14.01 0.958173 2000 -413.931
14.015 0.955223 2000 -412.656
14.02 0.952229 2000 -411.363
14.025 0.949188 2000 -410.049
14.03 0.946087 2000 -408.71
14.035 0.942926 2000 -407.344
14.04 0.939709 2000 -405.954
14.045 0.936418 2000 -404.533
14.05 0.933032 2000 -403.07
14.055 0.929553 2000 -401.567
14.06 0.925995 2000 -400.03
14.065 0.922356 2000 -398.458
14.07 0.918622 2000 -396.845
14.075 0.914808 2000 -395.197
14.08 0.910947 2000 -393.529
14.085 0.907052 2000 -391.847
14.09 0.903113 2000 -390.145
14.095 0.899112 2000 -388.416
14.1 0.895049 2000 -386.661
14.105 0.890933 2000 -384.883
14.11 0.886773 2000 -383.086
14.115 0.882573 2000 -381.272
14.12 0.878328 2000 -379.438
14.125 0.874031 2000 -377.581
14.13 0.869692 2000 -375.707
14.135 0.865331 2000 -373.823
14.14 0.86095 2000 -371.931
14.145 0.856528 2000 -370.02
14.15 0.852046 2000 -368.084
14.155 0.847514 2000 -366.126
14.16 0.842944 2000 -364.152
14.165 0.838335 2000 -362.161
14.17 0.83368 2000 -360.15
14.175 0.828983 2000 -358.121
14.18 0.824253 2000 -356.077
14.185 0.819492 2000 -354.02
14.19 0.8147 2000 -351.95
14.195 0.809875 2000 -349.866
14.2 0.805005 2000 -347.762
14.205 0.800079 2000 -345.634
14.21 0.795092 2000 -343.48
14.215 0.790049 2000 -341.301
14.22 0.784964 2000 -339.105
14.225 0.779842 2000 -336.892
14.23 0.774672 2000 -334.658
14.235 0.769439 2000 -332.398
14.24 0.764145 2000 -330.111
14.245 0.758801 2000 -327.802
14.25 0.753422 2000 -325.478
14.255 0.748008 2000 -323.139
14.26 0.742544 2000 -320.779
14.265 0.737012 2000 -318.389
14.27 0.731423 2000 -315.975
14.275 0.725791 2000 -313.542
14.28 0.720108 2000 -311.087
14.285 0.714374 2000 -308.609
14.29 0.708609 2000 -306.119
14.295 0.702834 2000 -303.624
14.3 0.697041 2000 -301.122
14.305 0.691207 2000 -298.602
14.31 0.685325 2000 -296.06
14.315 0.679404 2000 -293.503
14.32 0.673466 2000 -290.937
14.325 0.667513 2000 -288.366
14.33 0.661532 2000 -285.782
14.335 0.655517 2000 -283.183
14.34 0.649466 2000 -280.569
14.345 0.643372 2000 -277.937
14.35 0.637233 2000 -275.285
14.355 0.631062 2000 -272.619
14.36 0.624869 2000 -269.944
14.365 0.618653 2000 -267.258
14.37 0.612408 2000 -264.56
14.375 0.606138 2000 -261.852
14.38 0.599849 2000 -259.135
14.385 0.593549 2000 -256.413
14.39 0.587243 2000 -253.689
14.395 0.580914 2000 -250.955
14.4 0.574535 2000 -248.199
14.405 0.568099 2000 -245.419
14.41 0.561628 2000 -242.623
14.415 0.555141 2000 -239.821
14.42 0.548637 2000 -237.011
14.425 0.542113 2000 -234.193
14.43 0.535576 2000 -231.369
14.435 0.529033 2000 -228.542
14.44 0.522488 2000 -225.715
14.445 0.515948 2000 -222.889
14.45 0.509415 2000 -220.067
14.455 0.502889 2000 -217.248
14.46 0.496363 2000 -214.429
14.465 0.489835 2000 -211.609
14.47 0.483289 2000 -208.781
14.475 0.476712 2000 -205.94
14.48 0.470107 2000 -203.086
14.485 0.463496 2000 -200.23
14.49 0.456895 2000 -197.379
14.495 0.450293 2000 -194.527
14.5 0.443661 2000 -191.661
14.505 0.436987 2000 -188.778
14.51 0.430293 2000 -185.887
14.515 0.423602 2000 -182.996
14.52 0.416921 2000 -180.11
14.525 0.410252 2000 -177.229
14.53 0.403594 2000 -174.353
14.535 0.396947 2000 -171.481
14.54 0.390308 2000 -168.613
14.545 0.383669 2000 -165.745
14.55 0.37701 2000 -162.868
14.555 0.370322 2000 -159.979
14.56 0.363624 2000 -157.085
14.565 0.356932 2000 -154.195
14.57 0.350247 2000 -151.307
14.575 0.34357 2000 -148.422
14.58 0.336903 2000 -145.542
14.585 0.330245 2000 -142.666
14.59 0.32357 2000 -139.782
14.595 0.316853 2000 -136.881
14.6 0.310106 2000 -133.966
14.605 0.303374 2000 -131.058
14.61 0.296692 2000 -128.171
14.615 0.290047 2000 -125.3
14.62 0.28341 2000 -122.433
14.625 0.276776 2000 -119.567
14.63 0.270158 2000 -116.708
14.635 0.26357 2000 -113.862
14.64 0.257015 2000 -111.03
14.645 0.250487 2000 -108.21
14.65 0.243989 2000 -105.403
14.655 0.237527 2000 -102.611
14.66 0.231093 2000 -99.8321
14.665 0.224667 2000 -97.056
14.67 0.218232 2000 -94.2763
14.675 0.211794 2000 -91.4951
14.68 0.205362 2000 -88.7164
14.685 0.198936 2000 -85.9404
14.69 0.192519 2000 -83.1684
14.695 0.186118 2000 -80.4032
14.7 0.179726 2000 -77.6418
14.705 0.173333 2000 -74.8799
14.71 0.16695 2000 -72.1222
14.715 0.160592 2000 -69.3758
14.72 0.154259 2000 -66.6399
14.725 0.147953 2000 -63.9155
14.73 0.141681 2000 -61.2064
14.735 0.135429 2000 -58.5054
14.74 0.129177 2000 -55.8044
14.745 0.122948 2000 -53.1137
14.75 0.116783 2000 -50.4501
14.755 0.110679 2000 -47.8135
14.76 0.104604 2000 -45.1889
14.765 0.0985358 2000 -42.5674
14.77 0.0924884 2000 -39.955
14.775 0.0864811 2000 -37.3599
14.78 0.080509 2000 -34.7799
14.785 0.0745559 2000 -32.2082
14.79 0.0686234 2000 -29.6453
14.795 0.0627278 2000 -27.0984
14.8 0.0568798 2000 -24.5721
14.805 0.0510731 2000 -22.0636
14.81 0.0452928 2000 -19.5665
14.815 0.0395408 2000 -17.0816
14.82 0.0338341 2000 -14.6163
14.825 0.0281729 2000 -12.1707
14.83 0.022537 2000 -9.736
14.835 0.0169198 2000 -7.30936
14.84 0.0113452 2000 -4.90111
14.845 0.0058266 2000 -2.51709
14.85 0.000338799 2000 -0.146361
14.855 -0.00514323 2000 2.22187
14.86 -0.0106099 2000 4.58347
14.865 -0.0160446 2000 6.93129
14.87 -0.0214562 2000 9.26908
14.875 -0.0268572 2000 11.6023
14.88 -0.0322376 2000 13.9266
14.885 -0.0375837 2000 16.2362
14.89 -0.0428914 2000 18.5291
14.895 -0.048152 2000 20.8017
14.9 -0.0533552 2000 23.0495
14.905 -0.0585012 2000 25.2725
14.91 -0.0635976 2000 27.4742
14.915 -0.0686546 2000 29.6588
14.92 -0.0736828 2000 31.831
14.925 -0.0786825 2000 33.9908
14.93 -0.0836391 2000 36.1321
14.935 -0.088537 2000 38.248
14.94 -0.0933793 2000 40.3399
14.945 -0.0981925 2000 42.4192
14.95 -0.102999 2000 44.4957
14.955 -0.107797 2000 46.5685
14.96 -0.112575 2000 48.6322
14.965 -0.117325 2000 50.6842
14.97 -0.122042 2000 52.7222
14.975 -0.126719 2000 54.7426
14.98 -0.131352 2000 56.7442
14.985 -0.135946 2000 58.7287
14.99 -0.140498 2000 60.6952
14.995 -0.145002 2000 62.6407
15 -0.149468 2000 64.5701
15.005 -0.153911 2000 66.4895
15.01 -0.158322 2000 68.3949
15.015 -0.162687 2000 70.2806
15.02 -0.167014 2000 72.15
15.025 -0.171312 2000 74.0068
15.03 -0.17557 2000 75.8464
15.035 -0.179772 2000 77.6616
15.04 -0.183929 2000 79.4575
15.045 -0.18807 2000 81.2464
15.05 -0.192198 2000 83.0296
15.055 -0.196295 2000 84.7995
15.06 -0.200361 2000 86.5559
15.065 -0.204403 2000 88.3023
15.07 -0.208414 2000 90.035
15.075 -0.212382 2000 91.749
15.08 -0.216317 2000 93.4489
15.085 -0.220237 2000 95.1423
15.09 -0.224138 2000 96.8276
15.095 -0.227993 2000 98.4931
15.1 -0.231777 2000 100.128
15.105 -0.235485 2000 101.729
15.11 -0.239132 2000 103.305
15.115 -0.242742 2000 104.864
15.12 -0.246315 2000 106.408
15.125 -0.249829 2000 107.926
15.13 -0.253262 2000 109.409
15.135 -0.256606 2000 110.854
15.14 -0.259887 2000 112.271
15.145 -0.263151 2000 113.681
15.15 -0.266412 2000 115.09
15.155 -0.269643 2000 116.486
15.16 -0.272818 2000 117.857
15.165 -0.275935 2000 119.204
15.17 -0.278996 2000 120.526
15.175 -0.281998 2000 121.823
15.18 -0.284947 2000 123.097
15.185 -0.287855 2000 124.353
15.19 -0.290726 2000 125.594
15.195 -0.293542 2000 126.81
15.2 -0.296285 2000 127.995
15.205 -0.298958 2000 129.15
15.21 -0.301557 2000 130.273
15.215 -0.304072 2000 131.359
15.22 -0.306516 2000 132.415
15.225 -0.308923 2000 133.455
15.23 -0.311309 2000 134.485
15.235 -0.313657 2000 135.5
15.24 -0.315946 2000 136.489
15.245 -0.318172 2000 137.45
15.25 -0.320339 2000 138.386
15.255 -0.322463 2000 139.304
15.26 -0.32457 2000 140.214
15.265 -0.326663 2000 141.119
15.27 -0.328709 2000 142.002
15.275 -0.330672 2000 142.85
15.28 -0.332555 2000 143.664
15.285 -0.334369 2000 144.447
15.29 -0.33612 2000 145.204
15.295 -0.337824 2000 145.94
15.3 -0.339502 2000 146.665
15.305 -0.341152 2000 147.378
15.31 -0.342757 2000 148.071
15.315 -0.344311 2000 148.742
15.32 -0.345821 2000 149.395
15.325 -0.347299 2000 150.033
15.33 -0.348746 2000 150.658
15.335 -0.350159 2000 151.269
15.34 -0.351531 2000 151.861
15.345 -0.35285 2000 152.431
15.35 -0.354107 2000 152.974
15.355 -0.355295 2000 153.488
15.36 -0.356409 2000 153.969
15.365 -0.357446 2000 154.417
15.37 -0.358414 2000 154.835
15.375 -0.359338 2000 155.234
15.38 -0.360233 2000 155.621
15.385 -0.361093 2000 155.992
15.39 -0.361895 2000 156.339
15.395 -0.362627 2000 156.655
15.4 -0.363296 2000 156.944
15.405 -0.363913 2000 157.211
15.41 -0.36448 2000 157.455
15.415 -0.364994 2000 157.677
15.42 -0.365455 2000 157.877
15.425 -0.365866 2000 158.054
15.43 -0.366229 2000 158.211
15.435 -0.366556 2000 158.352
15.44 -0.366855 2000 158.481
15.445 -0.367116 2000 158.594
15.45 -0.367321 2000 158.683
15.455 -0.367467 2000 158.746
15.46 -0.367559 2000 158.786
15.465 -0.3676 2000 158.803
15.47 -0.367588 2000 158.798
15.475 -0.367543 2000 158.779
15.48 -0.367488 2000 158.755
15.485 -0.367408 2000 158.72
15.49 -0.367271 2000 158.661
15.495 -0.367067 2000 158.573
15.5 -0.366803 2000 158.459
15.505 -0.366489 2000 158.323
15.51 -0.366148 2000 158.176
15.515 -0.365796 2000 158.024
15.52 -0.365411 2000 157.858
15.525 -0.364964 2000 157.664
15.53 -0.36445 2000 157.442
15.535 -0.36388 2000 157.196
15.54 -0.363257 2000 156.927
15.545 -0.362578 2000 156.633
15.55 -0.361844 2000 156.317
15.555 -0.361063 2000 155.979
15.56 -0.360242 2000 155.625
15.565 -0.359372 2000 155.249
15.57 -0.358441 2000 154.847
15.575 -0.357453 2000 154.42
15.58 -0.356422 2000 153.974
15.585 -0.355348 2000 153.51
15.59 -0.35422 2000 153.023
15.595 -0.353036 2000 152.512
15.6 -0.351803 2000 151.979
15.605 -0.350522 2000 151.426
15.61 -0.349193 2000 150.851
15.615 -0.347815 2000 150.256
15.62 -0.346397 2000 149.644
15.625 -0.344964 2000 149.024
15.63 -0.343514 2000 148.398
15.635 -0.342007 2000 147.747
15.64 -0.340402 2000 147.054
15.645 -0.338705 2000 146.32
15.65 -0.336948 2000 145.562
15.655 -0.335149 2000 144.784
15.66 -0.333305 2000 143.988
15.665 -0.331429 2000 143.177
15.67 -0.329544 2000 142.363
15.675 -0.327645 2000 141.543
15.68 -0.325707 2000 140.706
15.685 -0.323729 2000 139.851
15.69 -0.321726 2000 138.986
15.695 -0.3197 2000 138.11
15.7 -0.317645 2000 137.222
15.705 -0.315568 2000 136.326
15.71 -0.313485 2000 135.425
15.715 -0.311382 2000 134.517
15.72 -0.309223 2000 133.584
15.725 -0.306984 2000 132.617
15.73 -0.304672 2000 131.618
15.735 -0.302309 2000 130.598
15.74 -0.299891 2000 129.553
15.745 -0.297399 2000 128.476
15.75 -0.29483 2000 127.366
15.755 -0.292191 2000 126.226
15.76 -0.289483 2000 125.057
15.765 -0.286708 2000 123.858
15.77 -0.283874 2000 122.633
15.775 -0.28099 2000 121.387
15.78 -0.278069 2000 120.126
15.785 -0.275118 2000 118.851
15.79 -0.272131 2000 117.561
15.795 -0.269104 2000 116.253
15.8 -0.26604 2000 114.929
15.805 -0.262941 2000 113.59
15.81 -0.259793 2000 112.231
15.815 -0.256591 2000 110.847
15.82 -0.253342 2000 109.444
15.825 -0.250059 2000 108.025
15.83 -0.246741 2000 106.592
15.835 -0.243371 2000 105.136
15.84 -0.239935 2000 103.652
15.845 -0.236439 2000 102.142
15.85 -0.232888 2000 100.607
15.855 -0.229278 2000 99.048
15.86 -0.225613 2000 97.4647
15.865 -0.22191 2000 95.865
15.87 -0.218181 2000 94.2542
15.875 -0.214424 2000 92.631
15.88 -0.210636 2000 90.9946
15.885 -0.206823 2000 89.3474
15.89 -0.202978 2000 87.6863
15.895 -0.199085 2000 86.0046
15.9 -0.195141 2000 84.3009
15.905 -0.191146 2000 82.5752
15.91 -0.187095 2000 80.8249
15.915 -0.182987 2000 79.0503
15.92 -0.178833 2000 77.2559
15.925 -0.17465 2000 75.4489
15.93 -0.170446 2000 73.6327
15.935 -0.166212 2000 71.8036
15.94 -0.161937 2000 69.957
15.945 -0.157616 2000 68.0902
15.95 -0.153235 2000 66.1977
15.955 -0.148786 2000 64.2754
15.96 -0.144282 2000 62.3297
15.965 -0.139755 2000 60.3744
15.97 -0.135219 2000 58.4145
15.975 -0.130654 2000 56.4424
15.98 -0.126042 2000 54.4499
15.985 -0.121377 2000 52.435
15.99 -0.11667 2000 50.4016
15.995 -0.111947 2000 48.3609
16 -0.107233 2000 46.3246
16.005 -0.102536 2000 44.2954
16.01 -0.0978437 2000 42.2685
16.015 -0.0931553 2000 40.2431
16.02 -0.0884821 2000 38.2243
16.025 -0.0838274 2000 36.2134
16.03 -0.0791853 2000 34.208
16.035 -0.0745566 2000 32.2084
16.04 -0.0699391 2000 30.2137
16.045 -0.0653182 2000 28.2174
16.05 -0.0606805 2000 26.214
16.055 -0.0560212 2000 24.2011
16.06 -0.0513361 2000 22.1772
16.065 -0.0466225 2000 20.1409
16.07 -0.0418828 2000 18.0934
16.075 -0.0371186 2000 16.0352
16.08 -0.032327 2000 13.9653
16.085 -0.0275038 2000 11.8817
16.09 -0.0226442 2000 9.7823
16.095 -0.0177506 2000 7.66825
16.1 -0.0128364 2000 5.54533
16.105 -0.00791442 2000 3.41903
16.11 -0.00298593 2000 1.28992
16.115 0.00195168 2000 -0.843125
16.12 0.0068955 2000 -2.97885
16.125 0.0118444 2000 -5.11677
16.13 0.0168029 2000 -7.25883
16.135 0.0217719 2000 -9.40544
16.14 0.026742 2000 -11.5525
16.145 0.031701 2000 -13.6948
16.15 0.0366483 2000 -15.8321
16.155 0.0415956 2000 -17.9693
16.16 0.0465555 2000 -20.112
16.165 0.0515382 2000 -22.2645
16.17 0.0565572 2000 -24.4327
16.175 0.0616202 2000 -26.6199
16.18 0.0667173 2000 -28.8219
16.185 0.0718352 2000 -31.0328
16.19 0.0769698 2000 -33.251
16.195 0.0821149 2000 -35.4736
16.2 0.0872488 2000 -37.6915
16.205 0.0923418 2000 -39.8917
16.21 0.0973814 2000 -42.0688
16.215 0.102388 2000 -44.2314
16.22 0.107394 2000 -46.3941
16.225 0.112414 2000 -48.5627
16.23 0.117432 2000 -50.7307
16.235 0.122431 2000 -52.8903
16.24 0.127414 2000 -55.0429
16.245 0.132393 2000 -57.1939
16.25 0.137371 2000 -59.3442
16.255 0.142337 2000 -61.4896
16.26 0.147288 2000 -63.6286
16.265 0.152233 2000 -65.7648
16.27 0.157179 2000 -67.9014
16.275 0.162124 2000 -70.0375
16.28 0.167059 2000 -72.1695
16.285 0.171974 2000 -74.2926
16.29 0.176863 2000 -76.405
16.295 0.181736 2000 -78.5098
16.3 0.186593 2000 -80.6084
16.305 0.19143 2000 -82.6978
16.31 0.196234 2000 -84.7731
16.315 0.201001 2000 -86.8326
16.32 0.205746 2000 -88.8822
16.325 0.210486 2000 -90.9299
16.33 0.21522 2000 -92.9751
16.335 0.219929 2000 -95.0094
16.34 0.2246 2000 -97.0273
16.345 0.229243 2000 -99.0328
16.35 0.23387 2000 -101.032
16.355 0.238487 2000 -103.026
16.36 0.243088 2000 -105.014
16.365 0.247666 2000 -106.992
16.37 0.252218 2000 -108.958
16.375 0.256752 2000 -110.917
16.38 0.261274 2000 -112.87
16.385 0.265777 2000 -114.816
16.39 0.270262 2000 -116.753
16.395 0.274724 2000 -118.681
16.4 0.279159 2000 -120.597
16.405 0.283567 2000 -122.501
16.41 0.287955 2000 -124.397
16.415 0.292321 2000 -126.283
16.42 0.296669 2000 -128.161
16.425 0.30102 2000 -130.041
16.43 0.305394 2000 -131.93
16.435 0.309781 2000 -133.825
16.44 0.314156 2000 -135.716
16.445 0.318515 2000 -137.598
16.45 0.322871 2000 -139.48
16.455 0.327229 2000 -141.363
16.46 0.331578 2000 -143.242
16.465 0.335905 2000 -145.111
16.47 0.340211 2000 -146.971
16.475 0.344503 2000 -148.825
16.48 0.348787 2000 -150.676
16.485 0.353064 2000 -152.524
16.49 0.357318 2000 -154.361
16.495 0.361518 2000 -156.176
16.5 0.365656 2000 -157.963
16.505 0.369742 2000 -159.728
16.51 0.373792 2000 -161.478
16.515 0.377812 2000 -163.215
16.52 0.381801 2000 -164.938
16.525 0.385762 2000 -166.649
16.53 0.389707 2000 -168.353
16.535 0.393629 2000 -170.048
16.54 0.3975 2000 -171.72
16.545 0.401313 2000 -173.367
16.55 0.405093 2000 -175
16.555 0.408858 2000 -176.627
16.56 0.412586 2000 -178.237
16.565 0.416253 2000 -179.821
16.57 0.419869 2000 -181.384
16.575 0.423451 2000 -182.931
16.58 0.426995 2000 -184.462
16.585 0.430499 2000 -185.976
16.59 0.433967 2000 -187.474
16.595 0.437414 2000 -188.963
16.6 0.440866 2000 -190.454
16.605 0.444336 2000 -191.953
16.61 0.447794 2000 -193.447
16.615 0.451194 2000 -194.916
16.62 0.454522 2000 -196.354
16.625 0.457796 2000 -197.768
16.63 0.461034 2000 -199.167
16.635 0.464242 2000 -200.552
16.64 0.46741 2000 -201.921
16.645 0.470532 2000 -203.27
16.65 0.47362 2000 -204.604
16.655 0.476678 2000 -205.925
16.66 0.479702 2000 -207.231
16.665 0.482684 2000 -208.52
16.67 0.485631 2000 -209.793
16.675 0.488554 2000 -211.055
16.68 0.491462 2000 -212.311
16.685 0.494365 2000 -213.566
16.69 0.497262 2000 -214.817
16.695 0.500133 2000 -216.057
16.7 0.502956 2000 -217.277
16.705 0.505737 2000 -218.478
16.71 0.508487 2000 -219.667
16.715 0.511196 2000 -220.837
16.72 0.513851 2000 -221.983
16.725 0.516474 2000 -223.117
16.73 0.519101 2000 -224.251
16.735 0.521728 2000 -225.387
16.74 0.524327 2000 -226.509
16.745 0.526883 2000 -227.614
16.75 0.529403 2000 -228.702
16.755 0.531889 2000 -229.776
16.76 0.534333 2000 -230.832
16.765 0.53672 2000 -231.863
16.77 0.539051 2000 -232.87
16.775 0.541337 2000 -233.858
16.78 0.543588 2000 -234.83
16.785 0.545801 2000 -235.786
16.79 0.54797 2000 -236.723
16.795 0.550089 2000 -237.639
16.8 0.552161 2000 -238.534
16.805 0.554181 2000 -239.406
16.81 0.556146 2000 -240.255
16.815 0.558059 2000 -241.081
16.82 0.559921 2000 -241.886
16.825 0.561743 2000 -242.673
16.83 0.563532 2000 -243.446
16.835 0.565273 2000 -244.198
16.84 0.56696 2000 -244.927
16.845 0.568619 2000 -245.644
16.85 0.570282 2000 -246.362
16.855 0.571942 2000 -247.079
16.86 0.573564 2000 -247.779
16.865 0.575121 2000 -248.452
16.87 0.576598 2000 -249.09
16.875 0.577996 2000 -249.694
16.88 0.57933 2000 -250.271
16.885 0.580618 2000 -250.827
16.89 0.581859 2000 -251.363
16.895 0.583052 2000 -251.878
16.9 0.584199 2000 -252.374
16.905 0.585304 2000 -252.851
16.91 0.586366 2000 -253.31
16.915 0.587384 2000 -253.75
16.92 0.588358 2000 -254.171
16.925 0.589288 2000 -254.572
16.93 0.590174 2000 -254.955
16.935 0.591016 2000 -255.319
16.94 0.591812 2000 -255.663
16.945 0.592565 2000 -255.988
