0.1 -2.92171e-31 200 7.54952e-14
0.2 1.16868e-31 400 7.10543e-14
0.3 7.59644e-31 600 2.04281e-13
0.4 1.86989e-30 800 3.01981e-13
0.5 1.40242e-30 1000 3.6593e-13
0.6 -1.51929e-30 1200 -3.23297e-13
0.7 -2.33737e-31 1400 -8.95284e-13
0.8 1.35859e-30 1600 4.9738e-14
0.9 2.33737e-31 1800 6.39488e-13
1 -1.40242e-30 2000 -1.35714e-12
0.005 -1.46186e-05 2000 0.0063355
0.01 -7.30814e-05 2000 0.0316099
0.015 -0.000190145 2000 0.0821742
0.02 -0.000366043 2000 0.158156
0.025 -0.000600986 2000 0.259647
0.03 -0.000895176 2000 0.386733
0.035 -0.00124881 2000 0.539499
0.04 -0.00166207 2000 0.718026
0.045 -0.00213515 2000 0.922393
0.05 -0.00266821 2000 1.15267
0.055 -0.00326143 2000 1.40894
0.06 -0.00391496 2000 1.69127
0.065 -0.00462896 2000 1.99972
0.07 -0.00540356 2000 2.33434
0.075 -0.00623891 2000 2.69521
0.08 -0.00713514 2000 3.08238
0.085 -0.00809239 2000 3.49592
0.09 -0.00911081 2000 3.93587
0.095 -0.0101905 2000 4.40229
0.1 -0.0113315 2000 4.8952
0.105 -0.0125339 2000 5.41465
0.11 -0.0137978 2000 5.96067
0.115 -0.0151234 2000 6.53331
0.12 -0.0165106 2000 7.1326
0.125 -0.0179596 2000 7.75857
0.13 -0.0194705 2000 8.41126
0.135 -0.0210433 2000 9.09069
0.14 -0.022678 2000 9.79688
0.145 -0.0243747 2000 10.5299
0.15 -0.0261334 2000 11.2896
0.155 -0.0279541 2000 12.0762
0.16 -0.0298369 2000 12.8896
0.165 -0.0317819 2000 13.7298
0.17 -0.0337889 2000 14.5968
0.175 -0.035858 2000 15.4906
0.18 -0.0379892 2000 16.4113
0.185 -0.0401824 2000 17.3588
0.19 -0.0424378 2000 18.3331
0.195 -0.0447551 2000 19.3342
0.2 -0.0471345 2000 20.3621
0.205 -0.0495758 2000 21.4167
0.21 -0.0520789 2000 22.4981
0.215 -0.0546437 2000 23.6061
0.22 -0.0572702 2000 24.7407
0.225 -0.0599586 2000 25.9021
0.23 -0.0627086 2000 27.0901
0.235 -0.0655202 2000 28.3047
0.24 -0.0683929 2000 29.5457
0.245 -0.0713266 2000 30.8131
0.25 -0.0743217 2000 32.107
0.255 -0.0773779 2000 33.4273
0.26 -0.0804951 2000 34.7739
0.265 -0.0836732 2000 36.1468
0.27 -0.086912 2000 37.546
0.275 -0.0902114 2000 38.9713
0.28 -0.0935712 2000 40.4228
0.285 -0.0969912 2000 41.9002
0.29 -0.100471 2000 43.4036
0.295 -0.104012 2000 44.933
0.3 -0.107612 2000 46.4884
0.305 -0.111272 2000 48.0696
0.31 -0.114992 2000 49.6765
0.315 -0.118771 2000 51.3091
0.32 -0.122609 2000 52.9672
0.325 -0.126506 2000 54.6507
0.33 -0.130462 2000 56.3595
0.335 -0.134476 2000 58.0936
0.34 -0.138548 2000 59.8529
0.345 -0.142679 2000 61.6372
0.35 -0.146867 2000 63.4464
0.355 -0.151112 2000 65.2804
0.36 -0.155415 2000 67.1392
0.365 -0.159775 2000 69.0229
0.37 -0.164192 2000 70.9312
0.375 -0.168666 2000 72.8637
0.38 -0.173195 2000 74.8204
0.385 -0.17778 2000 76.8012
0.39 -0.182421 2000 78.806
0.395 -0.187118 2000 80.8349
0.4 -0.191869 2000 82.8875
0.405 -0.196676 2000 84.9639
0.41 -0.201537 2000 87.064
0.415 -0.206453 2000 89.1876
0.42 -0.211423 2000 91.3346
0.425 -0.216446 2000 93.5047
0.43 -0.221523 2000 95.6978
0.435 -0.226652 2000 97.9137
0.44 -0.231834 2000 100.152
0.445 -0.237068 2000 102.413
0.45 -0.242354 2000 104.697
0.455 -0.247691 2000 107.003
0.46 -0.25308 2000 109.331
0.465 -0.258519 2000 111.68
0.47 -0.264009 2000 114.052
0.475 -0.269548 2000 116.445
0.48 -0.275137 2000 118.859
0.485 -0.280776 2000 121.295
0.49 -0.286463 2000 123.752
0.495 -0.292199 2000 126.23
0.5 -0.297982 2000 128.728
0.505 -0.303814 2000 131.248
0.51 -0.309692 2000 133.787
0.515 -0.315617 2000 136.347
0.52 -0.321589 2000 138.926
0.525 -0.327607 2000 141.526
0.53 -0.33367 2000 144.146
0.535 -0.339778 2000 146.784
0.54 -0.345931 2000 149.442
0.545 -0.352127 2000 152.119
0.55 -0.358367 2000 154.815
0.555 -0.36465 2000 157.529
0.56 -0.370975 2000 160.261
0.565 -0.377342 2000 163.012
0.57 -0.38375 2000 165.78
0.575 -0.390197 2000 168.565
0.58 -0.396683 2000 171.367
0.585 -0.403207 2000 174.185
0.59 -0.409768 2000 177.02
0.595 -0.416368 2000 179.871
0.6 -0.423008 2000 182.739
0.605 -0.429686 2000 185.624
0.61 -0.436402 2000 188.526
0.615 -0.443154 2000 191.443
0.62 -0.449943 2000 194.375
0.625 -0.456769 2000 197.324
0.63 -0.463632 2000 200.289
0.635 -0.47053 2000 203.269
0.64 -0.477462 2000 206.264
0.645 -0.484429 2000 209.273
0.65 -0.491429 2000 212.297
0.655 -0.498462 2000 215.336
0.66 -0.505526 2000 218.387
0.665 -0.512621 2000 221.452
0.67 -0.519744 2000 224.53
0.675 -0.526897 2000 227.62
0.68 -0.534079 2000 230.722
0.685 -0.541292 2000 233.838
0.69 -0.548532 2000 236.966
0.695 -0.5558 2000 240.106
0.7 -0.563095 2000 243.257
0.705 -0.570417 2000 246.42
0.71 -0.577765 2000 249.594
0.715 -0.585138 2000 252.78
0.72 -0.592536 2000 255.976
0.725 -0.599958 2000 259.182
0.73 -0.607404 2000 262.399
0.735 -0.614872 2000 265.625
0.74 -0.622362 2000 268.86
0.745 -0.629871 2000 272.105
0.75 -0.637399 2000 275.357
0.755 -0.644945 2000 278.616
0.76 -0.652508 2000 281.884
0.765 -0.660089 2000 285.159
0.77 -0.667687 2000 288.441
0.775 -0.675301 2000 291.73
0.78 -0.682933 2000 295.027
0.785 -0.690582 2000 298.331
0.79 -0.698247 2000 301.643
0.795 -0.705928 2000 304.961
0.8 -0.713621 2000 308.284
0.805 -0.721327 2000 311.614
0.81 -0.729046 2000 314.948
0.815 -0.736776 2000 318.287
0.82 -0.744516 2000 321.631
0.825 -0.752265 2000 324.978
0.83 -0.760021 2000 328.329
0.835 -0.767787 2000 331.684
0.84 -0.775563 2000 335.043
0.845 -0.783346 2000 338.405
0.85 -0.791135 2000 341.77
0.855 -0.798931 2000 345.138
0.86 -0.806735 2000 348.509
0.865 -0.814545 2000 351.883
0.87 -0.822359 2000 355.259
0.875 -0.830177 2000 358.637
0.88 -0.837998 2000 362.015
0.885 -0.845821 2000 365.395
0.89 -0.853646 2000 368.775
0.895 -0.861474 2000 372.157
0.9 -0.869304 2000 375.539
0.905 -0.877134 2000 378.922
0.91 -0.884965 2000 382.305
0.915 -0.892794 2000 385.687
0.92 -0.900622 2000 389.069
0.925 -0.908445 2000 392.449
0.93 -0.916265 2000 395.827
0.935 -0.924081 2000 399.203
0.94 -0.931895 2000 402.579
0.945 -0.939704 2000 405.952
0.95 -0.947505 2000 409.322
0.955 -0.955299 2000 412.689
0.96 -0.963086 2000 416.053
0.965 -0.970866 2000 419.414
0.97 -0.978637 2000 422.771
0.975 -0.986398 2000 426.124
0.98 -0.994147 2000 429.472
0.985 -1.00188 2000 432.814
0.99 -1.0096 2000 436.149
0.995 -1.01731 2000 439.477
1 -1.025 2000 442.8
1.005 -1.03268 2000 446.118
1.01 -1.04035 2000 449.43
1.015 -1.048 2000 452.736
1.02 -1.05564 2000 456.035
1.025 -1.06326 2000 459.327
1.03 -1.07086 2000 462.613
1.035 -1.07845 2000 465.891
1.04 -1.08602 2000 469.161
1.045 -1.09357 2000 472.423
1.05 -1.1011 2000 475.675
1.055 -1.1086 2000 478.916
1.06 -1.11608 2000 482.146
1.065 -1.12353 2000 485.366
1.07 -1.13096 2000 488.575
1.075 -1.13836 2000 491.773
1.08 -1.14574 2000 494.958
1.085 -1.15308 2000 498.13
1.09 -1.16039 2000 501.29
1.095 -1.16768 2000 504.438
1.1 -1.17493 2000 507.572
1.105 -1.18216 2000 510.693
1.11 -1.18936 2000 513.802
1.115 -1.19652 2000 516.898
1.12 -1.20366 2000 519.979
1.125 -1.21075 2000 523.045
1.13 -1.21782 2000 526.096
1.135 -1.22485 2000 529.134
1.14 -1.23185 2000 532.158
1.145 -1.23881 2000 535.167
1.15 -1.24574 2000 538.161
1.155 -1.25263 2000 541.137
1.16 -1.25948 2000 544.097
1.165 -1.2663 2000 547.04
1.17 -1.27307 2000 549.968
1.175 -1.27981 2000 552.879
1.18 -1.28652 2000 555.775
1.185 -1.29318 2000 558.654
1.19 -1.2998 2000 561.514
1.195 -1.30638 2000 564.356
1.2 -1.31291 2000 567.177
1.205 -1.3194 2000 569.979
1.21 -1.32583 2000 572.76
1.215 -1.33223 2000 575.521
1.22 -1.33857 2000 578.262
1.225 -1.34487 2000 580.982
1.23 -1.35111 2000 583.681
1.235 -1.35731 2000 586.357
1.24 -1.36346 2000 589.015
1.245 -1.36958 2000 591.657
1.25 -1.37565 2000 594.282
1.255 -1.38168 2000 596.887
1.26 -1.38766 2000 599.469
1.265 -1.39358 2000 602.027
1.27 -1.39945 2000 604.561
1.275 -1.40526 2000 607.072
1.28 -1.41102 2000 609.559
1.285 -1.41672 2000 612.024
1.29 -1.42237 2000 614.465
1.295 -1.42797 2000 616.882
1.3 -1.43351 2000 619.276
1.305 -1.439 2000 621.647
1.31 -1.44443 2000 623.994
1.315 -1.4498 2000 626.316
1.32 -1.45512 2000 628.612
1.325 -1.46038 2000 630.882
1.33 -1.46557 2000 633.127
1.335 -1.47071 2000 635.348
1.34 -1.4758 2000 637.545
1.345 -1.48083 2000 639.718
1.35 -1.4858 2000 641.865
1.355 -1.4907 2000 643.983
1.36 -1.49554 2000 646.074
1.365 -1.50032 2000 648.138
1.37 -1.50503 2000 650.174
1.375 -1.50968 2000 652.182
1.38 -1.51426 2000 654.161
1.385 -1.51877 2000 656.109
1.39 -1.52321 2000 658.029
1.395 -1.52759 2000 659.918
1.4 -1.53189 2000 661.778
1.405 -1.53613 2000 663.608
1.41 -1.5403 2000 665.409
1.415 -1.5444 2000 667.181
1.42 -1.54844 2000 668.924
1.425 -1.5524 2000 670.636
1.43 -1.55629 2000 672.318
1.435 -1.56011 2000 673.968
1.44 -1.56386 2000 675.587
1.445 -1.56753 2000 677.174
1.45 -1.57113 2000 678.73
1.455 -1.57466 2000 680.254
1.46 -1.57812 2000 681.746
1.465 -1.58149 2000 683.205
1.47 -1.5848 2000 684.632
1.475 -1.58803 2000 686.029
1.48 -1.59119 2000 687.395
1.485 -1.59428 2000 688.73
1.49 -1.59729 2000 690.03
1.495 -1.60022 2000 691.295
1.5 -1.60307 2000 692.527
1.505 -1.60585 2000 693.726
1.51 -1.60854 2000 694.891
1.515 -1.61116 2000 696.021
1.52 -1.61369 2000 697.115
1.525 -1.61615 2000 698.175
1.53 -1.61853 2000 699.205
1.535 -1.62084 2000 700.203
1.54 -1.62307 2000 701.168
1.545 -1.62522 2000 702.096
1.55 -1.62728 2000 702.987
1.555 -1.62926 2000 703.84
1.56 -1.63116 2000 704.659
1.565 -1.63297 2000 705.443
1.57 -1.6347 2000 706.191
1.575 -1.63635 2000 706.902
1.58 -1.63791 2000 707.575
1.585 -1.63937 2000 708.21
1.59 -1.64075 2000 708.804
1.595 -1.64204 2000 709.359
1.6 -1.64323 2000 709.877
1.605 -1.64435 2000 710.358
1.61 -1.64538 2000 710.803
1.615 -1.64632 2000 711.211
1.62 -1.64718 2000 711.582
1.625 -1.64795 2000 711.914
1.63 -1.64863 2000 712.208
1.635 -1.64922 2000 712.464
1.64 -1.64972 2000 712.679
1.645 -1.65012 2000 712.852
1.65 -1.65042 2000 712.983
1.655 -1.65063 2000 713.074
1.66 -1.65076 2000 713.126
1.665 -1.65079 2000 713.141
1.67 -1.65073 2000 713.114
1.675 -1.65057 2000 713.044
1.68 -1.65031 2000 712.932
1.685 -1.64994 2000 712.774
1.69 -1.64947 2000 712.569
1.695 -1.64888 2000 712.318
1.7 -1.6482 2000 712.022
1.705 -1.64741 2000 711.681
1.71 -1.64652 2000 711.295
1.715 -1.64551 2000 710.862
1.72 -1.6444 2000 710.379
1.725 -1.64316 2000 709.846
1.73 -1.64181 2000 709.261
1.735 -1.64033 2000 708.624
1.74 -1.63874 2000 707.938
1.745 -1.63704 2000 707.203
1.75 -1.63523 2000 706.419
1.755 -1.6333 2000 705.585
1.76 -1.63125 2000 704.701
1.765 -1.62909 2000 703.768
1.77 -1.62682 2000 702.787
1.775 -1.62444 2000 701.759
1.78 -1.62195 2000 700.683
1.785 -1.61935 2000 699.559
1.79 -1.61664 2000 698.389
1.795 -1.61383 2000 697.173
1.8 -1.61091 2000 695.911
1.805 -1.60788 2000 694.602
1.81 -1.60474 2000 693.246
1.815 -1.60148 2000 691.841
1.82 -1.59811 2000 690.385
1.825 -1.59463 2000 688.879
1.83 -1.59103 2000 687.324
1.835 -1.58732 2000 685.722
1.84 -1.5835 2000 684.072
1.845 -1.57957 2000 682.375
1.85 -1.57553 2000 680.629
1.855 -1.57137 2000 678.833
1.86 -1.5671 2000 676.988
1.865 -1.56272 2000 675.095
1.87 -1.55824 2000 673.158
1.875 -1.55365 2000 671.175
1.88 -1.54895 2000 669.144
1.885 -1.54413 2000 667.065
1.89 -1.5392 2000 664.936
1.895 -1.53416 2000 662.757
1.9 -1.52901 2000 660.531
1.905 -1.52374 2000 658.258
1.91 -1.51837 2000 655.938
1.915 -1.5129 2000 653.572
1.92 -1.50732 2000 651.161
1.925 -1.50163 2000 648.706
1.93 -1.49585 2000 646.208
1.935 -1.48997 2000 643.667
1.94 -1.48399 2000 641.082
1.945 -1.47789 2000 638.448
1.95 -1.47169 2000 635.768
1.955 -1.46538 2000 633.044
1.96 -1.45897 2000 630.275
1.965 -1.45245 2000 627.459
1.97 -1.44582 2000 624.592
1.975 -1.43907 2000 621.676
1.98 -1.4322 2000 618.712
1.985 -1.42523 2000 615.698
1.99 -1.41814 2000 612.635
1.995 -1.41093 2000 609.52
2 -1.40361 2000 606.357
2.005 -1.39619 2000 603.153
2.01 -1.38868 2000 599.911
2.015 -1.38108 2000 596.629
2.02 -1.37339 2000 593.303
2.025 -1.36558 2000 589.932
2.03 -1.35768 2000 586.519
2.035 -1.34968 2000 583.062
2.04 -1.34158 2000 579.561
2.045 -1.33338 2000 576.021
2.05 -1.3251 2000 572.445
2.055 -1.31674 2000 568.831
2.06 -1.30828 2000 565.179
2.065 -1.29974 2000 561.487
2.07 -1.2911 2000 557.756
2.075 -1.28237 2000 553.983
2.08 -1.27354 2000 550.169
2.085 -1.26462 2000 546.316
2.09 -1.25561 2000 542.425
2.095 -1.24652 2000 538.499
2.1 -1.23735 2000 534.537
2.105 -1.22809 2000 530.534
2.11 -1.21872 2000 526.487
2.115 -1.20925 2000 522.395
2.12 -1.19968 2000 518.261
2.125 -1.19002 2000 514.087
2.13 -1.18025 2000 509.87
2.135 -1.17038 2000 505.605
2.14 -1.16039 2000 501.29
2.145 -1.1503 2000 496.928
2.15 -1.1401 2000 492.524
2.155 -1.12981 2000 488.079
2.16 -1.11943 2000 483.593
2.165 -1.10895 2000 479.065
2.17 -1.09837 2000 474.498
2.175 -1.08772 2000 469.893
2.18 -1.07697 2000 465.253
2.185 -1.06615 2000 460.575
2.19 -1.05523 2000 455.86
2.195 -1.04423 2000 451.106
2.2 -1.03314 2000 446.317
2.205 -1.02199 2000 441.499
2.21 -1.01076 2000 436.648
2.215 -0.99944 2000 431.758
2.22 -0.988034 2000 426.831
2.225 -0.976558 2000 421.873
2.23 -0.965022 2000 416.889
2.235 -0.953416 2000 411.876
2.24 -0.941727 2000 406.826
2.245 -0.929955 2000 401.74
2.25 -0.918103 2000 396.621
2.255 -0.90617 2000 391.465
2.26 -0.894148 2000 386.272
2.265 -0.882041 2000 381.042
2.27 -0.86986 2000 375.78
2.275 -0.857614 2000 370.489
2.28 -0.845296 2000 365.168
2.285 -0.832897 2000 359.811
2.29 -0.820408 2000 354.416
2.295 -0.807831 2000 348.983
2.3 -0.795179 2000 343.517
2.305 -0.782464 2000 338.024
2.31 -0.769694 2000 332.508
2.315 -0.756867 2000 326.966
2.32 -0.74398 2000 321.399
2.325 -0.731035 2000 315.807
2.33 -0.718032 2000 310.19
2.335 -0.704956 2000 304.541
2.34 -0.691804 2000 298.86
2.345 -0.67859 2000 293.151
2.35 -0.665325 2000 287.42
2.355 -0.652006 2000 281.667
2.36 -0.638624 2000 275.886
2.365 -0.625176 2000 270.076
2.37 -0.611659 2000 264.236
2.375 -0.59807 2000 258.366
2.38 -0.584408 2000 252.464
2.385 -0.570684 2000 246.536
2.39 -0.556911 2000 240.586
2.395 -0.543088 2000 234.614
2.4 -0.529207 2000 228.617
2.405 -0.515256 2000 222.591
2.41 -0.501232 2000 216.532
2.415 -0.48714 2000 210.445
2.42 -0.472999 2000 204.335
2.425 -0.458822 2000 198.211
2.43 -0.444609 2000 192.071
2.435 -0.430346 2000 185.91
2.44 -0.416026 2000 179.723
2.445 -0.401643 2000 173.51
2.45 -0.387199 2000 167.27
2.455 -0.372709 2000 161.01
2.46 -0.358181 2000 154.735
2.465 -0.343618 2000 148.443
2.47 -0.32901 2000 142.132
2.475 -0.314349 2000 135.799
2.48 -0.299638 2000 129.444
2.485 -0.284877 2000 123.067
2.49 -0.270069 2000 116.67
2.495 -0.255222 2000 110.255
2.5 -0.240339 2000 103.827
2.505 -0.225417 2000 97.3802
2.51 -0.210451 2000 90.9151
2.515 -0.195443 2000 84.4311
2.52 -0.180397 2000 77.9313
2.525 -0.165344 2000 71.428
2.53 -0.150276 2000 64.9185
2.535 -0.135202 2000 58.4061
2.54 -0.120122 2000 51.891
2.545 -0.105034 2000 45.373
2.55 -0.089902 2000 38.836
2.555 -0.0747511 2000 32.2902
2.56 -0.0595883 2000 25.7399
2.565 -0.0444489 2000 19.199
2.57 -0.0293506 2000 12.6762
2.575 -0.0142587 2000 6.1566
2.58 0.000851955 2000 -0.371362
2.585 0.0159379 2000 -6.88643
2.59 0.0310344 2000 -13.4062
2.595 0.0460196 2000 -19.8811
2.6 0.0609259 1999.99 -26.3217
2.605 0.0756425 1999.99 -32.68
2.61 0.0900467 1999.99 -38.9033
2.615 0.104165 1999.99 -45.0037
2.62 0.118287 1999.99 -51.1035
2.625 0.13241 1999.99 -57.2041
2.63 0.146527 1999.99 -63.3024
2.635 0.160634 1999.99 -69.3959
2.64 0.174733 2000 -75.4864
2.645 0.188834 2000 -81.5775
2.65 0.202942 2000 -87.6719
2.655 0.217058 2000 -93.7698
2.66 0.231173 2000 -99.8669
2.665 0.245274 2000 -105.958
2.67 0.259361 2000 -112.044
2.675 0.27344 2000 -118.125
2.68 0.287519 2000 -124.207
2.685 0.301597 2000 -130.289
2.69 0.315672 2000 -136.37
2.695 0.329756 2000 -142.454
2.7 0.343855 2000 -148.544
2.705 0.357964 2000 -154.639
2.71 0.372068 2000 -160.732
2.715 0.386153 2000 -166.817
2.72 0.40022 2000 -172.894
2.725 0.414289 2000 -178.972
2.73 0.428387 2000 -185.063
2.735 0.442512 2000 -191.165
2.74 0.456643 2000 -197.269
2.745 0.470769 2000 -203.372
2.75 0.484897 2000 -209.475
2.755 0.499041 2000 -215.585
2.76 0.513207 2000 -221.705
2.765 0.527389 2000 -227.832
2.77 0.541568 2000 -233.957
2.775 0.555733 2000 -240.077
2.78 0.569878 2000 -246.187
2.785 0.583995 2000 -252.286
2.79 0.598085 2000 -258.373
2.795 0.612159 2000 -264.453
2.8 0.626222 2000 -270.528
2.805 0.640266 2000 -276.595
2.81 0.65429 2000 -282.654
2.815 0.668305 2000 -288.708
2.82 0.682318 2000 -294.762
2.825 0.69633 2000 -300.815
2.83 0.710331 2000 -306.863
2.835 0.724311 2000 -312.903
2.84 0.73827 2000 -318.933
2.845 0.75222 2000 -324.959
2.85 0.766168 2000 -330.985
2.855 0.780098 2000 -337.003
2.86 0.793997 2000 -343.007
2.865 0.807866 2000 -348.998
2.87 0.821715 2000 -354.981
2.875 0.835538 2000 -360.953
2.88 0.849334 2000 -366.913
2.885 0.863103 2000 -372.861
2.89 0.876848 2000 -378.799
2.895 0.890566 2000 -384.725
2.9 0.904252 2000 -390.637
2.905 0.917907 2000 -396.536
2.91 0.931536 2000 -402.424
2.915 0.945146 2000 -408.303
2.92 0.958734 2000 -414.173
2.925 0.972294 2000 -420.031
2.93 0.985826 2000 -425.877
2.935 0.999328 2000 -431.71
2.94 1.01279 2000 -437.527
2.945 1.02622 2000 -443.326
2.95 1.0396 2000 -449.108
2.955 1.05296 2000 -454.88
2.96 1.0663 2000 -460.641
2.965 1.0796 2000 -466.387
2.97 1.09286 2000 -472.114
2.975 1.10607 2000 -477.824
2.98 1.11925 2000 -483.518
2.985 1.13239 2000 -489.194
2.99 1.14548 2000 -494.85
2.995 1.15852 2000 -500.48
3 1.17148 2000 -506.081
3.005 1.18439 2000 -511.655
3.01 1.19725 2000 -517.211
3.015 1.21007 2000 -522.752
3.02 1.22285 2000 -528.273
3.025 1.23557 2000 -533.768
3.03 1.24823 2000 -539.233
3.035 1.26081 2000 -544.669
3.04 1.27333 2000 -550.08
3.045 1.28582 2000 -555.472
3.05 1.29826 2000 -560.848
3.055 1.31066 2000 -566.206
3.06 1.32302 2000 -571.544
3.065 1.33532 2000 -576.861
3.07 1.34759 2000 -582.157
3.075 1.3598 2000 -587.435
3.08 1.37197 2000 -592.69
3.085 1.38406 2000 -597.916
3.09 1.3961 2000 -603.116
3.095 1.40808 2000 -608.29
3.1 1.41999 2000 -613.437
3.105 1.43184 2000 -618.555
3.11 1.44363 2000 -623.648
3.115 1.45536 2000 -628.717
3.12 1.46704 2000 -633.763
3.125 1.47867 2000 -638.785
3.13 1.49024 2000 -643.786
3.135 1.50177 2000 -648.764
3.14 1.51324 2000 -653.719
3.145 1.52465 2000 -658.648
3.15 1.536 2000 -663.552
3.155 1.54729 2000 -668.429
3.16 1.5585 2000 -673.274
3.165 1.56964 2000 -678.086
3.17 1.58072 2000 -682.871
3.175 1.59174 2000 -687.633
3.18 1.60272 2000 -692.376
3.185 1.61365 2000 -697.097
3.19 1.62452 2000 -701.791
3.195 1.63532 2000 -706.456
3.2 1.64605 2000 -711.092
3.205 1.65671 2000 -715.701
3.21 1.66734 2000 -720.289
3.215 1.67792 2000 -724.862
3.22 1.68846 2000 -729.414
3.225 1.69891 2000 -733.928
3.23 1.70925 2000 -738.398
3.235 1.71952 2000 -742.833
3.24 1.72973 2000 -747.243
3.245 1.73988 2000 -751.626
3.25 1.74995 2000 -755.98
3.255 1.75997 2000 -760.305
3.26 1.76993 2000 -764.609
3.265 1.77983 2000 -768.886
3.27 1.78965 2000 -773.127
3.275 1.79938 2000 -777.333
3.28 1.80905 2000 -781.508
3.285 1.81864 2000 -785.651
3.29 1.82815 2000 -789.76
3.295 1.83759 2000 -793.841
3.3 1.84699 2000 -797.898
3.305 1.85632 2000 -801.928
3.31 1.86558 2000 -805.929
3.315 1.87477 2000 -809.9
3.32 1.88389 2000 -813.84
3.325 1.89293 2000 -817.745
3.33 1.90188 2000 -821.613
3.335 1.91076 2000 -825.449
3.34 1.91957 2000 -829.252
3.345 1.92829 2000 -833.023
3.35 1.93694 2000 -836.758
3.355 1.94551 2000 -840.459
3.36 1.95399 2000 -844.124
3.365 1.96238 2000 -847.748
3.37 1.97068 2000 -851.334
3.375 1.9789 2000 -854.884
3.38 1.98704 2000 -858.403
3.385 1.99511 2000 -861.888
3.39 2.0031 2000 -865.341
3.395 2.01102 2000 -868.761
3.4 2.01886 2000 -872.145
3.405 2.0266 2000 -875.49
3.41 2.03423 2000 -878.789
3.415 2.04176 2000 -882.042
3.42 2.0492 2000 -885.255
3.425 2.05656 2000 -888.435
3.43 2.06385 2000 -891.583
3.435 2.07105 2000 -894.695
3.44 2.07817 2000 -897.768
3.445 2.08519 2000 -900.804
3.45 2.09214 2000 -903.805
3.455 2.09901 2000 -906.772
3.46 2.1058 2000 -909.704
3.465 2.11249 2000 -912.595
3.47 2.11908 2000 -915.44
3.475 2.12556 2000 -918.244
3.48 2.13198 2000 -921.013
3.485 2.13831 2000 -923.752
3.49 2.14458 2000 -926.457
3.495 2.15075 2000 -929.123
3.5 2.15683 2000 -931.752
3.505 2.16284 2000 -934.346
3.51 2.16876 2000 -936.906
3.515 2.17461 2000 -939.431
3.52 2.18037 2000 -941.92
3.525 2.18606 2000 -944.376
3.53 2.19165 2000 -946.794
3.535 2.19715 2000 -949.171
3.54 2.20256 2000 -951.507
3.545 2.20789 2000 -953.809
3.55 2.21315 2000 -956.079
3.555 2.21832 2000 -958.313
3.56 2.22339 2000 -960.505
3.565 2.22837 2000 -962.657
3.57 2.23327 2000 -964.771
3.575 2.23807 2000 -966.845
3.58 2.24276 2000 -968.872
3.585 2.24733 2000 -970.848
3.59 2.25179 2000 -972.774
3.595 2.25614 2000 -974.652
3.6 2.26038 2000 -976.483
3.605 2.26452 2000 -978.272
3.61 2.26857 2000 -980.023
3.615 2.27254 2000 -981.737
3.62 2.27641 2000 -983.411
3.625 2.28019 2000 -985.042
3.63 2.28386 2000 -986.627
3.635 2.28742 2000 -988.164
3.64 2.29088 2000 -989.659
3.645 2.29425 2000 -991.115
3.65 2.29754 2000 -992.537
3.655 2.30075 2000 -993.922
3.66 2.30385 2000 -995.264
3.665 2.30685 2000 -996.559
3.67 2.30974 2000 -997.806
3.675 2.31252 2000 -999.007
3.68 2.31519 2000 -1000.16
3.685 2.31777 2000 -1001.28
3.69 2.32026 2000 -1002.35
3.695 2.32266 2000 -1003.39
3.7 2.32496 2000 -1004.38
3.705 2.32717 2000 -1005.34
3.71 2.32928 2000 -1006.25
3.715 2.3313 2000 -1007.12
3.72 2.33322 2000 -1007.95
3.725 2.33505 2000 -1008.74
3.73 2.33678 2000 -1009.49
3.735 2.33841 2000 -1010.19
3.74 2.33993 2000 -1010.85
3.745 2.34135 2000 -1011.46
3.75 2.34268 2000 -1012.04
3.755 2.34393 2000 -1012.58
3.76 2.34508 2000 -1013.07
3.765 2.34614 2000 -1013.53
3.77 2.3471 2000 -1013.95
3.775 2.34797 2000 -1014.32
3.78 2.34874 2000 -1014.66
3.785 2.34942 2000 -1014.95
3.79 2.34999 2000 -1015.2
3.795 2.35047 2000 -1015.4
3.8 2.35085 2000 -1015.57
3.805 2.35113 2000 -1015.69
3.81 2.35133 2000 -1015.78
3.815 2.35142 2000 -1015.82
3.82 2.35139 2000 -1015.8
3.825 2.35122 2000 -1015.73
3.83 2.35093 2000 -1015.6
3.835 2.35052 2000 -1015.42
3.84 2.35 2000 -1015.2
3.845 2.34936 2000 -1014.92
3.85 2.3486 2000 -1014.59
3.855 2.34773 2000 -1014.22
3.86 2.34675 2000 -1013.79
3.865 2.34565 2000 -1013.32
3.87 2.34443 2000 -1012.8
3.875 2.34309 2000 -1012.22
3.88 2.34163 2000 -1011.58
3.885 2.34006 2000 -1010.91
3.89 2.33838 2000 -1010.18
3.895 2.33659 2000 -1009.4
3.9 2.33469 2000 -1008.59
3.905 2.3327 2000 -1007.73
3.91 2.33064 2000 -1006.84
3.915 2.32847 2000 -1005.9
3.92 2.32621 2000 -1004.92
3.925 2.32385 2000 -1003.9
3.93 2.32139 2000 -1002.84
3.935 2.31883 2000 -1001.73
3.94 2.31618 2000 -1000.59
3.945 2.31345 2000 -999.411
3.95 2.31062 2000 -998.188
3.955 2.30767 2000 -996.915
3.96 2.30461 2000 -995.594
3.965 2.30145 2000 -994.227
3.97 2.29818 2000 -992.816
3.975 2.2948 2000 -991.355
3.98 2.2913 2000 -989.842
3.985 2.28768 2000 -988.278
3.99 2.28394 2000 -986.664
3.995 2.28009 2000 -985
4 2.27611 2000 -983.279
4.005 2.272 2000 -981.502
4.01 2.26777 2000 -979.678
4.015 2.26346 2000 -977.814
4.02 2.25905 2000 -975.908
4.025 2.25452 2000 -973.953
4.03 2.24988 2000 -971.948
4.035 2.24513 2000 -969.895
4.04 2.24027 2000 -967.796
4.045 2.23529 2000 -965.646
4.05 2.2302 2000 -963.446
4.055 2.225 2000 -961.2
4.06 2.2197 2000 -958.911
4.065 2.21431 2000 -956.58
4.07 2.20882 2000 -954.208
4.075 2.20323 2000 -951.797
4.08 2.19755 2000 -949.343
4.085 2.19175 2000 -946.837
4.09 2.18583 2000 -944.281
4.095 2.17981 2000 -941.677
4.1 2.17368 2000 -939.028
4.105 2.16743 2000 -936.332
4.11 2.1611 2000 -933.593
4.115 2.15467 2000 -930.818
4.12 2.14816 2000 -928.003
4.125 2.14154 2000 -925.144
4.13 2.13482 2000 -922.242
4.135 2.12801 2000 -919.3
4.14 2.12112 2000 -916.323
4.145 2.11415 2000 -913.312
4.15 2.1071 2000 -910.265
4.155 2.09996 2000 -907.184
4.16 2.09275 2000 -904.069
4.165 2.08546 2000 -900.919
4.17 2.07809 2000 -897.735
4.175 2.07065 2000 -894.521
4.18 2.06315 2000 -891.281
4.185 2.05559 2000 -888.017
4.19 2.04798 2000 -884.727
4.195 2.0403 2000 -881.408
4.2 2.03253 2000 -878.053
4.205 2.02466 2000 -874.654
4.21 2.01669 2000 -871.211
4.215 2.00864 2000 -867.732
4.22 2.00051 2000 -864.222
4.225 1.99232 2000 -860.681
4.23 1.98406 2000 -857.112
4.235 1.97574 2000 -853.521
4.24 1.96738 2000 -849.91
4.245 1.95897 2000 -846.275
4.25 1.95048 2000 -842.607
4.255 1.94191 2000 -838.904
4.26 1.93325 2000 -835.165
4.265 1.92453 2000 -831.395
4.27 1.91572 2000 -827.592
4.275 1.90683 2000 -823.753
4.28 1.89785 2000 -819.873
4.285 1.88879 2000 -815.957
4.29 1.87965 2000 -812.01
4.295 1.87045 2000 -808.035
4.3 1.86117 2000 -804.027
4.305 1.85181 2000 -799.982
4.31 1.84237 2000 -795.903
4.315 1.83285 2000 -791.79
4.32 1.82325 2000 -787.643
4.325 1.81358 2000 -783.467
4.33 1.80385 2000 -779.262
4.335 1.79403 2000 -775.022
4.34 1.78414 2000 -770.747
4.345 1.77417 2000 -766.443
4.35 1.76415 2000 -762.111
4.355 1.75404 2000 -757.747
4.36 1.74387 2000 -753.351
4.365 1.73363 2000 -748.928
4.37 1.72334 2000 -744.481
4.375 1.71299 2000 -740.012
4.38 1.70259 2000 -735.517
4.385 1.69211 2000 -730.992
4.39 1.68156 2000 -726.432
4.395 1.67092 2000 -721.836
4.4 1.6602 2000 -717.205
4.405 1.64941 2000 -712.544
4.41 1.63855 2000 -707.853
4.415 1.62762 2000 -703.134
4.42 1.61664 2000 -698.387
4.425 1.60559 2000 -693.616
4.43 1.5945 2000 -688.822
4.435 1.58335 2000 -684.009
4.44 1.57215 2000 -679.171
4.445 1.56088 2000 -674.3
4.45 1.54954 2000 -669.399
4.455 1.53815 2000 -664.481
4.46 1.52674 2000 -659.553
4.465 1.51531 2000 -654.613
4.47 1.50383 2000 -649.654
4.475 1.49231 2000 -644.676
4.48 1.48074 2000 -639.68
4.485 1.46914 2000 -634.669
4.49 1.45751 2000 -629.642
4.495 1.44583 2000 -624.6
4.5 1.43411 2000 -619.536
4.505 1.42232 2000 -614.444
4.51 1.41047 2000 -609.323
4.515 1.39855 2000 -604.175
4.52 1.38659 2000 -599.006
4.525 1.37458 2000 -593.82
4.53 1.36254 2000 -588.618
4.535 1.35046 2000 -583.397
4.54 1.33834 2000 -578.165
4.545 1.32622 2000 -572.929
4.55 1.31409 2000 -567.689
4.555 1.30192 2000 -562.431
4.56 1.28969 2000 -557.147
4.565 1.27741 2000 -551.843
4.57 1.26511 2000 -546.527
4.575 1.25278 2000 -541.203
4.58 1.24042 2000 -535.861
4.585 1.228 2000 -530.494
4.59 1.21551 2000 -525.102
4.595 1.20299 2000 -519.69
4.6 1.19042 2000 -514.261
4.605 1.17783 2000 -508.824
4.61 1.16525 2000 -503.388
4.615 1.15268 2000 -497.957
4.62 1.1401 2000 -492.524
4.625 1.12749 2000 -487.076
4.63 1.11483 2000 -481.608
4.635 1.10213 2000 -476.121
4.64 1.0894 2000 -470.623
4.645 1.07665 2000 -465.112
4.65 1.06383 2000 -459.577
4.655 1.05095 2000 -454.012
4.66 1.03802 2000 -448.425
4.665 1.02506 2000 -442.827
4.67 1.01207 2000 -437.215
4.675 0.999036 2000 -431.583
4.68 0.985952 2000 -425.931
4.685 0.972846 2000 -420.27
4.69 0.959739 2000 -414.607
4.695 0.946629 2000 -408.944
4.7 0.933508 2000 -403.275
4.705 0.920368 2000 -397.599
4.71 0.9072 2000 -391.91
4.715 0.894002 2000 -386.209
4.72 0.880789 2000 -380.501
4.725 0.867593 2000 -374.8
4.73 0.85445 2000 -369.122
4.735 0.841357 2000 -363.466
4.74 0.828283 2000 -357.818
4.745 0.815216 2000 -352.173
4.75 0.802163 2000 -346.535
4.755 0.789125 2000 -340.902
4.76 0.776097 2000 -335.274
4.765 0.763087 2000 -329.653
4.77 0.750095 2000 -324.041
4.775 0.737099 2000 -318.427
4.78 0.72408 2000 -312.803
4.785 0.711052 2000 -307.175
4.79 0.698035 2000 -301.551
4.795 0.685025 2000 -295.931
4.8 0.67201 2000 -290.309
4.805 0.659003 2000 -284.689
4.81 0.646021 2000 -279.081
4.815 0.633059 2000 -273.481
4.82 0.620096 2000 -267.882
4.825 0.607132 2000 -262.281
4.83 0.594182 2000 -256.687
4.835 0.58125 2000 -251.1
4.84 0.568335 2000 -245.521
4.845 0.555432 2000 -239.947
4.85 0.542533 2000 -234.374
4.855 0.529642 2000 -228.805
4.86 0.516766 2000 -223.243
4.865 0.503908 2000 -217.688
4.87 0.491067 2000 -212.141
4.875 0.478248 2000 -206.603
4.88 0.465454 2000 -201.076
4.885 0.452673 2000 -195.555
4.89 0.439904 2000 -190.038
4.895 0.427158 2000 -184.532
4.9 0.414435 2000 -179.036
4.905 0.401717 2000 -173.542
4.91 0.389004 2000 -168.05
4.915 0.376334 2000 -162.576
4.92 0.363729 2000 -157.131
4.925 0.351179 2000 -151.709
4.93 0.338666 2000 -146.304
4.935 0.326181 2000 -140.91
4.94 0.313715 2000 -135.525
4.945 0.301256 2000 -130.143
4.95 0.288798 2000 -124.761
4.955 0.276338 2000 -119.378
4.96 0.263881 2000 -113.997
4.965 0.251441 2000 -108.623
4.97 0.239037 2000 -103.264
4.975 0.226677 2000 -97.9244
4.98 0.214361 2000 -92.6041
4.985 0.202093 2000 -87.3041
4.99 0.189879 2000 -82.0277
4.995 0.177715 2000 -76.7731
5 0.165575 2000 -71.5284
5.005 0.153433 2000 -66.2829
5.01 0.141289 2000 -61.0366
5.015 0.129166 2000 -55.7999
5.02 0.117095 2000 -50.5849
5.025 0.105077 2000 -45.3932
5.03 0.0930919 2000 -40.2157
5.035 0.0811244 2000 -35.0457
5.04 0.0691768 2000 -29.8844
5.045 0.057261 2000 -24.7368
5.05 0.0453847 2000 -19.6062
5.055 0.0335399 2000 -14.4892
5.06 0.0217136 2000 -9.38027
5.065 0.00990301 2000 -4.2781
5.07 -0.00187965 2000 0.812011
5.075 -0.0136144 2000 5.8814
5.08 -0.0252924 2000 10.9263
5.085 -0.036922 2000 15.9503
5.09 -0.0485048 2000 20.9541
5.095 -0.0600263 2000 25.9314
5.1 -0.0714814 2000 30.88
5.105 -0.0828841 2000 35.8059
5.11 -0.0942428 2000 40.7129
5.115 -0.105553 2000 45.599
5.12 -0.116821 2000 50.4666
5.125 -0.128056 2000 55.3201
5.13 -0.139243 2000 60.1529
5.135 -0.150349 2000 64.9508
5.14 -0.161361 2000 69.7079
5.145 -0.172296 2000 74.4317
5.15 -0.183176 2000 79.1321
5.155 -0.194007 2000 83.811
5.16 -0.204783 2000 88.4662
5.165 -0.215502 2000 93.0966
5.17 -0.226159 2000 97.7005
5.175 -0.236754 2000 102.278
5.18 -0.247299 2000 106.833
5.185 -0.257791 2000 111.366
5.19 -0.268219 2000 115.871
5.195 -0.278577 2000 120.345
5.2 -0.288866 2000 124.79
5.205 -0.299087 2000 129.205
5.21 -0.309246 2000 133.594
5.215 -0.319347 2000 137.958
5.22 -0.329373 2000 142.289
5.225 -0.33932 2000 146.586
5.23 -0.349209 2000 150.858
5.235 -0.359064 2000 155.116
5.24 -0.368889 2000 159.36
5.245 -0.378689 2000 163.593
5.25 -0.388457 2000 167.814
5.255 -0.398162 2000 172.006
5.26 -0.407768 2000 176.156
5.265 -0.417272 2000 180.261
5.27 -0.426688 2000 184.329
5.275 -0.43602 2000 188.361
5.28 -0.445266 2000 192.355
5.285 -0.454414 2000 196.307
5.29 -0.463464 2000 200.216
5.295 -0.472433 2000 204.091
5.3 -0.481343 2000 207.94
5.305 -0.49019 2000 211.762
5.31 -0.498951 2000 215.547
5.315 -0.507613 2000 219.289
5.32 -0.516173 2000 222.987
5.325 -0.524641 2000 226.645
5.33 -0.533034 2000 230.271
5.335 -0.541358 2000 233.867
5.34 -0.549601 2000 237.428
5.345 -0.557756 2000 240.951
5.35 -0.565828 2000 244.438
5.355 -0.573821 2000 247.891
5.36 -0.581739 2000 251.311
5.365 -0.589588 2000 254.702
5.37 -0.597368 2000 258.063
5.375 -0.605073 2000 261.391
5.38 -0.612687 2000 264.681
5.385 -0.620197 2000 267.925
5.39 -0.627597 2000 271.122
5.395 -0.634901 2000 274.277
5.4 -0.642131 2000 277.401
5.405 -0.649295 2000 280.495
5.41 -0.656384 2000 283.558
5.415 -0.663385 2000 286.582
5.42 -0.670278 2000 289.56
5.425 -0.677047 2000 292.484
5.43 -0.683702 2000 295.359
5.435 -0.690262 2000 298.193
5.44 -0.696735 2000 300.99
5.445 -0.703114 2000 303.745
5.45 -0.709376 2000 306.451
5.455 -0.715505 2000 309.098
5.46 -0.721505 2000 311.69
5.465 -0.727396 2000 314.235
5.47 -0.73319 2000 316.738
5.475 -0.73888 2000 319.196
5.48 -0.744458 2000 321.606
5.485 -0.74993 2000 323.97
5.49 -0.755309 2000 326.294
5.495 -0.760609 2000 328.583
5.5 -0.765837 2000 330.842
5.505 -0.770998 2000 333.071
5.51 -0.776083 2000 335.268
5.515 -0.781087 2000 337.429
5.52 -0.786007 2000 339.555
5.525 -0.790836 2000 341.641
5.53 -0.795571 2000 343.687
5.535 -0.800211 2000 345.691
5.54 -0.804744 2000 347.649
5.545 -0.809153 2000 349.554
5.55 -0.813436 2000 351.405
5.555 -0.817615 2000 353.21
5.56 -0.821706 2000 354.977
5.565 -0.825701 2000 356.703
5.57 -0.829589 2000 358.382
5.575 -0.833376 2000 360.018
5.58 -0.837086 2000 361.621
5.585 -0.840733 2000 363.197
5.59 -0.844314 2000 364.744
5.595 -0.847812 2000 366.255
5.6 -0.851211 2000 367.723
5.605 -0.854505 2000 369.146
5.61 -0.857706 2000 370.529
5.615 -0.860814 2000 371.872
5.62 -0.863821 2000 373.171
5.625 -0.866721 2000 374.424
5.63 -0.869524 2000 375.634
5.635 -0.872234 2000 376.805
5.64 -0.87486 2000 377.939
5.645 -0.877397 2000 379.036
5.65 -0.879825 2000 380.085
5.655 -0.882114 2000 381.073
5.66 -0.88426 2000 382
5.665 -0.886288 2000 382.876
5.67 -0.888222 2000 383.712
5.675 -0.890065 2000 384.508
5.68 -0.891815 2000 385.264
5.685 -0.893469 2000 385.978
5.69 -0.895024 2000 386.651
5.695 -0.896489 2000 387.283
5.7 -0.89787 2000 387.88
5.705 -0.899166 2000 388.44
5.71 -0.900371 2000 388.96
5.715 -0.901477 2000 389.438
5.72 -0.902462 2000 389.863
5.725 -0.903292 2000 390.222
5.73 -0.903955 2000 390.508
5.735 -0.904472 2000 390.732
5.74 -0.90488 2000 390.908
5.745 -0.90519 2000 391.042
5.75 -0.905398 2000 391.132
5.755 -0.905501 2000 391.176
5.76 -0.905506 2000 391.179
5.765 -0.905417 2000 391.14
5.77 -0.905235 2000 391.061
5.775 -0.904956 2000 390.941
5.78 -0.904577 2000 390.777
5.785 -0.904081 2000 390.563
5.79 -0.903467 2000 390.298
5.795 -0.902748 2000 389.987
5.8 -0.90193 2000 389.634
5.805 -0.901012 2000 389.237
5.81 -0.900008 2000 388.803
5.815 -0.898941 2000 388.342
5.82 -0.897817 2000 387.857
5.825 -0.896614 2000 387.337
5.83 -0.895312 2000 386.775
5.835 -0.893908 2000 386.168
5.84 -0.892411 2000 385.522
5.845 -0.890827 2000 384.837
5.85 -0.889144 2000 384.11
5.855 -0.887351 2000 383.336
5.86 -0.885449 2000 382.514
5.865 -0.883453 2000 381.651
5.87 -0.881371 2000 380.752
5.875 -0.879201 2000 379.815
5.88 -0.876934 2000 378.835
5.885 -0.874574 2000 377.816
5.89 -0.872134 2000 376.762
5.895 -0.869626 2000 375.679
5.9 -0.867052 2000 374.566
5.905 -0.8644 2000 373.421
5.91 -0.861666 2000 372.24
5.915 -0.85887 2000 371.032
5.92 -0.856031 2000 369.805
5.925 -0.853139 2000 368.556
5.93 -0.850171 2000 367.274
5.935 -0.847109 2000 365.951
5.94 -0.843954 2000 364.588
5.945 -0.840709 2000 363.186
5.95 -0.837373 2000 361.745
5.955 -0.833946 2000 360.265
5.96 -0.830429 2000 358.745
5.965 -0.826831 2000 357.191
5.97 -0.82317 2000 355.609
5.975 -0.819451 2000 354.003
5.98 -0.815662 2000 352.366
5.985 -0.811786 2000 350.691
5.99 -0.807809 2000 348.974
5.995 -0.80374 2000 347.216
6 -0.799607 2000 345.43
6.005 -0.795434 2000 343.627
6.01 -0.791205 2000 341.801
6.015 -0.786906 2000 339.943
6.02 -0.782537 2000 338.056
6.025 -0.778104 2000 336.141
6.03 -0.773599 2000 334.195
6.035 -0.76902 2000 332.217
6.04 -0.764368 2000 330.207
6.045 -0.759643 2000 328.166
6.05 -0.754863 2000 326.101
6.055 -0.750053 2000 324.023
6.06 -0.745216 2000 321.934
6.065 -0.740331 2000 319.823
6.07 -0.735375 2000 317.682
6.075 -0.730339 2000 315.506
6.08 -0.725228 2000 313.298
6.085 -0.720057 2000 311.064
6.09 -0.714838 2000 308.81
6.095 -0.709575 2000 306.536
6.1 -0.704268 2000 304.244
6.105 -0.698922 2000 301.934
6.11 -0.69353 2000 299.605
6.115 -0.688097 2000 297.258
6.12 -0.682644 2000 294.902
6.125 -0.677187 2000 292.545
6.13 -0.671712 2000 290.18
6.135 -0.66618 2000 287.79
6.14 -0.660571 2000 285.367
6.145 -0.654897 2000 282.916
6.15 -0.649172 2000 280.442
6.155 -0.643398 2000 277.948
6.16 -0.63758 2000 275.434
6.165 -0.631711 2000 272.899
6.17 -0.62577 2000 270.332
6.175 -0.619743 2000 267.729
6.18 -0.613645 2000 265.094
6.185 -0.607493 2000 262.437
6.19 -0.601287 2000 259.756
6.195 -0.595023 2000 257.05
6.2 -0.588711 2000 254.323
6.205 -0.582361 2000 251.58
6.21 -0.575969 2000 248.818
6.215 -0.569526 2000 246.035
6.22 -0.563036 2000 243.231
6.225 -0.556503 2000 240.409
6.23 -0.549927 2000 237.568
6.235 -0.543301 2000 234.706
6.24 -0.536622 2000 231.821
6.245 -0.529895 2000 228.915
6.25 -0.523125 2000 225.99
6.255 -0.516319 2000 223.05
6.26 -0.509482 2000 220.096
6.265 -0.502616 2000 217.13
6.27 -0.495714 2000 214.148
6.275 -0.488772 2000 211.15
6.28 -0.481806 2000 208.14
6.285 -0.474831 2000 205.127
6.29 -0.467842 2000 202.108
6.295 -0.46082 2000 199.074
6.3 -0.453753 2000 196.021
6.305 -0.446638 2000 192.948
6.31 -0.439481 2000 189.856
6.315 -0.432286 2000 186.748
6.32 -0.425054 2000 183.623
6.325 -0.417775 2000 180.479
6.33 -0.410433 2000 177.307
6.335 -0.403024 2000 174.106
6.34 -0.395561 2000 170.882
6.345 -0.388067 2000 167.645
6.35 -0.380564 2000 164.403
6.355 -0.373043 2000 161.155
6.36 -0.365482 2000 157.888
6.365 -0.357889 2000 154.608
6.37 -0.350319 2000 151.338
6.375 -0.342812 2000 148.095
6.38 -0.335352 2000 144.872
6.385 -0.327889 2000 141.648
6.39 -0.320386 2000 138.407
6.395 -0.312838 2000 135.146
6.4 -0.305261 2000 131.873
6.405 -0.297665 2000 128.591
6.41 -0.290049 2000 125.301
6.415 -0.282412 2000 122.002
6.42 -0.274758 2000 118.695
6.425 -0.267094 2000 115.384
6.43 -0.259425 2000 112.071
6.435 -0.251753 2000 108.757
6.44 -0.24408 2000 105.442
6.445 -0.236421 2000 102.134
6.45 -0.228793 2000 98.8385
6.455 -0.221191 2000 95.5545
6.46 -0.213599 2000 92.2747
6.465 -0.20601 2000 88.9964
6.47 -0.198429 2000 85.7213
6.475 -0.190856 2000 82.4499
6.48 -0.183286 2000 79.1795
6.485 -0.175705 2000 75.9046
6.49 -0.168106 2000 72.6218
6.495 -0.1605 2000 69.3361
6.5 -0.152915 2000 66.0593
6.505 -0.145365 2000 62.7975
6.51 -0.137834 2000 59.5444
6.515 -0.130309 2000 56.2936
6.52 -0.122798 2000 53.0489
6.525 -0.115313 2000 49.8151
6.53 -0.107839 2000 46.5863
6.535 -0.100351 2000 43.3516
6.54 -0.0928381 2000 40.106
6.545 -0.0853048 2000 36.8517
6.55 -0.0777658 2000 33.5948
6.555 -0.0702315 2000 30.34
6.56 -0.0626991 2000 27.086
6.565 -0.0551623 2000 23.8301
6.57 -0.0476213 2000 20.5724
6.575 -0.040077 2000 17.3133
6.58 -0.0325227 2000 14.0498
6.585 -0.0249469 2000 10.777
6.59 -0.0173495 2000 7.49498
6.595 -0.00974738 2000 4.21087
6.6 -0.00215924 2000 0.932793
6.605 0.00541441 2000 -2.33902
6.61 0.0129794 2000 -5.60709
6.615 0.0205177 2000 -8.86364
6.62 0.0280086 2000 -12.0997
6.625 0.0354657 2000 -15.3212
6.63 0.042914 2000 -18.5388
6.635 0.0503575 2000 -21.7545
6.64 0.0577898 2000 -24.9652
6.645 0.0652168 2000 -28.1737
6.65 0.0726507 2000 -31.3851
6.655 0.08009 2000 -34.5989
6.66 0.0875242 2000 -37.8105
6.665 0.0949391 2000 -41.0137
6.67 0.102307 2000 -44.1966
6.675 0.109598 2000 -47.3463
6.68 0.116812 2000 -50.4629
6.685 0.123985 2000 -53.5616
6.69 0.131149 2000 -56.6562
6.695 0.138306 2000 -59.7482
6.7 0.145448 2000 -62.8337
6.705 0.152575 2000 -65.9126
6.71 0.159692 2000 -68.9869
6.715 0.166795 2000 -72.0555
6.72 0.173876 2000 -75.1145
6.725 0.180933 2000 -78.1632
6.73 0.187969 2000 -81.2027
6.735 0.194974 2000 -84.2289
6.74 0.201943 2000 -87.2394
6.745 0.208894 2000 -90.242
6.75 0.215847 2000 -93.246
6.755 0.222794 2000 -96.2468
6.76 0.229707 2000 -99.2336
6.765 0.236579 2000 -102.202
6.77 0.243413 2000 -105.155
6.775 0.250223 2000 -108.096
6.78 0.257017 2000 -111.031
6.785 0.263793 2000 -113.958
6.79 0.270544 2000 -116.875
6.795 0.277246 2000 -119.77
6.8 0.283867 2000 -122.631
6.805 0.290399 2000 -125.452
6.81 0.296868 2000 -128.247
6.815 0.303297 2000 -131.024
6.82 0.309685 2000 -133.784
6.825 0.316035 2000 -136.527
6.83 0.322357 2000 -139.258
6.835 0.328651 2000 -141.977
6.84 0.334907 2000 -144.68
6.845 0.341113 2000 -147.361
6.85 0.347271 2000 -150.021
6.855 0.353394 2000 -152.666
6.86 0.35949 2000 -155.3
6.865 0.365559 2000 -157.921
6.87 0.371592 2000 -160.528
6.875 0.377582 2000 -163.115
6.88 0.38352 2000 -165.681
6.885 0.38941 2000 -168.225
6.89 0.395271 2000 -170.757
6.895 0.401101 2000 -173.276
6.9 0.406879 2000 -175.772
6.905 0.412599 2000 -178.243
6.91 0.418272 2000 -180.694
6.915 0.423901 2000 -183.125
6.92 0.429476 2000 -185.534
6.925 0.435001 2000 -187.92
6.93 0.440487 2000 -190.29
6.935 0.445932 2000 -192.643
6.94 0.451313 2000 -194.967
6.945 0.456617 2000 -197.258
6.95 0.461859 2000 -199.523
6.955 0.467067 2000 -201.773
6.96 0.472252 2000 -204.013
6.965 0.477405 2000 -206.239
6.97 0.482511 2000 -208.445
6.975 0.487556 2000 -210.624
6.98 0.492532 2000 -212.774
6.985 0.497448 2000 -214.897
6.99 0.502327 2000 -217.005
6.995 0.507171 2000 -219.098
7 0.511941 2000 -221.159
7.005 0.516599 2000 -223.171
7.01 0.52115 2000 -225.137
7.015 0.525622 2000 -227.069
7.02 0.530031 2000 -228.974
7.025 0.534368 2000 -230.847
7.03 0.538614 2000 -232.681
7.035 0.542759 2000 -234.472
7.04 0.546805 2000 -236.22
7.045 0.550773 2000 -237.934
7.05 0.554676 2000 -239.62
7.055 0.558521 2000 -241.281
7.06 0.562307 2000 -242.917
7.065 0.566022 2000 -244.522
7.07 0.569647 2000 -246.087
7.075 0.573168 2000 -247.609
7.08 0.57659 2000 -249.087
7.085 0.579926 2000 -250.528
7.09 0.583193 2000 -251.939
7.095 0.586397 2000 -253.323
7.1 0.58953 2000 -254.677
7.105 0.592591 2000 -255.999
7.11 0.595583 2000 -257.292
7.115 0.598511 2000 -258.557
7.12 0.601375 2000 -259.794
7.125 0.604166 2000 -261
7.13 0.606879 2000 -262.172
7.135 0.609513 2000 -263.31
7.14 0.612064 2000 -264.412
7.145 0.614536 2000 -265.479
7.15 0.616955 2000 -266.525
7.155 0.619348 2000 -267.558
7.16 0.621701 2000 -268.575
7.165 0.623977 2000 -269.558
7.17 0.626171 2000 -270.506
7.175 0.628302 2000 -271.427
7.18 0.63038 2000 -272.324
7.185 0.632394 2000 -273.194
7.19 0.634328 2000 -274.03
7.195 0.636174 2000 -274.827
7.2 0.637942 2000 -275.591
7.205 0.639636 2000 -276.323
7.21 0.641245 2000 -277.018
7.215 0.642772 2000 -277.677
7.22 0.644241 2000 -278.312
7.225 0.645666 2000 -278.928
7.23 0.647033 2000 -279.518
7.235 0.648326 2000 -280.077
7.24 0.649551 2000 -280.606
7.245 0.650715 2000 -281.109
7.25 0.651805 2000 -281.58
7.255 0.652811 2000 -282.014
7.26 0.65374 2000 -282.416
7.265 0.654611 2000 -282.792
7.27 0.655421 2000 -283.142
7.275 0.65615 2000 -283.457
7.28 0.656789 2000 -283.733
7.285 0.657339 2000 -283.97
7.29 0.657806 2000 -284.172
7.295 0.658204 2000 -284.344
7.3 0.65854 2000 -284.489
7.305 0.658812 2000 -284.607
7.31 0.659015 2000 -284.695
7.315 0.659145 2000 -284.75
7.32 0.659186 2000 -284.768
7.325 0.659126 2000 -284.743
7.33 0.658968 2000 -284.674
7.335 0.658727 2000 -284.57
7.34 0.658412 2000 -284.434
7.345 0.658019 2000 -284.264
7.35 0.657534 2000 -284.055
7.355 0.656951 2000 -283.803
7.36 0.656282 2000 -283.514
7.365 0.655549 2000 -283.197
7.37 0.654756 2000 -282.855
7.375 0.653899 2000 -282.484
7.38 0.652972 2000 -282.084
7.385 0.65197 2000 -281.651
7.39 0.65089 2000 -281.184
7.395 0.649738 2000 -280.687
7.4 0.648508 2000 -280.156
7.405 0.647177 2000 -279.581
7.41 0.645732 2000 -278.956
7.415 0.644192 2000 -278.291
7.42 0.64258 2000 -277.594
7.425 0.640893 2000 -276.866
7.43 0.639114 2000 -276.097
7.435 0.637224 2000 -275.281
7.44 0.635218 2000 -274.414
7.445 0.633112 2000 -273.504
7.45 0.630941 2000 -272.567
7.455 0.628731 2000 -271.612
7.46 0.626474 2000 -270.637
7.465 0.624142 2000 -269.629
7.47 0.621708 2000 -268.578
7.475 0.619171 2000 -267.482
7.48 0.616551 2000 -266.35
7.485 0.613863 2000 -265.189
7.49 0.611098 2000 -263.994
7.495 0.608247 2000 -262.763
7.5 0.605314 2000 -261.495
7.505 0.602311 2000 -260.198
7.51 0.59925 2000 -258.876
7.515 0.596126 2000 -257.527
7.52 0.592915 2000 -256.139
7.525 0.589605 2000 -254.709
7.53 0.586216 2000 -253.245
7.535 0.582764 2000 -251.754
7.54 0.579247 2000 -250.235
7.545 0.575646 2000 -248.679
7.55 0.571951 2000 -247.083
7.555 0.568164 2000 -245.447
7.56 0.564302 2000 -243.778
7.565 0.56037 2000 -242.08
7.57 0.556363 2000 -240.349
7.575 0.552283 2000 -238.586
7.58 0.548126 2000 -236.79
7.585 0.543873 2000 -234.953
7.59 0.539518 2000 -233.072
7.595 0.535061 2000 -231.146
7.6 0.530505 2000 -229.178
7.605 0.525861 2000 -227.172
7.61 0.521155 2000 -225.139
7.615 0.51641 2000 -223.089
7.62 0.511622 2000 -221.021
7.625 0.506759 2000 -218.92
7.63 0.501795 2000 -216.775
7.635 0.496736 2000 -214.59
7.64 0.491608 2000 -212.375
7.645 0.486427 2000 -210.136
7.65 0.481185 2000 -207.872
7.655 0.475871 2000 -205.576
7.66 0.470477 2000 -203.246
7.665 0.465005 2000 -200.882
7.67 0.45946 2000 -198.487
7.675 0.45385 2000 -196.063
7.68 0.448192 2000 -193.619
7.685 0.442501 2000 -191.16
7.69 0.436775 2000 -188.687
7.695 0.430991 2000 -186.188
7.7 0.425138 2000 -183.66
7.705 0.419229 2000 -181.107
7.71 0.413283 2000 -178.538
7.715 0.407288 2000 -175.948
7.72 0.401213 2000 -173.324
7.725 0.395073 2000 -170.672
7.73 0.388909 2000 -168.009
7.735 0.382718 2000 -165.334
7.74 0.376463 2000 -162.632
7.745 0.370146 2000 -159.903
7.75 0.363798 2000 -157.161
7.755 0.357427 2000 -154.408
7.76 0.351011 2000 -151.637
7.765 0.344539 2000 -148.841
7.77 0.338017 2000 -146.024
7.775 0.33146 2000 -143.191
7.78 0.324871 2000 -140.344
7.785 0.31825 2000 -137.484
7.79 0.311592 2000 -134.608
7.795 0.304891 2000 -131.713
7.8 0.298147 2000 -128.8
7.805 0.291365 2000 -125.869
7.81 0.284521 2000 -122.913
7.815 0.277583 2000 -119.916
7.82 0.270553 2000 -116.879
7.825 0.263464 2000 -113.817
7.83 0.256339 2000 -110.738
7.835 0.24916 2000 -107.637
7.84 0.241906 2000 -104.503
7.845 0.234575 2000 -101.336
7.85 0.227176 2000 -98.1401
7.855 0.219724 2000 -94.9208
7.86 0.212232 2000 -91.6844
7.865 0.204702 2000 -88.4315
7.87 0.197123 2000 -85.1573
7.875 0.18949 2000 -81.8598
7.88 0.181815 2000 -78.5439
7.885 0.17411 2000 -75.2156
7.89 0.16638 2000 -71.8763
7.895 0.158623 2000 -68.5251
7.9 0.15084 2000 -65.1629
7.905 0.14304 2000 -61.7932
7.91 0.135228 2000 -58.4186
7.915 0.127392 2000 -55.0333
7.92 0.119505 2000 -51.6263
7.925 0.111559 2000 -48.1933
7.93 0.10357 2000 -44.7424
7.935 0.0955647 2000 -41.284
7.94 0.0875462 2000 -37.82
7.945 0.0795039 2000 -34.3457
7.95 0.0714278 2000 -30.8568
7.955 0.0633115 2000 -27.3506
7.96 0.0551538 2000 -23.8265
7.965 0.0469647 2000 -20.2888
7.97 0.0387585 2000 -16.7437
7.975 0.0305455 2000 -13.1957
7.98 0.0223294 2000 -9.64629
7.985 0.0141051 2000 -6.09341
7.99 0.00586397 2000 -2.53324
7.995 -0.00240432 2000 1.03867
8 -0.0107161 2000 4.62934
8.005 -0.0190804 2000 8.24274
8.01 -0.0274807 2000 11.8717
8.015 -0.0358962 2000 15.5072
8.02 -0.0443329 2000 19.1518
8.025 -0.052809 2000 22.8135
8.03 -0.0613266 2000 26.4931
8.035 -0.0698728 2000 30.185
8.04 -0.0784382 2000 33.8853
8.045 -0.0870221 2000 37.5935
8.05 -0.0956234 2000 41.3093
8.055 -0.104236 2000 45.0299
8.06 -0.112853 2000 48.7524
8.065 -0.121471 2000 52.4755
8.07 -0.13009 2000 56.199
8.075 -0.138712 2000 59.9235
8.08 -0.147342 2000 63.6519
8.085 -0.155982 2000 67.3843
8.09 -0.16462 2000 71.116
8.095 -0.173255 2000 74.8461
8.1 -0.181905 2000 78.5829
8.105 -0.190588 2000 82.3338
8.11 -0.199298 2000 86.0968
8.115 -0.208017 2000 89.8631
8.12 -0.216718 2000 93.6222
8.125 -0.225386 2000 97.3667
8.13 -0.234025 2000 101.099
8.135 -0.242646 2000 104.823
8.14 -0.251256 2000 108.543
8.145 -0.259862 2000 112.26
8.15 -0.268471 2000 115.98
8.155 -0.277084 2000 119.7
8.16 -0.285692 2000 123.419
8.165 -0.29428 2000 127.129
8.17 -0.302841 2000 130.827
8.175 -0.311392 2000 134.521
8.18 -0.319962 2000 138.224
8.185 -0.328558 2000 141.937
8.19 -0.337155 2000 145.651
8.195 -0.345734 2000 149.357
8.2 -0.354303 2000 153.059
8.205 -0.362872 2000 156.761
8.21 -0.37145 2000 160.466
8.215 -0.380045 2000 164.179
8.22 -0.38865 2000 167.897
8.225 -0.397238 2000 171.607
8.23 -0.40579 2000 175.301
8.235 -0.414307 2000 178.98
8.24 -0.4228 2000 182.65
8.245 -0.431282 2000 186.314
8.25 -0.439755 2000 189.974
8.255 -0.448214 2000 193.629
8.26 -0.456654 2000 197.275
8.265 -0.465076 2000 200.913
8.27 -0.473489 2000 204.547
8.275 -0.481894 2000 208.178
8.28 -0.49028 2000 211.801
8.285 -0.49863 2000 215.408
8.29 -0.506947 2000 219.001
8.295 -0.515259 2000 222.592
8.3 -0.523589 2000 226.191
8.305 -0.531923 2000 229.791
8.31 -0.54023 2000 233.379
8.315 -0.548497 2000 236.951
8.32 -0.556731 2000 240.508
8.325 -0.564939 2000 244.054
8.33 -0.573122 2000 247.589
8.335 -0.581267 2000 251.108
8.34 -0.589367 2000 254.606
8.345 -0.597419 2000 258.085
8.35 -0.605422 2000 261.542
8.355 -0.613378 2000 264.979
8.36 -0.621302 2000 268.402
8.365 -0.629206 2000 271.817
8.37 -0.637085 2000 275.221
8.375 -0.644931 2000 278.61
8.38 -0.652744 2000 281.985
8.385 -0.66053 2000 285.349
8.39 -0.668291 2000 288.702
8.395 -0.676026 2000 292.043
8.4 -0.683739 2000 295.375
8.405 -0.691453 2000 298.708
8.41 -0.699177 2000 302.044
8.415 -0.706896 2000 305.379
8.42 -0.714588 2000 308.702
8.425 -0.722237 2000 312.006
8.43 -0.729837 2000 315.29
8.435 -0.737386 2000 318.551
8.44 -0.744887 2000 321.791
8.445 -0.75235 2000 325.015
8.45 -0.759785 2000 328.227
8.455 -0.76719 2000 331.426
8.46 -0.774564 2000 334.612
8.465 -0.781908 2000 337.784
8.47 -0.789225 2000 340.945
8.475 -0.796515 2000 344.095
8.48 -0.803784 2000 347.235
8.485 -0.811033 2000 350.366
8.49 -0.818262 2000 353.489
8.495 -0.825475 2000 356.605
8.5 -0.832672 2000 359.714
8.505 -0.83984 2000 362.811
8.51 -0.846971 2000 365.891
8.515 -0.854059 2000 368.954
8.52 -0.861093 2000 371.992
8.525 -0.868067 2000 375.005
8.53 -0.875003 2000 378.001
8.535 -0.881925 2000 380.992
8.54 -0.888832 2000 383.975
8.545 -0.8957 2000 386.942
8.55 -0.902506 2000 389.883
8.555 -0.909241 2000 392.792
8.56 -0.915913 2000 395.674
8.565 -0.922544 2000 398.539
8.57 -0.929156 2000 401.395
8.575 -0.935762 2000 404.249
8.58 -0.942366 2000 407.102
8.585 -0.948957 2000 409.949
8.59 -0.955521 2000 412.785
8.595 -0.962044 2000 415.603
8.6 -0.968522 2000 418.402
8.605 -0.974965 2000 421.185
8.61 -0.981378 2000 423.955
8.615 -0.98775 2000 426.708
8.62 -0.994066 2000 429.437
8.625 -1.00032 2000 432.138
8.63 -1.0065 2000 434.807
8.635 -1.0126 2000 437.445
8.64 -1.01864 2000 440.054
8.645 -1.02462 2000 442.636
8.65 -1.03053 2000 445.188
8.655 -1.03637 2000 447.71
8.66 -1.04213 2000 450.2
8.665 -1.04781 2000 452.656
8.67 -1.05342 2000 455.079
8.675 -1.05897 2000 457.473
8.68 -1.06444 2000 459.837
8.685 -1.06982 2000 462.164
8.69 -1.07512 2000 464.452
8.695 -1.08034 2000 466.706
8.7 -1.08549 2000 468.933
8.705 -1.09059 2000 471.135
8.71 -1.09563 2000 473.311
8.715 -1.10062 2000 475.466
8.72 -1.10555 2000 477.597
8.725 -1.1104 2000 479.693
8.73 -1.11514 2000 481.742
8.735 -1.11978 2000 483.744
8.74 -1.12433 2000 485.71
8.745 -1.12881 2000 487.646
8.75 -1.13322 2000 489.551
8.755 -1.13755 2000 491.42
8.76 -1.14178 2000 493.248
8.765 -1.14591 2000 495.035
8.77 -1.14997 2000 496.785
8.775 -1.15395 2000 498.506
8.78 -1.15788 2000 500.203
8.785 -1.16175 2000 501.874
8.79 -1.16554 2000 503.512
8.795 -1.16925 2000 505.118
8.8 -1.17292 2000 506.7
8.805 -1.17653 2000 508.263
8.81 -1.18009 2000 509.801
8.815 -1.18358 2000 511.308
8.82 -1.187 2000 512.783
8.825 -1.19034 2000 514.226
8.83 -1.1936 2000 515.633
8.835 -1.19677 2000 517.003
8.84 -1.19985 2000 518.337
8.845 -1.20287 2000 519.64
8.85 -1.20582 2000 520.913
8.855 -1.2087 2000 522.158
8.86 -1.21151 2000 523.372
8.865 -1.21424 2000 524.552
8.87 -1.21688 2000 525.694
8.875 -1.21944 2000 526.799
8.88 -1.22191 2000 527.864
8.885 -1.22427 2000 528.887
8.89 -1.22653 2000 529.861
8.895 -1.22867 2000 530.787
8.9 -1.23073 2000 531.677
8.905 -1.23274 2000 532.542
8.91 -1.23467 2000 533.377
8.915 -1.2365 2000 534.17
8.92 -1.23823 2000 534.917
8.925 -1.23987 2000 535.624
8.93 -1.24143 2000 536.296
8.935 -1.2429 2000 536.932
8.94 -1.24428 2000 537.527
8.945 -1.24555 2000 538.079
8.95 -1.24673 2000 538.585
8.955 -1.24781 2000 539.052
8.96 -1.2488 2000 539.483
8.965 -1.24971 2000 539.876
8.97 -1.25054 2000 540.231
8.975 -1.25128 2000 540.551
8.98 -1.25193 2000 540.834
8.985 -1.25248 2000 541.073
8.99 -1.25294 2000 541.269
8.995 -1.25331 2000 541.432
9 -1.25364 2000 541.573
9.005 -1.25392 2000 541.691
9.01 -1.25412 2000 541.78
9.015 -1.25424 2000 541.832
9.02 -1.25427 2000 541.847
9.025 -1.25422 2000 541.825
9.03 -1.25409 2000 541.766
9.035 -1.25387 2000 541.673
9.04 -1.25357 2000 541.541
9.045 -1.25315 2000 541.362
9.05 -1.25262 2000 541.133
9.055 -1.25201 2000 540.867
9.06 -1.25134 2000 540.578
9.065 -1.25061 2000 540.264
9.07 -1.2498 2000 539.915
9.075 -1.2489 2000 539.527
9.08 -1.24792 2000 539.103
9.085 -1.24686 2000 538.644
9.09 -1.2457 2000 538.144
9.095 -1.24443 2000 537.594
9.1 -1.24303 2000 536.988
9.105 -1.24152 2000 536.337
9.11 -1.23994 2000 535.653
9.115 -1.23828 2000 534.935
9.12 -1.23652 2000 534.179
9.125 -1.23469 2000 533.385
9.13 -1.23277 2000 532.556
9.135 -1.23077 2000 531.691
9.14 -1.22867 2000 530.784
9.145 -1.22646 2000 529.832
9.15 -1.22415 2000 528.834
9.155 -1.22174 2000 527.792
9.16 -1.21924 2000 526.711
9.165 -1.21667 2000 525.601
9.17 -1.21404 2000 524.467
9.175 -1.21136 2000 523.307
9.18 -1.20861 2000 522.118
9.185 -1.20578 2000 520.899
9.19 -1.2029 2000 519.655
9.195 -1.19998 2000 518.391
9.2 -1.197 2000 517.105
9.205 -1.19396 2000 515.791
9.21 -1.19085 2000 514.448
9.215 -1.18769 2000 513.083
9.22 -1.18449 2000 511.701
9.225 -1.18123 2000 510.292
9.23 -1.17789 2000 508.849
9.235 -1.17448 2000 507.374
9.24 -1.171 2000 505.872
9.245 -1.16746 2000 504.343
9.25 -1.16384 2000 502.779
9.255 -1.16012 2000 501.171
9.26 -1.15629 2000 499.516
9.265 -1.15237 2000 497.822
9.27 -1.14839 2000 496.105
9.275 -1.14437 2000 494.367
9.28 -1.14028 2000 492.6
9.285 -1.13611 2000 490.801
9.29 -1.13188 2000 488.973
9.295 -1.12759 2000 487.117
9.3 -1.12323 2000 485.234
9.305 -1.11881 2000 483.326
9.31 -1.11434 2000 481.395
9.315 -1.1098 2000 479.435
9.32 -1.10519 2000 477.442
9.325 -1.1005 2000 475.416
9.33 -1.09574 2000 473.359
9.335 -1.09092 2000 471.276
9.34 -1.08605 2000 469.173
9.345 -1.08115 2000 467.057
9.35 -1.07622 2000 464.925
9.355 -1.07123 2000 462.771
9.36 -1.06618 2000 460.592
9.365 -1.06108 2000 458.388
9.37 -1.05594 2000 456.165
9.375 -1.05075 2000 453.923
9.38 -1.04552 2000 451.664
9.385 -1.04024 2000 449.384
9.39 -1.03491 2000 447.079
9.395 -1.02951 2000 444.749
9.4 -1.02406 2000 442.396
9.405 -1.01856 2000 440.016
9.41 -1.01298 2000 437.607
9.415 -1.00734 2000 435.171
9.42 -1.00165 2000 432.714
9.425 -0.995908 2000 430.232
9.43 -0.990109 2000 427.727
9.435 -0.984259 2000 425.2
9.44 -0.978354 2000 422.649
9.445 -0.97239 2000 420.073
9.45 -0.966364 2000 417.469
9.455 -0.960268 2000 414.836
9.46 -0.954103 2000 412.173
9.465 -0.947881 2000 409.485
9.47 -0.941599 2000 406.771
9.475 -0.935241 2000 404.024
9.48 -0.928807 2000 401.245
9.485 -0.922314 2000 398.44
9.49 -0.915768 2000 395.612
9.495 -0.909171 2000 392.762
9.5 -0.902526 2000 389.891
9.505 -0.89582 2000 386.994
9.51 -0.889027 2000 384.06
9.515 -0.88214 2000 381.085
9.52 -0.875183 2000 378.079
9.525 -0.868175 2000 375.052
9.53 -0.861115 2000 372.002
9.535 -0.853996 2000 368.926
9.54 -0.846823 2000 365.827
9.545 -0.839602 2000 362.708
9.55 -0.832332 2000 359.567
9.555 -0.825004 2000 356.402
9.56 -0.817608 2000 353.206
9.565 -0.810145 2000 349.983
9.57 -0.802636 2000 346.739
9.575 -0.795093 2000 343.48
9.58 -0.7875 2000 340.2
9.585 -0.779839 2000 336.89
9.59 -0.772131 2000 333.561
9.595 -0.764411 2000 330.226
9.6 -0.756682 2000 326.887
9.605 -0.74893 2000 323.538
9.61 -0.741145 2000 320.174
9.615 -0.733329 2000 316.798
9.62 -0.725491 2000 313.412
9.625 -0.717632 2000 310.017
9.63 -0.709749 2000 306.611
9.635 -0.70183 2000 303.191
9.64 -0.693869 2000 299.751
9.645 -0.685865 2000 296.294
9.65 -0.677814 2000 292.816
9.655 -0.669714 2000 289.316
9.66 -0.661574 2000 285.8
9.665 -0.653412 2000 282.274
9.67 -0.645239 2000 278.743
9.675 -0.63705 2000 275.206
9.68 -0.628828 2000 271.654
9.685 -0.620555 2000 268.08
9.69 -0.61223 2000 264.483
9.695 -0.603873 2000 260.873
9.7 -0.595522 2000 257.265
9.705 -0.587199 2000 253.67
9.71 -0.578901 2000 250.085
9.715 -0.570604 2000 246.501
9.72 -0.562276 2000 242.903
9.725 -0.553894 2000 239.282
9.73 -0.545466 2000 235.641
9.735 -0.537006 2000 231.986
9.74 -0.528513 2000 228.318
9.745 -0.519977 2000 224.63
9.75 -0.511391 2000 220.921
9.755 -0.502763 2000 217.194
9.76 -0.494113 2000 213.457
9.765 -0.485455 2000 209.717
9.77 -0.476775 2000 205.967
9.775 -0.468056 2000 202.2
9.78 -0.459308 2000 198.421
9.785 -0.450551 2000 194.638
9.79 -0.441788 2000 190.852
9.795 -0.433007 2000 187.059
9.8 -0.424201 2000 183.255
9.805 -0.41537 2000 179.44
9.81 -0.406515 2000 175.615
9.815 -0.397638 2000 171.779
9.82 -0.388745 2000 167.938
9.825 -0.379851 2000 164.096
9.83 -0.370962 2000 160.256
9.835 -0.362074 2000 156.416
9.84 -0.353179 2000 152.574
9.845 -0.344273 2000 148.726
9.85 -0.335357 2000 144.874
9.855 -0.326441 2000 141.023
9.86 -0.317523 2000 137.17
9.865 -0.308599 2000 133.315
9.87 -0.29967 2000 129.457
9.875 -0.290732 2000 125.596
9.88 -0.281784 2000 121.731
9.885 -0.272838 2000 117.866
9.89 -0.263902 2000 114.006
9.895 -0.254968 2000 110.146
9.9 -0.246027 2000 106.284
9.905 -0.237097 2000 102.426
9.91 -0.228199 2000 98.5818
9.915 -0.219335 2000 94.7526
9.92 -0.210501 2000 90.9364
9.925 -0.201694 2000 87.132
9.93 -0.192907 2000 83.336
9.935 -0.184134 2000 79.5461
9.94 -0.17538 2000 75.7643
9.945 -0.166643 2000 71.9899
9.95 -0.157916 2000 68.2197
9.955 -0.149207 2000 64.4573
9.96 -0.140523 2000 60.706
9.965 -0.131853 2000 56.9604
9.97 -0.123184 2000 53.2156
9.975 -0.114529 2000 49.4763
9.98 -0.105905 2000 45.7511
9.985 -0.0973164 2000 42.0407
9.99 -0.0887495 2000 38.3398
9.995 -0.080201 2000 34.6468
10 -0.071682 2000 30.9666
10.005 -0.0631964 2000 27.3008
10.01 -0.0547318 2000 23.6441
10.015 -0.0462813 2000 19.9935
10.02 -0.0378531 2000 16.3526
10.025 -0.0294589 2000 12.7262
10.03 -0.0211072 2000 9.11829
10.035 -0.0128024 2000 5.53066
10.04 -0.00453956 2000 1.96109
10.045 0.00369489 2000 -1.59619
10.05 0.0119113 2000 -5.14568
10.055 0.0201094 2000 -8.68724
10.06 0.0282871 2000 -12.22
10.065 0.0364505 2000 -15.7466
10.07 0.0446049 2000 -19.2693
10.075 0.0527522 2000 -22.7889
10.08 0.0608915 2000 -26.3051
10.085 0.0690041 2000 -29.8098
10.09 0.0770586 2000 -33.2893
10.095 0.0850478 2000 -36.7406
10.1 0.0929953 2000 -40.1739
10.105 0.100926 2000 -43.5998
10.11 0.108849 2000 -47.023
10.115 0.116766 2000 -50.4431
10.12 0.124663 2000 -53.8546
10.125 0.132527 2000 -57.2519
10.13 0.140367 2000 -60.6386
10.135 0.148208 2000 -64.0259
10.14 0.156055 2000 -67.4157
10.145 0.163876 2000 -70.7943
10.15 0.171638 2000 -74.1475
10.155 0.17934 2000 -77.475
10.16 0.186998 2000 -80.7831
10.165 0.194619 2000 -84.0756
10.17 0.202204 2000 -87.3523
10.175 0.209747 2000 -90.6109
10.18 0.217239 2000 -93.8474
10.185 0.224673 2000 -97.0589
10.19 0.232043 2000 -100.242
10.195 0.23934 2000 -103.395
10.2 0.24657 2000 -106.518
10.205 0.253749 2000 -109.62
10.21 0.260893 2000 -112.706
10.215 0.268007 2000 -115.779
10.22 0.275092 2000 -118.84
10.225 0.282144 2000 -121.886
10.23 0.289152 2000 -124.914
10.235 0.296103 2000 -127.917
10.24 0.302992 2000 -130.893
10.245 0.309829 2000 -133.846
10.25 0.316634 2000 -136.786
10.255 0.323425 2000 -139.72
10.26 0.330184 2000 -142.64
10.265 0.33687 2000 -145.528
10.27 0.343471 2000 -148.379
10.275 0.350013 2000 -151.205
10.28 0.356523 2000 -154.018
10.285 0.363004 2000 -156.818
10.29 0.369442 2000 -159.599
10.295 0.37583 2000 -162.358
10.3 0.382163 2000 -165.094
10.305 0.388429 2000 -167.802
10.31 0.394627 2000 -170.479
10.315 0.40077 2000 -173.133
10.32 0.406879 2000 -175.772
10.325 0.412952 2000 -178.395
10.33 0.418979 2000 -180.999
10.335 0.424961 2000 -183.583
10.34 0.430895 2000 -186.147
10.345 0.436767 2000 -188.684
10.35 0.442569 2000 -191.19
10.355 0.448316 2000 -193.672
10.36 0.454025 2000 -196.139
10.365 0.4597 2000 -198.59
10.37 0.465327 2000 -201.021
10.375 0.470892 2000 -203.425
10.38 0.47639 2000 -205.8
10.385 0.481821 2000 -208.146
10.39 0.487188 2000 -210.465
10.395 0.492494 2000 -212.758
10.4 0.497726 2000 -215.018
10.405 0.502864 2000 -217.237
10.41 0.507902 2000 -219.414
10.415 0.512852 2000 -221.552
10.42 0.517733 2000 -223.66
10.425 0.522551 2000 -225.742
10.43 0.527307 2000 -227.797
10.435 0.532003 2000 -229.825
10.44 0.536641 2000 -231.829
10.445 0.541212 2000 -233.804
10.45 0.545704 2000 -235.744
10.455 0.550121 2000 -237.652
10.46 0.554475 2000 -239.533
10.465 0.558763 2000 -241.386
10.47 0.562979 2000 -243.207
10.475 0.567137 2000 -245.003
10.48 0.57125 2000 -246.78
10.485 0.575312 2000 -248.535
10.49 0.579315 2000 -250.264
10.495 0.583261 2000 -251.969
10.5 0.587149 2000 -253.648
10.505 0.590971 2000 -255.299
10.51 0.594725 2000 -256.921
10.515 0.598408 2000 -258.512
10.52 0.602006 2000 -260.066
10.525 0.605511 2000 -261.581
10.53 0.608927 2000 -263.056
10.535 0.612259 2000 -264.496
10.54 0.615507 2000 -265.899
10.545 0.618673 2000 -267.267
10.55 0.621752 2000 -268.597
10.555 0.624736 2000 -269.886
10.56 0.627628 2000 -271.135
10.565 0.630442 2000 -272.351
10.57 0.633184 2000 -273.536
10.575 0.635863 2000 -274.693
10.58 0.638476 2000 -275.822
10.585 0.641021 2000 -276.921
10.59 0.6435 2000 -277.992
10.595 0.645912 2000 -279.034
10.6 0.648237 2000 -280.038
10.605 0.650453 2000 -280.996
10.61 0.65257 2000 -281.91
10.615 0.654614 2000 -282.793
10.62 0.656589 2000 -283.646
10.625 0.658487 2000 -284.466
10.63 0.660303 2000 -285.251
10.635 0.662039 2000 -286.001
10.64 0.663698 2000 -286.718
10.645 0.665282 2000 -287.402
10.65 0.666794 2000 -288.055
10.655 0.668236 2000 -288.678
10.66 0.669605 2000 -289.27
10.665 0.670898 2000 -289.828
10.67 0.672116 2000 -290.354
10.675 0.673267 2000 -290.851
10.68 0.674352 2000 -291.32
10.685 0.67537 2000 -291.76
10.69 0.676325 2000 -292.172
10.695 0.677217 2000 -292.558
10.7 0.678034 2000 -292.911
10.705 0.678765 2000 -293.227
10.71 0.679419 2000 -293.509
10.715 0.680008 2000 -293.763
10.72 0.68056 2000 -294.002
10.725 0.681113 2000 -294.241
10.73 0.681663 2000 -294.478
10.735 0.682158 2000 -294.692
10.74 0.682562 2000 -294.867
10.745 0.682884 2000 -295.006
10.75 0.683147 2000 -295.119
10.755 0.683356 2000 -295.21
10.76 0.683515 2000 -295.278
10.765 0.683629 2000 -295.328
10.77 0.683701 2000 -295.359
10.775 0.683728 2000 -295.371
10.78 0.683704 2000 -295.36
10.785 0.683627 2000 -295.327
10.79 0.683501 2000 -295.272
10.795 0.68332 2000 -295.194
10.8 0.683063 2000 -295.083
10.805 0.682722 2000 -294.936
10.81 0.682325 2000 -294.764
10.815 0.681892 2000 -294.577
10.82 0.681411 2000 -294.37
10.825 0.680867 2000 -294.135
10.83 0.680273 2000 -293.878
10.835 0.679645 2000 -293.607
10.84 0.67897 2000 -293.315
10.845 0.678232 2000 -292.996
10.85 0.677428 2000 -292.649
10.855 0.676561 2000 -292.274
10.86 0.675636 2000 -291.875
10.865 0.674662 2000 -291.454
10.87 0.673639 2000 -291.012
10.875 0.672565 2000 -290.548
10.88 0.671427 2000 -290.057
10.885 0.670216 2000 -289.533
10.89 0.668934 2000 -288.98
10.895 0.667597 2000 -288.402
10.9 0.666211 2000 -287.803
10.905 0.664768 2000 -287.18
10.91 0.663267 2000 -286.531
10.915 0.661711 2000 -285.859
10.92 0.660089 2000 -285.158
10.925 0.658376 2000 -284.419
10.93 0.656558 2000 -283.633
10.935 0.654641 2000 -282.805
10.94 0.652646 2000 -281.943
10.945 0.650594 2000 -281.056
10.95 0.648491 2000 -280.148
10.955 0.646331 2000 -279.215
10.96 0.644092 2000 -278.248
10.965 0.641766 2000 -277.243
10.97 0.639363 2000 -276.205
10.975 0.636902 2000 -275.142
10.98 0.634393 2000 -274.058
10.985 0.631835 2000 -272.953
10.99 0.629225 2000 -271.825
10.995 0.626545 2000 -270.667
11 0.623758 2000 -269.463
11.005 0.620836 2000 -268.201
11.01 0.617805 2000 -266.892
11.015 0.61471 2000 -265.555
11.02 0.611571 2000 -264.199
11.025 0.60838 2000 -262.82
11.03 0.605131 2000 -261.416
11.035 0.601821 2000 -259.987
11.04 0.59846 2000 -258.535
11.045 0.595063 2000 -257.067
11.05 0.591634 2000 -255.586
11.055 0.588157 2000 -254.084
11.06 0.584624 2000 -252.558
11.065 0.581034 2000 -251.007
11.07 0.57738 2000 -249.428
11.075 0.57365 2000 -247.817
11.08 0.569848 2000 -246.175
11.085 0.565991 2000 -244.508
11.09 0.562083 2000 -242.82
11.095 0.558109 2000 -241.103
11.1 0.554064 2000 -239.356
11.105 0.549973 2000 -237.588
11.11 0.545853 2000 -235.808
11.115 0.541686 2000 -234.009
11.12 0.537445 2000 -232.176
11.125 0.533127 2000 -230.311
11.13 0.528754 2000 -228.422
11.135 0.524332 2000 -226.511
11.14 0.519841 2000 -224.571
11.145 0.515267 2000 -222.595
11.15 0.510612 2000 -220.584
11.155 0.505893 2000 -218.546
11.16 0.501128 2000 -216.487
11.165 0.496322 2000 -214.411
11.17 0.491481 2000 -212.32
11.175 0.486609 2000 -210.215
11.18 0.481719 2000 -208.103
11.185 0.476813 2000 -205.983
11.19 0.471878 2000 -203.851
11.195 0.466899 2000 -201.7
11.2 0.461877 2000 -199.531
11.205 0.456809 2000 -197.342
11.21 0.451678 2000 -195.125
11.215 0.446476 2000 -192.878
11.22 0.441215 2000 -190.605
11.225 0.435913 2000 -188.314
11.23 0.430579 2000 -186.01
11.235 0.42521 2000 -183.691
11.24 0.419787 2000 -181.348
11.245 0.414301 2000 -178.978
11.25 0.408763 2000 -176.586
11.255 0.403191 2000 -174.179
11.26 0.397589 2000 -171.759
11.265 0.391954 2000 -169.324
11.27 0.386287 2000 -166.876
11.275 0.380589 2000 -164.414
11.28 0.374852 2000 -161.936
11.285 0.369074 2000 -159.44
11.29 0.36326 2000 -156.928
11.295 0.357414 2000 -154.403
11.3 0.351544 2000 -151.867
11.305 0.345645 2000 -149.319
11.31 0.339701 2000 -146.751
11.315 0.333704 2000 -144.16
11.32 0.32766 2000 -141.549
11.325 0.321577 2000 -138.921
11.33 0.315456 2000 -136.277
11.335 0.309306 2000 -133.62
11.34 0.303139 2000 -130.956
11.345 0.296952 2000 -128.283
11.35 0.290733 2000 -125.597
11.355 0.284481 2000 -122.896
11.36 0.278209 2000 -120.186
11.365 0.271933 2000 -117.475
11.37 0.26566 2000 -114.765
11.375 0.259381 2000 -112.053
11.38 0.253087 2000 -109.334
11.385 0.24678 2000 -106.609
11.39 0.240468 2000 -103.882
11.395 0.234154 2000 -101.155
11.4 0.22783 2000 -98.4224
11.405 0.221485 2000 -95.6816
11.41 0.215111 2000 -92.9277
11.415 0.208699 2000 -90.1579
11.42 0.202266 2000 -87.3791
11.425 0.19584 2000 -84.6031
11.43 0.189421 2000 -81.83
11.435 0.182982 2000 -79.0482
11.44 0.176509 2000 -76.2519
11.445 0.170019 2000 -73.4484
11.45 0.163528 2000 -70.6442
11.455 0.157023 2000 -67.8339
11.46 0.150478 2000 -65.0066
11.465 0.143891 2000 -62.1608
11.47 0.137282 2000 -59.3059
11.475 0.130673 2000 -56.4506
11.48 0.124065 2000 -53.5963
11.485 0.117454 2000 -50.7403
11.49 0.110821 2000 -47.8747
11.495 0.104145 2000 -44.9905
11.5 0.0974291 2000 -42.0894
11.505 0.0906939 2000 -39.1798
11.51 0.0839461 2000 -36.2647
11.515 0.0771838 2000 -33.3434
11.52 0.0704071 2000 -30.4159
11.525 0.0636091 2000 -27.4791
11.53 0.0567775 2000 -24.5279
11.535 0.0499104 2000 -21.5613
11.54 0.0430111 2000 -18.5808
11.545 0.0360759 2000 -15.5848
11.55 0.0291075 2000 -12.5744
11.555 0.0221338 2000 -9.56178
11.56 0.0151924 2000 -6.56312
11.565 0.00829467 2000 -3.5833
11.57 0.001422 2000 -0.614302
11.575 -0.00543992 2000 2.35005
11.58 -0.0122887 2000 5.30872
11.585 -0.0191223 2000 8.26084
11.59 -0.0259425 2000 11.2072
11.595 -0.0327434 2000 14.1451
11.6 -0.0395157 2000 17.0708
11.605 -0.0462608 2000 19.9847
11.61 -0.0529854 2000 22.8897
11.615 -0.0596889 2000 25.7856
11.62 -0.0663656 2000 28.6699
11.625 -0.0730142 2000 31.5421
11.63 -0.0796387 2000 34.4039
11.635 -0.0862412 2000 37.2562
11.64 -0.0928202 2000 40.0983
11.645 -0.0993736 2000 42.9294
11.65 -0.105903 2000 45.75
11.655 -0.112414 2000 48.563
11.66 -0.118912 2000 51.3698
11.665 -0.125388 2000 54.1676
11.67 -0.131838 2000 56.9541
11.675 -0.138274 2000 59.7346
11.68 -0.144721 2000 62.5194
11.685 -0.151192 2000 65.3147
11.69 -0.157679 2000 68.1174
11.695 -0.164163 2000 70.9184
11.7 -0.170624 2000 73.7094
11.705 -0.17705 2000 76.4856
11.71 -0.183437 2000 79.2449
11.715 -0.18979 2000 81.9892
11.72 -0.196117 2000 84.7226
11.725 -0.20242 2000 87.4455
11.73 -0.208705 2000 90.1607
11.735 -0.214992 2000 92.8764
11.74 -0.221273 2000 95.5898
11.745 -0.227514 2000 98.2861
11.75 -0.2337 2000 100.958
11.755 -0.239838 2000 103.61
11.76 -0.245937 2000 106.245
11.765 -0.252006 2000 108.866
11.77 -0.25805 2000 111.477
11.775 -0.264063 2000 114.075
11.78 -0.270042 2000 116.658
11.785 -0.275995 2000 119.23
11.79 -0.281924 2000 121.791
11.795 -0.287815 2000 124.336
11.8 -0.293649 2000 126.857
11.805 -0.299416 2000 129.348
11.81 -0.305116 2000 131.81
11.815 -0.310759 2000 134.248
11.82 -0.316359 2000 136.667
11.825 -0.321923 2000 139.071
11.83 -0.327442 2000 141.455
11.835 -0.332918 2000 143.821
11.84 -0.338355 2000 146.169
11.845 -0.343751 2000 148.501
11.85 -0.349112 2000 150.816
11.855 -0.354439 2000 153.118
11.86 -0.359727 2000 155.402
11.865 -0.364974 2000 157.669
11.87 -0.370179 2000 159.917
11.875 -0.375343 2000 162.148
11.88 -0.380471 2000 164.363
11.885 -0.385563 2000 166.563
11.89 -0.390611 2000 168.744
11.895 -0.395614 2000 170.905
11.9 -0.400577 2000 173.049
11.905 -0.4055 2000 175.176
11.91 -0.410367 2000 177.279
11.915 -0.41516 2000 179.349
11.92 -0.41988 2000 181.388
11.925 -0.424544 2000 183.403
11.93 -0.429162 2000 185.398
11.935 -0.433732 2000 187.372
11.94 -0.438263 2000 189.33
11.945 -0.442773 2000 191.278
11.95 -0.447262 2000 193.217
11.955 -0.451712 2000 195.14
11.96 -0.45611 2000 197.04
11.965 -0.460451 2000 198.915
11.97 -0.464727 2000 200.762
11.975 -0.468948 2000 202.585
11.98 -0.473126 2000 204.391
11.985 -0.477261 2000 206.177
11.99 -0.481334 2000 207.936
11.995 -0.48536 2000 209.675
12 -0.489381 2000 211.412
12.005 -0.493414 2000 213.155
12.01 -0.497428 2000 214.889
12.015 -0.501389 2000 216.6
12.02 -0.5053 2000 218.289
12.025 -0.509176 2000 219.964
12.03 -0.513008 2000 221.619
12.035 -0.516772 2000 223.245
12.04 -0.520472 2000 224.844
12.045 -0.52413 2000 226.424
12.05 -0.527755 2000 227.99
12.055 -0.531338 2000 229.538
12.06 -0.534867 2000 231.062
12.065 -0.538333 2000 232.56
12.07 -0.541727 2000 234.026
12.075 -0.545049 2000 235.461
12.08 -0.548309 2000 236.869
12.085 -0.551503 2000 238.249
12.09 -0.554634 2000 239.602
12.095 -0.557718 2000 240.934
12.1 -0.560769 2000 242.252
12.105 -0.563763 2000 243.546
12.11 -0.566665 2000 244.799
12.115 -0.569469 2000 246.011
12.12 -0.572201 2000 247.191
12.125 -0.574886 2000 248.351
12.13 -0.577523 2000 249.49
12.135 -0.580104 2000 250.605
12.14 -0.582631 2000 251.697
12.145 -0.585123 2000 252.773
12.15 -0.587581 2000 253.835
12.155 -0.589985 2000 254.874
12.16 -0.592323 2000 255.884
12.165 -0.594592 2000 256.864
12.17 -0.596791 2000 257.814
12.175 -0.598923 2000 258.735
12.18 -0.600991 2000 259.628
12.185 -0.602982 2000 260.488
12.19 -0.604877 2000 261.307
12.195 -0.606673 2000 262.083
12.2 -0.608399 2000 262.829
12.205 -0.610071 2000 263.551
12.21 -0.611674 2000 264.243
12.215 -0.613205 2000 264.905
12.22 -0.614686 2000 265.545
12.225 -0.616123 2000 266.165
12.23 -0.617492 2000 266.757
12.235 -0.618777 2000 267.312
12.24 -0.619992 2000 267.837
12.245 -0.621154 2000 268.339
12.25 -0.622256 2000 268.815
12.255 -0.623285 2000 269.259
12.26 -0.624243 2000 269.673
12.265 -0.625138 2000 270.06
12.27 -0.625963 2000 270.416
12.275 -0.626706 2000 270.737
12.28 -0.627368 2000 271.023
12.285 -0.627966 2000 271.281
12.29 -0.628511 2000 271.517
12.295 -0.629002 2000 271.729
12.3 -0.62944 2000 271.918
12.305 -0.629831 2000 272.087
12.31 -0.630169 2000 272.233
12.315 -0.630442 2000 272.351
12.32 -0.630652 2000 272.442
12.325 -0.630807 2000 272.509
12.33 -0.630901 2000 272.549
12.335 -0.63092 2000 272.557
12.34 -0.630859 2000 272.531
12.345 -0.63072 2000 272.471
12.35 -0.630515 2000 272.383
12.355 -0.630258 2000 272.272
12.36 -0.629947 2000 272.137
12.365 -0.629563 2000 271.971
12.37 -0.629095 2000 271.769
12.375 -0.628548 2000 271.533
12.38 -0.627925 2000 271.263
12.385 -0.627218 2000 270.958
12.39 -0.626427 2000 270.616
12.395 -0.625566 2000 270.244
12.4 -0.624656 2000 269.852
12.405 -0.623707 2000 269.441
12.41 -0.622701 2000 269.007
12.415 -0.621622 2000 268.541
12.42 -0.620462 2000 268.04
12.425 -0.619227 2000 267.506
12.43 -0.617923 2000 266.943
12.435 -0.616548 2000 266.349
12.44 -0.61509 2000 265.719
12.445 -0.613542 2000 265.05
12.45 -0.611905 2000 264.343
12.455 -0.61018 2000 263.598
12.46 -0.608355 2000 262.81
12.465 -0.606422 2000 261.975
12.47 -0.604391 2000 261.097
12.475 -0.602288 2000 260.188
12.48 -0.600127 2000 259.255
12.485 -0.5979 2000 258.293
12.49 -0.595606 2000 257.302
12.495 -0.593256 2000 256.287
12.5 -0.590858 2000 255.25
12.505 -0.588403 2000 254.19
12.51 -0.585883 2000 253.102
12.515 -0.583305 2000 251.988
12.52 -0.580673 2000 250.851
12.525 -0.577976 2000 249.686
12.53 -0.575203 2000 248.488
12.535 -0.572359 2000 247.259
12.54 -0.569456 2000 246.005
12.545 -0.566502 2000 244.729
12.55 -0.563492 2000 243.428
12.555 -0.560417 2000 242.1
12.56 -0.557279 2000 240.745
12.565 -0.554087 2000 239.365
12.57 -0.550841 2000 237.963
12.575 -0.547541 2000 236.538
12.58 -0.544188 2000 235.089
12.585 -0.540782 2000 233.618
12.59 -0.537314 2000 232.12
12.595 -0.533776 2000 230.591
12.6 -0.530166 2000 229.032
12.605 -0.526487 2000 227.443
12.61 -0.522737 2000 225.823
12.615 -0.518918 2000 224.173
12.62 -0.515046 2000 222.5
12.625 -0.511143 2000 220.814
12.63 -0.507216 2000 219.117
12.635 -0.503251 2000 217.404
12.64 -0.499231 2000 215.668
12.645 -0.495153 2000 213.906
12.65 -0.491026 2000 212.123
12.655 -0.486858 2000 210.323
12.66 -0.482645 2000 208.502
12.665 -0.478371 2000 206.656
12.67 -0.474038 2000 204.784
12.675 -0.46966 2000 202.893
12.68 -0.465242 2000 200.984
12.685 -0.460774 2000 199.054
12.69 -0.456234 2000 197.093
12.695 -0.4516 2000 195.091
12.7 -0.446874 2000 193.05
12.705 -0.442085 2000 190.981
12.71 -0.437244 2000 188.889
12.715 -0.432347 2000 186.774
12.72 -0.427392 2000 184.633
12.725 -0.422372 2000 182.465
12.73 -0.417273 2000 180.262
12.735 -0.412099 2000 178.027
12.74 -0.406871 2000 175.768
12.745 -0.401606 2000 173.494
12.75 -0.396288 2000 171.197
12.755 -0.390878 2000 168.859
12.76 -0.385355 2000 166.474
12.765 -0.379751 2000 164.052
12.77 -0.374097 2000 161.61
12.775 -0.368396 2000 159.147
12.78 -0.362647 2000 156.663
12.785 -0.356858 2000 154.163
12.79 -0.351031 2000 151.645
12.795 -0.345158 2000 149.108
12.8 -0.339238 2000 146.551
12.805 -0.333272 2000 143.974
12.81 -0.32726 2000 141.376
12.815 -0.321202 2000 138.759
12.82 -0.315103 2000 136.125
12.825 -0.308959 2000 133.47
12.83 -0.302753 2000 130.789
12.835 -0.296476 2000 128.078
12.84 -0.290145 2000 125.343
12.845 -0.283792 2000 122.598
12.85 -0.277427 2000 119.849
12.855 -0.271037 2000 117.088
12.86 -0.26461 2000 114.311
12.865 -0.258139 2000 111.516
12.87 -0.25162 2000 108.7
12.875 -0.245054 2000 105.863
12.88 -0.238448 2000 103.009
12.885 -0.231806 2000 100.14
12.89 -0.225126 2000 97.2544
12.895 -0.218401 2000 94.3492
12.9 -0.211637 2000 91.4271
12.905 -0.204841 2000 88.4914
12.91 -0.198009 2000 85.5399
12.915 -0.191119 2000 82.5634
12.92 -0.184146 2000 79.5509
12.925 -0.177084 2000 76.5005
12.93 -0.169962 2000 73.4234
12.935 -0.16281 2000 70.3338
12.94 -0.155638 2000 67.2355
12.945 -0.148432 2000 64.1225
12.95 -0.14118 2000 60.9895
12.955 -0.133892 2000 57.8414
12.96 -0.12659 2000 54.6869
12.965 -0.119274 2000 51.5263
12.97 -0.111932 2000 48.3544
12.975 -0.104568 2000 45.1733
12.98 -0.0971983 2000 41.9897
12.985 -0.0898187 2000 38.8017
12.99 -0.0824131 2000 35.6025
12.995 -0.0749882 2000 32.3949
13 -0.0675769 2000 29.1932
13.005 -0.0602018 2000 26.0072
13.01 -0.0528547 2000 22.8332
13.015 -0.0455224 2000 19.6657
13.02 -0.0382078 2000 16.5058
13.025 -0.0309066 2000 13.3517
13.03 -0.0235999 2000 10.1951
13.035 -0.0162752 2000 7.03088
13.04 -0.00893531 2000 3.86006
13.045 -0.00158763 2000 0.685858
13.05 0.0057699 2000 -2.4926
13.055 0.0131466 2000 -5.67934
13.06 0.020542 2000 -8.87413
13.065 0.0279439 2000 -12.0718
13.07 0.035346 2000 -15.2695
13.075 0.0427527 2000 -18.4692
13.08 0.0501614 2000 -21.6697
13.085 0.0575543 2000 -24.8635
13.09 0.0649183 2000 -28.0447
13.095 0.0722643 2000 -31.2182
13.1 0.0796172 2000 -34.3946
13.105 0.0869931 2000 -37.581
13.11 0.0943892 2000 -40.7761
13.115 0.101791 2000 -43.9735
13.12 0.109188 2000 -47.169
13.125 0.116588 2000 -50.3661
13.13 0.124007 2000 -53.5711
13.135 0.131452 2000 -56.7872
13.14 0.138918 2000 -60.0125
13.145 0.146396 2000 -63.2432
13.15 0.153883 2000 -66.4777
13.155 0.161378 2000 -69.7151
13.16 0.168875 2000 -72.954
13.165 0.176372 2000 -76.1928
13.17 0.18387 2000 -79.4318
13.175 0.191373 2000 -82.6732
13.18 0.19889 2000 -85.9203
13.185 0.206425 2000 -89.1756
13.19 0.213976 2000 -92.4376
13.195 0.221531 2000 -95.7016
13.2 0.229086 2000 -98.9652
13.205 0.236641 2000 -102.229
13.21 0.244195 2000 -105.492
13.215 0.251743 2000 -108.753
13.22 0.259291 2000 -112.014
13.225 0.266839 2000 -115.275
13.23 0.27438 2000 -118.532
13.235 0.281913 2000 -121.786
13.24 0.289448 2000 -125.042
13.245 0.296989 2000 -128.299
13.25 0.304534 2000 -131.559
13.255 0.312082 2000 -134.819
13.26 0.319632 2000 -138.081
13.265 0.327178 2000 -141.341
13.27 0.334712 2000 -144.596
13.275 0.342226 2000 -147.842
13.28 0.349716 2000 -151.077
13.285 0.357182 2000 -154.303
13.29 0.364635 2000 -157.522
13.295 0.372097 2000 -160.746
13.3 0.379585 2000 -163.981
13.305 0.38709 2000 -167.223
13.31 0.39459 2000 -170.463
13.315 0.402076 2000 -173.697
13.32 0.409549 2000 -176.925
13.325 0.417014 2000 -180.15
13.33 0.424486 2000 -183.378
13.335 0.431968 2000 -186.61
13.34 0.439453 2000 -189.844
13.345 0.446938 2000 -193.077
13.35 0.454426 2000 -196.312
13.355 0.461913 2000 -199.546
13.36 0.469389 2000 -202.776
13.365 0.476842 2000 -205.996
13.37 0.484269 2000 -209.204
13.375 0.491666 2000 -212.4
13.38 0.49901 2000 -215.572
13.385 0.506287 2000 -218.716
13.39 0.513517 2000 -221.839
13.395 0.52073 2000 -224.955
13.4 0.527936 2000 -228.068
13.405 0.535131 2000 -231.177
13.41 0.542315 2000 -234.28
13.415 0.549488 2000 -237.379
13.42 0.55665 2000 -240.473
13.425 0.563799 2000 -243.561
13.43 0.570928 2000 -246.641
13.435 0.578022 2000 -249.706
13.44 0.585085 2000 -252.757
13.445 0.592134 2000 -255.802
13.45 0.599176 2000 -258.844
13.455 0.606206 2000 -261.881
13.46 0.613213 2000 -264.908
13.465 0.620201 2000 -267.927
13.47 0.627188 2000 -270.945
13.475 0.634175 2000 -273.964
13.48 0.641136 2000 -276.971
13.485 0.648045 2000 -279.956
13.49 0.654904 2000 -282.919
13.495 0.661726 2000 -285.866
13.5 0.668513 2000 -288.798
13.505 0.675256 2000 -291.711
13.51 0.681947 2000 -294.601
13.515 0.688598 2000 -297.474
13.52 0.695219 2000 -300.335
13.525 0.701808 2000 -303.181
13.53 0.708356 2000 -306.01
13.535 0.714858 2000 -308.819
13.54 0.721321 2000 -311.61
13.545 0.727756 2000 -314.39
13.55 0.734167 2000 -317.16
13.555 0.740544 2000 -319.915
13.56 0.74688 2000 -322.652
13.565 0.753187 2000 -325.377
13.57 0.759461 2000 -328.087
13.575 0.765684 2000 -330.775
13.58 0.771847 2000 -333.438
13.585 0.777956 2000 -336.077
13.59 0.784016 2000 -338.695
13.595 0.790016 2000 -341.287
13.6 0.795934 2000 -343.843
13.605 0.801762 2000 -346.361
13.61 0.807517 2000 -348.847
13.615 0.813219 2000 -351.311
13.62 0.818882 2000 -353.757
13.625 0.824513 2000 -356.189
13.63 0.830127 2000 -358.615
13.635 0.835722 2000 -361.032
13.64 0.841262 2000 -363.425
13.645 0.846728 2000 -365.786
13.65 0.852134 2000 -368.122
13.655 0.857503 2000 -370.441
13.66 0.86284 2000 -372.747
13.665 0.868139 2000 -375.036
13.67 0.873393 2000 -377.306
13.675 0.878607 2000 -379.558
13.68 0.883796 2000 -381.8
13.685 0.888957 2000 -384.029
13.69 0.894077 2000 -386.241
13.695 0.89915 2000 -388.433
13.7 0.904177 2000 -390.605
13.705 0.909161 2000 -392.757
13.71 0.914087 2000 -394.886
13.715 0.918941 2000 -396.982
13.72 0.92373 2000 -399.051
13.725 0.928487 2000 -401.106
13.73 0.933221 2000 -403.152
13.735 0.93791 2000 -405.177
13.74 0.942531 2000 -407.173
13.745 0.947089 2000 -409.143
13.75 0.951596 2000 -411.089
13.755 0.956052 2000 -413.014
13.76 0.960465 2000 -414.921
13.765 0.964843 2000 -416.812
13.77 0.969172 2000 -418.682
13.775 0.973433 2000 -420.523
13.78 0.977627 2000 -422.335
13.785 0.98177 2000 -424.124
13.79 0.985866 2000 -425.894
13.795 0.989912 2000 -427.642
13.8 0.993899 2000 -429.364
13.805 0.997824 2000 -431.06
13.81 1.00171 2000 -432.737
13.815 1.00556 2000 -434.402
13.82 1.00938 2000 -436.051
13.825 1.01312 2000 -437.669
13.83 1.01678 2000 -439.249
13.835 1.02036 2000 -440.797
13.84 1.02389 2000 -442.32
13.845 1.02736 2000 -443.819
13.85 1.03077 2000 -445.291
13.855 1.0341 2000 -446.732
13.86 1.03736 2000 -448.138
13.865 1.04053 2000 -449.509
13.87 1.04363 2000 -450.849
13.875 1.04668 2000 -452.166
13.88 1.04967 2000 -453.459
13.885 1.0526 2000 -454.724
13.89 1.05545 2000 -455.954
13.895 1.05821 2000 -457.147
13.9 1.06088 2000 -458.302
13.905 1.06348 2000 -459.423
13.91 1.066 2000 -460.514
13.915 1.06846 2000 -461.574
13.92 1.07083 2000 -462.599
13.925 1.07311 2000 -463.584
13.93 1.0753 2000 -464.532
13.935 1.07742 2000 -465.446
13.94 1.07947 2000 -466.329
13.945 1.08144 2000 -467.184
13.95 1.08336 2000 -468.011
13.955 1.08521 2000 -468.809
13.96 1.08699 2000 -469.58
13.965 1.0887 2000 -470.319
13.97 1.09032 2000 -471.02
13.975 1.09186 2000 -471.685
13.98 1.09334 2000 -472.321
13.985 1.09478 2000 -472.943
13.99 1.0962 2000 -473.56
13.995 1.09761 2000 -474.166
14 1.09895 2000 -474.745
14.005 1.1002 2000 -475.284
14.01 1.10136 2000 -475.788
14.015 1.10246 2000 -476.263
14.02 1.1035 2000 -476.714
14.025 1.10449 2000 -477.139
14.03 1.1054 2000 -477.533
14.035 1.10624 2000 -477.896
14.04 1.10701 2000 -478.229
14.045 1.1077 2000 -478.525
14.05 1.10827 2000 -478.775
14.055 1.10875 2000 -478.979
14.06 1.10913 2000 -479.144
14.065 1.10942 2000 -479.268
14.07 1.1096 2000 -479.345
14.075 1.10968 2000 -479.382
14.08 1.1097 2000 -479.391
14.085 1.10967 2000 -479.379
14.09 1.10958 2000 -479.34
14.095 1.10942 2000 -479.268
14.1 1.10917 2000 -479.161
14.105 1.10885 2000 -479.024
14.11 1.10847 2000 -478.86
14.115 1.10804 2000 -478.672
14.12 1.10753 2000 -478.455
14.125 1.10696 2000 -478.208
14.13 1.10633 2000 -477.934
14.135 1.10565 2000 -477.642
14.14 1.10494 2000 -477.332
14.145 1.10416 2000 -476.996
14.15 1.1033 2000 -476.625
14.155 1.10237 2000 -476.223
14.16 1.10138 2000 -475.796
14.165 1.10033 2000 -475.343
14.17 1.09921 2000 -474.86
14.175 1.09803 2000 -474.35
14.18 1.09679 2000 -473.815
14.185 1.0955 2000 -473.257
14.19 1.09416 2000 -472.675
14.195 1.09275 2000 -472.069
14.2 1.09128 2000 -471.434
14.205 1.08973 2000 -470.763
14.21 1.08809 2000 -470.057
14.215 1.08638 2000 -469.316
14.22 1.0846 2000 -468.547
14.225 1.08275 2000 -467.75
14.23 1.08084 2000 -466.922
14.235 1.07883 2000 -466.056
14.24 1.07674 2000 -465.153
14.245 1.07458 2000 -464.217
14.25 1.07235 2000 -463.254
14.255 1.07006 2000 -462.265
14.26 1.06769 2000 -461.243
14.265 1.06523 2000 -460.18
14.27 1.06269 2000 -459.081
14.275 1.06007 2000 -457.952
14.28 1.05738 2000 -456.789
14.285 1.05461 2000 -455.591
14.29 1.05178 2000 -454.368
14.295 1.04891 2000 -453.127
14.3 1.04599 2000 -451.866
14.305 1.043 2000 -450.574
14.31 1.03993 2000 -449.249
14.315 1.03679 2000 -447.895
14.32 1.03361 2000 -446.519
14.325 1.03038 2000 -445.123
14.33 1.02709 2000 -443.703
14.335 1.02373 2000 -442.253
14.34 1.02031 2000 -440.776
14.345 1.01682 2000 -439.266
14.35 1.01325 2000 -437.723
14.355 1.00961 2000 -436.153
14.36 1.00592 2000 -434.559
14.365 1.00218 2000 -432.941
14.37 0.998373 2000 -431.297
14.375 0.994508 2000 -429.627
14.38 0.99059 2000 -427.935
14.385 0.986629 2000 -426.224
14.39 0.982626 2000 -424.494
14.395 0.978567 2000 -422.741
14.4 0.974425 2000 -420.951
14.405 0.970192 2000 -419.123
14.41 0.965892 2000 -417.265
14.415 0.961541 2000 -415.386
14.42 0.957137 2000 -413.483
14.425 0.952679 2000 -411.557
14.43 0.948172 2000 -409.61
14.435 0.943623 2000 -407.645
14.44 0.939036 2000 -405.663
14.445 0.934416 2000 -403.668
14.45 0.929767 2000 -401.659
14.455 0.925086 2000 -399.637
14.46 0.92037 2000 -397.6
14.465 0.915613 2000 -395.545
14.47 0.910803 2000 -393.467
14.475 0.905925 2000 -391.36
14.48 0.900983 2000 -389.225
14.485 0.895997 2000 -387.071
14.49 0.890984 2000 -384.905
14.495 0.885931 2000 -382.722
14.5 0.880811 2000 -380.51
14.505 0.875614 2000 -378.265
14.51 0.870359 2000 -375.995
14.515 0.865068 2000 -373.709
14.52 0.859748 2000 -371.411
14.525 0.854401 2000 -369.101
14.53 0.849026 2000 -366.779
14.535 0.843622 2000 -364.444
14.54 0.838187 2000 -362.097
14.545 0.832712 2000 -359.732
14.55 0.827179 2000 -357.341
14.555 0.82158 2000 -354.923
14.56 0.815931 2000 -352.482
14.565 0.81025 2000 -350.028
14.57 0.804536 2000 -347.559
14.575 0.798788 2000 -345.076
14.58 0.793012 2000 -342.581
14.585 0.787204 2000 -340.072
14.59 0.78134 2000 -337.539
14.595 0.775397 2000 -334.972
14.6 0.769385 2000 -332.374
14.605 0.763348 2000 -329.767
14.61 0.757318 2000 -327.161
14.615 0.751283 2000 -324.554
14.62 0.745217 2000 -321.934
14.625 0.739112 2000 -319.297
14.63 0.732984 2000 -316.649
14.635 0.726843 2000 -313.996
14.64 0.720693 2000 -311.34
14.645 0.71453 2000 -308.677
14.65 0.708355 2000 -306.009
14.655 0.702173 2000 -303.339
14.66 0.695978 2000 -300.662
14.665 0.68975 2000 -297.972
14.67 0.683475 2000 -295.261
14.675 0.677155 2000 -292.531
14.68 0.670801 2000 -289.786
14.685 0.664413 2000 -287.027
14.69 0.657994 2000 -284.253
14.695 0.651549 2000 -281.469
14.7 0.645073 2000 -278.672
14.705 0.638556 2000 -275.856
14.71 0.632008 2000 -273.027
14.715 0.625444 2000 -270.192
14.72 0.618864 2000 -267.349
14.725 0.612269 2000 -264.5
14.73 0.605668 2000 -261.649
14.735 0.599045 2000 -258.787
14.74 0.592382 2000 -255.909
14.745 0.585702 2000 -253.023
14.75 0.579041 2000 -250.146
14.755 0.572401 2000 -247.277
14.76 0.565747 2000 -244.403
14.765 0.559061 2000 -241.514
14.77 0.552355 2000 -238.617
14.775 0.545648 2000 -235.72
14.78 0.538934 2000 -232.82
14.785 0.5322 2000 -229.911
14.79 0.525446 2000 -226.993
14.795 0.518689 2000 -224.073
14.8 0.511937 2000 -221.157
14.805 0.505186 2000 -218.24
14.81 0.498421 2000 -215.318
14.815 0.491644 2000 -212.39
14.82 0.484872 2000 -209.465
14.825 0.478105 2000 -206.541
14.83 0.471323 2000 -203.612
14.835 0.464521 2000 -200.673
14.84 0.457721 2000 -197.736
14.845 0.450937 2000 -194.805
14.85 0.444144 2000 -191.87
14.855 0.437318 2000 -188.921
14.86 0.43047 2000 -185.963
14.865 0.423614 2000 -183.001
14.87 0.416744 2000 -180.033
14.875 0.409846 2000 -177.053
14.88 0.40293 2000 -174.066
14.885 0.396011 2000 -171.077
14.89 0.389091 2000 -168.087
14.895 0.382179 2000 -165.101
14.9 0.375285 2000 -162.123
14.905 0.36841 2000 -159.153
14.91 0.361545 2000 -156.188
14.915 0.354682 2000 -153.223
14.92 0.347811 2000 -150.254
14.925 0.340931 2000 -147.282
14.93 0.334056 2000 -144.312
14.935 0.327202 2000 -141.351
14.94 0.320366 2000 -138.398
14.945 0.313523 2000 -135.442
14.95 0.306651 2000 -132.473
14.955 0.299753 2000 -129.493
14.96 0.292841 2000 -126.507
14.965 0.28592 2000 -123.517
14.97 0.278996 2000 -120.526
14.975 0.272077 2000 -117.537
14.98 0.265166 2000 -114.552
14.985 0.25826 2000 -111.568
14.99 0.25136 2000 -108.587
14.995 0.244473 2000 -105.612
15 0.237589 2000 -102.639
15.005 0.230695 2000 -99.6602
15.01 0.223799 2000 -96.6813
15.015 0.216915 2000 -93.7073
15.02 0.210035 2000 -90.7352
15.025 0.203151 2000 -87.7613
15.03 0.196274 2000 -84.7904
15.035 0.189419 2000 -81.8291
15.04 0.182577 2000 -78.8731
15.045 0.175719 2000 -75.9104
15.05 0.168843 2000 -72.9401
15.055 0.161966 2000 -69.9695
15.06 0.15509 2000 -66.9989
15.065 0.148206 2000 -64.025
15.07 0.141323 2000 -61.0515
15.075 0.134452 2000 -58.0833
15.08 0.127583 2000 -55.116
15.085 0.120701 2000 -52.1426
15.09 0.113808 2000 -49.1649
15.095 0.10693 2000 -46.1938
15.1 0.100092 2000 -43.2399
15.105 0.0933006 2000 -40.3059
15.11 0.0865387 2000 -37.3847
15.115 0.0797855 2000 -34.4673
15.12 0.0730407 2000 -31.5536
15.125 0.0663252 2000 -28.6525
15.13 0.0596614 2000 -25.7737
15.135 0.053056 2000 -22.9202
15.14 0.0464854 2000 -20.0817
15.145 0.0399065 2000 -17.2396
15.15 0.0333048 2000 -14.3877
15.155 0.0267075 2000 -11.5376
15.16 0.0201389 2000 -8.70002
15.165 0.0136012 2000 -5.87571
15.17 0.00709384 2000 -3.06454
15.175 0.00061886 2000 -0.267348
15.18 -0.00582828 2000 2.51782
15.185 -0.0122591 2000 5.29595
15.19 -0.0186774 2000 8.06864
15.195 -0.0250655 2000 10.8283
15.2 -0.0314063 2000 13.5675
15.205 -0.0377012 2000 16.2869
15.21 -0.0439476 2000 18.9854
15.215 -0.0501347 2000 21.6582
15.22 -0.0562743 2000 24.3105
15.225 -0.0623992 2000 26.9564
15.23 -0.0685238 2000 29.6023
15.235 -0.074632 2000 32.241
15.24 -0.0807033 2000 34.8638
15.245 -0.0867325 2000 37.4684
15.25 -0.0927247 2000 40.0571
15.255 -0.0986944 2000 42.636
15.26 -0.104665 2000 45.2154
15.265 -0.110641 2000 47.797
15.27 -0.116588 2000 50.3661
15.275 -0.122474 2000 52.9088
15.28 -0.1283 2000 55.4254
15.285 -0.134076 2000 57.9207
15.29 -0.139807 2000 60.3967
15.295 -0.14551 2000 62.8603
15.3 -0.151203 2000 65.3197
15.305 -0.156884 2000 67.7739
15.31 -0.162536 2000 70.2157
15.315 -0.168154 2000 72.6426
15.32 -0.173745 2000 75.0577
15.325 -0.179316 2000 77.4647
15.33 -0.184873 2000 79.8649
15.335 -0.190409 2000 82.2565
15.34 -0.195917 2000 84.6361
15.345 -0.201388 2000 86.9996
15.35 -0.206811 2000 89.3423
15.355 -0.212179 2000 91.6615
15.36 -0.217488 2000 93.9549
15.365 -0.222734 2000 96.221
15.37 -0.227924 2000 98.4633
15.375 -0.233082 2000 100.691
15.38 -0.238222 2000 102.912
15.385 -0.243336 2000 105.121
15.39 -0.248405 2000 107.311
15.395 -0.253415 2000 109.475
15.4 -0.258373 2000 111.617
15.405 -0.263289 2000 113.741
15.41 -0.268164 2000 115.847
15.415 -0.272995 2000 117.934
15.42 -0.277783 2000 120.002
15.425 -0.282528 2000 122.052
15.43 -0.287234 2000 124.085
15.435 -0.29191 2000 126.105
15.44 -0.296564 2000 128.116
15.445 -0.301186 2000 130.113
15.45 -0.30576 2000 132.088
15.455 -0.31028 2000 134.041
15.46 -0.314754 2000 135.974
15.465 -0.31918 2000 137.886
15.47 -0.323559 2000 139.777
15.475 -0.327909 2000 141.657
15.48 -0.33225 2000 143.532
15.485 -0.336569 2000 145.398
15.49 -0.340836 2000 147.241
15.495 -0.345038 2000 149.057
15.5 -0.349184 2000 150.847
15.505 -0.353282 2000 152.618
15.51 -0.357354 2000 154.377
15.515 -0.361414 2000 156.131
15.52 -0.365442 2000 157.871
15.525 -0.369409 2000 159.585
15.53 -0.37331 2000 161.27
15.535 -0.377155 2000 162.931
15.54 -0.380947 2000 164.569
15.545 -0.384682 2000 166.183
15.55 -0.388362 2000 167.772
15.555 -0.391994 2000 169.341
15.56 -0.395582 2000 170.891
15.565 -0.399119 2000 172.419
15.57 -0.402593 2000 173.92
15.575 -0.406007 2000 175.395
15.58 -0.409374 2000 176.849
15.585 -0.412694 2000 178.284
15.59 -0.415956 2000 179.693
15.595 -0.419158 2000 181.076
15.6 -0.422306 2000 182.436
15.605 -0.4254 2000 183.773
15.61 -0.428441 2000 185.086
15.615 -0.431426 2000 186.376
15.62 -0.434365 2000 187.646
15.625 -0.437279 2000 188.904
15.63 -0.440168 2000 190.153
15.635 -0.442993 2000 191.373
15.64 -0.445714 2000 192.549
15.645 -0.448336 2000 193.681
15.65 -0.450892 2000 194.785
15.655 -0.453395 2000 195.867
15.66 -0.455843 2000 196.924
15.665 -0.458249 2000 197.964
15.67 -0.460634 2000 198.994
15.675 -0.462992 2000 200.013
15.68 -0.4653 2000 201.01
15.685 -0.467556 2000 201.984
15.69 -0.469774 2000 202.942
15.695 -0.471956 2000 203.885
15.7 -0.474095 2000 204.809
15.705 -0.476199 2000 205.718
15.71 -0.478281 2000 206.617
15.715 -0.480328 2000 207.502
15.72 -0.482306 2000 208.356
15.725 -0.484191 2000 209.171
15.73 -0.48599 2000 209.948
15.735 -0.487724 2000 210.697
15.74 -0.489387 2000 211.415
15.745 -0.490962 2000 212.095
15.75 -0.492445 2000 212.736
15.755 -0.493844 2000 213.34
15.76 -0.495158 2000 213.908
15.765 -0.496389 2000 214.44
15.77 -0.497543 2000 214.939
15.775 -0.498631 2000 215.409
15.78 -0.499664 2000 215.855
15.785 -0.500647 2000 216.279
15.79 -0.501574 2000 216.68
15.795 -0.502442 2000 217.055
15.8 -0.503254 2000 217.406
15.805 -0.50401 2000 217.732
15.81 -0.504698 2000 218.03
15.815 -0.505311 2000 218.294
15.82 -0.505856 2000 218.53
15.825 -0.506347 2000 218.742
15.83 -0.50678 2000 218.929
15.835 -0.50714 2000 219.084
15.84 -0.507413 2000 219.202
15.845 -0.507605 2000 219.285
15.85 -0.507719 2000 219.335
15.855 -0.507752 2000 219.349
15.86 -0.507708 2000 219.33
15.865 -0.507601 2000 219.284
15.87 -0.507444 2000 219.216
15.875 -0.507234 2000 219.125
15.88 -0.506968 2000 219.01
15.885 -0.506651 2000 218.873
15.89 -0.506276 2000 218.711
15.895 -0.505828 2000 218.518
15.9 -0.505304 2000 218.291
15.905 -0.504704 2000 218.032
15.91 -0.504021 2000 217.737
15.915 -0.503256 2000 217.407
15.92 -0.502419 2000 217.045
15.925 -0.501525 2000 216.659
15.93 -0.500581 2000 216.251
15.935 -0.499578 2000 215.818
15.94 -0.498508 2000 215.355
15.945 -0.497362 2000 214.86
15.95 -0.49613 2000 214.328
15.955 -0.494801 2000 213.754
15.96 -0.493389 2000 213.144
15.965 -0.491926 2000 212.512
15.97 -0.49042 2000 211.862
15.975 -0.488856 2000 211.186
15.98 -0.487215 2000 210.477
15.985 -0.485492 2000 209.733
15.99 -0.483696 2000 208.957
15.995 -0.481851 2000 208.16
16 -0.479983 2000 207.353
16.005 -0.478097 2000 206.538
16.01 -0.476183 2000 205.711
16.015 -0.474238 2000 204.871
16.02 -0.472274 2000 204.022
16.025 -0.470293 2000 203.166
16.03 -0.468289 2000 202.301
16.035 -0.466264 2000 201.426
16.04 -0.464215 2000 200.541
16.045 -0.462127 2000 199.639
16.05 -0.459988 2000 198.715
16.055 -0.457793 2000 197.767
16.06 -0.455538 2000 196.792
16.065 -0.45322 2000 195.791
16.07 -0.450841 2000 194.763
16.075 -0.448403 2000 193.71
16.08 -0.445902 2000 192.63
16.085 -0.443335 2000 191.521
16.09 -0.440697 2000 190.381
16.095 -0.437989 2000 189.211
16.1 -0.435225 2000 188.017
16.105 -0.432415 2000 186.803
16.11 -0.429563 2000 185.571
16.115 -0.426664 2000 184.319
16.12 -0.423721 2000 183.047
16.125 -0.420736 2000 181.758
16.13 -0.417703 2000 180.448
16.135 -0.414622 2000 179.117
16.14 -0.411502 2000 177.769
16.145 -0.408354 2000 176.409
16.15 -0.405178 2000 175.037
16.155 -0.401963 2000 173.648
16.16 -0.398698 2000 172.237
16.165 -0.395371 2000 170.8
16.17 -0.391971 2000 169.332
16.175 -0.38849 2000 167.828
16.18 -0.384938 2000 166.293
16.185 -0.381325 2000 164.733
16.19 -0.377658 2000 163.148
16.195 -0.37394 2000 161.542
16.2 -0.370194 2000 159.924
16.205 -0.366446 2000 158.305
16.21 -0.362708 2000 156.69
16.215 -0.358963 2000 155.072
16.22 -0.355177 2000 153.436
16.225 -0.351337 2000 151.778
16.23 -0.347459 2000 150.102
16.235 -0.343558 2000 148.417
16.24 -0.339633 2000 146.721
16.245 -0.335669 2000 145.009
16.25 -0.331667 2000 143.28
16.255 -0.327635 2000 141.538
16.26 -0.323576 2000 139.785
16.265 -0.319482 2000 138.016
16.27 -0.315346 2000 136.23
16.275 -0.311171 2000 134.426
16.28 -0.306963 2000 132.608
16.285 -0.302733 2000 130.781
16.29 -0.298486 2000 128.946
16.295 -0.294214 2000 127.101
16.3 -0.289915 2000 125.243
16.305 -0.285595 2000 123.377
16.31 -0.281264 2000 121.506
16.315 -0.276927 2000 119.632
16.32 -0.27257 2000 117.75
16.325 -0.268176 2000 115.852
16.33 -0.263745 2000 113.938
16.335 -0.259298 2000 112.017
16.34 -0.254845 2000 110.093
16.345 -0.250378 2000 108.163
16.35 -0.245883 2000 106.222
16.355 -0.241358 2000 104.266
16.36 -0.236805 2000 102.3
16.365 -0.232234 2000 100.325
16.37 -0.227646 2000 98.3431
16.375 -0.223033 2000 96.3502
16.38 -0.218391 2000 94.345
16.385 -0.213725 2000 92.3292
16.39 -0.209036 2000 90.3034
16.395 -0.204326 2000 88.2687
16.4 -0.199601 2000 86.2278
16.405 -0.194861 2000 84.1798
16.41 -0.190098 2000 82.1225
16.415 -0.185316 2000 80.0564
16.42 -0.180509 2000 77.9801
16.425 -0.175659 2000 75.8847
16.43 -0.170746 2000 73.7622
16.435 -0.16578 2000 71.6168
16.44 -0.160784 2000 69.4586
16.445 -0.155763 2000 67.2897
16.45 -0.150704 2000 65.1043
16.455 -0.145603 2000 62.9004
16.46 -0.14047 2000 60.6829
16.465 -0.135317 2000 58.4571
16.47 -0.130145 2000 56.2224
16.475 -0.124945 2000 53.9761
16.48 -0.119712 2000 51.7156
16.485 -0.114446 2000 49.4407
16.49 -0.109163 2000 47.1584
16.495 -0.10389 2000 44.8805
16.5 -0.0986376 2000 42.6114
16.505 -0.0933944 2000 40.3464
16.51 -0.0881453 2000 38.0788
16.515 -0.0828856 2000 35.8066
16.52 -0.077617 2000 33.5305
16.525 -0.0723351 2000 31.2488
16.53 -0.0670297 2000 28.9568
16.535 -0.0617078 2000 26.6577
16.54 -0.0563951 2000 24.3627
16.545 -0.0510987 2000 22.0746
16.55 -0.045795 2000 19.7834
16.555 -0.0404684 2000 17.4823
16.56 -0.0351382 2000 15.1797
16.565 -0.0298275 2000 12.8855
16.57 -0.0245281 2000 10.5962
16.575 -0.019224 2000 8.30476
16.58 -0.013917 2000 6.01213
16.585 -0.00861176 2000 3.72028
16.59 -0.00330329 2000 1.42702
16.595 0.00202222 2000 -0.873598
16.6 0.00738902 2000 -3.19206
16.605 0.0128099 2000 -5.53386
16.61 0.0182558 2000 -7.88649
16.615 0.0236824 2000 -10.2308
16.62 0.0290771 2000 -12.5613
16.625 0.0344555 2000 -14.8848
16.63 0.0398358 2000 -17.2091
16.635 0.0452232 2000 -19.5364
16.64 0.0506079 2000 -21.8626
16.645 0.0559848 2000 -24.1854
16.65 0.0613625 2000 -26.5086
16.655 0.0667474 2000 -28.8349
16.66 0.0721339 2000 -31.1618
16.665 0.0775158 2000 -33.4868
16.67 0.0828975 2000 -35.8117
16.675 0.0882896 2000 -38.1411
16.68 0.0937015 2000 -40.4791
16.685 0.0991418 2000 -42.8293
16.69 0.10461 2000 -45.1916
16.695 0.110086 2000 -47.5571
16.7 0.115549 2000 -49.9172
16.705 0.121004 2000 -52.2737
16.71 0.126462 2000 -54.6318
16.715 0.131913 2000 -56.9865
16.72 0.137344 2000 -59.3325
16.725 0.142776 2000 -61.6793
16.73 0.148243 2000 -64.0409
16.735 0.153741 2000 -66.4161
16.74 0.159243 2000 -68.7928
16.745 0.164734 2000 -71.1651
16.75 0.170221 2000 -73.5354
16.755 0.175706 2000 -75.9048
16.76 0.181179 2000 -78.2692
16.765 0.186628 2000 -80.6233
16.77 0.192053 2000 -82.9668
16.775 0.197464 2000 -85.3044
16.78 0.20287 2000 -87.6396
16.785 0.208268 2000 -89.9717
16.79 0.213651 2000 -92.2974
16.795 0.219016 2000 -94.6151
16.8 0.224363 2000 -96.9246
16.805 0.229687 2000 -99.2246
16.81 0.234985 2000 -101.514
16.815 0.24026 2000 -103.793
16.82 0.245514 2000 -106.062
16.825 0.250754 2000 -108.326
16.83 0.255989 2000 -110.587
16.835 0.261204 2000 -112.84
16.84 0.266391 2000 -115.081
16.845 0.271578 2000 -117.322
16.85 0.276792 2000 -119.574
16.855 0.282026 2000 -121.835
16.86 0.287248 2000 -124.091
16.865 0.292432 2000 -126.331
16.87 0.297563 2000 -128.547
16.875 0.30264 2000 -130.741
16.88 0.307681 2000 -132.918
16.885 0.312698 2000 -135.086
16.89 0.317694 2000 -137.244
16.895 0.322664 2000 -139.391
