0.1 2.1344e-17 -0.0158919 -9.88147e-20
0.2 3.88419e-17 -0.0320297 -1.79824e-19
0.3 2.2412e-17 -0.048425 -1.03759e-19
0.4 8.47989e-18 -0.0650907 -3.92588e-20
0.5 4.34549e-17 -0.0820405 -2.0118e-19
0.6 5.38091e-17 -0.0992899 -2.49116e-19
0.7 2.09494e-16 -0.116862 -9.69878e-19
0.8 8.21719e-17 -0.134844 -3.80425e-19
0.9 -7.90251e-17 -0.153424 3.65857e-19
1 1.69424e-16 -0.172539 -7.84372e-19
0.005 9.10288e-07 -0.172539 -3.16072e-09
0.01 4.55491e-06 -0.172539 -1.58157e-08
0.015 1.18544e-05 -0.17254 -4.11611e-08
0.02 2.28222e-05 -0.17254 -7.92436e-08
0.025 3.74712e-05 -0.17254 -1.30108e-07
0.03 5.5814e-05 -0.17254 -1.93799e-07
0.035 7.78628e-05 -0.17254 -2.70357e-07
0.04 0.000103629 -0.17254 -3.59823e-07
0.045 0.000133124 -0.17254 -4.62236e-07
0.05 0.000166358 -0.17254 -5.77632e-07
0.055 0.000203342 -0.17254 -7.06049e-07
0.06 0.000244086 -0.17254 -8.47519e-07
0.065 0.000288598 -0.17254 -1.00207e-06
0.07 0.000336887 -0.17254 -1.16974e-06
0.075 0.000388961 -0.172541 -1.35056e-06
0.08 0.00044483 -0.172541 -1.54455e-06
0.085 0.000504501 -0.172541 -1.75174e-06
0.09 0.000567982 -0.172541 -1.97216e-06
0.095 0.00063528 -0.172541 -2.20583e-06
0.1 0.000706399 -0.172542 -2.45277e-06
0.105 0.000781343 -0.172542 -2.71299e-06
0.11 0.000860119 -0.172542 -2.98652e-06
0.115 0.000942731 -0.172542 -3.27336e-06
0.12 0.00102918 -0.172543 -3.57355e-06
0.125 0.00111949 -0.172543 -3.88709e-06
0.13 0.00121364 -0.172543 -4.214e-06
0.135 0.00131164 -0.172543 -4.55429e-06
0.14 0.0014135 -0.172544 -4.90797e-06
0.145 0.00151922 -0.172544 -5.27504e-06
0.15 0.00162879 -0.172544 -5.65551e-06
0.155 0.00174223 -0.172545 -6.04938e-06
0.16 0.00185953 -0.172545 -6.45667e-06
0.165 0.00198069 -0.172546 -6.87736e-06
0.17 0.00210571 -0.172546 -7.31146e-06
0.175 0.00223459 -0.172546 -7.75897e-06
0.18 0.00236734 -0.172547 -8.21988e-06
0.185 0.00250394 -0.172547 -8.69419e-06
0.19 0.0026444 -0.172548 -9.1819e-06
0.195 0.00278872 -0.172548 -9.68298e-06
0.2 0.00293688 -0.172548 -1.01974e-05
0.205 0.0030889 -0.172549 -1.07253e-05
0.21 0.00324475 -0.172549 -1.12664e-05
0.215 0.00340444 -0.17255 -1.18209e-05
0.22 0.00356796 -0.17255 -1.23886e-05
0.225 0.00373531 -0.172551 -1.29697e-05
0.23 0.0039065 -0.172551 -1.35641e-05
0.235 0.0040815 -0.172552 -1.41717e-05
0.24 0.00426029 -0.172552 -1.47925e-05
0.245 0.00444288 -0.172553 -1.54265e-05
0.25 0.00462926 -0.172554 -1.60736e-05
0.255 0.00481943 -0.172554 -1.67339e-05
0.26 0.00501339 -0.172555 -1.74074e-05
0.265 0.00521111 -0.172555 -1.80939e-05
0.27 0.0054126 -0.172556 -1.87935e-05
0.275 0.00561785 -0.172557 -1.95061e-05
0.28 0.00582683 -0.172557 -2.02318e-05
0.285 0.00603954 -0.172558 -2.09703e-05
0.29 0.00625597 -0.172559 -2.17218e-05
0.295 0.00647612 -0.172559 -2.24862e-05
0.3 0.00669999 -0.17256 -2.32635e-05
0.305 0.00692756 -0.172561 -2.40536e-05
0.31 0.00715881 -0.172561 -2.48565e-05
0.315 0.00739373 -0.172562 -2.56722e-05
0.32 0.0076323 -0.172563 -2.65005e-05
0.325 0.0078745 -0.172563 -2.73415e-05
0.33 0.00812032 -0.172564 -2.8195e-05
0.335 0.00836975 -0.172565 -2.9061e-05
0.34 0.00862278 -0.172566 -2.99396e-05
0.345 0.00887938 -0.172567 -3.08305e-05
0.35 0.00913953 -0.172567 -3.17338e-05
0.355 0.00940323 -0.172568 -3.26493e-05
0.36 0.00967046 -0.172569 -3.35772e-05
0.365 0.00994124 -0.17257 -3.45174e-05
0.37 0.0102155 -0.172571 -3.54697e-05
0.375 0.0104933 -0.172571 -3.6434e-05
0.38 0.0107745 -0.172572 -3.74103e-05
0.385 0.0110591 -0.172573 -3.83985e-05
0.39 0.0113471 -0.172574 -3.93986e-05
0.395 0.0116385 -0.172575 -4.04105e-05
0.4 0.0119334 -0.172576 -4.14341e-05
0.405 0.0122316 -0.172577 -4.24695e-05
0.41 0.0125332 -0.172578 -4.35166e-05
0.415 0.0128381 -0.172579 -4.45753e-05
0.42 0.0131463 -0.17258 -4.56454e-05
0.425 0.0134578 -0.172581 -4.6727e-05
0.43 0.0137726 -0.172582 -4.78199e-05
0.435 0.0140906 -0.172582 -4.8924e-05
0.44 0.0144118 -0.172583 -5.00392e-05
0.445 0.0147362 -0.172584 -5.11656e-05
0.45 0.0150638 -0.172585 -5.23029e-05
0.455 0.0153945 -0.172586 -5.34512e-05
0.46 0.0157284 -0.172587 -5.46103e-05
0.465 0.0160653 -0.172589 -5.57801e-05
0.47 0.0164053 -0.17259 -5.69606e-05
0.475 0.0167484 -0.172591 -5.81517e-05
0.48 0.0170944 -0.172592 -5.93532e-05
0.485 0.0174435 -0.172593 -6.05652e-05
0.49 0.0177956 -0.172594 -6.17874e-05
0.495 0.0181505 -0.172595 -6.30199e-05
0.5 0.0185084 -0.172596 -6.42625e-05
0.505 0.0188692 -0.172597 -6.55152e-05
0.51 0.0192329 -0.172598 -6.67777e-05
0.515 0.0195994 -0.172599 -6.80501e-05
0.52 0.0199687 -0.1726 -6.93323e-05
0.525 0.0203408 -0.172602 -7.06242e-05
0.53 0.0207156 -0.172603 -7.19256e-05
0.535 0.0210932 -0.172604 -7.32365e-05
0.54 0.0214734 -0.172605 -7.45566e-05
0.545 0.0218563 -0.172606 -7.5886e-05
0.55 0.0222418 -0.172607 -7.72244e-05
0.555 0.0226299 -0.172609 -7.85718e-05
0.56 0.0230206 -0.17261 -7.9928e-05
0.565 0.0234137 -0.172611 -8.12929e-05
0.57 0.0238093 -0.172612 -8.26663e-05
0.575 0.0242072 -0.172613 -8.40479e-05
0.58 0.0246075 -0.172615 -8.54376e-05
0.585 0.02501 -0.172616 -8.6835e-05
0.59 0.0254148 -0.172617 -8.82403e-05
0.595 0.0258219 -0.172618 -8.96536e-05
0.6 0.0262313 -0.17262 -9.1075e-05
0.605 0.026643 -0.172621 -9.25045e-05
0.61 0.027057 -0.172622 -9.39417e-05
0.615 0.0274731 -0.172623 -9.53864e-05
0.62 0.0278915 -0.172625 -9.68387e-05
0.625 0.028312 -0.172626 -9.82987e-05
0.63 0.0287347 -0.172627 -9.97661e-05
0.635 0.0291594 -0.172629 -0.000101241
0.64 0.0295862 -0.17263 -0.000102723
0.645 0.030015 -0.172631 -0.000104211
0.65 0.0304458 -0.172633 -0.000105707
0.655 0.0308785 -0.172634 -0.000107209
0.66 0.031313 -0.172635 -0.000108717
0.665 0.0317493 -0.172637 -0.000110232
0.67 0.0321873 -0.172638 -0.000111753
0.675 0.032627 -0.172639 -0.000113279
0.68 0.0330684 -0.172641 -0.000114811
0.685 0.0335115 -0.172642 -0.00011635
0.69 0.0339563 -0.172643 -0.000117894
0.695 0.0344026 -0.172645 -0.000119443
0.7 0.0348505 -0.172646 -0.000120998
0.705 0.0352999 -0.172648 -0.000122558
0.71 0.0357507 -0.172649 -0.000124124
0.715 0.0362031 -0.17265 -0.000125694
0.72 0.0366568 -0.172652 -0.000127269
0.725 0.037112 -0.172653 -0.000128849
0.73 0.0375684 -0.172655 -0.000130434
0.735 0.0380261 -0.172656 -0.000132023
0.74 0.038485 -0.172657 -0.000133616
0.745 0.0389449 -0.172659 -0.000135212
0.75 0.0394059 -0.17266 -0.000136813
0.755 0.0398678 -0.172662 -0.000138416
0.76 0.0403307 -0.172663 -0.000140023
0.765 0.0407945 -0.172665 -0.000141633
0.77 0.0412592 -0.172666 -0.000143246
0.775 0.0417248 -0.172667 -0.000144863
0.78 0.0421913 -0.172669 -0.000146482
0.785 0.0426587 -0.17267 -0.000148105
0.79 0.043127 -0.172672 -0.00014973
0.795 0.043596 -0.172673 -0.000151359
0.8 0.0440658 -0.172675 -0.000152989
0.805 0.0445361 -0.172676 -0.000154622
0.81 0.045007 -0.172678 -0.000156257
0.815 0.0454785 -0.172679 -0.000157894
0.82 0.0459505 -0.17268 -0.000159532
0.825 0.0464228 -0.172682 -0.000161172
0.83 0.0468954 -0.172683 -0.000162812
0.835 0.0473684 -0.172685 -0.000164454
0.84 0.0478419 -0.172686 -0.000166098
0.845 0.0483157 -0.172688 -0.000167743
0.85 0.0487896 -0.172689 -0.000169388
0.855 0.0492638 -0.172691 -0.000171034
0.86 0.0497383 -0.172692 -0.000172681
0.865 0.050213 -0.172694 -0.000174329
0.87 0.0506879 -0.172695 -0.000175977
0.875 0.0511627 -0.172697 -0.000177626
0.88 0.0516376 -0.172698 -0.000179274
0.885 0.0521124 -0.1727 -0.000180922
0.89 0.0525871 -0.172701 -0.00018257
0.895 0.0530618 -0.172703 -0.000184218
0.9 0.0535364 -0.172704 -0.000185866
0.905 0.054011 -0.172705 -0.000187513
0.91 0.0544853 -0.172707 -0.000189159
0.915 0.0549593 -0.172708 -0.000190805
0.92 0.055433 -0.17271 -0.000192449
0.925 0.0559063 -0.172711 -0.000194092
0.93 0.0563792 -0.172713 -0.000195734
0.935 0.0568516 -0.172714 -0.000197374
0.94 0.0573237 -0.172716 -0.000199013
0.945 0.0577953 -0.172717 -0.00020065
0.95 0.0582662 -0.172719 -0.000202284
0.955 0.0587364 -0.17272 -0.000203916
0.96 0.0592061 -0.172722 -0.000205547
0.965 0.059675 -0.172723 -0.000207174
0.97 0.0601433 -0.172725 -0.0002088
0.975 0.0606106 -0.172726 -0.000210422
0.98 0.0610771 -0.172727 -0.000212041
0.985 0.0615425 -0.172729 -0.000213657
0.99 0.0620067 -0.17273 -0.000215268
0.995 0.0624698 -0.172732 -0.000216876
1 0.0629318 -0.172733 -0.000218479
1.005 0.0633929 -0.172735 -0.00022008
1.01 0.0638529 -0.172736 -0.000221677
1.015 0.0643118 -0.172737 -0.00022327
1.02 0.0647696 -0.172739 -0.000224858
1.025 0.0652261 -0.17274 -0.000226443
1.03 0.0656815 -0.172742 -0.000228024
1.035 0.0661356 -0.172743 -0.0002296
1.04 0.0665883 -0.172745 -0.000231172
1.045 0.0670396 -0.172746 -0.000232738
1.05 0.0674893 -0.172747 -0.000234299
1.055 0.0679371 -0.172749 -0.000235853
1.06 0.0683832 -0.17275 -0.000237402
1.065 0.0688276 -0.172752 -0.000238944
1.07 0.0692701 -0.172753 -0.00024048
1.075 0.0697108 -0.172754 -0.00024201
1.08 0.0701495 -0.172756 -0.000243533
1.085 0.0705861 -0.172757 -0.000245048
1.09 0.0710208 -0.172758 -0.000246557
1.095 0.0714533 -0.17276 -0.000248058
1.1 0.0718837 -0.172761 -0.000249552
1.105 0.072312 -0.172762 -0.000251039
1.11 0.0727384 -0.172764 -0.000252519
1.115 0.0731626 -0.172765 -0.000253991
1.12 0.0735846 -0.172766 -0.000255456
1.125 0.0740041 -0.172768 -0.000256912
1.13 0.0744212 -0.172769 -0.00025836
1.135 0.0748361 -0.17277 -0.0002598
1.14 0.0752488 -0.172772 -0.000261232
1.145 0.0756593 -0.172773 -0.000262657
1.15 0.0760672 -0.172774 -0.000264073
1.155 0.0764724 -0.172775 -0.000265479
1.16 0.0768749 -0.172777 -0.000266877
1.165 0.0772749 -0.172778 -0.000268265
1.17 0.0776723 -0.172779 -0.000269644
1.175 0.0780673 -0.17278 -0.000271015
1.18 0.0784597 -0.172782 -0.000272377
1.185 0.0788494 -0.172783 -0.00027373
1.19 0.0792363 -0.172784 -0.000275073
1.195 0.0796202 -0.172785 -0.000276405
1.2 0.0800011 -0.172786 -0.000277727
1.205 0.0803788 -0.172788 -0.000279038
1.21 0.0807533 -0.172789 -0.000280338
1.215 0.0811248 -0.17279 -0.000281627
1.22 0.081493 -0.172791 -0.000282905
1.225 0.0818581 -0.172792 -0.000284173
1.23 0.0822198 -0.172793 -0.000285428
1.235 0.0825781 -0.172794 -0.000286672
1.24 0.0829335 -0.172796 -0.000287905
1.245 0.0832863 -0.172797 -0.00028913
1.25 0.0836365 -0.172798 -0.000290345
1.255 0.0839836 -0.172799 -0.00029155
1.26 0.0843272 -0.1728 -0.000292742
1.265 0.084667 -0.172801 -0.000293922
1.27 0.0850032 -0.172802 -0.000295089
1.275 0.0853358 -0.172803 -0.000296243
1.28 0.0856649 -0.172804 -0.000297385
1.285 0.0859905 -0.172805 -0.000298515
1.29 0.0863123 -0.172806 -0.000299632
1.295 0.0866306 -0.172807 -0.000300737
1.3 0.0869452 -0.172808 -0.000301829
1.305 0.0872563 -0.172809 -0.000302909
1.31 0.0875638 -0.17281 -0.000303976
1.315 0.0878674 -0.172811 -0.00030503
1.32 0.0881671 -0.172812 -0.00030607
1.325 0.0884629 -0.172813 -0.000307097
1.33 0.0887548 -0.172814 -0.00030811
1.335 0.089043 -0.172815 -0.00030911
1.34 0.0893276 -0.172816 -0.000310098
1.345 0.0896084 -0.172816 -0.000311072
1.35 0.0898853 -0.172817 -0.000312033
1.355 0.0901578 -0.172818 -0.000312979
1.36 0.0904263 -0.172819 -0.000313911
1.365 0.0906906 -0.17282 -0.000314828
1.37 0.0909507 -0.172821 -0.000315731
1.375 0.0912065 -0.172822 -0.000316619
1.38 0.0914579 -0.172822 -0.000317491
1.385 0.0917048 -0.172823 -0.000318348
1.39 0.0919472 -0.172824 -0.00031919
1.395 0.0921852 -0.172825 -0.000320016
1.4 0.0924187 -0.172825 -0.000320826
1.405 0.0926477 -0.172826 -0.000321621
1.41 0.0928723 -0.172827 -0.0003224
1.415 0.0930926 -0.172827 -0.000323165
1.42 0.0933083 -0.172828 -0.000323914
1.425 0.0935196 -0.172829 -0.000324647
1.43 0.0937262 -0.172829 -0.000325364
1.435 0.0939281 -0.17283 -0.000326065
1.44 0.0941253 -0.172831 -0.000326749
1.445 0.0943177 -0.172831 -0.000327417
1.45 0.0945055 -0.172832 -0.000328068
1.455 0.0946886 -0.172832 -0.000328704
1.46 0.0948667 -0.172833 -0.000329322
1.465 0.0950399 -0.172834 -0.000329923
1.47 0.0952084 -0.172834 -0.000330508
1.475 0.0953723 -0.172835 -0.000331077
1.48 0.0955318 -0.172835 -0.00033163
1.485 0.0956864 -0.172836 -0.000332167
1.49 0.0958359 -0.172836 -0.000332686
1.495 0.0959802 -0.172836 -0.000333187
1.5 0.0961196 -0.172837 -0.00033367
1.505 0.096254 -0.172837 -0.000334137
1.51 0.0963834 -0.172838 -0.000334586
1.515 0.0965075 -0.172838 -0.000335017
1.52 0.0966264 -0.172839 -0.000335429
1.525 0.0967402 -0.172839 -0.000335824
1.53 0.0968495 -0.172839 -0.000336204
1.535 0.0969541 -0.17284 -0.000336567
1.54 0.0970537 -0.17284 -0.000336912
1.545 0.0971479 -0.17284 -0.000337239
1.55 0.0972365 -0.17284 -0.000337547
1.555 0.0973198 -0.172841 -0.000337836
1.56 0.0973978 -0.172841 -0.000338106
1.565 0.0974706 -0.172841 -0.000338359
1.57 0.0975382 -0.172841 -0.000338594
1.575 0.0976003 -0.172842 -0.00033881
1.58 0.0976569 -0.172842 -0.000339006
1.585 0.0977077 -0.172842 -0.000339182
1.59 0.0977527 -0.172842 -0.000339338
1.595 0.0977918 -0.172842 -0.000339474
1.6 0.0978254 -0.172842 -0.000339591
1.605 0.0978537 -0.172842 -0.000339689
1.61 0.0978767 -0.172842 -0.000339769
1.615 0.0978943 -0.172842 -0.00033983
1.62 0.0979063 -0.172843 -0.000339871
1.625 0.0979127 -0.172843 -0.000339893
1.63 0.0979135 -0.172843 -0.000339896
1.635 0.0979087 -0.172843 -0.00033988
1.64 0.097898 -0.172843 -0.000339843
1.645 0.0978812 -0.172843 -0.000339784
1.65 0.0978581 -0.172843 -0.000339704
1.655 0.0978292 -0.172843 -0.000339604
1.66 0.0977947 -0.172843 -0.000339484
1.665 0.0977546 -0.172843 -0.000339345
1.67 0.097709 -0.172843 -0.000339186
1.675 0.0976578 -0.172843 -0.000339008
1.68 0.097601 -0.172843 -0.000338811
1.685 0.0975383 -0.172843 -0.000338593
1.69 0.0974695 -0.172843 -0.000338355
1.695 0.0973947 -0.172843 -0.000338095
1.7 0.0973141 -0.172843 -0.000337815
1.705 0.0972276 -0.172843 -0.000337515
1.71 0.0971353 -0.172843 -0.000337194
1.715 0.097037 -0.172843 -0.000336853
1.72 0.0969323 -0.172843 -0.000336489
1.725 0.096821 -0.172843 -0.000336103
1.73 0.096703 -0.172843 -0.000335693
1.735 0.0965783 -0.172843 -0.00033526
1.74 0.0964472 -0.172843 -0.000334805
1.745 0.0963099 -0.172843 -0.000334328
1.75 0.0961663 -0.172843 -0.00033383
1.755 0.0960162 -0.172843 -0.000333309
1.76 0.0958597 -0.172843 -0.000332765
1.765 0.0956969 -0.172843 -0.0003322
1.77 0.095528 -0.172843 -0.000331613
1.775 0.095353 -0.172843 -0.000331006
1.78 0.0951718 -0.172843 -0.000330376
1.785 0.0949845 -0.172843 -0.000329726
1.79 0.0947913 -0.172843 -0.000329056
1.795 0.0945924 -0.172843 -0.000328365
1.8 0.0943875 -0.172843 -0.000327653
1.805 0.0941765 -0.172843 -0.000326921
1.81 0.0939596 -0.172843 -0.000326167
1.815 0.0937363 -0.172843 -0.000325392
1.82 0.0935067 -0.172843 -0.000324595
1.825 0.0932707 -0.172843 -0.000323776
1.83 0.0930284 -0.172843 -0.000322934
1.835 0.0927802 -0.172843 -0.000322072
1.84 0.0925259 -0.172843 -0.000321189
1.845 0.0922655 -0.172843 -0.000320285
1.85 0.091999 -0.172843 -0.00031936
1.855 0.0917262 -0.172843 -0.000318413
1.86 0.0914471 -0.172843 -0.000317444
1.865 0.0911621 -0.172843 -0.000316454
1.87 0.0908714 -0.172843 -0.000315445
1.875 0.0905749 -0.172843 -0.000314415
1.88 0.0902724 -0.172843 -0.000313365
1.885 0.0899638 -0.172843 -0.000312293
1.89 0.089649 -0.172843 -0.0003112
1.895 0.0893279 -0.172843 -0.000310085
1.9 0.0890007 -0.172843 -0.000308949
1.905 0.0886677 -0.172843 -0.000307793
1.91 0.0883289 -0.172843 -0.000306616
1.915 0.0879842 -0.172843 -0.00030542
1.92 0.087634 -0.172843 -0.000304204
1.925 0.0872783 -0.172843 -0.000302968
1.93 0.0869172 -0.172843 -0.000301715
1.935 0.0865508 -0.172843 -0.000300443
1.94 0.0861788 -0.172843 -0.000299151
1.945 0.0858009 -0.172843 -0.000297839
1.95 0.0854171 -0.172843 -0.000296506
1.955 0.0850278 -0.172843 -0.000295154
1.96 0.0846331 -0.172843 -0.000293784
1.965 0.0842324 -0.172843 -0.000292393
1.97 0.0838255 -0.172843 -0.00029098
1.975 0.0834125 -0.172843 -0.000289545
1.98 0.0829934 -0.172843 -0.00028809
1.985 0.0825683 -0.172843 -0.000286614
1.99 0.0821369 -0.172843 -0.000285117
1.995 0.0816992 -0.172843 -0.000283597
2 0.0812556 -0.172843 -0.000282056
2.005 0.0808069 -0.172843 -0.000280498
2.01 0.0803536 -0.172843 -0.000278924
2.015 0.0798954 -0.172843 -0.000277333
2.02 0.0794318 -0.172843 -0.000275724
2.025 0.0789628 -0.172843 -0.000274095
2.03 0.0784886 -0.172843 -0.000272449
2.035 0.078009 -0.172843 -0.000270784
2.04 0.0775242 -0.172843 -0.0002691
2.045 0.0770346 -0.172843 -0.0002674
2.05 0.0765406 -0.172843 -0.000265685
2.055 0.0760421 -0.172843 -0.000263954
2.06 0.0755389 -0.172843 -0.000262207
2.065 0.0750311 -0.172843 -0.000260443
2.07 0.0745184 -0.172843 -0.000258663
2.075 0.0740007 -0.172843 -0.000256866
2.08 0.0734781 -0.172843 -0.000255051
2.085 0.0729508 -0.172843 -0.00025322
2.09 0.072419 -0.172843 -0.000251374
2.095 0.071883 -0.172843 -0.000249513
2.1 0.0713428 -0.172843 -0.000247637
2.105 0.0707977 -0.172843 -0.000245744
2.11 0.0702472 -0.172843 -0.000243833
2.115 0.0696914 -0.172843 -0.000241903
2.12 0.0691305 -0.172843 -0.000239955
2.125 0.0685649 -0.172843 -0.000237991
2.13 0.0679941 -0.172843 -0.00023601
2.135 0.0674176 -0.172843 -0.000234008
2.14 0.0668351 -0.172843 -0.000231985
2.145 0.0662468 -0.172843 -0.000229943
2.15 0.0656536 -0.172843 -0.000227883
2.155 0.0650555 -0.172843 -0.000225806
2.16 0.0644525 -0.172843 -0.000223712
2.165 0.0638446 -0.172843 -0.000221602
2.17 0.0632321 -0.172843 -0.000219475
2.175 0.0626152 -0.172843 -0.000217333
2.18 0.0619942 -0.172843 -0.000215176
2.185 0.0613688 -0.172843 -0.000213005
2.19 0.0607389 -0.172843 -0.000210818
2.195 0.0601047 -0.172843 -0.000208616
2.2 0.0594664 -0.172843 -0.0002064
2.205 0.0588247 -0.172843 -0.000204172
2.21 0.0581794 -0.172843 -0.000201931
2.215 0.0575295 -0.172843 -0.000199674
2.22 0.0568753 -0.172843 -0.000197403
2.225 0.0562177 -0.172843 -0.000195119
2.23 0.0555572 -0.172843 -0.000192826
2.235 0.0548934 -0.172843 -0.000190521
2.24 0.0542255 -0.172843 -0.000188202
2.245 0.0535535 -0.172843 -0.000185869
2.25 0.0528775 -0.172843 -0.000183522
2.255 0.0521976 -0.172843 -0.000181161
2.26 0.0515133 -0.172843 -0.000178784
2.265 0.0508247 -0.172843 -0.000176394
2.27 0.0501326 -0.172843 -0.000173991
2.275 0.0494374 -0.172843 -0.000171576
2.28 0.0487388 -0.172843 -0.000169151
2.285 0.0480362 -0.172843 -0.000166711
2.29 0.0473291 -0.172843 -0.000164256
2.295 0.0466178 -0.172843 -0.000161786
2.3 0.0459028 -0.172843 -0.000159304
2.305 0.0451849 -0.172843 -0.000156811
2.31 0.0444645 -0.172843 -0.000154309
2.315 0.0437415 -0.172843 -0.000151799
2.32 0.0430158 -0.172843 -0.000149279
2.325 0.0422875 -0.172843 -0.000146751
2.33 0.0415565 -0.172843 -0.000144212
2.335 0.0408221 -0.172843 -0.000141662
2.34 0.0400841 -0.172843 -0.0001391
2.345 0.0393432 -0.172843 -0.000136527
2.35 0.0386001 -0.172843 -0.000133947
2.355 0.0378546 -0.172843 -0.000131359
2.36 0.0371063 -0.172843 -0.00012876
2.365 0.0363548 -0.172843 -0.000126151
2.37 0.0356002 -0.172843 -0.000123531
2.375 0.0348422 -0.172843 -0.000120899
2.38 0.0340807 -0.172843 -0.000118255
2.385 0.0333164 -0.172843 -0.000115601
2.39 0.03255 -0.172843 -0.00011294
2.395 0.0317815 -0.172843 -0.000110271
2.4 0.0310104 -0.172843 -0.000107594
2.405 0.0302361 -0.172843 -0.000104906
2.41 0.0294584 -0.172843 -0.000102205
2.415 0.0286775 -0.172843 -9.94938e-05
2.42 0.0278946 -0.172843 -9.67754e-05
2.425 0.0271104 -0.172843 -9.40525e-05
2.43 0.0263248 -0.172843 -9.13249e-05
2.435 0.0255372 -0.172844 -8.85902e-05
2.44 0.0247471 -0.172844 -8.58466e-05
2.445 0.0239541 -0.172844 -8.30933e-05
2.45 0.0231584 -0.172844 -8.03305e-05
2.455 0.0223606 -0.172844 -7.75605e-05
2.46 0.0215614 -0.172844 -7.47857e-05
2.465 0.0207608 -0.172844 -7.2006e-05
2.47 0.0199584 -0.172844 -6.92197e-05
2.475 0.0191537 -0.172844 -6.64259e-05
2.48 0.0183469 -0.172845 -6.36246e-05
2.485 0.017538 -0.172845 -6.08161e-05
2.49 0.0167271 -0.172845 -5.80009e-05
2.495 0.0159145 -0.172845 -5.51798e-05
2.5 0.0151004 -0.172846 -5.23535e-05
2.505 0.0142846 -0.172846 -4.95215e-05
2.51 0.0134671 -0.172847 -4.66834e-05
2.515 0.0126478 -0.172847 -4.38391e-05
2.52 0.011827 -0.172848 -4.09903e-05
2.525 0.0110055 -0.172849 -3.81387e-05
2.53 0.0101837 -0.17285 -3.52859e-05
2.535 0.0093617 -0.172851 -3.24328e-05
2.54 0.00853929 -0.172851 -2.95783e-05
2.545 0.00771565 -0.172853 -2.67196e-05
2.55 0.00689 -0.172854 -2.38541e-05
2.555 0.00606223 -0.172855 -2.09812e-05
2.56 0.00523293 -0.172857 -1.81032e-05
2.565 0.0044032 -0.172859 -1.52238e-05
2.57 0.00357369 -0.172861 -1.23453e-05
2.575 0.00274387 -0.172864 -9.46581e-06
2.58 0.00191281 -0.172866 -6.582e-06
2.585 0.00108042 -0.172869 -3.69363e-06
2.59 0.00024743 -0.172871 -8.03175e-07
2.595 -0.000585727 -0.172874 2.08789e-06
2.6 -0.00141929 -0.172876 4.98041e-06
2.605 -0.00225348 -0.172879 7.87516e-06
2.61 -0.00308813 -0.172881 1.07716e-05
2.615 -0.00392311 -0.172884 1.36693e-05
2.62 -0.00475842 -0.172887 1.65682e-05
2.625 -0.00559393 -0.172889 1.94679e-05
2.63 -0.00642913 -0.172892 2.23667e-05
2.635 -0.00726367 -0.172894 2.52632e-05
2.64 -0.00809775 -0.172897 2.81582e-05
2.645 -0.00893186 -0.172899 3.10534e-05
2.65 -0.00976635 -0.172902 3.39501e-05
2.655 -0.0106012 -0.172904 3.68479e-05
2.66 -0.0114357 -0.172907 3.97447e-05
2.665 -0.0122691 -0.172909 4.2638e-05
2.67 -0.0131014 -0.172912 4.5527e-05
2.675 -0.0139328 -0.172914 4.84133e-05
2.68 -0.0147639 -0.172917 5.12984e-05
2.685 -0.0155945 -0.17292 5.41819e-05
2.69 -0.0164245 -0.172922 5.70634e-05
2.695 -0.0172546 -0.172925 5.9945e-05
2.7 -0.0180851 -0.172927 6.28283e-05
2.705 -0.0189157 -0.17293 6.57118e-05
2.71 -0.0197455 -0.172932 6.85925e-05
2.715 -0.0205736 -0.172935 7.14673e-05
2.72 -0.0213998 -0.172937 7.43359e-05
2.725 -0.0222257 -0.17294 7.72031e-05
2.73 -0.0230528 -0.172943 8.00745e-05
2.735 -0.023881 -0.172945 8.29495e-05
2.74 -0.0247089 -0.172948 8.58237e-05
2.745 -0.0255359 -0.17295 8.86947e-05
2.75 -0.0263623 -0.172953 9.15639e-05
2.755 -0.0271891 -0.172955 9.44342e-05
2.76 -0.0280167 -0.172958 9.73073e-05
2.765 -0.0288446 -0.17296 0.000100181
2.77 -0.0296717 -0.172963 0.000103053
2.775 -0.0304972 -0.172966 0.000105918
2.78 -0.0313208 -0.172968 0.000108778
2.785 -0.032142 -0.172971 0.000111629
2.79 -0.0329609 -0.172973 0.000114472
2.795 -0.0337782 -0.172976 0.000117309
2.8 -0.034594 -0.172978 0.000120141
2.805 -0.0354081 -0.172981 0.000122967
2.81 -0.0362202 -0.172983 0.000125786
2.815 -0.0370311 -0.172986 0.000128601
2.82 -0.0378413 -0.172988 0.000131414
2.825 -0.0386506 -0.172991 0.000134224
2.83 -0.0394587 -0.172993 0.000137029
2.835 -0.0402648 -0.172996 0.000139827
2.84 -0.0410689 -0.172998 0.000142619
2.845 -0.0418719 -0.173001 0.000145406
2.85 -0.042674 -0.173003 0.00014819
2.855 -0.0434744 -0.173006 0.000150969
2.86 -0.0442722 -0.173008 0.000153738
2.865 -0.0450675 -0.173011 0.000156499
2.87 -0.0458608 -0.173013 0.000159253
2.875 -0.0466519 -0.173016 0.000161999
2.88 -0.0474407 -0.173018 0.000164737
2.885 -0.0482272 -0.173021 0.000167468
2.89 -0.0490114 -0.173023 0.00017019
2.895 -0.0497934 -0.173025 0.000172905
2.9 -0.0505728 -0.173028 0.00017561
2.905 -0.0513495 -0.17303 0.000178306
2.91 -0.0521241 -0.173033 0.000180995
2.915 -0.0528968 -0.173035 0.000183677
2.92 -0.0536675 -0.173038 0.000186353
2.925 -0.0544359 -0.17304 0.00018902
2.93 -0.0552018 -0.173042 0.000191679
2.935 -0.0559654 -0.173045 0.000194329
2.94 -0.056726 -0.173047 0.000196969
2.945 -0.0574833 -0.173049 0.000199598
2.95 -0.0582376 -0.173052 0.000202216
2.955 -0.0589898 -0.173054 0.000204827
2.96 -0.05974 -0.173056 0.000207431
2.965 -0.0604873 -0.173059 0.000210025
2.97 -0.0612312 -0.173061 0.000212608
2.975 -0.061972 -0.173063 0.000215179
2.98 -0.06271 -0.173066 0.000217741
2.985 -0.0634448 -0.173068 0.000220291
2.99 -0.064176 -0.17307 0.000222829
2.995 -0.064903 -0.173073 0.000225353
3 -0.0656252 -0.173075 0.00022786
3.005 -0.066343 -0.173077 0.000230351
3.01 -0.0670575 -0.173079 0.000232831
3.015 -0.0677693 -0.173082 0.000235302
3.02 -0.0684777 -0.173084 0.000237761
3.025 -0.0691817 -0.173086 0.000240204
3.03 -0.0698808 -0.173088 0.000242631
3.035 -0.0705751 -0.17309 0.000245041
3.04 -0.0712653 -0.173092 0.000247437
3.045 -0.0719523 -0.173095 0.000249821
3.05 -0.0726363 -0.173097 0.000252195
3.055 -0.0733172 -0.173099 0.000254558
3.06 -0.0739947 -0.173101 0.00025691
3.065 -0.0746685 -0.173103 0.000259249
3.07 -0.075339 -0.173105 0.000261576
3.075 -0.0760062 -0.173107 0.000263892
3.08 -0.0766695 -0.173109 0.000266194
3.085 -0.0773282 -0.173111 0.00026848
3.09 -0.0779826 -0.173114 0.000270751
3.095 -0.0786328 -0.173116 0.000273008
3.1 -0.0792785 -0.173118 0.000275249
3.105 -0.0799196 -0.17312 0.000277474
3.11 -0.0805565 -0.173122 0.000279685
3.115 -0.0811895 -0.173124 0.000281882
3.12 -0.0818186 -0.173126 0.000284066
3.125 -0.0824438 -0.173128 0.000286236
3.13 -0.0830655 -0.173129 0.000288393
3.135 -0.0836835 -0.173131 0.000290538
3.14 -0.0842976 -0.173133 0.00029267
3.145 -0.0849075 -0.173135 0.000294787
3.15 -0.0855134 -0.173137 0.000296889
3.155 -0.0861148 -0.173139 0.000298977
3.16 -0.0867112 -0.173141 0.000301047
3.165 -0.0873025 -0.173143 0.000303099
3.17 -0.0878893 -0.173145 0.000305135
3.175 -0.0884724 -0.173146 0.000307159
3.18 -0.0890523 -0.173148 0.000309172
3.185 -0.0896287 -0.17315 0.000311172
3.19 -0.0902007 -0.173152 0.000313158
3.195 -0.0907682 -0.173154 0.000315127
3.2 -0.0913311 -0.173155 0.000317081
3.205 -0.0918895 -0.173157 0.000319019
3.21 -0.0924447 -0.173159 0.000320946
3.215 -0.0929973 -0.173161 0.000322864
3.22 -0.0935463 -0.173162 0.000324769
3.225 -0.0940896 -0.173164 0.000326655
3.23 -0.0946262 -0.173166 0.000328517
3.235 -0.0951573 -0.173168 0.00033036
3.24 -0.0956844 -0.173169 0.00033219
3.245 -0.0962074 -0.173171 0.000334005
3.25 -0.0967257 -0.173172 0.000335803
3.255 -0.0972396 -0.173174 0.000337587
3.26 -0.0977501 -0.173176 0.000339358
3.265 -0.0982563 -0.173177 0.000341115
3.27 -0.098757 -0.173179 0.000342853
3.275 -0.0992524 -0.17318 0.000344572
3.28 -0.099743 -0.173182 0.000346275
3.285 -0.100229 -0.173184 0.00034796
3.29 -0.100709 -0.173185 0.000349627
3.295 -0.101185 -0.173187 0.00035128
3.3 -0.101657 -0.173188 0.000352919
3.305 -0.102126 -0.17319 0.000354544
3.31 -0.102589 -0.173191 0.000356153
3.315 -0.103048 -0.173192 0.000357746
3.32 -0.103503 -0.173194 0.000359323
3.325 -0.103952 -0.173195 0.000360881
3.33 -0.104395 -0.173197 0.000362421
3.335 -0.104834 -0.173198 0.000363942
3.34 -0.105267 -0.173199 0.000365447
3.345 -0.105696 -0.173201 0.000366935
3.35 -0.10612 -0.173202 0.000368404
3.355 -0.106538 -0.173203 0.000369856
3.36 -0.10695 -0.173205 0.000371288
3.365 -0.107357 -0.173206 0.000372699
3.37 -0.107758 -0.173207 0.000374091
3.375 -0.108154 -0.173209 0.000375464
3.38 -0.108545 -0.17321 0.00037682
3.385 -0.108931 -0.173211 0.00037816
3.39 -0.109312 -0.173212 0.000379482
3.395 -0.109688 -0.173213 0.000380787
3.4 -0.110059 -0.173215 0.000382075
3.405 -0.110424 -0.173216 0.000383341
3.41 -0.110782 -0.173217 0.000384584
3.415 -0.111133 -0.173218 0.000385804
3.42 -0.111479 -0.173219 0.000387003
3.425 -0.111819 -0.17322 0.000388185
3.43 -0.112155 -0.173221 0.000389351
3.435 -0.112486 -0.173222 0.000390499
3.44 -0.112811 -0.173223 0.000391626
3.445 -0.113131 -0.173224 0.000392735
3.45 -0.113445 -0.173225 0.000393826
3.455 -0.113754 -0.173226 0.0003949
3.46 -0.114059 -0.173227 0.000395956
3.465 -0.114357 -0.173228 0.000396991
3.47 -0.114649 -0.173229 0.000398003
3.475 -0.114934 -0.17323 0.000398994
3.48 -0.115215 -0.173231 0.000399968
3.485 -0.115491 -0.173232 0.000400926
3.49 -0.115762 -0.173233 0.000401867
3.495 -0.116028 -0.173233 0.00040279
3.5 -0.116288 -0.173234 0.000403693
3.505 -0.116543 -0.173235 0.000404579
3.51 -0.116794 -0.173236 0.000405447
3.515 -0.117039 -0.173237 0.000406298
3.52 -0.117279 -0.173237 0.000407132
3.525 -0.117515 -0.173238 0.000407949
3.53 -0.117745 -0.173239 0.000408747
3.535 -0.117969 -0.17324 0.000409525
3.54 -0.118187 -0.17324 0.000410282
3.545 -0.118401 -0.173241 0.000411023
3.55 -0.118609 -0.173242 0.000411748
3.555 -0.118813 -0.173242 0.000412455
3.56 -0.119011 -0.173243 0.000413142
3.565 -0.119203 -0.173244 0.000413808
3.57 -0.11939 -0.173244 0.000414457
3.575 -0.119571 -0.173245 0.000415085
3.58 -0.119745 -0.173245 0.00041569
3.585 -0.119913 -0.173246 0.000416271
3.59 -0.120073 -0.173246 0.000416826
3.595 -0.120226 -0.173247 0.000417358
3.6 -0.120373 -0.173247 0.000417867
3.605 -0.120514 -0.173248 0.000418356
3.61 -0.120649 -0.173248 0.000418826
3.615 -0.120779 -0.173249 0.000419278
3.62 -0.120904 -0.173249 0.000419711
3.625 -0.121023 -0.173249 0.000420124
3.63 -0.121135 -0.17325 0.000420513
3.635 -0.121241 -0.17325 0.00042088
3.64 -0.121341 -0.17325 0.000421226
3.645 -0.121435 -0.173251 0.000421553
3.65 -0.121525 -0.173251 0.000421864
3.655 -0.121609 -0.173251 0.000422158
3.66 -0.121688 -0.173251 0.000422431
3.665 -0.12176 -0.173252 0.000422681
3.67 -0.121825 -0.173252 0.000422908
3.675 -0.121884 -0.173252 0.000423113
3.68 -0.121937 -0.173252 0.000423296
3.685 -0.121984 -0.173252 0.00042346
3.69 -0.122026 -0.173253 0.000423605
3.695 -0.122063 -0.173253 0.000423731
3.7 -0.122094 -0.173253 0.000423839
3.705 -0.122119 -0.173253 0.000423928
3.71 -0.122139 -0.173253 0.000423995
3.715 -0.122152 -0.173253 0.000424043
3.72 -0.122161 -0.173253 0.000424072
3.725 -0.122164 -0.173253 0.000424084
3.73 -0.122162 -0.173253 0.000424075
3.735 -0.122153 -0.173253 0.000424044
3.74 -0.122138 -0.173253 0.000423992
3.745 -0.122117 -0.173253 0.00042392
3.75 -0.122091 -0.173253 0.00042383
3.755 -0.12206 -0.173253 0.000423721
3.76 -0.122023 -0.173253 0.000423595
3.765 -0.121982 -0.173253 0.00042345
3.77 -0.121935 -0.173253 0.000423287
3.775 -0.121882 -0.173253 0.000423104
3.78 -0.121824 -0.173253 0.000422902
3.785 -0.12176 -0.173253 0.00042268
3.79 -0.12169 -0.173253 0.000422438
3.795 -0.121615 -0.173253 0.000422177
3.8 -0.121534 -0.173253 0.000421896
3.805 -0.121448 -0.173253 0.000421597
3.81 -0.121357 -0.173253 0.000421281
3.815 -0.12126 -0.173253 0.000420943
3.82 -0.121156 -0.173253 0.000420582
3.825 -0.121044 -0.173253 0.000420195
3.83 -0.120927 -0.173253 0.000419786
3.835 -0.120803 -0.173253 0.000419358
3.84 -0.120674 -0.173253 0.00041891
3.845 -0.120539 -0.173253 0.00041844
3.85 -0.120398 -0.173253 0.00041795
3.855 -0.120251 -0.173253 0.000417441
3.86 -0.120099 -0.173253 0.000416912
3.865 -0.11994 -0.173253 0.000416362
3.87 -0.119776 -0.173253 0.000415792
3.875 -0.119606 -0.173253 0.0004152
3.88 -0.119429 -0.173253 0.000414588
3.885 -0.119247 -0.173253 0.000413956
3.89 -0.11906 -0.173253 0.000413305
3.895 -0.118867 -0.173253 0.000412635
3.9 -0.118669 -0.173253 0.000411947
3.905 -0.118467 -0.173253 0.000411245
3.91 -0.11826 -0.173253 0.000410529
3.915 -0.11805 -0.173253 0.000409797
3.92 -0.117834 -0.173253 0.000409049
3.925 -0.117614 -0.173253 0.000408283
3.93 -0.117389 -0.173253 0.000407502
3.935 -0.117159 -0.173253 0.000406704
3.94 -0.116925 -0.173253 0.000405892
3.945 -0.116687 -0.173253 0.000405066
3.95 -0.116444 -0.173253 0.000404223
3.955 -0.116196 -0.173253 0.000403361
3.96 -0.115942 -0.173253 0.00040248
3.965 -0.115683 -0.173253 0.000401581
3.97 -0.11542 -0.173253 0.000400665
3.975 -0.11515 -0.173253 0.000399731
3.98 -0.114875 -0.173253 0.000398775
3.985 -0.114594 -0.173253 0.000397799
3.99 -0.114308 -0.173253 0.000396804
3.995 -0.114015 -0.173253 0.00039579
4 -0.113717 -0.173253 0.000394753
4.005 -0.113412 -0.173253 0.000393694
4.01 -0.113102 -0.173253 0.000392617
4.015 -0.112787 -0.173253 0.000391525
4.02 -0.112468 -0.173253 0.000390417
4.025 -0.112144 -0.173253 0.000389291
4.03 -0.111814 -0.173253 0.000388145
4.035 -0.111479 -0.173253 0.000386981
4.04 -0.111138 -0.173253 0.0003858
4.045 -0.110793 -0.173253 0.000384599
4.05 -0.110441 -0.173253 0.000383379
4.055 -0.110085 -0.173253 0.000382141
4.06 -0.109724 -0.173253 0.000380888
4.065 -0.109358 -0.173253 0.000379619
4.07 -0.108989 -0.173253 0.000378335
4.075 -0.108615 -0.173253 0.000377038
4.08 -0.108236 -0.173253 0.000375724
4.085 -0.107852 -0.173253 0.00037439
4.09 -0.107463 -0.173253 0.000373038
4.095 -0.107068 -0.173253 0.000371667
4.1 -0.106669 -0.173253 0.00037028
4.105 -0.106264 -0.173253 0.000368875
4.11 -0.105855 -0.173253 0.000367455
4.115 -0.105442 -0.173253 0.000366022
4.12 -0.105026 -0.173253 0.000364575
4.125 -0.104604 -0.173253 0.000363112
4.13 -0.104178 -0.173253 0.000361633
4.135 -0.103748 -0.173253 0.00036014
4.14 -0.103315 -0.173253 0.000358635
4.145 -0.102878 -0.173253 0.000357118
4.15 -0.102438 -0.173253 0.000355589
4.155 -0.101994 -0.173253 0.000354048
4.16 -0.101547 -0.173253 0.000352496
4.165 -0.101097 -0.173253 0.000350933
4.17 -0.100643 -0.173253 0.000349358
4.175 -0.100187 -0.173253 0.000347773
4.18 -0.0997281 -0.173253 0.000346181
4.185 -0.0992674 -0.173253 0.000344581
4.19 -0.0988046 -0.173253 0.000342974
4.195 -0.0983392 -0.173253 0.000341358
4.2 -0.0978703 -0.173253 0.00033973
4.205 -0.0973968 -0.173253 0.000338086
4.21 -0.0969188 -0.173253 0.000336426
4.215 -0.0964373 -0.173253 0.000334754
4.22 -0.095953 -0.173253 0.000333073
4.225 -0.0954658 -0.173253 0.000331381
4.23 -0.0949762 -0.173253 0.000329681
4.235 -0.0944849 -0.173253 0.000327975
4.24 -0.0939923 -0.173253 0.000326265
4.245 -0.0934977 -0.173253 0.000324547
4.25 -0.0930001 -0.173253 0.00032282
4.255 -0.0924991 -0.173253 0.00032108
4.26 -0.0919947 -0.173253 0.000319329
4.265 -0.0914875 -0.173253 0.000317567
4.27 -0.0909773 -0.173253 0.000315796
4.275 -0.0904635 -0.173253 0.000314012
4.28 -0.0899457 -0.173253 0.000312214
4.285 -0.0894245 -0.173253 0.000310404
4.29 -0.0889005 -0.173253 0.000308585
4.295 -0.0883741 -0.173253 0.000306757
4.3 -0.0878446 -0.173253 0.000304919
4.305 -0.0873117 -0.173253 0.000303068
4.31 -0.0867756 -0.173253 0.000301207
4.315 -0.0862363 -0.173253 0.000299334
4.32 -0.0856939 -0.173253 0.000297451
4.325 -0.0851489 -0.173253 0.000295559
4.33 -0.0846015 -0.173253 0.000293658
4.335 -0.0840509 -0.173253 0.000291746
4.34 -0.0834969 -0.173253 0.000289822
4.345 -0.0829404 -0.173253 0.00028789
4.35 -0.0823816 -0.173253 0.00028595
4.355 -0.08182 -0.173253 0.000284
4.36 -0.0812554 -0.173253 0.00028204
4.365 -0.0806886 -0.173253 0.000280072
4.37 -0.0801201 -0.173253 0.000278098
4.375 -0.07955 -0.173253 0.000276118
4.38 -0.0789778 -0.173253 0.000274131
4.385 -0.0784029 -0.173253 0.000272135
4.39 -0.0778249 -0.173253 0.000270128
4.395 -0.0772434 -0.173253 0.000268109
4.4 -0.0766588 -0.173253 0.000266079
4.405 -0.0760714 -0.173253 0.000264039
4.41 -0.0754816 -0.173253 0.000261991
4.415 -0.0748894 -0.173253 0.000259935
4.42 -0.0742949 -0.173253 0.000257871
4.425 -0.0736985 -0.173253 0.0002558
4.43 -0.0731006 -0.173253 0.000253724
4.435 -0.0725014 -0.173253 0.000251644
4.44 -0.0719002 -0.173253 0.000249556
4.445 -0.0712962 -0.173253 0.000247459
4.45 -0.0706896 -0.173253 0.000245353
4.455 -0.070082 -0.173253 0.000243243
4.46 -0.0694744 -0.173253 0.000241133
4.465 -0.0688666 -0.173253 0.000239023
4.47 -0.0682577 -0.173253 0.000236908
4.475 -0.0676475 -0.173253 0.00023479
4.48 -0.0670364 -0.173253 0.000232668
4.485 -0.0664245 -0.173253 0.000230543
4.49 -0.0658121 -0.173253 0.000228417
4.495 -0.0651988 -0.173253 0.000226287
4.5 -0.0645841 -0.173253 0.000224153
4.505 -0.063967 -0.173253 0.00022201
4.51 -0.0633474 -0.173253 0.000219859
4.515 -0.0627257 -0.173253 0.0002177
4.52 -0.0621026 -0.173253 0.000215537
4.525 -0.0614786 -0.173253 0.00021337
4.53 -0.0608537 -0.173253 0.0002112
4.535 -0.0602278 -0.173253 0.000209027
4.54 -0.0596016 -0.173253 0.000206853
4.545 -0.0589763 -0.173253 0.000204681
4.55 -0.0583517 -0.173253 0.000202513
4.555 -0.0577261 -0.173253 0.00020034
4.56 -0.0570984 -0.173253 0.000198161
4.565 -0.0564693 -0.173253 0.000195977
4.57 -0.0558401 -0.173253 0.000193792
4.575 -0.055211 -0.173253 0.000191608
4.58 -0.054581 -0.173253 0.00018942
4.585 -0.053949 -0.173253 0.000187226
4.59 -0.0533149 -0.173253 0.000185024
4.595 -0.0526796 -0.173253 0.000182818
4.6 -0.0520434 -0.173253 0.000180609
4.605 -0.0514074 -0.173253 0.0001784
4.61 -0.0507728 -0.173253 0.000176197
4.615 -0.0501401 -0.173253 0.000174
4.62 -0.0495082 -0.173253 0.000171806
4.625 -0.0488759 -0.173253 0.000169611
4.63 -0.0482421 -0.173253 0.00016741
4.635 -0.0476072 -0.173253 0.000165205
4.64 -0.046972 -0.173253 0.000163
4.645 -0.0463364 -0.173253 0.000160793
4.65 -0.0456989 -0.173253 0.000158579
4.655 -0.0450588 -0.173253 0.000156357
4.66 -0.0444172 -0.173253 0.000154129
4.665 -0.0437752 -0.173253 0.0001519
4.67 -0.0431327 -0.173253 0.000149669
4.675 -0.0424889 -0.173253 0.000147433
4.68 -0.0418436 -0.173253 0.000145193
4.685 -0.0411983 -0.173253 0.000142952
4.69 -0.0405541 -0.173253 0.000140715
4.695 -0.0399109 -0.173253 0.000138482
4.7 -0.0392684 -0.173253 0.000136251
4.705 -0.0386259 -0.173253 0.00013402
4.71 -0.0379831 -0.173253 0.000131788
4.715 -0.0373398 -0.173253 0.000129555
4.72 -0.0366968 -0.173253 0.000127322
4.725 -0.036056 -0.173253 0.000125097
4.73 -0.0354192 -0.173253 0.000122886
4.735 -0.0347864 -0.173253 0.000120689
4.74 -0.0341559 -0.173253 0.0001185
4.745 -0.0335269 -0.173253 0.000116315
4.75 -0.0328998 -0.173253 0.000114138
4.755 -0.0322746 -0.173253 0.000111967
4.76 -0.0316512 -0.173253 0.000109803
4.765 -0.0310299 -0.173253 0.000107645
4.77 -0.0304107 -0.173253 0.000105495
4.775 -0.0297925 -0.173253 0.000103349
4.78 -0.029174 -0.173253 0.000101201
4.785 -0.0285562 -0.173253 9.90559e-05
4.79 -0.02794 -0.173253 9.69164e-05
4.795 -0.0273253 -0.173253 9.4782e-05
4.8 -0.0267114 -0.173253 9.26507e-05
4.805 -0.026099 -0.173253 9.05242e-05
4.81 -0.0254891 -0.173253 8.84065e-05
4.815 -0.0248814 -0.173253 8.62964e-05
4.82 -0.0242747 -0.173253 8.41897e-05
4.825 -0.0236689 -0.173253 8.20864e-05
4.83 -0.023065 -0.173253 7.99894e-05
4.835 -0.0224631 -0.173253 7.78996e-05
4.84 -0.0218632 -0.173253 7.58165e-05
4.845 -0.021265 -0.173253 7.37393e-05
4.85 -0.020668 -0.173253 7.16664e-05
4.855 -0.0200724 -0.173253 6.95984e-05
4.86 -0.0194787 -0.173253 6.75369e-05
4.865 -0.0188869 -0.173253 6.54823e-05
4.87 -0.0182971 -0.173253 6.34342e-05
4.875 -0.0177095 -0.173253 6.13939e-05
4.88 -0.0171242 -0.173253 5.93616e-05
4.885 -0.0165407 -0.173253 5.73355e-05
4.89 -0.0159586 -0.173253 5.53145e-05
4.895 -0.0153789 -0.173253 5.33015e-05
4.9 -0.0148014 -0.173253 5.12963e-05
4.905 -0.014225 -0.173253 4.92949e-05
4.91 -0.0136498 -0.173253 4.72978e-05
4.915 -0.0130779 -0.173253 4.53122e-05
4.92 -0.0125106 -0.173253 4.33422e-05
4.925 -0.0119472 -0.173253 4.1386e-05
4.93 -0.0113868 -0.173253 3.944e-05
4.935 -0.0108287 -0.173253 3.75024e-05
4.94 -0.0102726 -0.173253 3.55714e-05
4.945 -0.00971775 -0.173253 3.36448e-05
4.95 -0.00916373 -0.173253 3.17211e-05
4.955 -0.00861046 -0.173253 2.98001e-05
4.96 -0.00805817 -0.173253 2.78824e-05
4.965 -0.00750763 -0.173253 2.59708e-05
4.97 -0.00695987 -0.173253 2.40688e-05
4.975 -0.00641537 -0.173253 2.21782e-05
4.98 -0.00587412 -0.173253 2.02989e-05
4.985 -0.00533628 -0.173253 1.84314e-05
4.99 -0.00480225 -0.173253 1.65771e-05
4.995 -0.00427177 -0.173253 1.47351e-05
5 -0.00374332 -0.173253 1.29002e-05
5.005 -0.00321548 -0.173253 1.10675e-05
5.01 -0.00268825 -0.173253 9.2368e-06
5.015 -0.00216295 -0.173253 7.41285e-06
5.02 -0.00164116 -0.173253 5.60109e-06
5.025 -0.00112308 -0.173253 3.80219e-06
5.03 -0.000607486 -0.173253 2.01194e-06
5.035 -9.35354e-05 -0.173253 2.27395e-07
5.04 0.000418654 -0.173253 -1.55104e-06
5.045 0.000928428 -0.173253 -3.32109e-06
5.05 0.00143537 -0.173253 -5.08131e-06
5.055 0.00193993 -0.173253 -6.83326e-06
5.06 0.00244286 -0.173253 -8.57954e-06
5.065 0.00294431 -0.173253 -1.03207e-05
5.07 0.00344363 -0.173253 -1.20544e-05
5.075 0.00393969 -0.173253 -1.37768e-05
5.08 0.00443202 -0.173253 -1.54863e-05
5.085 0.00492109 -0.173253 -1.71845e-05
5.09 0.00540702 -0.173253 -1.88718e-05
5.095 0.00588901 -0.173253 -2.05453e-05
5.1 0.00636676 -0.173253 -2.22042e-05
5.105 0.00684109 -0.173253 -2.38511e-05
5.11 0.00731246 -0.173253 -2.54879e-05
5.115 0.00778066 -0.173253 -2.71136e-05
5.12 0.00824601 -0.173253 -2.87293e-05
5.125 0.00870907 -0.173253 -3.03372e-05
5.13 0.00916902 -0.173253 -3.19343e-05
5.135 0.00962402 -0.173253 -3.35141e-05
5.14 0.0100733 -0.173253 -3.50741e-05
5.145 0.0105179 -0.173253 -3.66178e-05
5.15 0.010959 -0.173253 -3.81496e-05
5.155 0.011397 -0.173253 -3.96704e-05
5.16 0.0118316 -0.173253 -4.11792e-05
5.165 0.0122626 -0.173253 -4.26757e-05
5.17 0.0126898 -0.173253 -4.41591e-05
5.175 0.0131132 -0.173253 -4.56294e-05
5.18 0.0135335 -0.173253 -4.70886e-05
5.185 0.0139505 -0.173253 -4.85366e-05
5.19 0.0143636 -0.173253 -4.99711e-05
5.195 0.0147726 -0.173253 -5.1391e-05
5.2 0.0151774 -0.173253 -5.27966e-05
5.205 0.0155781 -0.173253 -5.4188e-05
5.21 0.0159752 -0.173253 -5.55667e-05
5.215 0.0163687 -0.173253 -5.69331e-05
5.22 0.0167579 -0.173253 -5.82844e-05
5.225 0.0171424 -0.173253 -5.96195e-05
5.23 0.0175235 -0.173253 -6.09429e-05
5.235 0.0179025 -0.173253 -6.22588e-05
5.24 0.0182797 -0.173253 -6.35684e-05
5.245 0.0186553 -0.173253 -6.48725e-05
5.25 0.019029 -0.173253 -6.61701e-05
5.255 0.019399 -0.173253 -6.74548e-05
5.26 0.0197633 -0.173253 -6.872e-05
5.265 0.0201219 -0.173253 -6.99651e-05
5.27 0.0204754 -0.173253 -7.11926e-05
5.275 0.0208243 -0.173253 -7.24038e-05
5.28 0.0211681 -0.173253 -7.35978e-05
5.285 0.0215065 -0.173253 -7.47728e-05
5.29 0.0218393 -0.173253 -7.59284e-05
5.295 0.0221677 -0.173253 -7.70684e-05
5.3 0.0224927 -0.173253 -7.81969e-05
5.305 0.0228141 -0.173253 -7.9313e-05
5.31 0.0231308 -0.173253 -8.04126e-05
5.315 0.0234419 -0.173253 -8.14929e-05
5.32 0.0237474 -0.173253 -8.25537e-05
5.325 0.0240478 -0.173253 -8.35968e-05
5.33 0.0243442 -0.173253 -8.46257e-05
5.335 0.0246367 -0.173253 -8.56413e-05
5.34 0.0249247 -0.173253 -8.66415e-05
5.345 0.025208 -0.173253 -8.76251e-05
5.35 0.0254867 -0.173253 -8.85929e-05
5.355 0.0257612 -0.173253 -8.95459e-05
5.36 0.0260316 -0.173253 -9.04849e-05
5.365 0.0262983 -0.173253 -9.14109e-05
5.37 0.0265614 -0.173253 -9.23242e-05
5.375 0.0268203 -0.173253 -9.32235e-05
5.38 0.0270745 -0.173253 -9.41061e-05
5.385 0.027323 -0.173253 -9.4969e-05
5.39 0.0275656 -0.173253 -9.58113e-05
5.395 0.0278031 -0.173253 -9.66359e-05
5.4 0.0280367 -0.173253 -9.74471e-05
5.405 0.0282669 -0.173253 -9.82463e-05
5.41 0.0284932 -0.173253 -9.9032e-05
5.415 0.0287148 -0.173253 -9.98016e-05
5.42 0.0289307 -0.173253 -0.000100551
5.425 0.0291401 -0.173253 -0.000101278
5.43 0.0293433 -0.173253 -0.000101984
5.435 0.0295416 -0.173253 -0.000102672
5.44 0.0297354 -0.173253 -0.000103345
5.445 0.0299243 -0.173253 -0.000104001
5.45 0.0301071 -0.173253 -0.000104636
5.455 0.0302828 -0.173253 -0.000105246
5.46 0.0304517 -0.173253 -0.000105832
5.465 0.030615 -0.173253 -0.000106399
5.47 0.0307732 -0.173253 -0.000106949
5.475 0.0309262 -0.173253 -0.00010748
5.48 0.0310733 -0.173253 -0.000107991
5.485 0.0312149 -0.173253 -0.000108482
5.49 0.0313519 -0.173253 -0.000108958
5.495 0.0314849 -0.173253 -0.00010942
5.5 0.0316145 -0.173253 -0.00010987
5.505 0.0317409 -0.173253 -0.000110309
5.51 0.0318635 -0.173253 -0.000110735
5.515 0.0319822 -0.173253 -0.000111147
5.52 0.0320968 -0.173253 -0.000111544
5.525 0.0322069 -0.173253 -0.000111927
5.53 0.0323123 -0.173253 -0.000112293
5.535 0.032413 -0.173253 -0.000112642
5.54 0.0325084 -0.173253 -0.000112974
5.545 0.0325974 -0.173253 -0.000113283
5.55 0.0326801 -0.173253 -0.00011357
5.555 0.0327576 -0.173253 -0.000113839
5.56 0.0328309 -0.173253 -0.000114093
5.565 0.0328995 -0.173253 -0.000114332
5.57 0.0329628 -0.173253 -0.000114551
5.575 0.0330212 -0.173253 -0.000114754
5.58 0.033076 -0.173253 -0.000114944
5.585 0.033128 -0.173253 -0.000115125
5.59 0.0331771 -0.173253 -0.000115295
5.595 0.0332223 -0.173253 -0.000115452
5.6 0.0332627 -0.173253 -0.000115593
5.605 0.0332981 -0.173253 -0.000115716
5.61 0.033329 -0.173253 -0.000115823
5.615 0.0333556 -0.173253 -0.000115915
5.62 0.0333774 -0.173253 -0.000115991
5.625 0.033394 -0.173253 -0.000116049
5.63 0.033406 -0.173253 -0.00011609
5.635 0.0334137 -0.173253 -0.000116117
5.64 0.0334176 -0.173253 -0.000116131
5.645 0.0334174 -0.173253 -0.00011613
5.65 0.033412 -0.173253 -0.000116111
5.655 0.0333997 -0.173253 -0.000116068
5.66 0.0333803 -0.173253 -0.000116001
5.665 0.0333553 -0.173253 -0.000115914
5.67 0.033326 -0.173253 -0.000115813
5.675 0.0332926 -0.173253 -0.000115696
5.68 0.0332549 -0.173253 -0.000115566
5.685 0.0332128 -0.173253 -0.000115419
5.69 0.0331662 -0.173253 -0.000115258
5.695 0.0331155 -0.173253 -0.000115082
5.7 0.0330612 -0.173253 -0.000114893
5.705 0.0330032 -0.173253 -0.000114692
5.71 0.0329411 -0.173253 -0.000114476
5.715 0.0328744 -0.173253 -0.000114245
5.72 0.0328021 -0.173253 -0.000113994
5.725 0.0327223 -0.173253 -0.000113716
5.73 0.0326341 -0.173253 -0.00011341
5.735 0.0325388 -0.173253 -0.000113079
5.74 0.0324386 -0.173253 -0.000112731
5.745 0.032334 -0.173253 -0.000112368
5.75 0.0322249 -0.173253 -0.000111989
5.755 0.0321109 -0.173253 -0.000111594
5.76 0.0319927 -0.173253 -0.000111183
5.765 0.0318704 -0.173253 -0.000110758
5.77 0.031744 -0.173253 -0.000110319
5.775 0.0316134 -0.173253 -0.000109866
5.78 0.0314783 -0.173253 -0.000109397
5.785 0.031338 -0.173253 -0.00010891
5.79 0.0311922 -0.173253 -0.000108404
5.795 0.0310418 -0.173253 -0.000107881
5.8 0.0308871 -0.173253 -0.000107344
5.805 0.0307281 -0.173253 -0.000106792
5.81 0.0305654 -0.173253 -0.000106227
5.815 0.0304006 -0.173253 -0.000105655
5.82 0.0302337 -0.173253 -0.000105076
5.825 0.0300638 -0.173253 -0.000104486
5.83 0.0298896 -0.173253 -0.000103881
5.835 0.029711 -0.173253 -0.00010326
5.84 0.0295286 -0.173253 -0.000102627
5.845 0.0293425 -0.173253 -0.000101981
5.85 0.0291523 -0.173253 -0.00010132
5.855 0.0289572 -0.173253 -0.000100643
5.86 0.0287574 -0.173253 -9.99493e-05
5.865 0.0285536 -0.173253 -9.92417e-05
5.87 0.0283464 -0.173253 -9.85223e-05
5.875 0.0281357 -0.173253 -9.77907e-05
5.88 0.0279209 -0.173253 -9.70448e-05
5.885 0.0277023 -0.173253 -9.62858e-05
5.89 0.0274807 -0.173253 -9.55162e-05
5.895 0.0272566 -0.173253 -9.47381e-05
5.9 0.0270302 -0.173253 -9.3952e-05
5.905 0.0268009 -0.173253 -9.31558e-05
5.91 0.0265684 -0.173253 -9.23486e-05
5.915 0.0263339 -0.173253 -9.15343e-05
5.92 0.0260984 -0.173253 -9.07167e-05
5.925 0.0258615 -0.173253 -8.9894e-05
5.93 0.0256216 -0.173253 -8.90612e-05
5.935 0.0253781 -0.173253 -8.82156e-05
5.94 0.0251308 -0.173253 -8.73568e-05
5.945 0.0248799 -0.173253 -8.64857e-05
5.95 0.0246254 -0.173253 -8.56022e-05
5.955 0.0243673 -0.173253 -8.47061e-05
5.96 0.0241057 -0.173253 -8.37975e-05
5.965 0.023841 -0.173253 -8.28787e-05
5.97 0.0235744 -0.173253 -8.19528e-05
5.975 0.023306 -0.173253 -8.10209e-05
5.98 0.0230352 -0.173253 -8.00807e-05
5.985 0.0227611 -0.173253 -7.91287e-05
5.99 0.0224829 -0.173253 -7.81628e-05
5.995 0.022201 -0.173253 -7.71841e-05
6 0.0219171 -0.173253 -7.61984e-05
6.005 0.0216325 -0.173253 -7.52102e-05
6.01 0.0213464 -0.173253 -7.42168e-05
6.015 0.0210579 -0.173253 -7.3215e-05
6.02 0.0207671 -0.173253 -7.22052e-05
6.025 0.0204742 -0.173253 -7.11882e-05
6.03 0.0201789 -0.173253 -7.01629e-05
6.035 0.019881 -0.173253 -6.91286e-05
6.04 0.0195807 -0.173253 -6.80857e-05
6.045 0.0192778 -0.173253 -6.70342e-05
6.05 0.0189735 -0.173253 -6.59775e-05
6.055 0.0186691 -0.173253 -6.49204e-05
6.06 0.0183648 -0.173253 -6.38638e-05
6.065 0.0180593 -0.173253 -6.28033e-05
6.07 0.0177515 -0.173253 -6.17346e-05
6.075 0.0174409 -0.173253 -6.0656e-05
6.08 0.0171277 -0.173253 -5.95685e-05
6.085 0.0168128 -0.173253 -5.84749e-05
6.09 0.0164968 -0.173253 -5.73778e-05
6.095 0.0161799 -0.173253 -5.62776e-05
6.1 0.0158623 -0.173253 -5.51747e-05
6.105 0.0155441 -0.173253 -5.40697e-05
6.11 0.015225 -0.173253 -5.29617e-05
6.115 0.0149051 -0.173253 -5.18512e-05
6.12 0.0145859 -0.173253 -5.07426e-05
6.125 0.014268 -0.173253 -4.96391e-05
6.13 0.0139508 -0.173253 -4.85375e-05
6.135 0.013632 -0.173253 -4.74307e-05
6.14 0.0133106 -0.173253 -4.63148e-05
6.145 0.0129872 -0.173253 -4.51919e-05
6.15 0.0126626 -0.173253 -4.40647e-05
6.155 0.012337 -0.173253 -4.2934e-05
6.16 0.0120104 -0.173253 -4.18002e-05
6.165 0.0116828 -0.173253 -4.06624e-05
6.17 0.0113527 -0.173253 -3.95164e-05
6.175 0.0110195 -0.173253 -3.83595e-05
6.18 0.010684 -0.173253 -3.71945e-05
6.185 0.0103472 -0.173253 -3.60249e-05
6.19 0.0100089 -0.173253 -3.48505e-05
6.195 0.0096691 -0.173253 -3.36705e-05
6.2 0.00932828 -0.173253 -3.24871e-05
6.205 0.00898702 -0.173253 -3.13022e-05
6.21 0.008645 -0.173253 -3.01146e-05
6.215 0.00830183 -0.173253 -2.89231e-05
6.22 0.00795769 -0.173253 -2.77281e-05
6.225 0.00761283 -0.173253 -2.65307e-05
6.23 0.0072672 -0.173253 -2.53306e-05
6.235 0.00692045 -0.173253 -2.41266e-05
6.24 0.0065724 -0.173253 -2.29181e-05
6.245 0.0062233 -0.173253 -2.17059e-05
6.25 0.0058735 -0.173253 -2.04914e-05
6.255 0.00552327 -0.173253 -1.92753e-05
6.26 0.005173 -0.173253 -1.80591e-05
6.265 0.00482281 -0.173253 -1.68431e-05
6.27 0.0044722 -0.173253 -1.56257e-05
6.275 0.00412102 -0.173253 -1.44063e-05
6.28 0.00377014 -0.173253 -1.3188e-05
6.285 0.0034204 -0.173253 -1.19737e-05
6.29 0.00307152 -0.173253 -1.07623e-05
6.295 0.00272247 -0.173253 -9.5503e-06
6.3 0.00237251 -0.173253 -8.33516e-06
6.305 0.00202154 -0.173253 -7.1165e-06
6.31 0.0016698 -0.173253 -5.89518e-06
6.315 0.00131762 -0.173253 -4.67234e-06
6.32 0.000964986 -0.173253 -3.44791e-06
6.325 0.000611289 -0.173253 -2.2198e-06
6.33 0.000255756 -0.173253 -9.85305e-07
6.335 -0.000101903 -0.173253 2.56568e-07
6.34 -0.000461024 -0.173253 1.50352e-06
6.345 -0.00082021 -0.173253 2.75069e-06
6.35 -0.00117833 -0.173253 3.99416e-06
6.355 -0.0015358 -0.173253 5.23537e-06
6.36 -0.00189397 -0.173253 6.47901e-06
6.365 -0.00225229 -0.173253 7.7232e-06
6.37 -0.00260777 -0.173253 8.95749e-06
6.375 -0.00295811 -0.173253 1.01739e-05
6.38 -0.00330422 -0.173253 1.13757e-05
6.385 -0.00364894 -0.173253 1.25727e-05
6.39 -0.00399436 -0.173253 1.3772e-05
6.395 -0.0043407 -0.173253 1.49746e-05
6.4 -0.00468713 -0.173253 1.61775e-05
6.405 -0.00503305 -0.173253 1.73786e-05
6.41 -0.00537853 -0.173253 1.85782e-05
6.415 -0.00572364 -0.173253 1.97765e-05
6.42 -0.00606815 -0.173253 2.09727e-05
6.425 -0.00641172 -0.173253 2.21656e-05
6.43 -0.00675401 -0.173253 2.33542e-05
6.435 -0.00709495 -0.173253 2.4538e-05
6.44 -0.00743444 -0.173253 2.57168e-05
6.445 -0.00777165 -0.173253 2.68876e-05
6.45 -0.0081056 -0.173253 2.80472e-05
6.455 -0.00843659 -0.173253 2.91965e-05
6.46 -0.00876558 -0.173253 3.03388e-05
6.465 -0.00909287 -0.173253 3.14752e-05
6.47 -0.00941829 -0.173253 3.26051e-05
6.475 -0.00974174 -0.173253 3.37282e-05
6.48 -0.0100636 -0.173253 3.48458e-05
6.485 -0.0103846 -0.173253 3.59605e-05
6.49 -0.0107052 -0.173253 3.70736e-05
6.495 -0.0110247 -0.173253 3.81831e-05
6.5 -0.0113417 -0.173253 3.92836e-05
6.505 -0.0116553 -0.173253 4.03725e-05
6.51 -0.0119663 -0.173253 4.14525e-05
6.515 -0.0122757 -0.173253 4.25266e-05
6.52 -0.0125828 -0.173253 4.35931e-05
6.525 -0.0128872 -0.173253 4.465e-05
6.53 -0.0131895 -0.173253 4.56998e-05
6.535 -0.0134913 -0.173253 4.67475e-05
6.54 -0.0137931 -0.173253 4.77953e-05
6.545 -0.0140946 -0.173253 4.88425e-05
6.55 -0.0143952 -0.173253 4.98861e-05
6.555 -0.0146942 -0.173253 5.09241e-05
6.56 -0.0149917 -0.173253 5.19572e-05
6.565 -0.0152882 -0.173253 5.29866e-05
6.57 -0.0155836 -0.173253 5.40123e-05
6.575 -0.0158778 -0.173253 5.50341e-05
6.58 -0.0161714 -0.173253 5.60535e-05
6.585 -0.0164649 -0.173253 5.70726e-05
6.59 -0.0167584 -0.173253 5.80915e-05
6.595 -0.0170508 -0.173253 5.91069e-05
6.6 -0.0173412 -0.173253 6.01154e-05
6.605 -0.0176296 -0.173253 6.11167e-05
6.61 -0.0179163 -0.173253 6.21121e-05
6.615 -0.0182003 -0.173253 6.30982e-05
6.62 -0.0184804 -0.173253 6.40708e-05
6.625 -0.0187575 -0.173253 6.50328e-05
6.63 -0.0190328 -0.173253 6.5989e-05
6.635 -0.0193068 -0.173253 6.69402e-05
6.64 -0.0195789 -0.173253 6.78852e-05
6.645 -0.0198497 -0.173253 6.88252e-05
6.65 -0.0201196 -0.173253 6.97626e-05
6.655 -0.0203888 -0.173253 7.06971e-05
6.66 -0.0206566 -0.173253 7.16269e-05
6.665 -0.0209221 -0.173253 7.2549e-05
6.67 -0.021184 -0.173253 7.34583e-05
6.675 -0.0214405 -0.173253 7.43489e-05
6.68 -0.0216916 -0.173253 7.52209e-05
6.685 -0.0219394 -0.173253 7.60813e-05
6.69 -0.0221856 -0.173253 7.69362e-05
6.695 -0.0224305 -0.173253 7.77863e-05
6.7 -0.0226735 -0.173253 7.86301e-05
6.705 -0.0229146 -0.173253 7.94674e-05
6.71 -0.0231542 -0.173253 8.02992e-05
6.715 -0.023392 -0.173253 8.11251e-05
6.72 -0.0236277 -0.173253 8.19433e-05
6.725 -0.023861 -0.173253 8.27536e-05
6.73 -0.0240923 -0.173253 8.35564e-05
6.735 -0.0243209 -0.173253 8.43502e-05
6.74 -0.0245465 -0.173253 8.51337e-05
6.745 -0.0247703 -0.173253 8.59106e-05
6.75 -0.0249933 -0.173253 8.6685e-05
6.755 -0.025215 -0.173253 8.74549e-05
6.76 -0.0254341 -0.173253 8.82156e-05
6.765 -0.02565 -0.173253 8.89651e-05
6.77 -0.0258629 -0.173253 8.97046e-05
6.775 -0.0260737 -0.173253 9.04365e-05
6.78 -0.0262828 -0.173253 9.11624e-05
6.785 -0.0264901 -0.173253 9.18822e-05
6.79 -0.0266952 -0.173253 9.25945e-05
6.795 -0.0268969 -0.173253 9.32947e-05
6.8 -0.0270932 -0.173253 9.39765e-05
6.805 -0.0272839 -0.173253 9.46384e-05
6.81 -0.0274703 -0.173253 9.52858e-05
6.815 -0.0276538 -0.173253 9.59228e-05
6.82 -0.0278343 -0.173253 9.65495e-05
6.825 -0.028012 -0.173253 9.71665e-05
6.83 -0.0281874 -0.173253 9.77757e-05
6.835 -0.0283607 -0.173253 9.83774e-05
6.84 -0.0285312 -0.173253 9.89693e-05
6.845 -0.0286983 -0.173253 9.95495e-05
6.85 -0.0288621 -0.173253 0.000100118
6.855 -0.0290234 -0.173253 0.000100678
6.86 -0.0291826 -0.173253 0.000101231
6.865 -0.0293397 -0.173253 0.000101777
6.87 -0.0294943 -0.173253 0.000102314
6.875 -0.029646 -0.173253 0.00010284
6.88 -0.0297942 -0.173253 0.000103355
6.885 -0.0299393 -0.173253 0.000103859
6.89 -0.0300822 -0.173253 0.000104355
6.895 -0.030223 -0.173253 0.000104844
6.9 -0.0303604 -0.173253 0.000105321
6.905 -0.0304942 -0.173253 0.000105785
6.91 -0.0306249 -0.173253 0.000106239
6.915 -0.0307527 -0.173253 0.000106683
6.92 -0.0308771 -0.173253 0.000107115
6.925 -0.0309984 -0.173253 0.000107536
6.93 -0.0311171 -0.173253 0.000107948
6.935 -0.0312333 -0.173253 0.000108352
6.94 -0.0313455 -0.173253 0.000108741
6.945 -0.031453 -0.173253 0.000109115
6.95 -0.0315569 -0.173253 0.000109475
6.955 -0.0316585 -0.173253 0.000109828
6.96 -0.0317587 -0.173253 0.000110176
6.965 -0.0318568 -0.173253 0.000110516
6.97 -0.031952 -0.173253 0.000110847
6.975 -0.0320436 -0.173253 0.000111165
6.98 -0.0321312 -0.173253 0.000111469
6.985 -0.0322152 -0.173253 0.000111761
6.99 -0.032297 -0.173253 0.000112045
6.995 -0.0323767 -0.173253 0.000112322
7 -0.0324521 -0.173253 0.000112584
7.005 -0.0325212 -0.173253 0.000112823
7.01 -0.0325841 -0.173253 0.000113042
7.015 -0.0326426 -0.173253 0.000113245
7.02 -0.0326975 -0.173253 0.000113436
7.025 -0.0327483 -0.173253 0.000113612
7.03 -0.032794 -0.173253 0.000113771
7.035 -0.032834 -0.173253 0.00011391
7.04 -0.0328685 -0.173253 0.000114029
7.045 -0.0328986 -0.173253 0.000114134
7.05 -0.0329252 -0.173253 0.000114226
7.055 -0.0329486 -0.173253 0.000114307
7.06 -0.0329687 -0.173253 0.000114377
7.065 -0.0329849 -0.173253 0.000114434
7.07 -0.0329962 -0.173253 0.000114473
7.075 -0.0330018 -0.173253 0.000114492
7.08 -0.033002 -0.173253 0.000114493
7.085 -0.0329975 -0.173253 0.000114477
7.09 -0.0329894 -0.173253 0.000114449
7.095 -0.0329778 -0.173253 0.000114409
7.1 -0.0329626 -0.173253 0.000114356
7.105 -0.0329435 -0.173253 0.00011429
7.11 -0.0329208 -0.173253 0.000114211
7.115 -0.0328948 -0.173253 0.000114121
7.12 -0.0328654 -0.173253 0.000114019
7.125 -0.0328322 -0.173253 0.000113904
7.13 -0.032795 -0.173253 0.000113774
7.135 -0.0327537 -0.173253 0.000113631
7.14 -0.0327081 -0.173253 0.000113473
7.145 -0.0326584 -0.173253 0.0001133
7.15 -0.0326061 -0.173253 0.000113118
7.155 -0.0325527 -0.173253 0.000112933
7.16 -0.0324975 -0.173253 0.000112741
7.165 -0.0324384 -0.173253 0.000112536
7.17 -0.0323751 -0.173253 0.000112316
7.175 -0.0323088 -0.173253 0.000112086
7.18 -0.0322399 -0.173253 0.000111847
7.185 -0.032168 -0.173253 0.000111597
7.19 -0.032092 -0.173253 0.000111333
7.195 -0.0320117 -0.173253 0.000111054
7.2 -0.0319275 -0.173253 0.000110762
7.205 -0.0318397 -0.173253 0.000110457
7.21 -0.0317477 -0.173253 0.000110138
7.215 -0.0316518 -0.173253 0.000109805
7.22 -0.0315531 -0.173253 0.000109462
7.225 -0.0314527 -0.173253 0.000109113
7.23 -0.0313496 -0.173253 0.000108755
7.235 -0.031243 -0.173253 0.000108385
7.24 -0.0311332 -0.173253 0.000108004
7.245 -0.0310207 -0.173253 0.000107613
7.25 -0.0309048 -0.173253 0.000107211
7.255 -0.0307848 -0.173253 0.000106794
7.26 -0.0306612 -0.173253 0.000106365
7.265 -0.0305352 -0.173253 0.000105928
7.27 -0.0304065 -0.173253 0.000105481
7.275 -0.030274 -0.173253 0.000105021
7.28 -0.0301373 -0.173253 0.000104546
7.285 -0.0299963 -0.173253 0.000104057
7.29 -0.0298516 -0.173253 0.000103554
7.295 -0.0297038 -0.173253 0.000103041
7.3 -0.0295534 -0.173253 0.000102519
7.305 -0.0294002 -0.173253 0.000101987
7.31 -0.0292441 -0.173253 0.000101445
7.315 -0.0290848 -0.173253 0.000100892
7.32 -0.0289214 -0.173253 0.000100324
7.325 -0.0287533 -0.173253 9.97406e-05
7.33 -0.0285806 -0.173253 9.9141e-05
7.335 -0.0284042 -0.173253 9.85285e-05
7.34 -0.0282246 -0.173253 9.7905e-05
7.345 -0.0280417 -0.173253 9.72696e-05
7.35 -0.0278546 -0.173253 9.662e-05
7.355 -0.027663 -0.173253 9.59547e-05
7.36 -0.0274676 -0.173253 9.52764e-05
7.365 -0.0272697 -0.173253 9.45891e-05
7.37 -0.0270694 -0.173253 9.38939e-05
7.375 -0.0268667 -0.173253 9.31899e-05
7.38 -0.0266611 -0.173253 9.2476e-05
7.385 -0.0264524 -0.173253 9.17513e-05
7.39 -0.0262404 -0.173253 9.10154e-05
7.395 -0.0260256 -0.173253 9.02693e-05
7.4 -0.0258075 -0.173253 8.95121e-05
7.405 -0.0255849 -0.173253 8.87392e-05
7.41 -0.025357 -0.173253 8.7948e-05
7.415 -0.0251251 -0.173253 8.71425e-05
7.42 -0.0248902 -0.173253 8.63272e-05
7.425 -0.0246524 -0.173253 8.55015e-05
7.43 -0.0244107 -0.173253 8.46621e-05
7.435 -0.024164 -0.173253 8.38055e-05
7.44 -0.023912 -0.173253 8.29306e-05
7.445 -0.0236557 -0.173253 8.20406e-05
7.45 -0.023397 -0.173253 8.11424e-05
7.455 -0.0231374 -0.173253 8.02409e-05
7.46 -0.0228765 -0.173253 7.9335e-05
7.465 -0.0226126 -0.173253 7.84188e-05
7.47 -0.0223444 -0.173253 7.74875e-05
7.475 -0.0220718 -0.173253 7.65408e-05
7.48 -0.0217958 -0.173253 7.55826e-05
7.485 -0.0215174 -0.173253 7.46159e-05
7.49 -0.0212361 -0.173253 7.3639e-05
7.495 -0.0209512 -0.173253 7.26501e-05
7.5 -0.0206632 -0.173253 7.16501e-05
7.505 -0.0203728 -0.173253 7.06415e-05
7.51 -0.0200804 -0.173253 6.96265e-05
7.515 -0.019786 -0.173253 6.86041e-05
7.52 -0.0194881 -0.173253 6.75696e-05
7.525 -0.0191861 -0.173253 6.65212e-05
7.53 -0.0188812 -0.173253 6.54624e-05
7.535 -0.0185742 -0.173253 6.43966e-05
7.54 -0.018265 -0.173253 6.3323e-05
7.545 -0.0179527 -0.173253 6.22386e-05
7.55 -0.0176366 -0.173253 6.11409e-05
7.555 -0.0173169 -0.173253 6.00308e-05
7.56 -0.0169944 -0.173253 5.89112e-05
7.565 -0.0166696 -0.173253 5.77833e-05
7.57 -0.0163422 -0.173253 5.66464e-05
7.575 -0.0160122 -0.173253 5.55007e-05
7.58 -0.0156794 -0.173253 5.43452e-05
7.585 -0.0153429 -0.173253 5.31769e-05
7.59 -0.0150022 -0.173253 5.19939e-05
7.595 -0.0146575 -0.173253 5.07967e-05
7.6 -0.0143088 -0.173253 4.95861e-05
7.605 -0.0139568 -0.173253 4.83638e-05
7.61 -0.0136029 -0.173253 4.7135e-05
7.615 -0.0132485 -0.173253 4.59044e-05
7.62 -0.0128933 -0.173253 4.46712e-05
7.625 -0.0125356 -0.173253 4.3429e-05
7.63 -0.0121738 -0.173253 4.2173e-05
7.635 -0.0118085 -0.173253 4.09043e-05
7.64 -0.0114409 -0.173253 3.96281e-05
7.645 -0.011072 -0.173253 3.83472e-05
7.65 -0.0107015 -0.173253 3.70606e-05
7.655 -0.0103286 -0.173253 3.57658e-05
7.66 -0.00995288 -0.173253 3.44613e-05
7.665 -0.00957455 -0.173253 3.31477e-05
7.67 -0.00919384 -0.173253 3.18258e-05
7.675 -0.00881126 -0.173253 3.04974e-05
7.68 -0.0084277 -0.173253 2.91656e-05
7.685 -0.00804409 -0.173253 2.78336e-05
7.69 -0.00766021 -0.173253 2.65007e-05
7.695 -0.00727491 -0.173253 2.51629e-05
7.7 -0.00688747 -0.173253 2.38175e-05
7.705 -0.00649865 -0.173253 2.24675e-05
7.71 -0.00610958 -0.173253 2.11166e-05
