0.1 2.62954e-31 200 8.17124e-14 -2.62954e-31 -200 -8.17124e-14
0.2 -4.09039e-31 400 -7.99361e-14 4.09039e-31 -400 7.99361e-14
0.3 0 600 -1.54543e-13 -0 -600 1.54543e-13
0.4 7.59644e-31 800 -2.20268e-13 -7.59644e-31 -800 2.20268e-13
0.5 1.81146e-30 1000 -1.45661e-13 -1.81146e-30 -1000 1.45661e-13
0.6 6.42776e-31 1200 -1.56319e-13 -6.42776e-31 -1200 1.56319e-13
0.7 2.80484e-30 1400 -3.83693e-13 -2.80484e-30 -1400 3.83693e-13
0.8 3.50605e-31 1600 -2.27374e-13 -3.50605e-31 -1600 2.27374e-13
0.9 8.18078e-31 1800 -4.40536e-13 -8.18078e-31 -1800 4.40536e-13
1 4.67473e-31 2000 3.12639e-13 -4.67473e-31 -2000 -3.12639e-13
0.005 -1.55256e-05 2000 0.00672911 1.55256e-05 -2000 -2.20447e-05
0.01 -7.7618e-05 2000 0.0335725 7.7618e-05 -2000 -4.15306e-05
0.015 -0.000201947 2000 0.0872747 0.000201947 -2000 -3.34946e-05
0.02 -0.00038876 2000 0.167971 0.00038876 -2000 -2.7006e-05
0.025 -0.000638279 2000 0.275758 0.000638279 -2000 -2.17786e-05
0.03 -0.000950716 2000 0.410727 0.000950716 -2000 -1.75749e-05
0.035 -0.00132628 2000 0.572966 0.00132628 -2000 -1.41986e-05
0.04 -0.00176516 2000 0.762561 0.00176516 -2000 -1.14914e-05
0.045 -0.00226756 2000 0.979593 0.00226756 -2000 -9.3256e-06
0.05 -0.00283364 2000 1.22414 0.00283364 -2000 -7.59858e-06
0.055 -0.0034636 2000 1.49628 0.0034636 -2000 -6.22747e-06
0.06 -0.0041576 2000 1.79609 0.0041576 -2000 -5.14556e-06
0.065 -0.00491578 2000 2.12362 0.00491578 -2000 -4.2991e-06
0.07 -0.00573829 2000 2.47895 0.00573829 -2000 -3.64478e-06
0.075 -0.00662528 2000 2.86213 0.00662528 -2000 -3.1477e-06
0.08 -0.0075769 2000 3.27322 0.0075769 -2000 -2.77977e-06
0.085 -0.00859328 2000 3.7123 0.00859328 -2000 -2.51836e-06
0.09 -0.00967456 2000 4.17941 0.00967456 -2000 -2.34522e-06
0.095 -0.0108208 2000 4.6746 0.0108208 -2000 -2.24569e-06
0.1 -0.0120322 2000 5.19791 0.0120322 -2000 -2.20791e-06
0.105 -0.0133087 2000 5.74937 0.0133087 -2000 -2.22233e-06
0.11 -0.0146505 2000 6.32901 0.0146505 -2000 -2.28128e-06
0.115 -0.0160576 2000 6.93688 0.0160576 -2000 -2.37859e-06
0.12 -0.0175301 2000 7.57302 0.0175301 -2000 -2.50929e-06
0.125 -0.0190682 2000 8.23746 0.0190682 -2000 -2.66937e-06
0.13 -0.0206718 2000 8.93022 0.0206718 -2000 -2.85561e-06
0.135 -0.0223411 2000 9.65134 0.0223411 -2000 -3.0654e-06
0.14 -0.024076 2000 10.4008 0.024076 -2000 -3.29664e-06
0.145 -0.0258766 2000 11.1787 0.0258766 -2000 -3.54715e-06
0.15 -0.0277429 2000 11.9849 0.0277429 -2000 -3.81593e-06
0.155 -0.029675 2000 12.8196 0.029675 -2000 -4.10082e-06
0.16 -0.0316728 2000 13.6827 0.0316728 -2000 -4.40254e-06
0.165 -0.0337364 2000 14.5741 0.0337364 -2000 -4.72001e-06
0.17 -0.0358658 2000 15.494 0.0358658 -2000 -5.05206e-06
0.175 -0.0380609 2000 16.4423 0.0380609 -2000 -5.39883e-06
0.18 -0.0403217 2000 17.419 0.0403217 -2000 -5.75984e-06
0.185 -0.0426483 2000 18.4241 0.0426483 -2000 -6.13458e-06
0.19 -0.0450406 2000 19.4575 0.0450406 -2000 -6.52289e-06
0.195 -0.0474985 2000 20.5193 0.0474985 -2000 -6.92442e-06
0.2 -0.0500219 2000 21.6095 0.0500219 -2000 -7.33886e-06
0.205 -0.0526109 2000 22.7279 0.0526109 -2000 -7.76624e-06
0.21 -0.0552652 2000 23.8746 0.0552652 -2000 -8.20612e-06
0.215 -0.0579848 2000 25.0495 0.0579848 -2000 -8.65818e-06
0.22 -0.0607697 2000 26.2525 0.0607697 -2000 -9.12245e-06
0.225 -0.0636199 2000 27.4838 0.0636199 -2000 -9.59897e-06
0.23 -0.0665353 2000 28.7432 0.0665353 -2000 -1.00877e-05
0.235 -0.0695156 2000 30.0307 0.0695156 -2000 -1.05883e-05
0.24 -0.0725605 2000 31.3461 0.0725605 -2000 -1.11002e-05
0.245 -0.0756699 2000 32.6894 0.0756699 -2000 -1.16231e-05
0.25 -0.0788439 2000 34.0606 0.0788439 -2000 -1.21574e-05
0.255 -0.0820826 2000 35.4597 0.0820826 -2000 -1.27033e-05
0.26 -0.0853856 2000 36.8866 0.0853856 -2000 -1.32605e-05
0.265 -0.0887528 2000 38.3412 0.0887528 -2000 -1.38286e-05
0.27 -0.092184 2000 39.8235 0.092184 -2000 -1.44075e-05
0.275 -0.0956792 2000 41.3334 0.0956792 -2000 -1.49973e-05
0.28 -0.099238 2000 42.8708 0.099238 -2000 -1.55975e-05
0.285 -0.10286 2000 44.4356 0.10286 -2000 -1.62079e-05
0.29 -0.106546 2000 46.0278 0.106546 -2000 -1.68284e-05
0.295 -0.110295 2000 47.6473 0.110295 -2000 -1.74591e-05
0.3 -0.114107 2000 49.2941 0.114107 -2000 -1.81002e-05
0.305 -0.117982 2000 50.9681 0.117982 -2000 -1.87516e-05
0.31 -0.12192 2000 52.6693 0.12192 -2000 -1.94126e-05
0.315 -0.12592 2000 54.3973 0.12592 -2000 -2.0083e-05
0.32 -0.129982 2000 56.1523 0.129982 -2000 -2.07624e-05
0.325 -0.134106 2000 57.9339 0.134106 -2000 -2.14505e-05
0.33 -0.138292 2000 59.7421 0.138292 -2000 -2.21471e-05
0.335 -0.142539 2000 61.5768 0.142539 -2000 -2.28521e-05
0.34 -0.146847 2000 63.438 0.146847 -2000 -2.35655e-05
0.345 -0.151216 2000 65.3255 0.151216 -2000 -2.42869e-05
0.35 -0.155646 2000 67.239 0.155646 -2000 -2.50158e-05
0.355 -0.160136 2000 69.1786 0.160136 -2000 -2.57521e-05
0.36 -0.164686 2000 71.1442 0.164686 -2000 -2.64963e-05
0.365 -0.169296 2000 73.1359 0.169296 -2000 -2.72486e-05
0.37 -0.173966 2000 75.1533 0.173966 -2000 -2.80086e-05
0.375 -0.178695 2000 77.1961 0.178695 -2000 -2.87748e-05
0.38 -0.183482 2000 79.2642 0.183482 -2000 -2.95463e-05
0.385 -0.188327 2000 81.3574 0.188327 -2000 -3.03231e-05
0.39 -0.193231 2000 83.4759 0.193231 -2000 -3.11063e-05
0.395 -0.198193 2000 85.6194 0.198193 -2000 -3.18956e-05
0.4 -0.203212 2000 87.7878 0.203212 -2000 -3.26907e-05
0.405 -0.208289 2000 89.981 0.208289 -2000 -3.34916e-05
0.41 -0.213423 2000 92.1989 0.213423 -2000 -3.42985e-05
0.415 -0.218614 2000 94.4413 0.218614 -2000 -3.51108e-05
0.42 -0.223861 2000 96.7081 0.223861 -2000 -3.5928e-05
0.425 -0.229164 2000 98.999 0.229164 -2000 -3.67494e-05
0.43 -0.234523 2000 101.314 0.234523 -2000 -3.75745e-05
0.435 -0.239936 2000 103.652 0.239936 -2000 -3.84029e-05
0.44 -0.245404 2000 106.015 0.245404 -2000 -3.92342e-05
0.445 -0.250926 2000 108.4 0.250926 -2000 -4.00686e-05
0.45 -0.256502 2000 110.809 0.256502 -2000 -4.09065e-05
0.455 -0.262132 2000 113.241 0.262132 -2000 -4.17476e-05
0.46 -0.267814 2000 115.696 0.267814 -2000 -4.25915e-05
0.465 -0.27355 2000 118.173 0.27355 -2000 -4.34379e-05
0.47 -0.279337 2000 120.674 0.279337 -2000 -4.42872e-05
0.475 -0.285176 2000 123.196 0.285176 -2000 -4.51394e-05
0.48 -0.291066 2000 125.741 0.291066 -2000 -4.5995e-05
0.485 -0.297008 2000 128.307 0.297008 -2000 -4.68548e-05
0.49 -0.302999 2000 130.896 0.302999 -2000 -4.77201e-05
0.495 -0.309041 2000 133.506 0.309041 -2000 -4.85926e-05
0.5 -0.315133 2000 136.137 0.315133 -2000 -4.94743e-05
0.505 -0.321273 2000 138.79 0.321273 -2000 -5.03679e-05
0.51 -0.327462 2000 141.464 0.327462 -2000 -5.12787e-05
0.515 -0.333699 2000 144.158 0.333699 -2000 -5.22105e-05
0.52 -0.339984 2000 146.873 0.339984 -2000 -5.31719e-05
0.525 -0.346317 2000 149.609 0.346317 -2000 -5.41735e-05
0.53 -0.352696 2000 152.365 0.352696 -2000 -5.52181e-05
0.535 -0.359121 2000 155.14 0.359121 -2000 -5.63198e-05
0.54 -0.365592 2000 157.936 0.365592 -2000 -5.74762e-05
0.545 -0.372108 2000 160.751 0.372108 -2000 -5.86922e-05
0.55 -0.378668 2000 163.585 0.378668 -2000 -5.996e-05
0.555 -0.385272 2000 166.437 0.385272 -2000 -6.12669e-05
0.56 -0.391919 2000 169.309 0.391919 -2000 -6.25932e-05
0.565 -0.398608 2000 172.199 0.398608 -2000 -6.39157e-05
0.57 -0.405339 2000 175.107 0.405339 -2000 -6.52134e-05
0.575 -0.412111 2000 178.032 0.412111 -2000 -6.64732e-05
0.58 -0.418921 2000 180.974 0.418921 -2000 -6.76948e-05
0.585 -0.42577 2000 183.933 0.42577 -2000 -6.88919e-05
0.59 -0.432657 2000 186.908 0.432657 -2000 -7.00916e-05
0.595 -0.439583 2000 189.9 0.439583 -2000 -7.13265e-05
0.6 -0.446549 2000 192.909 0.446549 -2000 -7.26223e-05
0.605 -0.453554 2000 195.935 0.453554 -2000 -7.39857e-05
0.61 -0.460597 2000 198.978 0.460597 -2000 -7.53988e-05
0.615 -0.467676 2000 202.036 0.467676 -2000 -7.68236e-05
0.62 -0.474793 2000 205.111 0.474793 -2000 -7.8211e-05
0.625 -0.481947 2000 208.201 0.481947 -2000 -7.95041e-05
0.63 -0.489137 2000 211.307 0.489137 -2000 -8.06456e-05
0.635 -0.496364 2000 214.429 0.496364 -2000 -8.159e-05
0.64 -0.503624 2000 217.566 0.503624 -2000 -8.23126e-05
0.645 -0.510918 2000 220.717 0.510918 -2000 -8.28136e-05
0.65 -0.518246 2000 223.882 0.518246 -2000 -8.3117e-05
0.655 -0.525606 2000 227.062 0.525606 -2000 -8.32594e-05
0.66 -0.532998 2000 230.255 0.532998 -2000 -8.32811e-05
0.665 -0.540419 2000 233.461 0.540419 -2000 -8.32221e-05
0.67 -0.547868 2000 236.679 0.547868 -2000 -8.31196e-05
0.675 -0.555346 2000 239.91 0.555346 -2000 -8.3007e-05
0.68 -0.562854 2000 243.153 0.562854 -2000 -8.29141e-05
0.685 -0.57039 2000 246.409 0.57039 -2000 -8.28612e-05
0.69 -0.577955 2000 249.677 0.577955 -2000 -8.28556e-05
0.695 -0.585546 2000 252.956 0.585546 -2000 -8.28979e-05
0.7 -0.593163 2000 256.246 0.593163 -2000 -8.29863e-05
0.705 -0.600806 2000 259.548 0.600806 -2000 -8.31212e-05
0.71 -0.608474 2000 262.861 0.608474 -2000 -8.32999e-05
0.715 -0.616166 2000 266.184 0.616166 -2000 -8.35105e-05
0.72 -0.623882 2000 269.517 0.623882 -2000 -8.37587e-05
0.725 -0.631622 2000 272.861 0.631622 -2000 -8.4036e-05
0.73 -0.639384 2000 276.214 0.639384 -2000 -8.43382e-05
0.735 -0.647167 2000 279.576 0.647167 -2000 -8.46579e-05
0.74 -0.65497 2000 282.947 0.65497 -2000 -8.49906e-05
0.745 -0.662791 2000 286.326 0.662791 -2000 -8.53295e-05
0.75 -0.670629 2000 289.712 0.670629 -2000 -8.5672e-05
0.755 -0.678483 2000 293.105 0.678483 -2000 -8.60075e-05
0.76 -0.686353 2000 296.505 0.686353 -2000 -8.63425e-05
0.765 -0.69424 2000 299.912 0.69424 -2000 -8.66723e-05
0.77 -0.702141 2000 303.325 0.702141 -2000 -8.6991e-05
0.775 -0.710057 2000 306.745 0.710057 -2000 -8.72971e-05
0.78 -0.717988 2000 310.171 0.717988 -2000 -8.75938e-05
0.785 -0.725934 2000 313.604 0.725934 -2000 -8.78856e-05
0.79 -0.733896 2000 317.043 0.733896 -2000 -8.81711e-05
0.795 -0.74187 2000 320.488 0.74187 -2000 -8.84441e-05
0.8 -0.749855 2000 323.938 0.749855 -2000 -8.87001e-05
0.805 -0.757851 2000 327.392 0.757851 -2000 -8.89388e-05
0.81 -0.765857 2000 330.85 0.765857 -2000 -8.91625e-05
0.815 -0.773872 2000 334.313 0.773872 -2000 -8.9373e-05
0.82 -0.781894 2000 337.778 0.781894 -2000 -8.957e-05
0.825 -0.789923 2000 341.247 0.789923 -2000 -8.97514e-05
0.83 -0.797957 2000 344.717 0.797957 -2000 -8.99185e-05
0.835 -0.805997 2000 348.191 0.805997 -2000 -9.00795e-05
0.84 -0.814045 2000 351.667 0.814045 -2000 -9.02421e-05
0.845 -0.822097 2000 355.146 0.822097 -2000 -9.04029e-05
0.85 -0.830153 2000 358.626 0.830153 -2000 -9.05545e-05
0.855 -0.838213 2000 362.108 0.838213 -2000 -9.06994e-05
0.86 -0.846277 2000 365.592 0.846277 -2000 -9.08446e-05
0.865 -0.854346 2000 369.077 0.854346 -2000 -9.09877e-05
0.87 -0.862415 2000 372.563 0.862415 -2000 -9.11206e-05
0.875 -0.870486 2000 376.05 0.870486 -2000 -9.12394e-05
0.88 -0.878556 2000 379.536 0.878556 -2000 -9.13419e-05
0.885 -0.886624 2000 383.022 0.886624 -2000 -9.14258e-05
0.89 -0.894691 2000 386.507 0.894691 -2000 -9.14924e-05
0.895 -0.902758 2000 389.992 0.902758 -2000 -9.15473e-05
0.9 -0.910824 2000 393.476 0.910824 -2000 -9.15922e-05
0.905 -0.918888 2000 396.96 0.918888 -2000 -9.16234e-05
0.91 -0.926947 2000 400.441 0.926947 -2000 -9.1636e-05
0.915 -0.935002 2000 403.921 0.935002 -2000 -9.1628e-05
0.92 -0.943052 2000 407.398 0.943052 -2000 -9.15994e-05
0.925 -0.951094 2000 410.873 0.951094 -2000 -9.15485e-05
0.93 -0.959128 2000 414.343 0.959128 -2000 -9.14729e-05
0.935 -0.967155 2000 417.811 0.967155 -2000 -9.13732e-05
0.94 -0.975176 2000 421.276 0.975176 -2000 -9.12555e-05
0.945 -0.983188 2000 424.737 0.983188 -2000 -9.11203e-05
0.95 -0.991189 2000 428.194 0.991189 -2000 -9.0958e-05
0.955 -0.999178 2000 431.645 0.999178 -2000 -9.07747e-05
0.96 -1.00716 2000 435.092 1.00716 -2000 -9.05759e-05
0.965 -1.01512 2000 438.533 1.01512 -2000 -9.03661e-05
0.97 -1.02308 2000 441.97 1.02308 -2000 -9.01409e-05
0.975 -1.03102 2000 445.4 1.03102 -2000 -8.9898e-05
0.98 -1.03894 2000 448.823 1.03894 -2000 -8.96328e-05
0.985 -1.04685 2000 452.238 1.04685 -2000 -8.93416e-05
0.99 -1.05473 2000 455.645 1.05473 -2000 -8.90226e-05
0.995 -1.0626 2000 459.043 1.0626 -2000 -8.86773e-05
1 -1.07045 2000 462.433 1.07045 -2000 -8.83156e-05
1.005 -1.07828 2000 465.816 1.07828 -2000 -8.79502e-05
1.01 -1.08609 2000 469.192 1.08609 -2000 -8.75849e-05
1.015 -1.09389 2000 472.559 1.09389 -2000 -8.72114e-05
1.02 -1.10166 2000 475.918 1.10166 -2000 -8.68279e-05
1.025 -1.10942 2000 479.268 1.10942 -2000 -8.64346e-05
1.03 -1.11715 2000 482.609 1.11715 -2000 -8.60347e-05
1.035 -1.12486 2000 485.941 1.12486 -2000 -8.56208e-05
1.04 -1.13255 2000 489.263 1.13255 -2000 -8.51987e-05
1.045 -1.14022 2000 492.574 1.14022 -2000 -8.47559e-05
1.05 -1.14785 2000 495.873 1.14785 -2000 -8.42843e-05
1.055 -1.15546 2000 499.158 1.15546 -2000 -8.3779e-05
1.06 -1.16303 2000 502.431 1.16303 -2000 -8.32432e-05
1.065 -1.17058 2000 505.691 1.17058 -2000 -8.26885e-05
1.07 -1.1781 2000 508.938 1.1781 -2000 -8.21178e-05
1.075 -1.18558 2000 512.17 1.18558 -2000 -8.1527e-05
1.08 -1.19303 2000 515.388 1.19303 -2000 -8.09119e-05
1.085 -1.20044 2000 518.591 1.20044 -2000 -8.02758e-05
1.09 -1.20782 2000 521.78 1.20782 -2000 -7.96222e-05
1.095 -1.21517 2000 524.952 1.21517 -2000 -7.89524e-05
1.1 -1.22248 2000 528.11 1.22248 -2000 -7.82667e-05
1.105 -1.22975 2000 531.251 1.22975 -2000 -7.75695e-05
1.11 -1.23699 2000 534.379 1.23699 -2000 -7.68696e-05
1.115 -1.24419 2000 537.491 1.24419 -2000 -7.61679e-05
1.12 -1.25136 2000 540.586 1.25136 -2000 -7.54539e-05
1.125 -1.25848 2000 543.662 1.25848 -2000 -7.47163e-05
1.13 -1.26556 2000 546.721 1.26556 -2000 -7.3958e-05
1.135 -1.2726 2000 549.764 1.2726 -2000 -7.31952e-05
1.14 -1.27961 2000 552.791 1.27961 -2000 -7.24392e-05
1.145 -1.28658 2000 555.802 1.28658 -2000 -7.1685e-05
1.15 -1.2935 2000 558.793 1.2935 -2000 -7.09176e-05
1.155 -1.30038 2000 561.765 1.30038 -2000 -7.01276e-05
1.16 -1.30722 2000 564.717 1.30722 -2000 -6.93188e-05
1.165 -1.314 2000 567.65 1.314 -2000 -6.85005e-05
1.17 -1.32075 2000 570.565 1.32075 -2000 -6.76796e-05
1.175 -1.32746 2000 573.461 1.32746 -2000 -6.68604e-05
1.18 -1.33412 2000 576.339 1.33412 -2000 -6.60433e-05
1.185 -1.34073 2000 579.197 1.34073 -2000 -6.52222e-05
1.19 -1.3473 2000 582.034 1.3473 -2000 -6.43892e-05
1.195 -1.35382 2000 584.849 1.35382 -2000 -6.35395e-05
1.2 -1.36028 2000 587.641 1.36028 -2000 -6.26711e-05
1.205 -1.36669 2000 590.411 1.36669 -2000 -6.17837e-05
1.21 -1.37305 2000 593.157 1.37305 -2000 -6.08802e-05
1.215 -1.37935 2000 595.881 1.37935 -2000 -5.99662e-05
1.22 -1.3856 2000 598.581 1.3856 -2000 -5.90457e-05
1.225 -1.3918 2000 601.257 1.3918 -2000 -5.81187e-05
1.23 -1.39794 2000 603.909 1.39794 -2000 -5.71816e-05
1.235 -1.40402 2000 606.537 1.40402 -2000 -5.62347e-05
1.24 -1.41005 2000 609.142 1.41005 -2000 -5.52943e-05
1.245 -1.41604 2000 611.729 1.41604 -2000 -5.43847e-05
1.25 -1.42198 2000 614.296 1.42198 -2000 -5.35105e-05
1.255 -1.42787 2000 616.841 1.42787 -2000 -5.26469e-05
1.26 -1.4337 2000 619.36 1.4337 -2000 -5.17649e-05
1.265 -1.43947 2000 621.852 1.43947 -2000 -5.08554e-05
1.27 -1.44518 2000 624.316 1.44518 -2000 -4.99256e-05
1.275 -1.45082 2000 626.755 1.45082 -2000 -4.89861e-05
1.28 -1.45641 2000 629.167 1.45641 -2000 -4.80437e-05
1.285 -1.46193 2000 631.553 1.46193 -2000 -4.71005e-05
1.29 -1.46739 2000 633.913 1.46739 -2000 -4.61558e-05
1.295 -1.47279 2000 636.246 1.47279 -2000 -4.521e-05
1.3 -1.47813 2000 638.552 1.47813 -2000 -4.42668e-05
1.305 -1.48341 2000 640.833 1.48341 -2000 -4.3331e-05
1.31 -1.48863 2000 643.087 1.48863 -2000 -4.24013e-05
1.315 -1.49378 2000 645.312 1.49378 -2000 -4.14704e-05
1.32 -1.49886 2000 647.509 1.49886 -2000 -4.05344e-05
1.325 -1.50388 2000 649.677 1.50388 -2000 -3.95952e-05
1.33 -1.50883 2000 651.817 1.50883 -2000 -3.86569e-05
1.335 -1.51372 2000 653.929 1.51372 -2000 -3.77274e-05
1.34 -1.51855 2000 656.015 1.51855 -2000 -3.68149e-05
1.345 -1.52332 2000 658.074 1.52332 -2000 -3.59166e-05
1.35 -1.52802 2000 660.103 1.52802 -2000 -3.50195e-05
1.355 -1.53264 2000 662.101 1.53264 -2000 -3.4115e-05
1.36 -1.53719 2000 664.068 1.53719 -2000 -3.32065e-05
1.365 -1.54168 2000 666.005 1.54168 -2000 -3.23008e-05
1.37 -1.54609 2000 667.911 1.54609 -2000 -3.13995e-05
1.375 -1.55043 2000 669.787 1.55043 -2000 -3.05005e-05
1.38 -1.5547 2000 671.629 1.5547 -2000 -2.96005e-05
1.385 -1.55889 2000 673.439 1.55889 -2000 -2.8698e-05
1.39 -1.563 2000 675.215 1.563 -2000 -2.77971e-05
1.395 -1.56703 2000 676.959 1.56703 -2000 -2.69019e-05
1.4 -1.571 2000 678.67 1.571 -2000 -2.60137e-05
1.405 -1.57488 2000 680.348 1.57488 -2000 -2.51343e-05
1.41 -1.57869 2000 681.995 1.57869 -2000 -2.42674e-05
1.415 -1.58243 2000 683.609 1.58243 -2000 -2.34153e-05
1.42 -1.58609 2000 685.19 1.58609 -2000 -2.25762e-05
1.425 -1.58967 2000 686.738 1.58967 -2000 -2.17471e-05
1.43 -1.59318 2000 688.252 1.59318 -2000 -2.09272e-05
1.435 -1.5966 2000 689.732 1.5966 -2000 -2.01164e-05
1.44 -1.59995 2000 691.177 1.59995 -2000 -1.93138e-05
1.445 -1.60321 2000 692.587 1.60321 -2000 -1.852e-05
1.45 -1.6064 2000 693.963 1.6064 -2000 -1.77388e-05
1.455 -1.6095 2000 695.305 1.6095 -2000 -1.69723e-05
1.46 -1.61252 2000 696.61 1.61252 -2000 -1.62171e-05
1.465 -1.61546 2000 697.879 1.61546 -2000 -1.54703e-05
1.47 -1.61832 2000 699.114 1.61832 -2000 -1.47371e-05
1.475 -1.6211 2000 700.315 1.6211 -2000 -1.40259e-05
1.48 -1.6238 2000 701.484 1.6238 -2000 -1.3338e-05
1.485 -1.62643 2000 702.617 1.62643 -2000 -1.26665e-05
1.49 -1.62896 2000 703.712 1.62896 -2000 -1.20049e-05
1.495 -1.63141 2000 704.77 1.63141 -2000 -1.13515e-05
1.5 -1.63378 2000 705.791 1.63378 -2000 -1.07107e-05
1.505 -1.63606 2000 706.776 1.63606 -2000 -1.0087e-05
1.51 -1.63825 2000 707.724 1.63825 -2000 -9.47995e-06
1.515 -1.64035 2000 708.633 1.64035 -2000 -8.88583e-06
1.52 -1.64237 2000 709.504 1.64237 -2000 -8.30505e-06
1.525 -1.6443 2000 710.339 1.6443 -2000 -7.7428e-06
1.53 -1.64616 2000 711.139 1.64616 -2000 -7.2048e-06
1.535 -1.64793 2000 711.905 1.64793 -2000 -6.69252e-06
1.54 -1.64962 2000 712.635 1.64962 -2000 -6.20134e-06
1.545 -1.65122 2000 713.326 1.65122 -2000 -5.72425e-06
1.55 -1.65272 2000 713.975 1.65272 -2000 -5.25864e-06
1.555 -1.65413 2000 714.585 1.65413 -2000 -4.80769e-06
1.56 -1.65545 2000 715.157 1.65545 -2000 -4.37589e-06
1.565 -1.65669 2000 715.69 1.65669 -2000 -3.9654e-06
1.57 -1.65784 2000 716.186 1.65784 -2000 -3.57552e-06
1.575 -1.65889 2000 716.641 1.65889 -2000 -3.20475e-06
1.58 -1.65985 2000 717.055 1.65985 -2000 -2.85266e-06
1.585 -1.66071 2000 717.427 1.66071 -2000 -2.51952e-06
1.59 -1.66147 2000 717.757 1.66147 -2000 -2.20558e-06
1.595 -1.66214 2000 718.044 1.66214 -2000 -1.91186e-06
1.6 -1.66271 2000 718.29 1.66271 -2000 -1.6409e-06
1.605 -1.66319 2000 718.497 1.66319 -2000 -1.39467e-06
1.61 -1.66358 2000 718.666 1.66358 -2000 -1.17331e-06
1.615 -1.66388 2000 718.794 1.66388 -2000 -9.76223e-07
1.62 -1.66408 2000 718.882 1.66408 -2000 -8.02566e-07
1.625 -1.66419 2000 718.929 1.66419 -2000 -6.52827e-07
1.63 -1.6642 2000 718.935 1.6642 -2000 -5.27134e-07
1.635 -1.66411 2000 718.896 1.66411 -2000 -3.76226e-05
1.64 -1.66391 2000 718.808 1.66391 -2000 -6.0694e-05
1.645 -1.66359 2000 718.669 1.66359 -2000 -4.89443e-05
1.65 -1.66315 2000 718.48 1.66315 -2000 -3.94723e-05
1.655 -1.6626 2000 718.242 1.6626 -2000 -3.18106e-05
1.66 -1.66194 2000 717.958 1.66194 -2000 -2.56361e-05
1.665 -1.66118 2000 717.629 1.66118 -2000 -2.06601e-05
1.67 -1.66031 2000 717.253 1.66031 -2000 -1.66499e-05
1.675 -1.65933 2000 716.832 1.65933 -2000 -1.34181e-05
1.68 -1.65825 2000 716.365 1.65825 -2000 -1.08136e-05
1.685 -1.65706 2000 715.849 1.65706 -2000 -8.71467e-06
1.69 -1.65575 2000 715.284 1.65575 -2000 -7.02313e-06
1.695 -1.65433 2000 714.669 1.65433 -2000 -5.65993e-06
1.7 -1.65279 2000 714.005 1.65279 -2000 -4.56132e-06
1.705 -1.65114 2000 713.295 1.65114 -2000 -3.67595e-06
1.71 -1.64939 2000 712.536 1.64939 -2000 -2.96244e-06
1.715 -1.64752 2000 711.727 1.64752 -2000 -2.38742e-06
1.72 -1.64552 2000 710.866 1.64552 -2000 -1.92402e-06
1.725 -1.6434 2000 709.95 1.6434 -2000 -1.55056e-06
1.73 -1.64116 2000 708.98 1.64116 -2000 -1.24959e-06
1.735 -1.63878 2000 707.955 1.63878 -2000 -1.00704e-06
1.74 -1.63629 2000 706.877 1.63629 -2000 -8.11571e-07
1.745 -1.63367 2000 705.747 1.63367 -2000 -6.54042e-07
1.75 -1.63094 2000 704.566 1.63094 -2000 -5.2709e-07
1.755 -1.62808 2000 703.332 1.62808 -2000 -4.2478e-07
1.76 -1.6251 2000 702.045 1.6251 -2000 -3.42327e-07
1.765 -1.622 2000 700.706 1.622 -2000 -2.75879e-07
1.77 -1.61879 2000 699.317 1.61879 -2000 -2.22328e-07
1.775 -1.61546 2000 697.877 1.61546 -2000 -1.79172e-07
1.78 -1.61201 2000 696.387 1.61201 -2000 -1.44392e-07
1.785 -1.60844 2000 694.847 1.60844 -2000 -1.16362e-07
1.79 -1.60477 2000 693.259 1.60477 -2000 -9.37729e-08
1.795 -1.60098 2000 691.622 1.60098 -2000 -7.55694e-08
1.8 -1.59708 2000 689.937 1.59708 -2000 -6.08977e-08
1.805 -1.59306 2000 688.202 1.59306 -2000 -4.90749e-08
1.81 -1.58893 2000 686.418 1.58893 -2000 -3.95461e-08
1.815 -1.58468 2000 684.582 1.58468 -2000 -3.18662e-08
1.82 -1.58031 2000 682.694 1.58031 -2000 -2.56771e-08
1.825 -1.57582 2000 680.753 1.57582 -2000 -2.06892e-08
1.83 -1.57121 2000 678.761 1.57121 -2000 -1.66699e-08
1.835 -1.56648 2000 676.719 1.56648 -2000 -1.34297e-08
1.84 -1.56164 2000 674.627 1.56164 -2000 -1.08109e-08
1.845 -1.55668 2000 672.486 1.55668 -2000 -8.64959e-09
1.85 -1.55161 2000 670.295 1.55161 -2000 -6.83289e-09
1.855 -1.54641 2000 668.051 1.54641 -2000 -5.34453e-09
1.86 -1.5411 2000 665.756 1.5411 -2000 -4.23697e-09
1.865 -1.53567 2000 663.411 1.53567 -2000 -3.4149e-09
1.87 -1.53014 2000 661.021 1.53014 -2000 -2.73486e-09
1.875 -1.5245 2000 658.583 1.5245 -2000 -2.20389e-09
1.88 -1.51874 2000 656.095 1.51874 -2000 -1.77967e-09
1.885 -1.51286 2000 653.557 1.51286 -2000 -1.41232e-09
1.89 -1.50687 2000 650.968 1.50687 -2000 -1.12106e-09
1.895 -1.50076 2000 648.327 1.50076 -2000 -9.08856e-10
1.9 -1.49453 2000 645.636 1.49453 -2000 -7.28189e-10
1.905 -1.48819 2000 642.898 1.48819 -2000 -5.86225e-10
1.91 -1.48174 2000 640.111 1.48174 -2000 -4.58357e-10
1.915 -1.47518 2000 637.277 1.47518 -2000 -3.50841e-10
1.92 -1.46851 2000 634.396 1.46851 -2000 -2.6128e-10
1.925 -1.46174 2000 631.471 1.46174 -2000 -2.37841e-10
1.93 -1.45487 2000 628.502 1.45487 -2000 -2.08078e-10
1.935 -1.44789 2000 625.488 1.44789 -2000 -1.74195e-10
1.94 -1.44081 2000 622.429 1.44081 -2000 -1.44797e-10
1.945 -1.43361 2000 619.321 1.43361 -2000 -1.17769e-10
1.95 -1.42631 2000 616.165 1.42631 -2000 -9.59794e-11
1.955 -1.4189 2000 612.963 1.4189 -2000 -7.81765e-11
1.96 -1.41138 2000 609.717 1.41138 -2000 7.60706e-10
1.965 -1.40375 2000 606.422 1.40375 -2000 3.88575e-11
1.97 -1.39601 2000 603.076 1.39601 -2000 -5.10451e-10
1.975 -1.38814 2000 599.679 1.38814 -2000 5.94047e-10
1.98 -1.38017 2000 596.232 1.38017 -2000 1.2603e-09
1.985 -1.37207 2000 592.736 1.37207 -2000 5.42807e-10
1.99 -1.36386 2000 589.189 1.36386 -2000 3.08952e-12
1.995 -1.35553 2000 585.589 1.35553 -2000 -3.18718e-10
2 -1.34709 2000 581.941 1.34709 -2000 -5.07447e-10
2.005 -1.33854 2000 578.251 1.33854 -2000 -1.17556e-10
2.01 -1.32991 2000 574.523 1.32991 -2000 1.64901e-10
2.015 -1.32119 2000 570.754 1.32119 -2000 3.32023e-10
2.02 -1.31237 2000 566.942 1.31237 -2000 4.30697e-10
2.025 -1.30344 2000 563.085 1.30344 -2000 4.87645e-10
2.03 -1.29441 2000 559.185 1.29441 -2000 1.89767e-10
2.035 -1.28528 2000 555.241 1.28528 -2000 -2.06058e-11
2.04 -1.27605 2000 551.253 1.27605 -2000 -1.462e-10
2.045 -1.26673 2000 547.227 1.26673 -2000 -2.17394e-10
2.05 -1.25732 2000 543.164 1.25732 -2000 -2.58815e-10
2.055 -1.24783 2000 539.064 1.24783 -2000 -2.79446e-10
2.06 -1.23826 2000 534.926 1.23826 -2000 -1.61664e-10
2.065 -1.22859 2000 530.75 1.22859 -2000 -7.66269e-11
2.07 -1.21883 2000 526.534 1.21883 -2000 -2.36299e-11
2.075 -1.20897 2000 522.276 1.20897 -2000 8.69387e-12
2.08 -1.19903 2000 517.979 1.19903 -2000 2.98975e-11
2.085 -1.18899 2000 513.642 1.18899 -2000 4.2985e-11
2.09 -1.17886 2000 509.268 1.17886 -2000 5.29842e-11
2.095 -1.16866 2000 504.86 1.16866 -2000 5.93979e-11
2.1 -1.15837 2000 500.418 1.15837 -2000 6.38347e-11
2.105 -1.148 2000 495.935 1.148 -2000 2.61052e-10
2.11 -1.13752 2000 491.408 1.13752 -2000 3.98598e-10
2.115 -1.12694 2000 486.836 1.12694 -2000 4.78685e-10
2.12 -1.11626 2000 482.224 1.11626 -2000 5.25017e-10
2.125 -1.10549 2000 477.572 1.10549 -2000 5.51191e-10
2.13 -1.09463 2000 472.878 1.09463 -2000 5.65154e-10
2.135 -1.08365 2000 468.137 1.08365 -2000 5.73579e-10
2.14 -1.07256 2000 463.346 1.07256 -2000 4.22763e-10
2.145 -1.06136 2000 458.509 1.06136 -2000 3.20522e-10
2.15 -1.05007 2000 453.63 1.05007 -2000 5.21404e-06
2.155 -1.03868 2000 448.711 1.03868 -2000 4.07025e-05
2.16 -1.0272 2000 443.752 1.0272 -2000 3.33197e-05
2.165 -1.01563 2000 438.753 1.01563 -2000 1.59777e-05
2.17 -1.00397 2000 433.716 1.00397 -2000 2.05838e-05
2.175 -0.992229 2000 428.643 0.992229 -2000 2.00373e-05
2.18 -0.980407 2000 423.536 0.980407 -2000 4.76577e-06
2.185 -0.968502 2000 418.393 0.968502 -2000 -5.54831e-07
2.19 -0.956512 2000 413.213 0.956512 -2000 -4.45539e-07
2.195 -0.944438 2000 407.997 0.944438 -2000 -3.57356e-07
2.2 -0.932288 2000 402.748 0.932288 -2000 -2.86159e-07
2.205 -0.920073 2000 397.471 0.920073 -2000 -2.28614e-07
2.21 -0.907787 2000 392.164 0.907787 -2000 -1.82025e-07
2.215 -0.895417 2000 386.82 0.895417 -2000 -1.44195e-07
2.22 -0.882963 2000 381.44 0.882963 -2000 -1.13336e-07
2.225 -0.870445 2000 376.032 0.870445 -2000 -8.79906e-08
2.23 -0.857872 2000 370.601 0.857872 -2000 -6.69542e-08
2.235 -0.845236 2000 365.142 0.845236 -2000 -4.92066e-08
2.24 -0.832521 2000 359.649 0.832521 -2000 -3.38628e-08
2.245 -0.819728 2000 354.123 0.819728 -2000 -2.01411e-08
2.25 -0.806861 2000 348.564 0.806861 -2000 -7.32949e-09
2.255 -0.793917 2000 342.972 0.793917 -2000 5.26043e-09
2.26 -0.78089 2000 337.345 0.78089 -2000 1.83435e-08
2.265 -0.767783 2000 331.682 0.767783 -2000 3.26793e-08
2.27 -0.754608 2000 325.991 0.754608 -2000 4.90787e-08
2.275 -0.741373 2000 320.273 0.741373 -2000 6.84626e-08
2.28 -0.728074 2000 314.528 0.728074 -2000 9.19593e-08
2.285 -0.714699 2000 308.75 0.714699 -2000 1.21003e-07
2.29 -0.70124 2000 302.936 0.70124 -2000 1.57383e-07
2.295 -0.687699 2000 297.086 0.687699 -2000 2.03252e-07
2.3 -0.674088 2000 291.206 0.674088 -2000 2.61142e-07
2.305 -0.660422 2000 285.302 0.660422 -2000 3.3406e-07
2.31 -0.646708 2000 279.378 0.646708 -2000 4.25698e-07
2.315 -0.632946 2000 273.433 0.632946 -2000 5.40879e-07
2.32 -0.619132 2000 267.465 0.619132 -2000 6.85256e-07
2.325 -0.605268 2000 261.476 0.605268 -2000 8.66495e-07
2.33 -0.591352 2000 255.464 0.591352 -2000 1.09335e-06
2.335 -0.577372 2000 249.425 0.577372 -2000 1.37713e-06
2.34 -0.563324 2000 243.356 0.563324 -2000 0.000105377
2.345 -0.549221 2000 237.264 0.549221 -2000 6.47912e-07
2.35 -0.535077 2000 231.154 0.535077 -2000 -0.00014822
2.355 -0.520889 2000 225.024 0.520889 -2000 -0.000118226
2.36 -0.506645 2000 218.871 0.506645 -2000 -9.37584e-05
2.365 -0.492343 2000 212.692 0.492343 -2000 -7.36741e-05
2.37 -0.47798 2000 206.487 0.47798 -2000 -5.70373e-05
2.375 -0.463552 2000 200.255 0.463552 -2000 -4.30741e-05
2.38 -0.449059 2000 193.994 0.449059 -2000 -3.11381e-05
2.385 -0.434512 2000 187.709 0.434512 -2000 -2.06857e-05
2.39 -0.419926 2000 181.408 0.419926 -2000 -1.12549e-05
2.395 -0.405299 2000 175.089 0.405299 -2000 -2.43457e-06
2.4 -0.390623 2000 168.749 0.390623 -2000 6.16027e-06
2.405 -0.375887 2000 162.383 0.375887 -2000 1.4902e-05
2.41 -0.361085 2000 155.989 0.361085 -2000 2.4158e-05
2.415 -0.346227 2000 149.57 0.346227 -2000 0.000308098
2.42 -0.331332 2000 143.135 0.331332 -2000 0.000106025
2.425 -0.316414 2000 136.691 0.316414 -2000 -1.34805e-05
2.43 -0.301473 2000 130.236 0.301473 -2000 -0.000144709
2.435 -0.286493 2000 123.765 0.286493 -2000 -0.000298992
2.44 -0.271466 2000 117.274 0.271466 -2000 -0.000202554
2.445 -0.256387 2000 110.759 0.256387 -2000 -0.00011714
2.45 -0.241256 2000 104.223 0.241256 -2000 -3.92304e-05
2.455 -0.226093 2000 97.6718 0.226093 -2000 0.000442401
2.46 -0.210912 2000 91.1135 0.210912 -2000 0.00048793
2.465 -0.195705 2000 84.5442 0.195705 -2000 0.000486167
2.47 -0.180464 2000 77.96 0.180464 -2000 0.000501037
2.475 -0.165184 2000 71.3588 0.165184 -2000 0.00053168
2.48 -0.149874 2000 64.7444 0.149874 -2000 0.00111237
2.485 -0.134543 2000 58.1213 0.134543 -2000 0.0011569
2.49 -0.119179 2000 51.484 0.119179 -2000 0.00131744
2.495 -0.103797 2000 44.8394 0.103797 -2000 0.000943869
2.5 -0.0884276 2000 38.1994 0.0884276 -2000 0.00128056
2.505 -0.0730387 2000 31.5513 0.0730387 -2000 0.00139758
2.51 -0.0576458 2000 24.9006 0.0576458 -2000 0.00233751
2.515 -0.0422661 2000 18.2564 0.0422661 -2000 0.00256811
2.52 -0.0269058 2000 11.6211 0.0269058 -2000 0.00221648
2.525 -0.0115709 2000 4.99725 0.0115709 -2000 0.00136648
2.53 0.00375533 2000 -1.62387 -0.00375533 -2000 0.00156712
2.535 0.0190516 2000 -8.2324 -0.0190516 -2000 0.00212134
2.54 0.0342862 2000 -14.8141 -0.0342862 -2000 0.00241057
2.545 0.0494983 2000 -21.3859 -0.0494983 -2000 0.00267133
2.55 0.064619 2000 -27.9185 -0.064619 -2000 0.00306076
2.555 0.0795678 1999.99 -34.3771 -0.0795678 -1999.99 0.00384275
2.56 0.0941725 1999.99 -40.6881 -0.0941725 -1999.99 0.0055117
2.565 0.108485 1999.99 -46.8727 -0.108485 -1999.99 0.00709437
2.57 0.122771 1999.99 -53.0435 -0.122771 -1999.99 0.00646812
2.575 0.137047 1999.99 -59.21 -0.137047 -1999.99 0.00551027
2.58 0.151332 1999.99 -65.3799 -0.151332 -1999.99 0.00464493
2.585 0.165625 1999.99 -71.5539 -0.165625 -1999.99 0.00385403
2.59 0.179916 1999.99 -77.727 -0.179916 -1999.99 0.00312519
2.595 0.194198 2000 -83.8961 -0.194198 -2000 0.00245244
2.6 0.208476 2000 -90.0634 -0.208476 -2000 0.0018343
2.605 0.222753 2000 -96.2308 -0.222753 -2000 0.00127164
2.61 0.237029 2000 -102.397 -0.237029 -2000 0.00076661
2.615 0.251302 2000 -108.563 -0.251302 -2000 0.000321474
2.62 0.265572 2000 -114.727 -0.265572 -2000 -6.23294e-05
2.625 0.279839 2000 -120.89 -0.279839 -2000 -0.000384622
2.63 0.294093 2000 -127.048 -0.294093 -2000 -0.000646445
2.635 0.308331 2000 -133.198 -0.308331 -2000 -0.000850367
2.64 0.322555 2000 -139.343 -0.322555 -2000 -0.00100074
2.645 0.336775 2000 -145.486 -0.336775 -2000 -0.00110313
2.65 0.350997 2000 -151.63 -0.350997 -2000 -0.0011636
2.655 0.365222 2000 -157.775 -0.365222 -2000 -0.00118822
2.66 0.379438 2000 -163.916 -0.379438 -2000 -0.0011827
2.665 0.393633 2000 -170.048 -0.393633 -2000 -0.00115252
2.67 0.407805 2000 -176.17 -0.407805 -2000 -0.00110307
2.675 0.42196 2000 -182.286 -0.42196 -2000 -0.00103947
2.68 0.436108 2000 -188.398 -0.436108 -2000 -0.00096621
2.685 0.450246 2000 -194.505 -0.450246 -2000 -0.000886914
2.69 0.464372 2000 -200.608 -0.464372 -2000 -0.000804481
2.695 0.478497 2000 -206.71 -0.478497 -2000 -0.000721354
2.7 0.49263 2000 -212.815 -0.49263 -2000 -0.000639452
2.705 0.506762 2000 -218.92 -0.506762 -2000 -0.000560095
2.71 0.520879 2000 -225.019 -0.520879 -2000 -0.0004842
2.715 0.534966 2000 -231.105 -0.534966 -2000 -0.000412455
2.72 0.549021 2000 -237.177 -0.549021 -2000 -0.000345359
2.725 0.563069 2000 -243.246 -0.563069 -2000 -0.000283226
2.73 0.577137 2000 -249.323 -0.577137 -2000 -0.000226137
2.735 0.591222 2000 -255.408 -0.591222 -2000 -0.000173992
2.74 0.605302 2000 -261.49 -0.605302 -2000 -0.000126647
2.745 0.619365 2000 -267.566 -0.619365 -2000 -8.39442e-05
2.75 0.633419 2000 -273.637 -0.633419 -2000 -4.5639e-05
2.755 0.647479 2000 -279.711 -0.647479 -2000 -1.13833e-05
2.76 0.66155 2000 -285.79 -0.66155 -2000 1.92315e-05
2.765 0.675626 2000 -291.871 -0.675626 -2000 4.66041e-05
2.77 0.689688 2000 -297.945 -0.689688 -2000 7.10736e-05
2.775 0.703723 2000 -304.009 -0.703723 -2000 9.29344e-05
2.78 0.717725 2000 -310.057 -0.717725 -2000 0.000112452
2.785 0.731687 2000 -316.089 -0.731687 -2000 0.000129827
2.79 0.745608 2000 -322.103 -0.745608 -2000 0.000145224
2.795 0.759499 2000 -328.104 -0.759499 -2000 0.000158845
2.8 0.773367 2000 -334.095 -0.773367 -2000 0.000170889
2.805 0.787204 2000 -340.072 -0.787204 -2000 0.000181462
2.81 0.801008 2000 -346.036 -0.801008 -2000 0.000190665
2.815 0.81479 2000 -351.989 -0.81479 -2000 0.000198676
2.82 0.828559 2000 -357.938 -0.828559 -2000 0.000205688
2.825 0.842315 2000 -363.88 -0.842315 -2000 0.000211827
2.83 0.856048 2000 -369.813 -0.856048 -2000 0.000217146
2.835 0.869746 2000 -375.731 -0.869746 -2000 0.000221647
2.84 0.88341 2000 -381.634 -0.88341 -2000 0.0002254
2.845 0.897054 2000 -387.528 -0.897054 -2000 0.000228575
2.85 0.910684 2000 -393.416 -0.910684 -2000 0.000231289
2.855 0.924285 2000 -399.291 -0.924285 -2000 0.000233575
2.86 0.937839 2000 -405.147 -0.937839 -2000 0.000235355
2.865 0.951352 2000 -410.984 -0.951352 -2000 0.000236674
2.87 0.96483 2000 -416.807 -0.96483 -2000 0.000237658
2.875 0.978271 2000 -422.613 -0.978271 -2000 0.000238355
2.88 0.991671 2000 -428.402 -0.991671 -2000 0.000238772
2.885 1.00503 2000 -434.174 -1.00503 -2000 0.000238938
2.89 1.01835 2000 -439.929 -1.01835 -2000 0.000238915
2.895 1.03164 2000 -445.668 -1.03164 -2000 0.000238722
2.9 1.04488 2000 -451.387 -1.04488 -2000 0.000238353
2.905 1.05807 2000 -457.087 -1.05807 -2000 0.00023782
2.91 1.07123 2000 -462.77 -1.07123 -2000 0.000237178
2.915 1.08435 2000 -468.44 -1.08435 -2000 0.000236485
2.92 1.09744 2000 -474.095 -1.09744 -2000 0.000235752
2.925 1.11049 2000 -479.732 -1.11049 -2000 0.000234951
2.93 1.1235 2000 -485.352 -1.1235 -2000 0.000234065
2.935 1.13647 2000 -490.953 -1.13647 -2000 0.000233106
2.94 1.14938 2000 -496.534 -1.14938 -2000 0.000232061
2.945 1.16224 2000 -502.089 -1.16224 -2000 0.000230878
2.95 1.17505 2000 -507.623 -1.17505 -2000 0.000229583
2.955 1.18782 2000 -513.14 -1.18782 -2000 0.000228293
2.96 1.20056 2000 -518.643 -1.20056 -2000 0.000227049
2.965 1.21325 2000 -524.124 -1.21325 -2000 0.000225791
2.97 1.22588 2000 -529.581 -1.22588 -2000 0.000224429
2.975 1.23846 2000 -535.015 -1.23846 -2000 0.000223007
2.98 1.25099 2000 -540.428 -1.25099 -2000 0.000221549
2.985 1.26346 2000 -545.817 -1.26346 -2000 0.000220064
2.99 1.27588 2000 -551.179 -1.27588 -2000 0.000218493
2.995 1.28822 2000 -556.511 -1.28822 -2000 0.000216796
3 1.30048 2000 -561.807 -1.30048 -2000 0.000214929
3.005 1.31266 2000 -567.071 -1.31266 -2000 0.000212921
3.01 1.32479 2000 -572.311 -1.32479 -2000 0.000210912
3.015 1.33687 2000 -577.53 -1.33687 -2000 0.000208989
3.02 1.3489 2000 -582.724 -1.3489 -2000 0.000207109
3.025 1.36085 2000 -587.886 -1.36085 -2000 0.000205168
3.03 1.37271 2000 -593.013 -1.37271 -2000 0.000203103
3.035 1.3845 2000 -598.103 -1.3845 -2000 0.000200923
3.04 1.39621 2000 -603.164 -1.39621 -2000 0.000198703
3.045 1.40787 2000 -608.2 -1.40787 -2000 0.000196541
3.05 1.41948 2000 -613.215 -1.41948 -2000 0.000194482
3.055 1.43103 2000 -618.207 -1.43103 -2000 0.000192514
3.06 1.44253 2000 -623.173 -1.44253 -2000 0.00019059
3.065 1.45396 2000 -628.113 -1.45396 -2000 0.000188673
3.07 1.46534 2000 -633.028 -1.46534 -2000 0.00018677
3.075 1.47666 2000 -637.919 -1.47666 -2000 0.000184903
3.08 1.48792 2000 -642.781 -1.48792 -2000 0.000183032
3.085 1.4991 2000 -647.609 -1.4991 -2000 0.000181088
3.09 1.5102 2000 -652.406 -1.5102 -2000 0.000179068
3.095 1.52123 2000 -657.171 -1.52123 -2000 0.00017702
3.1 1.53218 2000 -661.904 -1.53218 -2000 0.000174942
3.105 1.54306 2000 -666.602 -1.54306 -2000 0.000172812
3.11 1.55387 2000 -671.27 -1.55387 -2000 0.000170665
3.115 1.56461 2000 -675.91 -1.56461 -2000 0.000168553
3.12 1.57528 2000 -680.52 -1.57528 -2000 0.000166475
3.125 1.58588 2000 -685.102 -1.58588 -2000 0.000164424
3.13 1.59643 2000 -689.658 -1.59643 -2000 0.00016242
3.135 1.60691 2000 -694.187 -1.60691 -2000 0.000160464
3.14 1.61733 2000 -698.686 -1.61733 -2000 0.000158528
3.145 1.62768 2000 -703.156 -1.62768 -2000 0.000156584
3.15 1.63795 2000 -707.595 -1.63795 -2000 0.000154636
3.155 1.64815 2000 -712.002 -1.64815 -2000 0.000152671
3.16 1.65827 2000 -716.372 -1.65827 -2000 0.000150643
3.165 1.6683 2000 -720.704 -1.6683 -2000 0.000148541
3.17 1.67825 2000 -725.003 -1.67825 -2000 0.000146417
3.175 1.68814 2000 -729.276 -1.68814 -2000 0.000144348
3.18 1.69797 2000 -733.524 -1.69797 -2000 0.000142384
3.185 1.70775 2000 -737.747 -1.70775 -2000 0.000140499
3.19 1.71745 2000 -741.937 -1.71745 -2000 0.000138622
3.195 1.72707 2000 -746.095 -1.72707 -2000 0.000136721
3.2 1.73662 2000 -750.218 -1.73662 -2000 0.000134787
3.205 1.74609 2000 -754.309 -1.74609 -2000 0.000132834
3.21 1.7555 2000 -758.376 -1.7555 -2000 0.00013094
3.215 1.76487 2000 -762.424 -1.76487 -2000 0.000129181
3.22 1.77418 2000 -766.445 -1.77418 -2000 0.000127504
3.225 1.78339 2000 -770.425 -1.78339 -2000 0.000125739
3.23 1.79249 2000 -774.355 -1.79249 -2000 0.000123778
3.235 1.80149 2000 -778.246 -1.80149 -2000 0.000121698
3.24 1.81043 2000 -782.106 -1.81043 -2000 0.000119653
3.245 1.8193 2000 -785.937 -1.8193 -2000 0.000117686
3.25 1.82808 2000 -789.733 -1.82808 -2000 0.000115737
3.255 1.8368 2000 -793.497 -1.8368 -2000 0.000113801
3.26 1.84545 2000 -797.235 -1.84545 -2000 0.000111942
3.265 1.85403 2000 -800.942 -1.85403 -2000 0.000110147
3.27 1.86252 2000 -804.609 -1.86252 -2000 0.000108308
3.275 1.87092 2000 -808.237 -1.87092 -2000 0.000106399
3.28 1.87923 2000 -811.829 -1.87923 -2000 0.000104483
3.285 1.88747 2000 -815.385 -1.88747 -2000 0.000102572
3.29 1.89561 2000 -818.903 -1.89561 -2000 0.000100647
3.295 1.90368 2000 -822.39 -1.90368 -2000 9.87483e-05
3.3 1.91169 2000 -825.848 -1.91169 -2000 9.69306e-05
3.305 1.91962 2000 -829.277 -1.91962 -2000 9.51805e-05
3.31 1.92748 2000 -832.672 -1.92748 -2000 9.34527e-05
3.315 1.93526 2000 -836.033 -1.93526 -2000 9.17318e-05
3.32 1.94296 2000 -839.359 -1.94296 -2000 9.00155e-05
3.325 1.95057 2000 -842.647 -1.95057 -2000 8.82795e-05
3.33 1.95809 2000 -845.895 -1.95809 -2000 8.65041e-05
3.335 1.96552 2000 -849.105 -1.96552 -2000 8.47139e-05
3.34 1.97287 2000 -852.28 -1.97287 -2000 8.29421e-05
3.345 1.98014 2000 -855.419 -1.98014 -2000 8.11857e-05
3.35 1.98731 2000 -858.519 -1.98731 -2000 7.9428e-05
3.355 1.9944 2000 -861.58 -1.9944 -2000 7.76704e-05
3.36 2.00139 2000 -864.602 -2.00139 -2000 7.59083e-05
3.365 2.00828 2000 -867.579 -2.00828 -2000 7.41197e-05
3.37 2.01508 2000 -870.514 -2.01508 -2000 7.23077e-05
3.375 2.02178 2000 -873.411 -2.02178 -2000 7.051e-05
3.38 2.02841 2000 -876.272 -2.02841 -2000 6.87572e-05
3.385 2.03495 2000 -879.097 -2.03495 -2000 6.70523e-05
3.39 2.0414 2000 -881.887 -2.0414 -2000 6.53871e-05
3.395 2.04778 2000 -884.64 -2.04778 -2000 6.37553e-05
3.4 2.05406 2000 -887.355 -2.05406 -2000 6.21443e-05
3.405 2.06025 2000 -890.026 -2.06025 -2000 6.05239e-05
3.41 2.06632 2000 -892.648 -2.06632 -2000 5.8858e-05
3.415 2.07227 2000 -895.221 -2.07227 -2000 5.71377e-05
3.42 2.07812 2000 -897.75 -2.07812 -2000 5.54077e-05
3.425 2.0839 2000 -900.243 -2.0839 -2000 5.37353e-05
3.43 2.08959 2000 -902.703 -2.08959 -2000 5.21417e-05
3.435 2.09519 2000 -905.123 -2.09519 -2000 5.05947e-05
3.44 2.1007 2000 -907.501 -2.1007 -2000 4.9063e-05
3.445 2.10611 2000 -909.84 -2.10611 -2000 4.75485e-05
3.45 2.11144 2000 -912.14 -2.11144 -2000 4.60686e-05
3.455 2.11668 2000 -914.405 -2.11668 -2000 4.46326e-05
3.46 2.12183 2000 -916.632 -2.12183 -2000 4.32335e-05
3.465 2.12689 2000 -918.815 -2.12689 -2000 4.18428e-05
3.47 2.13183 2000 -920.949 -2.13183 -2000 4.04277e-05
3.475 2.13666 2000 -923.039 -2.13666 -2000 3.89995e-05
3.48 2.14142 2000 -925.093 -2.14142 -2000 3.76101e-05
3.485 2.1461 2000 -927.114 -2.1461 -2000 3.62921e-05
3.49 2.15069 2000 -929.099 -2.15069 -2000 3.50299e-05
3.495 2.15519 2000 -931.043 -2.15519 -2000 3.3791e-05
3.5 2.1596 2000 -932.948 -2.1596 -2000 3.2566e-05
3.505 2.16393 2000 -934.816 -2.16393 -2000 3.13706e-05
3.51 2.16817 2000 -936.648 -2.16817 -2000 3.02129e-05
3.515 2.17232 2000 -938.443 -2.17232 -2000 2.90847e-05
3.52 2.17639 2000 -940.201 -2.17639 -2000 2.79844e-05
3.525 2.18038 2000 -941.923 -2.18038 -2000 2.69156e-05
3.53 2.18427 2000 -943.606 -2.18427 -2000 2.58673e-05
3.535 2.18807 2000 -945.246 -2.18807 -2000 2.48192e-05
3.54 2.19177 2000 -946.844 -2.19177 -2000 2.37707e-05
3.545 2.19538 2000 -948.406 -2.19538 -2000 2.27503e-05
3.55 2.19892 2000 -949.934 -2.19892 -2000 2.17757e-05
3.555 2.20237 2000 -951.425 -2.20237 -2000 2.08309e-05
3.56 2.20572 2000 -952.873 -2.20572 -2000 1.98934e-05
3.565 2.20898 2000 -954.279 -2.20898 -2000 1.89593e-05
3.57 2.21214 2000 -955.645 -2.21214 -2000 1.8043e-05
3.575 2.21521 2000 -956.971 -2.21521 -2000 1.71482e-05
3.58 2.21816 2000 -958.247 -2.21816 -2000 1.62513e-05
3.585 2.221 2000 -959.47 -2.221 -2000 1.53367e-05
3.59 2.22371 2000 -960.642 -2.22371 -2000 1.44162e-05
3.595 2.2263 2000 -961.763 -2.2263 -2000 1.35034e-05
3.6 2.22879 2000 -962.836 -2.22879 -2000 1.26087e-05
3.605 2.23117 2000 -963.867 -2.23117 -2000 1.17486e-05
3.61 2.23347 2000 -964.858 -2.23347 -2000 1.09356e-05
3.615 2.23568 2000 -965.812 -2.23568 -2000 1.01707e-05
3.62 2.23779 2000 -966.725 -2.23779 -2000 9.44683e-06
3.625 2.2398 2000 -967.594 -2.2398 -2000 8.75207e-06
3.63 2.2417 2000 -968.415 -2.2417 -2000 8.07508e-06
3.635 2.24349 2000 -969.188 -2.24349 -2000 7.41585e-06
3.64 2.24518 2000 -969.917 -2.24518 -2000 6.78306e-06
3.645 2.24678 2000 -970.608 -2.24678 -2000 6.18744e-06
3.65 2.2483 2000 -971.264 -2.2483 -2000 5.63606e-06
3.655 2.24973 2000 -971.883 -2.24973 -2000 5.12439e-06
3.66 2.25106 2000 -972.458 -2.25106 -2000 4.6389e-06
3.665 2.25228 2000 -972.985 -2.25228 -2000 4.17046e-06
3.67 2.25339 2000 -973.464 -2.25339 -2000 3.72024e-06
3.675 2.25439 2000 -973.897 -2.25439 -2000 3.29289e-06
3.68 2.25529 2000 -974.283 -2.25529 -2000 2.89123e-06
3.685 2.25608 2000 -974.628 -2.25608 -2000 2.51922e-06
3.69 2.25679 2000 -974.933 -2.25679 -2000 2.17959e-06
3.695 2.25741 2000 -975.2 -2.25741 -2000 1.8721e-06
3.7 2.25794 2000 -975.428 -2.25794 -2000 1.5948e-06
3.705 2.25837 2000 -975.614 -2.25837 -2000 1.34504e-06
3.71 2.2587 2000 -975.757 -2.2587 -2000 1.12122e-06
3.715 2.25893 2000 -975.857 -2.25893 -2000 9.23853e-07
3.72 2.25907 2000 -975.919 -2.25907 -2000 7.53291e-07
3.725 2.25913 2000 -975.943 -2.25913 -2000 6.09587e-07
3.73 2.25908 2000 -975.922 -2.25908 -2000 2.51265e-05
3.735 2.25891 2000 -975.85 -2.25891 -2000 4.72636e-05
3.74 2.25863 2000 -975.726 -2.25863 -2000 3.80896e-05
3.745 2.25823 2000 -975.556 -2.25823 -2000 3.06963e-05
3.75 2.25774 2000 -975.342 -2.25774 -2000 2.47381e-05
3.755 2.25714 2000 -975.085 -2.25714 -2000 1.99364e-05
3.76 2.25645 2000 -974.785 -2.25645 -2000 1.60667e-05
3.765 2.25565 2000 -974.442 -2.25565 -2000 1.29481e-05
3.77 2.25476 2000 -974.056 -2.25476 -2000 1.04348e-05
3.775 2.25376 2000 -973.624 -2.25376 -2000 8.40941e-06
3.78 2.25265 2000 -973.144 -2.25265 -2000 6.77712e-06
3.785 2.25143 2000 -972.618 -2.25143 -2000 5.46166e-06
3.79 2.25011 2000 -972.046 -2.25011 -2000 4.40154e-06
3.795 2.24867 2000 -971.426 -2.24867 -2000 3.54719e-06
3.8 2.24713 2000 -970.761 -2.24713 -2000 2.85867e-06
3.805 2.24549 2000 -970.054 -2.24549 -2000 2.3038e-06
3.81 2.24376 2000 -969.304 -2.24376 -2000 1.85662e-06
3.815 2.24191 2000 -968.505 -2.24191 -2000 1.49625e-06
3.82 2.23993 2000 -967.649 -2.23993 -2000 1.20582e-06
3.825 2.23781 2000 -966.733 -2.23781 -2000 9.7177e-07
3.83 2.23557 2000 -965.765 -2.23557 -2000 7.83148e-07
3.835 2.23322 2000 -964.751 -2.23322 -2000 6.31137e-07
3.84 2.23076 2000 -963.689 -2.23076 -2000 5.08631e-07
3.845 2.22819 2000 -962.577 -2.22819 -2000 4.09905e-07
3.85 2.2255 2000 -961.416 -2.2255 -2000 3.3034e-07
3.855 2.22271 2000 -960.209 -2.22271 -2000 2.66221e-07
3.86 2.21981 2000 -958.956 -2.21981 -2000 2.14546e-07
3.865 2.21679 2000 -957.655 -2.21679 -2000 1.72902e-07
3.87 2.21367 2000 -956.305 -2.21367 -2000 1.39343e-07
3.875 2.21042 2000 -954.903 -2.21042 -2000 1.12295e-07
3.88 2.20706 2000 -953.451 -2.20706 -2000 9.04982e-08
3.885 2.2036 2000 -951.955 -2.2036 -2000 7.29329e-08
3.89 2.20003 2000 -950.414 -2.20003 -2000 5.87756e-08
3.895 2.19636 2000 -948.826 -2.19636 -2000 4.73666e-08
3.9 2.19259 2000 -947.197 -2.19259 -2000 3.81722e-08
3.905 2.18874 2000 -945.535 -2.18874 -2000 3.07626e-08
3.91 2.18481 2000 -943.839 -2.18481 -2000 2.47914e-08
3.915 2.1808 2000 -942.106 -2.1808 -2000 1.99927e-08
3.92 2.1767 2000 -940.332 -2.1767 -2000 1.61342e-08
3.925 2.1725 2000 -938.52 -2.1725 -2000 1.29826e-08
3.93 2.16822 2000 -936.669 -2.16822 -2000 1.03832e-08
3.935 2.16384 2000 -934.78 -2.16384 -2000 8.23971e-09
3.94 2.15939 2000 -932.856 -2.15939 -2000 6.55668e-09
3.945 2.15486 2000 -930.898 -2.15486 -2000 5.27615e-09
3.95 2.15024 2000 -928.903 -2.15024 -2000 4.21637e-09
3.955 2.14551 2000 -926.861 -2.14551 -2000 3.39054e-09
3.96 2.14068 2000 -924.774 -2.14068 -2000 2.74739e-09
3.965 2.13575 2000 -922.645 -2.13575 -2000 2.21019e-09
3.97 2.13073 2000 -920.476 -2.13073 -2000 1.76425e-09
3.975 2.12561 2000 -918.262 -2.12561 -2000 1.42258e-09
3.98 2.12037 2000 -915.999 -2.12037 -2000 1.1472e-09
3.985 2.11502 2000 -913.688 -2.11502 -2000 9.23378e-10
3.99 2.10956 2000 -911.331 -2.10956 -2000 7.44734e-10
3.995 2.104 2000 -908.929 -2.104 -2000 5.97768e-10
4 2.09832 2000 -906.473 -2.09832 -2000 4.77226e-10
4.005 2.09251 2000 -903.964 -2.09251 -2000 3.81637e-10
4.01 2.08661 2000 -901.413 -2.08661 -2000 3.17708e-10
4.015 2.08062 2000 -898.827 -2.08062 -2000 2.61265e-10
4.02 2.07454 2000 -896.203 -2.07454 -2000 2.13547e-10
4.025 2.06837 2000 -893.536 -2.06837 -2000 1.74399e-10
4.03 2.06209 2000 -890.822 -2.06209 -2000 1.42675e-10
4.035 2.05571 2000 -888.065 -2.05571 -2000 1.17215e-10
4.04 2.04923 2000 -885.267 -2.04923 -2000 9.88807e-11
4.045 2.04265 2000 -882.423 -2.04265 -2000 -1.83883e-07
4.05 2.03596 2000 -879.533 -2.03596 -2000 -4.3897e-07
4.055 2.02917 2000 -876.602 -2.02917 -2000 -3.53768e-07
4.06 2.0223 2000 -873.634 -2.0223 -2000 -5.61819e-07
4.065 2.01534 2000 -870.628 -2.01534 -2000 -1.07473e-06
4.07 2.00831 2000 -867.588 -2.00831 -2000 -8.66137e-07
4.075 2.00119 2000 -864.514 -2.00119 -2000 -6.98033e-07
4.08 1.99399 2000 -861.402 -1.99399 -2000 -5.62558e-07
4.085 1.98667 2000 -858.244 -1.98667 -2000 -4.53379e-07
4.09 1.97926 2000 -855.04 -1.97926 -2000 -1.18128e-07
4.095 1.97175 2000 -851.794 -1.97175 -2000 4.54207e-07
4.1 1.96414 2000 -848.508 -1.96414 -2000 3.66034e-07
4.105 1.95644 2000 -845.181 -1.95644 -2000 2.94975e-07
4.11 1.94865 2000 -841.818 -1.94865 -2000 2.37708e-07
4.115 1.94079 2000 -838.423 -1.94079 -2000 1.91556e-07
4.12 1.93286 2000 -834.995 -1.93286 -2000 1.54361e-07
4.125 1.92484 2000 -831.53 -1.92484 -2000 1.24387e-07
4.13 1.91673 2000 -828.027 -1.91673 -2000 1.0023e-07
4.135 1.90854 2000 -824.491 -1.90854 -2000 4.67814e-07
4.14 1.90029 2000 -820.926 -1.90029 -2000 8.66913e-07
4.145 1.89197 2000 -817.333 -1.89197 -2000 6.98631e-07
4.15 1.88359 2000 -813.712 -1.88359 -2000 5.63011e-07
4.155 1.87515 2000 -810.064 -1.87515 -2000 4.53717e-07
4.16 1.86664 2000 -806.387 -1.86664 -2000 3.65637e-07
4.165 1.85806 2000 -802.684 -1.85806 -2000 2.94653e-07
4.17 1.84943 2000 -798.953 -1.84943 -2000 2.37447e-07
4.175 1.84074 2000 -795.2 -1.84074 -2000 1.91344e-07
4.18 1.83201 2000 -791.429 -1.83201 -2000 1.5419e-07
4.185 1.82324 2000 -787.64 -1.82324 -2000 1.24249e-07
4.19 1.81443 2000 -783.834 -1.81443 -2000 1.00118e-07
4.195 1.80557 2000 -780.007 -1.80557 -2000 8.06721e-08
4.2 1.79664 2000 -776.151 -1.79664 -2000 6.49994e-08
4.205 1.78763 2000 -772.256 -1.78763 -2000 5.23688e-08
4.21 1.77853 2000 -768.325 -1.77853 -2000 4.21901e-08
4.215 1.76936 2000 -764.365 -1.76936 -2000 3.39861e-08
4.22 1.76014 2000 -760.382 -1.76014 -2000 2.73748e-08
4.225 1.75087 2000 -756.376 -1.75087 -2000 2.20458e-08
4.23 1.74155 2000 -752.349 -1.74155 -2000 1.77513e-08
4.235 1.7322 2000 -748.309 -1.7322 -2000 1.42919e-08
4.24 1.72282 2000 -744.258 -1.72282 -2000 1.15023e-08
4.245 1.7134 2000 -740.19 -1.7134 -2000 9.25439e-09
4.25 1.70393 2000 -736.098 -1.70393 -2000 7.32278e-09
4.255 1.69439 2000 -731.977 -1.69439 -2000 5.23299e-09
4.26 1.68479 2000 -727.83 -1.68479 -2000 5.4873e-09
4.265 1.67513 2000 -723.658 -1.67513 -2000 4.35719e-09
4.27 1.66542 2000 -719.462 -1.66542 -2000 2.99977e-09
4.275 1.65564 2000 -715.236 -1.65564 -2000 2.38131e-09
4.28 1.64578 2000 -710.979 -1.64578 -2000 2.13927e-09
4.285 1.63586 2000 -706.692 -1.63586 -2000 1.69908e-09
4.29 1.62589 2000 -702.383 -1.62589 -2000 8.63579e-10
4.295 1.61586 2000 -698.054 -1.61586 -2000 2.6446e-10
4.3 1.60579 2000 -693.699 -1.60579 -2000 1.15572e-09
4.305 1.59564 2000 -689.316 -1.59564 -2000 1.69925e-09
4.31 1.58543 2000 -684.908 -1.58543 -2000 1.42201e-09
4.315 1.57517 2000 -680.473 -1.57517 -2000 9.29931e-10
4.32 1.56484 2000 -676.012 -1.56484 -2000 3.65425e-10
4.325 1.55447 2000 -671.53 -1.55447 -2000 -7.84537e-11
4.33 1.54405 2000 -667.028 -1.54405 -2000 -4.05366e-10
4.335 1.53356 2000 -662.499 -1.53356 -2000 -1.80084e-10
4.34 1.52302 2000 -657.944 -1.52302 -2000 -6.64094e-12
4.345 1.51242 2000 -653.367 -1.51242 -2000 9.28294e-11
4.35 1.50179 2000 -648.771 -1.50179 -2000 1.48372e-10
4.355 1.49109 2000 -644.153 -1.49109 -2000 4.84346e-11
4.36 1.48035 2000 -639.51 -1.48035 -2000 -3.92228e-10
4.365 1.46956 2000 -634.848 -1.46956 -2000 -6.25778e-10
4.37 1.45873 2000 -630.173 -1.45873 -2000 -3.7926e-10
4.375 1.44788 2000 -625.484 -1.44788 -2000 -1.93091e-10
4.38 1.43699 2000 -620.778 -1.43699 -2000 -8.23858e-11
4.385 1.42604 2000 -616.05 -1.42604 -2000 -1.51018e-11
4.39 1.41504 2000 -611.297 -1.41504 -2000 2.34038e-11
4.395 1.40397 2000 -606.515 -1.40397 -2000 4.60194e-11
4.4 1.39284 2000 -601.707 -1.39284 -2000 5.86867e-11
4.405 1.38166 2000 -596.876 -1.38166 -2000 -3.67099e-10
4.41 1.37043 2000 -592.025 -1.37043 -2000 -1.15464e-10
4.415 1.35916 2000 -587.155 -1.35916 -2000 8.62724e-11
4.42 1.34784 2000 -582.266 -1.34784 -2000 2.03727e-10
4.425 1.33648 2000 -577.361 -1.33648 -2000 2.69862e-10
4.43 1.3251 2000 -572.444 -1.3251 -2000 -3.15187e-11
4.435 1.3137 2000 -567.516 -1.3137 -2000 -2.43857e-10
4.44 1.30225 2000 -562.572 -1.30225 -2000 -3.68605e-10
4.445 1.29075 2000 -557.605 -1.29075 -2000 -3.83252e-10
4.45 1.2792 2000 -552.616 -1.2792 -2000 -2.35115e-11
4.455 1.26764 2000 -547.619 -1.26764 -2000 2.24501e-10
4.46 1.25607 2000 -542.622 -1.25607 -2000 2.12377e-10
4.465 1.2445 2000 -537.624 -1.2445 -2000 1.88449e-10
4.47 1.23291 2000 -532.616 -1.23291 -2000 1.72372e-10
4.475 1.22129 2000 -527.598 -1.22129 -2000 1.60519e-10
4.48 1.20966 2000 -522.572 -1.20966 -2000 1.52052e-10
4.485 1.19801 2000 -517.54 -1.19801 -2000 1.45551e-10
4.49 1.18635 2000 -512.503 -1.18635 -2000 -5.83266e-11
4.495 1.17468 2000 -507.46 -1.17468 -2000 -1.98354e-10
4.5 1.16297 2000 -502.404 -1.16297 -2000 -2.8181e-10
4.505 1.15123 2000 -497.33 -1.15123 -2000 -3.29337e-10
4.51 1.13943 2000 -492.234 -1.13943 -2000 -3.55374e-10
4.515 1.1276 2000 -487.121 -1.1276 -2000 -3.68326e-10
4.52 1.11573 2000 -481.997 -1.11573 -2000 -3.75097e-10
4.525 1.10385 2000 -476.865 -1.10385 -2000 -3.76996e-10
4.53 1.09196 2000 -471.726 -1.09196 -2000 -3.74555e-10
4.535 1.08004 2000 -466.578 -1.08004 -2000 -3.72302e-10
4.54 1.06812 2000 -461.428 -1.06812 -2000 -3.68438e-10
4.545 1.05622 2000 -456.286 -1.05622 -2000 -3.64368e-10
4.55 1.04433 2000 -451.149 -1.04433 -2000 -3.59454e-10
4.555 1.03242 2000 -446.004 -1.03242 -2000 -3.53705e-10
4.56 1.02047 2000 -440.842 -1.02047 -2000 -3.49279e-10
4.565 1.00849 2000 -435.669 -1.00849 -2000 -3.43889e-10
4.57 0.996514 2000 -430.494 -0.996514 -2000 -3.3994e-10
4.575 0.984538 2000 -425.321 -0.984538 -2000 -3.35803e-10
4.58 0.972545 2000 -420.139 -0.972545 -2000 -2.64917e-10
4.585 0.960513 2000 -414.941 -0.960513 -2000 -2.15132e-10
4.59 0.948442 2000 -409.727 -0.948442 -2000 -1.84407e-10
4.595 0.936347 2000 -404.502 -0.936347 -2000 -1.65947e-10
4.6 0.924236 2000 -399.27 -0.924236 -2000 -1.55346e-10
4.605 0.912127 2000 -394.039 -0.912127 -2000 -1.49499e-10
4.61 0.900047 2000 -388.82 -0.900047 -2000 -1.45874e-10
4.615 0.888002 2000 -383.617 -0.888002 -2000 -1.43703e-10
4.62 0.875974 2000 -378.421 -0.875974 -2000 -1.42216e-10
4.625 0.863936 2000 -373.22 -0.863936 -2000 -1.42244e-10
4.63 0.851871 2000 -368.008 -0.851871 -2000 -1.42901e-10
4.635 0.839783 2000 -362.786 -0.839783 -2000 -1.44776e-10
4.64 0.827691 2000 -357.562 -0.827691 -2000 -1.45817e-10
4.645 0.815591 2000 -352.335 -0.815591 -2000 -1.47489e-10
4.65 0.803455 2000 -347.093 -0.803455 -2000 -1.50939e-10
4.655 0.791271 2000 -341.829 -0.791271 -2000 4.39497e-11
4.66 0.779055 2000 -336.552 -0.779055 -2000 1.75927e-10
4.665 0.766833 2000 -331.272 -0.766833 -2000 2.49454e-10
4.67 0.754603 2000 -325.988 -0.754603 -2000 2.87916e-10
4.675 0.742346 2000 -320.693 -0.742346 -2000 3.04713e-10
4.68 0.730061 2000 -315.386 -0.730061 -2000 3.07209e-10
4.685 0.717777 2000 -310.08 -0.717777 -2000 3.01818e-10
4.69 0.705513 2000 -304.782 -0.705513 -2000 2.24314e-10
4.695 0.693269 2000 -299.492 -0.693269 -2000 1.63702e-10
4.7 0.681037 2000 -294.208 -0.681037 -2000 1.20871e-10
4.705 0.668807 2000 -288.925 -0.668807 -2000 8.70544e-11
4.71 0.656569 2000 -283.638 -0.656569 -2000 5.88485e-11
4.715 0.644323 2000 -278.347 -0.644323 -2000 -8.30156e-11
4.72 0.632082 2000 -273.06 -0.632082 -2000 -1.88115e-10
4.725 0.619882 2000 -267.789 -0.619882 -2000 -2.6001e-10
4.73 0.60776 2000 -262.552 -0.60776 -2000 -3.1212e-10
4.735 0.595714 2000 -257.349 -0.595714 -2000 -4.2784e-10
4.74 0.583711 2000 -252.163 -0.583711 -2000 -5.15376e-10
4.745 0.571736 2000 -246.99 -0.571736 -2000 -5.80292e-10
4.75 0.559798 2000 -241.833 -0.559798 -2000 -7.04591e-10
4.755 0.547897 2000 -236.691 -0.547897 -2000 -8.26161e-10
4.76 0.536029 2000 -231.565 -0.536029 -2000 -1.00673e-09
4.765 0.524201 2000 -226.455 -0.524201 -2000 -1.14107e-09
4.77 0.512414 2000 -221.363 -0.512414 -2000 -1.23587e-09
4.775 0.500644 2000 -216.278 -0.500644 -2000 -1.12612e-09
4.78 0.48887 2000 -211.192 -0.48887 -2000 -1.06876e-09
4.785 0.477108 2000 -206.111 -0.477108 -2000 -1.0639e-09
4.79 0.465378 2000 -201.043 -0.465378 -2000 -1.09265e-09
4.795 0.453676 2000 -195.988 -0.453676 -2000 -1.14846e-09
4.8 0.44199 2000 -190.94 -0.44199 -2000 -1.39801e-09
4.805 0.430332 2000 -185.903 -0.430332 -2000 -1.61264e-09
4.81 0.418721 2000 -180.887 -0.418721 -2000 -1.79524e-09
4.815 0.407152 2000 -175.89 -0.407152 -2000 -2.13117e-09
4.82 0.395602 2000 -170.9 -0.395602 -2000 -2.55494e-09
4.825 0.38407 2000 -165.918 -0.38407 -2000 -2.91837e-09
4.83 0.372573 2000 -160.951 -0.372573 -2000 -3.22103e-09
4.835 0.361115 2000 -156.002 -0.361115 -2000 -3.67604e-09
4.84 0.349694 2000 -151.068 -0.349694 -2000 -3.97493e-09
4.845 0.338305 2000 -146.148 -0.338305 -2000 -3.94039e-09
4.85 0.326941 2000 -141.238 -0.326941 -2000 -3.99741e-09
4.855 0.315603 2000 -136.34 -0.315603 -2000 -4.27347e-09
4.86 0.3043 2000 -131.458 -0.3043 -2000 -5.01357e-09
4.865 0.293035 2000 -126.591 -0.293035 -2000 -5.66198e-09
4.87 0.281806 2000 -121.74 -0.281806 -2000 -6.30065e-09
4.875 0.27062 2000 -116.908 -0.27062 -2000 -7.16161e-09
4.88 0.259478 2000 -112.094 -0.259478 -2000 -7.97811e-09
4.885 0.248369 2000 -107.295 -0.248369 -2000 -8.48334e-09
4.89 0.237289 2000 -102.509 -0.237289 -2000 -8.89469e-09
4.895 0.226252 2000 -97.7407 -0.226252 -2000 -1.01366e-08
4.9 0.215258 2000 -92.9913 -0.215258 -2000 -1.09505e-08
4.905 0.204285 2000 -88.251 -0.204285 -2000 -1.14398e-08
4.91 0.193336 2000 -83.521 -0.193336 -2000 -1.29424e-08
4.915 0.182449 2000 -78.8179 -0.182449 -2000 -1.40824e-08
4.92 0.171648 2000 -74.1521 -0.171648 -2000 -1.44376e-08
4.925 0.160923 2000 -69.5187 -0.160923 -2000 -1.65347e-08
4.93 0.150254 2000 -64.9096 -0.150254 -2000 -1.79549e-08
4.935 0.139631 2000 -60.3204 -0.139631 -2000 -1.86013e-08
4.94 0.129044 2000 -55.7469 -0.129044 -2000 -2.0939e-08
4.945 0.118481 2000 -51.1837 -0.118481 -2000 -2.26278e-08
4.95 0.107934 2000 -46.6274 -0.107934 -2000 -2.42128e-08
4.955 0.0974013 2000 -42.0773 -0.0974013 -2000 -2.57244e-08
4.96 0.0868872 2000 -37.5353 -0.0868872 -2000 -2.8437e-08
4.965 0.0764066 2000 -33.0077 -0.0764066 -2000 -3.04279e-08
4.97 0.0659788 2000 -28.5028 -0.0659788 -2000 -3.33101e-08
4.975 0.0556131 2000 -24.0249 -0.0556131 -2000 -3.53816e-08
4.98 0.0453094 2000 -19.5737 -0.0453094 -2000 -3.86902e-08
4.985 0.0350705 2000 -15.1504 -0.0350705 -2000 -4.10782e-08
4.99 0.0249041 2000 -10.7586 -0.0249041 -2000 -4.46209e-08
4.995 0.0148053 2000 -6.39589 -0.0148053 -2000 -4.71633e-08
5 0.0047452 2000 -2.04993 -0.0047452 -2000 -5.09747e-08
5.005 -0.00530332 2000 2.29104 0.00530332 -2000 -5.41974e-08
5.01 -0.0153402 2000 6.62697 0.0153402 -2000 -5.85267e-08
5.015 -0.0253403 2000 10.947 0.0253403 -2000 -6.34184e-08
5.02 -0.0352736 2000 15.2382 0.0352736 -2000 -6.72092e-08
5.025 -0.0451364 2000 19.4989 0.0451364 -2000 -7.23173e-08
5.03 -0.0549517 2000 23.7391 0.0549517 -2000 -7.65761e-08
5.035 -0.0647358 2000 27.9659 0.0647358 -2000 -8.21622e-08
5.04 -0.0744863 2000 32.1781 0.0744863 -2000 -8.72236e-08
5.045 -0.0841909 2000 36.3705 0.0841909 -2000 -9.3116e-08
5.05 -0.0938416 2000 40.5396 0.0938416 -2000 -9.92045e-08
5.055 -0.103447 2000 44.6891 0.103447 -2000 -1.05655e-07
5.06 -0.113021 2000 48.8252 0.113021 -2000 -1.12505e-07
5.065 -0.122567 2000 52.9491 0.122567 -2000 -1.19807e-07
5.07 -0.132073 2000 57.0554 0.132073 -2000 -1.27529e-07
5.075 -0.141516 2000 61.135 0.141516 -2000 -1.35556e-07
5.08 -0.150889 2000 65.184 0.150889 -2000 -1.43797e-07
5.085 -0.160199 2000 69.2061 0.160199 -2000 -1.52297e-07
5.09 -0.16945 2000 73.2024 0.16945 -2000 -1.61132e-07
5.095 -0.178626 2000 77.1662 0.178626 -2000 -1.7023e-07
5.1 -0.187721 2000 81.0953 0.187721 -2000 -1.795e-07
5.105 -0.19675 2000 84.9961 0.19675 -2000 -1.89042e-07
5.11 -0.205724 2000 88.8727 0.205724 -2000 -1.99007e-07
5.115 -0.214637 2000 92.7232 0.214637 -2000 -2.09389e-07
5.12 -0.223496 2000 96.5501 0.223496 -2000 -2.20195e-07
5.125 -0.232311 2000 100.358 0.232311 -2000 -6.9887e-06
5.13 -0.241067 2000 104.141 0.241067 -2000 -2.8715e-05
5.135 -0.249728 2000 107.883 0.249728 -2000 -3.7121e-05
5.14 -0.258281 2000 111.578 0.258281 -2000 -1.45452e-05
5.145 -0.266745 2000 115.234 0.266745 -2000 -4.87927e-07
5.15 -0.275143 2000 118.862 0.275143 -2000 -4.59863e-07
5.155 -0.28348 2000 122.463 0.28348 -2000 8.7392e-06
5.16 -0.291752 2000 126.037 0.291752 -2000 1.16763e-05
5.165 -0.299957 2000 129.581 0.299957 -2000 -1.36446e-06
5.17 -0.308089 2000 133.094 0.308089 -2000 -6.12838e-06
5.175 -0.31615 2000 136.577 0.31615 -2000 2.16931e-06
5.18 -0.32415 2000 140.033 0.32415 -2000 5.66771e-06
5.185 -0.332088 2000 143.462 0.332088 -2000 4.48012e-06
5.19 -0.339953 2000 146.86 0.339953 -2000 7.88355e-06
5.195 -0.347738 2000 150.223 0.347738 -2000 9.20389e-06
5.2 -0.355443 2000 153.552 0.355443 -2000 7.32109e-06
5.205 -0.363072 2000 156.847 0.363072 -2000 5.80082e-06
5.21 -0.37063 2000 160.112 0.37063 -2000 4.5726e-06
5.215 -0.378121 2000 163.348 0.378121 -2000 3.57955e-06
5.22 -0.38553 2000 166.549 0.38553 -2000 2.77626e-06
5.225 -0.392849 2000 169.711 0.392849 -2000 2.1263e-06
5.23 -0.400104 2000 172.845 0.400104 -2000 1.59952e-06
5.235 -0.407319 2000 175.962 0.407319 -2000 1.17115e-06
5.24 -0.414498 2000 179.063 0.414498 -2000 8.21608e-07
5.245 -0.421648 2000 182.152 0.421648 -2000 5.35359e-07
5.25 -0.428762 2000 185.225 0.428762 -2000 2.99976e-07
5.255 -0.435805 2000 188.268 0.435805 -2000 1.06368e-07
5.26 -0.442741 2000 191.264 0.442741 -2000 -5.20421e-08
5.265 -0.449567 2000 194.213 0.449567 -2000 -1.81302e-07
5.27 -0.456297 2000 197.12 0.456297 -2000 -2.87316e-07
5.275 -0.462937 2000 199.989 0.462937 -2000 -3.74893e-07
5.28 -0.469483 2000 202.817 0.469483 -2000 -4.47456e-07
5.285 -0.475924 2000 205.599 0.475924 -2000 -5.07398e-07
5.29 -0.48226 2000 208.336 0.48226 -2000 -5.56726e-07
5.295 -0.48851 2000 211.036 0.48851 -2000 -5.97881e-07
5.3 -0.494697 2000 213.709 0.494697 -2000 -6.33464e-07
5.305 -0.500815 2000 216.352 0.500815 -2000 -6.64805e-07
5.31 -0.506844 2000 218.956 0.506844 -2000 -6.9175e-07
5.315 -0.512766 2000 221.515 0.512766 -2000 -7.14017e-07
5.32 -0.518582 2000 224.027 0.518582 -2000 -7.31981e-07
5.325 -0.5243 2000 226.498 0.5243 -2000 -7.46546e-07
5.33 -0.529941 2000 228.935 0.529941 -2000 -7.59092e-07
5.335 -0.535509 2000 231.34 0.535509 -2000 -7.70536e-07
5.34 -0.540992 2000 233.709 0.540992 -2000 -7.80566e-07
5.345 -0.546385 2000 236.038 0.546385 -2000 -7.8874e-07
5.35 -0.551691 2000 238.33 0.551691 -2000 -7.95418e-07
5.355 -0.556915 2000 240.587 0.556915 -2000 -8.00993e-07
5.36 -0.562063 2000 242.811 0.562063 -2000 -8.05442e-07
5.365 -0.56714 2000 245.004 0.56714 -2000 -8.09677e-07
5.37 -0.572147 2000 247.167 0.572147 -2000 -8.12941e-07
5.375 -0.577077 2000 249.297 0.577077 -2000 -8.15807e-07
5.38 -0.581915 2000 251.387 0.581915 -2000 -8.17572e-07
5.385 -0.586646 2000 253.431 0.586646 -2000 -8.17018e-07
5.39 -0.591264 2000 255.426 0.591264 -2000 -8.13487e-07
5.395 -0.595784 2000 257.379 0.595784 -2000 -8.07834e-07
5.4 -0.600231 2000 259.3 0.600231 -2000 -8.01803e-07
5.405 -0.604613 2000 261.193 0.604613 -2000 -7.96352e-07
5.41 -0.60892 2000 263.054 0.60892 -2000 -7.91048e-07
5.415 -0.613139 2000 264.876 0.613139 -2000 -7.84844e-07
5.42 -0.617249 2000 266.651 0.617249 -2000 -7.7646e-07
5.425 -0.621233 2000 268.373 0.621233 -2000 -7.64838e-07
5.43 -0.625102 2000 270.044 0.625102 -2000 -7.50384e-07
5.435 -0.628876 2000 271.675 0.628876 -2000 -7.34698e-07
5.44 -0.632566 2000 273.268 0.632566 -2000 -7.18939e-07
5.445 -0.636162 2000 274.822 0.636162 -2000 -7.0289e-07
5.45 -0.639641 2000 276.325 0.639641 -2000 -6.85244e-07
5.455 -0.642985 2000 277.77 0.642985 -2000 -6.64768e-07
5.46 -0.646201 2000 279.159 0.646201 -2000 -6.41685e-07
5.465 -0.649309 2000 280.501 0.649309 -2000 -6.17547e-07
5.47 -0.652321 2000 281.803 0.652321 -2000 -5.93617e-07
5.475 -0.655232 2000 283.06 0.655232 -2000 -5.69837e-07
5.48 -0.658032 2000 284.27 0.658032 -2000 -5.45541e-07
5.485 -0.660729 2000 285.435 0.660729 -2000 -5.20885e-07
5.49 -0.663337 2000 286.561 0.663337 -2000 -4.96709e-07
5.495 -0.665868 2000 287.655 0.665868 -2000 -4.73684e-07
5.5 -0.668335 2000 288.721 0.668335 -2000 -4.52246e-07
5.505 -0.67074 2000 289.76 0.67074 -2000 -4.32453e-07
5.51 -0.673075 2000 290.768 0.673075 -2000 -4.13725e-07
5.515 -0.675334 2000 291.744 0.675334 -2000 -3.95421e-07
5.52 -0.677515 2000 292.686 0.677515 -2000 -3.77331e-07
5.525 -0.679611 2000 293.592 0.679611 -2000 -3.59172e-07
5.53 -0.681617 2000 294.459 0.681617 -2000 -3.40672e-07
5.535 -0.683534 2000 295.287 0.683534 -2000 -3.21929e-07
5.54 -0.68535 2000 296.071 0.68535 -2000 -3.02771e-07
5.545 -0.687045 2000 296.803 0.687045 -2000 -2.82604e-07
5.55 -0.688619 2000 297.483 0.688619 -2000 -2.61444e-07
5.555 -0.690094 2000 298.121 0.690094 -2000 -2.40294e-07
5.56 -0.691488 2000 298.723 0.691488 -2000 -2.20182e-07
5.565 -0.692795 2000 299.287 0.692795 -2000 -2.01152e-07
5.57 -0.693999 2000 299.808 0.693999 -2000 -1.82656e-07
5.575 -0.69511 2000 300.288 0.69511 -2000 -1.64746e-07
5.58 -0.696154 2000 300.738 0.696154 -2000 -1.48113e-07
5.585 -0.697144 2000 301.166 0.697144 -2000 -1.33169e-07
5.59 -0.698078 2000 301.57 0.698078 -2000 -1.19758e-07
5.595 -0.698939 2000 301.942 0.698939 -2000 -1.07366e-07
5.6 -0.699708 2000 302.274 0.699708 -2000 -9.54584e-08
5.605 -0.700382 2000 302.565 0.700382 -2000 -8.39019e-08
5.61 -0.70097 2000 302.819 0.70097 -2000 -7.29632e-08
5.615 -0.701477 2000 303.038 0.701477 -2000 -6.28509e-08
5.62 -0.701891 2000 303.217 0.701891 -2000 -5.34959e-08
5.625 -0.702207 2000 303.354 0.702207 -2000 -4.48783e-08
5.63 -0.702436 2000 303.452 0.702436 -2000 -3.71405e-08
5.635 -0.702583 2000 303.516 0.702583 -2000 -3.03877e-08
5.64 -0.702656 2000 303.547 0.702656 -2000 -2.46433e-08
5.645 -0.702653 2000 303.546 0.702653 -2000 -2.74909e-08
5.65 -0.70255 2000 303.502 0.70255 -2000 -6.98119e-08
5.655 -0.702316 2000 303.4 0.702316 -2000 -5.62624e-08
5.66 -0.701947 2000 303.241 0.701947 -2000 -4.53419e-08
5.665 -0.701471 2000 303.036 0.701471 -2000 -3.65405e-08
5.67 -0.700912 2000 302.794 0.700912 -2000 -2.94484e-08
5.675 -0.700276 2000 302.519 0.700276 -2000 -2.37313e-08
5.68 -0.699559 2000 302.209 0.699559 -2000 -1.91256e-08
5.685 -0.698757 2000 301.863 0.698757 -2000 -1.54131e-08
5.69 -0.69787 2000 301.48 0.69787 -2000 -1.24213e-08
5.695 -0.696906 2000 301.063 0.696906 -2000 -1.00095e-08
5.7 -0.695872 2000 300.617 0.695872 -2000 -8.06756e-09
5.705 -0.694767 2000 300.139 0.694767 -2000 -6.50177e-09
5.71 -0.693584 2000 299.628 0.693584 -2000 -5.23979e-09
5.715 -0.692316 2000 299.081 0.692316 -2000 -4.22279e-09
5.72 -0.69094 2000 298.486 0.69094 -2000 -3.40369e-09
5.725 -0.689419 2000 297.829 0.689419 -2000 -2.74271e-09
5.73 -0.68774 2000 297.104 0.68774 -2000 -2.20988e-09
5.735 -0.685927 2000 296.321 0.685927 -2000 -1.78025e-09
5.74 -0.684019 2000 295.496 0.684019 -2000 -1.50075e-09
5.745 -0.682029 2000 294.636 0.682029 -2000 -1.14917e-09
5.75 -0.67995 2000 293.738 0.67995 -2000 -9.12774e-10
5.755 -0.677781 2000 292.802 0.677781 -2000 -7.6441e-10
5.76 -0.67553 2000 291.829 0.67553 -2000 -6.68326e-10
5.765 -0.673202 2000 290.823 0.673202 -2000 -4.70956e-10
5.77 -0.670795 2000 289.784 0.670795 -2000 -3.37363e-10
5.775 -0.66831 2000 288.71 0.66831 -2000 -2.53018e-10
5.78 -0.665738 2000 287.599 0.665738 -2000 -1.99357e-10
5.785 -0.663067 2000 286.445 0.663067 -2000 -1.66805e-10
5.79 -0.660292 2000 285.246 0.660292 -2000 -1.45758e-10
5.795 -0.657428 2000 284.009 0.657428 -2000 -1.32817e-10
5.8 -0.654483 2000 282.737 0.654483 -2000 -1.23228e-10
5.805 -0.651456 2000 281.429 0.651456 -2000 -1.05509e-10
5.81 -0.64836 2000 280.091 0.64836 -2000 -1.00013e-10
5.815 -0.645221 2000 278.735 0.645221 -2000 -1.13649e-10
5.82 -0.642045 2000 277.364 0.642045 -2000 -1.21774e-10
5.825 -0.638811 2000 275.966 0.638811 -2000 -3.27201e-11
5.83 -0.635494 2000 274.533 0.635494 -2000 2.46132e-11
5.835 -0.632094 2000 273.064 0.632094 -2000 -6.99927e-11
5.84 -0.628621 2000 271.564 0.628621 -2000 -1.3866e-10
5.845 -0.625079 2000 270.034 0.625079 -2000 -8.67372e-12
5.85 -0.621457 2000 268.469 0.621457 -2000 7.93899e-11
5.855 -0.617743 2000 266.865 0.617743 -2000 -4.65507e-11
5.86 -0.613939 2000 265.222 0.613939 -2000 -1.3927e-10
5.865 -0.61006 2000 263.546 0.61006 -2000 8.89723e-12
5.87 -0.606116 2000 261.842 0.606116 -2000 1.1232e-10
5.875 -0.602104 2000 260.109 0.602104 -2000 -3.61895e-11
5.88 -0.598015 2000 258.343 0.598015 -2000 -1.45812e-10
5.885 -0.593854 2000 256.545 0.593854 -2000 1.84289e-11
5.89 -0.589634 2000 254.722 0.589634 -2000 -1.96523e-10
5.895 -0.585368 2000 252.879 0.585368 -2000 2.00185e-10
5.9 -0.581058 2000 251.017 0.581058 -2000 1.69742e-10
5.905 -0.576693 2000 249.131 0.576693 -2000 -2.84199e-11
5.91 -0.572267 2000 247.22 0.572267 -2000 -1.62292e-10
5.915 -0.567803 2000 245.291 0.567803 -2000 5.00719e-10
5.92 -0.56332 2000 243.354 0.56332 -2000 1.86287e-10
5.925 -0.558809 2000 241.406 0.558809 -2000 -7.90159e-11
5.93 -0.554244 2000 239.433 0.554244 -2000 -9.1968e-11
5.935 -0.549607 2000 237.43 0.549607 -2000 -1.92713e-10
5.94 -0.544899 2000 235.396 0.544899 -2000 -2.62276e-10
5.945 -0.540123 2000 233.333 0.540123 -2000 9.75961e-11
5.95 -0.535279 2000 231.24 0.535279 -2000 3.51079e-10
5.955 -0.530366 2000 229.118 0.530366 -2000 5.00747e-10
5.96 -0.525385 2000 226.966 0.525385 -2000 4.34665e-10
5.965 -0.520347 2000 224.79 0.520347 -2000 -5.77134e-11
5.97 -0.51527 2000 222.597 0.51527 -2000 -3.95576e-10
5.975 -0.510161 2000 220.39 0.510161 -2000 -5.94459e-10
5.98 -0.505006 2000 218.163 0.505006 -2000 -7.09241e-10
5.985 -0.499787 2000 215.908 0.499787 -2000 -7.72918e-10
5.99 -0.494491 2000 213.62 0.494491 -2000 -8.04723e-10
5.995 -0.489125 2000 211.302 0.489125 -2000 -8.17478e-10
6 -0.483721 2000 208.968 0.483721 -2000 -5.51254e-10
6.005 -0.478303 2000 206.627 0.478303 -2000 -3.60402e-10
6.01 -0.472857 2000 204.274 0.472857 -2000 -2.43635e-10
6.015 -0.467364 2000 201.901 0.467364 -2000 -1.71975e-10
6.02 -0.461828 2000 199.51 0.461828 -2000 -1.26722e-10
6.025 -0.456252 2000 197.101 0.456252 -2000 -3.52164e-11
6.03 -0.45063 2000 194.672 0.45063 -2000 2.63204e-11
6.035 -0.44496 2000 192.223 0.44496 -2000 6.23293e-11
6.04 -0.439241 2000 189.752 0.439241 -2000 8.34192e-11
6.045 -0.433477 2000 187.262 0.433477 -2000 9.60068e-11
6.05 -0.427683 2000 184.759 0.427683 -2000 1.0387e-10
6.055 -0.421887 2000 182.255 0.421887 -2000 1.07175e-10
6.06 -0.416094 2000 179.753 0.416094 -2000 1.07839e-10
6.065 -0.41028 2000 177.241 0.41028 -2000 1.07718e-10
6.07 -0.404421 2000 174.71 0.404421 -2000 1.06299e-10
6.075 -0.398507 2000 172.155 0.398507 -2000 1.05811e-10
6.08 -0.392544 2000 169.579 0.392544 -2000 1.03523e-10
6.085 -0.386549 2000 166.989 0.386549 -2000 1.01731e-10
6.09 -0.380534 2000 164.391 0.380534 -2000 9.87833e-11
6.095 -0.374502 2000 161.785 0.374502 -2000 9.73519e-11
6.1 -0.368455 2000 159.172 0.368455 -2000 9.60907e-11
6.105 -0.362397 2000 156.555 0.362397 -2000 9.25063e-11
6.11 -0.356322 2000 153.931 0.356322 -2000 1.59298e-10
6.115 -0.350233 2000 151.301 0.350233 -2000 2.04757e-10
6.12 -0.344155 2000 148.675 0.344155 -2000 2.29945e-10
6.125 -0.338105 2000 146.061 0.338105 -2000 2.4339e-10
6.13 -0.332065 2000 143.452 0.332065 -2000 2.49838e-10
6.135 -0.325997 2000 140.831 0.325997 -2000 2.51697e-10
6.14 -0.319879 2000 138.188 0.319879 -2000 2.51327e-10
6.145 -0.313722 2000 135.528 0.313722 -2000 2.49448e-10
6.15 -0.307542 2000 132.858 0.307542 -2000 2.46286e-10
6.155 -0.301343 2000 130.18 0.301343 -2000 2.4177e-10
6.16 -0.295127 2000 127.495 0.295127 -2000 2.36989e-10
6.165 -0.288889 2000 124.8 0.288889 -2000 2.32752e-10
6.17 -0.282605 2000 122.086 0.282605 -2000 2.27784e-10
6.175 -0.276262 2000 119.345 0.276262 -2000 2.23211e-10
6.18 -0.269875 2000 116.586 0.269875 -2000 2.19339e-10
6.185 -0.263463 2000 113.816 0.263463 -2000 2.14424e-10
6.19 -0.257024 2000 111.034 0.257024 -2000 2.09429e-10
6.195 -0.250554 2000 108.24 0.250554 -2000 2.06127e-10
6.2 -0.244066 2000 105.437 0.244066 -2000 2.01699e-10
6.205 -0.23757 2000 102.63 0.23757 -2000 1.98013e-10
6.21 -0.231058 2000 99.8172 0.231058 -2000 1.2718e-10
6.215 -0.224526 2000 96.995 0.224526 -2000 7.91968e-11
6.22 -0.217974 2000 94.1648 0.217974 -2000 4.93317e-11
6.225 -0.211409 2000 91.3287 0.211409 -2000 3.06038e-11
6.23 -0.204829 2000 88.4862 0.204829 -2000 1.89246e-11
6.235 -0.198228 2000 85.6346 0.198228 -2000 1.19028e-11
6.24 -0.191602 2000 82.7722 0.191602 -2000 7.08605e-12
6.245 -0.184956 2000 79.9012 0.184956 -2000 5.51919e-12
6.25 -0.178297 2000 77.0244 0.178297 -2000 3.45697e-12
6.255 -0.17163 2000 74.1441 0.17163 -2000 3.15321e-12
6.26 -0.164962 2000 71.2635 0.164962 -2000 2.85358e-12
6.265 -0.158295 2000 68.3835 0.158295 -2000 1.4319e-12
6.27 -0.151621 2000 65.5001 0.151621 -2000 1.00558e-12
6.275 -0.144935 2000 62.6119 0.144935 -2000 1.65345e-12
6.28 -0.138255 2000 59.7264 0.138255 -2000 1.36215e-12
6.285 -0.131597 2000 56.8501 0.131597 -2000 -4.76087e-14
6.29 -0.124956 2000 53.9809 0.124956 -2000 4.24234e-13
6.295 -0.118311 2000 51.1103 0.118311 -2000 5.97123e-13
6.3 -0.111649 2000 48.2322 0.111649 -2000 -9.46496e-15
6.305 -0.104967 2000 45.3458 0.104967 -2000 8.53639e-13
6.31 -0.0982711 2000 42.4531 0.0982711 -2000 4.84365e-13
6.315 -0.0915666 2000 39.5568 0.0915666 -2000 2.0388e-13
6.32 -0.0848535 2000 36.6567 0.0848535 -2000 3.7919e-13
6.325 -0.0781201 2000 33.7479 0.0781201 -2000 6.02699e-13
6.33 -0.0713518 2000 30.824 0.0713518 -2000 1.53572e-12
6.335 -0.064543 2000 27.8826 0.064543 -2000 5.92724e-13
6.34 -0.0577064 2000 24.9292 0.0577064 -2000 1.01807e-12
6.345 -0.0508686 2000 21.9752 0.0508686 -2000 7.45652e-13
6.35 -0.044051 2000 19.03 0.044051 -2000 6.28684e-13
6.355 -0.0372458 2000 16.0902 0.0372458 -2000 4.89828e-13
6.36 -0.0304274 2000 13.1446 0.0304274 -2000 -1.80195e-14
6.365 -0.0236059 2000 10.1977 0.0236059 -2000 1.04586e-12
6.37 -0.0168386 2000 7.27429 0.0168386 -2000 6.65481e-13
6.375 -0.0101692 2000 4.39309 0.0101692 -2000 1.15648e-12
6.38 -0.00358032 2000 1.5467 0.00358032 -2000 -1.83911e-13
6.385 0.00298226 2000 -1.28834 -0.00298226 -2000 -1.17164e-13
6.39 0.00955799 2000 -4.12905 -0.00955799 -2000 -5.95227e-13
6.395 0.0161513 2000 -6.97735 -0.0161513 -2000 -1.2244e-13
6.4 0.0227463 2000 -9.82639 -0.0227463 -2000 8.04878e-13
6.405 0.0293316 2000 -12.6712 -0.0293316 -2000 1.28843e-12
6.41 0.0359085 2000 -15.5125 -0.0359085 -2000 1.16144e-12
6.415 0.0424785 2000 -18.3507 -0.0424785 -2000 1.38792e-12
6.42 0.0490368 2000 -21.1839 -0.0490368 -2000 1.1895e-12
6.425 0.0555774 2000 -24.0094 -0.0555774 -2000 1.21647e-12
6.43 0.0620938 2000 -26.8245 -0.0620938 -2000 1.19232e-12
6.435 0.0685841 2000 -29.6284 -0.0685841 -2000 1.67424e-12
6.44 0.0750471 2000 -32.4204 -0.0750471 -2000 9.36922e-13
6.445 0.0814666 2000 -35.1936 -0.0814666 -2000 1.26976e-12
6.45 0.087824 2000 -37.94 -0.087824 -2000 7.30914e-13
6.455 0.0941251 2000 -40.6621 -0.0941251 -2000 -6.65642e-13
6.46 0.100388 2000 -43.3676 -0.100388 -2000 -2.08226e-13
6.465 0.106619 2000 -46.0593 -0.106619 -2000 -9.64841e-13
6.47 0.112814 2000 -48.7355 -0.112814 -2000 2.94592e-13
6.475 0.118971 2000 -51.3956 -0.118971 -2000 4.23152e-13
6.48 0.125099 2000 -54.0427 -0.125099 -2000 3.84672e-13
6.485 0.13121 2000 -56.6828 -0.13121 -2000 -1.06148e-13
6.49 0.137313 2000 -59.3193 -0.137313 -2000 1.93783e-13
6.495 0.143396 2000 -61.9471 -0.143396 -2000 1.2085e-12
6.5 0.14943 2000 -64.5537 -0.14943 -2000 6.84847e-13
6.505 0.1554 2000 -67.1326 -0.1554 -2000 6.44237e-13
6.51 0.161321 2000 -69.6906 -0.161321 -2000 7.18008e-13
6.515 0.16721 2000 -72.2348 -0.16721 -2000 4.45917e-13
6.52 0.173058 2000 -74.7608 -0.173058 -2000 -2.94262e-14
6.525 0.178852 2000 -77.264 -0.178852 -2000 2.44432e-13
6.53 0.184608 2000 -79.7505 -0.184608 -2000 2.67365e-13
6.535 0.190352 2000 -82.2319 -0.190352 -2000 1.2799e-13
6.54 0.196097 2000 -84.7138 -0.196097 -2000 6.7742e-13
6.545 0.201838 2000 -87.194 -0.201838 -2000 -6.70664e-13
6.55 0.20756 2000 -89.6657 -0.20756 -2000 -7.63125e-13
6.555 0.213251 2000 -92.1244 -0.213251 -2000 -7.26259e-13
6.56 0.218915 2000 -94.5713 -0.218915 -2000 -3.70557e-13
6.565 0.224559 2000 -97.0094 -0.224559 -2000 2.48504e-13
6.57 0.230182 2000 -99.4388 -0.230182 -2000 -2.72254e-13
6.575 0.235785 2000 -101.859 -0.235785 -2000 -7.11716e-13
6.58 0.241374 2000 -104.273 -0.241374 -2000 -8.93522e-13
6.585 0.246961 2000 -106.687 -0.246961 -2000 -6.72116e-13
6.59 0.252547 2000 -109.1 -0.252547 -2000 -8.1614e-13
6.595 0.258115 2000 -111.505 -0.258115 -2000 -1.15486e-12
6.6 0.263643 2000 -113.894 -0.263643 -2000 -9.71066e-13
6.605 0.269134 2000 -116.266 -0.269134 -2000 -8.98798e-13
6.61 0.274591 2000 -118.623 -0.274591 -2000 -1.34916e-12
6.615 0.279997 2000 -120.959 -0.279997 -2000 -1.55123e-12
6.62 0.28533 2000 -123.263 -0.28533 -2000 -7.52187e-13
6.625 0.290604 2000 -125.541 -0.290604 -2000 -1.73774e-12
6.63 0.295847 2000 -127.806 -0.295847 -2000 -7.94793e-13
6.635 0.301062 2000 -130.059 -0.301062 -2000 -7.62521e-13
6.64 0.306243 2000 -132.297 -0.306243 -2000 -1.30954e-12
6.645 0.311397 2000 -134.523 -0.311397 -2000 -8.53442e-13
6.65 0.316536 2000 -136.744 -0.316536 -2000 -8.95714e-13
6.655 0.32166 2000 -138.957 -0.32166 -2000 -1.06099e-12
6.66 0.326757 2000 -141.159 -0.326757 -2000 -2.71469e-13
6.665 0.331813 2000 -143.343 -0.331813 -2000 3.76742e-13
6.67 0.336799 2000 -145.497 -0.336799 -2000 5.91162e-13
6.675 0.341681 2000 -147.606 -0.341681 -2000 1.36142e-12
6.68 0.346462 2000 -149.672 -0.346462 -2000 7.06986e-13
6.685 0.35118 2000 -151.71 -0.35118 -2000 6.41796e-13
6.69 0.355867 2000 -153.734 -0.355867 -2000 1.16388e-12
6.695 0.360528 2000 -155.748 -0.360528 -2000 8.95531e-13
6.7 0.365154 2000 -157.746 -0.365154 -2000 1.6751e-12
6.705 0.369744 2000 -159.73 -0.369744 -2000 1.007e-12
6.71 0.374305 2000 -161.7 -0.374305 -2000 2.8079e-14
6.715 0.378833 2000 -163.656 -0.378833 -2000 -2.39124e-13
6.72 0.383319 2000 -165.594 -0.383319 -2000 -1.8888e-13
6.725 0.387762 2000 -167.513 -0.387762 -2000 -6.73223e-13
6.73 0.392163 2000 -169.415 -0.392163 -2000 -8.93505e-13
6.735 0.396515 2000 -171.295 -0.396515 -2000 -2.27849e-13
6.74 0.400811 2000 -173.15 -0.400811 -2000 -4.38646e-13
6.745 0.40507 2000 -174.99 -0.40507 -2000 5.05212e-13
6.75 0.409316 2000 -176.825 -0.409316 -2000 -6.02661e-13
6.755 0.413538 2000 -178.648 -0.413538 -2000 -3.89415e-13
6.76 0.417708 2000 -180.45 -0.417708 -2000 -2.50877e-14
6.765 0.421818 2000 -182.225 -0.421818 -2000 -4.97662e-13
6.77 0.425872 2000 -183.977 -0.425872 -2000 -5.69438e-13
6.775 0.429885 2000 -185.71 -0.429885 -2000 3.49523e-13
6.78 0.433865 2000 -187.43 -0.433865 -2000 2.49769e-13
6.785 0.437811 2000 -189.134 -0.437811 -2000 4.35385e-13
6.79 0.441716 2000 -190.821 -0.441716 -2000 -6.88954e-13
6.795 0.445555 2000 -192.48 -0.445555 -2000 -8.84118e-13
6.8 0.449293 2000 -194.095 -0.449293 -2000 7.12803e-13
6.805 0.452922 2000 -195.662 -0.452922 -2000 -3.79687e-13
6.81 0.456472 2000 -197.196 -0.456472 -2000 4.32915e-13
6.815 0.459964 2000 -198.704 -0.459964 -2000 6.58943e-13
6.82 0.4634 2000 -200.189 -0.4634 -2000 1.87736e-13
6.825 0.466783 2000 -201.65 -0.466783 -2000 -1.81789e-13
6.83 0.470123 2000 -203.093 -0.470123 -2000 -3.65517e-13
6.835 0.473422 2000 -204.518 -0.473422 -2000 8.16137e-13
6.84 0.476667 2000 -205.92 -0.476667 -2000 5.45811e-13
6.845 0.479848 2000 -207.294 -0.479848 -2000 -5.08528e-13
6.85 0.482967 2000 -208.642 -0.482967 -2000 5.50183e-13
6.855 0.486037 2000 -209.968 -0.486037 -2000 -5.03655e-14
6.86 0.489069 2000 -211.278 -0.489069 -2000 -1.91836e-13
6.865 0.492059 2000 -212.57 -0.492059 -2000 -4.95603e-14
6.87 0.495002 2000 -213.841 -0.495002 -2000 4.73231e-13
6.875 0.49789 2000 -215.088 -0.49789 -2000 -4.85643e-13
6.88 0.500711 2000 -216.307 -0.500711 -2000 -3.18041e-13
6.885 0.503474 2000 -217.501 -0.503474 -2000 3.7023e-13
6.89 0.506195 2000 -218.676 -0.506195 -2000 -1.14495e-13
6.895 0.508875 2000 -219.834 -0.508875 -2000 -5.54029e-14
6.9 0.511491 2000 -220.964 -0.511491 -2000 1.88403e-13
6.905 0.514037 2000 -222.064 -0.514037 -2000 7.07988e-13
6.91 0.516525 2000 -223.139 -0.516525 -2000 1.91775e-13
6.915 0.518959 2000 -224.19 -0.518959 -2000 2.80233e-13
6.92 0.521327 2000 -225.213 -0.521327 -2000 -7.57606e-13
6.925 0.523636 2000 -226.211 -0.523636 -2000 -1.31647e-13
6.93 0.525897 2000 -227.187 -0.525897 -2000 2.15076e-13
6.935 0.528107 2000 -228.142 -0.528107 -2000 1.05377e-12
6.94 0.530243 2000 -229.065 -0.530243 -2000 6.53393e-13
6.945 0.532291 2000 -229.95 -0.532291 -2000 6.19005e-13
6.95 0.534268 2000 -230.804 -0.534268 -2000 -1.98315e-13
6.955 0.536203 2000 -231.64 -0.536203 -2000 -4.81437e-13
6.96 0.53811 2000 -232.463 -0.53811 -2000 -4.09369e-13
6.965 0.539977 2000 -233.27 -0.539977 -2000 5.49269e-13
6.97 0.541789 2000 -234.053 -0.541789 -2000 -1.98676e-13
6.975 0.543534 2000 -234.807 -0.543534 -2000 -4.0991e-13
6.98 0.545201 2000 -235.527 -0.545201 -2000 -9.7489e-13
6.985 0.5468 2000 -236.218 -0.5468 -2000 -9.44595e-13
6.99 0.548357 2000 -236.89 -0.548357 -2000 1.12825e-13
6.995 0.549874 2000 -237.546 -0.549874 -2000 -2.00065e-13
7 0.551311 2000 -238.166 -0.551311 -2000 -5.81316e-13
7.005 0.552625 2000 -238.734 -0.552625 -2000 6.5751e-14
7.01 0.553823 2000 -239.252 -0.553823 -2000 2.18629e-13
7.015 0.554937 2000 -239.733 -0.554937 -2000 1.0376e-12
7.02 0.555982 2000 -240.184 -0.555982 -2000 -1.11163e-13
7.025 0.556949 2000 -240.602 -0.556949 -2000 3.28112e-13
7.03 0.557819 2000 -240.978 -0.557819 -2000 -4.92262e-13
7.035 0.55858 2000 -241.307 -0.55858 -2000 -3.02691e-13
7.04 0.559237 2000 -241.591 -0.559237 -2000 8.05034e-14
7.045 0.559811 2000 -241.838 -0.559811 -2000 -6.68427e-13
7.05 0.560317 2000 -242.057 -0.560317 -2000 -8.91541e-13
7.055 0.560761 2000 -242.249 -0.560761 -2000 -1.00381e-12
7.06 0.561144 2000 -242.414 -0.561144 -2000 -1.18608e-12
7.065 0.561453 2000 -242.548 -0.561453 -2000 -1.01807e-12
7.07 0.561668 2000 -242.641 -0.561668 -2000 -2.60143e-13
7.075 0.561775 2000 -242.687 -0.561775 -2000 -5.48556e-14
7.08 0.561778 2000 -242.688 -0.561778 -2000 -1.59197e-13
7.085 0.561694 2000 -242.652 -0.561694 -2000 6.95708e-13
7.09 0.561538 2000 -242.585 -0.561538 -2000 1.68087e-12
7.095 0.561319 2000 -242.49 -0.561319 -2000 8.44028e-13
7.1 0.561029 2000 -242.365 -0.561029 -2000 2.35597e-13
7.105 0.560665 2000 -242.207 -0.560665 -2000 7.54211e-13
7.11 0.560233 2000 -242.021 -0.560233 -2000 1.06795e-12
7.115 0.559738 2000 -241.807 -0.559738 -2000 6.56679e-13
7.12 0.559179 2000 -241.565 -0.559179 -2000 6.09064e-13
7.125 0.558547 2000 -241.292 -0.558547 -2000 6.84032e-13
7.13 0.557838 2000 -240.986 -0.557838 -2000 1.85361e-13
7.135 0.557052 2000 -240.647 -0.557052 -2000 -8.17871e-14
7.14 0.556184 2000 -240.271 -0.556184 -2000 3.76486e-13
7.145 0.555237 2000 -239.862 -0.555237 -2000 6.3181e-13
7.15 0.554242 2000 -239.432 -0.554242 -2000 -1.51759e-13
7.155 0.553226 2000 -238.993 -0.553226 -2000 7.54768e-13
7.16 0.552174 2000 -238.539 -0.552174 -2000 4.54841e-13
7.165 0.551049 2000 -238.053 -0.551049 -2000 -2.17858e-13
7.17 0.549845 2000 -237.533 -0.549845 -2000 -5.2553e-13
7.175 0.548582 2000 -236.987 -0.548582 -2000 2.44481e-14
7.18 0.547271 2000 -236.421 -0.547271 -2000 9.39329e-13
7.185 0.545901 2000 -235.829 -0.545901 -2000 1.15931e-13
7.19 0.544455 2000 -235.205 -0.544455 -2000 5.48253e-13
7.195 0.542926 2000 -234.544 -0.542926 -2000 9.40246e-13
7.2 0.541324 2000 -233.852 -0.541324 -2000 1.17366e-14
7.205 0.539652 2000 -233.13 -0.539652 -2000 1.26633e-12
7.21 0.537901 2000 -232.373 -0.537901 -2000 6.62163e-13
7.215 0.536074 2000 -231.584 -0.536074 -2000 2.24526e-13
7.22 0.534196 2000 -230.773 -0.534196 -2000 3.68592e-13
7.225 0.532284 2000 -229.947 -0.532284 -2000 -5.3373e-13
7.23 0.530321 2000 -229.099 -0.530321 -2000 1.33656e-12
7.235 0.528292 2000 -228.222 -0.528292 -2000 1.88125e-13
7.24 0.526202 2000 -227.319 -0.526202 -2000 -7.49349e-13
7.245 0.52406 2000 -226.394 -0.52406 -2000 6.62774e-13
7.25 0.521853 2000 -225.441 -0.521853 -2000 -4.87461e-13
7.255 0.519569 2000 -224.454 -0.519569 -2000 -3.76716e-13
7.26 0.517217 2000 -223.438 -0.517217 -2000 -1.1771e-14
7.265 0.514818 2000 -222.401 -0.514818 -2000 -3.86542e-13
7.27 0.512368 2000 -221.343 -0.512368 -2000 4.78227e-13
7.275 0.509846 2000 -220.253 -0.509846 -2000 -1.60541e-13
7.28 0.507243 2000 -219.129 -0.507243 -2000 1.16132e-12
7.285 0.50456 2000 -217.97 -0.50456 -2000 2.1459e-13
7.29 0.501804 2000 -216.78 -0.501804 -2000 5.93066e-13
7.295 0.498991 2000 -215.564 -0.498991 -2000 3.03644e-13
7.3 0.496128 2000 -214.327 -0.496128 -2000 6.15465e-13
7.305 0.493212 2000 -213.067 -0.493212 -2000 4.58466e-13
7.31 0.49024 2000 -211.784 -0.49024 -2000 -1.01469e-15
7.315 0.487206 2000 -210.473 -0.487206 -2000 -4.56387e-13
7.32 0.484096 2000 -209.129 -0.484096 -2000 -5.2604e-13
7.325 0.480896 2000 -207.747 -0.480896 -2000 -5.00453e-14
7.33 0.477608 2000 -206.327 -0.477608 -2000 1.1295e-12
7.335 0.47425 2000 -204.876 -0.47425 -2000 7.03701e-13
7.34 0.470832 2000 -203.399 -0.470832 -2000 -1.24458e-13
7.345 0.467348 2000 -201.895 -0.467348 -2000 1.36459e-13
7.35 0.463787 2000 -200.356 -0.463787 -2000 6.75977e-14
7.355 0.460139 2000 -198.78 -0.460139 -2000 -1.25762e-13
7.36 0.45642 2000 -197.174 -0.45642 -2000 9.21306e-13
7.365 0.452652 2000 -195.546 -0.452652 -2000 -1.58153e-13
7.37 0.44884 2000 -193.899 -0.44884 -2000 2.53838e-13
7.375 0.44498 2000 -192.232 -0.44498 -2000 7.02467e-13
7.38 0.441067 2000 -190.541 -0.441067 -2000 3.21077e-13
7.385 0.437093 2000 -188.824 -0.437093 -2000 4.37512e-13
7.39 0.433059 2000 -187.081 -0.433059 -2000 2.45929e-13
7.395 0.428968 2000 -185.314 -0.428968 -2000 2.53199e-14
7.4 0.424816 2000 -183.521 -0.424816 -2000 -3.01419e-13
7.405 0.420579 2000 -181.69 -0.420579 -2000 3.27058e-13
7.41 0.416241 2000 -179.816 -0.416241 -2000 8.26438e-13
7.415 0.411825 2000 -177.908 -0.411825 -2000 -3.93642e-14
7.42 0.407355 2000 -175.977 -0.407355 -2000 -2.87978e-13
7.425 0.402828 2000 -174.022 -0.402828 -2000 -6.58482e-13
7.43 0.398225 2000 -172.033 -0.398225 -2000 -1.01461e-13
7.435 0.393529 2000 -170.005 -0.393529 -2000 9.0704e-13
7.44 0.388732 2000 -167.932 -0.388732 -2000 -1.18865e-14
7.445 0.383852 2000 -165.824 -0.383852 -2000 8.43787e-15
7.45 0.378928 2000 -163.697 -0.378928 -2000 5.94665e-13
7.455 0.373985 2000 -161.562 -0.373985 -2000 1.27662e-13
7.46 0.369019 2000 -159.416 -0.369019 -2000 1.38852e-14
7.465 0.363995 2000 -157.246 -0.363995 -2000 9.50825e-13
7.47 0.358889 2000 -155.04 -0.358889 -2000 -3.4775e-13
7.475 0.353699 2000 -152.798 -0.353699 -2000 9.06985e-13
7.48 0.348446 2000 -150.529 -0.348446 -2000 6.21477e-13
7.485 0.343145 2000 -148.239 -0.343145 -2000 6.68992e-14
7.49 0.337789 2000 -145.925 -0.337789 -2000 -2.20698e-13
7.495 0.332368 2000 -143.583 -0.332368 -2000 1.3021e-13
7.5 0.326885 2000 -141.214 -0.326885 -2000 2.89819e-13
7.505 0.321355 2000 -138.825 -0.321355 -2000 -8.29117e-14
7.51 0.31579 2000 -136.421 -0.31579 -2000 1.16221e-13
7.515 0.310184 2000 -134 -0.310184 -2000 -5.38076e-13
7.52 0.304513 2000 -131.55 -0.304513 -2000 -4.24543e-15
7.525 0.298765 2000 -129.066 -0.298765 -2000 -7.57978e-13
7.53 0.29296 2000 -126.559 -0.29296 -2000 6.36389e-13
7.535 0.287116 2000 -124.034 -0.287116 -2000 -6.94251e-13
7.54 0.28123 2000 -121.491 -0.28123 -2000 -9.19224e-13
7.545 0.275285 2000 -118.923 -0.275285 -2000 1.14739e-12
7.55 0.269266 2000 -116.323 -0.269266 -2000 -8.96645e-13
7.555 0.26318 2000 -113.694 -0.26318 -2000 3.41888e-13
7.56 0.257042 2000 -111.042 -0.257042 -2000 -2.33334e-13
7.565 0.250858 2000 -108.371 -0.250858 -2000 -2.75835e-13
7.57 0.244625 2000 -105.678 -0.244625 -2000 -5.09218e-13
7.575 0.238343 2000 -102.964 -0.238343 -2000 -3.12174e-13
7.58 0.232008 2000 -100.227 -0.232008 -2000 2.77737e-13
7.585 0.225602 2000 -97.46 -0.225602 -2000 6.33238e-13
7.59 0.219116 2000 -94.6581 -0.219116 -2000 -5.91049e-13
7.595 0.212553 2000 -91.8227 -0.212553 -2000 6.87715e-14
7.6 0.205915 2000 -88.9552 -0.205915 -2000 -4.01617e-13
7.605 0.199213 2000 -86.0602 -0.199213 -2000 2.37616e-13
7.61 0.192476 2000 -83.1498 -0.192476 -2000 -2.2038e-14
7.615 0.18573 2000 -80.2352 -0.18573 -2000 -5.02894e-13
7.62 0.178968 2000 -77.3142 -0.178968 -2000 -9.60148e-13
7.625 0.172158 2000 -74.3721 -0.172158 -2000 -3.82824e-13
7.63 0.165271 2000 -71.3972 -0.165271 -2000 2.2891e-13
7.635 0.158316 2000 -68.3924 -0.158316 -2000 -5.97937e-13
7.64 0.151319 2000 -65.3696 -0.151319 -2000 1.02131e-14
7.645 0.144296 2000 -62.3358 -0.144296 -2000 -3.29051e-13
7.65 0.137242 2000 -59.2885 -0.137242 -2000 -8.1669e-13
7.655 0.130143 2000 -56.2216 -0.130143 -2000 -2.53324e-13
7.66 0.122991 2000 -53.132 -0.122991 -2000 -7.79092e-13
7.665 0.115788 2000 -50.0206 -0.115788 -2000 -2.57245e-13
7.67 0.108541 2000 -46.8897 -0.108541 -2000 -5.30815e-13
7.675 0.101258 2000 -43.7433 -0.101258 -2000 -6.10613e-13
7.68 0.0939559 2000 -40.589 -0.0939559 -2000 8.08634e-14
7.685 0.086653 2000 -37.4341 -0.086653 -2000 3.17612e-13
7.69 0.0793452 2000 -34.2771 -0.0793452 -2000 8.25204e-13
7.695 0.0720101 2000 -31.1084 -0.0720101 -2000 2.82359e-13
7.7 0.0646343 2000 -27.922 -0.0646343 -2000 -3.54906e-13
7.705 0.0572323 2000 -24.7244 -0.0572323 -2000 -3.22613e-13
7.71 0.0498257 2000 -21.5247 -0.0498257 -2000 -1.02055e-12
