0.1 2.62954e-31 200 8.17124e-14
0.2 -4.09039e-31 400 -7.99361e-14
0.3 0 600 -1.54543e-13
0.4 7.59644e-31 800 -2.20268e-13
0.5 1.81146e-30 1000 -1.45661e-13
0.6 6.42776e-31 1200 -1.56319e-13
0.7 2.80484e-30 1400 -3.83693e-13
0.8 3.50605e-31 1600 -2.27374e-13
0.9 8.18078e-31 1800 -4.40536e-13
1 4.67473e-31 2000 3.12639e-13
0.005 -1.55256e-05 2000 0.00672911
0.01 -7.7618e-05 2000 0.0335725
0.015 -0.000201947 2000 0.0872747
0.02 -0.00038876 2000 0.167971
0.025 -0.000638279 2000 0.275758
0.03 -0.000950716 2000 0.410727
0.035 -0.00132628 2000 0.572966
0.04 -0.00176516 2000 0.762561
0.045 -0.00226756 2000 0.979593
0.05 -0.00283364 2000 1.22414
0.055 -0.0034636 2000 1.49628
0.06 -0.0041576 2000 1.79609
0.065 -0.00491578 2000 2.12362
0.07 -0.00573829 2000 2.47895
0.075 -0.00662528 2000 2.86213
0.08 -0.0075769 2000 3.27322
0.085 -0.00859328 2000 3.7123
0.09 -0.00967456 2000 4.17941
0.095 -0.0108208 2000 4.6746
0.1 -0.0120322 2000 5.19791
0.105 -0.0133087 2000 5.74937
0.11 -0.0146505 2000 6.32901
0.115 -0.0160576 2000 6.93688
0.12 -0.0175301 2000 7.57302
0.125 -0.0190682 2000 8.23746
0.13 -0.0206718 2000 8.93022
0.135 -0.0223411 2000 9.65134
0.14 -0.024076 2000 10.4008
0.145 -0.0258766 2000 11.1787
0.15 -0.0277429 2000 11.9849
0.155 -0.029675 2000 12.8196
0.16 -0.0316728 2000 13.6827
0.165 -0.0337364 2000 14.5741
0.17 -0.0358658 2000 15.494
0.175 -0.0380609 2000 16.4423
0.18 -0.0403217 2000 17.419
0.185 -0.0426483 2000 18.4241
0.19 -0.0450406 2000 19.4575
0.195 -0.0474985 2000 20.5193
0.2 -0.0500219 2000 21.6095
0.205 -0.0526109 2000 22.7279
0.21 -0.0552652 2000 23.8746
0.215 -0.0579848 2000 25.0495
0.22 -0.0607697 2000 26.2525
0.225 -0.0636199 2000 27.4838
0.23 -0.0665353 2000 28.7432
0.235 -0.0695156 2000 30.0307
0.24 -0.0725605 2000 31.3461
0.245 -0.0756699 2000 32.6894
0.25 -0.0788439 2000 34.0606
0.255 -0.0820826 2000 35.4597
0.26 -0.0853856 2000 36.8866
0.265 -0.0887528 2000 38.3412
0.27 -0.092184 2000 39.8235
0.275 -0.0956792 2000 41.3334
0.28 -0.099238 2000 42.8708
0.285 -0.10286 2000 44.4356
0.29 -0.106546 2000 46.0278
0.295 -0.110295 2000 47.6473
0.3 -0.114107 2000 49.2941
0.305 -0.117982 2000 50.9681
0.31 -0.12192 2000 52.6693
0.315 -0.12592 2000 54.3973
0.32 -0.129982 2000 56.1523
0.325 -0.134106 2000 57.9339
0.33 -0.138292 2000 59.7421
0.335 -0.142539 2000 61.5768
0.34 -0.146847 2000 63.438
0.345 -0.151216 2000 65.3255
0.35 -0.155646 2000 67.239
0.355 -0.160136 2000 69.1786
0.36 -0.164686 2000 71.1442
0.365 -0.169296 2000 73.1359
0.37 -0.173966 2000 75.1533
0.375 -0.178695 2000 77.1961
0.38 -0.183482 2000 79.2642
0.385 -0.188327 2000 81.3574
0.39 -0.193231 2000 83.4759
0.395 -0.198193 2000 85.6194
0.4 -0.203212 2000 87.7878
0.405 -0.208289 2000 89.981
0.41 -0.213423 2000 92.1989
0.415 -0.218614 2000 94.4413
0.42 -0.223861 2000 96.7081
0.425 -0.229164 2000 98.999
0.43 -0.234523 2000 101.314
0.435 -0.239936 2000 103.652
0.44 -0.245404 2000 106.015
0.445 -0.250926 2000 108.4
0.45 -0.256502 2000 110.809
0.455 -0.262132 2000 113.241
0.46 -0.267814 2000 115.696
0.465 -0.27355 2000 118.173
0.47 -0.279337 2000 120.674
0.475 -0.285176 2000 123.196
0.48 -0.291066 2000 125.741
0.485 -0.297008 2000 128.307
0.49 -0.302999 2000 130.896
0.495 -0.309041 2000 133.506
0.5 -0.315133 2000 136.137
0.505 -0.321273 2000 138.79
0.51 -0.327462 2000 141.464
0.515 -0.333699 2000 144.158
0.52 -0.339984 2000 146.873
0.525 -0.346317 2000 149.609
0.53 -0.352696 2000 152.365
0.535 -0.359121 2000 155.14
0.54 -0.365592 2000 157.936
0.545 -0.372108 2000 160.751
0.55 -0.378668 2000 163.585
0.555 -0.385272 2000 166.437
0.56 -0.391919 2000 169.309
0.565 -0.398608 2000 172.199
0.57 -0.405339 2000 175.107
0.575 -0.412111 2000 178.032
0.58 -0.418921 2000 180.974
0.585 -0.42577 2000 183.933
0.59 -0.432657 2000 186.908
0.595 -0.439583 2000 189.9
0.6 -0.446549 2000 192.909
0.605 -0.453554 2000 195.935
0.61 -0.460597 2000 198.978
0.615 -0.467676 2000 202.036
0.62 -0.474793 2000 205.111
0.625 -0.481947 2000 208.201
0.63 -0.489137 2000 211.307
0.635 -0.496364 2000 214.429
0.64 -0.503624 2000 217.566
0.645 -0.510918 2000 220.717
0.65 -0.518246 2000 223.882
0.655 -0.525606 2000 227.062
0.66 -0.532998 2000 230.255
0.665 -0.540419 2000 233.461
0.67 -0.547868 2000 236.679
0.675 -0.555346 2000 239.91
0.68 -0.562854 2000 243.153
0.685 -0.57039 2000 246.409
0.69 -0.577955 2000 249.677
0.695 -0.585546 2000 252.956
0.7 -0.593163 2000 256.246
0.705 -0.600806 2000 259.548
0.71 -0.608474 2000 262.861
0.715 -0.616166 2000 266.184
0.72 -0.623882 2000 269.517
0.725 -0.631622 2000 272.861
0.73 -0.639384 2000 276.214
0.735 -0.647167 2000 279.576
0.74 -0.65497 2000 282.947
0.745 -0.662791 2000 286.326
0.75 -0.670629 2000 289.712
0.755 -0.678483 2000 293.105
0.76 -0.686353 2000 296.505
0.765 -0.69424 2000 299.912
0.77 -0.702141 2000 303.325
0.775 -0.710057 2000 306.745
0.78 -0.717988 2000 310.171
0.785 -0.725934 2000 313.604
0.79 -0.733896 2000 317.043
0.795 -0.74187 2000 320.488
0.8 -0.749855 2000 323.938
0.805 -0.757851 2000 327.392
0.81 -0.765857 2000 330.85
0.815 -0.773872 2000 334.313
0.82 -0.781894 2000 337.778
0.825 -0.789923 2000 341.247
0.83 -0.797957 2000 344.717
0.835 -0.805997 2000 348.191
0.84 -0.814045 2000 351.667
0.845 -0.822097 2000 355.146
0.85 -0.830153 2000 358.626
0.855 -0.838213 2000 362.108
0.86 -0.846277 2000 365.592
0.865 -0.854346 2000 369.077
0.87 -0.862415 2000 372.563
0.875 -0.870486 2000 376.05
0.88 -0.878556 2000 379.536
0.885 -0.886624 2000 383.022
0.89 -0.894691 2000 386.507
0.895 -0.902758 2000 389.992
0.9 -0.910824 2000 393.476
0.905 -0.918888 2000 396.96
0.91 -0.926947 2000 400.441
0.915 -0.935002 2000 403.921
0.92 -0.943052 2000 407.398
0.925 -0.951094 2000 410.873
0.93 -0.959128 2000 414.343
0.935 -0.967155 2000 417.811
0.94 -0.975176 2000 421.276
0.945 -0.983188 2000 424.737
0.95 -0.991189 2000 428.194
0.955 -0.999178 2000 431.645
0.96 -1.00716 2000 435.092
0.965 -1.01512 2000 438.533
0.97 -1.02308 2000 441.97
0.975 -1.03102 2000 445.4
0.98 -1.03894 2000 448.823
0.985 -1.04685 2000 452.238
0.99 -1.05473 2000 455.645
0.995 -1.0626 2000 459.043
1 -1.07045 2000 462.433
1.005 -1.07828 2000 465.816
1.01 -1.08609 2000 469.192
1.015 -1.09389 2000 472.559
1.02 -1.10166 2000 475.918
1.025 -1.10942 2000 479.268
1.03 -1.11715 2000 482.609
1.035 -1.12486 2000 485.941
1.04 -1.13255 2000 489.263
1.045 -1.14022 2000 492.574
1.05 -1.14785 2000 495.873
1.055 -1.15546 2000 499.158
1.06 -1.16303 2000 502.431
1.065 -1.17058 2000 505.691
1.07 -1.1781 2000 508.938
1.075 -1.18558 2000 512.17
1.08 -1.19303 2000 515.388
1.085 -1.20044 2000 518.591
1.09 -1.20782 2000 521.78
1.095 -1.21517 2000 524.952
1.1 -1.22248 2000 528.11
1.105 -1.22975 2000 531.251
1.11 -1.23699 2000 534.379
1.115 -1.24419 2000 537.491
1.12 -1.25136 2000 540.586
1.125 -1.25848 2000 543.662
1.13 -1.26556 2000 546.721
1.135 -1.2726 2000 549.764
1.14 -1.27961 2000 552.791
1.145 -1.28658 2000 555.802
1.15 -1.2935 2000 558.793
1.155 -1.30038 2000 561.765
1.16 -1.30722 2000 564.717
1.165 -1.314 2000 567.65
1.17 -1.32075 2000 570.565
1.175 -1.32746 2000 573.461
1.18 -1.33412 2000 576.339
1.185 -1.34073 2000 579.197
1.19 -1.3473 2000 582.034
1.195 -1.35382 2000 584.849
1.2 -1.36028 2000 587.641
1.205 -1.36669 2000 590.411
1.21 -1.37305 2000 593.157
1.215 -1.37935 2000 595.881
1.22 -1.3856 2000 598.581
1.225 -1.3918 2000 601.257
1.23 -1.39794 2000 603.909
1.235 -1.40402 2000 606.537
1.24 -1.41005 2000 609.142
1.245 -1.41604 2000 611.729
1.25 -1.42198 2000 614.296
1.255 -1.42787 2000 616.841
1.26 -1.4337 2000 619.36
1.265 -1.43947 2000 621.852
1.27 -1.44518 2000 624.316
1.275 -1.45082 2000 626.755
1.28 -1.45641 2000 629.167
1.285 -1.46193 2000 631.553
1.29 -1.46739 2000 633.913
1.295 -1.47279 2000 636.246
1.3 -1.47813 2000 638.552
1.305 -1.48341 2000 640.833
1.31 -1.48863 2000 643.087
1.315 -1.49378 2000 645.312
1.32 -1.49886 2000 647.509
1.325 -1.50388 2000 649.677
1.33 -1.50883 2000 651.817
1.335 -1.51372 2000 653.929
1.34 -1.51855 2000 656.015
1.345 -1.52332 2000 658.074
1.35 -1.52802 2000 660.103
1.355 -1.53264 2000 662.101
1.36 -1.53719 2000 664.068
1.365 -1.54168 2000 666.005
1.37 -1.54609 2000 667.911
1.375 -1.55043 2000 669.787
1.38 -1.5547 2000 671.629
1.385 -1.55889 2000 673.439
1.39 -1.563 2000 675.215
1.395 -1.56703 2000 676.959
1.4 -1.571 2000 678.67
1.405 -1.57488 2000 680.348
1.41 -1.57869 2000 681.995
1.415 -1.58243 2000 683.609
1.42 -1.58609 2000 685.19
1.425 -1.58967 2000 686.738
1.43 -1.59318 2000 688.252
1.435 -1.5966 2000 689.732
1.44 -1.59995 2000 691.177
1.445 -1.60321 2000 692.587
1.45 -1.6064 2000 693.963
1.455 -1.6095 2000 695.305
1.46 -1.61252 2000 696.61
1.465 -1.61546 2000 697.879
1.47 -1.61832 2000 699.114
1.475 -1.6211 2000 700.315
1.48 -1.6238 2000 701.484
1.485 -1.62643 2000 702.617
1.49 -1.62896 2000 703.712
1.495 -1.63141 2000 704.77
1.5 -1.63378 2000 705.791
1.505 -1.63606 2000 706.776
1.51 -1.63825 2000 707.724
1.515 -1.64035 2000 708.633
1.52 -1.64237 2000 709.504
1.525 -1.6443 2000 710.339
1.53 -1.64616 2000 711.139
1.535 -1.64793 2000 711.905
1.54 -1.64962 2000 712.635
1.545 -1.65122 2000 713.326
1.55 -1.65272 2000 713.975
1.555 -1.65413 2000 714.585
1.56 -1.65545 2000 715.157
1.565 -1.65669 2000 715.69
1.57 -1.65784 2000 716.186
1.575 -1.65889 2000 716.641
1.58 -1.65985 2000 717.055
1.585 -1.66071 2000 717.427
1.59 -1.66147 2000 717.757
1.595 -1.66214 2000 718.044
1.6 -1.66271 2000 718.29
1.605 -1.66319 2000 718.497
1.61 -1.66358 2000 718.666
1.615 -1.66388 2000 718.794
1.62 -1.66408 2000 718.882
1.625 -1.66419 2000 718.929
1.63 -1.6642 2000 718.935
1.635 -1.66411 2000 718.896
1.64 -1.66391 2000 718.808
1.645 -1.66359 2000 718.669
1.65 -1.66315 2000 718.48
1.655 -1.6626 2000 718.242
1.66 -1.66194 2000 717.958
1.665 -1.66118 2000 717.629
1.67 -1.66031 2000 717.253
1.675 -1.65933 2000 716.832
1.68 -1.65825 2000 716.365
1.685 -1.65706 2000 715.849
1.69 -1.65575 2000 715.284
1.695 -1.65433 2000 714.669
1.7 -1.65279 2000 714.005
1.705 -1.65114 2000 713.295
1.71 -1.64939 2000 712.536
1.715 -1.64752 2000 711.727
1.72 -1.64552 2000 710.866
1.725 -1.6434 2000 709.95
1.73 -1.64116 2000 708.98
1.735 -1.63878 2000 707.955
1.74 -1.63629 2000 706.877
1.745 -1.63367 2000 705.747
1.75 -1.63094 2000 704.566
1.755 -1.62808 2000 703.332
1.76 -1.6251 2000 702.045
1.765 -1.622 2000 700.706
1.77 -1.61879 2000 699.317
1.775 -1.61546 2000 697.877
1.78 -1.61201 2000 696.387
1.785 -1.60844 2000 694.847
1.79 -1.60477 2000 693.259
1.795 -1.60098 2000 691.622
1.8 -1.59708 2000 689.937
1.805 -1.59306 2000 688.202
1.81 -1.58893 2000 686.418
1.815 -1.58468 2000 684.582
1.82 -1.58031 2000 682.694
1.825 -1.57582 2000 680.753
1.83 -1.57121 2000 678.761
1.835 -1.56648 2000 676.719
1.84 -1.56164 2000 674.627
1.845 -1.55668 2000 672.486
1.85 -1.55161 2000 670.295
1.855 -1.54641 2000 668.051
1.86 -1.5411 2000 665.756
1.865 -1.53567 2000 663.411
1.87 -1.53014 2000 661.021
1.875 -1.5245 2000 658.583
1.88 -1.51874 2000 656.095
1.885 -1.51286 2000 653.557
1.89 -1.50687 2000 650.968
1.895 -1.50076 2000 648.327
1.9 -1.49453 2000 645.636
1.905 -1.48819 2000 642.898
1.91 -1.48174 2000 640.111
1.915 -1.47518 2000 637.277
1.92 -1.46851 2000 634.396
1.925 -1.46174 2000 631.471
1.93 -1.45487 2000 628.502
1.935 -1.44789 2000 625.488
1.94 -1.44081 2000 622.429
1.945 -1.43361 2000 619.321
1.95 -1.42631 2000 616.165
1.955 -1.4189 2000 612.963
1.96 -1.41138 2000 609.717
1.965 -1.40375 2000 606.422
1.97 -1.39601 2000 603.076
1.975 -1.38814 2000 599.679
1.98 -1.38017 2000 596.232
1.985 -1.37207 2000 592.736
1.99 -1.36386 2000 589.189
1.995 -1.35553 2000 585.589
2 -1.34709 2000 581.941
2.005 -1.33854 2000 578.251
2.01 -1.32991 2000 574.523
2.015 -1.32119 2000 570.754
2.02 -1.31237 2000 566.942
2.025 -1.30344 2000 563.085
2.03 -1.29441 2000 559.185
2.035 -1.28528 2000 555.241
2.04 -1.27605 2000 551.253
2.045 -1.26673 2000 547.227
2.05 -1.25732 2000 543.164
2.055 -1.24783 2000 539.064
2.06 -1.23826 2000 534.926
2.065 -1.22859 2000 530.75
2.07 -1.21883 2000 526.534
2.075 -1.20897 2000 522.276
2.08 -1.19903 2000 517.979
2.085 -1.18899 2000 513.642
2.09 -1.17886 2000 509.268
2.095 -1.16866 2000 504.86
2.1 -1.15837 2000 500.418
2.105 -1.148 2000 495.935
2.11 -1.13752 2000 491.408
2.115 -1.12694 2000 486.836
2.12 -1.11626 2000 482.224
2.125 -1.10549 2000 477.572
2.13 -1.09463 2000 472.878
2.135 -1.08365 2000 468.137
2.14 -1.07256 2000 463.346
2.145 -1.06136 2000 458.509
2.15 -1.05007 2000 453.63
2.155 -1.03868 2000 448.711
2.16 -1.0272 2000 443.752
2.165 -1.01563 2000 438.753
2.17 -1.00397 2000 433.716
2.175 -0.992229 2000 428.643
2.18 -0.980407 2000 423.536
2.185 -0.968502 2000 418.393
2.19 -0.956512 2000 413.213
2.195 -0.944438 2000 407.997
2.2 -0.932288 2000 402.748
2.205 -0.920073 2000 397.471
2.21 -0.907787 2000 392.164
2.215 -0.895417 2000 386.82
2.22 -0.882963 2000 381.44
2.225 -0.870445 2000 376.032
2.23 -0.857872 2000 370.601
2.235 -0.845236 2000 365.142
2.24 -0.832521 2000 359.649
2.245 -0.819728 2000 354.123
2.25 -0.806861 2000 348.564
2.255 -0.793917 2000 342.972
2.26 -0.78089 2000 337.345
2.265 -0.767783 2000 331.682
2.27 -0.754608 2000 325.991
2.275 -0.741373 2000 320.273
2.28 -0.728074 2000 314.528
2.285 -0.714699 2000 308.75
2.29 -0.70124 2000 302.936
2.295 -0.687699 2000 297.086
2.3 -0.674088 2000 291.206
2.305 -0.660422 2000 285.302
2.31 -0.646708 2000 279.378
2.315 -0.632946 2000 273.433
2.32 -0.619132 2000 267.465
2.325 -0.605268 2000 261.476
2.33 -0.591352 2000 255.464
2.335 -0.577372 2000 249.425
2.34 -0.563324 2000 243.356
2.345 -0.549221 2000 237.264
2.35 -0.535077 2000 231.154
2.355 -0.520889 2000 225.024
2.36 -0.506645 2000 218.871
2.365 -0.492343 2000 212.692
2.37 -0.47798 2000 206.487
2.375 -0.463552 2000 200.255
2.38 -0.449059 2000 193.994
2.385 -0.434512 2000 187.709
2.39 -0.419926 2000 181.408
2.395 -0.405299 2000 175.089
2.4 -0.390623 2000 168.749
2.405 -0.375887 2000 162.383
2.41 -0.361085 2000 155.989
2.415 -0.346227 2000 149.57
2.42 -0.331332 2000 143.135
2.425 -0.316414 2000 136.691
2.43 -0.301473 2000 130.236
2.435 -0.286493 2000 123.765
2.44 -0.271466 2000 117.274
2.445 -0.256387 2000 110.759
2.45 -0.241256 2000 104.223
2.455 -0.226093 2000 97.6718
2.46 -0.210912 2000 91.1135
2.465 -0.195705 2000 84.5442
2.47 -0.180464 2000 77.96
2.475 -0.165184 2000 71.3588
2.48 -0.149874 2000 64.7444
2.485 -0.134543 2000 58.1213
2.49 -0.119179 2000 51.484
2.495 -0.103797 2000 44.8394
2.5 -0.0884276 2000 38.1994
2.505 -0.0730387 2000 31.5513
2.51 -0.0576458 2000 24.9006
2.515 -0.0422661 2000 18.2564
2.52 -0.0269058 2000 11.6211
2.525 -0.0115709 2000 4.99725
2.53 0.00375533 2000 -1.62387
2.535 0.0190516 2000 -8.2324
2.54 0.0342862 2000 -14.8141
2.545 0.0494983 2000 -21.3859
2.55 0.064619 2000 -27.9185
2.555 0.0795678 1999.99 -34.3771
2.56 0.0941725 1999.99 -40.6881
2.565 0.108485 1999.99 -46.8727
2.57 0.122771 1999.99 -53.0435
2.575 0.137047 1999.99 -59.21
2.58 0.151332 1999.99 -65.3799
2.585 0.165625 1999.99 -71.5539
2.59 0.179916 1999.99 -77.727
2.595 0.194198 2000 -83.8961
2.6 0.208476 2000 -90.0634
2.605 0.222753 2000 -96.2308
2.61 0.237029 2000 -102.397
2.615 0.251302 2000 -108.563
2.62 0.265572 2000 -114.727
2.625 0.279839 2000 -120.89
2.63 0.294093 2000 -127.048
2.635 0.308331 2000 -133.198
2.64 0.322555 2000 -139.343
2.645 0.336775 2000 -145.486
2.65 0.350997 2000 -151.63
2.655 0.365222 2000 -157.775
2.66 0.379438 2000 -163.916
2.665 0.393633 2000 -170.048
2.67 0.407805 2000 -176.17
2.675 0.42196 2000 -182.286
2.68 0.436108 2000 -188.398
2.685 0.450246 2000 -194.505
2.69 0.464372 2000 -200.608
2.695 0.478497 2000 -206.71
2.7 0.49263 2000 -212.815
2.705 0.506762 2000 -218.92
2.71 0.520879 2000 -225.019
2.715 0.534966 2000 -231.105
2.72 0.549021 2000 -237.177
2.725 0.563069 2000 -243.246
2.73 0.577137 2000 -249.323
2.735 0.591222 2000 -255.408
2.74 0.605302 2000 -261.49
2.745 0.619365 2000 -267.566
2.75 0.633419 2000 -273.637
2.755 0.647479 2000 -279.711
2.76 0.66155 2000 -285.79
2.765 0.675626 2000 -291.871
2.77 0.689688 2000 -297.945
2.775 0.703723 2000 -304.009
2.78 0.717725 2000 -310.057
2.785 0.731687 2000 -316.089
2.79 0.745608 2000 -322.103
2.795 0.759499 2000 -328.104
2.8 0.773367 2000 -334.095
2.805 0.787204 2000 -340.072
2.81 0.801008 2000 -346.036
2.815 0.81479 2000 -351.989
2.82 0.828559 2000 -357.938
2.825 0.842315 2000 -363.88
2.83 0.856048 2000 -369.813
2.835 0.869746 2000 -375.731
2.84 0.88341 2000 -381.634
2.845 0.897054 2000 -387.528
2.85 0.910684 2000 -393.416
2.855 0.924285 2000 -399.291
2.86 0.937839 2000 -405.147
2.865 0.951352 2000 -410.984
2.87 0.96483 2000 -416.807
2.875 0.978271 2000 -422.613
2.88 0.991671 2000 -428.402
2.885 1.00503 2000 -434.174
2.89 1.01835 2000 -439.929
2.895 1.03164 2000 -445.668
2.9 1.04488 2000 -451.387
2.905 1.05807 2000 -457.087
2.91 1.07123 2000 -462.77
2.915 1.08435 2000 -468.44
2.92 1.09744 2000 -474.095
2.925 1.11049 2000 -479.732
2.93 1.1235 2000 -485.352
2.935 1.13647 2000 -490.953
2.94 1.14938 2000 -496.534
2.945 1.16224 2000 -502.089
2.95 1.17505 2000 -507.623
2.955 1.18782 2000 -513.14
2.96 1.20056 2000 -518.643
2.965 1.21325 2000 -524.124
2.97 1.22588 2000 -529.581
2.975 1.23846 2000 -535.015
2.98 1.25099 2000 -540.428
2.985 1.26346 2000 -545.817
2.99 1.27588 2000 -551.179
2.995 1.28822 2000 -556.511
3 1.30048 2000 -561.807
3.005 1.31266 2000 -567.071
3.01 1.32479 2000 -572.311
3.015 1.33687 2000 -577.53
3.02 1.3489 2000 -582.724
3.025 1.36085 2000 -587.886
3.03 1.37271 2000 -593.013
3.035 1.3845 2000 -598.103
3.04 1.39621 2000 -603.164
3.045 1.40787 2000 -608.2
3.05 1.41948 2000 -613.215
3.055 1.43103 2000 -618.207
3.06 1.44253 2000 -623.173
3.065 1.45396 2000 -628.113
3.07 1.46534 2000 -633.028
3.075 1.47666 2000 -637.919
3.08 1.48792 2000 -642.781
3.085 1.4991 2000 -647.609
3.09 1.5102 2000 -652.406
3.095 1.52123 2000 -657.171
3.1 1.53218 2000 -661.904
3.105 1.54306 2000 -666.602
3.11 1.55387 2000 -671.27
3.115 1.56461 2000 -675.91
3.12 1.57528 2000 -680.52
3.125 1.58588 2000 -685.102
3.13 1.59643 2000 -689.658
3.135 1.60691 2000 -694.187
3.14 1.61733 2000 -698.686
3.145 1.62768 2000 -703.156
3.15 1.63795 2000 -707.595
3.155 1.64815 2000 -712.002
3.16 1.65827 2000 -716.372
3.165 1.6683 2000 -720.704
3.17 1.67825 2000 -725.003
3.175 1.68814 2000 -729.276
3.18 1.69797 2000 -733.524
3.185 1.70775 2000 -737.747
3.19 1.71745 2000 -741.937
3.195 1.72707 2000 -746.095
3.2 1.73662 2000 -750.218
3.205 1.74609 2000 -754.309
3.21 1.7555 2000 -758.376
3.215 1.76487 2000 -762.424
3.22 1.77418 2000 -766.445
3.225 1.78339 2000 -770.425
3.23 1.79249 2000 -774.355
3.235 1.80149 2000 -778.246
3.24 1.81043 2000 -782.106
3.245 1.8193 2000 -785.937
3.25 1.82808 2000 -789.733
3.255 1.8368 2000 -793.497
3.26 1.84545 2000 -797.235
3.265 1.85403 2000 -800.942
3.27 1.86252 2000 -804.609
3.275 1.87092 2000 -808.237
3.28 1.87923 2000 -811.829
3.285 1.88747 2000 -815.385
3.29 1.89561 2000 -818.903
3.295 1.90368 2000 -822.39
3.3 1.91169 2000 -825.848
3.305 1.91962 2000 -829.277
3.31 1.92748 2000 -832.672
3.315 1.93526 2000 -836.033
3.32 1.94296 2000 -839.359
3.325 1.95057 2000 -842.647
3.33 1.95809 2000 -845.895
3.335 1.96552 2000 -849.105
3.34 1.97287 2000 -852.28
3.345 1.98014 2000 -855.419
3.35 1.98731 2000 -858.519
3.355 1.9944 2000 -861.58
3.36 2.00139 2000 -864.602
3.365 2.00828 2000 -867.579
3.37 2.01508 2000 -870.514
3.375 2.02178 2000 -873.411
3.38 2.02841 2000 -876.272
3.385 2.03495 2000 -879.097
3.39 2.0414 2000 -881.887
3.395 2.04778 2000 -884.64
3.4 2.05406 2000 -887.355
3.405 2.06025 2000 -890.026
3.41 2.06632 2000 -892.648
3.415 2.07227 2000 -895.221
3.42 2.07812 2000 -897.75
3.425 2.0839 2000 -900.243
3.43 2.08959 2000 -902.703
3.435 2.09519 2000 -905.123
3.44 2.1007 2000 -907.501
3.445 2.10611 2000 -909.84
3.45 2.11144 2000 -912.14
3.455 2.11668 2000 -914.405
3.46 2.12183 2000 -916.632
3.465 2.12689 2000 -918.815
3.47 2.13183 2000 -920.949
3.475 2.13666 2000 -923.039
3.48 2.14142 2000 -925.093
3.485 2.1461 2000 -927.114
3.49 2.15069 2000 -929.099
3.495 2.15519 2000 -931.043
3.5 2.1596 2000 -932.948
3.505 2.16393 2000 -934.816
3.51 2.16817 2000 -936.648
3.515 2.17232 2000 -938.443
3.52 2.17639 2000 -940.201
3.525 2.18038 2000 -941.923
3.53 2.18427 2000 -943.606
3.535 2.18807 2000 -945.246
3.54 2.19177 2000 -946.844
3.545 2.19538 2000 -948.406
3.55 2.19892 2000 -949.934
3.555 2.20237 2000 -951.425
3.56 2.20572 2000 -952.873
3.565 2.20898 2000 -954.279
3.57 2.21214 2000 -955.645
3.575 2.21521 2000 -956.971
3.58 2.21816 2000 -958.247
3.585 2.221 2000 -959.47
3.59 2.22371 2000 -960.642
3.595 2.2263 2000 -961.763
3.6 2.22879 2000 -962.836
3.605 2.23117 2000 -963.867
3.61 2.23347 2000 -964.858
3.615 2.23568 2000 -965.812
3.62 2.23779 2000 -966.725
3.625 2.2398 2000 -967.594
3.63 2.2417 2000 -968.415
3.635 2.24349 2000 -969.188
3.64 2.24518 2000 -969.917
3.645 2.24678 2000 -970.608
3.65 2.2483 2000 -971.264
3.655 2.24973 2000 -971.883
3.66 2.25106 2000 -972.458
3.665 2.25228 2000 -972.985
3.67 2.25339 2000 -973.464
3.675 2.25439 2000 -973.897
3.68 2.25529 2000 -974.283
3.685 2.25608 2000 -974.628
3.69 2.25679 2000 -974.933
3.695 2.25741 2000 -975.2
3.7 2.25794 2000 -975.428
3.705 2.25837 2000 -975.614
3.71 2.2587 2000 -975.757
3.715 2.25893 2000 -975.857
3.72 2.25907 2000 -975.919
3.725 2.25913 2000 -975.943
3.73 2.25908 2000 -975.922
3.735 2.25891 2000 -975.85
3.74 2.25863 2000 -975.726
3.745 2.25823 2000 -975.556
3.75 2.25774 2000 -975.342
3.755 2.25714 2000 -975.085
3.76 2.25645 2000 -974.785
3.765 2.25565 2000 -974.442
3.77 2.25476 2000 -974.056
3.775 2.25376 2000 -973.624
3.78 2.25265 2000 -973.144
3.785 2.25143 2000 -972.618
3.79 2.25011 2000 -972.046
3.795 2.24867 2000 -971.426
3.8 2.24713 2000 -970.761
3.805 2.24549 2000 -970.054
3.81 2.24376 2000 -969.304
3.815 2.24191 2000 -968.505
3.82 2.23993 2000 -967.649
3.825 2.23781 2000 -966.733
3.83 2.23557 2000 -965.765
3.835 2.23322 2000 -964.751
3.84 2.23076 2000 -963.689
3.845 2.22819 2000 -962.577
3.85 2.2255 2000 -961.416
3.855 2.22271 2000 -960.209
3.86 2.21981 2000 -958.956
3.865 2.21679 2000 -957.655
3.87 2.21367 2000 -956.305
3.875 2.21042 2000 -954.903
3.88 2.20706 2000 -953.451
3.885 2.2036 2000 -951.955
3.89 2.20003 2000 -950.414
3.895 2.19636 2000 -948.826
3.9 2.19259 2000 -947.197
3.905 2.18874 2000 -945.535
3.91 2.18481 2000 -943.839
3.915 2.1808 2000 -942.106
3.92 2.1767 2000 -940.332
3.925 2.1725 2000 -938.52
3.93 2.16822 2000 -936.669
3.935 2.16384 2000 -934.78
3.94 2.15939 2000 -932.856
3.945 2.15486 2000 -930.898
3.95 2.15024 2000 -928.903
3.955 2.14551 2000 -926.861
3.96 2.14068 2000 -924.774
3.965 2.13575 2000 -922.645
3.97 2.13073 2000 -920.476
3.975 2.12561 2000 -918.262
3.98 2.12037 2000 -915.999
3.985 2.11502 2000 -913.688
3.99 2.10956 2000 -911.331
3.995 2.104 2000 -908.929
4 2.09832 2000 -906.473
4.005 2.09251 2000 -903.964
4.01 2.08661 2000 -901.413
4.015 2.08062 2000 -898.827
4.02 2.07454 2000 -896.203
4.025 2.06837 2000 -893.536
4.03 2.06209 2000 -890.822
4.035 2.05571 2000 -888.065
4.04 2.04923 2000 -885.267
4.045 2.04265 2000 -882.423
4.05 2.03596 2000 -879.533
4.055 2.02917 2000 -876.602
4.06 2.0223 2000 -873.634
4.065 2.01534 2000 -870.628
4.07 2.00831 2000 -867.588
4.075 2.00119 2000 -864.514
4.08 1.99399 2000 -861.402
4.085 1.98667 2000 -858.244
4.09 1.97926 2000 -855.04
4.095 1.97175 2000 -851.794
4.1 1.96414 2000 -848.508
4.105 1.95644 2000 -845.181
4.11 1.94865 2000 -841.818
4.115 1.94079 2000 -838.423
4.12 1.93286 2000 -834.995
4.125 1.92484 2000 -831.53
4.13 1.91673 2000 -828.027
4.135 1.90854 2000 -824.491
4.14 1.90029 2000 -820.926
4.145 1.89197 2000 -817.333
4.15 1.88359 2000 -813.712
4.155 1.87515 2000 -810.064
4.16 1.86664 2000 -806.387
4.165 1.85806 2000 -802.684
4.17 1.84943 2000 -798.953
4.175 1.84074 2000 -795.2
4.18 1.83201 2000 -791.429
4.185 1.82324 2000 -787.64
4.19 1.81443 2000 -783.834
4.195 1.80557 2000 -780.007
4.2 1.79664 2000 -776.151
4.205 1.78763 2000 -772.256
4.21 1.77853 2000 -768.325
4.215 1.76936 2000 -764.365
4.22 1.76014 2000 -760.382
4.225 1.75087 2000 -756.376
4.23 1.74155 2000 -752.349
4.235 1.7322 2000 -748.309
4.24 1.72282 2000 -744.258
4.245 1.7134 2000 -740.19
4.25 1.70393 2000 -736.098
4.255 1.69439 2000 -731.977
4.26 1.68479 2000 -727.83
4.265 1.67513 2000 -723.658
4.27 1.66542 2000 -719.462
4.275 1.65564 2000 -715.236
4.28 1.64578 2000 -710.979
4.285 1.63586 2000 -706.692
4.29 1.62589 2000 -702.383
4.295 1.61586 2000 -698.054
4.3 1.60579 2000 -693.699
4.305 1.59564 2000 -689.316
4.31 1.58543 2000 -684.908
4.315 1.57517 2000 -680.473
4.32 1.56484 2000 -676.012
4.325 1.55447 2000 -671.53
4.33 1.54405 2000 -667.028
4.335 1.53356 2000 -662.499
4.34 1.52302 2000 -657.944
4.345 1.51242 2000 -653.367
4.35 1.50179 2000 -648.771
4.355 1.49109 2000 -644.153
4.36 1.48035 2000 -639.51
4.365 1.46956 2000 -634.848
4.37 1.45873 2000 -630.173
4.375 1.44788 2000 -625.484
4.38 1.43699 2000 -620.778
4.385 1.42604 2000 -616.05
4.39 1.41504 2000 -611.297
4.395 1.40397 2000 -606.515
4.4 1.39284 2000 -601.707
4.405 1.38166 2000 -596.876
4.41 1.37043 2000 -592.025
4.415 1.35916 2000 -587.155
4.42 1.34784 2000 -582.266
4.425 1.33648 2000 -577.361
4.43 1.3251 2000 -572.444
4.435 1.3137 2000 -567.516
4.44 1.30225 2000 -562.572
4.445 1.29075 2000 -557.605
4.45 1.2792 2000 -552.616
4.455 1.26764 2000 -547.619
4.46 1.25607 2000 -542.622
4.465 1.2445 2000 -537.624
4.47 1.23291 2000 -532.616
4.475 1.22129 2000 -527.598
4.48 1.20966 2000 -522.572
4.485 1.19801 2000 -517.54
4.49 1.18635 2000 -512.503
4.495 1.17468 2000 -507.46
4.5 1.16297 2000 -502.404
4.505 1.15123 2000 -497.33
4.51 1.13943 2000 -492.234
4.515 1.1276 2000 -487.121
4.52 1.11573 2000 -481.997
4.525 1.10385 2000 -476.865
4.53 1.09196 2000 -471.726
4.535 1.08004 2000 -466.578
4.54 1.06812 2000 -461.428
4.545 1.05622 2000 -456.286
4.55 1.04433 2000 -451.149
4.555 1.03242 2000 -446.004
4.56 1.02047 2000 -440.842
4.565 1.00849 2000 -435.669
4.57 0.996514 2000 -430.494
4.575 0.984538 2000 -425.321
4.58 0.972545 2000 -420.139
4.585 0.960513 2000 -414.941
4.59 0.948442 2000 -409.727
4.595 0.936347 2000 -404.502
4.6 0.924236 2000 -399.27
4.605 0.912127 2000 -394.039
4.61 0.900047 2000 -388.82
4.615 0.888002 2000 -383.617
4.62 0.875974 2000 -378.421
4.625 0.863936 2000 -373.22
4.63 0.851871 2000 -368.008
4.635 0.839783 2000 -362.786
4.64 0.827691 2000 -357.562
4.645 0.815591 2000 -352.335
4.65 0.803455 2000 -347.093
4.655 0.791271 2000 -341.829
4.66 0.779055 2000 -336.552
4.665 0.766833 2000 -331.272
4.67 0.754603 2000 -325.988
4.675 0.742346 2000 -320.693
4.68 0.730061 2000 -315.386
4.685 0.717777 2000 -310.08
4.69 0.705513 2000 -304.782
4.695 0.693269 2000 -299.492
4.7 0.681037 2000 -294.208
4.705 0.668807 2000 -288.925
4.71 0.656569 2000 -283.638
4.715 0.644323 2000 -278.347
4.72 0.632082 2000 -273.06
4.725 0.619882 2000 -267.789
4.73 0.60776 2000 -262.552
4.735 0.595714 2000 -257.349
4.74 0.583711 2000 -252.163
4.745 0.571736 2000 -246.99
4.75 0.559798 2000 -241.833
4.755 0.547897 2000 -236.691
4.76 0.536029 2000 -231.565
4.765 0.524201 2000 -226.455
4.77 0.512414 2000 -221.363
4.775 0.500644 2000 -216.278
4.78 0.48887 2000 -211.192
4.785 0.477108 2000 -206.111
4.79 0.465378 2000 -201.043
4.795 0.453676 2000 -195.988
4.8 0.44199 2000 -190.94
4.805 0.430332 2000 -185.903
4.81 0.418721 2000 -180.887
4.815 0.407152 2000 -175.89
4.82 0.395602 2000 -170.9
4.825 0.38407 2000 -165.918
4.83 0.372573 2000 -160.951
4.835 0.361115 2000 -156.002
4.84 0.349694 2000 -151.068
4.845 0.338305 2000 -146.148
4.85 0.326941 2000 -141.238
4.855 0.315603 2000 -136.34
4.86 0.3043 2000 -131.458
4.865 0.293035 2000 -126.591
4.87 0.281806 2000 -121.74
4.875 0.27062 2000 -116.908
4.88 0.259478 2000 -112.094
4.885 0.248369 2000 -107.295
4.89 0.237289 2000 -102.509
4.895 0.226252 2000 -97.7407
4.9 0.215258 2000 -92.9913
4.905 0.204285 2000 -88.251
4.91 0.193336 2000 -83.521
4.915 0.182449 2000 -78.8179
4.92 0.171648 2000 -74.1521
4.925 0.160923 2000 -69.5187
4.93 0.150254 2000 -64.9096
4.935 0.139631 2000 -60.3204
4.94 0.129044 2000 -55.7469
4.945 0.118481 2000 -51.1837
4.95 0.107934 2000 -46.6274
4.955 0.0974013 2000 -42.0773
4.96 0.0868872 2000 -37.5353
4.965 0.0764066 2000 -33.0077
4.97 0.0659788 2000 -28.5028
4.975 0.0556131 2000 -24.0249
4.98 0.0453094 2000 -19.5737
4.985 0.0350705 2000 -15.1504
4.99 0.0249041 2000 -10.7586
4.995 0.0148053 2000 -6.39589
5 0.0047452 2000 -2.04993
5.005 -0.00530332 2000 2.29104
5.01 -0.0153402 2000 6.62697
5.015 -0.0253403 2000 10.947
5.02 -0.0352736 2000 15.2382
5.025 -0.0451364 2000 19.4989
5.03 -0.0549517 2000 23.7391
5.035 -0.0647358 2000 27.9659
5.04 -0.0744863 2000 32.1781
5.045 -0.0841909 2000 36.3705
5.05 -0.0938416 2000 40.5396
5.055 -0.103447 2000 44.6891
5.06 -0.113021 2000 48.8252
5.065 -0.122567 2000 52.9491
5.07 -0.132073 2000 57.0554
5.075 -0.141516 2000 61.135
5.08 -0.150889 2000 65.184
5.085 -0.160199 2000 69.2061
5.09 -0.16945 2000 73.2024
5.095 -0.178626 2000 77.1662
5.1 -0.187721 2000 81.0953
5.105 -0.19675 2000 84.9961
5.11 -0.205724 2000 88.8727
5.115 -0.214637 2000 92.7232
5.12 -0.223496 2000 96.5501
5.125 -0.232311 2000 100.358
5.13 -0.241067 2000 104.141
5.135 -0.249728 2000 107.883
5.14 -0.258281 2000 111.578
5.145 -0.266745 2000 115.234
5.15 -0.275143 2000 118.862
5.155 -0.28348 2000 122.463
5.16 -0.291752 2000 126.037
5.165 -0.299957 2000 129.581
5.17 -0.308089 2000 133.094
5.175 -0.31615 2000 136.577
5.18 -0.32415 2000 140.033
5.185 -0.332088 2000 143.462
5.19 -0.339953 2000 146.86
5.195 -0.347738 2000 150.223
5.2 -0.355443 2000 153.552
5.205 -0.363072 2000 156.847
5.21 -0.37063 2000 160.112
5.215 -0.378121 2000 163.348
5.22 -0.38553 2000 166.549
5.225 -0.392849 2000 169.711
5.23 -0.400104 2000 172.845
5.235 -0.407319 2000 175.962
5.24 -0.414498 2000 179.063
5.245 -0.421648 2000 182.152
5.25 -0.428762 2000 185.225
5.255 -0.435805 2000 188.268
5.26 -0.442741 2000 191.264
5.265 -0.449567 2000 194.213
5.27 -0.456297 2000 197.12
5.275 -0.462937 2000 199.989
5.28 -0.469483 2000 202.817
5.285 -0.475924 2000 205.599
5.29 -0.48226 2000 208.336
5.295 -0.48851 2000 211.036
5.3 -0.494697 2000 213.709
5.305 -0.500815 2000 216.352
5.31 -0.506844 2000 218.956
5.315 -0.512766 2000 221.515
5.32 -0.518582 2000 224.027
5.325 -0.5243 2000 226.498
5.33 -0.529941 2000 228.935
5.335 -0.535509 2000 231.34
5.34 -0.540992 2000 233.709
5.345 -0.546385 2000 236.038
5.35 -0.551691 2000 238.33
5.355 -0.556915 2000 240.587
5.36 -0.562063 2000 242.811
5.365 -0.56714 2000 245.004
5.37 -0.572147 2000 247.167
5.375 -0.577077 2000 249.297
5.38 -0.581915 2000 251.387
5.385 -0.586646 2000 253.431
5.39 -0.591264 2000 255.426
5.395 -0.595784 2000 257.379
5.4 -0.600231 2000 259.3
5.405 -0.604613 2000 261.193
5.41 -0.60892 2000 263.054
5.415 -0.613139 2000 264.876
5.42 -0.617249 2000 266.651
5.425 -0.621233 2000 268.373
5.43 -0.625102 2000 270.044
5.435 -0.628876 2000 271.675
5.44 -0.632566 2000 273.268
5.445 -0.636162 2000 274.822
5.45 -0.639641 2000 276.325
5.455 -0.642985 2000 277.77
5.46 -0.646201 2000 279.159
5.465 -0.649309 2000 280.501
5.47 -0.652321 2000 281.803
5.475 -0.655232 2000 283.06
5.48 -0.658032 2000 284.27
5.485 -0.660729 2000 285.435
5.49 -0.663337 2000 286.561
5.495 -0.665868 2000 287.655
5.5 -0.668335 2000 288.721
5.505 -0.67074 2000 289.76
5.51 -0.673075 2000 290.768
5.515 -0.675334 2000 291.744
5.52 -0.677515 2000 292.686
5.525 -0.679611 2000 293.592
5.53 -0.681617 2000 294.459
5.535 -0.683534 2000 295.287
5.54 -0.68535 2000 296.071
5.545 -0.687045 2000 296.803
5.55 -0.688619 2000 297.483
5.555 -0.690094 2000 298.121
5.56 -0.691488 2000 298.723
5.565 -0.692795 2000 299.287
5.57 -0.693999 2000 299.808
5.575 -0.69511 2000 300.288
5.58 -0.696154 2000 300.738
5.585 -0.697144 2000 301.166
5.59 -0.698078 2000 301.57
5.595 -0.698939 2000 301.942
5.6 -0.699708 2000 302.274
5.605 -0.700382 2000 302.565
5.61 -0.70097 2000 302.819
5.615 -0.701477 2000 303.038
5.62 -0.701891 2000 303.217
5.625 -0.702207 2000 303.354
5.63 -0.702436 2000 303.452
5.635 -0.702583 2000 303.516
5.64 -0.702656 2000 303.547
5.645 -0.702653 2000 303.546
5.65 -0.70255 2000 303.502
5.655 -0.702316 2000 303.4
5.66 -0.701947 2000 303.241
5.665 -0.701471 2000 303.036
5.67 -0.700912 2000 302.794
5.675 -0.700276 2000 302.519
5.68 -0.699559 2000 302.209
5.685 -0.698757 2000 301.863
5.69 -0.69787 2000 301.48
5.695 -0.696906 2000 301.063
5.7 -0.695872 2000 300.617
5.705 -0.694767 2000 300.139
5.71 -0.693584 2000 299.628
5.715 -0.692316 2000 299.081
5.72 -0.69094 2000 298.486
5.725 -0.689419 2000 297.829
5.73 -0.68774 2000 297.104
5.735 -0.685927 2000 296.321
5.74 -0.684019 2000 295.496
5.745 -0.682029 2000 294.636
5.75 -0.67995 2000 293.738
5.755 -0.677781 2000 292.802
5.76 -0.67553 2000 291.829
5.765 -0.673202 2000 290.823
5.77 -0.670795 2000 289.784
5.775 -0.66831 2000 288.71
5.78 -0.665738 2000 287.599
5.785 -0.663067 2000 286.445
5.79 -0.660292 2000 285.246
5.795 -0.657428 2000 284.009
5.8 -0.654483 2000 282.737
5.805 -0.651456 2000 281.429
5.81 -0.64836 2000 280.091
5.815 -0.645221 2000 278.735
5.82 -0.642045 2000 277.364
5.825 -0.638811 2000 275.966
5.83 -0.635494 2000 274.533
5.835 -0.632094 2000 273.064
5.84 -0.628621 2000 271.564
5.845 -0.625079 2000 270.034
5.85 -0.621457 2000 268.469
5.855 -0.617743 2000 266.865
5.86 -0.613939 2000 265.222
5.865 -0.61006 2000 263.546
5.87 -0.606116 2000 261.842
5.875 -0.602104 2000 260.109
5.88 -0.598015 2000 258.343
5.885 -0.593854 2000 256.545
5.89 -0.589634 2000 254.722
5.895 -0.585368 2000 252.879
5.9 -0.581058 2000 251.017
5.905 -0.576693 2000 249.131
5.91 -0.572267 2000 247.22
5.915 -0.567803 2000 245.291
5.92 -0.56332 2000 243.354
5.925 -0.558809 2000 241.406
5.93 -0.554244 2000 239.433
5.935 -0.549607 2000 237.43
5.94 -0.544899 2000 235.396
5.945 -0.540123 2000 233.333
5.95 -0.535279 2000 231.24
5.955 -0.530366 2000 229.118
5.96 -0.525385 2000 226.966
5.965 -0.520347 2000 224.79
5.97 -0.51527 2000 222.597
5.975 -0.510161 2000 220.39
5.98 -0.505006 2000 218.163
5.985 -0.499787 2000 215.908
5.99 -0.494491 2000 213.62
5.995 -0.489125 2000 211.302
6 -0.483721 2000 208.968
6.005 -0.478303 2000 206.627
6.01 -0.472857 2000 204.274
6.015 -0.467364 2000 201.901
6.02 -0.461828 2000 199.51
6.025 -0.456252 2000 197.101
6.03 -0.45063 2000 194.672
6.035 -0.44496 2000 192.223
6.04 -0.439241 2000 189.752
6.045 -0.433477 2000 187.262
6.05 -0.427683 2000 184.759
6.055 -0.421887 2000 182.255
6.06 -0.416094 2000 179.753
6.065 -0.41028 2000 177.241
6.07 -0.404421 2000 174.71
6.075 -0.398507 2000 172.155
6.08 -0.392544 2000 169.579
6.085 -0.386549 2000 166.989
6.09 -0.380534 2000 164.391
6.095 -0.374502 2000 161.785
6.1 -0.368455 2000 159.172
6.105 -0.362397 2000 156.555
6.11 -0.356322 2000 153.931
6.115 -0.350233 2000 151.301
6.12 -0.344155 2000 148.675
6.125 -0.338105 2000 146.061
6.13 -0.332065 2000 143.452
6.135 -0.325997 2000 140.831
6.14 -0.319879 2000 138.188
6.145 -0.313722 2000 135.528
6.15 -0.307542 2000 132.858
6.155 -0.301343 2000 130.18
6.16 -0.295127 2000 127.495
6.165 -0.288889 2000 124.8
6.17 -0.282605 2000 122.086
6.175 -0.276262 2000 119.345
6.18 -0.269875 2000 116.586
6.185 -0.263463 2000 113.816
6.19 -0.257024 2000 111.034
6.195 -0.250554 2000 108.24
6.2 -0.244066 2000 105.437
6.205 -0.23757 2000 102.63
6.21 -0.231058 2000 99.8172
6.215 -0.224526 2000 96.995
6.22 -0.217974 2000 94.1648
6.225 -0.211409 2000 91.3287
6.23 -0.204829 2000 88.4862
6.235 -0.198228 2000 85.6346
6.24 -0.191602 2000 82.7722
6.245 -0.184956 2000 79.9012
6.25 -0.178297 2000 77.0244
6.255 -0.17163 2000 74.1441
6.26 -0.164962 2000 71.2635
6.265 -0.158295 2000 68.3835
6.27 -0.151621 2000 65.5001
6.275 -0.144935 2000 62.6119
6.28 -0.138255 2000 59.7264
6.285 -0.131597 2000 56.8501
6.29 -0.124956 2000 53.9809
6.295 -0.118311 2000 51.1103
6.3 -0.111649 2000 48.2322
6.305 -0.104967 2000 45.3458
6.31 -0.0982711 2000 42.4531
6.315 -0.0915666 2000 39.5568
6.32 -0.0848535 2000 36.6567
6.325 -0.0781201 2000 33.7479
6.33 -0.0713518 2000 30.824
6.335 -0.064543 2000 27.8826
6.34 -0.0577064 2000 24.9292
6.345 -0.0508686 2000 21.9752
6.35 -0.044051 2000 19.03
6.355 -0.0372458 2000 16.0902
6.36 -0.0304274 2000 13.1446
6.365 -0.0236059 2000 10.1977
6.37 -0.0168386 2000 7.27429
6.375 -0.0101692 2000 4.39309
6.38 -0.00358032 2000 1.5467
6.385 0.00298226 2000 -1.28834
6.39 0.00955799 2000 -4.12905
6.395 0.0161513 2000 -6.97735
6.4 0.0227463 2000 -9.82639
6.405 0.0293316 2000 -12.6712
6.41 0.0359085 2000 -15.5125
6.415 0.0424785 2000 -18.3507
6.42 0.0490368 2000 -21.1839
6.425 0.0555774 2000 -24.0094
6.43 0.0620938 2000 -26.8245
6.435 0.0685841 2000 -29.6284
6.44 0.0750471 2000 -32.4204
6.445 0.0814666 2000 -35.1936
6.45 0.087824 2000 -37.94
6.455 0.0941251 2000 -40.6621
6.46 0.100388 2000 -43.3676
6.465 0.106619 2000 -46.0593
6.47 0.112814 2000 -48.7355
6.475 0.118971 2000 -51.3956
6.48 0.125099 2000 -54.0427
6.485 0.13121 2000 -56.6828
6.49 0.137313 2000 -59.3193
6.495 0.143396 2000 -61.9471
6.5 0.14943 2000 -64.5537
6.505 0.1554 2000 -67.1326
6.51 0.161321 2000 -69.6906
6.515 0.16721 2000 -72.2348
6.52 0.173058 2000 -74.7608
6.525 0.178852 2000 -77.264
6.53 0.184608 2000 -79.7505
6.535 0.190352 2000 -82.2319
6.54 0.196097 2000 -84.7138
6.545 0.201838 2000 -87.194
6.55 0.20756 2000 -89.6657
6.555 0.213251 2000 -92.1244
6.56 0.218915 2000 -94.5713
6.565 0.224559 2000 -97.0094
6.57 0.230182 2000 -99.4388
6.575 0.235785 2000 -101.859
6.58 0.241374 2000 -104.273
6.585 0.246961 2000 -106.687
6.59 0.252547 2000 -109.1
6.595 0.258115 2000 -111.505
6.6 0.263643 2000 -113.894
6.605 0.269134 2000 -116.266
6.61 0.274591 2000 -118.623
6.615 0.279997 2000 -120.959
6.62 0.28533 2000 -123.263
6.625 0.290604 2000 -125.541
6.63 0.295847 2000 -127.806
6.635 0.301062 2000 -130.059
6.64 0.306243 2000 -132.297
6.645 0.311397 2000 -134.523
6.65 0.316536 2000 -136.744
6.655 0.32166 2000 -138.957
6.66 0.326757 2000 -141.159
6.665 0.331813 2000 -143.343
6.67 0.336799 2000 -145.497
6.675 0.341681 2000 -147.606
6.68 0.346462 2000 -149.672
6.685 0.35118 2000 -151.71
6.69 0.355867 2000 -153.734
6.695 0.360528 2000 -155.748
6.7 0.365154 2000 -157.746
6.705 0.369744 2000 -159.73
6.71 0.374305 2000 -161.7
6.715 0.378833 2000 -163.656
6.72 0.383319 2000 -165.594
6.725 0.387762 2000 -167.513
6.73 0.392163 2000 -169.415
6.735 0.396515 2000 -171.295
6.74 0.400811 2000 -173.15
6.745 0.40507 2000 -174.99
6.75 0.409316 2000 -176.825
6.755 0.413538 2000 -178.648
6.76 0.417708 2000 -180.45
6.765 0.421818 2000 -182.225
6.77 0.425872 2000 -183.977
6.775 0.429885 2000 -185.71
6.78 0.433865 2000 -187.43
6.785 0.437811 2000 -189.134
6.79 0.441716 2000 -190.821
6.795 0.445555 2000 -192.48
6.8 0.449293 2000 -194.095
6.805 0.452922 2000 -195.662
6.81 0.456472 2000 -197.196
6.815 0.459964 2000 -198.704
6.82 0.4634 2000 -200.189
6.825 0.466783 2000 -201.65
6.83 0.470123 2000 -203.093
6.835 0.473422 2000 -204.518
6.84 0.476667 2000 -205.92
6.845 0.479848 2000 -207.294
6.85 0.482967 2000 -208.642
6.855 0.486037 2000 -209.968
6.86 0.489069 2000 -211.278
6.865 0.492059 2000 -212.57
6.87 0.495002 2000 -213.841
6.875 0.49789 2000 -215.088
6.88 0.500711 2000 -216.307
6.885 0.503474 2000 -217.501
6.89 0.506195 2000 -218.676
6.895 0.508875 2000 -219.834
6.9 0.511491 2000 -220.964
6.905 0.514037 2000 -222.064
6.91 0.516525 2000 -223.139
6.915 0.518959 2000 -224.19
6.92 0.521327 2000 -225.213
6.925 0.523636 2000 -226.211
6.93 0.525897 2000 -227.187
6.935 0.528107 2000 -228.142
6.94 0.530243 2000 -229.065
6.945 0.532291 2000 -229.95
6.95 0.534268 2000 -230.804
6.955 0.536203 2000 -231.64
6.96 0.53811 2000 -232.463
6.965 0.539977 2000 -233.27
6.97 0.541789 2000 -234.053
6.975 0.543534 2000 -234.807
6.98 0.545201 2000 -235.527
6.985 0.5468 2000 -236.218
6.99 0.548357 2000 -236.89
6.995 0.549874 2000 -237.546
7 0.551311 2000 -238.166
7.005 0.552625 2000 -238.734
7.01 0.553823 2000 -239.252
7.015 0.554937 2000 -239.733
7.02 0.555982 2000 -240.184
7.025 0.556949 2000 -240.602
7.03 0.557819 2000 -240.978
7.035 0.55858 2000 -241.307
7.04 0.559237 2000 -241.591
7.045 0.559811 2000 -241.838
7.05 0.560317 2000 -242.057
7.055 0.560761 2000 -242.249
7.06 0.561144 2000 -242.414
7.065 0.561453 2000 -242.548
7.07 0.561668 2000 -242.641
7.075 0.561775 2000 -242.687
7.08 0.561778 2000 -242.688
7.085 0.561694 2000 -242.652
7.09 0.561538 2000 -242.585
7.095 0.561319 2000 -242.49
7.1 0.561029 2000 -242.365
7.105 0.560665 2000 -242.207
7.11 0.560233 2000 -242.021
7.115 0.559738 2000 -241.807
7.12 0.559179 2000 -241.565
7.125 0.558547 2000 -241.292
7.13 0.557838 2000 -240.986
7.135 0.557052 2000 -240.647
7.14 0.556184 2000 -240.271
7.145 0.555237 2000 -239.862
7.15 0.554242 2000 -239.432
7.155 0.553226 2000 -238.993
7.16 0.552174 2000 -238.539
7.165 0.551049 2000 -238.053
7.17 0.549845 2000 -237.533
7.175 0.548582 2000 -236.987
7.18 0.547271 2000 -236.421
7.185 0.545901 2000 -235.829
7.19 0.544455 2000 -235.205
7.195 0.542926 2000 -234.544
7.2 0.541324 2000 -233.852
7.205 0.539652 2000 -233.13
7.21 0.537901 2000 -232.373
7.215 0.536074 2000 -231.584
7.22 0.534196 2000 -230.773
7.225 0.532284 2000 -229.947
7.23 0.530321 2000 -229.099
7.235 0.528292 2000 -228.222
7.24 0.526202 2000 -227.319
7.245 0.52406 2000 -226.394
7.25 0.521853 2000 -225.441
7.255 0.519569 2000 -224.454
7.26 0.517217 2000 -223.438
7.265 0.514818 2000 -222.401
7.27 0.512368 2000 -221.343
7.275 0.509846 2000 -220.253
7.28 0.507243 2000 -219.129
7.285 0.50456 2000 -217.97
7.29 0.501804 2000 -216.78
7.295 0.498991 2000 -215.564
7.3 0.496128 2000 -214.327
7.305 0.493212 2000 -213.067
7.31 0.49024 2000 -211.784
7.315 0.487206 2000 -210.473
7.32 0.484096 2000 -209.129
7.325 0.480896 2000 -207.747
7.33 0.477608 2000 -206.327
7.335 0.47425 2000 -204.876
7.34 0.470832 2000 -203.399
7.345 0.467348 2000 -201.895
7.35 0.463787 2000 -200.356
7.355 0.460139 2000 -198.78
7.36 0.45642 2000 -197.174
7.365 0.452652 2000 -195.546
7.37 0.44884 2000 -193.899
7.375 0.44498 2000 -192.232
7.38 0.441067 2000 -190.541
7.385 0.437093 2000 -188.824
7.39 0.433059 2000 -187.081
7.395 0.428968 2000 -185.314
7.4 0.424816 2000 -183.521
7.405 0.420579 2000 -181.69
7.41 0.416241 2000 -179.816
7.415 0.411825 2000 -177.908
7.42 0.407355 2000 -175.977
7.425 0.402828 2000 -174.022
7.43 0.398225 2000 -172.033
7.435 0.393529 2000 -170.005
7.44 0.388732 2000 -167.932
7.445 0.383852 2000 -165.824
7.45 0.378928 2000 -163.697
7.455 0.373985 2000 -161.562
7.46 0.369019 2000 -159.416
7.465 0.363995 2000 -157.246
7.47 0.358889 2000 -155.04
7.475 0.353699 2000 -152.798
7.48 0.348446 2000 -150.529
7.485 0.343145 2000 -148.239
7.49 0.337789 2000 -145.925
7.495 0.332368 2000 -143.583
7.5 0.326885 2000 -141.214
7.505 0.321355 2000 -138.825
7.51 0.31579 2000 -136.421
7.515 0.310184 2000 -134
7.52 0.304513 2000 -131.55
7.525 0.298765 2000 -129.066
7.53 0.29296 2000 -126.559
7.535 0.287116 2000 -124.034
7.54 0.28123 2000 -121.491
7.545 0.275285 2000 -118.923
7.55 0.269266 2000 -116.323
7.555 0.26318 2000 -113.694
7.56 0.257042 2000 -111.042
7.565 0.250858 2000 -108.371
7.57 0.244625 2000 -105.678
7.575 0.238343 2000 -102.964
7.58 0.232008 2000 -100.227
7.585 0.225602 2000 -97.46
7.59 0.219116 2000 -94.6581
7.595 0.212553 2000 -91.8227
7.6 0.205915 2000 -88.9552
7.605 0.199213 2000 -86.0602
7.61 0.192476 2000 -83.1498
7.615 0.18573 2000 -80.2352
7.62 0.178968 2000 -77.3142
7.625 0.172158 2000 -74.3721
7.63 0.165271 2000 -71.3972
7.635 0.158316 2000 -68.3924
7.64 0.151319 2000 -65.3696
7.645 0.144296 2000 -62.3358
7.65 0.137242 2000 -59.2885
7.655 0.130143 2000 -56.2216
7.66 0.122991 2000 -53.132
7.665 0.115788 2000 -50.0206
7.67 0.108541 2000 -46.8897
7.675 0.101258 2000 -43.7433
7.68 0.0939559 2000 -40.589
7.685 0.086653 2000 -37.4341
7.69 0.0793452 2000 -34.2771
7.695 0.0720101 2000 -31.1084
7.7 0.0646343 2000 -27.922
7.705 0.0572323 2000 -24.7244
7.71 0.0498257 2000 -21.5247
